Random testing using config=Config(swarmSwitch=None, verbose=False, reducePool=False, failedLogging=None, exploitBestHint=1, greedyStutter=False, internal=False, exploit=None, seed=None, generalize=False, useHints=False, localize=False, total=False, speed='FAST', probs='locsample.probs', normalize=False, verboseExploit=False, highLowSwarm=None, replayable=False, essentials=False, noCoverageExploit=False, quickTests=False, relax=False, enumerateEnabled=False, uniqueValuesAnalysis=False, swarm=True, noReassign=False, html=None, fastQuickAnalysis=False, progress=False, swarmLength=None, noSwarmDependencies=False, profile=False, LOCBaseline=0.2, noEnumerateEnabled=False, full=True, multiple=True, timedProgress=30, silentFail=True, stopWhenStatements=None, swarmP=0.5, stopWhenBranches=None, noAlphaConvert=False, coverFile='coverage.out', readQuick=False, verboseActions=False, running=False, computeFeatureStats=False, compareFails=False, swarmProbs=None, output='failure.5317.test', genDepth=None, Pcrossover=0.2, quickAnalysis=False, keepLast=False, exploitCeiling=0.1, logging=None, LOCProbs=False, noCheck=False, maxTests=-1, noExceptionMatch=False, Pmutate=0.0, depth=100, showActions=False, throughput=False, noCover=False, timeout=60, stutter=None, uncaught=False, markov=None, startExploit=0)
UNCAUGHT EXCEPTION
ERROR: (<type 'exceptions.AssertionError'>, AssertionError(' (13) == (0) ',), <traceback object at 0x10a6285f0>)
TRACEBACK:
  File "/Users/alex/tstl/examples/pyfakefs/sut.py", line 38007, in safely
    act[2]()
  File "/Users/alex/tstl/examples/pyfakefs/sut.py", line 21991, in act461
    try: assert result == result_REF, " (%s) == (%s) " % (result, result_REF)
Original test has 87 steps

SAVING TEST AS failure.5317.test.0
FINAL VERSION OF TEST, WITH LOGGED REPLAY:
str0 = ""                                                                # STEP 0
str0 += " "                                                              # STEP 1
bytes2 = 0                                                               # STEP 2
component1 = "h"                                                         # STEP 3
path1 = "/Volumes/ramdisk/test"                                          # STEP 4
str0 += " "                                                              # STEP 5
path3 = "/Volumes/ramdisk/test"                                          # STEP 6
str3 = ""                                                                # STEP 7
str0 += " "                                                              # STEP 8
path4 = "/Volumes/ramdisk/test"                                          # STEP 9
bytes0 = 0                                                              # STEP 10
path0 = "/Volumes/ramdisk/test"                                         # STEP 11
str3 += " "                                                             # STEP 12
path2 = "/Volumes/ramdisk/test"                                         # STEP 13
str2 = ""                                                               # STEP 14
str2 += " "                                                             # STEP 15
str1 = ""                                                               # STEP 16
os0 = newFakeOS()                                                       # STEP 17
os0.remove(path2)                                                       # STEP 18
result = os0.path.isdir(path0)                                          # STEP 19
str0 += " "                                                             # STEP 20
result = os0.path.islink(path3)                                         # STEP 21
os0.remove(path1)                                                       # STEP 22
path0 = "/Volumes/ramdisk/test"                                         # STEP 23
component4 = "lambda"                                                   # STEP 24
str3 += " "                                                             # STEP 25
os0.remove(path3)                                                       # STEP 26
os0.remove(path4)                                                       # STEP 27
os0.remove(path2)                                                       # STEP 28
result = os0.path.islink(path3)                                         # STEP 29
result = os0.path.abspath(path1)                                        # STEP 30
path1 += "/" + component1                                               # STEP 31
str0 += " "                                                             # STEP 32
os0.remove(path0)                                                       # STEP 33
opener0 = newFakeOpener(os0)                                            # STEP 34
result = os0.path.isdir(path4)                                          # STEP 35
fd0 = os0.open(path1, os.O_CREAT | os.O_WRONLY | os.O_TRUNC)            # STEP 36
path3 += "/" + component4                                               # STEP 37
path2 = "/Volumes/ramdisk/test"                                         # STEP 38
os0.remove(path0)                                                       # STEP 39
os0.rmdir(path1)                                                        # STEP 40
file0 = opener0(path1,'a')                                              # STEP 41
os0.rmdir(path3)                                                        # STEP 42
os0.rename(path3,path2)                                                 # STEP 43
path2 = "/Volumes/ramdisk/test"                                         # STEP 44
result = os0.read(fd0,bytes0)                                           # STEP 45
file0.write(str2)                                                       # STEP 46
os0.remove(path1)                                                       # STEP 47
result = os0.path.abspath(path1)                                        # STEP 48
file0.write(str3)                                                       # STEP 49
file0.write(str0)                                                       # STEP 50
bytes4 = 0                                                              # STEP 51
os0.rmdir(path1)                                                        # STEP 52
component4 = "phi"                                                      # STEP 53
os0.remove(path1)                                                       # STEP 54
os0.rename(path1,path2)                                                 # STEP 55
bytes3 = 0                                                              # STEP 56
file0.next()                                                            # STEP 57
result = os0.path.abspath(path0)                                        # STEP 58
result = os0.path.islink(path2)                                         # STEP 59
result = file0.readlines()                                              # STEP 60
result = os0.path.isdir(path0)                                          # STEP 61
os0.remove(path0)                                                       # STEP 62
component2 = "a"                                                        # STEP 63
file0.write(str0)                                                       # STEP 64
bytes1 = 0                                                              # STEP 65
file0.next()                                                            # STEP 66
result = file0.readline(bytes1)                                         # STEP 67
os0.remove(path3)                                                       # STEP 68
stat4 = os0.fstat(fd0)                                                  # STEP 69
result = file0.readlines()                                              # STEP 70
str4 = ""                                                               # STEP 71
bytes0 = 0                                                              # STEP 72
os0.rmdir(path3)                                                        # STEP 73
result = os0.path.isdir(path1)                                          # STEP 74
result = os0.path.isdir(path1)                                          # STEP 75
bytes1 = 0                                                              # STEP 76
component0 = "phi"                                                      # STEP 77
os0.remove(path3)                                                       # STEP 78
result = file0.readlines()                                              # STEP 79
component1 = "omega"                                                    # STEP 80
result = os0.path.islink(path3)                                         # STEP 81
os0.remove(path2)                                                       # STEP 82
str2 = ""                                                               # STEP 83
file0.write(str2)                                                       # STEP 84
os0.rename(path3,path1)                                                 # STEP 85
result = stat4.st_size                                                  # STEP 86
ERROR: (<type 'exceptions.AssertionError'>, AssertionError(' (13) == (0) ',), <traceback object at 0x102f711b8>)
TRACEBACK:
  File "/Users/alex/tstl/examples/pyfakefs/sut.py", line 38007, in safely
    act[2]()
  File "/Users/alex/tstl/examples/pyfakefs/sut.py", line 21991, in act461
    try: assert result == result_REF, " (%s) == (%s) " % (result, result_REF)
FAILURE IS NEW, STORING; NOW 1 DISTINCT FAILURES
UNCAUGHT EXCEPTION
ERROR: (<type 'exceptions.OSError'>, OSError(9, 'File is not open for writing.'), <traceback object at 0x10a2515a8>)
TRACEBACK:
  File "/Users/alex/tstl/examples/pyfakefs/sut.py", line 38007, in safely
    act[2]()
  File "/Users/alex/tstl/examples/pyfakefs/sut.py", line 29099, in act577
    self.p_file[0].truncate()
  File "/Users/alex/tstl/examples/pyfakefs/pyfakefs/fake_filesystem.py", line 4294, in write_error
    self._raise('File is not open for writing.')
  File "/Users/alex/tstl/examples/pyfakefs/pyfakefs/fake_filesystem.py", line 4112, in _raise
    raise OSError(errno.EBADF, message)
Original test has 62 steps

SAVING TEST AS failure.5317.test.1
FINAL VERSION OF TEST, WITH LOGGED REPLAY:
os0 = newFakeOS()                                                        # STEP 0
component4 = "gamma"                                                     # STEP 1
component1 = "gamma"                                                     # STEP 2
str2 = ""                                                                # STEP 3
opener0 = newFakeOpener(os0)                                             # STEP 4
str2 += " "                                                              # STEP 5
str2 += " "                                                              # STEP 6
str2 += " "                                                              # STEP 7
path2 = "/Volumes/ramdisk/test"                                          # STEP 8
component0 = "e"                                                         # STEP 9
result = os0.path.isdir(path2)                                          # STEP 10
result = os0.path.exists(path2)                                         # STEP 11
result = os0.path.exists(path2)                                         # STEP 12
os0.makedirs(path2)                                                     # STEP 13
result = os0.path.abspath(path2)                                        # STEP 14
bytes3 = 0                                                              # STEP 15
component2 = "a"                                                        # STEP 16
file0 = opener0(path2,'r')                                              # STEP 17
result = os0.path.isabs(path2)                                          # STEP 18
result = os0.path.islink(path2)                                         # STEP 19
result = os0.path.isabs(path2)                                          # STEP 20
path1 = "/Volumes/ramdisk/test"                                         # STEP 21
result = os0.readlink(path2)                                            # STEP 22
file0 = opener0(path2)                                                  # STEP 23
path2 += "/" + component2                                               # STEP 24
stat2 = os0.lstat(path2)                                                # STEP 25
str2 += " "                                                             # STEP 26
fd0 = os0.open(path2, os.O_CREAT | os.O_EXCL)                           # STEP 27
os0.close(fd0)                                                          # STEP 28
result = os0.readlink(path2)                                            # STEP 29
file0 = opener0(path1)                                                  # STEP 30
os0.path.getsize(path2)                                                 # STEP 31
file0 = opener0(path2,'r')                                              # STEP 32
file0.seek(bytes3)                                                      # STEP 33
result = os0.path.abspath(path2)                                        # STEP 34
result = os0.path.lexists(path1)                                        # STEP 35
stat0 = os0.lstat(path2)                                                # STEP 36
file0.next()                                                            # STEP 37
fd0 = os0.open(path2, os.O_CREAT | os.O_EXCL)                           # STEP 38
result = os0.read(fd0,bytes3)                                           # STEP 39
os0.makedirs(path2)                                                     # STEP 40
result = os0.path.lexists(path1)                                        # STEP 41
os0.makedirs(path1)                                                     # STEP 42
file0.seek(bytes3)                                                      # STEP 43
result = os0.path.isdir(path2)                                          # STEP 44
file0.seek(bytes3)                                                      # STEP 45
result = os0.path.isabs(path1)                                          # STEP 46
os0.makedirs(path2)                                                     # STEP 47
result = os0.path.isdir(path1)                                          # STEP 48
result = os0.path.exists(path1)                                         # STEP 49
result = file0.readline()                                               # STEP 50
file0.next()                                                            # STEP 51
result = file0.readline(bytes3)                                         # STEP 52
result = os0.read(fd0,bytes3)                                           # STEP 53
component2 = "alpha"                                                    # STEP 54
os0.makedirs(path2)                                                     # STEP 55
stat1 = os0.fstat(fd0)                                                  # STEP 56
os0.write(fd0,str2)                                                     # STEP 57
result = os0.read(fd0,bytes3)                                           # STEP 58
str2 += " "                                                             # STEP 59
os0.path.getsize(path2)                                                 # STEP 60
file0.truncate()                                                        # STEP 61
ERROR: (<type 'exceptions.OSError'>, OSError(9, 'File is not open for writing.'), <traceback object at 0x1072b9128>)
TRACEBACK:
  File "/Users/alex/tstl/examples/pyfakefs/sut.py", line 38007, in safely
    act[2]()
  File "/Users/alex/tstl/examples/pyfakefs/sut.py", line 29099, in act577
    self.p_file[0].truncate()
  File "/Users/alex/tstl/examples/pyfakefs/pyfakefs/fake_filesystem.py", line 4294, in write_error
    self._raise('File is not open for writing.')
  File "/Users/alex/tstl/examples/pyfakefs/pyfakefs/fake_filesystem.py", line 4112, in _raise
    raise OSError(errno.EBADF, message)
FAILURE IS NEW, STORING; NOW 2 DISTINCT FAILURES
UNCAUGHT EXCEPTION
ERROR: (<type 'exceptions.OSError'>, OSError(9, 'File is not open for writing.'), <traceback object at 0x106de8dd0>)
TRACEBACK:
  File "/Users/alex/tstl/examples/pyfakefs/sut.py", line 38007, in safely
    act[2]()
  File "/Users/alex/tstl/examples/pyfakefs/sut.py", line 29099, in act577
    self.p_file[0].truncate()
  File "/Users/alex/tstl/examples/pyfakefs/pyfakefs/fake_filesystem.py", line 4294, in write_error
    self._raise('File is not open for writing.')
  File "/Users/alex/tstl/examples/pyfakefs/pyfakefs/fake_filesystem.py", line 4112, in _raise
    raise OSError(errno.EBADF, message)
Original test has 35 steps

SAVING TEST AS failure.5317.test.2
FINAL VERSION OF TEST, WITH LOGGED REPLAY:
path4 = "/Volumes/ramdisk/test"                                          # STEP 0
os0 = newFakeOS()                                                        # STEP 1
os0.symlink(path4,path4)                                                 # STEP 2
path1 = "/Volumes/ramdisk/test"                                          # STEP 3
component3 = "a"                                                         # STEP 4
os0.symlink(path1,path4)                                                 # STEP 5
result = os0.readlink(path4)                                             # STEP 6
result = os0.readlink(path4)                                             # STEP 7
str3 = ""                                                                # STEP 8
path1 += "/" + component3                                                # STEP 9
result = os0.path.isabs(path1)                                          # STEP 10
fd0 = os0.open(path1, os.O_CREAT | os.O_WRONLY)                         # STEP 11
result = os0.path.exists(path1)                                         # STEP 12
os0.link(path1,path1)                                                   # STEP 13
result = os0.path.isabs(path1)                                          # STEP 14
stat1 = os0.lstat(path1)                                                # STEP 15
path4 += "/" + component3                                               # STEP 16
path4 += "/" + component3                                               # STEP 17
result = os0.path.exists(path1)                                         # STEP 18
component4 = "beta"                                                     # STEP 19
opener0 = newFakeOpener(os0)                                            # STEP 20
bytes3 = 0                                                              # STEP 21
file0 = opener0(path4)                                                  # STEP 22
path3 = "/Volumes/ramdisk/test"                                         # STEP 23
stat2 = os0.lstat(path4)                                                # STEP 24
os0.close(fd0)                                                          # STEP 25
fd0 = os0.open(path4, os.O_CREAT)                                       # STEP 26
os0.write(fd0,str3)                                                     # STEP 27
file0 = opener0(path1)                                                  # STEP 28
file0.next()                                                            # STEP 29
os0.write(fd0,str3)                                                     # STEP 30
result = file0.read(bytes3)                                             # STEP 31
os0.symlink(path4,path3)                                                # STEP 32
os0.symlink(path3,path4)                                                # STEP 33
file0.truncate()                                                        # STEP 34
ERROR: (<type 'exceptions.OSError'>, OSError(9, 'File is not open for writing.'), <traceback object at 0x10a96fc20>)
TRACEBACK:
  File "/Users/alex/tstl/examples/pyfakefs/sut.py", line 38007, in safely
    act[2]()
  File "/Users/alex/tstl/examples/pyfakefs/sut.py", line 29099, in act577
    self.p_file[0].truncate()
  File "/Users/alex/tstl/examples/pyfakefs/pyfakefs/fake_filesystem.py", line 4294, in write_error
    self._raise('File is not open for writing.')
  File "/Users/alex/tstl/examples/pyfakefs/pyfakefs/fake_filesystem.py", line 4112, in _raise
    raise OSError(errno.EBADF, message)
FAILURE IS NEW, STORING; NOW 3 DISTINCT FAILURES
UNCAUGHT EXCEPTION
ERROR: (<type 'exceptions.AssertionError'>, AssertionError(' (1) == (0) ',), <traceback object at 0x107a8e290>)
TRACEBACK:
  File "/Users/alex/tstl/examples/pyfakefs/sut.py", line 38007, in safely
    act[2]()
  File "/Users/alex/tstl/examples/pyfakefs/sut.py", line 21771, in act457
    try: assert result == result_REF, " (%s) == (%s) " % (result, result_REF)
Original test has 75 steps

SAVING TEST AS failure.5317.test.3
FINAL VERSION OF TEST, WITH LOGGED REPLAY:
bytes1 = 0                                                               # STEP 0
bytes3 = 0                                                               # STEP 1
path3 = "/Volumes/ramdisk/test"                                          # STEP 2
os0 = newFakeOS()                                                        # STEP 3
result = sorted(os0.listdir(path3))                                      # STEP 4
bytes1 += 1                                                              # STEP 5
os0.mkdir(path3)                                                         # STEP 6
str1 = ""                                                                # STEP 7
os0.remove(path3)                                                        # STEP 8
component1 = "beta"                                                      # STEP 9
component2 = "delta"                                                    # STEP 10
path3 += "/" + component2                                               # STEP 11
bytes2 = 0                                                              # STEP 12
result = os0.path.lexists(path3)                                        # STEP 13
fd0 = os0.open(path3, os.O_CREAT | os.O_WRONLY | os.O_TRUNC)            # STEP 14
result = sorted(os0.listdir(path3))                                     # STEP 15
str1 += 'k'                                                             # STEP 16
os0.mkdir(path3)                                                        # STEP 17
bytes4 = 0                                                              # STEP 18
os0.remove(path3)                                                       # STEP 19
opener0 = newFakeOpener(os0)                                            # STEP 20
path3 += "/" + component2                                               # STEP 21
path3 = "/Volumes/ramdisk/test"                                         # STEP 22
bytes3 += 1                                                             # STEP 23
os0.close(fd0)                                                          # STEP 24
result = sorted(os0.listdir(path3))                                     # STEP 25
file0 = opener0(path3,'a')                                              # STEP 26
path3 += "/" + component1                                               # STEP 27
fd0 = os0.open(path3, os.O_CREAT | os.O_EXCL)                           # STEP 28
bytes3 += 1                                                             # STEP 29
file0 = opener0(path3,'a')                                              # STEP 30
stat2 = os0.stat(path3)                                                 # STEP 31
result = file0.readlines()                                              # STEP 32
file0.write(str1)                                                       # STEP 33
stat0 = os0.stat(path3)                                                 # STEP 34
os0.rmdir(path3)                                                        # STEP 35
os0.remove(path3)                                                       # STEP 36
str1 += 'l'                                                             # STEP 37
os0.remove(path3)                                                       # STEP 38
os0.remove(path3)                                                       # STEP 39
result = file0.readline(bytes3)                                         # STEP 40
file0.next()                                                            # STEP 41
path2 = "/Volumes/ramdisk/test"                                         # STEP 42
result = stat2.st_size                                                  # STEP 43
path4 = "/Volumes/ramdisk/test"                                         # STEP 44
path1 = "/Volumes/ramdisk/test"                                         # STEP 45
result = sorted(os0.listdir(path4))                                     # STEP 46
os0.remove(path2)                                                       # STEP 47
result = sorted(os0.listdir(path1))                                     # STEP 48
os0.remove(path3)                                                       # STEP 49
path1 = "/Volumes/ramdisk/test"                                         # STEP 50
result = os0.path.lexists(path3)                                        # STEP 51
str1 += 't'                                                             # STEP 52
os0.rmdir(path3)                                                        # STEP 53
os0.mkdir(path2)                                                        # STEP 54
file0.write(str1)                                                       # STEP 55
str4 = ""                                                               # STEP 56
os0.close(fd0)                                                          # STEP 57
result = os0.path.lexists(path4)                                        # STEP 58
file0.next()                                                            # STEP 59
os0.mkdir(path1)                                                        # STEP 60
os0.rmdir(path3)                                                        # STEP 61
result = file0.read(bytes2)                                             # STEP 62
result = file0.readline(bytes1)                                         # STEP 63
stat3 = os0.stat(path3)                                                 # STEP 64
file0.next()                                                            # STEP 65
result = file0.read(bytes2)                                             # STEP 66
bytes3 += 1                                                             # STEP 67
fd0 = os0.open(path3, os.O_CREAT | os.O_WRONLY | os.O_TRUNC)            # STEP 68
bytes3 = 0                                                              # STEP 69
path3 = "/Volumes/ramdisk/test"                                         # STEP 70
file0.flush()                                                           # STEP 71
str2 = ""                                                               # STEP 72
file0.write(str2)                                                       # STEP 73
result = stat0.st_size                                                  # STEP 74
ERROR: (<type 'exceptions.AssertionError'>, AssertionError(' (1) == (0) ',), <traceback object at 0x1074f07a0>)
TRACEBACK:
  File "/Users/alex/tstl/examples/pyfakefs/sut.py", line 38007, in safely
    act[2]()
  File "/Users/alex/tstl/examples/pyfakefs/sut.py", line 21771, in act457
    try: assert result == result_REF, " (%s) == (%s) " % (result, result_REF)
FAILURE IS NEW, STORING; NOW 4 DISTINCT FAILURES
TEST #179 STEP #95 (0:00:30.001406) Sat Jul 22 05:12:20 2017 [ 902 stmts 1175 branches ] 17754 TOTAL ACTIONS (591.772266507/s)
UNCAUGHT EXCEPTION
ERROR: (<type 'exceptions.AssertionError'>, AssertionError(' (g) == () ',), <traceback object at 0x107f88290>)
TRACEBACK:
  File "/Users/alex/tstl/examples/pyfakefs/sut.py", line 38007, in safely
    act[2]()
  File "/Users/alex/tstl/examples/pyfakefs/sut.py", line 28675, in act569
    try: assert result == result_REF, " (%s) == (%s) " % (result, result_REF)
Original test has 90 steps

SAVING TEST AS failure.5317.test.4
FINAL VERSION OF TEST, WITH LOGGED REPLAY:
str2 = ""                                                                # STEP 0
str1 = ""                                                                # STEP 1
str4 = ""                                                                # STEP 2
bytes4 = 0                                                               # STEP 3
str0 = ""                                                                # STEP 4
component0 = "a"                                                         # STEP 5
path4 = "/Volumes/ramdisk/test"                                          # STEP 6
path4 += "/" + component0                                                # STEP 7
path0 = "/Volumes/ramdisk/test"                                          # STEP 8
path4 = "/Volumes/ramdisk/test"                                          # STEP 9
str4 += 'j'                                                             # STEP 10
str4 += 'm'                                                             # STEP 11
path4 += "/" + component0                                               # STEP 12
bytes0 = 0                                                              # STEP 13
path0 += "/" + component0                                               # STEP 14
str4 = ""                                                               # STEP 15
os0 = newFakeOS()                                                       # STEP 16
str3 = ""                                                               # STEP 17
fd0 = os0.open(path0, os.O_WRONLY | os.O_APPEND)                        # STEP 18
stat0 = os0.lstat(path4)                                                # STEP 19
component1 = "epsilon"                                                  # STEP 20
fd0 = os0.open(path0, os.O_CREAT | os.O_WRONLY | os.O_TRUNC)            # STEP 21
opener0 = newFakeOpener(os0)                                            # STEP 22
os0.makedirs(path0)                                                     # STEP 23
file0 = opener0(path4,'r')                                              # STEP 24
bytes2 = 0                                                              # STEP 25
os0.path.getsize(path4)                                                 # STEP 26
os0.makedirs(path4)                                                     # STEP 27
result = file0.readline()                                               # STEP 28
result = file0.read()                                                   # STEP 29
component0 = "a"                                                        # STEP 30
result = os0.path.islink(path4)                                         # STEP 31
os0.link(path4,path0)                                                   # STEP 32
str3 += 'g'                                                             # STEP 33
result = file0.read()                                                   # STEP 34
result = file0.readlines()                                              # STEP 35
path4 += "/" + component1                                               # STEP 36
os0.makedirs(path4)                                                     # STEP 37
result = os0.path.islink(path4)                                         # STEP 38
os0.write(fd0,str1)                                                     # STEP 39
result = os0.path.islink(path4)                                         # STEP 40
component1 = "a"                                                        # STEP 41
os0.write(fd0,str2)                                                     # STEP 42
bytes1 = 0                                                              # STEP 43
os0.write(fd0,str4)                                                     # STEP 44
os0.makedirs(path4)                                                     # STEP 45
result = os0.path.islink(path0)                                         # STEP 46
result = file0.readline()                                               # STEP 47
os0.path.getsize(path0)                                                 # STEP 48
os0.rmdir(path4)                                                        # STEP 49
os0.rename(path4,path0)                                                 # STEP 50
result = os0.path.islink(path0)                                         # STEP 51
os0.path.getsize(path4)                                                 # STEP 52
str4 += 'f'                                                             # STEP 53
path3 = "/Volumes/ramdisk/test"                                         # STEP 54
result = file0.readline()                                               # STEP 55
str1 = ""                                                               # STEP 56
os0.link(path4,path4)                                                   # STEP 57
os0.rename(path0,path3)                                                 # STEP 58
path0 += "/" + component0                                               # STEP 59
str0 += 'z'                                                             # STEP 60
os0.link(path0,path4)                                                   # STEP 61
result = os0.path.islink(path4)                                         # STEP 62
result = os0.path.abspath(path0)                                        # STEP 63
bytes3 = 0                                                              # STEP 64
str4 += 'r'                                                             # STEP 65
result = file0.readline()                                               # STEP 66
path3 = "/Volumes/ramdisk/test"                                         # STEP 67
stat0 = os0.lstat(path4)                                                # STEP 68
os0.rmdir(path0)                                                        # STEP 69
os0.rename(path4,path3)                                                 # STEP 70
os0.link(path4,path0)                                                   # STEP 71
str4 = ""                                                               # STEP 72
os0.makedirs(path0)                                                     # STEP 73
os0.path.getsize(path0)                                                 # STEP 74
os0.rmdir(path4)                                                        # STEP 75
result = os0.path.abspath(path3)                                        # STEP 76
os0.write(fd0,str2)                                                     # STEP 77
os0.write(fd0,str3)                                                     # STEP 78
os0.rmdir(path4)                                                        # STEP 79
component3 = "beta"                                                     # STEP 80
component2 = "h"                                                        # STEP 81
file0.next()                                                            # STEP 82
str2 = ""                                                               # STEP 83
result = os0.path.exists(path0)                                         # STEP 84
os0.makedirs(path4)                                                     # STEP 85
os0.rename(path4,path0)                                                 # STEP 86
result = os0.readlink(path4)                                            # STEP 87
str3 = ""                                                               # STEP 88
result = file0.readline()                                               # STEP 89
ERROR: (<type 'exceptions.AssertionError'>, AssertionError(' (g) == () ',), <traceback object at 0x1043c7908>)
TRACEBACK:
  File "/Users/alex/tstl/examples/pyfakefs/sut.py", line 38007, in safely
    act[2]()
  File "/Users/alex/tstl/examples/pyfakefs/sut.py", line 28675, in act569
    try: assert result == result_REF, " (%s) == (%s) " % (result, result_REF)
FAILURE IS NEW, STORING; NOW 5 DISTINCT FAILURES
UNCAUGHT EXCEPTION
ERROR: (<type 'exceptions.AssertionError'>, AssertionError(' (bm) == () ',), <traceback object at 0x104c3e098>)
TRACEBACK:
  File "/Users/alex/tstl/examples/pyfakefs/sut.py", line 38007, in safely
    act[2]()
  File "/Users/alex/tstl/examples/pyfakefs/sut.py", line 28675, in act569
    try: assert result == result_REF, " (%s) == (%s) " % (result, result_REF)
Original test has 94 steps

SAVING TEST AS failure.5317.test.5
FINAL VERSION OF TEST, WITH LOGGED REPLAY:
str4 = ""                                                                # STEP 0
os0 = newFakeOS()                                                        # STEP 1
bytes0 = 0                                                               # STEP 2
str2 = ""                                                                # STEP 3
bytes0 += 1                                                              # STEP 4
str3 = ""                                                                # STEP 5
bytes0 += 1                                                              # STEP 6
opener0 = newFakeOpener(os0)                                             # STEP 7
component3 = "lambda"                                                    # STEP 8
str3 += 't'                                                              # STEP 9
bytes0 += 1                                                             # STEP 10
component2 = "gamma"                                                    # STEP 11
str2 += 'b'                                                             # STEP 12
str2 += 'm'                                                             # STEP 13
str1 = ""                                                               # STEP 14
component0 = "lambda"                                                   # STEP 15
str1 += 'a'                                                             # STEP 16
bytes0 += 1                                                             # STEP 17
path3 = "/Volumes/ramdisk/test"                                         # STEP 18
file0 = opener0(path3)                                                  # STEP 19
os0.makedirs(path3)                                                     # STEP 20
path3 += "/" + component3                                               # STEP 21
path3 += "/" + component2                                               # STEP 22
result = os0.path.islink(path3)                                         # STEP 23
path3 += "/" + component3                                               # STEP 24
os0.rmdir(path3)                                                        # STEP 25
stat3 = os0.stat(path3)                                                 # STEP 26
fd0 = os0.open(path3, os.O_CREAT | os.O_WRONLY | os.O_TRUNC | os.O_EXCL)  # STEP 27
result = os0.path.dirname(path3)                                        # STEP 28
result = os0.path.lexists(path3)                                        # STEP 29
result = os0.path.islink(path3)                                         # STEP 30
os0.rmdir(path3)                                                        # STEP 31
path3 += "/" + component2                                               # STEP 32
fd0 = os0.open(path3, os.O_RDWR)                                        # STEP 33
result = os0.path.exists(path3)                                         # STEP 34
result = os0.path.isabs(path3)                                          # STEP 35
fd0 = os0.open(path3, os.O_WRONLY | os.O_APPEND)                        # STEP 36
result = os0.path.exists(path3)                                         # STEP 37
stat3 = os0.stat(path3)                                                 # STEP 38
result = os0.path.isabs(path3)                                          # STEP 39
fd0 = os0.open(path3, os.O_RDONLY)                                      # STEP 40
result = os0.path.isabs(path3)                                          # STEP 41
os0.rmdir(path3)                                                        # STEP 42
fd0 = os0.open(path3, os.O_RDONLY)                                      # STEP 43
component1 = "gamma"                                                    # STEP 44
stat1 = os0.stat(path3)                                                 # STEP 45
bytes0 += 1                                                             # STEP 46
os0.makedirs(path3)                                                     # STEP 47
stat3 = os0.stat(path3)                                                 # STEP 48
os0.makedirs(path3)                                                     # STEP 49
bytes0 += 1                                                             # STEP 50
bytes0 += 1                                                             # STEP 51
os0.makedirs(path3)                                                     # STEP 52
bytes4 = 0                                                              # STEP 53
os0.mkdir(path3)                                                        # STEP 54
component3 = "b"                                                        # STEP 55
path3 += "/" + component2                                               # STEP 56
fd0 = os0.open(path3, os.O_RDWR)                                        # STEP 57
result = os0.path.exists(path3)                                         # STEP 58
bytes3 = 0                                                              # STEP 59
fd0 = os0.open(path3, os.O_CREAT | os.O_WRONLY | os.O_TRUNC | os.O_EXCL)  # STEP 60
result = os0.path.dirname(path3)                                        # STEP 61
result = os0.path.islink(path3)                                         # STEP 62
result = os0.path.dirname(path3)                                        # STEP 63
path0 = "/Volumes/ramdisk/test"                                         # STEP 64
os0.mkdir(path0)                                                        # STEP 65
result = os0.path.exists(path3)                                         # STEP 66
str1 += 's'                                                             # STEP 67
str3 = ""                                                               # STEP 68
os0.write(fd0,str4)                                                     # STEP 69
file0 = opener0(path3)                                                  # STEP 70
os0.mkdir(path3)                                                        # STEP 71
os0.link(path0,path0)                                                   # STEP 72
os0.makedirs(path0)                                                     # STEP 73
result = os0.path.isabs(path0)                                          # STEP 74
result = file0.readlines()                                              # STEP 75
os0.rename(path3,path0)                                                 # STEP 76
os0.rmdir(path3)                                                        # STEP 77
bytes4 += 1                                                             # STEP 78
os0.mkdir(path0)                                                        # STEP 79
bytes0 = 0                                                              # STEP 80
os0.makedirs(path0)                                                     # STEP 81
os0.write(fd0,str2)                                                     # STEP 82
os0.close(fd0)                                                          # STEP 83
component2 = "h"                                                        # STEP 84
result = os0.path.islink(path0)                                         # STEP 85
os0.makedirs(path3)                                                     # STEP 86
result = os0.path.islink(path0)                                         # STEP 87
bytes3 += 1                                                             # STEP 88
os0.write(fd0,str3)                                                     # STEP 89
result = os0.path.dirname(path3)                                        # STEP 90
component4 = "d"                                                        # STEP 91
result = os0.path.exists(path0)                                         # STEP 92
result = file0.readline()                                               # STEP 93
ERROR: (<type 'exceptions.AssertionError'>, AssertionError(' (bm) == () ',), <traceback object at 0x1049f47e8>)
TRACEBACK:
  File "/Users/alex/tstl/examples/pyfakefs/sut.py", line 38007, in safely
    act[2]()
  File "/Users/alex/tstl/examples/pyfakefs/sut.py", line 28675, in act569
    try: assert result == result_REF, " (%s) == (%s) " % (result, result_REF)
FAILURE IS NEW, STORING; NOW 6 DISTINCT FAILURES
STOPPING TEST DUE TO TIMEOUT, TERMINATED AT LENGTH 7
STOPPING TESTING DUE TO TIMEOUT
43.143812709 PERCENT COVERED
60.3260490894 TOTAL RUNTIME
358 EXECUTED
35550 TOTAL TEST OPERATIONS
41.9428477287 TIME SPENT EXECUTING TEST OPERATIONS
15.7727553844 TIME SPENT EVALUATING GUARDS AND CHOOSING ACTIONS
0.0237820148468 TIME SPENT CHECKING PROPERTIES
41.9666297436 TOTAL TIME SPENT RUNNING SUT
1.05865192413 TIME SPENT RESTARTING
0.0 TIME SPENT REDUCING TEST CASES
6 FAILED
0 REPEATS OF FAILURES
6 ACTUAL DISTINCT FAILURES

FAILURE 0
str0 = ""                                                                # STEP 0
str0 += " "                                                              # STEP 1
bytes2 = 0                                                               # STEP 2
component1 = "h"                                                         # STEP 3
path1 = "/Volumes/ramdisk/test"                                          # STEP 4
str0 += " "                                                              # STEP 5
path3 = "/Volumes/ramdisk/test"                                          # STEP 6
str3 = ""                                                                # STEP 7
str0 += " "                                                              # STEP 8
path4 = "/Volumes/ramdisk/test"                                          # STEP 9
bytes0 = 0                                                              # STEP 10
path0 = "/Volumes/ramdisk/test"                                         # STEP 11
str3 += " "                                                             # STEP 12
path2 = "/Volumes/ramdisk/test"                                         # STEP 13
str2 = ""                                                               # STEP 14
str2 += " "                                                             # STEP 15
str1 = ""                                                               # STEP 16
os0 = newFakeOS()                                                       # STEP 17
os0.remove(path2)                                                       # STEP 18
result = os0.path.isdir(path0)                                          # STEP 19
str0 += " "                                                             # STEP 20
result = os0.path.islink(path3)                                         # STEP 21
os0.remove(path1)                                                       # STEP 22
path0 = "/Volumes/ramdisk/test"                                         # STEP 23
component4 = "lambda"                                                   # STEP 24
str3 += " "                                                             # STEP 25
os0.remove(path3)                                                       # STEP 26
os0.remove(path4)                                                       # STEP 27
os0.remove(path2)                                                       # STEP 28
result = os0.path.islink(path3)                                         # STEP 29
result = os0.path.abspath(path1)                                        # STEP 30
path1 += "/" + component1                                               # STEP 31
str0 += " "                                                             # STEP 32
os0.remove(path0)                                                       # STEP 33
opener0 = newFakeOpener(os0)                                            # STEP 34
result = os0.path.isdir(path4)                                          # STEP 35
fd0 = os0.open(path1, os.O_CREAT | os.O_WRONLY | os.O_TRUNC)            # STEP 36
path3 += "/" + component4                                               # STEP 37
path2 = "/Volumes/ramdisk/test"                                         # STEP 38
os0.remove(path0)                                                       # STEP 39
os0.rmdir(path1)                                                        # STEP 40
file0 = opener0(path1,'a')                                              # STEP 41
os0.rmdir(path3)                                                        # STEP 42
os0.rename(path3,path2)                                                 # STEP 43
path2 = "/Volumes/ramdisk/test"                                         # STEP 44
result = os0.read(fd0,bytes0)                                           # STEP 45
file0.write(str2)                                                       # STEP 46
os0.remove(path1)                                                       # STEP 47
result = os0.path.abspath(path1)                                        # STEP 48
file0.write(str3)                                                       # STEP 49
file0.write(str0)                                                       # STEP 50
bytes4 = 0                                                              # STEP 51
os0.rmdir(path1)                                                        # STEP 52
component4 = "phi"                                                      # STEP 53
os0.remove(path1)                                                       # STEP 54
os0.rename(path1,path2)                                                 # STEP 55
bytes3 = 0                                                              # STEP 56
file0.next()                                                            # STEP 57
result = os0.path.abspath(path0)                                        # STEP 58
result = os0.path.islink(path2)                                         # STEP 59
result = file0.readlines()                                              # STEP 60
result = os0.path.isdir(path0)                                          # STEP 61
os0.remove(path0)                                                       # STEP 62
component2 = "a"                                                        # STEP 63
file0.write(str0)                                                       # STEP 64
bytes1 = 0                                                              # STEP 65
file0.next()                                                            # STEP 66
result = file0.readline(bytes1)                                         # STEP 67
os0.remove(path3)                                                       # STEP 68
stat4 = os0.fstat(fd0)                                                  # STEP 69
result = file0.readlines()                                              # STEP 70
str4 = ""                                                               # STEP 71
bytes0 = 0                                                              # STEP 72
os0.rmdir(path3)                                                        # STEP 73
result = os0.path.isdir(path1)                                          # STEP 74
result = os0.path.isdir(path1)                                          # STEP 75
bytes1 = 0                                                              # STEP 76
component0 = "phi"                                                      # STEP 77
os0.remove(path3)                                                       # STEP 78
result = file0.readlines()                                              # STEP 79
component1 = "omega"                                                    # STEP 80
result = os0.path.islink(path3)                                         # STEP 81
os0.remove(path2)                                                       # STEP 82
str2 = ""                                                               # STEP 83
file0.write(str2)                                                       # STEP 84
os0.rename(path3,path1)                                                 # STEP 85
result = stat4.st_size                                                  # STEP 86
ERROR: (<type 'exceptions.AssertionError'>, AssertionError(' (13) == (0) ',), <traceback object at 0x102f711b8>)
TRACEBACK:
  File "/Users/alex/tstl/examples/pyfakefs/sut.py", line 38007, in safely
    act[2]()
  File "/Users/alex/tstl/examples/pyfakefs/sut.py", line 21991, in act461
    try: assert result == result_REF, " (%s) == (%s) " % (result, result_REF)
FAILURE 1
os0 = newFakeOS()                                                        # STEP 0
component4 = "gamma"                                                     # STEP 1
component1 = "gamma"                                                     # STEP 2
str2 = ""                                                                # STEP 3
opener0 = newFakeOpener(os0)                                             # STEP 4
str2 += " "                                                              # STEP 5
str2 += " "                                                              # STEP 6
str2 += " "                                                              # STEP 7
path2 = "/Volumes/ramdisk/test"                                          # STEP 8
component0 = "e"                                                         # STEP 9
result = os0.path.isdir(path2)                                          # STEP 10
result = os0.path.exists(path2)                                         # STEP 11
result = os0.path.exists(path2)                                         # STEP 12
os0.makedirs(path2)                                                     # STEP 13
result = os0.path.abspath(path2)                                        # STEP 14
bytes3 = 0                                                              # STEP 15
component2 = "a"                                                        # STEP 16
file0 = opener0(path2,'r')                                              # STEP 17
result = os0.path.isabs(path2)                                          # STEP 18
result = os0.path.islink(path2)                                         # STEP 19
result = os0.path.isabs(path2)                                          # STEP 20
path1 = "/Volumes/ramdisk/test"                                         # STEP 21
result = os0.readlink(path2)                                            # STEP 22
file0 = opener0(path2)                                                  # STEP 23
path2 += "/" + component2                                               # STEP 24
stat2 = os0.lstat(path2)                                                # STEP 25
str2 += " "                                                             # STEP 26
fd0 = os0.open(path2, os.O_CREAT | os.O_EXCL)                           # STEP 27
os0.close(fd0)                                                          # STEP 28
result = os0.readlink(path2)                                            # STEP 29
file0 = opener0(path1)                                                  # STEP 30
os0.path.getsize(path2)                                                 # STEP 31
file0 = opener0(path2,'r')                                              # STEP 32
file0.seek(bytes3)                                                      # STEP 33
result = os0.path.abspath(path2)                                        # STEP 34
result = os0.path.lexists(path1)                                        # STEP 35
stat0 = os0.lstat(path2)                                                # STEP 36
file0.next()                                                            # STEP 37
fd0 = os0.open(path2, os.O_CREAT | os.O_EXCL)                           # STEP 38
result = os0.read(fd0,bytes3)                                           # STEP 39
os0.makedirs(path2)                                                     # STEP 40
result = os0.path.lexists(path1)                                        # STEP 41
os0.makedirs(path1)                                                     # STEP 42
file0.seek(bytes3)                                                      # STEP 43
result = os0.path.isdir(path2)                                          # STEP 44
file0.seek(bytes3)                                                      # STEP 45
result = os0.path.isabs(path1)                                          # STEP 46
os0.makedirs(path2)                                                     # STEP 47
result = os0.path.isdir(path1)                                          # STEP 48
result = os0.path.exists(path1)                                         # STEP 49
result = file0.readline()                                               # STEP 50
file0.next()                                                            # STEP 51
result = file0.readline(bytes3)                                         # STEP 52
result = os0.read(fd0,bytes3)                                           # STEP 53
component2 = "alpha"                                                    # STEP 54
os0.makedirs(path2)                                                     # STEP 55
stat1 = os0.fstat(fd0)                                                  # STEP 56
os0.write(fd0,str2)                                                     # STEP 57
result = os0.read(fd0,bytes3)                                           # STEP 58
str2 += " "                                                             # STEP 59
os0.path.getsize(path2)                                                 # STEP 60
file0.truncate()                                                        # STEP 61
ERROR: (<type 'exceptions.OSError'>, OSError(9, 'File is not open for writing.'), <traceback object at 0x1072b9128>)
TRACEBACK:
  File "/Users/alex/tstl/examples/pyfakefs/sut.py", line 38007, in safely
    act[2]()
  File "/Users/alex/tstl/examples/pyfakefs/sut.py", line 29099, in act577
    self.p_file[0].truncate()
  File "/Users/alex/tstl/examples/pyfakefs/pyfakefs/fake_filesystem.py", line 4294, in write_error
    self._raise('File is not open for writing.')
  File "/Users/alex/tstl/examples/pyfakefs/pyfakefs/fake_filesystem.py", line 4112, in _raise
    raise OSError(errno.EBADF, message)
FAILURE 2
path4 = "/Volumes/ramdisk/test"                                          # STEP 0
os0 = newFakeOS()                                                        # STEP 1
os0.symlink(path4,path4)                                                 # STEP 2
path1 = "/Volumes/ramdisk/test"                                          # STEP 3
component3 = "a"                                                         # STEP 4
os0.symlink(path1,path4)                                                 # STEP 5
result = os0.readlink(path4)                                             # STEP 6
result = os0.readlink(path4)                                             # STEP 7
str3 = ""                                                                # STEP 8
path1 += "/" + component3                                                # STEP 9
result = os0.path.isabs(path1)                                          # STEP 10
fd0 = os0.open(path1, os.O_CREAT | os.O_WRONLY)                         # STEP 11
result = os0.path.exists(path1)                                         # STEP 12
os0.link(path1,path1)                                                   # STEP 13
result = os0.path.isabs(path1)                                          # STEP 14
stat1 = os0.lstat(path1)                                                # STEP 15
path4 += "/" + component3                                               # STEP 16
path4 += "/" + component3                                               # STEP 17
result = os0.path.exists(path1)                                         # STEP 18
component4 = "beta"                                                     # STEP 19
opener0 = newFakeOpener(os0)                                            # STEP 20
bytes3 = 0                                                              # STEP 21
file0 = opener0(path4)                                                  # STEP 22
path3 = "/Volumes/ramdisk/test"                                         # STEP 23
stat2 = os0.lstat(path4)                                                # STEP 24
os0.close(fd0)                                                          # STEP 25
fd0 = os0.open(path4, os.O_CREAT)                                       # STEP 26
os0.write(fd0,str3)                                                     # STEP 27
file0 = opener0(path1)                                                  # STEP 28
file0.next()                                                            # STEP 29
os0.write(fd0,str3)                                                     # STEP 30
result = file0.read(bytes3)                                             # STEP 31
os0.symlink(path4,path3)                                                # STEP 32
os0.symlink(path3,path4)                                                # STEP 33
file0.truncate()                                                        # STEP 34
ERROR: (<type 'exceptions.OSError'>, OSError(9, 'File is not open for writing.'), <traceback object at 0x10a96fc20>)
TRACEBACK:
  File "/Users/alex/tstl/examples/pyfakefs/sut.py", line 38007, in safely
    act[2]()
  File "/Users/alex/tstl/examples/pyfakefs/sut.py", line 29099, in act577
    self.p_file[0].truncate()
  File "/Users/alex/tstl/examples/pyfakefs/pyfakefs/fake_filesystem.py", line 4294, in write_error
    self._raise('File is not open for writing.')
  File "/Users/alex/tstl/examples/pyfakefs/pyfakefs/fake_filesystem.py", line 4112, in _raise
    raise OSError(errno.EBADF, message)
FAILURE 3
bytes1 = 0                                                               # STEP 0
bytes3 = 0                                                               # STEP 1
path3 = "/Volumes/ramdisk/test"                                          # STEP 2
os0 = newFakeOS()                                                        # STEP 3
result = sorted(os0.listdir(path3))                                      # STEP 4
bytes1 += 1                                                              # STEP 5
os0.mkdir(path3)                                                         # STEP 6
str1 = ""                                                                # STEP 7
os0.remove(path3)                                                        # STEP 8
component1 = "beta"                                                      # STEP 9
component2 = "delta"                                                    # STEP 10
path3 += "/" + component2                                               # STEP 11
bytes2 = 0                                                              # STEP 12
result = os0.path.lexists(path3)                                        # STEP 13
fd0 = os0.open(path3, os.O_CREAT | os.O_WRONLY | os.O_TRUNC)            # STEP 14
result = sorted(os0.listdir(path3))                                     # STEP 15
str1 += 'k'                                                             # STEP 16
os0.mkdir(path3)                                                        # STEP 17
bytes4 = 0                                                              # STEP 18
os0.remove(path3)                                                       # STEP 19
opener0 = newFakeOpener(os0)                                            # STEP 20
path3 += "/" + component2                                               # STEP 21
path3 = "/Volumes/ramdisk/test"                                         # STEP 22
bytes3 += 1                                                             # STEP 23
os0.close(fd0)                                                          # STEP 24
result = sorted(os0.listdir(path3))                                     # STEP 25
file0 = opener0(path3,'a')                                              # STEP 26
path3 += "/" + component1                                               # STEP 27
fd0 = os0.open(path3, os.O_CREAT | os.O_EXCL)                           # STEP 28
bytes3 += 1                                                             # STEP 29
file0 = opener0(path3,'a')                                              # STEP 30
stat2 = os0.stat(path3)                                                 # STEP 31
result = file0.readlines()                                              # STEP 32
file0.write(str1)                                                       # STEP 33
stat0 = os0.stat(path3)                                                 # STEP 34
os0.rmdir(path3)                                                        # STEP 35
os0.remove(path3)                                                       # STEP 36
str1 += 'l'                                                             # STEP 37
os0.remove(path3)                                                       # STEP 38
os0.remove(path3)                                                       # STEP 39
result = file0.readline(bytes3)                                         # STEP 40
file0.next()                                                            # STEP 41
path2 = "/Volumes/ramdisk/test"                                         # STEP 42
result = stat2.st_size                                                  # STEP 43
path4 = "/Volumes/ramdisk/test"                                         # STEP 44
path1 = "/Volumes/ramdisk/test"                                         # STEP 45
result = sorted(os0.listdir(path4))                                     # STEP 46
os0.remove(path2)                                                       # STEP 47
result = sorted(os0.listdir(path1))                                     # STEP 48
os0.remove(path3)                                                       # STEP 49
path1 = "/Volumes/ramdisk/test"                                         # STEP 50
result = os0.path.lexists(path3)                                        # STEP 51
str1 += 't'                                                             # STEP 52
os0.rmdir(path3)                                                        # STEP 53
os0.mkdir(path2)                                                        # STEP 54
file0.write(str1)                                                       # STEP 55
str4 = ""                                                               # STEP 56
os0.close(fd0)                                                          # STEP 57
result = os0.path.lexists(path4)                                        # STEP 58
file0.next()                                                            # STEP 59
os0.mkdir(path1)                                                        # STEP 60
os0.rmdir(path3)                                                        # STEP 61
result = file0.read(bytes2)                                             # STEP 62
result = file0.readline(bytes1)                                         # STEP 63
stat3 = os0.stat(path3)                                                 # STEP 64
file0.next()                                                            # STEP 65
result = file0.read(bytes2)                                             # STEP 66
bytes3 += 1                                                             # STEP 67
fd0 = os0.open(path3, os.O_CREAT | os.O_WRONLY | os.O_TRUNC)            # STEP 68
bytes3 = 0                                                              # STEP 69
path3 = "/Volumes/ramdisk/test"                                         # STEP 70
file0.flush()                                                           # STEP 71
str2 = ""                                                               # STEP 72
file0.write(str2)                                                       # STEP 73
result = stat0.st_size                                                  # STEP 74
ERROR: (<type 'exceptions.AssertionError'>, AssertionError(' (1) == (0) ',), <traceback object at 0x1074f07a0>)
TRACEBACK:
  File "/Users/alex/tstl/examples/pyfakefs/sut.py", line 38007, in safely
    act[2]()
  File "/Users/alex/tstl/examples/pyfakefs/sut.py", line 21771, in act457
    try: assert result == result_REF, " (%s) == (%s) " % (result, result_REF)
FAILURE 4
str2 = ""                                                                # STEP 0
str1 = ""                                                                # STEP 1
str4 = ""                                                                # STEP 2
bytes4 = 0                                                               # STEP 3
str0 = ""                                                                # STEP 4
component0 = "a"                                                         # STEP 5
path4 = "/Volumes/ramdisk/test"                                          # STEP 6
path4 += "/" + component0                                                # STEP 7
path0 = "/Volumes/ramdisk/test"                                          # STEP 8
path4 = "/Volumes/ramdisk/test"                                          # STEP 9
str4 += 'j'                                                             # STEP 10
str4 += 'm'                                                             # STEP 11
path4 += "/" + component0                                               # STEP 12
bytes0 = 0                                                              # STEP 13
path0 += "/" + component0                                               # STEP 14
str4 = ""                                                               # STEP 15
os0 = newFakeOS()                                                       # STEP 16
str3 = ""                                                               # STEP 17
fd0 = os0.open(path0, os.O_WRONLY | os.O_APPEND)                        # STEP 18
stat0 = os0.lstat(path4)                                                # STEP 19
component1 = "epsilon"                                                  # STEP 20
fd0 = os0.open(path0, os.O_CREAT | os.O_WRONLY | os.O_TRUNC)            # STEP 21
opener0 = newFakeOpener(os0)                                            # STEP 22
os0.makedirs(path0)                                                     # STEP 23
file0 = opener0(path4,'r')                                              # STEP 24
bytes2 = 0                                                              # STEP 25
os0.path.getsize(path4)                                                 # STEP 26
os0.makedirs(path4)                                                     # STEP 27
result = file0.readline()                                               # STEP 28
result = file0.read()                                                   # STEP 29
component0 = "a"                                                        # STEP 30
result = os0.path.islink(path4)                                         # STEP 31
os0.link(path4,path0)                                                   # STEP 32
str3 += 'g'                                                             # STEP 33
result = file0.read()                                                   # STEP 34
result = file0.readlines()                                              # STEP 35
path4 += "/" + component1                                               # STEP 36
os0.makedirs(path4)                                                     # STEP 37
result = os0.path.islink(path4)                                         # STEP 38
os0.write(fd0,str1)                                                     # STEP 39
result = os0.path.islink(path4)                                         # STEP 40
component1 = "a"                                                        # STEP 41
os0.write(fd0,str2)                                                     # STEP 42
bytes1 = 0                                                              # STEP 43
os0.write(fd0,str4)                                                     # STEP 44
os0.makedirs(path4)                                                     # STEP 45
result = os0.path.islink(path0)                                         # STEP 46
result = file0.readline()                                               # STEP 47
os0.path.getsize(path0)                                                 # STEP 48
os0.rmdir(path4)                                                        # STEP 49
os0.rename(path4,path0)                                                 # STEP 50
result = os0.path.islink(path0)                                         # STEP 51
os0.path.getsize(path4)                                                 # STEP 52
str4 += 'f'                                                             # STEP 53
path3 = "/Volumes/ramdisk/test"                                         # STEP 54
result = file0.readline()                                               # STEP 55
str1 = ""                                                               # STEP 56
os0.link(path4,path4)                                                   # STEP 57
os0.rename(path0,path3)                                                 # STEP 58
path0 += "/" + component0                                               # STEP 59
str0 += 'z'                                                             # STEP 60
os0.link(path0,path4)                                                   # STEP 61
result = os0.path.islink(path4)                                         # STEP 62
result = os0.path.abspath(path0)                                        # STEP 63
bytes3 = 0                                                              # STEP 64
str4 += 'r'                                                             # STEP 65
result = file0.readline()                                               # STEP 66
path3 = "/Volumes/ramdisk/test"                                         # STEP 67
stat0 = os0.lstat(path4)                                                # STEP 68
os0.rmdir(path0)                                                        # STEP 69
os0.rename(path4,path3)                                                 # STEP 70
os0.link(path4,path0)                                                   # STEP 71
str4 = ""                                                               # STEP 72
os0.makedirs(path0)                                                     # STEP 73
os0.path.getsize(path0)                                                 # STEP 74
os0.rmdir(path4)                                                        # STEP 75
result = os0.path.abspath(path3)                                        # STEP 76
os0.write(fd0,str2)                                                     # STEP 77
os0.write(fd0,str3)                                                     # STEP 78
os0.rmdir(path4)                                                        # STEP 79
component3 = "beta"                                                     # STEP 80
component2 = "h"                                                        # STEP 81
file0.next()                                                            # STEP 82
str2 = ""                                                               # STEP 83
result = os0.path.exists(path0)                                         # STEP 84
os0.makedirs(path4)                                                     # STEP 85
os0.rename(path4,path0)                                                 # STEP 86
result = os0.readlink(path4)                                            # STEP 87
str3 = ""                                                               # STEP 88
result = file0.readline()                                               # STEP 89
ERROR: (<type 'exceptions.AssertionError'>, AssertionError(' (g) == () ',), <traceback object at 0x1043c7908>)
TRACEBACK:
  File "/Users/alex/tstl/examples/pyfakefs/sut.py", line 38007, in safely
    act[2]()
  File "/Users/alex/tstl/examples/pyfakefs/sut.py", line 28675, in act569
    try: assert result == result_REF, " (%s) == (%s) " % (result, result_REF)
FAILURE 5
str4 = ""                                                                # STEP 0
os0 = newFakeOS()                                                        # STEP 1
bytes0 = 0                                                               # STEP 2
str2 = ""                                                                # STEP 3
bytes0 += 1                                                              # STEP 4
str3 = ""                                                                # STEP 5
bytes0 += 1                                                              # STEP 6
opener0 = newFakeOpener(os0)                                             # STEP 7
component3 = "lambda"                                                    # STEP 8
str3 += 't'                                                              # STEP 9
bytes0 += 1                                                             # STEP 10
component2 = "gamma"                                                    # STEP 11
str2 += 'b'                                                             # STEP 12
str2 += 'm'                                                             # STEP 13
str1 = ""                                                               # STEP 14
component0 = "lambda"                                                   # STEP 15
str1 += 'a'                                                             # STEP 16
bytes0 += 1                                                             # STEP 17
path3 = "/Volumes/ramdisk/test"                                         # STEP 18
file0 = opener0(path3)                                                  # STEP 19
os0.makedirs(path3)                                                     # STEP 20
path3 += "/" + component3                                               # STEP 21
path3 += "/" + component2                                               # STEP 22
result = os0.path.islink(path3)                                         # STEP 23
path3 += "/" + component3                                               # STEP 24
os0.rmdir(path3)                                                        # STEP 25
stat3 = os0.stat(path3)                                                 # STEP 26
fd0 = os0.open(path3, os.O_CREAT | os.O_WRONLY | os.O_TRUNC | os.O_EXCL)  # STEP 27
result = os0.path.dirname(path3)                                        # STEP 28
result = os0.path.lexists(path3)                                        # STEP 29
result = os0.path.islink(path3)                                         # STEP 30
os0.rmdir(path3)                                                        # STEP 31
path3 += "/" + component2                                               # STEP 32
fd0 = os0.open(path3, os.O_RDWR)                                        # STEP 33
result = os0.path.exists(path3)                                         # STEP 34
result = os0.path.isabs(path3)                                          # STEP 35
fd0 = os0.open(path3, os.O_WRONLY | os.O_APPEND)                        # STEP 36
result = os0.path.exists(path3)                                         # STEP 37
stat3 = os0.stat(path3)                                                 # STEP 38
result = os0.path.isabs(path3)                                          # STEP 39
fd0 = os0.open(path3, os.O_RDONLY)                                      # STEP 40
result = os0.path.isabs(path3)                                          # STEP 41
os0.rmdir(path3)                                                        # STEP 42
fd0 = os0.open(path3, os.O_RDONLY)                                      # STEP 43
component1 = "gamma"                                                    # STEP 44
stat1 = os0.stat(path3)                                                 # STEP 45
bytes0 += 1                                                             # STEP 46
os0.makedirs(path3)                                                     # STEP 47
stat3 = os0.stat(path3)                                                 # STEP 48
os0.makedirs(path3)                                                     # STEP 49
bytes0 += 1                                                             # STEP 50
bytes0 += 1                                                             # STEP 51
os0.makedirs(path3)                                                     # STEP 52
bytes4 = 0                                                              # STEP 53
os0.mkdir(path3)                                                        # STEP 54
component3 = "b"                                                        # STEP 55
path3 += "/" + component2                                               # STEP 56
fd0 = os0.open(path3, os.O_RDWR)                                        # STEP 57
result = os0.path.exists(path3)                                         # STEP 58
bytes3 = 0                                                              # STEP 59
fd0 = os0.open(path3, os.O_CREAT | os.O_WRONLY | os.O_TRUNC | os.O_EXCL)  # STEP 60
result = os0.path.dirname(path3)                                        # STEP 61
result = os0.path.islink(path3)                                         # STEP 62
result = os0.path.dirname(path3)                                        # STEP 63
path0 = "/Volumes/ramdisk/test"                                         # STEP 64
os0.mkdir(path0)                                                        # STEP 65
result = os0.path.exists(path3)                                         # STEP 66
str1 += 's'                                                             # STEP 67
str3 = ""                                                               # STEP 68
os0.write(fd0,str4)                                                     # STEP 69
file0 = opener0(path3)                                                  # STEP 70
os0.mkdir(path3)                                                        # STEP 71
os0.link(path0,path0)                                                   # STEP 72
os0.makedirs(path0)                                                     # STEP 73
result = os0.path.isabs(path0)                                          # STEP 74
result = file0.readlines()                                              # STEP 75
os0.rename(path3,path0)                                                 # STEP 76
os0.rmdir(path3)                                                        # STEP 77
bytes4 += 1                                                             # STEP 78
os0.mkdir(path0)                                                        # STEP 79
bytes0 = 0                                                              # STEP 80
os0.makedirs(path0)                                                     # STEP 81
os0.write(fd0,str2)                                                     # STEP 82
os0.close(fd0)                                                          # STEP 83
component2 = "h"                                                        # STEP 84
result = os0.path.islink(path0)                                         # STEP 85
os0.makedirs(path3)                                                     # STEP 86
result = os0.path.islink(path0)                                         # STEP 87
bytes3 += 1                                                             # STEP 88
os0.write(fd0,str3)                                                     # STEP 89
result = os0.path.dirname(path3)                                        # STEP 90
component4 = "d"                                                        # STEP 91
result = os0.path.exists(path0)                                         # STEP 92
result = file0.readline()                                               # STEP 93
ERROR: (<type 'exceptions.AssertionError'>, AssertionError(' (bm) == () ',), <traceback object at 0x1049f47e8>)
TRACEBACK:
  File "/Users/alex/tstl/examples/pyfakefs/sut.py", line 38007, in safely
    act[2]()
  File "/Users/alex/tstl/examples/pyfakefs/sut.py", line 28675, in act569
    try: assert result == result_REF, " (%s) == (%s) " % (result, result_REF)
1192 BRANCHES COVERED
912 STATEMENTS COVERED
