Random testing using config=Config(swarmSwitch=None, verbose=False, reducePool=False, failedLogging=None, exploitBestHint=1, greedyStutter=False, internal=False, exploit=None, seed=None, generalize=False, useHints=False, localize=False, total=False, speed='FAST', probs='locsample.probs', normalize=False, verboseExploit=False, highLowSwarm=None, replayable=False, essentials=False, noCoverageExploit=False, quickTests=False, relax=False, enumerateEnabled=False, uniqueValuesAnalysis=False, swarm=True, noReassign=False, html=None, fastQuickAnalysis=False, progress=False, swarmLength=None, noSwarmDependencies=False, profile=False, LOCBaseline=0.2, noEnumerateEnabled=False, full=True, multiple=True, timedProgress=30, silentFail=True, stopWhenStatements=None, swarmP=0.5, stopWhenBranches=None, noAlphaConvert=False, coverFile='coverage.out', readQuick=False, verboseActions=False, running=False, computeFeatureStats=False, compareFails=False, swarmProbs=None, output='failure.4153.test', genDepth=None, Pcrossover=0.2, quickAnalysis=False, keepLast=False, exploitCeiling=0.1, logging=None, LOCProbs=False, noCheck=False, maxTests=-1, noExceptionMatch=False, Pmutate=0.0, depth=100, showActions=False, throughput=False, noCover=False, timeout=60, stutter=None, uncaught=False, markov=None, startExploit=0)
TEST #183 STEP #64 (0:00:30.000068) Fri Jul 21 23:19:24 2017 [ 900 stmts 1170 branches ] 18264 TOTAL ACTIONS (608.798621085/s)
UNCAUGHT EXCEPTION
ERROR: (<type 'exceptions.OSError'>, OSError(9, 'File is not open for reading.'), <traceback object at 0x10a5564d0>)
TRACEBACK:
  File "/Users/alex/tstl/examples/pyfakefs/sut.py", line 38007, in safely
    act[2]()
  File "/Users/alex/tstl/examples/pyfakefs/sut.py", line 28646, in act569
    result = self.p_file[0].readline()
  File "/Users/alex/tstl/examples/pyfakefs/pyfakefs/fake_filesystem.py", line 4284, in read_error
    self._raise('File is not open for reading.')
  File "/Users/alex/tstl/examples/pyfakefs/pyfakefs/fake_filesystem.py", line 4112, in _raise
    raise OSError(errno.EBADF, message)
Original test has 99 steps

SAVING TEST AS failure.4153.test.0
FINAL VERSION OF TEST, WITH LOGGED REPLAY:
os0 = newFakeOS()                                                        # STEP 0
opener0 = newFakeOpener(os0)                                             # STEP 1
bytes3 = 0                                                               # STEP 2
bytes1 = 0                                                               # STEP 3
bytes2 = 0                                                               # STEP 4
component0 = "b"                                                         # STEP 5
bytes0 = 0                                                               # STEP 6
component2 = "phi"                                                       # STEP 7
str0 = ""                                                                # STEP 8
str0 += 'p'                                                              # STEP 9
str0 += 'h'                                                             # STEP 10
bytes4 = 0                                                              # STEP 11
str0 += 'f'                                                             # STEP 12
str2 = ""                                                               # STEP 13
path0 = "/Volumes/ramdisk/test"                                         # STEP 14
path1 = "/Volumes/ramdisk/test"                                         # STEP 15
path3 = "/Volumes/ramdisk/test"                                         # STEP 16
file0 = opener0(path3,'a')                                              # STEP 17
str0 += 'd'                                                             # STEP 18
result = os0.path.lexists(path0)                                        # STEP 19
result = os0.path.lexists(path1)                                        # STEP 20
path2 = "/Volumes/ramdisk/test"                                         # STEP 21
result = sorted(os0.listdir(path3))                                     # STEP 22
str0 += 'b'                                                             # STEP 23
os0.mkdir(path2)                                                        # STEP 24
path1 = "/Volumes/ramdisk/test"                                         # STEP 25
result = os0.path.lexists(path2)                                        # STEP 26
str0 += " "                                                             # STEP 27
result = os0.path.dirname(path3)                                        # STEP 28
file0 = opener0(path1)                                                  # STEP 29
file0 = opener0(path0)                                                  # STEP 30
result = os0.path.islink(path0)                                         # STEP 31
str2 += 'z'                                                             # STEP 32
file0 = opener0(path0,'a')                                              # STEP 33
str2 += 'j'                                                             # STEP 34
path2 += "/" + component2                                               # STEP 35
stat3 = os0.lstat(path2)                                                # STEP 36
os0.makedirs(path2)                                                     # STEP 37
file0 = opener0(path2,'w')                                              # STEP 38
file0 = opener0(path1)                                                  # STEP 39
file0 = opener0(path3,'a')                                              # STEP 40
result = os0.path.lexists(path0)                                        # STEP 41
file0 = opener0(path1,'w')                                              # STEP 42
result = sorted(os0.listdir(path1))                                     # STEP 43
result = sorted(os0.listdir(path0))                                     # STEP 44
str0 += 'j'                                                             # STEP 45
result = os0.path.dirname(path0)                                        # STEP 46
result = os0.path.dirname(path3)                                        # STEP 47
str0 += 'r'                                                             # STEP 48
file0 = opener0(path3)                                                  # STEP 49
os0.rmdir(path2)                                                        # STEP 50
os0.rmdir(path2)                                                        # STEP 51
fd0 = os0.open(path2, os.O_CREAT | os.O_WRONLY | os.O_TRUNC | os.O_EXCL)  # STEP 52
result = os0.path.dirname(path2)                                        # STEP 53
result = sorted(os0.listdir(path3))                                     # STEP 54
result = sorted(os0.listdir(path3))                                     # STEP 55
result = os0.path.exists(path1)                                         # STEP 56
os0.close(fd0)                                                          # STEP 57
os0.write(fd0,str2)                                                     # STEP 58
os0.rmdir(path2)                                                        # STEP 59
result = sorted(os0.listdir(path1))                                     # STEP 60
result = os0.path.exists(path1)                                         # STEP 61
str3 = ""                                                               # STEP 62
result = os0.path.islink(path3)                                         # STEP 63
fd0 = os0.open(path2, os.O_CREAT | os.O_WRONLY | os.O_TRUNC | os.O_EXCL)  # STEP 64
os0.mkdir(path3)                                                        # STEP 65
result = os0.path.islink(path0)                                         # STEP 66
result = os0.path.dirname(path2)                                        # STEP 67
stat0 = os0.lstat(path2)                                                # STEP 68
path3 += "/" + component0                                               # STEP 69
file0 = opener0(path1)                                                  # STEP 70
file0 = opener0(path3)                                                  # STEP 71
result = os0.path.lexists(path3)                                        # STEP 72
result = os0.path.lexists(path1)                                        # STEP 73
os0.makedirs(path2)                                                     # STEP 74
path0 = "/Volumes/ramdisk/test"                                         # STEP 75
result = sorted(os0.listdir(path2))                                     # STEP 76
os0.mkdir(path3)                                                        # STEP 77
file0 = opener0(path2,'w')                                              # STEP 78
result = stat0.st_size                                                  # STEP 79
os0.makedirs(path1)                                                     # STEP 80
file0.write(str3)                                                       # STEP 81
path1 += "/" + component0                                               # STEP 82
file0.write(str0)                                                       # STEP 83
path1 += "/" + component0                                               # STEP 84
str2 += 'q'                                                             # STEP 85
file0.write(str0)                                                       # STEP 86
result = sorted(os0.listdir(path0))                                     # STEP 87
result = os0.path.lexists(path2)                                        # STEP 88
component4 = "h"                                                        # STEP 89
str2 += 'f'                                                             # STEP 90
stat4 = os0.lstat(path2)                                                # STEP 91
str2 += 'z'                                                             # STEP 92
file0.flush()                                                           # STEP 93
result = os0.path.dirname(path2)                                        # STEP 94
component3 = "a"                                                        # STEP 95
os0.write(fd0,str3)                                                     # STEP 96
os0.mkdir(path2)                                                        # STEP 97
result = file0.readline()                                               # STEP 98
ERROR: (<type 'exceptions.OSError'>, OSError(9, 'File is not open for reading.'), <traceback object at 0x107aa5248>)
TRACEBACK:
  File "/Users/alex/tstl/examples/pyfakefs/sut.py", line 38007, in safely
    act[2]()
  File "/Users/alex/tstl/examples/pyfakefs/sut.py", line 28646, in act569
    result = self.p_file[0].readline()
  File "/Users/alex/tstl/examples/pyfakefs/pyfakefs/fake_filesystem.py", line 4284, in read_error
    self._raise('File is not open for reading.')
  File "/Users/alex/tstl/examples/pyfakefs/pyfakefs/fake_filesystem.py", line 4112, in _raise
    raise OSError(errno.EBADF, message)
FAILURE IS NEW, STORING; NOW 1 DISTINCT FAILURES
UNCAUGHT EXCEPTION
ERROR: (<type 'exceptions.AssertionError'>, AssertionError(), <traceback object at 0x1042df950>)
TRACEBACK:
  File "/Users/alex/tstl/examples/pyfakefs/sut.py", line 38007, in safely
    act[2]()
  File "/Users/alex/tstl/examples/pyfakefs/sut.py", line 29027, in act575
    assert (raised == None) == (refRaised == None)
Original test has 90 steps

SAVING TEST AS failure.4153.test.1
FINAL VERSION OF TEST, WITH LOGGED REPLAY:
bytes0 = 0                                                               # STEP 0
path0 = "/Volumes/ramdisk/test"                                          # STEP 1
component3 = "phi"                                                       # STEP 2
bytes4 = 0                                                               # STEP 3
os0 = newFakeOS()                                                        # STEP 4
component4 = "d"                                                         # STEP 5
result = os0.path.dirname(path0)                                         # STEP 6
result = os0.path.islink(path0)                                          # STEP 7
result = os0.path.exists(path0)                                          # STEP 8
result = os0.path.islink(path0)                                          # STEP 9
opener0 = newFakeOpener(os0)                                            # STEP 10
path1 = "/Volumes/ramdisk/test"                                         # STEP 11
path0 = "/Volumes/ramdisk/test"                                         # STEP 12
result = os0.path.dirname(path0)                                        # STEP 13
os0.makedirs(path1)                                                     # STEP 14
result = os0.path.islink(path1)                                         # STEP 15
path4 = "/Volumes/ramdisk/test"                                         # STEP 16
file0 = opener0(path4,'r')                                              # STEP 17
path1 = "/Volumes/ramdisk/test"                                         # STEP 18
result = os0.path.isfile(path0)                                         # STEP 19
bytes1 = 0                                                              # STEP 20
path3 = "/Volumes/ramdisk/test"                                         # STEP 21
file0 = opener0(path3)                                                  # STEP 22
path4 += "/" + component4                                               # STEP 23
fd0 = os0.open(path4, os.O_CREAT | os.O_EXCL)                           # STEP 24
stat3 = os0.lstat(path4)                                                # STEP 25
stat4 = os0.lstat(path4)                                                # STEP 26
component1 = "beta"                                                     # STEP 27
result = os0.path.isfile(path0)                                         # STEP 28
os0.rmdir(path4)                                                        # STEP 29
result = os0.path.isfile(path4)                                         # STEP 30
result = os0.path.dirname(path0)                                        # STEP 31
os0.close(fd0)                                                          # STEP 32
stat2 = os0.stat(path4)                                                 # STEP 33
bytes2 = 0                                                              # STEP 34
os0.close(fd0)                                                          # STEP 35
result = os0.path.dirname(path1)                                        # STEP 36
fd0 = os0.open(path4, os.O_CREAT | os.O_EXCL)                           # STEP 37
result = os0.readlink(path0)                                            # STEP 38
result = os0.path.exists(path4)                                         # STEP 39
stat1 = os0.stat(path4)                                                 # STEP 40
os0.rmdir(path4)                                                        # STEP 41
file0 = opener0(path1,'r')                                              # STEP 42
stat0 = os0.stat(path4)                                                 # STEP 43
result = os0.path.isfile(path0)                                         # STEP 44
result = os0.readlink(path4)                                            # STEP 45
path1 = "/Volumes/ramdisk/test"                                         # STEP 46
file0 = opener0(path3)                                                  # STEP 47
file0 = opener0(path4)                                                  # STEP 48
result = file0.readlines()                                              # STEP 49
path4 += "/" + component4                                               # STEP 50
path4 = "/Volumes/ramdisk/test"                                         # STEP 51
component0 = "a"                                                        # STEP 52
result = file0.read(bytes0)                                             # STEP 53
path1 += "/" + component3                                               # STEP 54
result = file0.read(bytes2)                                             # STEP 55
os0.rmdir(path1)                                                        # STEP 56
os0.makedirs(path0)                                                     # STEP 57
path2 = "/Volumes/ramdisk/test"                                         # STEP 58
result = os0.path.dirname(path1)                                        # STEP 59
result = file0.readline()                                               # STEP 60
os0.rmdir(path1)                                                        # STEP 61
result = os0.path.islink(path0)                                         # STEP 62
result = file0.read()                                                   # STEP 63
os0.makedirs(path0)                                                     # STEP 64
result = file0.readlines()                                              # STEP 65
result = os0.path.isfile(path4)                                         # STEP 66
result = file0.readline()                                               # STEP 67
os0.rename(path1,path4)                                                 # STEP 68
bytes3 = 0                                                              # STEP 69
os0.path.getsize(path1)                                                 # STEP 70
os0.makedirs(path1)                                                     # STEP 71
os0.rename(path1,path3)                                                 # STEP 72
os0.makedirs(path3)                                                     # STEP 73
os0.rename(path1,path4)                                                 # STEP 74
result = file0.readlines()                                              # STEP 75
os0.close(fd0)                                                          # STEP 76
os0.rmdir(path1)                                                        # STEP 77
result = os0.readlink(path1)                                            # STEP 78
fd0 = os0.open(path1, os.O_CREAT | os.O_WRONLY)                         # STEP 79
os0.path.getsize(path1)                                                 # STEP 80
result = os0.readlink(path2)                                            # STEP 81
os0.rename(path1,path3)                                                 # STEP 82
os0.makedirs(path4)                                                     # STEP 83
path3 = "/Volumes/ramdisk/test"                                         # STEP 84
component2 = "d"                                                        # STEP 85
component3 = "alpha"                                                    # STEP 86
os0.rmdir(path1)                                                        # STEP 87
os0.makedirs(path2)                                                     # STEP 88
result = file0.readlines()                                              # STEP 89
ERROR: (<type 'exceptions.AssertionError'>, AssertionError(), <traceback object at 0x1054489e0>)
TRACEBACK:
  File "/Users/alex/tstl/examples/pyfakefs/sut.py", line 38007, in safely
    act[2]()
  File "/Users/alex/tstl/examples/pyfakefs/sut.py", line 29027, in act575
    assert (raised == None) == (refRaised == None)
FAILURE IS NEW, STORING; NOW 2 DISTINCT FAILURES
UNCAUGHT EXCEPTION
ERROR: (<type 'exceptions.OSError'>, OSError(9, 'File is not open for reading.'), <traceback object at 0x108abd878>)
TRACEBACK:
  File "/Users/alex/tstl/examples/pyfakefs/sut.py", line 38007, in safely
    act[2]()
  File "/Users/alex/tstl/examples/pyfakefs/sut.py", line 28881, in act573
    result = self.p_file[0].readline(self.p_bytes[3])
  File "/Users/alex/tstl/examples/pyfakefs/pyfakefs/fake_filesystem.py", line 4284, in read_error
    self._raise('File is not open for reading.')
  File "/Users/alex/tstl/examples/pyfakefs/pyfakefs/fake_filesystem.py", line 4112, in _raise
    raise OSError(errno.EBADF, message)
Original test has 89 steps

SAVING TEST AS failure.4153.test.2
FINAL VERSION OF TEST, WITH LOGGED REPLAY:
str0 = ""                                                                # STEP 0
str2 = ""                                                                # STEP 1
str0 += 'd'                                                              # STEP 2
str0 += 'm'                                                              # STEP 3
bytes3 = 0                                                               # STEP 4
os0 = newFakeOS()                                                        # STEP 5
bytes1 = 0                                                               # STEP 6
str0 += 't'                                                              # STEP 7
bytes2 = 0                                                               # STEP 8
component4 = "gamma"                                                     # STEP 9
str2 += 'r'                                                             # STEP 10
component2 = "delta"                                                    # STEP 11
component0 = "alpha"                                                    # STEP 12
component3 = "beta"                                                     # STEP 13
opener0 = newFakeOpener(os0)                                            # STEP 14
str0 = ""                                                               # STEP 15
bytes4 = 0                                                              # STEP 16
bytes2 += 1                                                             # STEP 17
str4 = ""                                                               # STEP 18
bytes2 = 0                                                              # STEP 19
str4 += 'r'                                                             # STEP 20
str0 += 'u'                                                             # STEP 21
path1 = "/Volumes/ramdisk/test"                                         # STEP 22
result = os0.path.islink(path1)                                         # STEP 23
result = os0.path.dirname(path1)                                        # STEP 24
bytes0 = 0                                                              # STEP 25
os0.mkdir(path1)                                                        # STEP 26
result = os0.path.isfile(path1)                                         # STEP 27
component1 = "a"                                                        # STEP 28
path1 += "/" + component3                                               # STEP 29
stat1 = os0.lstat(path1)                                                # STEP 30
stat0 = os0.stat(path1)                                                 # STEP 31
result = os0.path.exists(path1)                                         # STEP 32
fd0 = os0.open(path1, os.O_CREAT | os.O_WRONLY | os.O_EXCL)             # STEP 33
os0.makedirs(path1)                                                     # STEP 34
result = os0.path.isabs(path1)                                          # STEP 35
result = os0.path.isabs(path1)                                          # STEP 36
path1 = "/Volumes/ramdisk/test"                                         # STEP 37
result = os0.path.isdir(path1)                                          # STEP 38
str4 += 'r'                                                             # STEP 39
path3 = "/Volumes/ramdisk/test"                                         # STEP 40
file0 = opener0(path3,'w')                                              # STEP 41
result = os0.path.isfile(path1)                                         # STEP 42
result = os0.path.exists(path1)                                         # STEP 43
result = os0.path.exists(path3)                                         # STEP 44
result = os0.path.lexists(path3)                                        # STEP 45
result = os0.path.dirname(path1)                                        # STEP 46
os0.close(fd0)                                                          # STEP 47
os0.mkdir(path1)                                                        # STEP 48
result = os0.path.islink(path3)                                         # STEP 49
result = os0.path.isfile(path3)                                         # STEP 50
os0.close(fd0)                                                          # STEP 51
file0 = opener0(path3,'w')                                              # STEP 52
os0.write(fd0,str4)                                                     # STEP 53
os0.mkdir(path1)                                                        # STEP 54
os0.link(path1,path1)                                                   # STEP 55
path4 = "/Volumes/ramdisk/test"                                         # STEP 56
result = os0.path.isdir(path4)                                          # STEP 57
result = os0.path.isfile(path3)                                         # STEP 58
bytes3 += 1                                                             # STEP 59
path0 = "/Volumes/ramdisk/test"                                         # STEP 60
result = os0.path.isdir(path4)                                          # STEP 61
os0.link(path1,path0)                                                   # STEP 62
file0 = opener0(path4,'w')                                              # STEP 63
result = os0.path.dirname(path4)                                        # STEP 64
result = os0.path.exists(path4)                                         # STEP 65
result = os0.path.islink(path4)                                         # STEP 66
os0.makedirs(path4)                                                     # STEP 67
path0 += "/" + component2                                               # STEP 68
component3 = "e"                                                        # STEP 69
bytes3 += 1                                                             # STEP 70
bytes1 += 1                                                             # STEP 71
bytes3 = 0                                                              # STEP 72
stat0 = os0.stat(path0)                                                 # STEP 73
os0.makedirs(path1)                                                     # STEP 74
fd0 = os0.open(path0, os.O_WRONLY | os.O_APPEND)                        # STEP 75
os0.makedirs(path1)                                                     # STEP 76
os0.mkdir(path3)                                                        # STEP 77
file0 = opener0(path0,'w')                                              # STEP 78
stat4 = os0.stat(path0)                                                 # STEP 79
stat3 = os0.lstat(path0)                                                # STEP 80
str4 += 'u'                                                             # STEP 81
result = os0.path.isdir(path4)                                          # STEP 82
result = file0.read(bytes1)                                             # STEP 83
result = file0.readline(bytes0)                                         # STEP 84
os0.write(fd0,str2)                                                     # STEP 85
component2 = "h"                                                        # STEP 86
result = stat3.st_nlink                                                 # STEP 87
result = file0.readline(bytes3)                                         # STEP 88
ERROR: (<type 'exceptions.OSError'>, OSError(9, 'File is not open for reading.'), <traceback object at 0x108af3cf8>)
TRACEBACK:
  File "/Users/alex/tstl/examples/pyfakefs/sut.py", line 38007, in safely
    act[2]()
  File "/Users/alex/tstl/examples/pyfakefs/sut.py", line 28881, in act573
    result = self.p_file[0].readline(self.p_bytes[3])
  File "/Users/alex/tstl/examples/pyfakefs/pyfakefs/fake_filesystem.py", line 4284, in read_error
    self._raise('File is not open for reading.')
  File "/Users/alex/tstl/examples/pyfakefs/pyfakefs/fake_filesystem.py", line 4112, in _raise
    raise OSError(errno.EBADF, message)
FAILURE IS NEW, STORING; NOW 3 DISTINCT FAILURES
UNCAUGHT EXCEPTION
ERROR: (<type 'exceptions.AssertionError'>, AssertionError(), <traceback object at 0x1082c4050>)
TRACEBACK:
  File "/Users/alex/tstl/examples/pyfakefs/sut.py", line 38007, in safely
    act[2]()
  File "/Users/alex/tstl/examples/pyfakefs/sut.py", line 28620, in act568
    assert (raised == None) == (refRaised == None)
Original test has 81 steps

SAVING TEST AS failure.4153.test.3
FINAL VERSION OF TEST, WITH LOGGED REPLAY:
os0 = newFakeOS()                                                        # STEP 0
bytes3 = 0                                                               # STEP 1
str1 = ""                                                                # STEP 2
str1 += 'z'                                                              # STEP 3
bytes4 = 0                                                               # STEP 4
component1 = "alpha"                                                     # STEP 5
path4 = "/Volumes/ramdisk/test"                                          # STEP 6
result = sorted(os0.listdir(path4))                                      # STEP 7
result = os0.path.islink(path4)                                          # STEP 8
bytes4 += 1                                                              # STEP 9
bytes4 += 1                                                             # STEP 10
bytes0 = 0                                                              # STEP 11
str1 += 'u'                                                             # STEP 12
str2 = ""                                                               # STEP 13
path4 += "/" + component1                                               # STEP 14
fd0 = os0.open(path4, os.O_CREAT | os.O_WRONLY)                         # STEP 15
result = sorted(os0.listdir(path4))                                     # STEP 16
result = sorted(os0.listdir(path4))                                     # STEP 17
stat0 = os0.stat(path4)                                                 # STEP 18
result = os0.path.abspath(path4)                                        # STEP 19
bytes2 = 0                                                              # STEP 20
result = os0.path.abspath(path4)                                        # STEP 21
bytes4 = 0                                                              # STEP 22
result = os0.path.lexists(path4)                                        # STEP 23
path2 = "/Volumes/ramdisk/test"                                         # STEP 24
result = os0.path.lexists(path4)                                        # STEP 25
bytes3 += 1                                                             # STEP 26
result = sorted(os0.listdir(path4))                                     # STEP 27
result = os0.path.lexists(path4)                                        # STEP 28
result = os0.path.lexists(path2)                                        # STEP 29
opener0 = newFakeOpener(os0)                                            # STEP 30
bytes3 = 0                                                              # STEP 31
result = sorted(os0.listdir(path2))                                     # STEP 32
stat3 = os0.stat(path4)                                                 # STEP 33
bytes1 = 0                                                              # STEP 34
result = stat0.st_size                                                  # STEP 35
os0.close(fd0)                                                          # STEP 36
file0 = opener0(path4)                                                  # STEP 37
fd0 = os0.open(path4, os.O_CREAT | os.O_WRONLY | os.O_EXCL)             # STEP 38
result = file0.readlines()                                              # STEP 39
component3 = "alpha"                                                    # STEP 40
result = file0.read(bytes0)                                             # STEP 41
result = file0.read(bytes3)                                             # STEP 42
stat4 = os0.lstat(path4)                                                # STEP 43
file0.next()                                                            # STEP 44
file0.next()                                                            # STEP 45
stat1 = os0.lstat(path4)                                                # STEP 46
str1 += 'd'                                                             # STEP 47
result = os0.path.islink(path4)                                         # STEP 48
str2 += 'r'                                                             # STEP 49
result = file0.read(bytes4)                                             # STEP 50
result = os0.path.islink(path4)                                         # STEP 51
stat0 = os0.stat(path4)                                                 # STEP 52
str2 += 'i'                                                             # STEP 53
file0.seek(bytes0)                                                      # STEP 54
file0.next()                                                            # STEP 55
path2 += "/" + component1                                               # STEP 56
bytes4 = 0                                                              # STEP 57
component2 = "c"                                                        # STEP 58
result = file0.readlines()                                              # STEP 59
result = os0.path.lexists(path4)                                        # STEP 60
str4 = ""                                                               # STEP 61
result = os0.path.lexists(path2)                                        # STEP 62
file0.seek(bytes4)                                                      # STEP 63
result = os0.path.abspath(path4)                                        # STEP 64
result = os0.path.islink(path4)                                         # STEP 65
component4 = "h"                                                        # STEP 66
result = os0.path.lexists(path2)                                        # STEP 67
path4 += "/" + component3                                               # STEP 68
os0.symlink(path2,path2)                                                # STEP 69
os0.close(fd0)                                                          # STEP 70
fd0 = os0.open(path4, os.O_CREAT)                                       # STEP 71
file0.write(str2)                                                       # STEP 72
result = file0.readlines()                                              # STEP 73
bytes1 += 1                                                             # STEP 74
os0.rename(path4,path2)                                                 # STEP 75
result = file0.readlines()                                              # STEP 76
str2 += 'p'                                                             # STEP 77
result = stat0.st_nlink                                                 # STEP 78
stat2 = os0.stat(path4)                                                 # STEP 79
result = file0.read(bytes4)                                             # STEP 80
ERROR: (<type 'exceptions.AssertionError'>, AssertionError(), <traceback object at 0x108aca0e0>)
TRACEBACK:
  File "/Users/alex/tstl/examples/pyfakefs/sut.py", line 38007, in safely
    act[2]()
  File "/Users/alex/tstl/examples/pyfakefs/sut.py", line 28620, in act568
    assert (raised == None) == (refRaised == None)
FAILURE IS NEW, STORING; NOW 4 DISTINCT FAILURES
STOPPING TEST DUE TO TIMEOUT, TERMINATED AT LENGTH 69
STOPPING TESTING DUE TO TIMEOUT
42.8836863619 PERCENT COVERED
60.3279399872 TOTAL RUNTIME
360 EXECUTED
35928 TOTAL TEST OPERATIONS
42.1735231876 TIME SPENT EXECUTING TEST OPERATIONS
15.6597864628 TIME SPENT EVALUATING GUARDS AND CHOOSING ACTIONS
0.0248739719391 TIME SPENT CHECKING PROPERTIES
42.1983971596 TOTAL TIME SPENT RUNNING SUT
1.08056712151 TIME SPENT RESTARTING
0.0 TIME SPENT REDUCING TEST CASES
4 FAILED
0 REPEATS OF FAILURES
4 ACTUAL DISTINCT FAILURES

FAILURE 0
os0 = newFakeOS()                                                        # STEP 0
opener0 = newFakeOpener(os0)                                             # STEP 1
bytes3 = 0                                                               # STEP 2
bytes1 = 0                                                               # STEP 3
bytes2 = 0                                                               # STEP 4
component0 = "b"                                                         # STEP 5
bytes0 = 0                                                               # STEP 6
component2 = "phi"                                                       # STEP 7
str0 = ""                                                                # STEP 8
str0 += 'p'                                                              # STEP 9
str0 += 'h'                                                             # STEP 10
bytes4 = 0                                                              # STEP 11
str0 += 'f'                                                             # STEP 12
str2 = ""                                                               # STEP 13
path0 = "/Volumes/ramdisk/test"                                         # STEP 14
path1 = "/Volumes/ramdisk/test"                                         # STEP 15
path3 = "/Volumes/ramdisk/test"                                         # STEP 16
file0 = opener0(path3,'a')                                              # STEP 17
str0 += 'd'                                                             # STEP 18
result = os0.path.lexists(path0)                                        # STEP 19
result = os0.path.lexists(path1)                                        # STEP 20
path2 = "/Volumes/ramdisk/test"                                         # STEP 21
result = sorted(os0.listdir(path3))                                     # STEP 22
str0 += 'b'                                                             # STEP 23
os0.mkdir(path2)                                                        # STEP 24
path1 = "/Volumes/ramdisk/test"                                         # STEP 25
result = os0.path.lexists(path2)                                        # STEP 26
str0 += " "                                                             # STEP 27
result = os0.path.dirname(path3)                                        # STEP 28
file0 = opener0(path1)                                                  # STEP 29
file0 = opener0(path0)                                                  # STEP 30
result = os0.path.islink(path0)                                         # STEP 31
str2 += 'z'                                                             # STEP 32
file0 = opener0(path0,'a')                                              # STEP 33
str2 += 'j'                                                             # STEP 34
path2 += "/" + component2                                               # STEP 35
stat3 = os0.lstat(path2)                                                # STEP 36
os0.makedirs(path2)                                                     # STEP 37
file0 = opener0(path2,'w')                                              # STEP 38
file0 = opener0(path1)                                                  # STEP 39
file0 = opener0(path3,'a')                                              # STEP 40
result = os0.path.lexists(path0)                                        # STEP 41
file0 = opener0(path1,'w')                                              # STEP 42
result = sorted(os0.listdir(path1))                                     # STEP 43
result = sorted(os0.listdir(path0))                                     # STEP 44
str0 += 'j'                                                             # STEP 45
result = os0.path.dirname(path0)                                        # STEP 46
result = os0.path.dirname(path3)                                        # STEP 47
str0 += 'r'                                                             # STEP 48
file0 = opener0(path3)                                                  # STEP 49
os0.rmdir(path2)                                                        # STEP 50
os0.rmdir(path2)                                                        # STEP 51
fd0 = os0.open(path2, os.O_CREAT | os.O_WRONLY | os.O_TRUNC | os.O_EXCL)  # STEP 52
result = os0.path.dirname(path2)                                        # STEP 53
result = sorted(os0.listdir(path3))                                     # STEP 54
result = sorted(os0.listdir(path3))                                     # STEP 55
result = os0.path.exists(path1)                                         # STEP 56
os0.close(fd0)                                                          # STEP 57
os0.write(fd0,str2)                                                     # STEP 58
os0.rmdir(path2)                                                        # STEP 59
result = sorted(os0.listdir(path1))                                     # STEP 60
result = os0.path.exists(path1)                                         # STEP 61
str3 = ""                                                               # STEP 62
result = os0.path.islink(path3)                                         # STEP 63
fd0 = os0.open(path2, os.O_CREAT | os.O_WRONLY | os.O_TRUNC | os.O_EXCL)  # STEP 64
os0.mkdir(path3)                                                        # STEP 65
result = os0.path.islink(path0)                                         # STEP 66
result = os0.path.dirname(path2)                                        # STEP 67
stat0 = os0.lstat(path2)                                                # STEP 68
path3 += "/" + component0                                               # STEP 69
file0 = opener0(path1)                                                  # STEP 70
file0 = opener0(path3)                                                  # STEP 71
result = os0.path.lexists(path3)                                        # STEP 72
result = os0.path.lexists(path1)                                        # STEP 73
os0.makedirs(path2)                                                     # STEP 74
path0 = "/Volumes/ramdisk/test"                                         # STEP 75
result = sorted(os0.listdir(path2))                                     # STEP 76
os0.mkdir(path3)                                                        # STEP 77
file0 = opener0(path2,'w')                                              # STEP 78
result = stat0.st_size                                                  # STEP 79
os0.makedirs(path1)                                                     # STEP 80
file0.write(str3)                                                       # STEP 81
path1 += "/" + component0                                               # STEP 82
file0.write(str0)                                                       # STEP 83
path1 += "/" + component0                                               # STEP 84
str2 += 'q'                                                             # STEP 85
file0.write(str0)                                                       # STEP 86
result = sorted(os0.listdir(path0))                                     # STEP 87
result = os0.path.lexists(path2)                                        # STEP 88
component4 = "h"                                                        # STEP 89
str2 += 'f'                                                             # STEP 90
stat4 = os0.lstat(path2)                                                # STEP 91
str2 += 'z'                                                             # STEP 92
file0.flush()                                                           # STEP 93
result = os0.path.dirname(path2)                                        # STEP 94
component3 = "a"                                                        # STEP 95
os0.write(fd0,str3)                                                     # STEP 96
os0.mkdir(path2)                                                        # STEP 97
result = file0.readline()                                               # STEP 98
ERROR: (<type 'exceptions.OSError'>, OSError(9, 'File is not open for reading.'), <traceback object at 0x107aa5248>)
TRACEBACK:
  File "/Users/alex/tstl/examples/pyfakefs/sut.py", line 38007, in safely
    act[2]()
  File "/Users/alex/tstl/examples/pyfakefs/sut.py", line 28646, in act569
    result = self.p_file[0].readline()
  File "/Users/alex/tstl/examples/pyfakefs/pyfakefs/fake_filesystem.py", line 4284, in read_error
    self._raise('File is not open for reading.')
  File "/Users/alex/tstl/examples/pyfakefs/pyfakefs/fake_filesystem.py", line 4112, in _raise
    raise OSError(errno.EBADF, message)
FAILURE 1
bytes0 = 0                                                               # STEP 0
path0 = "/Volumes/ramdisk/test"                                          # STEP 1
component3 = "phi"                                                       # STEP 2
bytes4 = 0                                                               # STEP 3
os0 = newFakeOS()                                                        # STEP 4
component4 = "d"                                                         # STEP 5
result = os0.path.dirname(path0)                                         # STEP 6
result = os0.path.islink(path0)                                          # STEP 7
result = os0.path.exists(path0)                                          # STEP 8
result = os0.path.islink(path0)                                          # STEP 9
opener0 = newFakeOpener(os0)                                            # STEP 10
path1 = "/Volumes/ramdisk/test"                                         # STEP 11
path0 = "/Volumes/ramdisk/test"                                         # STEP 12
result = os0.path.dirname(path0)                                        # STEP 13
os0.makedirs(path1)                                                     # STEP 14
result = os0.path.islink(path1)                                         # STEP 15
path4 = "/Volumes/ramdisk/test"                                         # STEP 16
file0 = opener0(path4,'r')                                              # STEP 17
path1 = "/Volumes/ramdisk/test"                                         # STEP 18
result = os0.path.isfile(path0)                                         # STEP 19
bytes1 = 0                                                              # STEP 20
path3 = "/Volumes/ramdisk/test"                                         # STEP 21
file0 = opener0(path3)                                                  # STEP 22
path4 += "/" + component4                                               # STEP 23
fd0 = os0.open(path4, os.O_CREAT | os.O_EXCL)                           # STEP 24
stat3 = os0.lstat(path4)                                                # STEP 25
stat4 = os0.lstat(path4)                                                # STEP 26
component1 = "beta"                                                     # STEP 27
result = os0.path.isfile(path0)                                         # STEP 28
os0.rmdir(path4)                                                        # STEP 29
result = os0.path.isfile(path4)                                         # STEP 30
result = os0.path.dirname(path0)                                        # STEP 31
os0.close(fd0)                                                          # STEP 32
stat2 = os0.stat(path4)                                                 # STEP 33
bytes2 = 0                                                              # STEP 34
os0.close(fd0)                                                          # STEP 35
result = os0.path.dirname(path1)                                        # STEP 36
fd0 = os0.open(path4, os.O_CREAT | os.O_EXCL)                           # STEP 37
result = os0.readlink(path0)                                            # STEP 38
result = os0.path.exists(path4)                                         # STEP 39
stat1 = os0.stat(path4)                                                 # STEP 40
os0.rmdir(path4)                                                        # STEP 41
file0 = opener0(path1,'r')                                              # STEP 42
stat0 = os0.stat(path4)                                                 # STEP 43
result = os0.path.isfile(path0)                                         # STEP 44
result = os0.readlink(path4)                                            # STEP 45
path1 = "/Volumes/ramdisk/test"                                         # STEP 46
file0 = opener0(path3)                                                  # STEP 47
file0 = opener0(path4)                                                  # STEP 48
result = file0.readlines()                                              # STEP 49
path4 += "/" + component4                                               # STEP 50
path4 = "/Volumes/ramdisk/test"                                         # STEP 51
component0 = "a"                                                        # STEP 52
result = file0.read(bytes0)                                             # STEP 53
path1 += "/" + component3                                               # STEP 54
result = file0.read(bytes2)                                             # STEP 55
os0.rmdir(path1)                                                        # STEP 56
os0.makedirs(path0)                                                     # STEP 57
path2 = "/Volumes/ramdisk/test"                                         # STEP 58
result = os0.path.dirname(path1)                                        # STEP 59
result = file0.readline()                                               # STEP 60
os0.rmdir(path1)                                                        # STEP 61
result = os0.path.islink(path0)                                         # STEP 62
result = file0.read()                                                   # STEP 63
os0.makedirs(path0)                                                     # STEP 64
result = file0.readlines()                                              # STEP 65
result = os0.path.isfile(path4)                                         # STEP 66
result = file0.readline()                                               # STEP 67
os0.rename(path1,path4)                                                 # STEP 68
bytes3 = 0                                                              # STEP 69
os0.path.getsize(path1)                                                 # STEP 70
os0.makedirs(path1)                                                     # STEP 71
os0.rename(path1,path3)                                                 # STEP 72
os0.makedirs(path3)                                                     # STEP 73
os0.rename(path1,path4)                                                 # STEP 74
result = file0.readlines()                                              # STEP 75
os0.close(fd0)                                                          # STEP 76
os0.rmdir(path1)                                                        # STEP 77
result = os0.readlink(path1)                                            # STEP 78
fd0 = os0.open(path1, os.O_CREAT | os.O_WRONLY)                         # STEP 79
os0.path.getsize(path1)                                                 # STEP 80
result = os0.readlink(path2)                                            # STEP 81
os0.rename(path1,path3)                                                 # STEP 82
os0.makedirs(path4)                                                     # STEP 83
path3 = "/Volumes/ramdisk/test"                                         # STEP 84
component2 = "d"                                                        # STEP 85
component3 = "alpha"                                                    # STEP 86
os0.rmdir(path1)                                                        # STEP 87
os0.makedirs(path2)                                                     # STEP 88
result = file0.readlines()                                              # STEP 89
ERROR: (<type 'exceptions.AssertionError'>, AssertionError(), <traceback object at 0x1054489e0>)
TRACEBACK:
  File "/Users/alex/tstl/examples/pyfakefs/sut.py", line 38007, in safely
    act[2]()
  File "/Users/alex/tstl/examples/pyfakefs/sut.py", line 29027, in act575
    assert (raised == None) == (refRaised == None)
FAILURE 2
str0 = ""                                                                # STEP 0
str2 = ""                                                                # STEP 1
str0 += 'd'                                                              # STEP 2
str0 += 'm'                                                              # STEP 3
bytes3 = 0                                                               # STEP 4
os0 = newFakeOS()                                                        # STEP 5
bytes1 = 0                                                               # STEP 6
str0 += 't'                                                              # STEP 7
bytes2 = 0                                                               # STEP 8
component4 = "gamma"                                                     # STEP 9
str2 += 'r'                                                             # STEP 10
component2 = "delta"                                                    # STEP 11
component0 = "alpha"                                                    # STEP 12
component3 = "beta"                                                     # STEP 13
opener0 = newFakeOpener(os0)                                            # STEP 14
str0 = ""                                                               # STEP 15
bytes4 = 0                                                              # STEP 16
bytes2 += 1                                                             # STEP 17
str4 = ""                                                               # STEP 18
bytes2 = 0                                                              # STEP 19
str4 += 'r'                                                             # STEP 20
str0 += 'u'                                                             # STEP 21
path1 = "/Volumes/ramdisk/test"                                         # STEP 22
result = os0.path.islink(path1)                                         # STEP 23
result = os0.path.dirname(path1)                                        # STEP 24
bytes0 = 0                                                              # STEP 25
os0.mkdir(path1)                                                        # STEP 26
result = os0.path.isfile(path1)                                         # STEP 27
component1 = "a"                                                        # STEP 28
path1 += "/" + component3                                               # STEP 29
stat1 = os0.lstat(path1)                                                # STEP 30
stat0 = os0.stat(path1)                                                 # STEP 31
result = os0.path.exists(path1)                                         # STEP 32
fd0 = os0.open(path1, os.O_CREAT | os.O_WRONLY | os.O_EXCL)             # STEP 33
os0.makedirs(path1)                                                     # STEP 34
result = os0.path.isabs(path1)                                          # STEP 35
result = os0.path.isabs(path1)                                          # STEP 36
path1 = "/Volumes/ramdisk/test"                                         # STEP 37
result = os0.path.isdir(path1)                                          # STEP 38
str4 += 'r'                                                             # STEP 39
path3 = "/Volumes/ramdisk/test"                                         # STEP 40
file0 = opener0(path3,'w')                                              # STEP 41
result = os0.path.isfile(path1)                                         # STEP 42
result = os0.path.exists(path1)                                         # STEP 43
result = os0.path.exists(path3)                                         # STEP 44
result = os0.path.lexists(path3)                                        # STEP 45
result = os0.path.dirname(path1)                                        # STEP 46
os0.close(fd0)                                                          # STEP 47
os0.mkdir(path1)                                                        # STEP 48
result = os0.path.islink(path3)                                         # STEP 49
result = os0.path.isfile(path3)                                         # STEP 50
os0.close(fd0)                                                          # STEP 51
file0 = opener0(path3,'w')                                              # STEP 52
os0.write(fd0,str4)                                                     # STEP 53
os0.mkdir(path1)                                                        # STEP 54
os0.link(path1,path1)                                                   # STEP 55
path4 = "/Volumes/ramdisk/test"                                         # STEP 56
result = os0.path.isdir(path4)                                          # STEP 57
result = os0.path.isfile(path3)                                         # STEP 58
bytes3 += 1                                                             # STEP 59
path0 = "/Volumes/ramdisk/test"                                         # STEP 60
result = os0.path.isdir(path4)                                          # STEP 61
os0.link(path1,path0)                                                   # STEP 62
file0 = opener0(path4,'w')                                              # STEP 63
result = os0.path.dirname(path4)                                        # STEP 64
result = os0.path.exists(path4)                                         # STEP 65
result = os0.path.islink(path4)                                         # STEP 66
os0.makedirs(path4)                                                     # STEP 67
path0 += "/" + component2                                               # STEP 68
component3 = "e"                                                        # STEP 69
bytes3 += 1                                                             # STEP 70
bytes1 += 1                                                             # STEP 71
bytes3 = 0                                                              # STEP 72
stat0 = os0.stat(path0)                                                 # STEP 73
os0.makedirs(path1)                                                     # STEP 74
fd0 = os0.open(path0, os.O_WRONLY | os.O_APPEND)                        # STEP 75
os0.makedirs(path1)                                                     # STEP 76
os0.mkdir(path3)                                                        # STEP 77
file0 = opener0(path0,'w')                                              # STEP 78
stat4 = os0.stat(path0)                                                 # STEP 79
stat3 = os0.lstat(path0)                                                # STEP 80
str4 += 'u'                                                             # STEP 81
result = os0.path.isdir(path4)                                          # STEP 82
result = file0.read(bytes1)                                             # STEP 83
result = file0.readline(bytes0)                                         # STEP 84
os0.write(fd0,str2)                                                     # STEP 85
component2 = "h"                                                        # STEP 86
result = stat3.st_nlink                                                 # STEP 87
result = file0.readline(bytes3)                                         # STEP 88
ERROR: (<type 'exceptions.OSError'>, OSError(9, 'File is not open for reading.'), <traceback object at 0x108af3cf8>)
TRACEBACK:
  File "/Users/alex/tstl/examples/pyfakefs/sut.py", line 38007, in safely
    act[2]()
  File "/Users/alex/tstl/examples/pyfakefs/sut.py", line 28881, in act573
    result = self.p_file[0].readline(self.p_bytes[3])
  File "/Users/alex/tstl/examples/pyfakefs/pyfakefs/fake_filesystem.py", line 4284, in read_error
    self._raise('File is not open for reading.')
  File "/Users/alex/tstl/examples/pyfakefs/pyfakefs/fake_filesystem.py", line 4112, in _raise
    raise OSError(errno.EBADF, message)
FAILURE 3
os0 = newFakeOS()                                                        # STEP 0
bytes3 = 0                                                               # STEP 1
str1 = ""                                                                # STEP 2
str1 += 'z'                                                              # STEP 3
bytes4 = 0                                                               # STEP 4
component1 = "alpha"                                                     # STEP 5
path4 = "/Volumes/ramdisk/test"                                          # STEP 6
result = sorted(os0.listdir(path4))                                      # STEP 7
result = os0.path.islink(path4)                                          # STEP 8
bytes4 += 1                                                              # STEP 9
bytes4 += 1                                                             # STEP 10
bytes0 = 0                                                              # STEP 11
str1 += 'u'                                                             # STEP 12
str2 = ""                                                               # STEP 13
path4 += "/" + component1                                               # STEP 14
fd0 = os0.open(path4, os.O_CREAT | os.O_WRONLY)                         # STEP 15
result = sorted(os0.listdir(path4))                                     # STEP 16
result = sorted(os0.listdir(path4))                                     # STEP 17
stat0 = os0.stat(path4)                                                 # STEP 18
result = os0.path.abspath(path4)                                        # STEP 19
bytes2 = 0                                                              # STEP 20
result = os0.path.abspath(path4)                                        # STEP 21
bytes4 = 0                                                              # STEP 22
result = os0.path.lexists(path4)                                        # STEP 23
path2 = "/Volumes/ramdisk/test"                                         # STEP 24
result = os0.path.lexists(path4)                                        # STEP 25
bytes3 += 1                                                             # STEP 26
result = sorted(os0.listdir(path4))                                     # STEP 27
result = os0.path.lexists(path4)                                        # STEP 28
result = os0.path.lexists(path2)                                        # STEP 29
opener0 = newFakeOpener(os0)                                            # STEP 30
bytes3 = 0                                                              # STEP 31
result = sorted(os0.listdir(path2))                                     # STEP 32
stat3 = os0.stat(path4)                                                 # STEP 33
bytes1 = 0                                                              # STEP 34
result = stat0.st_size                                                  # STEP 35
os0.close(fd0)                                                          # STEP 36
file0 = opener0(path4)                                                  # STEP 37
fd0 = os0.open(path4, os.O_CREAT | os.O_WRONLY | os.O_EXCL)             # STEP 38
result = file0.readlines()                                              # STEP 39
component3 = "alpha"                                                    # STEP 40
result = file0.read(bytes0)                                             # STEP 41
result = file0.read(bytes3)                                             # STEP 42
stat4 = os0.lstat(path4)                                                # STEP 43
file0.next()                                                            # STEP 44
file0.next()                                                            # STEP 45
stat1 = os0.lstat(path4)                                                # STEP 46
str1 += 'd'                                                             # STEP 47
result = os0.path.islink(path4)                                         # STEP 48
str2 += 'r'                                                             # STEP 49
result = file0.read(bytes4)                                             # STEP 50
result = os0.path.islink(path4)                                         # STEP 51
stat0 = os0.stat(path4)                                                 # STEP 52
str2 += 'i'                                                             # STEP 53
file0.seek(bytes0)                                                      # STEP 54
file0.next()                                                            # STEP 55
path2 += "/" + component1                                               # STEP 56
bytes4 = 0                                                              # STEP 57
component2 = "c"                                                        # STEP 58
result = file0.readlines()                                              # STEP 59
result = os0.path.lexists(path4)                                        # STEP 60
str4 = ""                                                               # STEP 61
result = os0.path.lexists(path2)                                        # STEP 62
file0.seek(bytes4)                                                      # STEP 63
result = os0.path.abspath(path4)                                        # STEP 64
result = os0.path.islink(path4)                                         # STEP 65
component4 = "h"                                                        # STEP 66
result = os0.path.lexists(path2)                                        # STEP 67
path4 += "/" + component3                                               # STEP 68
os0.symlink(path2,path2)                                                # STEP 69
os0.close(fd0)                                                          # STEP 70
fd0 = os0.open(path4, os.O_CREAT)                                       # STEP 71
file0.write(str2)                                                       # STEP 72
result = file0.readlines()                                              # STEP 73
bytes1 += 1                                                             # STEP 74
os0.rename(path4,path2)                                                 # STEP 75
result = file0.readlines()                                              # STEP 76
str2 += 'p'                                                             # STEP 77
result = stat0.st_nlink                                                 # STEP 78
stat2 = os0.stat(path4)                                                 # STEP 79
result = file0.read(bytes4)                                             # STEP 80
ERROR: (<type 'exceptions.AssertionError'>, AssertionError(), <traceback object at 0x108aca0e0>)
TRACEBACK:
  File "/Users/alex/tstl/examples/pyfakefs/sut.py", line 38007, in safely
    act[2]()
  File "/Users/alex/tstl/examples/pyfakefs/sut.py", line 28620, in act568
    assert (raised == None) == (refRaised == None)
1186 BRANCHES COVERED
911 STATEMENTS COVERED
