Random testing using config=Config(swarmSwitch=None, verbose=False, reducePool=False, failedLogging=None, exploitBestHint=1, greedyStutter=False, internal=False, exploit=None, seed=None, generalize=False, useHints=False, localize=False, total=False, speed='FAST', probs='locsample.probs', normalize=False, verboseExploit=False, highLowSwarm=None, replayable=False, essentials=False, noCoverageExploit=False, quickTests=False, relax=False, enumerateEnabled=False, uniqueValuesAnalysis=False, swarm=True, noReassign=False, html=None, fastQuickAnalysis=False, progress=False, swarmLength=None, noSwarmDependencies=False, profile=False, LOCBaseline=0.2, noEnumerateEnabled=False, full=True, multiple=True, timedProgress=30, silentFail=True, stopWhenStatements=None, swarmP=0.5, stopWhenBranches=None, noAlphaConvert=False, coverFile='coverage.out', readQuick=False, verboseActions=False, running=False, computeFeatureStats=False, compareFails=False, swarmProbs=None, output='failure.4909.test', genDepth=None, Pcrossover=0.2, quickAnalysis=False, keepLast=False, exploitCeiling=0.1, logging=None, LOCProbs=False, noCheck=False, maxTests=-1, noExceptionMatch=False, Pmutate=0.0, depth=100, showActions=False, throughput=False, noCover=False, timeout=60, stutter=None, uncaught=False, markov=None, startExploit=0)
UNCAUGHT EXCEPTION
ERROR: (<type 'exceptions.AssertionError'>, AssertionError(), <traceback object at 0x10446c1b8>)
TRACEBACK:
  File "/Users/alex/tstl/examples/pyfakefs/sut.py", line 38007, in safely
    act[2]()
  File "/Users/alex/tstl/examples/pyfakefs/sut.py", line 29027, in act575
    assert (raised == None) == (refRaised == None)
Original test has 83 steps

SAVING TEST AS failure.4909.test.0
FINAL VERSION OF TEST, WITH LOGGED REPLAY:
str3 = ""                                                                # STEP 0
component3 = "h"                                                         # STEP 1
str0 = ""                                                                # STEP 2
str4 = ""                                                                # STEP 3
os0 = newFakeOS()                                                        # STEP 4
str2 = ""                                                                # STEP 5
str4 += 'l'                                                              # STEP 6
opener0 = newFakeOpener(os0)                                             # STEP 7
path4 = "/Volumes/ramdisk/test"                                          # STEP 8
component2 = "f"                                                         # STEP 9
result = os0.path.islink(path4)                                         # STEP 10
result = os0.path.exists(path4)                                         # STEP 11
bytes0 = 0                                                              # STEP 12
component1 = "omega"                                                    # STEP 13
file0 = opener0(path4,'a')                                              # STEP 14
path4 += "/" + component1                                               # STEP 15
fd0 = os0.open(path4, os.O_RDWR)                                        # STEP 16
result = os0.path.exists(path4)                                         # STEP 17
file0 = opener0(path4,'r')                                              # STEP 18
os0.path.getsize(path4)                                                 # STEP 19
fd0 = os0.open(path4, os.O_CREAT)                                       # STEP 20
os0.symlink(path4,path4)                                                # STEP 21
path1 = "/Volumes/ramdisk/test"                                         # STEP 22
os0.close(fd0)                                                          # STEP 23
file0 = opener0(path4,'r')                                              # STEP 24
path4 += "/" + component1                                               # STEP 25
fd0 = os0.open(path4, os.O_CREAT | os.O_WRONLY | os.O_EXCL)             # STEP 26
file0.truncate()                                                        # STEP 27
result = sorted(os0.listdir(path1))                                     # STEP 28
os0.symlink(path1,path4)                                                # STEP 29
result = os0.path.lexists(path4)                                        # STEP 30
component1 = "gamma"                                                    # STEP 31
file0.truncate()                                                        # STEP 32
str0 += 'w'                                                             # STEP 33
os0.rmdir(path4)                                                        # STEP 34
os0.path.getsize(path4)                                                 # STEP 35
file0.truncate()                                                        # STEP 36
result = sorted(os0.listdir(path4))                                     # STEP 37
result = os0.path.lexists(path1)                                        # STEP 38
bytes0 += 1                                                             # STEP 39
os0.path.getsize(path4)                                                 # STEP 40
bytes2 = 0                                                              # STEP 41
bytes2 += 1                                                             # STEP 42
component4 = "omega"                                                    # STEP 43
str4 += 'k'                                                             # STEP 44
stat4 = os0.stat(path4)                                                 # STEP 45
bytes2 = 0                                                              # STEP 46
bytes0 += 1                                                             # STEP 47
result = os0.path.exists(path4)                                         # STEP 48
str4 += 'm'                                                             # STEP 49
str0 += 'z'                                                             # STEP 50
os0.symlink(path4,path1)                                                # STEP 51
str4 = ""                                                               # STEP 52
file0.next()                                                            # STEP 53
str2 += 'p'                                                             # STEP 54
result = os0.path.lexists(path4)                                        # STEP 55
str4 += 'l'                                                             # STEP 56
component0 = "c"                                                        # STEP 57
result = file0.read(bytes2)                                             # STEP 58
stat0 = os0.stat(path4)                                                 # STEP 59
os0.symlink(path1,path4)                                                # STEP 60
result = os0.path.lexists(path1)                                        # STEP 61
file0.flush()                                                           # STEP 62
os0.path.getsize(path4)                                                 # STEP 63
result = sorted(os0.listdir(path4))                                     # STEP 64
file0.flush()                                                           # STEP 65
result = sorted(os0.listdir(path4))                                     # STEP 66
file0.next()                                                            # STEP 67
result = sorted(os0.listdir(path4))                                     # STEP 68
str0 = ""                                                               # STEP 69
file0.seek(bytes0)                                                      # STEP 70
file0.flush()                                                           # STEP 71
os0.symlink(path1,path4)                                                # STEP 72
bytes2 += 1                                                             # STEP 73
file0.next()                                                            # STEP 74
result = sorted(os0.listdir(path1))                                     # STEP 75
os0.path.getsize(path4)                                                 # STEP 76
result = file0.readlines()                                              # STEP 77
result = os0.path.islink(path1)                                         # STEP 78
os0.path.getsize(path4)                                                 # STEP 79
os0.close(fd0)                                                          # STEP 80
fd0 = os0.open(path4, os.O_CREAT | os.O_WRONLY | os.O_TRUNC | os.O_EXCL)  # STEP 81
result = file0.readlines()                                              # STEP 82
ERROR: (<type 'exceptions.AssertionError'>, AssertionError(), <traceback object at 0x1070e32d8>)
TRACEBACK:
  File "/Users/alex/tstl/examples/pyfakefs/sut.py", line 38007, in safely
    act[2]()
  File "/Users/alex/tstl/examples/pyfakefs/sut.py", line 29027, in act575
    assert (raised == None) == (refRaised == None)
FAILURE IS NEW, STORING; NOW 1 DISTINCT FAILURES
UNCAUGHT EXCEPTION
ERROR: (<type 'exceptions.OSError'>, OSError(9, 'File is not open for reading.'), <traceback object at 0x1088c4290>)
TRACEBACK:
  File "/Users/alex/tstl/examples/pyfakefs/sut.py", line 38007, in safely
    act[2]()
  File "/Users/alex/tstl/examples/pyfakefs/sut.py", line 28293, in act563
    result = self.p_file[0].read()
  File "/Users/alex/tstl/examples/pyfakefs/pyfakefs/fake_filesystem.py", line 4284, in read_error
    self._raise('File is not open for reading.')
  File "/Users/alex/tstl/examples/pyfakefs/pyfakefs/fake_filesystem.py", line 4112, in _raise
    raise OSError(errno.EBADF, message)
Original test has 80 steps

SAVING TEST AS failure.4909.test.1
FINAL VERSION OF TEST, WITH LOGGED REPLAY:
str2 = ""                                                                # STEP 0
bytes2 = 0                                                               # STEP 1
str0 = ""                                                                # STEP 2
bytes0 = 0                                                               # STEP 3
str3 = ""                                                                # STEP 4
bytes4 = 0                                                               # STEP 5
os0 = newFakeOS()                                                        # STEP 6
bytes4 += 1                                                              # STEP 7
component4 = "alpha"                                                     # STEP 8
bytes4 = 0                                                               # STEP 9
str1 = ""                                                               # STEP 10
str4 = ""                                                               # STEP 11
component1 = "e"                                                        # STEP 12
bytes0 += 1                                                             # STEP 13
bytes3 = 0                                                              # STEP 14
path3 = "/Volumes/ramdisk/test"                                         # STEP 15
result = os0.readlink(path3)                                            # STEP 16
os0.remove(path3)                                                       # STEP 17
os0.makedirs(path3)                                                     # STEP 18
os0.remove(path3)                                                       # STEP 19
result = os0.readlink(path3)                                            # STEP 20
result = os0.path.abspath(path3)                                        # STEP 21
opener0 = newFakeOpener(os0)                                            # STEP 22
result = os0.path.abspath(path3)                                        # STEP 23
os0.mkdir(path3)                                                        # STEP 24
result = os0.path.isabs(path3)                                          # STEP 25
result = os0.path.isdir(path3)                                          # STEP 26
component3 = "phi"                                                      # STEP 27
bytes0 += 1                                                             # STEP 28
file0 = opener0(path3,'a')                                              # STEP 29
os0.makedirs(path3)                                                     # STEP 30
os0.makedirs(path3)                                                     # STEP 31
result = os0.path.exists(path3)                                         # STEP 32
file0 = opener0(path3,'r')                                              # STEP 33
result = os0.path.abspath(path3)                                        # STEP 34
file0 = opener0(path3,'a')                                              # STEP 35
file0 = opener0(path3,'r')                                              # STEP 36
os0.makedirs(path3)                                                     # STEP 37
os0.makedirs(path3)                                                     # STEP 38
path3 += "/" + component1                                               # STEP 39
fd0 = os0.open(path3, os.O_CREAT | os.O_WRONLY | os.O_EXCL)             # STEP 40
path1 = "/Volumes/ramdisk/test"                                         # STEP 41
bytes3 += 1                                                             # STEP 42
os0.path.getsize(path3)                                                 # STEP 43
file0 = opener0(path1,'r')                                              # STEP 44
os0.makedirs(path1)                                                     # STEP 45
os0.rename(path3,path1)                                                 # STEP 46
result = os0.readlink(path3)                                            # STEP 47
result = os0.path.exists(path3)                                         # STEP 48
stat2 = os0.stat(path3)                                                 # STEP 49
os0.makedirs(path1)                                                     # STEP 50
result = os0.readlink(path3)                                            # STEP 51
os0.close(fd0)                                                          # STEP 52
file0 = opener0(path3,'a')                                              # STEP 53
bytes0 = 0                                                              # STEP 54
fd0 = os0.open(path3, os.O_CREAT | os.O_WRONLY | os.O_EXCL)             # STEP 55
os0.mkdir(path1)                                                        # STEP 56
result = os0.path.isabs(path1)                                          # STEP 57
os0.write(fd0,str1)                                                     # STEP 58
str1 = ""                                                               # STEP 59
result = os0.path.exists(path3)                                         # STEP 60
path3 += "/" + component4                                               # STEP 61
os0.rename(path3,path1)                                                 # STEP 62
os0.write(fd0,str1)                                                     # STEP 63
str1 = ""                                                               # STEP 64
component4 = "alpha"                                                    # STEP 65
os0.mkdir(path3)                                                        # STEP 66
os0.rmdir(path3)                                                        # STEP 67
bytes3 += 1                                                             # STEP 68
os0.rmdir(path3)                                                        # STEP 69
result = os0.readlink(path1)                                            # STEP 70
result = stat2.st_size                                                  # STEP 71
os0.rmdir(path3)                                                        # STEP 72
bytes1 = 0                                                              # STEP 73
bytes3 = 0                                                              # STEP 74
result = os0.readlink(path1)                                            # STEP 75
stat4 = os0.stat(path3)                                                 # STEP 76
path2 = "/Volumes/ramdisk/test"                                         # STEP 77
os0.rename(path3,path2)                                                 # STEP 78
result = file0.read()                                                   # STEP 79
ERROR: (<type 'exceptions.OSError'>, OSError(9, 'File is not open for reading.'), <traceback object at 0x10a642d40>)
TRACEBACK:
  File "/Users/alex/tstl/examples/pyfakefs/sut.py", line 38007, in safely
    act[2]()
  File "/Users/alex/tstl/examples/pyfakefs/sut.py", line 28293, in act563
    result = self.p_file[0].read()
  File "/Users/alex/tstl/examples/pyfakefs/pyfakefs/fake_filesystem.py", line 4284, in read_error
    self._raise('File is not open for reading.')
  File "/Users/alex/tstl/examples/pyfakefs/pyfakefs/fake_filesystem.py", line 4112, in _raise
    raise OSError(errno.EBADF, message)
FAILURE IS NEW, STORING; NOW 2 DISTINCT FAILURES
UNCAUGHT EXCEPTION
ERROR: (<type 'exceptions.AssertionError'>, AssertionError(), <traceback object at 0x107301518>)
TRACEBACK:
  File "/Users/alex/tstl/examples/pyfakefs/sut.py", line 38007, in safely
    act[2]()
  File "/Users/alex/tstl/examples/pyfakefs/sut.py", line 29027, in act575
    assert (raised == None) == (refRaised == None)
Original test has 93 steps

SAVING TEST AS failure.4909.test.2
FINAL VERSION OF TEST, WITH LOGGED REPLAY:
component3 = "epsilon"                                                   # STEP 0
bytes2 = 0                                                               # STEP 1
bytes0 = 0                                                               # STEP 2
bytes0 += 1                                                              # STEP 3
str1 = ""                                                                # STEP 4
component4 = "h"                                                         # STEP 5
path3 = "/Volumes/ramdisk/test"                                          # STEP 6
component0 = "b"                                                         # STEP 7
str1 += 'o'                                                              # STEP 8
bytes2 += 1                                                              # STEP 9
path0 = "/Volumes/ramdisk/test"                                         # STEP 10
path3 += "/" + component0                                               # STEP 11
os0 = newFakeOS()                                                       # STEP 12
os0.symlink(path0,path3)                                                # STEP 13
stat2 = os0.stat(path3)                                                 # STEP 14
str1 += 'v'                                                             # STEP 15
result = os0.path.islink(path0)                                         # STEP 16
stat0 = os0.lstat(path3)                                                # STEP 17
result = os0.path.isdir(path0)                                          # STEP 18
str0 = ""                                                               # STEP 19
result = os0.path.islink(path0)                                         # STEP 20
str1 = ""                                                               # STEP 21
result = os0.readlink(path3)                                            # STEP 22
stat4 = os0.stat(path3)                                                 # STEP 23
result = stat0.st_size                                                  # STEP 24
result = sorted(os0.listdir(path0))                                     # STEP 25
os0.rmdir(path3)                                                        # STEP 26
stat0 = os0.stat(path3)                                                 # STEP 27
os0.rmdir(path3)                                                        # STEP 28
str3 = ""                                                               # STEP 29
result = os0.path.isfile(path3)                                         # STEP 30
os0.symlink(path3,path0)                                                # STEP 31
path1 = "/Volumes/ramdisk/test"                                         # STEP 32
result = os0.path.isfile(path1)                                         # STEP 33
result = os0.path.lexists(path3)                                        # STEP 34
path1 += "/" + component0                                               # STEP 35
str2 = ""                                                               # STEP 36
os0.remove(path3)                                                       # STEP 37
path4 = "/Volumes/ramdisk/test"                                         # STEP 38
fd0 = os0.open(path3, os.O_CREAT | os.O_EXCL)                           # STEP 39
stat3 = os0.lstat(path1)                                                # STEP 40
bytes4 = 0                                                              # STEP 41
path4 += "/" + component3                                               # STEP 42
str0 += 'a'                                                             # STEP 43
result = stat3.st_size                                                  # STEP 44
result = os0.readlink(path0)                                            # STEP 45
bytes3 = 0                                                              # STEP 46
os0.close(fd0)                                                          # STEP 47
result = stat3.st_size                                                  # STEP 48
str0 = ""                                                               # STEP 49
os0.rmdir(path4)                                                        # STEP 50
result = sorted(os0.listdir(path0))                                     # STEP 51
str1 += 'c'                                                             # STEP 52
path0 += "/" + component0                                               # STEP 53
stat1 = os0.lstat(path3)                                                # STEP 54
result = os0.path.dirname(path1)                                        # STEP 55
path2 = "/Volumes/ramdisk/test"                                         # STEP 56
result = os0.path.dirname(path3)                                        # STEP 57
str1 = ""                                                               # STEP 58
result = os0.path.isdir(path4)                                          # STEP 59
result = os0.read(fd0,bytes0)                                           # STEP 60
os0.rmdir(path4)                                                        # STEP 61
result = os0.path.dirname(path3)                                        # STEP 62
fd0 = os0.open(path4, os.O_CREAT | os.O_EXCL)                           # STEP 63
result = os0.readlink(path4)                                            # STEP 64
bytes1 = 0                                                              # STEP 65
result = os0.readlink(path3)                                            # STEP 66
bytes2 = 0                                                              # STEP 67
result = os0.readlink(path0)                                            # STEP 68
result = os0.path.dirname(path3)                                        # STEP 69
result = os0.readlink(path2)                                            # STEP 70
str3 += 'h'                                                             # STEP 71
os0.symlink(path3,path2)                                                # STEP 72
result = os0.path.dirname(path2)                                        # STEP 73
result = os0.path.dirname(path2)                                        # STEP 74
os0.close(fd0)                                                          # STEP 75
os0.removedirs(path4)                                                   # STEP 76
opener0 = newFakeOpener(os0)                                            # STEP 77
result = stat1.st_size                                                  # STEP 78
result = sorted(os0.listdir(path0))                                     # STEP 79
stat1 = os0.lstat(path4)                                                # STEP 80
file0 = opener0(path1,'r')                                              # STEP 81
file0.next()                                                            # STEP 82
file0.seek(bytes2)                                                      # STEP 83
bytes2 += 1                                                             # STEP 84
stat3 = os0.stat(path3)                                                 # STEP 85
result = os0.path.dirname(path0)                                        # STEP 86
result = file0.read()                                                   # STEP 87
os0.close(fd0)                                                          # STEP 88
path2 = "/Volumes/ramdisk/test"                                         # STEP 89
result = os0.path.dirname(path0)                                        # STEP 90
fd0 = os0.open(path4, os.O_RDWR)                                        # STEP 91
result = file0.readlines()                                              # STEP 92
ERROR: (<type 'exceptions.AssertionError'>, AssertionError(), <traceback object at 0x10aa6c200>)
TRACEBACK:
  File "/Users/alex/tstl/examples/pyfakefs/sut.py", line 38007, in safely
    act[2]()
  File "/Users/alex/tstl/examples/pyfakefs/sut.py", line 29027, in act575
    assert (raised == None) == (refRaised == None)
FAILURE IS NEW, STORING; NOW 3 DISTINCT FAILURES
TEST #182 STEP #55 (0:00:30.000218) Sat Jul 22 03:01:38 2017 [ 894 stmts 1161 branches ] 18111 TOTAL ACTIONS (603.695614864/s)
UNCAUGHT EXCEPTION
ERROR: (<type 'exceptions.AssertionError'>, AssertionError(" (['fg']) == ([]) ",), <traceback object at 0x106530a28>)
TRACEBACK:
  File "/Users/alex/tstl/examples/pyfakefs/sut.py", line 38007, in safely
    act[2]()
  File "/Users/alex/tstl/examples/pyfakefs/sut.py", line 29028, in act575
    try: assert result == result_REF, " (%s) == (%s) " % (result, result_REF)
Original test has 70 steps

SAVING TEST AS failure.4909.test.3
FINAL VERSION OF TEST, WITH LOGGED REPLAY:
os0 = newFakeOS()                                                        # STEP 0
bytes0 = 0                                                               # STEP 1
bytes2 = 0                                                               # STEP 2
bytes0 += 1                                                              # STEP 3
opener0 = newFakeOpener(os0)                                             # STEP 4
component1 = "beta"                                                      # STEP 5
bytes1 = 0                                                               # STEP 6
str4 = ""                                                                # STEP 7
component4 = "phi"                                                       # STEP 8
path1 = "/Volumes/ramdisk/test"                                          # STEP 9
str4 += 'f'                                                             # STEP 10
result = os0.readlink(path1)                                            # STEP 11
str4 += 'g'                                                             # STEP 12
os0.makedirs(path1)                                                     # STEP 13
result = os0.path.exists(path1)                                         # STEP 14
path1 += "/" + component4                                               # STEP 15
str3 = ""                                                               # STEP 16
file0 = opener0(path1)                                                  # STEP 17
fd0 = os0.open(path1, os.O_WRONLY | os.O_APPEND)                        # STEP 18
result = os0.path.isfile(path1)                                         # STEP 19
fd0 = os0.open(path1, os.O_RDONLY)                                      # STEP 20
path3 = "/Volumes/ramdisk/test"                                         # STEP 21
fd0 = os0.open(path1, os.O_CREAT | os.O_WRONLY)                         # STEP 22
file0 = opener0(path1)                                                  # STEP 23
os0.path.getsize(path1)                                                 # STEP 24
os0.rmdir(path1)                                                        # STEP 25
stat2 = os0.fstat(fd0)                                                  # STEP 26
component0 = "alpha"                                                    # STEP 27
file0.truncate()                                                        # STEP 28
file0.next()                                                            # STEP 29
result = stat2.st_size                                                  # STEP 30
stat4 = os0.fstat(fd0)                                                  # STEP 31
file0.next()                                                            # STEP 32
file0.seek(bytes2)                                                      # STEP 33
component4 = "beta"                                                     # STEP 34
os0.rmdir(path1)                                                        # STEP 35
result = file0.readlines()                                              # STEP 36
path0 = "/Volumes/ramdisk/test"                                         # STEP 37
bytes2 = 0                                                              # STEP 38
component2 = "omega"                                                    # STEP 39
file0.truncate()                                                        # STEP 40
result = os0.readlink(path3)                                            # STEP 41
os0.mkdir(path3)                                                        # STEP 42
result = os0.path.isfile(path0)                                         # STEP 43
result = stat4.st_size                                                  # STEP 44
os0.path.getsize(path1)                                                 # STEP 45
result = os0.path.exists(path1)                                         # STEP 46
file0.seek(bytes2)                                                      # STEP 47
file0.truncate()                                                        # STEP 48
os0.makedirs(path3)                                                     # STEP 49
file0.next()                                                            # STEP 50
os0.rmdir(path1)                                                        # STEP 51
path0 += "/" + component1                                               # STEP 52
os0.path.getsize(path0)                                                 # STEP 53
file0.truncate()                                                        # STEP 54
stat1 = os0.fstat(fd0)                                                  # STEP 55
path4 = "/Volumes/ramdisk/test"                                         # STEP 56
os0.makedirs(path4)                                                     # STEP 57
bytes2 += 1                                                             # STEP 58
result = file0.readlines()                                              # STEP 59
stat0 = os0.fstat(fd0)                                                  # STEP 60
os0.rmdir(path0)                                                        # STEP 61
path0 = "/Volumes/ramdisk/test"                                         # STEP 62
os0.makedirs(path3)                                                     # STEP 63
os0.makedirs(path4)                                                     # STEP 64
os0.rmdir(path1)                                                        # STEP 65
os0.write(fd0,str3)                                                     # STEP 66
os0.write(fd0,str4)                                                     # STEP 67
str0 = ""                                                               # STEP 68
result = file0.readlines()                                              # STEP 69
ERROR: (<type 'exceptions.AssertionError'>, AssertionError(" (['fg']) == ([]) ",), <traceback object at 0x10653f5a8>)
TRACEBACK:
  File "/Users/alex/tstl/examples/pyfakefs/sut.py", line 38007, in safely
    act[2]()
  File "/Users/alex/tstl/examples/pyfakefs/sut.py", line 29028, in act575
    try: assert result == result_REF, " (%s) == (%s) " % (result, result_REF)
FAILURE IS NEW, STORING; NOW 4 DISTINCT FAILURES
UNCAUGHT EXCEPTION
ERROR: (<type 'exceptions.AssertionError'>, AssertionError(' (4) == (0) ',), <traceback object at 0x103abfef0>)
TRACEBACK:
  File "/Users/alex/tstl/examples/pyfakefs/sut.py", line 38007, in safely
    act[2]()
  File "/Users/alex/tstl/examples/pyfakefs/sut.py", line 21991, in act461
    try: assert result == result_REF, " (%s) == (%s) " % (result, result_REF)
Original test has 43 steps

SAVING TEST AS failure.4909.test.4
FINAL VERSION OF TEST, WITH LOGGED REPLAY:
bytes0 = 0                                                               # STEP 0
os0 = newFakeOS()                                                        # STEP 1
opener0 = newFakeOpener(os0)                                             # STEP 2
component0 = "b"                                                         # STEP 3
bytes0 += 1                                                              # STEP 4
path3 = "/Volumes/ramdisk/test"                                          # STEP 5
file0 = opener0(path3,'a')                                               # STEP 6
bytes3 = 0                                                               # STEP 7
file0 = opener0(path3,'w')                                               # STEP 8
os0.link(path3,path3)                                                    # STEP 9
bytes0 += 1                                                             # STEP 10
result = os0.path.islink(path3)                                         # STEP 11
file0 = opener0(path3,'w')                                              # STEP 12
component3 = "e"                                                        # STEP 13
os0.link(path3,path3)                                                   # STEP 14
bytes0 += 1                                                             # STEP 15
result = os0.path.exists(path3)                                         # STEP 16
component1 = "phi"                                                      # STEP 17
str4 = ""                                                               # STEP 18
str4 += 'z'                                                             # STEP 19
component4 = "gamma"                                                    # STEP 20
os0.symlink(path3,path3)                                                # STEP 21
component2 = "f"                                                        # STEP 22
result = os0.path.exists(path3)                                         # STEP 23
os0.makedirs(path3)                                                     # STEP 24
bytes4 = 0                                                              # STEP 25
result = os0.path.islink(path3)                                         # STEP 26
bytes3 += 1                                                             # STEP 27
path3 += "/" + component1                                               # STEP 28
fd0 = os0.open(path3, os.O_WRONLY | os.O_APPEND)                        # STEP 29
file0 = opener0(path3,'a')                                              # STEP 30
fd0 = os0.open(path3, os.O_CREAT | os.O_WRONLY | os.O_EXCL)             # STEP 31
str4 += 'n'                                                             # STEP 32
fd0 = os0.open(path3, os.O_WRONLY | os.O_APPEND)                        # STEP 33
str4 += 'e'                                                             # STEP 34
str4 += " "                                                             # STEP 35
file0.write(str4)                                                       # STEP 36
result = os0.path.exists(path3)                                         # STEP 37
stat4 = os0.stat(path3)                                                 # STEP 38
bytes2 = 0                                                              # STEP 39
os0.write(fd0,str4)                                                     # STEP 40
result = file0.readline(bytes4)                                         # STEP 41
result = stat4.st_size                                                  # STEP 42
ERROR: (<type 'exceptions.AssertionError'>, AssertionError(' (4) == (0) ',), <traceback object at 0x103ab4998>)
TRACEBACK:
  File "/Users/alex/tstl/examples/pyfakefs/sut.py", line 38007, in safely
    act[2]()
  File "/Users/alex/tstl/examples/pyfakefs/sut.py", line 21991, in act461
    try: assert result == result_REF, " (%s) == (%s) " % (result, result_REF)
FAILURE IS NEW, STORING; NOW 5 DISTINCT FAILURES
UNCAUGHT EXCEPTION
ERROR: (<type 'exceptions.OSError'>, OSError(9, 'File is not open for writing.'), <traceback object at 0x1065d3f38>)
TRACEBACK:
  File "/Users/alex/tstl/examples/pyfakefs/sut.py", line 38007, in safely
    act[2]()
  File "/Users/alex/tstl/examples/pyfakefs/sut.py", line 29099, in act577
    self.p_file[0].truncate()
  File "/Users/alex/tstl/examples/pyfakefs/pyfakefs/fake_filesystem.py", line 4294, in write_error
    self._raise('File is not open for writing.')
  File "/Users/alex/tstl/examples/pyfakefs/pyfakefs/fake_filesystem.py", line 4112, in _raise
    raise OSError(errno.EBADF, message)
Original test has 86 steps

SAVING TEST AS failure.4909.test.5
FINAL VERSION OF TEST, WITH LOGGED REPLAY:
bytes2 = 0                                                               # STEP 0
os0 = newFakeOS()                                                        # STEP 1
opener0 = newFakeOpener(os0)                                             # STEP 2
bytes1 = 0                                                               # STEP 3
path0 = "/Volumes/ramdisk/test"                                          # STEP 4
path4 = "/Volumes/ramdisk/test"                                          # STEP 5
result = os0.readlink(path0)                                             # STEP 6
result = os0.readlink(path4)                                             # STEP 7
result = os0.path.isdir(path4)                                           # STEP 8
result = os0.path.isdir(path4)                                           # STEP 9
result = os0.path.exists(path0)                                         # STEP 10
file0 = opener0(path4,'a')                                              # STEP 11
result = os0.path.isdir(path4)                                          # STEP 12
component1 = "h"                                                        # STEP 13
str2 = ""                                                               # STEP 14
result = os0.readlink(path0)                                            # STEP 15
file0 = opener0(path4,'a')                                              # STEP 16
str4 = ""                                                               # STEP 17
result = os0.readlink(path4)                                            # STEP 18
file0 = opener0(path4,'r')                                              # STEP 19
result = os0.path.exists(path0)                                         # STEP 20
result = os0.readlink(path4)                                            # STEP 21
path4 += "/" + component1                                               # STEP 22
file0 = opener0(path4)                                                  # STEP 23
fd0 = os0.open(path4, os.O_CREAT | os.O_EXCL)                           # STEP 24
os0.close(fd0)                                                          # STEP 25
component2 = "b"                                                        # STEP 26
stat3 = os0.fstat(fd0)                                                  # STEP 27
path2 = "/Volumes/ramdisk/test"                                         # STEP 28
file0 = opener0(path0)                                                  # STEP 29
os0.write(fd0,str4)                                                     # STEP 30
path4 = "/Volumes/ramdisk/test"                                         # STEP 31
result = os0.path.lexists(path2)                                        # STEP 32
bytes0 = 0                                                              # STEP 33
path1 = "/Volumes/ramdisk/test"                                         # STEP 34
file0 = opener0(path0)                                                  # STEP 35
path2 += "/" + component1                                               # STEP 36
bytes4 = 0                                                              # STEP 37
file0 = opener0(path4,'r')                                              # STEP 38
os0.close(fd0)                                                          # STEP 39
result = os0.path.isdir(path4)                                          # STEP 40
result = os0.path.lexists(path1)                                        # STEP 41
os0.write(fd0,str4)                                                     # STEP 42
file0 = opener0(path2)                                                  # STEP 43
path3 = "/Volumes/ramdisk/test"                                         # STEP 44
result = os0.path.isfile(path0)                                         # STEP 45
str0 = ""                                                               # STEP 46
result = os0.path.isfile(path2)                                         # STEP 47
path1 = "/Volumes/ramdisk/test"                                         # STEP 48
file0.truncate()                                                        # STEP 49
path0 = "/Volumes/ramdisk/test"                                         # STEP 50
result = os0.readlink(path1)                                            # STEP 51
result = os0.path.lexists(path1)                                        # STEP 52
bytes3 = 0                                                              # STEP 53
result = os0.read(fd0,bytes0)                                           # STEP 54
os0.write(fd0,str0)                                                     # STEP 55
bytes0 = 0                                                              # STEP 56
result = os0.readlink(path3)                                            # STEP 57
result = os0.readlink(path1)                                            # STEP 58
result = os0.readlink(path2)                                            # STEP 59
fd0 = os0.open(path2, os.O_CREAT | os.O_WRONLY | os.O_EXCL)             # STEP 60
result = os0.read(fd0,bytes2)                                           # STEP 61
file0.next()                                                            # STEP 62
stat0 = os0.stat(path2)                                                 # STEP 63
path1 += "/" + component2                                               # STEP 64
path1 += "/" + component1                                               # STEP 65
result = os0.path.isfile(path0)                                         # STEP 66
result = os0.path.isfile(path0)                                         # STEP 67
result = os0.path.isdir(path0)                                          # STEP 68
os0.rename(path1,path4)                                                 # STEP 69
result = os0.readlink(path1)                                            # STEP 70
result = os0.path.isfile(path0)                                         # STEP 71
os0.write(fd0,str2)                                                     # STEP 72
result = os0.path.exists(path4)                                         # STEP 73
result = file0.read(bytes4)                                             # STEP 74
component1 = "delta"                                                    # STEP 75
path0 = "/Volumes/ramdisk/test"                                         # STEP 76
os0.write(fd0,str0)                                                     # STEP 77
stat3 = os0.stat(path1)                                                 # STEP 78
result = os0.read(fd0,bytes1)                                           # STEP 79
result = stat0.st_size                                                  # STEP 80
result = os0.readlink(path2)                                            # STEP 81
result = stat0.st_size                                                  # STEP 82
os0.rename(path2,path0)                                                 # STEP 83
result = os0.path.lexists(path2)                                        # STEP 84
file0.truncate()                                                        # STEP 85
ERROR: (<type 'exceptions.OSError'>, OSError(9, 'File is not open for writing.'), <traceback object at 0x106005050>)
TRACEBACK:
  File "/Users/alex/tstl/examples/pyfakefs/sut.py", line 38007, in safely
    act[2]()
  File "/Users/alex/tstl/examples/pyfakefs/sut.py", line 29099, in act577
    self.p_file[0].truncate()
  File "/Users/alex/tstl/examples/pyfakefs/pyfakefs/fake_filesystem.py", line 4294, in write_error
    self._raise('File is not open for writing.')
  File "/Users/alex/tstl/examples/pyfakefs/pyfakefs/fake_filesystem.py", line 4112, in _raise
    raise OSError(errno.EBADF, message)
FAILURE IS NEW, STORING; NOW 6 DISTINCT FAILURES
UNCAUGHT EXCEPTION
ERROR: (<type 'exceptions.OSError'>, OSError(9, 'File is not open for reading.'), <traceback object at 0x107703f38>)
TRACEBACK:
  File "/Users/alex/tstl/examples/pyfakefs/sut.py", line 38007, in safely
    act[2]()
  File "/Users/alex/tstl/examples/pyfakefs/sut.py", line 28821, in act572
    result = self.p_file[0].readline(self.p_bytes[2])
  File "/Users/alex/tstl/examples/pyfakefs/pyfakefs/fake_filesystem.py", line 4284, in read_error
    self._raise('File is not open for reading.')
  File "/Users/alex/tstl/examples/pyfakefs/pyfakefs/fake_filesystem.py", line 4112, in _raise
    raise OSError(errno.EBADF, message)
Original test has 53 steps

SAVING TEST AS failure.4909.test.6
FINAL VERSION OF TEST, WITH LOGGED REPLAY:
component4 = "delta"                                                     # STEP 0
path3 = "/Volumes/ramdisk/test"                                          # STEP 1
str4 = ""                                                                # STEP 2
str4 += " "                                                              # STEP 3
str4 += " "                                                              # STEP 4
path0 = "/Volumes/ramdisk/test"                                          # STEP 5
str2 = ""                                                                # STEP 6
os0 = newFakeOS()                                                        # STEP 7
component2 = "lambda"                                                    # STEP 8
os0.remove(path3)                                                        # STEP 9
str2 += " "                                                             # STEP 10
result = os0.path.lexists(path3)                                        # STEP 11
os0.symlink(path0,path3)                                                # STEP 12
opener0 = newFakeOpener(os0)                                            # STEP 13
path2 = "/Volumes/ramdisk/test"                                         # STEP 14
path2 += "/" + component4                                               # STEP 15
file0 = opener0(path3,'a')                                              # STEP 16
fd0 = os0.open(path2, os.O_CREAT | os.O_WRONLY | os.O_TRUNC)            # STEP 17
bytes2 = 0                                                              # STEP 18
os0.mkdir(path0)                                                        # STEP 19
result = os0.path.islink(path2)                                         # STEP 20
os0.close(fd0)                                                          # STEP 21
result = os0.path.lexists(path0)                                        # STEP 22
result = os0.path.lexists(path3)                                        # STEP 23
stat1 = os0.lstat(path2)                                                # STEP 24
result = os0.path.lexists(path0)                                        # STEP 25
result = os0.path.lexists(path3)                                        # STEP 26
result = os0.path.lexists(path2)                                        # STEP 27
result = stat1.st_nlink                                                 # STEP 28
os0.rename(path2,path3)                                                 # STEP 29
os0.rename(path2,path3)                                                 # STEP 30
str2 = ""                                                               # STEP 31
path0 += "/" + component4                                               # STEP 32
file0 = opener0(path0,'w')                                              # STEP 33
file0.next()                                                            # STEP 34
os0.write(fd0,str4)                                                     # STEP 35
str3 = ""                                                               # STEP 36
fd0 = os0.open(path2, os.O_RDONLY)                                      # STEP 37
os0.write(fd0,str2)                                                     # STEP 38
path3 += "/" + component2                                               # STEP 39
os0.symlink(path2,path2)                                                # STEP 40
os0.close(fd0)                                                          # STEP 41
os0.symlink(path2,path2)                                                # STEP 42
file0.next()                                                            # STEP 43
os0.rename(path3,path2)                                                 # STEP 44
path3 += "/" + component4                                               # STEP 45
fd0 = os0.open(path2, os.O_CREAT | os.O_WRONLY | os.O_EXCL)             # STEP 46
os0.rename(path2,path3)                                                 # STEP 47
os0.rename(path0,path3)                                                 # STEP 48
file0.next()                                                            # STEP 49
os0.mkdir(path0)                                                        # STEP 50
os0.rmdir(path0)                                                        # STEP 51
result = file0.readline(bytes2)                                         # STEP 52
ERROR: (<type 'exceptions.OSError'>, OSError(9, 'File is not open for reading.'), <traceback object at 0x10a808f38>)
TRACEBACK:
  File "/Users/alex/tstl/examples/pyfakefs/sut.py", line 38007, in safely
    act[2]()
  File "/Users/alex/tstl/examples/pyfakefs/sut.py", line 28821, in act572
    result = self.p_file[0].readline(self.p_bytes[2])
  File "/Users/alex/tstl/examples/pyfakefs/pyfakefs/fake_filesystem.py", line 4284, in read_error
    self._raise('File is not open for reading.')
  File "/Users/alex/tstl/examples/pyfakefs/pyfakefs/fake_filesystem.py", line 4112, in _raise
    raise OSError(errno.EBADF, message)
FAILURE IS NEW, STORING; NOW 7 DISTINCT FAILURES
STOPPING TEST DUE TO TIMEOUT, TERMINATED AT LENGTH 15
STOPPING TESTING DUE TO TIMEOUT
42.474916388 PERCENT COVERED
60.3245968819 TOTAL RUNTIME
362 EXECUTED
35923 TOTAL TEST OPERATIONS
41.9824202061 TIME SPENT EXECUTING TEST OPERATIONS
15.6647820473 TIME SPENT EVALUATING GUARDS AND CHOOSING ACTIONS
0.0245108604431 TIME SPENT CHECKING PROPERTIES
42.0069310665 TOTAL TIME SPENT RUNNING SUT
1.10554766655 TIME SPENT RESTARTING
0.0 TIME SPENT REDUCING TEST CASES
7 FAILED
0 REPEATS OF FAILURES
7 ACTUAL DISTINCT FAILURES

FAILURE 0
str3 = ""                                                                # STEP 0
component3 = "h"                                                         # STEP 1
str0 = ""                                                                # STEP 2
str4 = ""                                                                # STEP 3
os0 = newFakeOS()                                                        # STEP 4
str2 = ""                                                                # STEP 5
str4 += 'l'                                                              # STEP 6
opener0 = newFakeOpener(os0)                                             # STEP 7
path4 = "/Volumes/ramdisk/test"                                          # STEP 8
component2 = "f"                                                         # STEP 9
result = os0.path.islink(path4)                                         # STEP 10
result = os0.path.exists(path4)                                         # STEP 11
bytes0 = 0                                                              # STEP 12
component1 = "omega"                                                    # STEP 13
file0 = opener0(path4,'a')                                              # STEP 14
path4 += "/" + component1                                               # STEP 15
fd0 = os0.open(path4, os.O_RDWR)                                        # STEP 16
result = os0.path.exists(path4)                                         # STEP 17
file0 = opener0(path4,'r')                                              # STEP 18
os0.path.getsize(path4)                                                 # STEP 19
fd0 = os0.open(path4, os.O_CREAT)                                       # STEP 20
os0.symlink(path4,path4)                                                # STEP 21
path1 = "/Volumes/ramdisk/test"                                         # STEP 22
os0.close(fd0)                                                          # STEP 23
file0 = opener0(path4,'r')                                              # STEP 24
path4 += "/" + component1                                               # STEP 25
fd0 = os0.open(path4, os.O_CREAT | os.O_WRONLY | os.O_EXCL)             # STEP 26
file0.truncate()                                                        # STEP 27
result = sorted(os0.listdir(path1))                                     # STEP 28
os0.symlink(path1,path4)                                                # STEP 29
result = os0.path.lexists(path4)                                        # STEP 30
component1 = "gamma"                                                    # STEP 31
file0.truncate()                                                        # STEP 32
str0 += 'w'                                                             # STEP 33
os0.rmdir(path4)                                                        # STEP 34
os0.path.getsize(path4)                                                 # STEP 35
file0.truncate()                                                        # STEP 36
result = sorted(os0.listdir(path4))                                     # STEP 37
result = os0.path.lexists(path1)                                        # STEP 38
bytes0 += 1                                                             # STEP 39
os0.path.getsize(path4)                                                 # STEP 40
bytes2 = 0                                                              # STEP 41
bytes2 += 1                                                             # STEP 42
component4 = "omega"                                                    # STEP 43
str4 += 'k'                                                             # STEP 44
stat4 = os0.stat(path4)                                                 # STEP 45
bytes2 = 0                                                              # STEP 46
bytes0 += 1                                                             # STEP 47
result = os0.path.exists(path4)                                         # STEP 48
str4 += 'm'                                                             # STEP 49
str0 += 'z'                                                             # STEP 50
os0.symlink(path4,path1)                                                # STEP 51
str4 = ""                                                               # STEP 52
file0.next()                                                            # STEP 53
str2 += 'p'                                                             # STEP 54
result = os0.path.lexists(path4)                                        # STEP 55
str4 += 'l'                                                             # STEP 56
component0 = "c"                                                        # STEP 57
result = file0.read(bytes2)                                             # STEP 58
stat0 = os0.stat(path4)                                                 # STEP 59
os0.symlink(path1,path4)                                                # STEP 60
result = os0.path.lexists(path1)                                        # STEP 61
file0.flush()                                                           # STEP 62
os0.path.getsize(path4)                                                 # STEP 63
result = sorted(os0.listdir(path4))                                     # STEP 64
file0.flush()                                                           # STEP 65
result = sorted(os0.listdir(path4))                                     # STEP 66
file0.next()                                                            # STEP 67
result = sorted(os0.listdir(path4))                                     # STEP 68
str0 = ""                                                               # STEP 69
file0.seek(bytes0)                                                      # STEP 70
file0.flush()                                                           # STEP 71
os0.symlink(path1,path4)                                                # STEP 72
bytes2 += 1                                                             # STEP 73
file0.next()                                                            # STEP 74
result = sorted(os0.listdir(path1))                                     # STEP 75
os0.path.getsize(path4)                                                 # STEP 76
result = file0.readlines()                                              # STEP 77
result = os0.path.islink(path1)                                         # STEP 78
os0.path.getsize(path4)                                                 # STEP 79
os0.close(fd0)                                                          # STEP 80
fd0 = os0.open(path4, os.O_CREAT | os.O_WRONLY | os.O_TRUNC | os.O_EXCL)  # STEP 81
result = file0.readlines()                                              # STEP 82
ERROR: (<type 'exceptions.AssertionError'>, AssertionError(), <traceback object at 0x1070e32d8>)
TRACEBACK:
  File "/Users/alex/tstl/examples/pyfakefs/sut.py", line 38007, in safely
    act[2]()
  File "/Users/alex/tstl/examples/pyfakefs/sut.py", line 29027, in act575
    assert (raised == None) == (refRaised == None)
FAILURE 1
str2 = ""                                                                # STEP 0
bytes2 = 0                                                               # STEP 1
str0 = ""                                                                # STEP 2
bytes0 = 0                                                               # STEP 3
str3 = ""                                                                # STEP 4
bytes4 = 0                                                               # STEP 5
os0 = newFakeOS()                                                        # STEP 6
bytes4 += 1                                                              # STEP 7
component4 = "alpha"                                                     # STEP 8
bytes4 = 0                                                               # STEP 9
str1 = ""                                                               # STEP 10
str4 = ""                                                               # STEP 11
component1 = "e"                                                        # STEP 12
bytes0 += 1                                                             # STEP 13
bytes3 = 0                                                              # STEP 14
path3 = "/Volumes/ramdisk/test"                                         # STEP 15
result = os0.readlink(path3)                                            # STEP 16
os0.remove(path3)                                                       # STEP 17
os0.makedirs(path3)                                                     # STEP 18
os0.remove(path3)                                                       # STEP 19
result = os0.readlink(path3)                                            # STEP 20
result = os0.path.abspath(path3)                                        # STEP 21
opener0 = newFakeOpener(os0)                                            # STEP 22
result = os0.path.abspath(path3)                                        # STEP 23
os0.mkdir(path3)                                                        # STEP 24
result = os0.path.isabs(path3)                                          # STEP 25
result = os0.path.isdir(path3)                                          # STEP 26
component3 = "phi"                                                      # STEP 27
bytes0 += 1                                                             # STEP 28
file0 = opener0(path3,'a')                                              # STEP 29
os0.makedirs(path3)                                                     # STEP 30
os0.makedirs(path3)                                                     # STEP 31
result = os0.path.exists(path3)                                         # STEP 32
file0 = opener0(path3,'r')                                              # STEP 33
result = os0.path.abspath(path3)                                        # STEP 34
file0 = opener0(path3,'a')                                              # STEP 35
file0 = opener0(path3,'r')                                              # STEP 36
os0.makedirs(path3)                                                     # STEP 37
os0.makedirs(path3)                                                     # STEP 38
path3 += "/" + component1                                               # STEP 39
fd0 = os0.open(path3, os.O_CREAT | os.O_WRONLY | os.O_EXCL)             # STEP 40
path1 = "/Volumes/ramdisk/test"                                         # STEP 41
bytes3 += 1                                                             # STEP 42
os0.path.getsize(path3)                                                 # STEP 43
file0 = opener0(path1,'r')                                              # STEP 44
os0.makedirs(path1)                                                     # STEP 45
os0.rename(path3,path1)                                                 # STEP 46
result = os0.readlink(path3)                                            # STEP 47
result = os0.path.exists(path3)                                         # STEP 48
stat2 = os0.stat(path3)                                                 # STEP 49
os0.makedirs(path1)                                                     # STEP 50
result = os0.readlink(path3)                                            # STEP 51
os0.close(fd0)                                                          # STEP 52
file0 = opener0(path3,'a')                                              # STEP 53
bytes0 = 0                                                              # STEP 54
fd0 = os0.open(path3, os.O_CREAT | os.O_WRONLY | os.O_EXCL)             # STEP 55
os0.mkdir(path1)                                                        # STEP 56
result = os0.path.isabs(path1)                                          # STEP 57
os0.write(fd0,str1)                                                     # STEP 58
str1 = ""                                                               # STEP 59
result = os0.path.exists(path3)                                         # STEP 60
path3 += "/" + component4                                               # STEP 61
os0.rename(path3,path1)                                                 # STEP 62
os0.write(fd0,str1)                                                     # STEP 63
str1 = ""                                                               # STEP 64
component4 = "alpha"                                                    # STEP 65
os0.mkdir(path3)                                                        # STEP 66
os0.rmdir(path3)                                                        # STEP 67
bytes3 += 1                                                             # STEP 68
os0.rmdir(path3)                                                        # STEP 69
result = os0.readlink(path1)                                            # STEP 70
result = stat2.st_size                                                  # STEP 71
os0.rmdir(path3)                                                        # STEP 72
bytes1 = 0                                                              # STEP 73
bytes3 = 0                                                              # STEP 74
result = os0.readlink(path1)                                            # STEP 75
stat4 = os0.stat(path3)                                                 # STEP 76
path2 = "/Volumes/ramdisk/test"                                         # STEP 77
os0.rename(path3,path2)                                                 # STEP 78
result = file0.read()                                                   # STEP 79
ERROR: (<type 'exceptions.OSError'>, OSError(9, 'File is not open for reading.'), <traceback object at 0x10a642d40>)
TRACEBACK:
  File "/Users/alex/tstl/examples/pyfakefs/sut.py", line 38007, in safely
    act[2]()
  File "/Users/alex/tstl/examples/pyfakefs/sut.py", line 28293, in act563
    result = self.p_file[0].read()
  File "/Users/alex/tstl/examples/pyfakefs/pyfakefs/fake_filesystem.py", line 4284, in read_error
    self._raise('File is not open for reading.')
  File "/Users/alex/tstl/examples/pyfakefs/pyfakefs/fake_filesystem.py", line 4112, in _raise
    raise OSError(errno.EBADF, message)
FAILURE 2
component3 = "epsilon"                                                   # STEP 0
bytes2 = 0                                                               # STEP 1
bytes0 = 0                                                               # STEP 2
bytes0 += 1                                                              # STEP 3
str1 = ""                                                                # STEP 4
component4 = "h"                                                         # STEP 5
path3 = "/Volumes/ramdisk/test"                                          # STEP 6
component0 = "b"                                                         # STEP 7
str1 += 'o'                                                              # STEP 8
bytes2 += 1                                                              # STEP 9
path0 = "/Volumes/ramdisk/test"                                         # STEP 10
path3 += "/" + component0                                               # STEP 11
os0 = newFakeOS()                                                       # STEP 12
os0.symlink(path0,path3)                                                # STEP 13
stat2 = os0.stat(path3)                                                 # STEP 14
str1 += 'v'                                                             # STEP 15
result = os0.path.islink(path0)                                         # STEP 16
stat0 = os0.lstat(path3)                                                # STEP 17
result = os0.path.isdir(path0)                                          # STEP 18
str0 = ""                                                               # STEP 19
result = os0.path.islink(path0)                                         # STEP 20
str1 = ""                                                               # STEP 21
result = os0.readlink(path3)                                            # STEP 22
stat4 = os0.stat(path3)                                                 # STEP 23
result = stat0.st_size                                                  # STEP 24
result = sorted(os0.listdir(path0))                                     # STEP 25
os0.rmdir(path3)                                                        # STEP 26
stat0 = os0.stat(path3)                                                 # STEP 27
os0.rmdir(path3)                                                        # STEP 28
str3 = ""                                                               # STEP 29
result = os0.path.isfile(path3)                                         # STEP 30
os0.symlink(path3,path0)                                                # STEP 31
path1 = "/Volumes/ramdisk/test"                                         # STEP 32
result = os0.path.isfile(path1)                                         # STEP 33
result = os0.path.lexists(path3)                                        # STEP 34
path1 += "/" + component0                                               # STEP 35
str2 = ""                                                               # STEP 36
os0.remove(path3)                                                       # STEP 37
path4 = "/Volumes/ramdisk/test"                                         # STEP 38
fd0 = os0.open(path3, os.O_CREAT | os.O_EXCL)                           # STEP 39
stat3 = os0.lstat(path1)                                                # STEP 40
bytes4 = 0                                                              # STEP 41
path4 += "/" + component3                                               # STEP 42
str0 += 'a'                                                             # STEP 43
result = stat3.st_size                                                  # STEP 44
result = os0.readlink(path0)                                            # STEP 45
bytes3 = 0                                                              # STEP 46
os0.close(fd0)                                                          # STEP 47
result = stat3.st_size                                                  # STEP 48
str0 = ""                                                               # STEP 49
os0.rmdir(path4)                                                        # STEP 50
result = sorted(os0.listdir(path0))                                     # STEP 51
str1 += 'c'                                                             # STEP 52
path0 += "/" + component0                                               # STEP 53
stat1 = os0.lstat(path3)                                                # STEP 54
result = os0.path.dirname(path1)                                        # STEP 55
path2 = "/Volumes/ramdisk/test"                                         # STEP 56
result = os0.path.dirname(path3)                                        # STEP 57
str1 = ""                                                               # STEP 58
result = os0.path.isdir(path4)                                          # STEP 59
result = os0.read(fd0,bytes0)                                           # STEP 60
os0.rmdir(path4)                                                        # STEP 61
result = os0.path.dirname(path3)                                        # STEP 62
fd0 = os0.open(path4, os.O_CREAT | os.O_EXCL)                           # STEP 63
result = os0.readlink(path4)                                            # STEP 64
bytes1 = 0                                                              # STEP 65
result = os0.readlink(path3)                                            # STEP 66
bytes2 = 0                                                              # STEP 67
result = os0.readlink(path0)                                            # STEP 68
result = os0.path.dirname(path3)                                        # STEP 69
result = os0.readlink(path2)                                            # STEP 70
str3 += 'h'                                                             # STEP 71
os0.symlink(path3,path2)                                                # STEP 72
result = os0.path.dirname(path2)                                        # STEP 73
result = os0.path.dirname(path2)                                        # STEP 74
os0.close(fd0)                                                          # STEP 75
os0.removedirs(path4)                                                   # STEP 76
opener0 = newFakeOpener(os0)                                            # STEP 77
result = stat1.st_size                                                  # STEP 78
result = sorted(os0.listdir(path0))                                     # STEP 79
stat1 = os0.lstat(path4)                                                # STEP 80
file0 = opener0(path1,'r')                                              # STEP 81
file0.next()                                                            # STEP 82
file0.seek(bytes2)                                                      # STEP 83
bytes2 += 1                                                             # STEP 84
stat3 = os0.stat(path3)                                                 # STEP 85
result = os0.path.dirname(path0)                                        # STEP 86
result = file0.read()                                                   # STEP 87
os0.close(fd0)                                                          # STEP 88
path2 = "/Volumes/ramdisk/test"                                         # STEP 89
result = os0.path.dirname(path0)                                        # STEP 90
fd0 = os0.open(path4, os.O_RDWR)                                        # STEP 91
result = file0.readlines()                                              # STEP 92
ERROR: (<type 'exceptions.AssertionError'>, AssertionError(), <traceback object at 0x10aa6c200>)
TRACEBACK:
  File "/Users/alex/tstl/examples/pyfakefs/sut.py", line 38007, in safely
    act[2]()
  File "/Users/alex/tstl/examples/pyfakefs/sut.py", line 29027, in act575
    assert (raised == None) == (refRaised == None)
FAILURE 3
os0 = newFakeOS()                                                        # STEP 0
bytes0 = 0                                                               # STEP 1
bytes2 = 0                                                               # STEP 2
bytes0 += 1                                                              # STEP 3
opener0 = newFakeOpener(os0)                                             # STEP 4
component1 = "beta"                                                      # STEP 5
bytes1 = 0                                                               # STEP 6
str4 = ""                                                                # STEP 7
component4 = "phi"                                                       # STEP 8
path1 = "/Volumes/ramdisk/test"                                          # STEP 9
str4 += 'f'                                                             # STEP 10
result = os0.readlink(path1)                                            # STEP 11
str4 += 'g'                                                             # STEP 12
os0.makedirs(path1)                                                     # STEP 13
result = os0.path.exists(path1)                                         # STEP 14
path1 += "/" + component4                                               # STEP 15
str3 = ""                                                               # STEP 16
file0 = opener0(path1)                                                  # STEP 17
fd0 = os0.open(path1, os.O_WRONLY | os.O_APPEND)                        # STEP 18
result = os0.path.isfile(path1)                                         # STEP 19
fd0 = os0.open(path1, os.O_RDONLY)                                      # STEP 20
path3 = "/Volumes/ramdisk/test"                                         # STEP 21
fd0 = os0.open(path1, os.O_CREAT | os.O_WRONLY)                         # STEP 22
file0 = opener0(path1)                                                  # STEP 23
os0.path.getsize(path1)                                                 # STEP 24
os0.rmdir(path1)                                                        # STEP 25
stat2 = os0.fstat(fd0)                                                  # STEP 26
component0 = "alpha"                                                    # STEP 27
file0.truncate()                                                        # STEP 28
file0.next()                                                            # STEP 29
result = stat2.st_size                                                  # STEP 30
stat4 = os0.fstat(fd0)                                                  # STEP 31
file0.next()                                                            # STEP 32
file0.seek(bytes2)                                                      # STEP 33
component4 = "beta"                                                     # STEP 34
os0.rmdir(path1)                                                        # STEP 35
result = file0.readlines()                                              # STEP 36
path0 = "/Volumes/ramdisk/test"                                         # STEP 37
bytes2 = 0                                                              # STEP 38
component2 = "omega"                                                    # STEP 39
file0.truncate()                                                        # STEP 40
result = os0.readlink(path3)                                            # STEP 41
os0.mkdir(path3)                                                        # STEP 42
result = os0.path.isfile(path0)                                         # STEP 43
result = stat4.st_size                                                  # STEP 44
os0.path.getsize(path1)                                                 # STEP 45
result = os0.path.exists(path1)                                         # STEP 46
file0.seek(bytes2)                                                      # STEP 47
file0.truncate()                                                        # STEP 48
os0.makedirs(path3)                                                     # STEP 49
file0.next()                                                            # STEP 50
os0.rmdir(path1)                                                        # STEP 51
path0 += "/" + component1                                               # STEP 52
os0.path.getsize(path0)                                                 # STEP 53
file0.truncate()                                                        # STEP 54
stat1 = os0.fstat(fd0)                                                  # STEP 55
path4 = "/Volumes/ramdisk/test"                                         # STEP 56
os0.makedirs(path4)                                                     # STEP 57
bytes2 += 1                                                             # STEP 58
result = file0.readlines()                                              # STEP 59
stat0 = os0.fstat(fd0)                                                  # STEP 60
os0.rmdir(path0)                                                        # STEP 61
path0 = "/Volumes/ramdisk/test"                                         # STEP 62
os0.makedirs(path3)                                                     # STEP 63
os0.makedirs(path4)                                                     # STEP 64
os0.rmdir(path1)                                                        # STEP 65
os0.write(fd0,str3)                                                     # STEP 66
os0.write(fd0,str4)                                                     # STEP 67
str0 = ""                                                               # STEP 68
result = file0.readlines()                                              # STEP 69
ERROR: (<type 'exceptions.AssertionError'>, AssertionError(" (['fg']) == ([]) ",), <traceback object at 0x10653f5a8>)
TRACEBACK:
  File "/Users/alex/tstl/examples/pyfakefs/sut.py", line 38007, in safely
    act[2]()
  File "/Users/alex/tstl/examples/pyfakefs/sut.py", line 29028, in act575
    try: assert result == result_REF, " (%s) == (%s) " % (result, result_REF)
FAILURE 4
bytes0 = 0                                                               # STEP 0
os0 = newFakeOS()                                                        # STEP 1
opener0 = newFakeOpener(os0)                                             # STEP 2
component0 = "b"                                                         # STEP 3
bytes0 += 1                                                              # STEP 4
path3 = "/Volumes/ramdisk/test"                                          # STEP 5
file0 = opener0(path3,'a')                                               # STEP 6
bytes3 = 0                                                               # STEP 7
file0 = opener0(path3,'w')                                               # STEP 8
os0.link(path3,path3)                                                    # STEP 9
bytes0 += 1                                                             # STEP 10
result = os0.path.islink(path3)                                         # STEP 11
file0 = opener0(path3,'w')                                              # STEP 12
component3 = "e"                                                        # STEP 13
os0.link(path3,path3)                                                   # STEP 14
bytes0 += 1                                                             # STEP 15
result = os0.path.exists(path3)                                         # STEP 16
component1 = "phi"                                                      # STEP 17
str4 = ""                                                               # STEP 18
str4 += 'z'                                                             # STEP 19
component4 = "gamma"                                                    # STEP 20
os0.symlink(path3,path3)                                                # STEP 21
component2 = "f"                                                        # STEP 22
result = os0.path.exists(path3)                                         # STEP 23
os0.makedirs(path3)                                                     # STEP 24
bytes4 = 0                                                              # STEP 25
result = os0.path.islink(path3)                                         # STEP 26
bytes3 += 1                                                             # STEP 27
path3 += "/" + component1                                               # STEP 28
fd0 = os0.open(path3, os.O_WRONLY | os.O_APPEND)                        # STEP 29
file0 = opener0(path3,'a')                                              # STEP 30
fd0 = os0.open(path3, os.O_CREAT | os.O_WRONLY | os.O_EXCL)             # STEP 31
str4 += 'n'                                                             # STEP 32
fd0 = os0.open(path3, os.O_WRONLY | os.O_APPEND)                        # STEP 33
str4 += 'e'                                                             # STEP 34
str4 += " "                                                             # STEP 35
file0.write(str4)                                                       # STEP 36
result = os0.path.exists(path3)                                         # STEP 37
stat4 = os0.stat(path3)                                                 # STEP 38
bytes2 = 0                                                              # STEP 39
os0.write(fd0,str4)                                                     # STEP 40
result = file0.readline(bytes4)                                         # STEP 41
result = stat4.st_size                                                  # STEP 42
ERROR: (<type 'exceptions.AssertionError'>, AssertionError(' (4) == (0) ',), <traceback object at 0x103ab4998>)
TRACEBACK:
  File "/Users/alex/tstl/examples/pyfakefs/sut.py", line 38007, in safely
    act[2]()
  File "/Users/alex/tstl/examples/pyfakefs/sut.py", line 21991, in act461
    try: assert result == result_REF, " (%s) == (%s) " % (result, result_REF)
FAILURE 5
bytes2 = 0                                                               # STEP 0
os0 = newFakeOS()                                                        # STEP 1
opener0 = newFakeOpener(os0)                                             # STEP 2
bytes1 = 0                                                               # STEP 3
path0 = "/Volumes/ramdisk/test"                                          # STEP 4
path4 = "/Volumes/ramdisk/test"                                          # STEP 5
result = os0.readlink(path0)                                             # STEP 6
result = os0.readlink(path4)                                             # STEP 7
result = os0.path.isdir(path4)                                           # STEP 8
result = os0.path.isdir(path4)                                           # STEP 9
result = os0.path.exists(path0)                                         # STEP 10
file0 = opener0(path4,'a')                                              # STEP 11
result = os0.path.isdir(path4)                                          # STEP 12
component1 = "h"                                                        # STEP 13
str2 = ""                                                               # STEP 14
result = os0.readlink(path0)                                            # STEP 15
file0 = opener0(path4,'a')                                              # STEP 16
str4 = ""                                                               # STEP 17
result = os0.readlink(path4)                                            # STEP 18
file0 = opener0(path4,'r')                                              # STEP 19
result = os0.path.exists(path0)                                         # STEP 20
result = os0.readlink(path4)                                            # STEP 21
path4 += "/" + component1                                               # STEP 22
file0 = opener0(path4)                                                  # STEP 23
fd0 = os0.open(path4, os.O_CREAT | os.O_EXCL)                           # STEP 24
os0.close(fd0)                                                          # STEP 25
component2 = "b"                                                        # STEP 26
stat3 = os0.fstat(fd0)                                                  # STEP 27
path2 = "/Volumes/ramdisk/test"                                         # STEP 28
file0 = opener0(path0)                                                  # STEP 29
os0.write(fd0,str4)                                                     # STEP 30
path4 = "/Volumes/ramdisk/test"                                         # STEP 31
result = os0.path.lexists(path2)                                        # STEP 32
bytes0 = 0                                                              # STEP 33
path1 = "/Volumes/ramdisk/test"                                         # STEP 34
file0 = opener0(path0)                                                  # STEP 35
path2 += "/" + component1                                               # STEP 36
bytes4 = 0                                                              # STEP 37
file0 = opener0(path4,'r')                                              # STEP 38
os0.close(fd0)                                                          # STEP 39
result = os0.path.isdir(path4)                                          # STEP 40
result = os0.path.lexists(path1)                                        # STEP 41
os0.write(fd0,str4)                                                     # STEP 42
file0 = opener0(path2)                                                  # STEP 43
path3 = "/Volumes/ramdisk/test"                                         # STEP 44
result = os0.path.isfile(path0)                                         # STEP 45
str0 = ""                                                               # STEP 46
result = os0.path.isfile(path2)                                         # STEP 47
path1 = "/Volumes/ramdisk/test"                                         # STEP 48
file0.truncate()                                                        # STEP 49
path0 = "/Volumes/ramdisk/test"                                         # STEP 50
result = os0.readlink(path1)                                            # STEP 51
result = os0.path.lexists(path1)                                        # STEP 52
bytes3 = 0                                                              # STEP 53
result = os0.read(fd0,bytes0)                                           # STEP 54
os0.write(fd0,str0)                                                     # STEP 55
bytes0 = 0                                                              # STEP 56
result = os0.readlink(path3)                                            # STEP 57
result = os0.readlink(path1)                                            # STEP 58
result = os0.readlink(path2)                                            # STEP 59
fd0 = os0.open(path2, os.O_CREAT | os.O_WRONLY | os.O_EXCL)             # STEP 60
result = os0.read(fd0,bytes2)                                           # STEP 61
file0.next()                                                            # STEP 62
stat0 = os0.stat(path2)                                                 # STEP 63
path1 += "/" + component2                                               # STEP 64
path1 += "/" + component1                                               # STEP 65
result = os0.path.isfile(path0)                                         # STEP 66
result = os0.path.isfile(path0)                                         # STEP 67
result = os0.path.isdir(path0)                                          # STEP 68
os0.rename(path1,path4)                                                 # STEP 69
result = os0.readlink(path1)                                            # STEP 70
result = os0.path.isfile(path0)                                         # STEP 71
os0.write(fd0,str2)                                                     # STEP 72
result = os0.path.exists(path4)                                         # STEP 73
result = file0.read(bytes4)                                             # STEP 74
component1 = "delta"                                                    # STEP 75
path0 = "/Volumes/ramdisk/test"                                         # STEP 76
os0.write(fd0,str0)                                                     # STEP 77
stat3 = os0.stat(path1)                                                 # STEP 78
result = os0.read(fd0,bytes1)                                           # STEP 79
result = stat0.st_size                                                  # STEP 80
result = os0.readlink(path2)                                            # STEP 81
result = stat0.st_size                                                  # STEP 82
os0.rename(path2,path0)                                                 # STEP 83
result = os0.path.lexists(path2)                                        # STEP 84
file0.truncate()                                                        # STEP 85
ERROR: (<type 'exceptions.OSError'>, OSError(9, 'File is not open for writing.'), <traceback object at 0x106005050>)
TRACEBACK:
  File "/Users/alex/tstl/examples/pyfakefs/sut.py", line 38007, in safely
    act[2]()
  File "/Users/alex/tstl/examples/pyfakefs/sut.py", line 29099, in act577
    self.p_file[0].truncate()
  File "/Users/alex/tstl/examples/pyfakefs/pyfakefs/fake_filesystem.py", line 4294, in write_error
    self._raise('File is not open for writing.')
  File "/Users/alex/tstl/examples/pyfakefs/pyfakefs/fake_filesystem.py", line 4112, in _raise
    raise OSError(errno.EBADF, message)
FAILURE 6
component4 = "delta"                                                     # STEP 0
path3 = "/Volumes/ramdisk/test"                                          # STEP 1
str4 = ""                                                                # STEP 2
str4 += " "                                                              # STEP 3
str4 += " "                                                              # STEP 4
path0 = "/Volumes/ramdisk/test"                                          # STEP 5
str2 = ""                                                                # STEP 6
os0 = newFakeOS()                                                        # STEP 7
component2 = "lambda"                                                    # STEP 8
os0.remove(path3)                                                        # STEP 9
str2 += " "                                                             # STEP 10
result = os0.path.lexists(path3)                                        # STEP 11
os0.symlink(path0,path3)                                                # STEP 12
opener0 = newFakeOpener(os0)                                            # STEP 13
path2 = "/Volumes/ramdisk/test"                                         # STEP 14
path2 += "/" + component4                                               # STEP 15
file0 = opener0(path3,'a')                                              # STEP 16
fd0 = os0.open(path2, os.O_CREAT | os.O_WRONLY | os.O_TRUNC)            # STEP 17
bytes2 = 0                                                              # STEP 18
os0.mkdir(path0)                                                        # STEP 19
result = os0.path.islink(path2)                                         # STEP 20
os0.close(fd0)                                                          # STEP 21
result = os0.path.lexists(path0)                                        # STEP 22
result = os0.path.lexists(path3)                                        # STEP 23
stat1 = os0.lstat(path2)                                                # STEP 24
result = os0.path.lexists(path0)                                        # STEP 25
result = os0.path.lexists(path3)                                        # STEP 26
result = os0.path.lexists(path2)                                        # STEP 27
result = stat1.st_nlink                                                 # STEP 28
os0.rename(path2,path3)                                                 # STEP 29
os0.rename(path2,path3)                                                 # STEP 30
str2 = ""                                                               # STEP 31
path0 += "/" + component4                                               # STEP 32
file0 = opener0(path0,'w')                                              # STEP 33
file0.next()                                                            # STEP 34
os0.write(fd0,str4)                                                     # STEP 35
str3 = ""                                                               # STEP 36
fd0 = os0.open(path2, os.O_RDONLY)                                      # STEP 37
os0.write(fd0,str2)                                                     # STEP 38
path3 += "/" + component2                                               # STEP 39
os0.symlink(path2,path2)                                                # STEP 40
os0.close(fd0)                                                          # STEP 41
os0.symlink(path2,path2)                                                # STEP 42
file0.next()                                                            # STEP 43
os0.rename(path3,path2)                                                 # STEP 44
path3 += "/" + component4                                               # STEP 45
fd0 = os0.open(path2, os.O_CREAT | os.O_WRONLY | os.O_EXCL)             # STEP 46
os0.rename(path2,path3)                                                 # STEP 47
os0.rename(path0,path3)                                                 # STEP 48
file0.next()                                                            # STEP 49
os0.mkdir(path0)                                                        # STEP 50
os0.rmdir(path0)                                                        # STEP 51
result = file0.readline(bytes2)                                         # STEP 52
ERROR: (<type 'exceptions.OSError'>, OSError(9, 'File is not open for reading.'), <traceback object at 0x10a808f38>)
TRACEBACK:
  File "/Users/alex/tstl/examples/pyfakefs/sut.py", line 38007, in safely
    act[2]()
  File "/Users/alex/tstl/examples/pyfakefs/sut.py", line 28821, in act572
    result = self.p_file[0].readline(self.p_bytes[2])
  File "/Users/alex/tstl/examples/pyfakefs/pyfakefs/fake_filesystem.py", line 4284, in read_error
    self._raise('File is not open for reading.')
  File "/Users/alex/tstl/examples/pyfakefs/pyfakefs/fake_filesystem.py", line 4112, in _raise
    raise OSError(errno.EBADF, message)
1174 BRANCHES COVERED
902 STATEMENTS COVERED
