Random testing using config=Config(swarmSwitch=None, verbose=False, reducePool=False, failedLogging=None, exploitBestHint=1, greedyStutter=False, internal=False, exploit=None, seed=None, generalize=False, useHints=False, localize=False, total=False, speed='FAST', probs=None, normalize=False, verboseExploit=False, highLowSwarm=None, replayable=False, essentials=False, noCoverageExploit=False, quickTests=False, relax=False, enumerateEnabled=False, uniqueValuesAnalysis=False, swarm=False, noReassign=False, html=None, fastQuickAnalysis=False, progress=False, swarmLength=None, noSwarmDependencies=False, profile=False, LOCBaseline=0.2, noEnumerateEnabled=False, full=True, multiple=True, timedProgress=30, silentFail=True, stopWhenStatements=None, swarmP=0.5, stopWhenBranches=None, noAlphaConvert=False, coverFile='coverage.out', readQuick=False, verboseActions=False, running=False, computeFeatureStats=False, compareFails=False, swarmProbs=None, output='failure.5507.test', genDepth=None, Pcrossover=0.2, quickAnalysis=False, keepLast=False, exploitCeiling=0.1, logging=None, LOCProbs=False, noCheck=False, maxTests=-1, noExceptionMatch=False, Pmutate=0.0, depth=100, showActions=False, throughput=False, noCover=False, timeout=60, stutter=None, uncaught=False, markov=None, startExploit=0)
UNCAUGHT EXCEPTION
ERROR: (<type 'exceptions.OSError'>, OSError(9, 'File is not open for reading.'), <traceback object at 0x1084060e0>)
TRACEBACK:
  File "/Users/alex/tstl/examples/pyfakefs/sut.py", line 38007, in safely
    act[2]()
  File "/Users/alex/tstl/examples/pyfakefs/sut.py", line 28761, in act571
    result = self.p_file[0].readline(self.p_bytes[1])
  File "/Users/alex/tstl/examples/pyfakefs/pyfakefs/fake_filesystem.py", line 4284, in read_error
    self._raise('File is not open for reading.')
  File "/Users/alex/tstl/examples/pyfakefs/pyfakefs/fake_filesystem.py", line 4112, in _raise
    raise OSError(errno.EBADF, message)
Original test has 98 steps

SAVING TEST AS failure.5507.test.0
FINAL VERSION OF TEST, WITH LOGGED REPLAY:
component1 = "g"                                                         # STEP 0
component3 = "delta"                                                     # STEP 1
component4 = "beta"                                                      # STEP 2
component2 = "phi"                                                       # STEP 3
path3 = "/Volumes/ramdisk/test"                                          # STEP 4
component0 = "phi"                                                       # STEP 5
bytes4 = 0                                                               # STEP 6
bytes1 = 0                                                               # STEP 7
os0 = newFakeOS()                                                        # STEP 8
path2 = "/Volumes/ramdisk/test"                                          # STEP 9
opener0 = newFakeOpener(os0)                                            # STEP 10
result = os0.path.exists(path2)                                         # STEP 11
str4 = ""                                                               # STEP 12
path1 = "/Volumes/ramdisk/test"                                         # STEP 13
result = os0.readlink(path2)                                            # STEP 14
os0.link(path3,path3)                                                   # STEP 15
path3 += "/" + component4                                               # STEP 16
result = os0.readlink(path3)                                            # STEP 17
result = os0.path.isfile(path2)                                         # STEP 18
path2 = "/Volumes/ramdisk/test"                                         # STEP 19
os0.rename(path3,path1)                                                 # STEP 20
result = os0.path.isabs(path2)                                          # STEP 21
os0.mkdir(path2)                                                        # STEP 22
stat2 = os0.lstat(path3)                                                # STEP 23
result = os0.path.abspath(path1)                                        # STEP 24
str4 += 'g'                                                             # STEP 25
stat0 = os0.stat(path3)                                                 # STEP 26
stat2 = os0.stat(path3)                                                 # STEP 27
os0.mkdir(path2)                                                        # STEP 28
os0.symlink(path2,path1)                                                # STEP 29
fd0 = os0.open(path3, os.O_CREAT | os.O_WRONLY)                         # STEP 30
result = sorted(os0.listdir(path1))                                     # STEP 31
str4 += 's'                                                             # STEP 32
path2 += "/" + component0                                               # STEP 33
result = os0.path.isabs(path1)                                          # STEP 34
result = os0.path.abspath(path3)                                        # STEP 35
result = os0.path.isabs(path3)                                          # STEP 36
component4 = "lambda"                                                   # STEP 37
os0.link(path1,path3)                                                   # STEP 38
component0 = "delta"                                                    # STEP 39
result = os0.path.isdir(path3)                                          # STEP 40
result = os0.path.isfile(path1)                                         # STEP 41
os0.rename(path2,path3)                                                 # STEP 42
stat1 = os0.fstat(fd0)                                                  # STEP 43
os0.rmdir(path3)                                                        # STEP 44
os0.makedirs(path1)                                                     # STEP 45
result = os0.read(fd0,bytes1)                                           # STEP 46
file0 = opener0(path1,'a')                                              # STEP 47
path3 += "/" + component0                                               # STEP 48
path1 += "/" + component4                                               # STEP 49
stat4 = os0.stat(path2)                                                 # STEP 50
os0.close(fd0)                                                          # STEP 51
file0 = opener0(path1,'r')                                              # STEP 52
stat0 = os0.lstat(path3)                                                # STEP 53
component0 = "omega"                                                    # STEP 54
fd0 = os0.open(path3, os.O_CREAT)                                       # STEP 55
str4 += 'k'                                                             # STEP 56
str4 += 'g'                                                             # STEP 57
component4 = "epsilon"                                                  # STEP 58
str4 += 'w'                                                             # STEP 59
file0 = opener0(path1,'a')                                              # STEP 60
os0.symlink(path2,path1)                                                # STEP 61
stat2 = os0.stat(path2)                                                 # STEP 62
result = os0.path.dirname(path1)                                        # STEP 63
os0.symlink(path3,path2)                                                # STEP 64
result = os0.readlink(path1)                                            # STEP 65
os0.rename(path3,path1)                                                 # STEP 66
result = os0.path.dirname(path2)                                        # STEP 67
os0.link(path1,path1)                                                   # STEP 68
path4 = "/Volumes/ramdisk/test"                                         # STEP 69
result = file0.readline()                                               # STEP 70
os0.symlink(path4,path4)                                                # STEP 71
result = os0.path.isdir(path2)                                          # STEP 72
result = file0.readline()                                               # STEP 73
str4 += 'r'                                                             # STEP 74
path4 = "/Volumes/ramdisk/test"                                         # STEP 75
result = file0.readline(bytes1)                                         # STEP 76
result = os0.path.isabs(path2)                                          # STEP 77
os0.rename(path2,path1)                                                 # STEP 78
path1 = "/Volumes/ramdisk/test"                                         # STEP 79
os0.remove(path3)                                                       # STEP 80
result = file0.read(bytes4)                                             # STEP 81
result = os0.read(fd0,bytes1)                                           # STEP 82
result = os0.path.lexists(path4)                                        # STEP 83
path3 += "/" + component1                                               # STEP 84
stat0 = os0.stat(path2)                                                 # STEP 85
result = os0.read(fd0,bytes4)                                           # STEP 86
result = os0.path.exists(path1)                                         # STEP 87
path0 = "/Volumes/ramdisk/test"                                         # STEP 88
result = os0.path.isabs(path1)                                          # STEP 89
os0.link(path2,path0)                                                   # STEP 90
stat0 = os0.lstat(path3)                                                # STEP 91
result = os0.readlink(path3)                                            # STEP 92
result = os0.readlink(path4)                                            # STEP 93
os0.remove(path1)                                                       # STEP 94
result = sorted(os0.listdir(path2))                                     # STEP 95
path1 += "/" + component0                                               # STEP 96
result = file0.readline(bytes1)                                         # STEP 97
ERROR: (<type 'exceptions.OSError'>, OSError(9, 'File is not open for reading.'), <traceback object at 0x1073fb5f0>)
TRACEBACK:
  File "/Users/alex/tstl/examples/pyfakefs/sut.py", line 38007, in safely
    act[2]()
  File "/Users/alex/tstl/examples/pyfakefs/sut.py", line 28761, in act571
    result = self.p_file[0].readline(self.p_bytes[1])
  File "/Users/alex/tstl/examples/pyfakefs/pyfakefs/fake_filesystem.py", line 4284, in read_error
    self._raise('File is not open for reading.')
  File "/Users/alex/tstl/examples/pyfakefs/pyfakefs/fake_filesystem.py", line 4112, in _raise
    raise OSError(errno.EBADF, message)
FAILURE IS NEW, STORING; NOW 1 DISTINCT FAILURES
TEST #463 STEP #54 (0:00:30.000332) Sat Jul 22 06:14:29 2017 [ 907 stmts 1178 branches ] 46252 TOTAL ACTIONS (1541.71626566/s)
UNCAUGHT EXCEPTION
ERROR: (<type 'exceptions.OSError'>, OSError(9, 'File is not open for reading.'), <traceback object at 0x10709cf80>)
TRACEBACK:
  File "/Users/alex/tstl/examples/pyfakefs/sut.py", line 38007, in safely
    act[2]()
  File "/Users/alex/tstl/examples/pyfakefs/sut.py", line 28821, in act572
    result = self.p_file[0].readline(self.p_bytes[2])
  File "/Users/alex/tstl/examples/pyfakefs/pyfakefs/fake_filesystem.py", line 4284, in read_error
    self._raise('File is not open for reading.')
  File "/Users/alex/tstl/examples/pyfakefs/pyfakefs/fake_filesystem.py", line 4112, in _raise
    raise OSError(errno.EBADF, message)
Original test has 94 steps

SAVING TEST AS failure.5507.test.1
FINAL VERSION OF TEST, WITH LOGGED REPLAY:
bytes0 = 0                                                               # STEP 0
component2 = "alpha"                                                     # STEP 1
component0 = "g"                                                         # STEP 2
component1 = "omega"                                                     # STEP 3
component4 = "b"                                                         # STEP 4
os0 = newFakeOS()                                                        # STEP 5
str2 = ""                                                                # STEP 6
str2 += 't'                                                              # STEP 7
str2 += 'f'                                                              # STEP 8
bytes0 += 1                                                              # STEP 9
path2 = "/Volumes/ramdisk/test"                                         # STEP 10
str2 += 'g'                                                             # STEP 11
component3 = "omega"                                                    # STEP 12
str2 += 'b'                                                             # STEP 13
str2 += 'i'                                                             # STEP 14
bytes3 = 0                                                              # STEP 15
bytes1 = 0                                                              # STEP 16
str2 += 'u'                                                             # STEP 17
str2 += 'm'                                                             # STEP 18
str2 = ""                                                               # STEP 19
bytes0 += 1                                                             # STEP 20
str2 += 'z'                                                             # STEP 21
str2 += 't'                                                             # STEP 22
opener0 = newFakeOpener(os0)                                            # STEP 23
str2 += 'n'                                                             # STEP 24
os0.symlink(path2,path2)                                                # STEP 25
str2 += 'r'                                                             # STEP 26
str2 += 'c'                                                             # STEP 27
str2 += 'p'                                                             # STEP 28
str2 += 's'                                                             # STEP 29
result = os0.path.dirname(path2)                                        # STEP 30
str2 += 'r'                                                             # STEP 31
file0 = opener0(path2,'r')                                              # STEP 32
str2 += 'd'                                                             # STEP 33
str2 += 'i'                                                             # STEP 34
str2 += 'd'                                                             # STEP 35
str2 += 'g'                                                             # STEP 36
str2 += 'f'                                                             # STEP 37
file0 = opener0(path2,'w')                                              # STEP 38
str2 += 'u'                                                             # STEP 39
bytes4 = 0                                                              # STEP 40
file0 = opener0(path2)                                                  # STEP 41
str2 += 'y'                                                             # STEP 42
result = os0.readlink(path2)                                            # STEP 43
bytes2 = 0                                                              # STEP 44
path0 = "/Volumes/ramdisk/test"                                         # STEP 45
os0.symlink(path0,path2)                                                # STEP 46
str2 += 'z'                                                             # STEP 47
path2 += "/" + component1                                               # STEP 48
file0 = opener0(path0,'a')                                              # STEP 49
file0 = opener0(path0)                                                  # STEP 50
path4 = "/Volumes/ramdisk/test"                                         # STEP 51
component1 = "g"                                                        # STEP 52
result = os0.path.isdir(path0)                                          # STEP 53
result = os0.path.lexists(path2)                                        # STEP 54
fd0 = os0.open(path2, os.O_CREAT | os.O_WRONLY)                         # STEP 55
str2 += 'c'                                                             # STEP 56
result = os0.path.isdir(path2)                                          # STEP 57
result = os0.read(fd0,bytes4)                                           # STEP 58
stat3 = os0.fstat(fd0)                                                  # STEP 59
stat0 = os0.fstat(fd0)                                                  # STEP 60
str2 += 's'                                                             # STEP 61
result = os0.path.lexists(path0)                                        # STEP 62
result = os0.path.isfile(path0)                                         # STEP 63
os0.close(fd0)                                                          # STEP 64
bytes1 += 1                                                             # STEP 65
file0 = opener0(path0,'r')                                              # STEP 66
str2 += 'f'                                                             # STEP 67
os0.link(path4,path2)                                                   # STEP 68
str2 += 'p'                                                             # STEP 69
str2 += 'a'                                                             # STEP 70
str1 = ""                                                               # STEP 71
fd0 = os0.open(path2, os.O_CREAT | os.O_EXCL)                           # STEP 72
result = stat0.st_nlink                                                 # STEP 73
os0.rename(path2,path0)                                                 # STEP 74
stat1 = os0.stat(path2)                                                 # STEP 75
os0.makedirs(path4)                                                     # STEP 76
stat4 = os0.fstat(fd0)                                                  # STEP 77
file0 = opener0(path2,'w')                                              # STEP 78
result = os0.path.dirname(path2)                                        # STEP 79
result = os0.path.isfile(path0)                                         # STEP 80
str1 += 'n'                                                             # STEP 81
str2 += 'b'                                                             # STEP 82
result = os0.read(fd0,bytes0)                                           # STEP 83
os0.rename(path2,path4)                                                 # STEP 84
os0.link(path0,path4)                                                   # STEP 85
os0.rename(path2,path4)                                                 # STEP 86
str1 += 'i'                                                             # STEP 87
os0.symlink(path4,path0)                                                # STEP 88
str2 += 'a'                                                             # STEP 89
os0.remove(path2)                                                       # STEP 90
result = os0.path.exists(path2)                                         # STEP 91
result = os0.path.isfile(path2)                                         # STEP 92
result = file0.readline(bytes2)                                         # STEP 93
ERROR: (<type 'exceptions.OSError'>, OSError(9, 'File is not open for reading.'), <traceback object at 0x1070c89e0>)
TRACEBACK:
  File "/Users/alex/tstl/examples/pyfakefs/sut.py", line 38007, in safely
    act[2]()
  File "/Users/alex/tstl/examples/pyfakefs/sut.py", line 28821, in act572
    result = self.p_file[0].readline(self.p_bytes[2])
  File "/Users/alex/tstl/examples/pyfakefs/pyfakefs/fake_filesystem.py", line 4284, in read_error
    self._raise('File is not open for reading.')
  File "/Users/alex/tstl/examples/pyfakefs/pyfakefs/fake_filesystem.py", line 4112, in _raise
    raise OSError(errno.EBADF, message)
FAILURE IS NEW, STORING; NOW 2 DISTINCT FAILURES
UNCAUGHT EXCEPTION
ERROR: (<type 'exceptions.AssertionError'>, AssertionError(' (20) == (3) ',), <traceback object at 0x1093f07a0>)
TRACEBACK:
  File "/Users/alex/tstl/examples/pyfakefs/sut.py", line 38007, in safely
    act[2]()
  File "/Users/alex/tstl/examples/pyfakefs/sut.py", line 21881, in act459
    try: assert result == result_REF, " (%s) == (%s) " % (result, result_REF)
Original test has 90 steps

SAVING TEST AS failure.5507.test.2
FINAL VERSION OF TEST, WITH LOGGED REPLAY:
component1 = "g"                                                         # STEP 0
component3 = "delta"                                                     # STEP 1
str4 = ""                                                                # STEP 2
str4 += 'w'                                                              # STEP 3
component0 = "gamma"                                                     # STEP 4
component4 = "epsilon"                                                   # STEP 5
str4 += 'u'                                                              # STEP 6
os0 = newFakeOS()                                                        # STEP 7
str4 += 'x'                                                              # STEP 8
str4 = ""                                                                # STEP 9
component2 = "beta"                                                     # STEP 10
str4 += 'u'                                                             # STEP 11
str4 += 'k'                                                             # STEP 12
bytes0 = 0                                                              # STEP 13
bytes0 += 1                                                             # STEP 14
str4 += 'l'                                                             # STEP 15
str4 += 's'                                                             # STEP 16
str4 += 'u'                                                             # STEP 17
str4 += 'u'                                                             # STEP 18
str4 += 'h'                                                             # STEP 19
opener0 = newFakeOpener(os0)                                            # STEP 20
str4 += 'r'                                                             # STEP 21
str4 += 't'                                                             # STEP 22
str0 = ""                                                               # STEP 23
str4 += 'i'                                                             # STEP 24
str4 += 'y'                                                             # STEP 25
str0 += 'v'                                                             # STEP 26
str0 += 's'                                                             # STEP 27
bytes0 += 1                                                             # STEP 28
str4 += 'l'                                                             # STEP 29
path0 = "/Volumes/ramdisk/test"                                         # STEP 30
os0.makedirs(path0)                                                     # STEP 31
path0 += "/" + component1                                               # STEP 32
stat4 = os0.stat(path0)                                                 # STEP 33
bytes3 = 0                                                              # STEP 34
os0.path.getsize(path0)                                                 # STEP 35
os0.path.getsize(path0)                                                 # STEP 36
fd0 = os0.open(path0, os.O_RDONLY)                                      # STEP 37
str4 += 'p'                                                             # STEP 38
result = os0.path.exists(path0)                                         # STEP 39
component1 = "lambda"                                                   # STEP 40
stat4 = os0.stat(path0)                                                 # STEP 41
fd0 = os0.open(path0, os.O_CREAT | os.O_WRONLY | os.O_TRUNC | os.O_EXCL)  # STEP 42
result = os0.readlink(path0)                                            # STEP 43
str4 += 't'                                                             # STEP 44
result = os0.path.abspath(path0)                                        # STEP 45
file0 = opener0(path0,'a')                                              # STEP 46
stat1 = os0.fstat(fd0)                                                  # STEP 47
str4 += 'f'                                                             # STEP 48
str0 += 'g'                                                             # STEP 49
result = os0.path.isabs(path0)                                          # STEP 50
file0.seek(bytes0)                                                      # STEP 51
result = os0.readlink(path0)                                            # STEP 52
str4 += 'n'                                                             # STEP 53
result = file0.read(bytes0)                                             # STEP 54
file0.truncate()                                                        # STEP 55
os0.write(fd0,str0)                                                     # STEP 56
str0 += 'u'                                                             # STEP 57
str4 += 'x'                                                             # STEP 58
result = stat1.st_nlink                                                 # STEP 59
str0 += 'l'                                                             # STEP 60
file0.write(str4)                                                       # STEP 61
str0 += 'm'                                                             # STEP 62
str4 += 'b'                                                             # STEP 63
bytes0 = 0                                                              # STEP 64
stat4 = os0.stat(path0)                                                 # STEP 65
stat2 = os0.lstat(path0)                                                # STEP 66
str0 += 'm'                                                             # STEP 67
file0.write(str0)                                                       # STEP 68
str0 += 'm'                                                             # STEP 69
str4 += 'k'                                                             # STEP 70
file0.next()                                                            # STEP 71
str4 += 'p'                                                             # STEP 72
str4 += 'w'                                                             # STEP 73
os0.symlink(path0,path0)                                                # STEP 74
bytes0 += 1                                                             # STEP 75
str0 += 'q'                                                             # STEP 76
result = file0.readlines()                                              # STEP 77
str4 += 'k'                                                             # STEP 78
str0 += 'o'                                                             # STEP 79
str0 += 'a'                                                             # STEP 80
str0 += 'g'                                                             # STEP 81
file0.seek(bytes0)                                                      # STEP 82
str0 += 'e'                                                             # STEP 83
result = sorted(os0.listdir(path0))                                     # STEP 84
str4 += 'g'                                                             # STEP 85
path4 = "/Volumes/ramdisk/test"                                         # STEP 86
stat1 = os0.fstat(fd0)                                                  # STEP 87
path2 = "/Volumes/ramdisk/test"                                         # STEP 88
result = stat2.st_size                                                  # STEP 89
ERROR: (<type 'exceptions.AssertionError'>, AssertionError(' (20) == (3) ',), <traceback object at 0x1093c4a70>)
TRACEBACK:
  File "/Users/alex/tstl/examples/pyfakefs/sut.py", line 38007, in safely
    act[2]()
  File "/Users/alex/tstl/examples/pyfakefs/sut.py", line 21881, in act459
    try: assert result == result_REF, " (%s) == (%s) " % (result, result_REF)
FAILURE IS NEW, STORING; NOW 3 DISTINCT FAILURES
STOPPING TEST DUE TO TIMEOUT, TERMINATED AT LENGTH 94
STOPPING TESTING DUE TO TIMEOUT
42.6607209216 PERCENT COVERED
60.332679987 TOTAL RUNTIME
899 EXECUTED
89876 TOTAL TEST OPERATIONS
52.1336965561 TIME SPENT EXECUTING TEST OPERATIONS
4.2168366909 TIME SPENT EVALUATING GUARDS AND CHOOSING ACTIONS
0.0543458461761 TIME SPENT CHECKING PROPERTIES
52.1880424023 TOTAL TIME SPENT RUNNING SUT
2.66269159317 TIME SPENT RESTARTING
0.0 TIME SPENT REDUCING TEST CASES
3 FAILED
0 REPEATS OF FAILURES
3 ACTUAL DISTINCT FAILURES

FAILURE 0
component1 = "g"                                                         # STEP 0
component3 = "delta"                                                     # STEP 1
component4 = "beta"                                                      # STEP 2
component2 = "phi"                                                       # STEP 3
path3 = "/Volumes/ramdisk/test"                                          # STEP 4
component0 = "phi"                                                       # STEP 5
bytes4 = 0                                                               # STEP 6
bytes1 = 0                                                               # STEP 7
os0 = newFakeOS()                                                        # STEP 8
path2 = "/Volumes/ramdisk/test"                                          # STEP 9
opener0 = newFakeOpener(os0)                                            # STEP 10
result = os0.path.exists(path2)                                         # STEP 11
str4 = ""                                                               # STEP 12
path1 = "/Volumes/ramdisk/test"                                         # STEP 13
result = os0.readlink(path2)                                            # STEP 14
os0.link(path3,path3)                                                   # STEP 15
path3 += "/" + component4                                               # STEP 16
result = os0.readlink(path3)                                            # STEP 17
result = os0.path.isfile(path2)                                         # STEP 18
path2 = "/Volumes/ramdisk/test"                                         # STEP 19
os0.rename(path3,path1)                                                 # STEP 20
result = os0.path.isabs(path2)                                          # STEP 21
os0.mkdir(path2)                                                        # STEP 22
stat2 = os0.lstat(path3)                                                # STEP 23
result = os0.path.abspath(path1)                                        # STEP 24
str4 += 'g'                                                             # STEP 25
stat0 = os0.stat(path3)                                                 # STEP 26
stat2 = os0.stat(path3)                                                 # STEP 27
os0.mkdir(path2)                                                        # STEP 28
os0.symlink(path2,path1)                                                # STEP 29
fd0 = os0.open(path3, os.O_CREAT | os.O_WRONLY)                         # STEP 30
result = sorted(os0.listdir(path1))                                     # STEP 31
str4 += 's'                                                             # STEP 32
path2 += "/" + component0                                               # STEP 33
result = os0.path.isabs(path1)                                          # STEP 34
result = os0.path.abspath(path3)                                        # STEP 35
result = os0.path.isabs(path3)                                          # STEP 36
component4 = "lambda"                                                   # STEP 37
os0.link(path1,path3)                                                   # STEP 38
component0 = "delta"                                                    # STEP 39
result = os0.path.isdir(path3)                                          # STEP 40
result = os0.path.isfile(path1)                                         # STEP 41
os0.rename(path2,path3)                                                 # STEP 42
stat1 = os0.fstat(fd0)                                                  # STEP 43
os0.rmdir(path3)                                                        # STEP 44
os0.makedirs(path1)                                                     # STEP 45
result = os0.read(fd0,bytes1)                                           # STEP 46
file0 = opener0(path1,'a')                                              # STEP 47
path3 += "/" + component0                                               # STEP 48
path1 += "/" + component4                                               # STEP 49
stat4 = os0.stat(path2)                                                 # STEP 50
os0.close(fd0)                                                          # STEP 51
file0 = opener0(path1,'r')                                              # STEP 52
stat0 = os0.lstat(path3)                                                # STEP 53
component0 = "omega"                                                    # STEP 54
fd0 = os0.open(path3, os.O_CREAT)                                       # STEP 55
str4 += 'k'                                                             # STEP 56
str4 += 'g'                                                             # STEP 57
component4 = "epsilon"                                                  # STEP 58
str4 += 'w'                                                             # STEP 59
file0 = opener0(path1,'a')                                              # STEP 60
os0.symlink(path2,path1)                                                # STEP 61
stat2 = os0.stat(path2)                                                 # STEP 62
result = os0.path.dirname(path1)                                        # STEP 63
os0.symlink(path3,path2)                                                # STEP 64
result = os0.readlink(path1)                                            # STEP 65
os0.rename(path3,path1)                                                 # STEP 66
result = os0.path.dirname(path2)                                        # STEP 67
os0.link(path1,path1)                                                   # STEP 68
path4 = "/Volumes/ramdisk/test"                                         # STEP 69
result = file0.readline()                                               # STEP 70
os0.symlink(path4,path4)                                                # STEP 71
result = os0.path.isdir(path2)                                          # STEP 72
result = file0.readline()                                               # STEP 73
str4 += 'r'                                                             # STEP 74
path4 = "/Volumes/ramdisk/test"                                         # STEP 75
result = file0.readline(bytes1)                                         # STEP 76
result = os0.path.isabs(path2)                                          # STEP 77
os0.rename(path2,path1)                                                 # STEP 78
path1 = "/Volumes/ramdisk/test"                                         # STEP 79
os0.remove(path3)                                                       # STEP 80
result = file0.read(bytes4)                                             # STEP 81
result = os0.read(fd0,bytes1)                                           # STEP 82
result = os0.path.lexists(path4)                                        # STEP 83
path3 += "/" + component1                                               # STEP 84
stat0 = os0.stat(path2)                                                 # STEP 85
result = os0.read(fd0,bytes4)                                           # STEP 86
result = os0.path.exists(path1)                                         # STEP 87
path0 = "/Volumes/ramdisk/test"                                         # STEP 88
result = os0.path.isabs(path1)                                          # STEP 89
os0.link(path2,path0)                                                   # STEP 90
stat0 = os0.lstat(path3)                                                # STEP 91
result = os0.readlink(path3)                                            # STEP 92
result = os0.readlink(path4)                                            # STEP 93
os0.remove(path1)                                                       # STEP 94
result = sorted(os0.listdir(path2))                                     # STEP 95
path1 += "/" + component0                                               # STEP 96
result = file0.readline(bytes1)                                         # STEP 97
ERROR: (<type 'exceptions.OSError'>, OSError(9, 'File is not open for reading.'), <traceback object at 0x1073fb5f0>)
TRACEBACK:
  File "/Users/alex/tstl/examples/pyfakefs/sut.py", line 38007, in safely
    act[2]()
  File "/Users/alex/tstl/examples/pyfakefs/sut.py", line 28761, in act571
    result = self.p_file[0].readline(self.p_bytes[1])
  File "/Users/alex/tstl/examples/pyfakefs/pyfakefs/fake_filesystem.py", line 4284, in read_error
    self._raise('File is not open for reading.')
  File "/Users/alex/tstl/examples/pyfakefs/pyfakefs/fake_filesystem.py", line 4112, in _raise
    raise OSError(errno.EBADF, message)
FAILURE 1
bytes0 = 0                                                               # STEP 0
component2 = "alpha"                                                     # STEP 1
component0 = "g"                                                         # STEP 2
component1 = "omega"                                                     # STEP 3
component4 = "b"                                                         # STEP 4
os0 = newFakeOS()                                                        # STEP 5
str2 = ""                                                                # STEP 6
str2 += 't'                                                              # STEP 7
str2 += 'f'                                                              # STEP 8
bytes0 += 1                                                              # STEP 9
path2 = "/Volumes/ramdisk/test"                                         # STEP 10
str2 += 'g'                                                             # STEP 11
component3 = "omega"                                                    # STEP 12
str2 += 'b'                                                             # STEP 13
str2 += 'i'                                                             # STEP 14
bytes3 = 0                                                              # STEP 15
bytes1 = 0                                                              # STEP 16
str2 += 'u'                                                             # STEP 17
str2 += 'm'                                                             # STEP 18
str2 = ""                                                               # STEP 19
bytes0 += 1                                                             # STEP 20
str2 += 'z'                                                             # STEP 21
str2 += 't'                                                             # STEP 22
opener0 = newFakeOpener(os0)                                            # STEP 23
str2 += 'n'                                                             # STEP 24
os0.symlink(path2,path2)                                                # STEP 25
str2 += 'r'                                                             # STEP 26
str2 += 'c'                                                             # STEP 27
str2 += 'p'                                                             # STEP 28
str2 += 's'                                                             # STEP 29
result = os0.path.dirname(path2)                                        # STEP 30
str2 += 'r'                                                             # STEP 31
file0 = opener0(path2,'r')                                              # STEP 32
str2 += 'd'                                                             # STEP 33
str2 += 'i'                                                             # STEP 34
str2 += 'd'                                                             # STEP 35
str2 += 'g'                                                             # STEP 36
str2 += 'f'                                                             # STEP 37
file0 = opener0(path2,'w')                                              # STEP 38
str2 += 'u'                                                             # STEP 39
bytes4 = 0                                                              # STEP 40
file0 = opener0(path2)                                                  # STEP 41
str2 += 'y'                                                             # STEP 42
result = os0.readlink(path2)                                            # STEP 43
bytes2 = 0                                                              # STEP 44
path0 = "/Volumes/ramdisk/test"                                         # STEP 45
os0.symlink(path0,path2)                                                # STEP 46
str2 += 'z'                                                             # STEP 47
path2 += "/" + component1                                               # STEP 48
file0 = opener0(path0,'a')                                              # STEP 49
file0 = opener0(path0)                                                  # STEP 50
path4 = "/Volumes/ramdisk/test"                                         # STEP 51
component1 = "g"                                                        # STEP 52
result = os0.path.isdir(path0)                                          # STEP 53
result = os0.path.lexists(path2)                                        # STEP 54
fd0 = os0.open(path2, os.O_CREAT | os.O_WRONLY)                         # STEP 55
str2 += 'c'                                                             # STEP 56
result = os0.path.isdir(path2)                                          # STEP 57
result = os0.read(fd0,bytes4)                                           # STEP 58
stat3 = os0.fstat(fd0)                                                  # STEP 59
stat0 = os0.fstat(fd0)                                                  # STEP 60
str2 += 's'                                                             # STEP 61
result = os0.path.lexists(path0)                                        # STEP 62
result = os0.path.isfile(path0)                                         # STEP 63
os0.close(fd0)                                                          # STEP 64
bytes1 += 1                                                             # STEP 65
file0 = opener0(path0,'r')                                              # STEP 66
str2 += 'f'                                                             # STEP 67
os0.link(path4,path2)                                                   # STEP 68
str2 += 'p'                                                             # STEP 69
str2 += 'a'                                                             # STEP 70
str1 = ""                                                               # STEP 71
fd0 = os0.open(path2, os.O_CREAT | os.O_EXCL)                           # STEP 72
result = stat0.st_nlink                                                 # STEP 73
os0.rename(path2,path0)                                                 # STEP 74
stat1 = os0.stat(path2)                                                 # STEP 75
os0.makedirs(path4)                                                     # STEP 76
stat4 = os0.fstat(fd0)                                                  # STEP 77
file0 = opener0(path2,'w')                                              # STEP 78
result = os0.path.dirname(path2)                                        # STEP 79
result = os0.path.isfile(path0)                                         # STEP 80
str1 += 'n'                                                             # STEP 81
str2 += 'b'                                                             # STEP 82
result = os0.read(fd0,bytes0)                                           # STEP 83
os0.rename(path2,path4)                                                 # STEP 84
os0.link(path0,path4)                                                   # STEP 85
os0.rename(path2,path4)                                                 # STEP 86
str1 += 'i'                                                             # STEP 87
os0.symlink(path4,path0)                                                # STEP 88
str2 += 'a'                                                             # STEP 89
os0.remove(path2)                                                       # STEP 90
result = os0.path.exists(path2)                                         # STEP 91
result = os0.path.isfile(path2)                                         # STEP 92
result = file0.readline(bytes2)                                         # STEP 93
ERROR: (<type 'exceptions.OSError'>, OSError(9, 'File is not open for reading.'), <traceback object at 0x1070c89e0>)
TRACEBACK:
  File "/Users/alex/tstl/examples/pyfakefs/sut.py", line 38007, in safely
    act[2]()
  File "/Users/alex/tstl/examples/pyfakefs/sut.py", line 28821, in act572
    result = self.p_file[0].readline(self.p_bytes[2])
  File "/Users/alex/tstl/examples/pyfakefs/pyfakefs/fake_filesystem.py", line 4284, in read_error
    self._raise('File is not open for reading.')
  File "/Users/alex/tstl/examples/pyfakefs/pyfakefs/fake_filesystem.py", line 4112, in _raise
    raise OSError(errno.EBADF, message)
FAILURE 2
component1 = "g"                                                         # STEP 0
component3 = "delta"                                                     # STEP 1
str4 = ""                                                                # STEP 2
str4 += 'w'                                                              # STEP 3
component0 = "gamma"                                                     # STEP 4
component4 = "epsilon"                                                   # STEP 5
str4 += 'u'                                                              # STEP 6
os0 = newFakeOS()                                                        # STEP 7
str4 += 'x'                                                              # STEP 8
str4 = ""                                                                # STEP 9
component2 = "beta"                                                     # STEP 10
str4 += 'u'                                                             # STEP 11
str4 += 'k'                                                             # STEP 12
bytes0 = 0                                                              # STEP 13
bytes0 += 1                                                             # STEP 14
str4 += 'l'                                                             # STEP 15
str4 += 's'                                                             # STEP 16
str4 += 'u'                                                             # STEP 17
str4 += 'u'                                                             # STEP 18
str4 += 'h'                                                             # STEP 19
opener0 = newFakeOpener(os0)                                            # STEP 20
str4 += 'r'                                                             # STEP 21
str4 += 't'                                                             # STEP 22
str0 = ""                                                               # STEP 23
str4 += 'i'                                                             # STEP 24
str4 += 'y'                                                             # STEP 25
str0 += 'v'                                                             # STEP 26
str0 += 's'                                                             # STEP 27
bytes0 += 1                                                             # STEP 28
str4 += 'l'                                                             # STEP 29
path0 = "/Volumes/ramdisk/test"                                         # STEP 30
os0.makedirs(path0)                                                     # STEP 31
path0 += "/" + component1                                               # STEP 32
stat4 = os0.stat(path0)                                                 # STEP 33
bytes3 = 0                                                              # STEP 34
os0.path.getsize(path0)                                                 # STEP 35
os0.path.getsize(path0)                                                 # STEP 36
fd0 = os0.open(path0, os.O_RDONLY)                                      # STEP 37
str4 += 'p'                                                             # STEP 38
result = os0.path.exists(path0)                                         # STEP 39
component1 = "lambda"                                                   # STEP 40
stat4 = os0.stat(path0)                                                 # STEP 41
fd0 = os0.open(path0, os.O_CREAT | os.O_WRONLY | os.O_TRUNC | os.O_EXCL)  # STEP 42
result = os0.readlink(path0)                                            # STEP 43
str4 += 't'                                                             # STEP 44
result = os0.path.abspath(path0)                                        # STEP 45
file0 = opener0(path0,'a')                                              # STEP 46
stat1 = os0.fstat(fd0)                                                  # STEP 47
str4 += 'f'                                                             # STEP 48
str0 += 'g'                                                             # STEP 49
result = os0.path.isabs(path0)                                          # STEP 50
file0.seek(bytes0)                                                      # STEP 51
result = os0.readlink(path0)                                            # STEP 52
str4 += 'n'                                                             # STEP 53
result = file0.read(bytes0)                                             # STEP 54
file0.truncate()                                                        # STEP 55
os0.write(fd0,str0)                                                     # STEP 56
str0 += 'u'                                                             # STEP 57
str4 += 'x'                                                             # STEP 58
result = stat1.st_nlink                                                 # STEP 59
str0 += 'l'                                                             # STEP 60
file0.write(str4)                                                       # STEP 61
str0 += 'm'                                                             # STEP 62
str4 += 'b'                                                             # STEP 63
bytes0 = 0                                                              # STEP 64
stat4 = os0.stat(path0)                                                 # STEP 65
stat2 = os0.lstat(path0)                                                # STEP 66
str0 += 'm'                                                             # STEP 67
file0.write(str0)                                                       # STEP 68
str0 += 'm'                                                             # STEP 69
str4 += 'k'                                                             # STEP 70
file0.next()                                                            # STEP 71
str4 += 'p'                                                             # STEP 72
str4 += 'w'                                                             # STEP 73
os0.symlink(path0,path0)                                                # STEP 74
bytes0 += 1                                                             # STEP 75
str0 += 'q'                                                             # STEP 76
result = file0.readlines()                                              # STEP 77
str4 += 'k'                                                             # STEP 78
str0 += 'o'                                                             # STEP 79
str0 += 'a'                                                             # STEP 80
str0 += 'g'                                                             # STEP 81
file0.seek(bytes0)                                                      # STEP 82
str0 += 'e'                                                             # STEP 83
result = sorted(os0.listdir(path0))                                     # STEP 84
str4 += 'g'                                                             # STEP 85
path4 = "/Volumes/ramdisk/test"                                         # STEP 86
stat1 = os0.fstat(fd0)                                                  # STEP 87
path2 = "/Volumes/ramdisk/test"                                         # STEP 88
result = stat2.st_size                                                  # STEP 89
ERROR: (<type 'exceptions.AssertionError'>, AssertionError(' (20) == (3) ',), <traceback object at 0x1093c4a70>)
TRACEBACK:
  File "/Users/alex/tstl/examples/pyfakefs/sut.py", line 38007, in safely
    act[2]()
  File "/Users/alex/tstl/examples/pyfakefs/sut.py", line 21881, in act459
    try: assert result == result_REF, " (%s) == (%s) " % (result, result_REF)
1181 BRANCHES COVERED
907 STATEMENTS COVERED
