Random testing using config=Config(swarmSwitch=None, verbose=False, reducePool=False, failedLogging=None, exploitBestHint=1, greedyStutter=False, internal=False, exploit=None, seed=None, generalize=False, useHints=False, localize=False, total=False, speed='FAST', probs=None, normalize=False, verboseExploit=False, highLowSwarm=None, replayable=False, essentials=False, noCoverageExploit=False, quickTests=False, relax=False, enumerateEnabled=False, uniqueValuesAnalysis=False, swarm=False, noReassign=False, html=None, fastQuickAnalysis=False, progress=False, swarmLength=None, noSwarmDependencies=False, profile=False, LOCBaseline=0.2, noEnumerateEnabled=False, full=True, multiple=True, timedProgress=30, silentFail=True, stopWhenStatements=None, swarmP=0.5, stopWhenBranches=None, noAlphaConvert=False, coverFile='coverage.out', readQuick=False, verboseActions=False, running=False, computeFeatureStats=False, compareFails=False, swarmProbs=None, output='failure.5446.test', genDepth=None, Pcrossover=0.2, quickAnalysis=False, keepLast=False, exploitCeiling=0.1, logging=None, LOCProbs=False, noCheck=False, maxTests=-1, noExceptionMatch=False, Pmutate=0.0, depth=100, showActions=False, throughput=False, noCover=False, timeout=60, stutter=None, uncaught=False, markov=None, startExploit=0)
UNCAUGHT EXCEPTION
ERROR: (<type 'exceptions.AssertionError'>, AssertionError(' (0) == (1) ',), <traceback object at 0x10a5538c0>)
TRACEBACK:
  File "/Users/alex/tstl/examples/pyfakefs/sut.py", line 38007, in safely
    act[2]()
  File "/Users/alex/tstl/examples/pyfakefs/sut.py", line 21936, in act460
    try: assert result == result_REF, " (%s) == (%s) " % (result, result_REF)
Original test has 86 steps

SAVING TEST AS failure.5446.test.0
FINAL VERSION OF TEST, WITH LOGGED REPLAY:
component3 = "delta"                                                     # STEP 0
component1 = "f"                                                         # STEP 1
component4 = "phi"                                                       # STEP 2
bytes4 = 0                                                               # STEP 3
component0 = "f"                                                         # STEP 4
os0 = newFakeOS()                                                        # STEP 5
bytes1 = 0                                                               # STEP 6
opener0 = newFakeOpener(os0)                                             # STEP 7
component2 = "omega"                                                     # STEP 8
bytes4 += 1                                                              # STEP 9
str3 = ""                                                               # STEP 10
bytes3 = 0                                                              # STEP 11
path3 = "/Volumes/ramdisk/test"                                         # STEP 12
bytes3 += 1                                                             # STEP 13
path3 += "/" + component4                                               # STEP 14
bytes0 = 0                                                              # STEP 15
os0.path.getsize(path3)                                                 # STEP 16
stat3 = os0.lstat(path3)                                                # STEP 17
str3 += 'u'                                                             # STEP 18
str3 += 'z'                                                             # STEP 19
file0 = opener0(path3,'w')                                              # STEP 20
file0.seek(bytes4)                                                      # STEP 21
result = file0.readline()                                               # STEP 22
path4 = "/Volumes/ramdisk/test"                                         # STEP 23
str3 += 'k'                                                             # STEP 24
str3 += 'q'                                                             # STEP 25
file0.seek(bytes3)                                                      # STEP 26
str3 = ""                                                               # STEP 27
result = file0.readline(bytes4)                                         # STEP 28
result = sorted(os0.listdir(path3))                                     # STEP 29
fd0 = os0.open(path3, os.O_RDONLY)                                      # STEP 30
str3 += 'e'                                                             # STEP 31
path0 = "/Volumes/ramdisk/test"                                         # STEP 32
result = file0.readline(bytes3)                                         # STEP 33
result = os0.path.lexists(path4)                                        # STEP 34
os0.rename(path3,path4)                                                 # STEP 35
file0.flush()                                                           # STEP 36
os0.symlink(path4,path0)                                                # STEP 37
result = os0.path.abspath(path4)                                        # STEP 38
str3 += 's'                                                             # STEP 39
result = file0.read(bytes3)                                             # STEP 40
result = file0.readline(bytes1)                                         # STEP 41
os0.link(path0,path3)                                                   # STEP 42
file0.seek(bytes3)                                                      # STEP 43
result = os0.path.dirname(path0)                                        # STEP 44
path3 = "/Volumes/ramdisk/test"                                         # STEP 45
result = file0.readline()                                               # STEP 46
os0.symlink(path3,path0)                                                # STEP 47
os0.makedirs(path0)                                                     # STEP 48
result = file0.readlines()                                              # STEP 49
component4 = "c"                                                        # STEP 50
result = os0.path.islink(path4)                                         # STEP 51
bytes1 = 0                                                              # STEP 52
result = os0.path.abspath(path3)                                        # STEP 53
bytes3 += 1                                                             # STEP 54
file0.truncate()                                                        # STEP 55
stat3 = os0.fstat(fd0)                                                  # STEP 56
file0.next()                                                            # STEP 57
os0.link(path3,path4)                                                   # STEP 58
path4 = "/Volumes/ramdisk/test"                                         # STEP 59
path2 = "/Volumes/ramdisk/test"                                         # STEP 60
os0.write(fd0,str3)                                                     # STEP 61
result = os0.path.exists(path0)                                         # STEP 62
result = os0.path.dirname(path2)                                        # STEP 63
os0.link(path2,path0)                                                   # STEP 64
path2 += "/" + component4                                               # STEP 65
os0.symlink(path3,path4)                                                # STEP 66
result = file0.readline(bytes3)                                         # STEP 67
result = os0.path.exists(path3)                                         # STEP 68
result = os0.path.abspath(path2)                                        # STEP 69
result = file0.readline(bytes3)                                         # STEP 70
stat1 = os0.lstat(path2)                                                # STEP 71
result = os0.path.lexists(path2)                                        # STEP 72
os0.mkdir(path0)                                                        # STEP 73
result = os0.path.isdir(path0)                                          # STEP 74
os0.link(path4,path3)                                                   # STEP 75
os0.symlink(path0,path2)                                                # STEP 76
os0.makedirs(path0)                                                     # STEP 77
path2 += "/" + component3                                               # STEP 78
path2 += "/" + component3                                               # STEP 79
os0.symlink(path4,path4)                                                # STEP 80
os0.close(fd0)                                                          # STEP 81
os0.link(path3,path3)                                                   # STEP 82
os0.symlink(path0,path3)                                                # STEP 83
bytes4 += 1                                                             # STEP 84
result = stat3.st_size                                                  # STEP 85
ERROR: (<type 'exceptions.AssertionError'>, AssertionError(' (0) == (1) ',), <traceback object at 0x1037bf2d8>)
TRACEBACK:
  File "/Users/alex/tstl/examples/pyfakefs/sut.py", line 38007, in safely
    act[2]()
  File "/Users/alex/tstl/examples/pyfakefs/sut.py", line 21936, in act460
    try: assert result == result_REF, " (%s) == (%s) " % (result, result_REF)
FAILURE IS NEW, STORING; NOW 1 DISTINCT FAILURES
TEST #431 STEP #56 (0:00:30.000203) Sat Jul 22 05:48:15 2017 [ 893 stmts 1161 branches ] 43042 TOTAL ACTIONS (1434.72361869/s)
STOPPING TEST DUE TO TIMEOUT, TERMINATED AT LENGTH 97
STOPPING TESTING DUE TO TIMEOUT
42.2519509476 PERCENT COVERED
60.3254551888 TOTAL RUNTIME
876 EXECUTED
87583 TOTAL TEST OPERATIONS
52.6194858551 TIME SPENT EXECUTING TEST OPERATIONS
4.08561348915 TIME SPENT EVALUATING GUARDS AND CHOOSING ACTIONS
0.0514860153198 TIME SPENT CHECKING PROPERTIES
52.6709718704 TOTAL TIME SPENT RUNNING SUT
2.5353205204 TIME SPENT RESTARTING
0.0 TIME SPENT REDUCING TEST CASES
1 FAILED
0 REPEATS OF FAILURES
1 ACTUAL DISTINCT FAILURES

FAILURE 0
component3 = "delta"                                                     # STEP 0
component1 = "f"                                                         # STEP 1
component4 = "phi"                                                       # STEP 2
bytes4 = 0                                                               # STEP 3
component0 = "f"                                                         # STEP 4
os0 = newFakeOS()                                                        # STEP 5
bytes1 = 0                                                               # STEP 6
opener0 = newFakeOpener(os0)                                             # STEP 7
component2 = "omega"                                                     # STEP 8
bytes4 += 1                                                              # STEP 9
str3 = ""                                                               # STEP 10
bytes3 = 0                                                              # STEP 11
path3 = "/Volumes/ramdisk/test"                                         # STEP 12
bytes3 += 1                                                             # STEP 13
path3 += "/" + component4                                               # STEP 14
bytes0 = 0                                                              # STEP 15
os0.path.getsize(path3)                                                 # STEP 16
stat3 = os0.lstat(path3)                                                # STEP 17
str3 += 'u'                                                             # STEP 18
str3 += 'z'                                                             # STEP 19
file0 = opener0(path3,'w')                                              # STEP 20
file0.seek(bytes4)                                                      # STEP 21
result = file0.readline()                                               # STEP 22
path4 = "/Volumes/ramdisk/test"                                         # STEP 23
str3 += 'k'                                                             # STEP 24
str3 += 'q'                                                             # STEP 25
file0.seek(bytes3)                                                      # STEP 26
str3 = ""                                                               # STEP 27
result = file0.readline(bytes4)                                         # STEP 28
result = sorted(os0.listdir(path3))                                     # STEP 29
fd0 = os0.open(path3, os.O_RDONLY)                                      # STEP 30
str3 += 'e'                                                             # STEP 31
path0 = "/Volumes/ramdisk/test"                                         # STEP 32
result = file0.readline(bytes3)                                         # STEP 33
result = os0.path.lexists(path4)                                        # STEP 34
os0.rename(path3,path4)                                                 # STEP 35
file0.flush()                                                           # STEP 36
os0.symlink(path4,path0)                                                # STEP 37
result = os0.path.abspath(path4)                                        # STEP 38
str3 += 's'                                                             # STEP 39
result = file0.read(bytes3)                                             # STEP 40
result = file0.readline(bytes1)                                         # STEP 41
os0.link(path0,path3)                                                   # STEP 42
file0.seek(bytes3)                                                      # STEP 43
result = os0.path.dirname(path0)                                        # STEP 44
path3 = "/Volumes/ramdisk/test"                                         # STEP 45
result = file0.readline()                                               # STEP 46
os0.symlink(path3,path0)                                                # STEP 47
os0.makedirs(path0)                                                     # STEP 48
result = file0.readlines()                                              # STEP 49
component4 = "c"                                                        # STEP 50
result = os0.path.islink(path4)                                         # STEP 51
bytes1 = 0                                                              # STEP 52
result = os0.path.abspath(path3)                                        # STEP 53
bytes3 += 1                                                             # STEP 54
file0.truncate()                                                        # STEP 55
stat3 = os0.fstat(fd0)                                                  # STEP 56
file0.next()                                                            # STEP 57
os0.link(path3,path4)                                                   # STEP 58
path4 = "/Volumes/ramdisk/test"                                         # STEP 59
path2 = "/Volumes/ramdisk/test"                                         # STEP 60
os0.write(fd0,str3)                                                     # STEP 61
result = os0.path.exists(path0)                                         # STEP 62
result = os0.path.dirname(path2)                                        # STEP 63
os0.link(path2,path0)                                                   # STEP 64
path2 += "/" + component4                                               # STEP 65
os0.symlink(path3,path4)                                                # STEP 66
result = file0.readline(bytes3)                                         # STEP 67
result = os0.path.exists(path3)                                         # STEP 68
result = os0.path.abspath(path2)                                        # STEP 69
result = file0.readline(bytes3)                                         # STEP 70
stat1 = os0.lstat(path2)                                                # STEP 71
result = os0.path.lexists(path2)                                        # STEP 72
os0.mkdir(path0)                                                        # STEP 73
result = os0.path.isdir(path0)                                          # STEP 74
os0.link(path4,path3)                                                   # STEP 75
os0.symlink(path0,path2)                                                # STEP 76
os0.makedirs(path0)                                                     # STEP 77
path2 += "/" + component3                                               # STEP 78
path2 += "/" + component3                                               # STEP 79
os0.symlink(path4,path4)                                                # STEP 80
os0.close(fd0)                                                          # STEP 81
os0.link(path3,path3)                                                   # STEP 82
os0.symlink(path0,path3)                                                # STEP 83
bytes4 += 1                                                             # STEP 84
result = stat3.st_size                                                  # STEP 85
ERROR: (<type 'exceptions.AssertionError'>, AssertionError(' (0) == (1) ',), <traceback object at 0x1037bf2d8>)
TRACEBACK:
  File "/Users/alex/tstl/examples/pyfakefs/sut.py", line 38007, in safely
    act[2]()
  File "/Users/alex/tstl/examples/pyfakefs/sut.py", line 21936, in act460
    try: assert result == result_REF, " (%s) == (%s) " % (result, result_REF)
1174 BRANCHES COVERED
901 STATEMENTS COVERED
