Random testing using config=Config(swarmSwitch=None, verbose=False, reducePool=False, failedLogging=None, exploitBestHint=1, greedyStutter=False, internal=False, exploit=None, seed=None, generalize=False, useHints=False, localize=False, total=False, speed='FAST', probs=None, normalize=False, verboseExploit=False, highLowSwarm=None, replayable=False, essentials=False, noCoverageExploit=False, quickTests=False, relax=False, enumerateEnabled=False, uniqueValuesAnalysis=False, swarm=False, noReassign=False, html=None, fastQuickAnalysis=False, progress=False, swarmLength=None, noSwarmDependencies=False, profile=False, LOCBaseline=0.2, noEnumerateEnabled=False, full=True, multiple=True, timedProgress=30, silentFail=True, stopWhenStatements=None, swarmP=0.5, stopWhenBranches=None, noAlphaConvert=False, coverFile='coverage.out', readQuick=False, verboseActions=False, running=False, computeFeatureStats=False, compareFails=False, swarmProbs=None, output='failure.5717.test', genDepth=None, Pcrossover=0.2, quickAnalysis=False, keepLast=False, exploitCeiling=0.1, logging=None, LOCProbs=False, noCheck=False, maxTests=-1, noExceptionMatch=False, Pmutate=0.0, depth=100, showActions=False, throughput=False, noCover=False, timeout=60, stutter=None, uncaught=False, markov=None, startExploit=0)
UNCAUGHT EXCEPTION
ERROR: (<type 'exceptions.AssertionError'>, AssertionError(' () == (\x00) ',), <traceback object at 0x10555c128>)
TRACEBACK:
  File "/Users/alex/tstl/examples/pyfakefs/sut.py", line 38007, in safely
    act[2]()
  File "/Users/alex/tstl/examples/pyfakefs/sut.py", line 16374, in act376
    try: assert result == result_REF, " (%s) == (%s) " % (result, result_REF)
Original test has 71 steps

SAVING TEST AS failure.5717.test.0
FINAL VERSION OF TEST, WITH LOGGED REPLAY:
component3 = "gamma"                                                     # STEP 0
path3 = "/Volumes/ramdisk/test"                                          # STEP 1
component0 = "h"                                                         # STEP 2
component1 = "alpha"                                                     # STEP 3
component2 = "e"                                                         # STEP 4
component4 = "a"                                                         # STEP 5
bytes3 = 0                                                               # STEP 6
path1 = "/Volumes/ramdisk/test"                                          # STEP 7
bytes4 = 0                                                               # STEP 8
bytes2 = 0                                                               # STEP 9
path1 += "/" + component0                                               # STEP 10
bytes3 += 1                                                             # STEP 11
path3 += "/" + component3                                               # STEP 12
os0 = newFakeOS()                                                       # STEP 13
component0 = "omega"                                                    # STEP 14
fd0 = os0.open(path3, os.O_CREAT | os.O_EXCL)                           # STEP 15
result = os0.path.dirname(path1)                                        # STEP 16
opener0 = newFakeOpener(os0)                                            # STEP 17
bytes4 += 1                                                             # STEP 18
stat2 = os0.lstat(path3)                                                # STEP 19
result = os0.readlink(path3)                                            # STEP 20
file0 = opener0(path3,'w')                                              # STEP 21
stat1 = os0.lstat(path3)                                                # STEP 22
bytes2 += 1                                                             # STEP 23
result = file0.read()                                                   # STEP 24
component3 = "c"                                                        # STEP 25
os0.rename(path3,path1)                                                 # STEP 26
file0.seek(bytes2)                                                      # STEP 27
result = sorted(os0.listdir(path3))                                     # STEP 28
bytes1 = 0                                                              # STEP 29
result = stat1.st_nlink                                                 # STEP 30
path1 += "/" + component2                                               # STEP 31
component2 = "b"                                                        # STEP 32
os0.path.getsize(path1)                                                 # STEP 33
bytes3 += 1                                                             # STEP 34
file0.seek(bytes3)                                                      # STEP 35
stat4 = os0.stat(path1)                                                 # STEP 36
os0.rename(path3,path1)                                                 # STEP 37
bytes2 = 0                                                              # STEP 38
result = stat1.st_size                                                  # STEP 39
result = os0.path.dirname(path3)                                        # STEP 40
file0.seek(bytes2)                                                      # STEP 41
result = stat2.st_nlink                                                 # STEP 42
stat2 = os0.stat(path1)                                                 # STEP 43
os0.symlink(path1,path1)                                                # STEP 44
result = os0.path.isdir(path1)                                          # STEP 45
result = os0.path.islink(path3)                                         # STEP 46
os0.rename(path3,path1)                                                 # STEP 47
bytes0 = 0                                                              # STEP 48
stat1 = os0.lstat(path3)                                                # STEP 49
stat0 = os0.stat(path3)                                                 # STEP 50
path1 += "/" + component2                                               # STEP 51
stat0 = os0.stat(path1)                                                 # STEP 52
stat0 = os0.stat(path3)                                                 # STEP 53
os0.rmdir(path1)                                                        # STEP 54
file0.seek(bytes0)                                                      # STEP 55
file0.seek(bytes1)                                                      # STEP 56
result = os0.path.isfile(path1)                                         # STEP 57
stat3 = os0.lstat(path1)                                                # STEP 58
result = file0.readline(bytes2)                                         # STEP 59
bytes3 += 1                                                             # STEP 60
file0.seek(bytes4)                                                      # STEP 61
file0.truncate()                                                        # STEP 62
result = os0.path.isfile(path3)                                         # STEP 63
stat4 = os0.fstat(fd0)                                                  # STEP 64
result = os0.read(fd0,bytes1)                                           # STEP 65
bytes3 = 0                                                              # STEP 66
result = stat1.st_nlink                                                 # STEP 67
result = file0.read(bytes4)                                             # STEP 68
str4 = ""                                                               # STEP 69
result = os0.read(fd0,bytes4)                                           # STEP 70
ERROR: (<type 'exceptions.AssertionError'>, AssertionError(' () == (\x00) ',), <traceback object at 0x1073afc20>)
TRACEBACK:
  File "/Users/alex/tstl/examples/pyfakefs/sut.py", line 38007, in safely
    act[2]()
  File "/Users/alex/tstl/examples/pyfakefs/sut.py", line 16374, in act376
    try: assert result == result_REF, " (%s) == (%s) " % (result, result_REF)
FAILURE IS NEW, STORING; NOW 1 DISTINCT FAILURES
TEST #418 STEP #70 (0:00:30.000298) Sat Jul 22 07:20:01 2017 [ 903 stmts 1179 branches ] 41741 TOTAL ACTIONS (1391.35284482/s)
UNCAUGHT EXCEPTION
ERROR: (<type 'exceptions.AssertionError'>, AssertionError(' (4) == (0) ',), <traceback object at 0x1080de518>)
TRACEBACK:
  File "/Users/alex/tstl/examples/pyfakefs/sut.py", line 38007, in safely
    act[2]()
  File "/Users/alex/tstl/examples/pyfakefs/sut.py", line 21771, in act457
    try: assert result == result_REF, " (%s) == (%s) " % (result, result_REF)
Original test has 83 steps

SAVING TEST AS failure.5717.test.1
FINAL VERSION OF TEST, WITH LOGGED REPLAY:
bytes1 = 0                                                               # STEP 0
component0 = "alpha"                                                     # STEP 1
component3 = "gamma"                                                     # STEP 2
component1 = "a"                                                         # STEP 3
str0 = ""                                                                # STEP 4
component4 = "gamma"                                                     # STEP 5
str0 += 'g'                                                              # STEP 6
component2 = "d"                                                         # STEP 7
str0 += 'z'                                                              # STEP 8
str0 += 'g'                                                              # STEP 9
str0 += " "                                                             # STEP 10
str4 = ""                                                               # STEP 11
bytes0 = 0                                                              # STEP 12
os0 = newFakeOS()                                                       # STEP 13
str0 += " "                                                             # STEP 14
str1 = ""                                                               # STEP 15
str4 += 'w'                                                             # STEP 16
str0 += 'q'                                                             # STEP 17
str0 += 'f'                                                             # STEP 18
str4 += 's'                                                             # STEP 19
str4 += 'i'                                                             # STEP 20
str0 += 'q'                                                             # STEP 21
path0 = "/Volumes/ramdisk/test"                                         # STEP 22
str1 += 'e'                                                             # STEP 23
str4 += 's'                                                             # STEP 24
str0 += 'k'                                                             # STEP 25
opener0 = newFakeOpener(os0)                                            # STEP 26
str4 += 't'                                                             # STEP 27
str4 += 'z'                                                             # STEP 28
os0.makedirs(path0)                                                     # STEP 29
str4 += 'y'                                                             # STEP 30
str4 += 'o'                                                             # STEP 31
str1 += 'z'                                                             # STEP 32
str4 += 'z'                                                             # STEP 33
str0 += 'i'                                                             # STEP 34
str4 += 'l'                                                             # STEP 35
bytes1 += 1                                                             # STEP 36
bytes3 = 0                                                              # STEP 37
os0.symlink(path0,path0)                                                # STEP 38
path0 = "/Volumes/ramdisk/test"                                         # STEP 39
str4 += 'u'                                                             # STEP 40
str4 += 'b'                                                             # STEP 41
str4 += 'l'                                                             # STEP 42
str1 += 'r'                                                             # STEP 43
file0 = opener0(path0,'r')                                              # STEP 44
file0 = opener0(path0,'r')                                              # STEP 45
bytes2 = 0                                                              # STEP 46
path0 += "/" + component3                                               # STEP 47
file0 = opener0(path0,'a')                                              # STEP 48
str4 += 'w'                                                             # STEP 49
os0.rmdir(path0)                                                        # STEP 50
str0 += 'p'                                                             # STEP 51
str0 += 'g'                                                             # STEP 52
path2 = "/Volumes/ramdisk/test"                                         # STEP 53
str1 += 'l'                                                             # STEP 54
file0.write(str1)                                                       # STEP 55
result = file0.read(bytes0)                                             # STEP 56
os0.link(path2,path0)                                                   # STEP 57
stat0 = os0.stat(path0)                                                 # STEP 58
str0 = ""                                                               # STEP 59
str4 += 'v'                                                             # STEP 60
str1 += 'f'                                                             # STEP 61
str1 += 'p'                                                             # STEP 62
str0 += 'd'                                                             # STEP 63
path2 += "/" + component3                                               # STEP 64
stat1 = os0.lstat(path2)                                                # STEP 65
str0 += 'z'                                                             # STEP 66
str0 = ""                                                               # STEP 67
component3 = "f"                                                        # STEP 68
str1 += 'i'                                                             # STEP 69
result = file0.read(bytes2)                                             # STEP 70
str4 += 'a'                                                             # STEP 71
file0.write(str4)                                                       # STEP 72
str0 += 'u'                                                             # STEP 73
result = os0.path.lexists(path0)                                        # STEP 74
str4 += 'n'                                                             # STEP 75
str3 = ""                                                               # STEP 76
str4 += 'z'                                                             # STEP 77
str0 += 'y'                                                             # STEP 78
str3 += 'w'                                                             # STEP 79
fd0 = os0.open(path0, os.O_CREAT | os.O_WRONLY | os.O_TRUNC | os.O_EXCL)  # STEP 80
bytes4 = 0                                                              # STEP 81
result = stat0.st_size                                                  # STEP 82
ERROR: (<type 'exceptions.AssertionError'>, AssertionError(' (4) == (0) ',), <traceback object at 0x1080e5b00>)
TRACEBACK:
  File "/Users/alex/tstl/examples/pyfakefs/sut.py", line 38007, in safely
    act[2]()
  File "/Users/alex/tstl/examples/pyfakefs/sut.py", line 21771, in act457
    try: assert result == result_REF, " (%s) == (%s) " % (result, result_REF)
FAILURE IS NEW, STORING; NOW 2 DISTINCT FAILURES
STOPPING TEST DUE TO TIMEOUT, TERMINATED AT LENGTH 21
STOPPING TESTING DUE TO TIMEOUT
42.8093645485 PERCENT COVERED
60.3147158623 TOTAL RUNTIME
856 EXECUTED
85475 TOTAL TEST OPERATIONS
52.5001990795 TIME SPENT EXECUTING TEST OPERATIONS
4.14390182495 TIME SPENT EVALUATING GUARDS AND CHOOSING ACTIONS
0.0515704154968 TIME SPENT CHECKING PROPERTIES
52.551769495 TOTAL TIME SPENT RUNNING SUT
2.53058052063 TIME SPENT RESTARTING
0.0 TIME SPENT REDUCING TEST CASES
2 FAILED
0 REPEATS OF FAILURES
2 ACTUAL DISTINCT FAILURES

FAILURE 0
component3 = "gamma"                                                     # STEP 0
path3 = "/Volumes/ramdisk/test"                                          # STEP 1
component0 = "h"                                                         # STEP 2
component1 = "alpha"                                                     # STEP 3
component2 = "e"                                                         # STEP 4
component4 = "a"                                                         # STEP 5
bytes3 = 0                                                               # STEP 6
path1 = "/Volumes/ramdisk/test"                                          # STEP 7
bytes4 = 0                                                               # STEP 8
bytes2 = 0                                                               # STEP 9
path1 += "/" + component0                                               # STEP 10
bytes3 += 1                                                             # STEP 11
path3 += "/" + component3                                               # STEP 12
os0 = newFakeOS()                                                       # STEP 13
component0 = "omega"                                                    # STEP 14
fd0 = os0.open(path3, os.O_CREAT | os.O_EXCL)                           # STEP 15
result = os0.path.dirname(path1)                                        # STEP 16
opener0 = newFakeOpener(os0)                                            # STEP 17
bytes4 += 1                                                             # STEP 18
stat2 = os0.lstat(path3)                                                # STEP 19
result = os0.readlink(path3)                                            # STEP 20
file0 = opener0(path3,'w')                                              # STEP 21
stat1 = os0.lstat(path3)                                                # STEP 22
bytes2 += 1                                                             # STEP 23
result = file0.read()                                                   # STEP 24
component3 = "c"                                                        # STEP 25
os0.rename(path3,path1)                                                 # STEP 26
file0.seek(bytes2)                                                      # STEP 27
result = sorted(os0.listdir(path3))                                     # STEP 28
bytes1 = 0                                                              # STEP 29
result = stat1.st_nlink                                                 # STEP 30
path1 += "/" + component2                                               # STEP 31
component2 = "b"                                                        # STEP 32
os0.path.getsize(path1)                                                 # STEP 33
bytes3 += 1                                                             # STEP 34
file0.seek(bytes3)                                                      # STEP 35
stat4 = os0.stat(path1)                                                 # STEP 36
os0.rename(path3,path1)                                                 # STEP 37
bytes2 = 0                                                              # STEP 38
result = stat1.st_size                                                  # STEP 39
result = os0.path.dirname(path3)                                        # STEP 40
file0.seek(bytes2)                                                      # STEP 41
result = stat2.st_nlink                                                 # STEP 42
stat2 = os0.stat(path1)                                                 # STEP 43
os0.symlink(path1,path1)                                                # STEP 44
result = os0.path.isdir(path1)                                          # STEP 45
result = os0.path.islink(path3)                                         # STEP 46
os0.rename(path3,path1)                                                 # STEP 47
bytes0 = 0                                                              # STEP 48
stat1 = os0.lstat(path3)                                                # STEP 49
stat0 = os0.stat(path3)                                                 # STEP 50
path1 += "/" + component2                                               # STEP 51
stat0 = os0.stat(path1)                                                 # STEP 52
stat0 = os0.stat(path3)                                                 # STEP 53
os0.rmdir(path1)                                                        # STEP 54
file0.seek(bytes0)                                                      # STEP 55
file0.seek(bytes1)                                                      # STEP 56
result = os0.path.isfile(path1)                                         # STEP 57
stat3 = os0.lstat(path1)                                                # STEP 58
result = file0.readline(bytes2)                                         # STEP 59
bytes3 += 1                                                             # STEP 60
file0.seek(bytes4)                                                      # STEP 61
file0.truncate()                                                        # STEP 62
result = os0.path.isfile(path3)                                         # STEP 63
stat4 = os0.fstat(fd0)                                                  # STEP 64
result = os0.read(fd0,bytes1)                                           # STEP 65
bytes3 = 0                                                              # STEP 66
result = stat1.st_nlink                                                 # STEP 67
result = file0.read(bytes4)                                             # STEP 68
str4 = ""                                                               # STEP 69
result = os0.read(fd0,bytes4)                                           # STEP 70
ERROR: (<type 'exceptions.AssertionError'>, AssertionError(' () == (\x00) ',), <traceback object at 0x1073afc20>)
TRACEBACK:
  File "/Users/alex/tstl/examples/pyfakefs/sut.py", line 38007, in safely
    act[2]()
  File "/Users/alex/tstl/examples/pyfakefs/sut.py", line 16374, in act376
    try: assert result == result_REF, " (%s) == (%s) " % (result, result_REF)
FAILURE 1
bytes1 = 0                                                               # STEP 0
component0 = "alpha"                                                     # STEP 1
component3 = "gamma"                                                     # STEP 2
component1 = "a"                                                         # STEP 3
str0 = ""                                                                # STEP 4
component4 = "gamma"                                                     # STEP 5
str0 += 'g'                                                              # STEP 6
component2 = "d"                                                         # STEP 7
str0 += 'z'                                                              # STEP 8
str0 += 'g'                                                              # STEP 9
str0 += " "                                                             # STEP 10
str4 = ""                                                               # STEP 11
bytes0 = 0                                                              # STEP 12
os0 = newFakeOS()                                                       # STEP 13
str0 += " "                                                             # STEP 14
str1 = ""                                                               # STEP 15
str4 += 'w'                                                             # STEP 16
str0 += 'q'                                                             # STEP 17
str0 += 'f'                                                             # STEP 18
str4 += 's'                                                             # STEP 19
str4 += 'i'                                                             # STEP 20
str0 += 'q'                                                             # STEP 21
path0 = "/Volumes/ramdisk/test"                                         # STEP 22
str1 += 'e'                                                             # STEP 23
str4 += 's'                                                             # STEP 24
str0 += 'k'                                                             # STEP 25
opener0 = newFakeOpener(os0)                                            # STEP 26
str4 += 't'                                                             # STEP 27
str4 += 'z'                                                             # STEP 28
os0.makedirs(path0)                                                     # STEP 29
str4 += 'y'                                                             # STEP 30
str4 += 'o'                                                             # STEP 31
str1 += 'z'                                                             # STEP 32
str4 += 'z'                                                             # STEP 33
str0 += 'i'                                                             # STEP 34
str4 += 'l'                                                             # STEP 35
bytes1 += 1                                                             # STEP 36
bytes3 = 0                                                              # STEP 37
os0.symlink(path0,path0)                                                # STEP 38
path0 = "/Volumes/ramdisk/test"                                         # STEP 39
str4 += 'u'                                                             # STEP 40
str4 += 'b'                                                             # STEP 41
str4 += 'l'                                                             # STEP 42
str1 += 'r'                                                             # STEP 43
file0 = opener0(path0,'r')                                              # STEP 44
file0 = opener0(path0,'r')                                              # STEP 45
bytes2 = 0                                                              # STEP 46
path0 += "/" + component3                                               # STEP 47
file0 = opener0(path0,'a')                                              # STEP 48
str4 += 'w'                                                             # STEP 49
os0.rmdir(path0)                                                        # STEP 50
str0 += 'p'                                                             # STEP 51
str0 += 'g'                                                             # STEP 52
path2 = "/Volumes/ramdisk/test"                                         # STEP 53
str1 += 'l'                                                             # STEP 54
file0.write(str1)                                                       # STEP 55
result = file0.read(bytes0)                                             # STEP 56
os0.link(path2,path0)                                                   # STEP 57
stat0 = os0.stat(path0)                                                 # STEP 58
str0 = ""                                                               # STEP 59
str4 += 'v'                                                             # STEP 60
str1 += 'f'                                                             # STEP 61
str1 += 'p'                                                             # STEP 62
str0 += 'd'                                                             # STEP 63
path2 += "/" + component3                                               # STEP 64
stat1 = os0.lstat(path2)                                                # STEP 65
str0 += 'z'                                                             # STEP 66
str0 = ""                                                               # STEP 67
component3 = "f"                                                        # STEP 68
str1 += 'i'                                                             # STEP 69
result = file0.read(bytes2)                                             # STEP 70
str4 += 'a'                                                             # STEP 71
file0.write(str4)                                                       # STEP 72
str0 += 'u'                                                             # STEP 73
result = os0.path.lexists(path0)                                        # STEP 74
str4 += 'n'                                                             # STEP 75
str3 = ""                                                               # STEP 76
str4 += 'z'                                                             # STEP 77
str0 += 'y'                                                             # STEP 78
str3 += 'w'                                                             # STEP 79
fd0 = os0.open(path0, os.O_CREAT | os.O_WRONLY | os.O_TRUNC | os.O_EXCL)  # STEP 80
bytes4 = 0                                                              # STEP 81
result = stat0.st_size                                                  # STEP 82
ERROR: (<type 'exceptions.AssertionError'>, AssertionError(' (4) == (0) ',), <traceback object at 0x1080e5b00>)
TRACEBACK:
  File "/Users/alex/tstl/examples/pyfakefs/sut.py", line 38007, in safely
    act[2]()
  File "/Users/alex/tstl/examples/pyfakefs/sut.py", line 21771, in act457
    try: assert result == result_REF, " (%s) == (%s) " % (result, result_REF)
1187 BRANCHES COVERED
909 STATEMENTS COVERED
