Random testing using config=Config(swarmSwitch=None, verbose=False, reducePool=False, failedLogging=None, exploitBestHint=1, greedyStutter=False, internal=False, exploit=None, seed=None, generalize=False, useHints=False, localize=False, total=False, speed='FAST', probs=None, normalize=False, verboseExploit=False, highLowSwarm=None, replayable=False, essentials=False, noCoverageExploit=False, quickTests=False, relax=False, enumerateEnabled=False, uniqueValuesAnalysis=False, swarm=False, noReassign=False, html=None, fastQuickAnalysis=False, progress=False, swarmLength=None, noSwarmDependencies=False, profile=False, LOCBaseline=0.2, noEnumerateEnabled=False, full=True, multiple=True, timedProgress=30, silentFail=True, stopWhenStatements=None, swarmP=0.5, stopWhenBranches=None, noAlphaConvert=False, coverFile='coverage.out', readQuick=False, verboseActions=False, running=False, computeFeatureStats=False, compareFails=False, swarmProbs=None, output='failure.4249.test', genDepth=None, Pcrossover=0.2, quickAnalysis=False, keepLast=False, exploitCeiling=0.1, logging=None, LOCProbs=False, noCheck=False, maxTests=-1, noExceptionMatch=False, Pmutate=0.0, depth=100, showActions=False, throughput=False, noCover=False, timeout=60, stutter=None, uncaught=False, markov=None, startExploit=0)
UNCAUGHT EXCEPTION
ERROR: (<type 'exceptions.AssertionError'>, AssertionError(" (['yatwqk cpjsxyatwqk cpjsx']) == ([]) ",), <traceback object at 0x103b454d0>)
TRACEBACK:
  File "/Users/alex/tstl/examples/pyfakefs/sut.py", line 38007, in safely
    act[2]()
  File "/Users/alex/tstl/examples/pyfakefs/sut.py", line 29028, in act575
    try: assert result == result_REF, " (%s) == (%s) " % (result, result_REF)
Original test has 78 steps

SAVING TEST AS failure.4249.test.0
FINAL VERSION OF TEST, WITH LOGGED REPLAY:
component1 = "b"                                                         # STEP 0
component4 = "g"                                                         # STEP 1
component2 = "lambda"                                                    # STEP 2
str1 = ""                                                                # STEP 3
str1 += 'a'                                                              # STEP 4
bytes3 = 0                                                               # STEP 5
os0 = newFakeOS()                                                        # STEP 6
component3 = "beta"                                                      # STEP 7
str1 += 'q'                                                              # STEP 8
component0 = "epsilon"                                                   # STEP 9
str1 += 'm'                                                             # STEP 10
str1 += 'z'                                                             # STEP 11
str1 += " "                                                             # STEP 12
str1 += 'y'                                                             # STEP 13
str1 += 'a'                                                             # STEP 14
str1 += 's'                                                             # STEP 15
bytes4 = 0                                                              # STEP 16
str1 += 'y'                                                             # STEP 17
bytes0 = 0                                                              # STEP 18
str1 += 'g'                                                             # STEP 19
str1 += 'k'                                                             # STEP 20
str1 += 'b'                                                             # STEP 21
str1 += 'j'                                                             # STEP 22
str1 += " "                                                             # STEP 23
path1 = "/Volumes/ramdisk/test"                                         # STEP 24
str1 += 'h'                                                             # STEP 25
bytes3 += 1                                                             # STEP 26
result = os0.readlink(path1)                                            # STEP 27
result = os0.path.abspath(path1)                                        # STEP 28
os0.makedirs(path1)                                                     # STEP 29
str1 += 's'                                                             # STEP 30
str1 += 'r'                                                             # STEP 31
result = os0.path.lexists(path1)                                        # STEP 32
str3 = ""                                                               # STEP 33
result = os0.path.islink(path1)                                         # STEP 34
result = os0.path.isfile(path1)                                         # STEP 35
str1 += 'n'                                                             # STEP 36
str3 += 'y'                                                             # STEP 37
str3 += 'a'                                                             # STEP 38
path1 += "/" + component4                                               # STEP 39
str1 += " "                                                             # STEP 40
str1 += 'g'                                                             # STEP 41
str3 += 't'                                                             # STEP 42
fd0 = os0.open(path1, os.O_CREAT | os.O_WRONLY | os.O_TRUNC)            # STEP 43
stat3 = os0.fstat(fd0)                                                  # STEP 44
str3 += 'w'                                                             # STEP 45
str3 += 'q'                                                             # STEP 46
component4 = "delta"                                                    # STEP 47
opener0 = newFakeOpener(os0)                                            # STEP 48
str3 += 'k'                                                             # STEP 49
stat2 = os0.fstat(fd0)                                                  # STEP 50
str3 += " "                                                             # STEP 51
bytes2 = 0                                                              # STEP 52
bytes3 = 0                                                              # STEP 53
str3 += 'c'                                                             # STEP 54
result = stat3.st_size                                                  # STEP 55
str3 += 'p'                                                             # STEP 56
str3 += 'j'                                                             # STEP 57
str3 += 's'                                                             # STEP 58
path4 = "/Volumes/ramdisk/test"                                         # STEP 59
str3 += 'x'                                                             # STEP 60
os0.write(fd0,str1)                                                     # STEP 61
file0 = opener0(path1)                                                  # STEP 62
stat3 = os0.lstat(path1)                                                # STEP 63
stat1 = os0.lstat(path1)                                                # STEP 64
os0.write(fd0,str3)                                                     # STEP 65
path4 += "/" + component3                                               # STEP 66
str1 += 'q'                                                             # STEP 67
result = os0.path.islink(path1)                                         # STEP 68
str1 += 's'                                                             # STEP 69
stat0 = os0.stat(path1)                                                 # STEP 70
os0.write(fd0,str3)                                                     # STEP 71
str3 += 'o'                                                             # STEP 72
file0.next()                                                            # STEP 73
str1 += 'u'                                                             # STEP 74
str1 += 'x'                                                             # STEP 75
os0.symlink(path4,path1)                                                # STEP 76
result = file0.readlines()                                              # STEP 77
ERROR: (<type 'exceptions.AssertionError'>, AssertionError(" (['yatwqk cpjsxyatwqk cpjsx']) == ([]) ",), <traceback object at 0x106f4e518>)
TRACEBACK:
  File "/Users/alex/tstl/examples/pyfakefs/sut.py", line 38007, in safely
    act[2]()
  File "/Users/alex/tstl/examples/pyfakefs/sut.py", line 29028, in act575
    try: assert result == result_REF, " (%s) == (%s) " % (result, result_REF)
FAILURE IS NEW, STORING; NOW 1 DISTINCT FAILURES
UNCAUGHT EXCEPTION
ERROR: (<type 'exceptions.AssertionError'>, AssertionError(' (0) == (5) ',), <traceback object at 0x10893a1b8>)
TRACEBACK:
  File "/Users/alex/tstl/examples/pyfakefs/sut.py", line 38007, in safely
    act[2]()
  File "/Users/alex/tstl/examples/pyfakefs/sut.py", line 21826, in act458
    try: assert result == result_REF, " (%s) == (%s) " % (result, result_REF)
Original test has 84 steps

SAVING TEST AS failure.4249.test.1
FINAL VERSION OF TEST, WITH LOGGED REPLAY:
component1 = "gamma"                                                     # STEP 0
str0 = ""                                                                # STEP 1
path3 = "/Volumes/ramdisk/test"                                          # STEP 2
component2 = "h"                                                         # STEP 3
str3 = ""                                                                # STEP 4
component0 = "g"                                                         # STEP 5
component3 = "f"                                                         # STEP 6
path2 = "/Volumes/ramdisk/test"                                          # STEP 7
str0 += " "                                                              # STEP 8
path3 += "/" + component3                                                # STEP 9
str3 += 'h'                                                             # STEP 10
os0 = newFakeOS()                                                       # STEP 11
result = os0.path.exists(path2)                                         # STEP 12
result = os0.path.dirname(path3)                                        # STEP 13
result = os0.path.abspath(path2)                                        # STEP 14
opener0 = newFakeOpener(os0)                                            # STEP 15
stat4 = os0.stat(path3)                                                 # STEP 16
result = os0.path.islink(path2)                                         # STEP 17
component3 = "e"                                                        # STEP 18
fd0 = os0.open(path3, os.O_CREAT)                                       # STEP 19
os0.remove(path3)                                                       # STEP 20
component4 = "e"                                                        # STEP 21
str3 += 'c'                                                             # STEP 22
path2 += "/" + component1                                               # STEP 23
str0 += 'j'                                                             # STEP 24
str0 += 'x'                                                             # STEP 25
str3 += 'k'                                                             # STEP 26
result = os0.path.isabs(path3)                                          # STEP 27
str0 += 'h'                                                             # STEP 28
path1 = "/Volumes/ramdisk/test"                                         # STEP 29
path2 += "/" + component2                                               # STEP 30
str0 += 'p'                                                             # STEP 31
component2 = "g"                                                        # STEP 32
path2 += "/" + component3                                               # STEP 33
component3 = "beta"                                                     # STEP 34
str3 += 'f'                                                             # STEP 35
os0.symlink(path1,path3)                                                # STEP 36
path1 = "/Volumes/ramdisk/test"                                         # STEP 37
path3 += "/" + component3                                               # STEP 38
os0.makedirs(path2)                                                     # STEP 39
os0.link(path1,path3)                                                   # STEP 40
bytes3 = 0                                                              # STEP 41
os0.remove(path3)                                                       # STEP 42
os0.remove(path3)                                                       # STEP 43
str3 += " "                                                             # STEP 44
file0 = opener0(path3)                                                  # STEP 45
result = os0.path.abspath(path2)                                        # STEP 46
path2 += "/" + component4                                               # STEP 47
file0 = opener0(path3,'w')                                              # STEP 48
os0.symlink(path2,path2)                                                # STEP 49
component4 = "h"                                                        # STEP 50
os0.path.getsize(path2)                                                 # STEP 51
component1 = "f"                                                        # STEP 52
file0.write(str0)                                                       # STEP 53
str3 += 'z'                                                             # STEP 54
os0.link(path2,path3)                                                   # STEP 55
stat3 = os0.fstat(fd0)                                                  # STEP 56
stat1 = os0.stat(path2)                                                 # STEP 57
str0 += 'm'                                                             # STEP 58
str0 += 'a'                                                             # STEP 59
component3 = "gamma"                                                    # STEP 60
str3 += 'y'                                                             # STEP 61
os0.removedirs(path3)                                                   # STEP 62
file0.truncate()                                                        # STEP 63
str3 += 'y'                                                             # STEP 64
stat1 = os0.stat(path2)                                                 # STEP 65
str3 += 'b'                                                             # STEP 66
file0.write(str3)                                                       # STEP 67
result = os0.path.abspath(path2)                                        # STEP 68
str0 += 'f'                                                             # STEP 69
stat1 = os0.stat(path3)                                                 # STEP 70
str3 += 'o'                                                             # STEP 71
os0.rmdir(path3)                                                        # STEP 72
str4 = ""                                                               # STEP 73
str0 += 'c'                                                             # STEP 74
str4 += 'y'                                                             # STEP 75
os0.rmdir(path2)                                                        # STEP 76
result = file0.readline()                                               # STEP 77
str3 += 'p'                                                             # STEP 78
str0 += 'w'                                                             # STEP 79
str0 += 'h'                                                             # STEP 80
str3 += 't'                                                             # STEP 81
path1 += "/" + component4                                               # STEP 82
result = stat1.st_size                                                  # STEP 83
ERROR: (<type 'exceptions.AssertionError'>, AssertionError(' (0) == (5) ',), <traceback object at 0x107b187a0>)
TRACEBACK:
  File "/Users/alex/tstl/examples/pyfakefs/sut.py", line 38007, in safely
    act[2]()
  File "/Users/alex/tstl/examples/pyfakefs/sut.py", line 21826, in act458
    try: assert result == result_REF, " (%s) == (%s) " % (result, result_REF)
FAILURE IS NEW, STORING; NOW 2 DISTINCT FAILURES
TEST #428 STEP #50 (0:00:30.000453) Fri Jul 21 23:48:47 2017 [ 906 stmts 1179 branches ] 42712 TOTAL ACTIONS (1423.71183551/s)
UNCAUGHT EXCEPTION
ERROR: (<type 'exceptions.AssertionError'>, AssertionError(' (w) == () ',), <traceback object at 0x106cad050>)
TRACEBACK:
  File "/Users/alex/tstl/examples/pyfakefs/sut.py", line 38007, in safely
    act[2]()
  File "/Users/alex/tstl/examples/pyfakefs/sut.py", line 28794, in act571
    try: assert result == result_REF, " (%s) == (%s) " % (result, result_REF)
Original test has 100 steps

SAVING TEST AS failure.4249.test.2
FINAL VERSION OF TEST, WITH LOGGED REPLAY:
component1 = "g"                                                         # STEP 0
component4 = "gamma"                                                     # STEP 1
component0 = "h"                                                         # STEP 2
component2 = "epsilon"                                                   # STEP 3
component3 = "a"                                                         # STEP 4
str3 = ""                                                                # STEP 5
path1 = "/Volumes/ramdisk/test"                                          # STEP 6
str3 += " "                                                              # STEP 7
str3 += 'x'                                                              # STEP 8
str3 += 'i'                                                              # STEP 9
bytes4 = 0                                                              # STEP 10
bytes0 = 0                                                              # STEP 11
str3 += 't'                                                             # STEP 12
str3 += 'j'                                                             # STEP 13
str3 += 'b'                                                             # STEP 14
os0 = newFakeOS()                                                       # STEP 15
bytes1 = 0                                                              # STEP 16
str3 += 'k'                                                             # STEP 17
str3 += 'n'                                                             # STEP 18
path1 += "/" + component3                                               # STEP 19
str3 += 'x'                                                             # STEP 20
fd0 = os0.open(path1, os.O_CREAT | os.O_WRONLY | os.O_TRUNC)            # STEP 21
result = os0.path.lexists(path1)                                        # STEP 22
stat1 = os0.fstat(fd0)                                                  # STEP 23
str3 += 'y'                                                             # STEP 24
str4 = ""                                                               # STEP 25
str3 += 'e'                                                             # STEP 26
result = os0.read(fd0,bytes4)                                           # STEP 27
str3 += 'b'                                                             # STEP 28
str3 += 'j'                                                             # STEP 29
str2 = ""                                                               # STEP 30
str1 = ""                                                               # STEP 31
opener0 = newFakeOpener(os0)                                            # STEP 32
os0.write(fd0,str3)                                                     # STEP 33
str1 += 'i'                                                             # STEP 34
str3 += 't'                                                             # STEP 35
path3 = "/Volumes/ramdisk/test"                                         # STEP 36
str1 += 'x'                                                             # STEP 37
os0.path.getsize(path1)                                                 # STEP 38
str1 += 'z'                                                             # STEP 39
str1 = ""                                                               # STEP 40
str4 += 't'                                                             # STEP 41
bytes4 += 1                                                             # STEP 42
str4 += 'l'                                                             # STEP 43
component3 = "d"                                                        # STEP 44
str4 += 'c'                                                             # STEP 45
file0 = opener0(path1)                                                  # STEP 46
os0.link(path3,path3)                                                   # STEP 47
str4 += 'j'                                                             # STEP 48
path3 += "/" + component4                                               # STEP 49
str1 += 'l'                                                             # STEP 50
str1 += 'f'                                                             # STEP 51
str3 += 'u'                                                             # STEP 52
os0.path.getsize(path1)                                                 # STEP 53
result = os0.path.lexists(path3)                                        # STEP 54
result = os0.path.abspath(path3)                                        # STEP 55
result = file0.readline(bytes0)                                         # STEP 56
str4 += 'l'                                                             # STEP 57
str2 += 'w'                                                             # STEP 58
path1 += "/" + component1                                               # STEP 59
result = os0.read(fd0,bytes1)                                           # STEP 60
path1 += "/" + component4                                               # STEP 61
component1 = "alpha"                                                    # STEP 62
str4 += 'w'                                                             # STEP 63
str4 += 'h'                                                             # STEP 64
os0.write(fd0,str2)                                                     # STEP 65
os0.link(path3,path3)                                                   # STEP 66
str2 += 'n'                                                             # STEP 67
result = os0.path.exists(path1)                                         # STEP 68
path3 += "/" + component2                                               # STEP 69
file0.write(str4)                                                       # STEP 70
bytes1 += 1                                                             # STEP 71
os0.rename(path1,path3)                                                 # STEP 72
stat2 = os0.lstat(path1)                                                # STEP 73
str2 += 'w'                                                             # STEP 74
stat4 = os0.stat(path3)                                                 # STEP 75
stat4 = os0.lstat(path1)                                                # STEP 76
component4 = "gamma"                                                    # STEP 77
str1 += 'q'                                                             # STEP 78
os0.makedirs(path1)                                                     # STEP 79
result = os0.read(fd0,bytes4)                                           # STEP 80
str3 += 'z'                                                             # STEP 81
str2 += 'c'                                                             # STEP 82
result = file0.readlines()                                              # STEP 83
component2 = "c"                                                        # STEP 84
str4 += 'n'                                                             # STEP 85
path3 += "/" + component3                                               # STEP 86
str1 += 'g'                                                             # STEP 87
str1 += 'k'                                                             # STEP 88
str2 += 'm'                                                             # STEP 89
result = os0.path.islink(path1)                                         # STEP 90
stat0 = os0.lstat(path3)                                                # STEP 91
str3 += 'e'                                                             # STEP 92
component3 = "h"                                                        # STEP 93
result = os0.path.lexists(path3)                                        # STEP 94
str4 += 'd'                                                             # STEP 95
str4 += 'x'                                                             # STEP 96
str1 += 'k'                                                             # STEP 97
os0.write(fd0,str2)                                                     # STEP 98
result = file0.readline(bytes1)                                         # STEP 99
ERROR: (<type 'exceptions.AssertionError'>, AssertionError(' (w) == () ',), <traceback object at 0x1039b7ab8>)
TRACEBACK:
  File "/Users/alex/tstl/examples/pyfakefs/sut.py", line 38007, in safely
    act[2]()
  File "/Users/alex/tstl/examples/pyfakefs/sut.py", line 28794, in act571
    try: assert result == result_REF, " (%s) == (%s) " % (result, result_REF)
FAILURE IS NEW, STORING; NOW 3 DISTINCT FAILURES
STOPPING TEST DUE TO TIMEOUT, TERMINATED AT LENGTH 49
STOPPING TESTING DUE TO TIMEOUT
42.735042735 PERCENT COVERED
60.3317089081 TOTAL RUNTIME
857 EXECUTED
85611 TOTAL TEST OPERATIONS
52.6076958179 TIME SPENT EXECUTING TEST OPERATIONS
3.97578954697 TIME SPENT EVALUATING GUARDS AND CHOOSING ACTIONS
0.0509297847748 TIME SPENT CHECKING PROPERTIES
52.6586256027 TOTAL TIME SPENT RUNNING SUT
2.47566127777 TIME SPENT RESTARTING
0.0 TIME SPENT REDUCING TEST CASES
3 FAILED
0 REPEATS OF FAILURES
3 ACTUAL DISTINCT FAILURES

FAILURE 0
component1 = "b"                                                         # STEP 0
component4 = "g"                                                         # STEP 1
component2 = "lambda"                                                    # STEP 2
str1 = ""                                                                # STEP 3
str1 += 'a'                                                              # STEP 4
bytes3 = 0                                                               # STEP 5
os0 = newFakeOS()                                                        # STEP 6
component3 = "beta"                                                      # STEP 7
str1 += 'q'                                                              # STEP 8
component0 = "epsilon"                                                   # STEP 9
str1 += 'm'                                                             # STEP 10
str1 += 'z'                                                             # STEP 11
str1 += " "                                                             # STEP 12
str1 += 'y'                                                             # STEP 13
str1 += 'a'                                                             # STEP 14
str1 += 's'                                                             # STEP 15
bytes4 = 0                                                              # STEP 16
str1 += 'y'                                                             # STEP 17
bytes0 = 0                                                              # STEP 18
str1 += 'g'                                                             # STEP 19
str1 += 'k'                                                             # STEP 20
str1 += 'b'                                                             # STEP 21
str1 += 'j'                                                             # STEP 22
str1 += " "                                                             # STEP 23
path1 = "/Volumes/ramdisk/test"                                         # STEP 24
str1 += 'h'                                                             # STEP 25
bytes3 += 1                                                             # STEP 26
result = os0.readlink(path1)                                            # STEP 27
result = os0.path.abspath(path1)                                        # STEP 28
os0.makedirs(path1)                                                     # STEP 29
str1 += 's'                                                             # STEP 30
str1 += 'r'                                                             # STEP 31
result = os0.path.lexists(path1)                                        # STEP 32
str3 = ""                                                               # STEP 33
result = os0.path.islink(path1)                                         # STEP 34
result = os0.path.isfile(path1)                                         # STEP 35
str1 += 'n'                                                             # STEP 36
str3 += 'y'                                                             # STEP 37
str3 += 'a'                                                             # STEP 38
path1 += "/" + component4                                               # STEP 39
str1 += " "                                                             # STEP 40
str1 += 'g'                                                             # STEP 41
str3 += 't'                                                             # STEP 42
fd0 = os0.open(path1, os.O_CREAT | os.O_WRONLY | os.O_TRUNC)            # STEP 43
stat3 = os0.fstat(fd0)                                                  # STEP 44
str3 += 'w'                                                             # STEP 45
str3 += 'q'                                                             # STEP 46
component4 = "delta"                                                    # STEP 47
opener0 = newFakeOpener(os0)                                            # STEP 48
str3 += 'k'                                                             # STEP 49
stat2 = os0.fstat(fd0)                                                  # STEP 50
str3 += " "                                                             # STEP 51
bytes2 = 0                                                              # STEP 52
bytes3 = 0                                                              # STEP 53
str3 += 'c'                                                             # STEP 54
result = stat3.st_size                                                  # STEP 55
str3 += 'p'                                                             # STEP 56
str3 += 'j'                                                             # STEP 57
str3 += 's'                                                             # STEP 58
path4 = "/Volumes/ramdisk/test"                                         # STEP 59
str3 += 'x'                                                             # STEP 60
os0.write(fd0,str1)                                                     # STEP 61
file0 = opener0(path1)                                                  # STEP 62
stat3 = os0.lstat(path1)                                                # STEP 63
stat1 = os0.lstat(path1)                                                # STEP 64
os0.write(fd0,str3)                                                     # STEP 65
path4 += "/" + component3                                               # STEP 66
str1 += 'q'                                                             # STEP 67
result = os0.path.islink(path1)                                         # STEP 68
str1 += 's'                                                             # STEP 69
stat0 = os0.stat(path1)                                                 # STEP 70
os0.write(fd0,str3)                                                     # STEP 71
str3 += 'o'                                                             # STEP 72
file0.next()                                                            # STEP 73
str1 += 'u'                                                             # STEP 74
str1 += 'x'                                                             # STEP 75
os0.symlink(path4,path1)                                                # STEP 76
result = file0.readlines()                                              # STEP 77
ERROR: (<type 'exceptions.AssertionError'>, AssertionError(" (['yatwqk cpjsxyatwqk cpjsx']) == ([]) ",), <traceback object at 0x106f4e518>)
TRACEBACK:
  File "/Users/alex/tstl/examples/pyfakefs/sut.py", line 38007, in safely
    act[2]()
  File "/Users/alex/tstl/examples/pyfakefs/sut.py", line 29028, in act575
    try: assert result == result_REF, " (%s) == (%s) " % (result, result_REF)
FAILURE 1
component1 = "gamma"                                                     # STEP 0
str0 = ""                                                                # STEP 1
path3 = "/Volumes/ramdisk/test"                                          # STEP 2
component2 = "h"                                                         # STEP 3
str3 = ""                                                                # STEP 4
component0 = "g"                                                         # STEP 5
component3 = "f"                                                         # STEP 6
path2 = "/Volumes/ramdisk/test"                                          # STEP 7
str0 += " "                                                              # STEP 8
path3 += "/" + component3                                                # STEP 9
str3 += 'h'                                                             # STEP 10
os0 = newFakeOS()                                                       # STEP 11
result = os0.path.exists(path2)                                         # STEP 12
result = os0.path.dirname(path3)                                        # STEP 13
result = os0.path.abspath(path2)                                        # STEP 14
opener0 = newFakeOpener(os0)                                            # STEP 15
stat4 = os0.stat(path3)                                                 # STEP 16
result = os0.path.islink(path2)                                         # STEP 17
component3 = "e"                                                        # STEP 18
fd0 = os0.open(path3, os.O_CREAT)                                       # STEP 19
os0.remove(path3)                                                       # STEP 20
component4 = "e"                                                        # STEP 21
str3 += 'c'                                                             # STEP 22
path2 += "/" + component1                                               # STEP 23
str0 += 'j'                                                             # STEP 24
str0 += 'x'                                                             # STEP 25
str3 += 'k'                                                             # STEP 26
result = os0.path.isabs(path3)                                          # STEP 27
str0 += 'h'                                                             # STEP 28
path1 = "/Volumes/ramdisk/test"                                         # STEP 29
path2 += "/" + component2                                               # STEP 30
str0 += 'p'                                                             # STEP 31
component2 = "g"                                                        # STEP 32
path2 += "/" + component3                                               # STEP 33
component3 = "beta"                                                     # STEP 34
str3 += 'f'                                                             # STEP 35
os0.symlink(path1,path3)                                                # STEP 36
path1 = "/Volumes/ramdisk/test"                                         # STEP 37
path3 += "/" + component3                                               # STEP 38
os0.makedirs(path2)                                                     # STEP 39
os0.link(path1,path3)                                                   # STEP 40
bytes3 = 0                                                              # STEP 41
os0.remove(path3)                                                       # STEP 42
os0.remove(path3)                                                       # STEP 43
str3 += " "                                                             # STEP 44
file0 = opener0(path3)                                                  # STEP 45
result = os0.path.abspath(path2)                                        # STEP 46
path2 += "/" + component4                                               # STEP 47
file0 = opener0(path3,'w')                                              # STEP 48
os0.symlink(path2,path2)                                                # STEP 49
component4 = "h"                                                        # STEP 50
os0.path.getsize(path2)                                                 # STEP 51
component1 = "f"                                                        # STEP 52
file0.write(str0)                                                       # STEP 53
str3 += 'z'                                                             # STEP 54
os0.link(path2,path3)                                                   # STEP 55
stat3 = os0.fstat(fd0)                                                  # STEP 56
stat1 = os0.stat(path2)                                                 # STEP 57
str0 += 'm'                                                             # STEP 58
str0 += 'a'                                                             # STEP 59
component3 = "gamma"                                                    # STEP 60
str3 += 'y'                                                             # STEP 61
os0.removedirs(path3)                                                   # STEP 62
file0.truncate()                                                        # STEP 63
str3 += 'y'                                                             # STEP 64
stat1 = os0.stat(path2)                                                 # STEP 65
str3 += 'b'                                                             # STEP 66
file0.write(str3)                                                       # STEP 67
result = os0.path.abspath(path2)                                        # STEP 68
str0 += 'f'                                                             # STEP 69
stat1 = os0.stat(path3)                                                 # STEP 70
str3 += 'o'                                                             # STEP 71
os0.rmdir(path3)                                                        # STEP 72
str4 = ""                                                               # STEP 73
str0 += 'c'                                                             # STEP 74
str4 += 'y'                                                             # STEP 75
os0.rmdir(path2)                                                        # STEP 76
result = file0.readline()                                               # STEP 77
str3 += 'p'                                                             # STEP 78
str0 += 'w'                                                             # STEP 79
str0 += 'h'                                                             # STEP 80
str3 += 't'                                                             # STEP 81
path1 += "/" + component4                                               # STEP 82
result = stat1.st_size                                                  # STEP 83
ERROR: (<type 'exceptions.AssertionError'>, AssertionError(' (0) == (5) ',), <traceback object at 0x107b187a0>)
TRACEBACK:
  File "/Users/alex/tstl/examples/pyfakefs/sut.py", line 38007, in safely
    act[2]()
  File "/Users/alex/tstl/examples/pyfakefs/sut.py", line 21826, in act458
    try: assert result == result_REF, " (%s) == (%s) " % (result, result_REF)
FAILURE 2
component1 = "g"                                                         # STEP 0
component4 = "gamma"                                                     # STEP 1
component0 = "h"                                                         # STEP 2
component2 = "epsilon"                                                   # STEP 3
component3 = "a"                                                         # STEP 4
str3 = ""                                                                # STEP 5
path1 = "/Volumes/ramdisk/test"                                          # STEP 6
str3 += " "                                                              # STEP 7
str3 += 'x'                                                              # STEP 8
str3 += 'i'                                                              # STEP 9
bytes4 = 0                                                              # STEP 10
bytes0 = 0                                                              # STEP 11
str3 += 't'                                                             # STEP 12
str3 += 'j'                                                             # STEP 13
str3 += 'b'                                                             # STEP 14
os0 = newFakeOS()                                                       # STEP 15
bytes1 = 0                                                              # STEP 16
str3 += 'k'                                                             # STEP 17
str3 += 'n'                                                             # STEP 18
path1 += "/" + component3                                               # STEP 19
str3 += 'x'                                                             # STEP 20
fd0 = os0.open(path1, os.O_CREAT | os.O_WRONLY | os.O_TRUNC)            # STEP 21
result = os0.path.lexists(path1)                                        # STEP 22
stat1 = os0.fstat(fd0)                                                  # STEP 23
str3 += 'y'                                                             # STEP 24
str4 = ""                                                               # STEP 25
str3 += 'e'                                                             # STEP 26
result = os0.read(fd0,bytes4)                                           # STEP 27
str3 += 'b'                                                             # STEP 28
str3 += 'j'                                                             # STEP 29
str2 = ""                                                               # STEP 30
str1 = ""                                                               # STEP 31
opener0 = newFakeOpener(os0)                                            # STEP 32
os0.write(fd0,str3)                                                     # STEP 33
str1 += 'i'                                                             # STEP 34
str3 += 't'                                                             # STEP 35
path3 = "/Volumes/ramdisk/test"                                         # STEP 36
str1 += 'x'                                                             # STEP 37
os0.path.getsize(path1)                                                 # STEP 38
str1 += 'z'                                                             # STEP 39
str1 = ""                                                               # STEP 40
str4 += 't'                                                             # STEP 41
bytes4 += 1                                                             # STEP 42
str4 += 'l'                                                             # STEP 43
component3 = "d"                                                        # STEP 44
str4 += 'c'                                                             # STEP 45
file0 = opener0(path1)                                                  # STEP 46
os0.link(path3,path3)                                                   # STEP 47
str4 += 'j'                                                             # STEP 48
path3 += "/" + component4                                               # STEP 49
str1 += 'l'                                                             # STEP 50
str1 += 'f'                                                             # STEP 51
str3 += 'u'                                                             # STEP 52
os0.path.getsize(path1)                                                 # STEP 53
result = os0.path.lexists(path3)                                        # STEP 54
result = os0.path.abspath(path3)                                        # STEP 55
result = file0.readline(bytes0)                                         # STEP 56
str4 += 'l'                                                             # STEP 57
str2 += 'w'                                                             # STEP 58
path1 += "/" + component1                                               # STEP 59
result = os0.read(fd0,bytes1)                                           # STEP 60
path1 += "/" + component4                                               # STEP 61
component1 = "alpha"                                                    # STEP 62
str4 += 'w'                                                             # STEP 63
str4 += 'h'                                                             # STEP 64
os0.write(fd0,str2)                                                     # STEP 65
os0.link(path3,path3)                                                   # STEP 66
str2 += 'n'                                                             # STEP 67
result = os0.path.exists(path1)                                         # STEP 68
path3 += "/" + component2                                               # STEP 69
file0.write(str4)                                                       # STEP 70
bytes1 += 1                                                             # STEP 71
os0.rename(path1,path3)                                                 # STEP 72
stat2 = os0.lstat(path1)                                                # STEP 73
str2 += 'w'                                                             # STEP 74
stat4 = os0.stat(path3)                                                 # STEP 75
stat4 = os0.lstat(path1)                                                # STEP 76
component4 = "gamma"                                                    # STEP 77
str1 += 'q'                                                             # STEP 78
os0.makedirs(path1)                                                     # STEP 79
result = os0.read(fd0,bytes4)                                           # STEP 80
str3 += 'z'                                                             # STEP 81
str2 += 'c'                                                             # STEP 82
result = file0.readlines()                                              # STEP 83
component2 = "c"                                                        # STEP 84
str4 += 'n'                                                             # STEP 85
path3 += "/" + component3                                               # STEP 86
str1 += 'g'                                                             # STEP 87
str1 += 'k'                                                             # STEP 88
str2 += 'm'                                                             # STEP 89
result = os0.path.islink(path1)                                         # STEP 90
stat0 = os0.lstat(path3)                                                # STEP 91
str3 += 'e'                                                             # STEP 92
component3 = "h"                                                        # STEP 93
result = os0.path.lexists(path3)                                        # STEP 94
str4 += 'd'                                                             # STEP 95
str4 += 'x'                                                             # STEP 96
str1 += 'k'                                                             # STEP 97
os0.write(fd0,str2)                                                     # STEP 98
result = file0.readline(bytes1)                                         # STEP 99
ERROR: (<type 'exceptions.AssertionError'>, AssertionError(' (w) == () ',), <traceback object at 0x1039b7ab8>)
TRACEBACK:
  File "/Users/alex/tstl/examples/pyfakefs/sut.py", line 38007, in safely
    act[2]()
  File "/Users/alex/tstl/examples/pyfakefs/sut.py", line 28794, in act571
    try: assert result == result_REF, " (%s) == (%s) " % (result, result_REF)
1182 BRANCHES COVERED
907 STATEMENTS COVERED
