Random testing using config=Config(swarmSwitch=None, verbose=False, reducePool=False, failedLogging=None, exploitBestHint=1, greedyStutter=False, internal=False, exploit=None, seed=None, generalize=False, useHints=False, localize=False, total=False, speed='FAST', probs=None, normalize=False, verboseExploit=False, highLowSwarm=None, replayable=False, essentials=False, noCoverageExploit=False, quickTests=False, relax=False, enumerateEnabled=False, uniqueValuesAnalysis=False, swarm=True, noReassign=False, html=None, fastQuickAnalysis=False, progress=False, swarmLength=None, noSwarmDependencies=False, profile=False, LOCBaseline=0.2, noEnumerateEnabled=False, full=True, multiple=True, timedProgress=30, silentFail=True, stopWhenStatements=None, swarmP=0.5, stopWhenBranches=None, noAlphaConvert=False, coverFile='coverage.out', readQuick=False, verboseActions=False, running=False, computeFeatureStats=False, compareFails=False, swarmProbs=None, output='failure.5845.test', genDepth=None, Pcrossover=0.2, quickAnalysis=False, keepLast=False, exploitCeiling=0.1, logging=None, LOCProbs=False, noCheck=False, maxTests=-1, noExceptionMatch=False, Pmutate=0.0, depth=100, showActions=False, throughput=False, noCover=False, timeout=60, stutter=None, uncaught=False, markov=None, startExploit=0)
UNCAUGHT EXCEPTION
ERROR: (<type 'exceptions.AssertionError'>, AssertionError(' (3) == (0) ',), <traceback object at 0x10a38bd40>)
TRACEBACK:
  File "/Users/alex/tstl/examples/pyfakefs/sut.py", line 38007, in safely
    act[2]()
  File "/Users/alex/tstl/examples/pyfakefs/sut.py", line 21771, in act457
    try: assert result == result_REF, " (%s) == (%s) " % (result, result_REF)
Original test has 85 steps

SAVING TEST AS failure.5845.test.0
FINAL VERSION OF TEST, WITH LOGGED REPLAY:
str3 = ""                                                                # STEP 0
component0 = "c"                                                         # STEP 1
component4 = "g"                                                         # STEP 2
os0 = newFakeOS()                                                        # STEP 3
component3 = "f"                                                         # STEP 4
bytes1 = 0                                                               # STEP 5
str0 = ""                                                                # STEP 6
component2 = "a"                                                         # STEP 7
str3 += " "                                                              # STEP 8
component1 = "delta"                                                     # STEP 9
path4 = "/Volumes/ramdisk/test"                                         # STEP 10
result = os0.path.isabs(path4)                                          # STEP 11
path4 += "/" + component2                                               # STEP 12
os0.mkdir(path4)                                                        # STEP 13
path1 = "/Volumes/ramdisk/test"                                         # STEP 14
result = os0.path.isabs(path1)                                          # STEP 15
opener0 = newFakeOpener(os0)                                            # STEP 16
component2 = "h"                                                        # STEP 17
file0 = opener0(path4,'w')                                              # STEP 18
result = os0.path.isabs(path4)                                          # STEP 19
path4 = "/Volumes/ramdisk/test"                                         # STEP 20
os0.link(path4,path4)                                                   # STEP 21
str0 += " "                                                             # STEP 22
os0.link(path4,path4)                                                   # STEP 23
file0 = opener0(path4,'w')                                              # STEP 24
path4 += "/" + component3                                               # STEP 25
fd0 = os0.open(path4, os.O_RDWR)                                        # STEP 26
bytes1 += 1                                                             # STEP 27
component3 = "f"                                                        # STEP 28
stat2 = os0.stat(path4)                                                 # STEP 29
str2 = ""                                                               # STEP 30
fd0 = os0.open(path4, os.O_CREAT | os.O_EXCL)                           # STEP 31
stat4 = os0.stat(path4)                                                 # STEP 32
os0.write(fd0,str0)                                                     # STEP 33
os0.makedirs(path1)                                                     # STEP 34
path0 = "/Volumes/ramdisk/test"                                         # STEP 35
os0.symlink(path4,path4)                                                # STEP 36
os0.symlink(path0,path0)                                                # STEP 37
os0.makedirs(path4)                                                     # STEP 38
result = os0.readlink(path1)                                            # STEP 39
path4 += "/" + component4                                               # STEP 40
component4 = "f"                                                        # STEP 41
os0.rename(path4,path0)                                                 # STEP 42
str3 = ""                                                               # STEP 43
str0 += " "                                                             # STEP 44
path4 += "/" + component3                                               # STEP 45
file0 = opener0(path4,'w')                                              # STEP 46
path0 += "/" + component4                                               # STEP 47
path4 = "/Volumes/ramdisk/test"                                         # STEP 48
path1 += "/" + component4                                               # STEP 49
str1 = ""                                                               # STEP 50
str0 += " "                                                             # STEP 51
component4 = "phi"                                                      # STEP 52
os0.write(fd0,str2)                                                     # STEP 53
os0.symlink(path4,path0)                                                # STEP 54
result = os0.path.dirname(path0)                                        # STEP 55
os0.mkdir(path1)                                                        # STEP 56
os0.mkdir(path4)                                                        # STEP 57
os0.link(path4,path1)                                                   # STEP 58
file0 = opener0(path0,'a')                                              # STEP 59
os0.symlink(path0,path4)                                                # STEP 60
component3 = "alpha"                                                    # STEP 61
os0.link(path1,path1)                                                   # STEP 62
os0.makedirs(path1)                                                     # STEP 63
result = os0.path.isabs(path0)                                          # STEP 64
path1 = "/Volumes/ramdisk/test"                                         # STEP 65
file0.write(str0)                                                       # STEP 66
result = os0.path.dirname(path4)                                        # STEP 67
stat0 = os0.stat(path0)                                                 # STEP 68
result = os0.path.islink(path1)                                         # STEP 69
os0.link(path4,path0)                                                   # STEP 70
file0.write(str3)                                                       # STEP 71
os0.link(path0,path0)                                                   # STEP 72
path4 += "/" + component0                                               # STEP 73
str1 += " "                                                             # STEP 74
os0.mkdir(path1)                                                        # STEP 75
os0.makedirs(path4)                                                     # STEP 76
bytes1 += 1                                                             # STEP 77
os0.link(path4,path0)                                                   # STEP 78
os0.write(fd0,str3)                                                     # STEP 79
path1 += "/" + component3                                               # STEP 80
stat3 = os0.stat(path0)                                                 # STEP 81
stat1 = os0.stat(path4)                                                 # STEP 82
path0 += "/" + component0                                               # STEP 83
result = stat0.st_size                                                  # STEP 84
ERROR: (<type 'exceptions.AssertionError'>, AssertionError(' (3) == (0) ',), <traceback object at 0x104f10368>)
TRACEBACK:
  File "/Users/alex/tstl/examples/pyfakefs/sut.py", line 38007, in safely
    act[2]()
  File "/Users/alex/tstl/examples/pyfakefs/sut.py", line 21771, in act457
    try: assert result == result_REF, " (%s) == (%s) " % (result, result_REF)
FAILURE IS NEW, STORING; NOW 1 DISTINCT FAILURES
TEST #368 STEP #25 (0:00:30.000245) Sat Jul 22 08:06:51 2017 [ 876 stmts 1143 branches ] 36710 TOTAL ACTIONS (1223.65667935/s)
STOPPING TEST DUE TO TIMEOUT, TERMINATED AT LENGTH 33
STOPPING TESTING DUE TO TIMEOUT
42.4005945745 PERCENT COVERED
60.3185899258 TOTAL RUNTIME
745 EXECUTED
74418 TOTAL TEST OPERATIONS
54.0359880924 TIME SPENT EXECUTING TEST OPERATIONS
2.35776400566 TIME SPENT EVALUATING GUARDS AND CHOOSING ACTIONS
0.0462374687195 TIME SPENT CHECKING PROPERTIES
54.0822255611 TOTAL TIME SPENT RUNNING SUT
2.21493911743 TIME SPENT RESTARTING
0.0 TIME SPENT REDUCING TEST CASES
1 FAILED
0 REPEATS OF FAILURES
1 ACTUAL DISTINCT FAILURES

FAILURE 0
str3 = ""                                                                # STEP 0
component0 = "c"                                                         # STEP 1
component4 = "g"                                                         # STEP 2
os0 = newFakeOS()                                                        # STEP 3
component3 = "f"                                                         # STEP 4
bytes1 = 0                                                               # STEP 5
str0 = ""                                                                # STEP 6
component2 = "a"                                                         # STEP 7
str3 += " "                                                              # STEP 8
component1 = "delta"                                                     # STEP 9
path4 = "/Volumes/ramdisk/test"                                         # STEP 10
result = os0.path.isabs(path4)                                          # STEP 11
path4 += "/" + component2                                               # STEP 12
os0.mkdir(path4)                                                        # STEP 13
path1 = "/Volumes/ramdisk/test"                                         # STEP 14
result = os0.path.isabs(path1)                                          # STEP 15
opener0 = newFakeOpener(os0)                                            # STEP 16
component2 = "h"                                                        # STEP 17
file0 = opener0(path4,'w')                                              # STEP 18
result = os0.path.isabs(path4)                                          # STEP 19
path4 = "/Volumes/ramdisk/test"                                         # STEP 20
os0.link(path4,path4)                                                   # STEP 21
str0 += " "                                                             # STEP 22
os0.link(path4,path4)                                                   # STEP 23
file0 = opener0(path4,'w')                                              # STEP 24
path4 += "/" + component3                                               # STEP 25
fd0 = os0.open(path4, os.O_RDWR)                                        # STEP 26
bytes1 += 1                                                             # STEP 27
component3 = "f"                                                        # STEP 28
stat2 = os0.stat(path4)                                                 # STEP 29
str2 = ""                                                               # STEP 30
fd0 = os0.open(path4, os.O_CREAT | os.O_EXCL)                           # STEP 31
stat4 = os0.stat(path4)                                                 # STEP 32
os0.write(fd0,str0)                                                     # STEP 33
os0.makedirs(path1)                                                     # STEP 34
path0 = "/Volumes/ramdisk/test"                                         # STEP 35
os0.symlink(path4,path4)                                                # STEP 36
os0.symlink(path0,path0)                                                # STEP 37
os0.makedirs(path4)                                                     # STEP 38
result = os0.readlink(path1)                                            # STEP 39
path4 += "/" + component4                                               # STEP 40
component4 = "f"                                                        # STEP 41
os0.rename(path4,path0)                                                 # STEP 42
str3 = ""                                                               # STEP 43
str0 += " "                                                             # STEP 44
path4 += "/" + component3                                               # STEP 45
file0 = opener0(path4,'w')                                              # STEP 46
path0 += "/" + component4                                               # STEP 47
path4 = "/Volumes/ramdisk/test"                                         # STEP 48
path1 += "/" + component4                                               # STEP 49
str1 = ""                                                               # STEP 50
str0 += " "                                                             # STEP 51
component4 = "phi"                                                      # STEP 52
os0.write(fd0,str2)                                                     # STEP 53
os0.symlink(path4,path0)                                                # STEP 54
result = os0.path.dirname(path0)                                        # STEP 55
os0.mkdir(path1)                                                        # STEP 56
os0.mkdir(path4)                                                        # STEP 57
os0.link(path4,path1)                                                   # STEP 58
file0 = opener0(path0,'a')                                              # STEP 59
os0.symlink(path0,path4)                                                # STEP 60
component3 = "alpha"                                                    # STEP 61
os0.link(path1,path1)                                                   # STEP 62
os0.makedirs(path1)                                                     # STEP 63
result = os0.path.isabs(path0)                                          # STEP 64
path1 = "/Volumes/ramdisk/test"                                         # STEP 65
file0.write(str0)                                                       # STEP 66
result = os0.path.dirname(path4)                                        # STEP 67
stat0 = os0.stat(path0)                                                 # STEP 68
result = os0.path.islink(path1)                                         # STEP 69
os0.link(path4,path0)                                                   # STEP 70
file0.write(str3)                                                       # STEP 71
os0.link(path0,path0)                                                   # STEP 72
path4 += "/" + component0                                               # STEP 73
str1 += " "                                                             # STEP 74
os0.mkdir(path1)                                                        # STEP 75
os0.makedirs(path4)                                                     # STEP 76
bytes1 += 1                                                             # STEP 77
os0.link(path4,path0)                                                   # STEP 78
os0.write(fd0,str3)                                                     # STEP 79
path1 += "/" + component3                                               # STEP 80
stat3 = os0.stat(path0)                                                 # STEP 81
stat1 = os0.stat(path4)                                                 # STEP 82
path0 += "/" + component0                                               # STEP 83
result = stat0.st_size                                                  # STEP 84
ERROR: (<type 'exceptions.AssertionError'>, AssertionError(' (3) == (0) ',), <traceback object at 0x104f10368>)
TRACEBACK:
  File "/Users/alex/tstl/examples/pyfakefs/sut.py", line 38007, in safely
    act[2]()
  File "/Users/alex/tstl/examples/pyfakefs/sut.py", line 21771, in act457
    try: assert result == result_REF, " (%s) == (%s) " % (result, result_REF)
1176 BRANCHES COVERED
903 STATEMENTS COVERED
