Random testing using config=Config(swarmSwitch=None, verbose=False, reducePool=False, failedLogging=None, exploitBestHint=1, greedyStutter=False, internal=False, exploit=None, seed=None, generalize=False, useHints=False, localize=False, total=False, speed='FAST', probs=None, normalize=False, verboseExploit=False, highLowSwarm=None, replayable=False, essentials=False, noCoverageExploit=False, quickTests=False, relax=False, enumerateEnabled=False, uniqueValuesAnalysis=False, swarm=True, noReassign=False, html=None, fastQuickAnalysis=False, progress=False, swarmLength=None, noSwarmDependencies=False, profile=False, LOCBaseline=0.2, noEnumerateEnabled=False, full=True, multiple=True, timedProgress=30, silentFail=True, stopWhenStatements=None, swarmP=0.5, stopWhenBranches=None, noAlphaConvert=False, coverFile='coverage.out', readQuick=False, verboseActions=False, running=False, computeFeatureStats=False, compareFails=False, swarmProbs=None, output='failure.5591.test', genDepth=None, Pcrossover=0.2, quickAnalysis=False, keepLast=False, exploitCeiling=0.1, logging=None, LOCProbs=False, noCheck=False, maxTests=-1, noExceptionMatch=False, Pmutate=0.0, depth=100, showActions=False, throughput=False, noCover=False, timeout=60, stutter=None, uncaught=False, markov=None, startExploit=0)
UNCAUGHT EXCEPTION
ERROR: (<type 'exceptions.OSError'>, OSError(9, 'File is not open for reading.'), <traceback object at 0x1062b91b8>)
TRACEBACK:
  File "/Users/alex/tstl/examples/pyfakefs/sut.py", line 38007, in safely
    act[2]()
  File "/Users/alex/tstl/examples/pyfakefs/sut.py", line 28999, in act575
    result = self.p_file[0].readlines()
  File "/Users/alex/tstl/examples/pyfakefs/pyfakefs/fake_filesystem.py", line 4284, in read_error
    self._raise('File is not open for reading.')
  File "/Users/alex/tstl/examples/pyfakefs/pyfakefs/fake_filesystem.py", line 4112, in _raise
    raise OSError(errno.EBADF, message)
Original test has 71 steps

SAVING TEST AS failure.5591.test.0
FINAL VERSION OF TEST, WITH LOGGED REPLAY:
component1 = "epsilon"                                                   # STEP 0
path4 = "/Volumes/ramdisk/test"                                          # STEP 1
component4 = "a"                                                         # STEP 2
component2 = "alpha"                                                     # STEP 3
os0 = newFakeOS()                                                        # STEP 4
component0 = "f"                                                         # STEP 5
os0.symlink(path4,path4)                                                 # STEP 6
path4 += "/" + component2                                                # STEP 7
opener0 = newFakeOpener(os0)                                             # STEP 8
str4 = ""                                                                # STEP 9
str4 += 'x'                                                             # STEP 10
str4 += 'q'                                                             # STEP 11
bytes4 = 0                                                              # STEP 12
str4 += 'c'                                                             # STEP 13
component2 = "phi"                                                      # STEP 14
str4 += 'c'                                                             # STEP 15
str4 += 'l'                                                             # STEP 16
str4 += 'h'                                                             # STEP 17
component3 = "alpha"                                                    # STEP 18
fd0 = os0.open(path4, os.O_CREAT | os.O_WRONLY | os.O_EXCL)             # STEP 19
bytes1 = 0                                                              # STEP 20
result = os0.path.isabs(path4)                                          # STEP 21
path4 = "/Volumes/ramdisk/test"                                         # STEP 22
path4 += "/" + component1                                               # STEP 23
os0.close(fd0)                                                          # STEP 24
path4 = "/Volumes/ramdisk/test"                                         # STEP 25
str3 = ""                                                               # STEP 26
bytes0 = 0                                                              # STEP 27
os0.remove(path4)                                                       # STEP 28
result = os0.path.isabs(path4)                                          # STEP 29
path4 = "/Volumes/ramdisk/test"                                         # STEP 30
str3 += 'a'                                                             # STEP 31
str4 += 'x'                                                             # STEP 32
os0.mkdir(path4)                                                        # STEP 33
os0.remove(path4)                                                       # STEP 34
str4 += 'v'                                                             # STEP 35
str4 += 'i'                                                             # STEP 36
component1 = "c"                                                        # STEP 37
path4 += "/" + component4                                               # STEP 38
os0.write(fd0,str3)                                                     # STEP 39
stat3 = os0.fstat(fd0)                                                  # STEP 40
stat4 = os0.fstat(fd0)                                                  # STEP 41
result = os0.path.isdir(path4)                                          # STEP 42
str4 += 'm'                                                             # STEP 43
component4 = "lambda"                                                   # STEP 44
str3 += 'u'                                                             # STEP 45
os0.symlink(path4,path4)                                                # STEP 46
path4 = "/Volumes/ramdisk/test"                                         # STEP 47
str3 += 'm'                                                             # STEP 48
str4 += 'k'                                                             # STEP 49
str3 += 'n'                                                             # STEP 50
path4 += "/" + component2                                               # STEP 51
str3 += 'd'                                                             # STEP 52
result = os0.path.abspath(path4)                                        # STEP 53
component2 = "epsilon"                                                  # STEP 54
file0 = opener0(path4,'w')                                              # STEP 55
os0.mkdir(path4)                                                        # STEP 56
str4 += 't'                                                             # STEP 57
str4 += 'f'                                                             # STEP 58
str4 += 'm'                                                             # STEP 59
str4 += 'p'                                                             # STEP 60
str3 += 'h'                                                             # STEP 61
file0.truncate()                                                        # STEP 62
result = os0.readlink(path4)                                            # STEP 63
str4 += 'h'                                                             # STEP 64
str4 += 'm'                                                             # STEP 65
path4 += "/" + component2                                               # STEP 66
stat0 = os0.fstat(fd0)                                                  # STEP 67
str4 += 'y'                                                             # STEP 68
os0.write(fd0,str4)                                                     # STEP 69
result = file0.readlines()                                              # STEP 70
ERROR: (<type 'exceptions.OSError'>, OSError(9, 'File is not open for reading.'), <traceback object at 0x106c2da28>)
TRACEBACK:
  File "/Users/alex/tstl/examples/pyfakefs/sut.py", line 38007, in safely
    act[2]()
  File "/Users/alex/tstl/examples/pyfakefs/sut.py", line 28999, in act575
    result = self.p_file[0].readlines()
  File "/Users/alex/tstl/examples/pyfakefs/pyfakefs/fake_filesystem.py", line 4284, in read_error
    self._raise('File is not open for reading.')
  File "/Users/alex/tstl/examples/pyfakefs/pyfakefs/fake_filesystem.py", line 4112, in _raise
    raise OSError(errno.EBADF, message)
FAILURE IS NEW, STORING; NOW 1 DISTINCT FAILURES
TEST #364 STEP #21 (0:00:30.000932) Sat Jul 22 06:41:45 2017 [ 886 stmts 1153 branches ] 36292 TOTAL ACTIONS (1209.695753/s)
STOPPING TEST DUE TO TIMEOUT, TERMINATED AT LENGTH 95
STOPPING TESTING DUE TO TIMEOUT
41.9918246005 PERCENT COVERED
60.3215389252 TOTAL RUNTIME
722 EXECUTED
72166 TOTAL TEST OPERATIONS
54.3185219765 TIME SPENT EXECUTING TEST OPERATIONS
2.23163986206 TIME SPENT EVALUATING GUARDS AND CHOOSING ACTIONS
0.0442712306976 TIME SPENT CHECKING PROPERTIES
54.3627932072 TOTAL TIME SPENT RUNNING SUT
2.13682985306 TIME SPENT RESTARTING
0.0 TIME SPENT REDUCING TEST CASES
1 FAILED
0 REPEATS OF FAILURES
1 ACTUAL DISTINCT FAILURES

FAILURE 0
component1 = "epsilon"                                                   # STEP 0
path4 = "/Volumes/ramdisk/test"                                          # STEP 1
component4 = "a"                                                         # STEP 2
component2 = "alpha"                                                     # STEP 3
os0 = newFakeOS()                                                        # STEP 4
component0 = "f"                                                         # STEP 5
os0.symlink(path4,path4)                                                 # STEP 6
path4 += "/" + component2                                                # STEP 7
opener0 = newFakeOpener(os0)                                             # STEP 8
str4 = ""                                                                # STEP 9
str4 += 'x'                                                             # STEP 10
str4 += 'q'                                                             # STEP 11
bytes4 = 0                                                              # STEP 12
str4 += 'c'                                                             # STEP 13
component2 = "phi"                                                      # STEP 14
str4 += 'c'                                                             # STEP 15
str4 += 'l'                                                             # STEP 16
str4 += 'h'                                                             # STEP 17
component3 = "alpha"                                                    # STEP 18
fd0 = os0.open(path4, os.O_CREAT | os.O_WRONLY | os.O_EXCL)             # STEP 19
bytes1 = 0                                                              # STEP 20
result = os0.path.isabs(path4)                                          # STEP 21
path4 = "/Volumes/ramdisk/test"                                         # STEP 22
path4 += "/" + component1                                               # STEP 23
os0.close(fd0)                                                          # STEP 24
path4 = "/Volumes/ramdisk/test"                                         # STEP 25
str3 = ""                                                               # STEP 26
bytes0 = 0                                                              # STEP 27
os0.remove(path4)                                                       # STEP 28
result = os0.path.isabs(path4)                                          # STEP 29
path4 = "/Volumes/ramdisk/test"                                         # STEP 30
str3 += 'a'                                                             # STEP 31
str4 += 'x'                                                             # STEP 32
os0.mkdir(path4)                                                        # STEP 33
os0.remove(path4)                                                       # STEP 34
str4 += 'v'                                                             # STEP 35
str4 += 'i'                                                             # STEP 36
component1 = "c"                                                        # STEP 37
path4 += "/" + component4                                               # STEP 38
os0.write(fd0,str3)                                                     # STEP 39
stat3 = os0.fstat(fd0)                                                  # STEP 40
stat4 = os0.fstat(fd0)                                                  # STEP 41
result = os0.path.isdir(path4)                                          # STEP 42
str4 += 'm'                                                             # STEP 43
component4 = "lambda"                                                   # STEP 44
str3 += 'u'                                                             # STEP 45
os0.symlink(path4,path4)                                                # STEP 46
path4 = "/Volumes/ramdisk/test"                                         # STEP 47
str3 += 'm'                                                             # STEP 48
str4 += 'k'                                                             # STEP 49
str3 += 'n'                                                             # STEP 50
path4 += "/" + component2                                               # STEP 51
str3 += 'd'                                                             # STEP 52
result = os0.path.abspath(path4)                                        # STEP 53
component2 = "epsilon"                                                  # STEP 54
file0 = opener0(path4,'w')                                              # STEP 55
os0.mkdir(path4)                                                        # STEP 56
str4 += 't'                                                             # STEP 57
str4 += 'f'                                                             # STEP 58
str4 += 'm'                                                             # STEP 59
str4 += 'p'                                                             # STEP 60
str3 += 'h'                                                             # STEP 61
file0.truncate()                                                        # STEP 62
result = os0.readlink(path4)                                            # STEP 63
str4 += 'h'                                                             # STEP 64
str4 += 'm'                                                             # STEP 65
path4 += "/" + component2                                               # STEP 66
stat0 = os0.fstat(fd0)                                                  # STEP 67
str4 += 'y'                                                             # STEP 68
os0.write(fd0,str4)                                                     # STEP 69
result = file0.readlines()                                              # STEP 70
ERROR: (<type 'exceptions.OSError'>, OSError(9, 'File is not open for reading.'), <traceback object at 0x106c2da28>)
TRACEBACK:
  File "/Users/alex/tstl/examples/pyfakefs/sut.py", line 38007, in safely
    act[2]()
  File "/Users/alex/tstl/examples/pyfakefs/sut.py", line 28999, in act575
    result = self.p_file[0].readlines()
  File "/Users/alex/tstl/examples/pyfakefs/pyfakefs/fake_filesystem.py", line 4284, in read_error
    self._raise('File is not open for reading.')
  File "/Users/alex/tstl/examples/pyfakefs/pyfakefs/fake_filesystem.py", line 4112, in _raise
    raise OSError(errno.EBADF, message)
1163 BRANCHES COVERED
893 STATEMENTS COVERED
