Random testing using config=Config(swarmSwitch=None, verbose=False, reducePool=False, failedLogging=None, exploitBestHint=1, greedyStutter=False, internal=False, exploit=None, seed=None, generalize=False, useHints=False, localize=False, total=False, speed='FAST', probs=None, normalize=False, verboseExploit=False, highLowSwarm=None, replayable=False, essentials=False, noCoverageExploit=False, quickTests=False, relax=False, enumerateEnabled=False, uniqueValuesAnalysis=False, swarm=True, noReassign=False, html=None, fastQuickAnalysis=False, progress=False, swarmLength=None, noSwarmDependencies=False, profile=False, LOCBaseline=0.2, noEnumerateEnabled=False, full=True, multiple=True, timedProgress=30, silentFail=True, stopWhenStatements=None, swarmP=0.5, stopWhenBranches=None, noAlphaConvert=False, coverFile='coverage.out', readQuick=False, verboseActions=False, running=False, computeFeatureStats=False, compareFails=False, swarmProbs=None, output='failure.4298.test', genDepth=None, Pcrossover=0.2, quickAnalysis=False, keepLast=False, exploitCeiling=0.1, logging=None, LOCProbs=False, noCheck=False, maxTests=-1, noExceptionMatch=False, Pmutate=0.0, depth=100, showActions=False, throughput=False, noCover=False, timeout=60, stutter=None, uncaught=False, markov=None, startExploit=0)
UNCAUGHT EXCEPTION
ERROR: (<type 'exceptions.OSError'>, OSError(9, 'File is not open for reading.'), <traceback object at 0x104691b48>)
TRACEBACK:
  File "/Users/alex/tstl/examples/pyfakefs/sut.py", line 38007, in safely
    act[2]()
  File "/Users/alex/tstl/examples/pyfakefs/sut.py", line 28761, in act571
    result = self.p_file[0].readline(self.p_bytes[1])
  File "/Users/alex/tstl/examples/pyfakefs/pyfakefs/fake_filesystem.py", line 4284, in read_error
    self._raise('File is not open for reading.')
  File "/Users/alex/tstl/examples/pyfakefs/pyfakefs/fake_filesystem.py", line 4112, in _raise
    raise OSError(errno.EBADF, message)
Original test has 89 steps

SAVING TEST AS failure.4298.test.0
FINAL VERSION OF TEST, WITH LOGGED REPLAY:
path3 = "/Volumes/ramdisk/test"                                          # STEP 0
component1 = "f"                                                         # STEP 1
component4 = "e"                                                         # STEP 2
os0 = newFakeOS()                                                        # STEP 3
component2 = "phi"                                                       # STEP 4
component3 = "epsilon"                                                   # STEP 5
os0.mkdir(path3)                                                         # STEP 6
path4 = "/Volumes/ramdisk/test"                                          # STEP 7
bytes4 = 0                                                               # STEP 8
path4 += "/" + component3                                                # STEP 9
os0.mkdir(path3)                                                        # STEP 10
path3 += "/" + component4                                               # STEP 11
stat2 = os0.lstat(path4)                                                # STEP 12
component3 = "delta"                                                    # STEP 13
component4 = "phi"                                                      # STEP 14
os0.mkdir(path3)                                                        # STEP 15
path3 += "/" + component2                                               # STEP 16
component2 = "gamma"                                                    # STEP 17
component0 = "f"                                                        # STEP 18
str2 = ""                                                               # STEP 19
fd0 = os0.open(path4, os.O_CREAT)                                       # STEP 20
path4 += "/" + component2                                               # STEP 21
result = os0.read(fd0,bytes4)                                           # STEP 22
component2 = "e"                                                        # STEP 23
os0.symlink(path4,path4)                                                # STEP 24
str2 += 'y'                                                             # STEP 25
os0.link(path4,path4)                                                   # STEP 26
bytes2 = 0                                                              # STEP 27
result = os0.path.abspath(path3)                                        # STEP 28
stat0 = os0.fstat(fd0)                                                  # STEP 29
result = os0.readlink(path3)                                            # STEP 30
result = os0.readlink(path3)                                            # STEP 31
opener0 = newFakeOpener(os0)                                            # STEP 32
os0.symlink(path3,path3)                                                # STEP 33
path0 = "/Volumes/ramdisk/test"                                         # STEP 34
str2 += 'k'                                                             # STEP 35
stat4 = os0.fstat(fd0)                                                  # STEP 36
str2 += 'w'                                                             # STEP 37
path3 += "/" + component3                                               # STEP 38
os0.makedirs(path0)                                                     # STEP 39
path4 += "/" + component4                                               # STEP 40
str2 += 'f'                                                             # STEP 41
os0.removedirs(path4)                                                   # STEP 42
path0 += "/" + component0                                               # STEP 43
os0.link(path4,path3)                                                   # STEP 44
component3 = "g"                                                        # STEP 45
path4 += "/" + component2                                               # STEP 46
os0.close(fd0)                                                          # STEP 47
path3 += "/" + component2                                               # STEP 48
os0.link(path4,path4)                                                   # STEP 49
component0 = "omega"                                                    # STEP 50
stat3 = os0.fstat(fd0)                                                  # STEP 51
os0.link(path4,path0)                                                   # STEP 52
os0.makedirs(path4)                                                     # STEP 53
bytes1 = 0                                                              # STEP 54
fd0 = os0.open(path0, os.O_RDWR)                                        # STEP 55
stat1 = os0.lstat(path4)                                                # STEP 56
result = os0.path.abspath(path4)                                        # STEP 57
os0.link(path3,path0)                                                   # STEP 58
path3 = "/Volumes/ramdisk/test"                                         # STEP 59
file0 = opener0(path0,'w')                                              # STEP 60
component4 = "gamma"                                                    # STEP 61
str2 += 'x'                                                             # STEP 62
result = os0.read(fd0,bytes1)                                           # STEP 63
path1 = "/Volumes/ramdisk/test"                                         # STEP 64
str2 += 'y'                                                             # STEP 65
os0.removedirs(path3)                                                   # STEP 66
component2 = "a"                                                        # STEP 67
os0.symlink(path3,path0)                                                # STEP 68
result = stat4.st_size                                                  # STEP 69
os0.link(path3,path1)                                                   # STEP 70
path4 += "/" + component0                                               # STEP 71
os0.symlink(path1,path4)                                                # STEP 72
path1 += "/" + component1                                               # STEP 73
path1 += "/" + component3                                               # STEP 74
stat2 = os0.fstat(fd0)                                                  # STEP 75
str2 += 'l'                                                             # STEP 76
path1 += "/" + component3                                               # STEP 77
path0 += "/" + component1                                               # STEP 78
str2 += 'v'                                                             # STEP 79
os0.symlink(path4,path3)                                                # STEP 80
component0 = "gamma"                                                    # STEP 81
os0.makedirs(path0)                                                     # STEP 82
result = os0.path.abspath(path0)                                        # STEP 83
component1 = "epsilon"                                                  # STEP 84
str2 += 'u'                                                             # STEP 85
file0.seek(bytes1)                                                      # STEP 86
str2 += 'f'                                                             # STEP 87
result = file0.readline(bytes1)                                         # STEP 88
ERROR: (<type 'exceptions.OSError'>, OSError(9, 'File is not open for reading.'), <traceback object at 0x106ed8998>)
TRACEBACK:
  File "/Users/alex/tstl/examples/pyfakefs/sut.py", line 38007, in safely
    act[2]()
  File "/Users/alex/tstl/examples/pyfakefs/sut.py", line 28761, in act571
    result = self.p_file[0].readline(self.p_bytes[1])
  File "/Users/alex/tstl/examples/pyfakefs/pyfakefs/fake_filesystem.py", line 4284, in read_error
    self._raise('File is not open for reading.')
  File "/Users/alex/tstl/examples/pyfakefs/pyfakefs/fake_filesystem.py", line 4112, in _raise
    raise OSError(errno.EBADF, message)
FAILURE IS NEW, STORING; NOW 1 DISTINCT FAILURES
TEST #366 STEP #41 (0:00:30.000640) Sat Jul 22 00:09:28 2017 [ 888 stmts 1157 branches ] 36530 TOTAL ACTIONS (1217.64069376/s)
UNCAUGHT EXCEPTION
ERROR: (<type 'exceptions.AssertionError'>, AssertionError(" ([' ']) == ([]) ",), <traceback object at 0x106526908>)
TRACEBACK:
  File "/Users/alex/tstl/examples/pyfakefs/sut.py", line 38007, in safely
    act[2]()
  File "/Users/alex/tstl/examples/pyfakefs/sut.py", line 29028, in act575
    try: assert result == result_REF, " (%s) == (%s) " % (result, result_REF)
Original test has 96 steps

SAVING TEST AS failure.4298.test.1
FINAL VERSION OF TEST, WITH LOGGED REPLAY:
component3 = "b"                                                         # STEP 0
component1 = "c"                                                         # STEP 1
bytes0 = 0                                                               # STEP 2
bytes1 = 0                                                               # STEP 3
component2 = "d"                                                         # STEP 4
component0 = "c"                                                         # STEP 5
bytes3 = 0                                                               # STEP 6
component4 = "phi"                                                       # STEP 7
bytes1 += 1                                                              # STEP 8
bytes2 = 0                                                               # STEP 9
bytes0 += 1                                                             # STEP 10
os0 = newFakeOS()                                                       # STEP 11
opener0 = newFakeOpener(os0)                                            # STEP 12
str2 = ""                                                               # STEP 13
path1 = "/Volumes/ramdisk/test"                                         # STEP 14
result = os0.path.lexists(path1)                                        # STEP 15
path1 += "/" + component2                                               # STEP 16
path1 += "/" + component3                                               # STEP 17
bytes1 = 0                                                              # STEP 18
component3 = "omega"                                                    # STEP 19
stat4 = os0.stat(path1)                                                 # STEP 20
component2 = "epsilon"                                                  # STEP 21
path1 += "/" + component0                                               # STEP 22
path1 += "/" + component3                                               # STEP 23
path1 += "/" + component0                                               # STEP 24
component3 = "lambda"                                                   # STEP 25
file0 = opener0(path1,'w')                                              # STEP 26
fd0 = os0.open(path1, os.O_RDONLY)                                      # STEP 27
fd0 = os0.open(path1, os.O_WRONLY | os.O_APPEND)                        # STEP 28
file0 = opener0(path1,'w')                                              # STEP 29
path1 += "/" + component1                                               # STEP 30
bytes4 = 0                                                              # STEP 31
component0 = "h"                                                        # STEP 32
stat0 = os0.stat(path1)                                                 # STEP 33
stat2 = os0.stat(path1)                                                 # STEP 34
fd0 = os0.open(path1, os.O_CREAT | os.O_WRONLY | os.O_TRUNC | os.O_EXCL)  # STEP 35
path0 = "/Volumes/ramdisk/test"                                         # STEP 36
result = os0.path.islink(path1)                                         # STEP 37
file0 = opener0(path0,'a')                                              # STEP 38
result = os0.path.isdir(path1)                                          # STEP 39
file0 = opener0(path1,'r')                                              # STEP 40
result = os0.path.isdir(path1)                                          # STEP 41
component1 = "alpha"                                                    # STEP 42
os0.rename(path1,path0)                                                 # STEP 43
path1 += "/" + component1                                               # STEP 44
file0 = opener0(path0,'a')                                              # STEP 45
path0 += "/" + component3                                               # STEP 46
path4 = "/Volumes/ramdisk/test"                                         # STEP 47
path0 += "/" + component0                                               # STEP 48
os0.rename(path1,path0)                                                 # STEP 49
component0 = "beta"                                                     # STEP 50
component1 = "delta"                                                    # STEP 51
stat0 = os0.stat(path0)                                                 # STEP 52
str2 += " "                                                             # STEP 53
fd0 = os0.open(path0, os.O_CREAT)                                       # STEP 54
path1 = "/Volumes/ramdisk/test"                                         # STEP 55
path0 += "/" + component1                                               # STEP 56
component3 = "omega"                                                    # STEP 57
result = os0.path.isdir(path1)                                          # STEP 58
os0.rename(path0,path4)                                                 # STEP 59
path4 = "/Volumes/ramdisk/test"                                         # STEP 60
component1 = "a"                                                        # STEP 61
str4 = ""                                                               # STEP 62
result = os0.path.lexists(path4)                                        # STEP 63
path4 = "/Volumes/ramdisk/test"                                         # STEP 64
file0 = opener0(path1,'a')                                              # STEP 65
fd0 = os0.open(path0, os.O_CREAT | os.O_WRONLY | os.O_EXCL)             # STEP 66
os0.makedirs(path4)                                                     # STEP 67
path1 += "/" + component2                                               # STEP 68
stat3 = os0.stat(path1)                                                 # STEP 69
fd0 = os0.open(path0, os.O_CREAT)                                       # STEP 70
fd0 = os0.open(path1, os.O_CREAT | os.O_WRONLY | os.O_TRUNC | os.O_EXCL)  # STEP 71
path4 += "/" + component2                                               # STEP 72
file0 = opener0(path1,'r')                                              # STEP 73
path1 += "/" + component0                                               # STEP 74
component0 = "d"                                                        # STEP 75
stat3 = os0.fstat(fd0)                                                  # STEP 76
str0 = ""                                                               # STEP 77
file0.seek(bytes0)                                                      # STEP 78
stat0 = os0.stat(path4)                                                 # STEP 79
component2 = "gamma"                                                    # STEP 80
file0.next()                                                            # STEP 81
path0 += "/" + component3                                               # STEP 82
path0 += "/" + component3                                               # STEP 83
path4 += "/" + component3                                               # STEP 84
component3 = "d"                                                        # STEP 85
stat1 = os0.stat(path0)                                                 # STEP 86
path1 += "/" + component3                                               # STEP 87
os0.write(fd0,str2)                                                     # STEP 88
component3 = "gamma"                                                    # STEP 89
path1 += "/" + component0                                               # STEP 90
path1 = "/Volumes/ramdisk/test"                                         # STEP 91
component0 = "d"                                                        # STEP 92
result = sorted(os0.listdir(path1))                                     # STEP 93
stat2 = os0.stat(path4)                                                 # STEP 94
result = file0.readlines()                                              # STEP 95
ERROR: (<type 'exceptions.AssertionError'>, AssertionError(" ([' ']) == ([]) ",), <traceback object at 0x104365b90>)
TRACEBACK:
  File "/Users/alex/tstl/examples/pyfakefs/sut.py", line 38007, in safely
    act[2]()
  File "/Users/alex/tstl/examples/pyfakefs/sut.py", line 29028, in act575
    try: assert result == result_REF, " (%s) == (%s) " % (result, result_REF)
FAILURE IS NEW, STORING; NOW 2 DISTINCT FAILURES
STOPPING TEST DUE TO TIMEOUT, TERMINATED AT LENGTH 19
STOPPING TESTING DUE TO TIMEOUT
42.3262727611 PERCENT COVERED
60.2956449986 TOTAL RUNTIME
744 EXECUTED
74304 TOTAL TEST OPERATIONS
53.9322392941 TIME SPENT EXECUTING TEST OPERATIONS
2.33621191978 TIME SPENT EVALUATING GUARDS AND CHOOSING ACTIONS
0.045028924942 TIME SPENT CHECKING PROPERTIES
53.977268219 TOTAL TIME SPENT RUNNING SUT
2.23311305046 TIME SPENT RESTARTING
0.0 TIME SPENT REDUCING TEST CASES
2 FAILED
0 REPEATS OF FAILURES
2 ACTUAL DISTINCT FAILURES

FAILURE 0
path3 = "/Volumes/ramdisk/test"                                          # STEP 0
component1 = "f"                                                         # STEP 1
component4 = "e"                                                         # STEP 2
os0 = newFakeOS()                                                        # STEP 3
component2 = "phi"                                                       # STEP 4
component3 = "epsilon"                                                   # STEP 5
os0.mkdir(path3)                                                         # STEP 6
path4 = "/Volumes/ramdisk/test"                                          # STEP 7
bytes4 = 0                                                               # STEP 8
path4 += "/" + component3                                                # STEP 9
os0.mkdir(path3)                                                        # STEP 10
path3 += "/" + component4                                               # STEP 11
stat2 = os0.lstat(path4)                                                # STEP 12
component3 = "delta"                                                    # STEP 13
component4 = "phi"                                                      # STEP 14
os0.mkdir(path3)                                                        # STEP 15
path3 += "/" + component2                                               # STEP 16
component2 = "gamma"                                                    # STEP 17
component0 = "f"                                                        # STEP 18
str2 = ""                                                               # STEP 19
fd0 = os0.open(path4, os.O_CREAT)                                       # STEP 20
path4 += "/" + component2                                               # STEP 21
result = os0.read(fd0,bytes4)                                           # STEP 22
component2 = "e"                                                        # STEP 23
os0.symlink(path4,path4)                                                # STEP 24
str2 += 'y'                                                             # STEP 25
os0.link(path4,path4)                                                   # STEP 26
bytes2 = 0                                                              # STEP 27
result = os0.path.abspath(path3)                                        # STEP 28
stat0 = os0.fstat(fd0)                                                  # STEP 29
result = os0.readlink(path3)                                            # STEP 30
result = os0.readlink(path3)                                            # STEP 31
opener0 = newFakeOpener(os0)                                            # STEP 32
os0.symlink(path3,path3)                                                # STEP 33
path0 = "/Volumes/ramdisk/test"                                         # STEP 34
str2 += 'k'                                                             # STEP 35
stat4 = os0.fstat(fd0)                                                  # STEP 36
str2 += 'w'                                                             # STEP 37
path3 += "/" + component3                                               # STEP 38
os0.makedirs(path0)                                                     # STEP 39
path4 += "/" + component4                                               # STEP 40
str2 += 'f'                                                             # STEP 41
os0.removedirs(path4)                                                   # STEP 42
path0 += "/" + component0                                               # STEP 43
os0.link(path4,path3)                                                   # STEP 44
component3 = "g"                                                        # STEP 45
path4 += "/" + component2                                               # STEP 46
os0.close(fd0)                                                          # STEP 47
path3 += "/" + component2                                               # STEP 48
os0.link(path4,path4)                                                   # STEP 49
component0 = "omega"                                                    # STEP 50
stat3 = os0.fstat(fd0)                                                  # STEP 51
os0.link(path4,path0)                                                   # STEP 52
os0.makedirs(path4)                                                     # STEP 53
bytes1 = 0                                                              # STEP 54
fd0 = os0.open(path0, os.O_RDWR)                                        # STEP 55
stat1 = os0.lstat(path4)                                                # STEP 56
result = os0.path.abspath(path4)                                        # STEP 57
os0.link(path3,path0)                                                   # STEP 58
path3 = "/Volumes/ramdisk/test"                                         # STEP 59
file0 = opener0(path0,'w')                                              # STEP 60
component4 = "gamma"                                                    # STEP 61
str2 += 'x'                                                             # STEP 62
result = os0.read(fd0,bytes1)                                           # STEP 63
path1 = "/Volumes/ramdisk/test"                                         # STEP 64
str2 += 'y'                                                             # STEP 65
os0.removedirs(path3)                                                   # STEP 66
component2 = "a"                                                        # STEP 67
os0.symlink(path3,path0)                                                # STEP 68
result = stat4.st_size                                                  # STEP 69
os0.link(path3,path1)                                                   # STEP 70
path4 += "/" + component0                                               # STEP 71
os0.symlink(path1,path4)                                                # STEP 72
path1 += "/" + component1                                               # STEP 73
path1 += "/" + component3                                               # STEP 74
stat2 = os0.fstat(fd0)                                                  # STEP 75
str2 += 'l'                                                             # STEP 76
path1 += "/" + component3                                               # STEP 77
path0 += "/" + component1                                               # STEP 78
str2 += 'v'                                                             # STEP 79
os0.symlink(path4,path3)                                                # STEP 80
component0 = "gamma"                                                    # STEP 81
os0.makedirs(path0)                                                     # STEP 82
result = os0.path.abspath(path0)                                        # STEP 83
component1 = "epsilon"                                                  # STEP 84
str2 += 'u'                                                             # STEP 85
file0.seek(bytes1)                                                      # STEP 86
str2 += 'f'                                                             # STEP 87
result = file0.readline(bytes1)                                         # STEP 88
ERROR: (<type 'exceptions.OSError'>, OSError(9, 'File is not open for reading.'), <traceback object at 0x106ed8998>)
TRACEBACK:
  File "/Users/alex/tstl/examples/pyfakefs/sut.py", line 38007, in safely
    act[2]()
  File "/Users/alex/tstl/examples/pyfakefs/sut.py", line 28761, in act571
    result = self.p_file[0].readline(self.p_bytes[1])
  File "/Users/alex/tstl/examples/pyfakefs/pyfakefs/fake_filesystem.py", line 4284, in read_error
    self._raise('File is not open for reading.')
  File "/Users/alex/tstl/examples/pyfakefs/pyfakefs/fake_filesystem.py", line 4112, in _raise
    raise OSError(errno.EBADF, message)
FAILURE 1
component3 = "b"                                                         # STEP 0
component1 = "c"                                                         # STEP 1
bytes0 = 0                                                               # STEP 2
bytes1 = 0                                                               # STEP 3
component2 = "d"                                                         # STEP 4
component0 = "c"                                                         # STEP 5
bytes3 = 0                                                               # STEP 6
component4 = "phi"                                                       # STEP 7
bytes1 += 1                                                              # STEP 8
bytes2 = 0                                                               # STEP 9
bytes0 += 1                                                             # STEP 10
os0 = newFakeOS()                                                       # STEP 11
opener0 = newFakeOpener(os0)                                            # STEP 12
str2 = ""                                                               # STEP 13
path1 = "/Volumes/ramdisk/test"                                         # STEP 14
result = os0.path.lexists(path1)                                        # STEP 15
path1 += "/" + component2                                               # STEP 16
path1 += "/" + component3                                               # STEP 17
bytes1 = 0                                                              # STEP 18
component3 = "omega"                                                    # STEP 19
stat4 = os0.stat(path1)                                                 # STEP 20
component2 = "epsilon"                                                  # STEP 21
path1 += "/" + component0                                               # STEP 22
path1 += "/" + component3                                               # STEP 23
path1 += "/" + component0                                               # STEP 24
component3 = "lambda"                                                   # STEP 25
file0 = opener0(path1,'w')                                              # STEP 26
fd0 = os0.open(path1, os.O_RDONLY)                                      # STEP 27
fd0 = os0.open(path1, os.O_WRONLY | os.O_APPEND)                        # STEP 28
file0 = opener0(path1,'w')                                              # STEP 29
path1 += "/" + component1                                               # STEP 30
bytes4 = 0                                                              # STEP 31
component0 = "h"                                                        # STEP 32
stat0 = os0.stat(path1)                                                 # STEP 33
stat2 = os0.stat(path1)                                                 # STEP 34
fd0 = os0.open(path1, os.O_CREAT | os.O_WRONLY | os.O_TRUNC | os.O_EXCL)  # STEP 35
path0 = "/Volumes/ramdisk/test"                                         # STEP 36
result = os0.path.islink(path1)                                         # STEP 37
file0 = opener0(path0,'a')                                              # STEP 38
result = os0.path.isdir(path1)                                          # STEP 39
file0 = opener0(path1,'r')                                              # STEP 40
result = os0.path.isdir(path1)                                          # STEP 41
component1 = "alpha"                                                    # STEP 42
os0.rename(path1,path0)                                                 # STEP 43
path1 += "/" + component1                                               # STEP 44
file0 = opener0(path0,'a')                                              # STEP 45
path0 += "/" + component3                                               # STEP 46
path4 = "/Volumes/ramdisk/test"                                         # STEP 47
path0 += "/" + component0                                               # STEP 48
os0.rename(path1,path0)                                                 # STEP 49
component0 = "beta"                                                     # STEP 50
component1 = "delta"                                                    # STEP 51
stat0 = os0.stat(path0)                                                 # STEP 52
str2 += " "                                                             # STEP 53
fd0 = os0.open(path0, os.O_CREAT)                                       # STEP 54
path1 = "/Volumes/ramdisk/test"                                         # STEP 55
path0 += "/" + component1                                               # STEP 56
component3 = "omega"                                                    # STEP 57
result = os0.path.isdir(path1)                                          # STEP 58
os0.rename(path0,path4)                                                 # STEP 59
path4 = "/Volumes/ramdisk/test"                                         # STEP 60
component1 = "a"                                                        # STEP 61
str4 = ""                                                               # STEP 62
result = os0.path.lexists(path4)                                        # STEP 63
path4 = "/Volumes/ramdisk/test"                                         # STEP 64
file0 = opener0(path1,'a')                                              # STEP 65
fd0 = os0.open(path0, os.O_CREAT | os.O_WRONLY | os.O_EXCL)             # STEP 66
os0.makedirs(path4)                                                     # STEP 67
path1 += "/" + component2                                               # STEP 68
stat3 = os0.stat(path1)                                                 # STEP 69
fd0 = os0.open(path0, os.O_CREAT)                                       # STEP 70
fd0 = os0.open(path1, os.O_CREAT | os.O_WRONLY | os.O_TRUNC | os.O_EXCL)  # STEP 71
path4 += "/" + component2                                               # STEP 72
file0 = opener0(path1,'r')                                              # STEP 73
path1 += "/" + component0                                               # STEP 74
component0 = "d"                                                        # STEP 75
stat3 = os0.fstat(fd0)                                                  # STEP 76
str0 = ""                                                               # STEP 77
file0.seek(bytes0)                                                      # STEP 78
stat0 = os0.stat(path4)                                                 # STEP 79
component2 = "gamma"                                                    # STEP 80
file0.next()                                                            # STEP 81
path0 += "/" + component3                                               # STEP 82
path0 += "/" + component3                                               # STEP 83
path4 += "/" + component3                                               # STEP 84
component3 = "d"                                                        # STEP 85
stat1 = os0.stat(path0)                                                 # STEP 86
path1 += "/" + component3                                               # STEP 87
os0.write(fd0,str2)                                                     # STEP 88
component3 = "gamma"                                                    # STEP 89
path1 += "/" + component0                                               # STEP 90
path1 = "/Volumes/ramdisk/test"                                         # STEP 91
component0 = "d"                                                        # STEP 92
result = sorted(os0.listdir(path1))                                     # STEP 93
stat2 = os0.stat(path4)                                                 # STEP 94
result = file0.readlines()                                              # STEP 95
ERROR: (<type 'exceptions.AssertionError'>, AssertionError(" ([' ']) == ([]) ",), <traceback object at 0x104365b90>)
TRACEBACK:
  File "/Users/alex/tstl/examples/pyfakefs/sut.py", line 38007, in safely
    act[2]()
  File "/Users/alex/tstl/examples/pyfakefs/sut.py", line 29028, in act575
    try: assert result == result_REF, " (%s) == (%s) " % (result, result_REF)
1170 BRANCHES COVERED
897 STATEMENTS COVERED
