Random testing using config=Config(swarmSwitch=None, verbose=False, reducePool=False, failedLogging=None, exploitBestHint=1, greedyStutter=False, internal=False, exploit=None, seed=None, generalize=False, useHints=False, localize=False, total=False, speed='FAST', probs=None, normalize=False, verboseExploit=False, highLowSwarm=None, replayable=False, essentials=False, noCoverageExploit=False, quickTests=False, relax=False, enumerateEnabled=False, uniqueValuesAnalysis=False, swarm=True, noReassign=False, html=None, fastQuickAnalysis=False, progress=False, swarmLength=None, noSwarmDependencies=False, profile=False, LOCBaseline=0.2, noEnumerateEnabled=False, full=True, multiple=True, timedProgress=30, silentFail=True, stopWhenStatements=None, swarmP=0.5, stopWhenBranches=None, noAlphaConvert=False, coverFile='coverage.out', readQuick=False, verboseActions=False, running=False, computeFeatureStats=False, compareFails=False, swarmProbs=None, output='failure.4196.test', genDepth=None, Pcrossover=0.2, quickAnalysis=False, keepLast=False, exploitCeiling=0.1, logging=None, LOCProbs=False, noCheck=False, maxTests=-1, noExceptionMatch=False, Pmutate=0.0, depth=100, showActions=False, throughput=False, noCover=False, timeout=60, stutter=None, uncaught=False, markov=None, startExploit=0)
TEST #385 STEP #96 (0:00:30.000565) Fri Jul 21 23:30:17 2017 [ 884 stmts 1146 branches ] 38496 TOTAL ACTIONS (1283.1758313/s)
UNCAUGHT EXCEPTION
ERROR: (<type 'exceptions.AssertionError'>, AssertionError(' (  ) == () ',), <traceback object at 0x105dc3cf8>)
TRACEBACK:
  File "/Users/alex/tstl/examples/pyfakefs/sut.py", line 38007, in safely
    act[2]()
  File "/Users/alex/tstl/examples/pyfakefs/sut.py", line 28854, in act572
    try: assert result == result_REF, " (%s) == (%s) " % (result, result_REF)
Original test has 91 steps

SAVING TEST AS failure.4196.test.0
FINAL VERSION OF TEST, WITH LOGGED REPLAY:
component2 = "alpha"                                                     # STEP 0
component4 = "gamma"                                                     # STEP 1
component3 = "h"                                                         # STEP 2
str0 = ""                                                                # STEP 3
component0 = "c"                                                         # STEP 4
component1 = "epsilon"                                                   # STEP 5
str4 = ""                                                                # STEP 6
os0 = newFakeOS()                                                        # STEP 7
path0 = "/Volumes/ramdisk/test"                                          # STEP 8
bytes4 = 0                                                               # STEP 9
bytes4 += 1                                                             # STEP 10
bytes3 = 0                                                              # STEP 11
bytes0 = 0                                                              # STEP 12
opener0 = newFakeOpener(os0)                                            # STEP 13
path4 = "/Volumes/ramdisk/test"                                         # STEP 14
os0.remove(path4)                                                       # STEP 15
os0.makedirs(path4)                                                     # STEP 16
bytes4 = 0                                                              # STEP 17
bytes1 = 0                                                              # STEP 18
os0.mkdir(path4)                                                        # STEP 19
result = os0.path.isabs(path4)                                          # STEP 20
os0.makedirs(path4)                                                     # STEP 21
result = os0.path.abspath(path4)                                        # STEP 22
result = os0.path.isabs(path0)                                          # STEP 23
path4 = "/Volumes/ramdisk/test"                                         # STEP 24
os0.makedirs(path0)                                                     # STEP 25
os0.remove(path0)                                                       # STEP 26
path0 += "/" + component1                                               # STEP 27
path0 += "/" + component0                                               # STEP 28
component1 = "phi"                                                      # STEP 29
path0 = "/Volumes/ramdisk/test"                                         # STEP 30
component0 = "lambda"                                                   # STEP 31
result = os0.path.lexists(path0)                                        # STEP 32
result = os0.path.isdir(path0)                                          # STEP 33
result = os0.path.exists(path4)                                         # STEP 34
bytes2 = 0                                                              # STEP 35
result = os0.path.lexists(path4)                                        # STEP 36
path0 += "/" + component3                                               # STEP 37
component3 = "h"                                                        # STEP 38
fd0 = os0.open(path0, os.O_CREAT | os.O_WRONLY)                         # STEP 39
result = os0.path.exists(path4)                                         # STEP 40
path4 += "/" + component0                                               # STEP 41
stat4 = os0.fstat(fd0)                                                  # STEP 42
result = os0.path.exists(path4)                                         # STEP 43
bytes4 += 1                                                             # STEP 44
component0 = "delta"                                                    # STEP 45
path3 = "/Volumes/ramdisk/test"                                         # STEP 46
file0 = opener0(path3,'r')                                              # STEP 47
result = os0.path.lexists(path3)                                        # STEP 48
path4 = "/Volumes/ramdisk/test"                                         # STEP 49
stat0 = os0.fstat(fd0)                                                  # STEP 50
os0.write(fd0,str4)                                                     # STEP 51
stat3 = os0.fstat(fd0)                                                  # STEP 52
os0.mkdir(path0)                                                        # STEP 53
file0 = opener0(path0,'r')                                              # STEP 54
result = stat0.st_nlink                                                 # STEP 55
bytes0 += 1                                                             # STEP 56
str2 = ""                                                               # STEP 57
str0 += " "                                                             # STEP 58
str4 = ""                                                               # STEP 59
os0.mkdir(path3)                                                        # STEP 60
result = file0.read()                                                   # STEP 61
result = os0.path.lexists(path0)                                        # STEP 62
result = os0.path.exists(path0)                                         # STEP 63
path4 += "/" + component1                                               # STEP 64
result = os0.path.exists(path3)                                         # STEP 65
str3 = ""                                                               # STEP 66
result = stat0.st_size                                                  # STEP 67
result = file0.read()                                                   # STEP 68
result = os0.path.isabs(path4)                                          # STEP 69
os0.write(fd0,str0)                                                     # STEP 70
bytes0 = 0                                                              # STEP 71
bytes3 += 1                                                             # STEP 72
str0 += " "                                                             # STEP 73
bytes2 += 1                                                             # STEP 74
component1 = "lambda"                                                   # STEP 75
str4 += " "                                                             # STEP 76
result = stat4.st_size                                                  # STEP 77
path4 += "/" + component0                                               # STEP 78
str4 = ""                                                               # STEP 79
bytes2 += 1                                                             # STEP 80
os0.remove(path0)                                                       # STEP 81
bytes4 += 1                                                             # STEP 82
path3 += "/" + component2                                               # STEP 83
path3 += "/" + component2                                               # STEP 84
os0.remove(path0)                                                       # STEP 85
os0.write(fd0,str0)                                                     # STEP 86
component0 = "omega"                                                    # STEP 87
os0.write(fd0,str0)                                                     # STEP 88
path2 = "/Volumes/ramdisk/test"                                         # STEP 89
result = file0.readline(bytes2)                                         # STEP 90
ERROR: (<type 'exceptions.AssertionError'>, AssertionError(' (  ) == () ',), <traceback object at 0x109306830>)
TRACEBACK:
  File "/Users/alex/tstl/examples/pyfakefs/sut.py", line 38007, in safely
    act[2]()
  File "/Users/alex/tstl/examples/pyfakefs/sut.py", line 28854, in act572
    try: assert result == result_REF, " (%s) == (%s) " % (result, result_REF)
FAILURE IS NEW, STORING; NOW 1 DISTINCT FAILURES
STOPPING TEST DUE TO TIMEOUT, TERMINATED AT LENGTH 62
STOPPING TESTING DUE TO TIMEOUT
42.1033073207 PERCENT COVERED
60.2988789082 TOTAL RUNTIME
760 EXECUTED
75953 TOTAL TEST OPERATIONS
54.0385942459 TIME SPENT EXECUTING TEST OPERATIONS
2.35228466988 TIME SPENT EVALUATING GUARDS AND CHOOSING ACTIONS
0.0461151599884 TIME SPENT CHECKING PROPERTIES
54.0847094059 TOTAL TIME SPENT RUNNING SUT
2.22290802002 TIME SPENT RESTARTING
0.0 TIME SPENT REDUCING TEST CASES
1 FAILED
0 REPEATS OF FAILURES
1 ACTUAL DISTINCT FAILURES

FAILURE 0
component2 = "alpha"                                                     # STEP 0
component4 = "gamma"                                                     # STEP 1
component3 = "h"                                                         # STEP 2
str0 = ""                                                                # STEP 3
component0 = "c"                                                         # STEP 4
component1 = "epsilon"                                                   # STEP 5
str4 = ""                                                                # STEP 6
os0 = newFakeOS()                                                        # STEP 7
path0 = "/Volumes/ramdisk/test"                                          # STEP 8
bytes4 = 0                                                               # STEP 9
bytes4 += 1                                                             # STEP 10
bytes3 = 0                                                              # STEP 11
bytes0 = 0                                                              # STEP 12
opener0 = newFakeOpener(os0)                                            # STEP 13
path4 = "/Volumes/ramdisk/test"                                         # STEP 14
os0.remove(path4)                                                       # STEP 15
os0.makedirs(path4)                                                     # STEP 16
bytes4 = 0                                                              # STEP 17
bytes1 = 0                                                              # STEP 18
os0.mkdir(path4)                                                        # STEP 19
result = os0.path.isabs(path4)                                          # STEP 20
os0.makedirs(path4)                                                     # STEP 21
result = os0.path.abspath(path4)                                        # STEP 22
result = os0.path.isabs(path0)                                          # STEP 23
path4 = "/Volumes/ramdisk/test"                                         # STEP 24
os0.makedirs(path0)                                                     # STEP 25
os0.remove(path0)                                                       # STEP 26
path0 += "/" + component1                                               # STEP 27
path0 += "/" + component0                                               # STEP 28
component1 = "phi"                                                      # STEP 29
path0 = "/Volumes/ramdisk/test"                                         # STEP 30
component0 = "lambda"                                                   # STEP 31
result = os0.path.lexists(path0)                                        # STEP 32
result = os0.path.isdir(path0)                                          # STEP 33
result = os0.path.exists(path4)                                         # STEP 34
bytes2 = 0                                                              # STEP 35
result = os0.path.lexists(path4)                                        # STEP 36
path0 += "/" + component3                                               # STEP 37
component3 = "h"                                                        # STEP 38
fd0 = os0.open(path0, os.O_CREAT | os.O_WRONLY)                         # STEP 39
result = os0.path.exists(path4)                                         # STEP 40
path4 += "/" + component0                                               # STEP 41
stat4 = os0.fstat(fd0)                                                  # STEP 42
result = os0.path.exists(path4)                                         # STEP 43
bytes4 += 1                                                             # STEP 44
component0 = "delta"                                                    # STEP 45
path3 = "/Volumes/ramdisk/test"                                         # STEP 46
file0 = opener0(path3,'r')                                              # STEP 47
result = os0.path.lexists(path3)                                        # STEP 48
path4 = "/Volumes/ramdisk/test"                                         # STEP 49
stat0 = os0.fstat(fd0)                                                  # STEP 50
os0.write(fd0,str4)                                                     # STEP 51
stat3 = os0.fstat(fd0)                                                  # STEP 52
os0.mkdir(path0)                                                        # STEP 53
file0 = opener0(path0,'r')                                              # STEP 54
result = stat0.st_nlink                                                 # STEP 55
bytes0 += 1                                                             # STEP 56
str2 = ""                                                               # STEP 57
str0 += " "                                                             # STEP 58
str4 = ""                                                               # STEP 59
os0.mkdir(path3)                                                        # STEP 60
result = file0.read()                                                   # STEP 61
result = os0.path.lexists(path0)                                        # STEP 62
result = os0.path.exists(path0)                                         # STEP 63
path4 += "/" + component1                                               # STEP 64
result = os0.path.exists(path3)                                         # STEP 65
str3 = ""                                                               # STEP 66
result = stat0.st_size                                                  # STEP 67
result = file0.read()                                                   # STEP 68
result = os0.path.isabs(path4)                                          # STEP 69
os0.write(fd0,str0)                                                     # STEP 70
bytes0 = 0                                                              # STEP 71
bytes3 += 1                                                             # STEP 72
str0 += " "                                                             # STEP 73
bytes2 += 1                                                             # STEP 74
component1 = "lambda"                                                   # STEP 75
str4 += " "                                                             # STEP 76
result = stat4.st_size                                                  # STEP 77
path4 += "/" + component0                                               # STEP 78
str4 = ""                                                               # STEP 79
bytes2 += 1                                                             # STEP 80
os0.remove(path0)                                                       # STEP 81
bytes4 += 1                                                             # STEP 82
path3 += "/" + component2                                               # STEP 83
path3 += "/" + component2                                               # STEP 84
os0.remove(path0)                                                       # STEP 85
os0.write(fd0,str0)                                                     # STEP 86
component0 = "omega"                                                    # STEP 87
os0.write(fd0,str0)                                                     # STEP 88
path2 = "/Volumes/ramdisk/test"                                         # STEP 89
result = file0.readline(bytes2)                                         # STEP 90
ERROR: (<type 'exceptions.AssertionError'>, AssertionError(' (  ) == () ',), <traceback object at 0x109306830>)
TRACEBACK:
  File "/Users/alex/tstl/examples/pyfakefs/sut.py", line 38007, in safely
    act[2]()
  File "/Users/alex/tstl/examples/pyfakefs/sut.py", line 28854, in act572
    try: assert result == result_REF, " (%s) == (%s) " % (result, result_REF)
1164 BRANCHES COVERED
894 STATEMENTS COVERED
