Random testing using config=Config(noExceptionMatch=False, generalize=False, localize=False, speed='FAST', probs=None, LOCBaseline=0.2, noAlphaConvert=False, replayable=False, essentials=False, noCoverageExploit=False, quickTests=False, html=None, keepLast=False, stopWhenNoCoverage=None, generateLOC=None, computeFeatureStats=False, Pmutate=0.8, timeout=60, output='failure.14196.test', markov=None, noSwarmDependencies=False, startExploit=0.0, maxMustHitBranch=None, useHints=False, silentFail=False, highLowSwarm=None, maxMustHitStatement=None, progress=False, postCover=False, swarmLength=None, noCover=False, noEnumerateEnabled=False, full=True, swarmP=0.5, coverFile='coverage.out', markovP=1.0, swarmProbs=None, genDepth=None, exploitCeiling=0.1, logging=None, noCheck=False, throughput=False, uncaught=False, swarmSwitch=None, verbose=False, reducePool=False, exploit=0.8, fastQuickAnalysis=False, total=False, verboseExploit=False, swarm=False, sequenceP=1.0, biasLOC=None, timedProgress=30, relax=False, ddmin=False, stutter=None, readQuick=False, verboseActions=False, quickAnalysis=False, noReassign=False, sequenceSize=3, LOCProbs=False, sequencesFromTests=None, maxTests=-1, trackMaxCoverage=None, useQuickSequences=False, exploitBestHint=1, failedLogging=None, stopWhenStatements=None, greedyStutter=False, seed=None, stopWhenHitStatement=None, uniqueValuesAnalysis=False, normalize=False, startExploitStall=0, enumerateEnabled=False, internal=False, profile=False, multiple=True, stopWhenBranches=None, running=False, compareFails=False, Pcrossover=0.2, stopWhenHitBranch=None, depth=100, showActions=False)
** STARTING EXPLOITATION OF TESTS AT TIME 0.124043941498 AFTER 0 TESTS WITH NO NEW COVERAGE **
UNCAUGHT EXCEPTION
ERROR: (<type 'exceptions.OverflowError'>, OverflowError('date value out of range',), <traceback object at 0x10ab8b518>)
TRACEBACK:
  File "/Users/alex/tstl/examples/arrow/sut.py", line 405705, in safely
    act[2]()
  File "/Users/alex/tstl/examples/arrow/sut.py", line 34685, in act942
    self.p_time[6] = self.p_time[7].to(self.p_zone[2])
  File "/Library/Frameworks/Python.framework/Versions/2.7/lib/python2.7/site-packages/arrow/arrow.py", line 510, in to
    dt = self._datetime.astimezone(tz)
  File "/Library/Frameworks/Python.framework/Versions/2.7/lib/python2.7/site-packages/dateutil/tz/tz.py", line 667, in fromutc
    dt_out = dt + datetime.timedelta(seconds=tti.offset)
Original test has 60 steps

SAVING TEST AS failure.14196.test.0
FINAL VERSION OF TEST, WITH LOGGED REPLAY:
locale1 =  u'vi'                                                         # STEP 0
ACTION: locale1 =  u'vi' 
locale1 = None : <type 'NoneType'>
=> locale1 = u'vi' : <type 'unicode'>
==================================================
locale4 =  u'nb'                                                         # STEP 1
ACTION: locale4 =  u'nb' 
locale4 = None : <type 'NoneType'>
=> locale4 = u'nb' : <type 'unicode'>
==================================================
locale2 =  u'eu_eu'                                                      # STEP 2
ACTION: locale2 =  u'eu_eu' 
locale2 = None : <type 'NoneType'>
=> locale2 = u'eu_eu' : <type 'unicode'>
==================================================
locale3 =  u'pl_pl'                                                      # STEP 3
ACTION: locale3 =  u'pl_pl' 
locale3 = None : <type 'NoneType'>
=> locale3 = u'pl_pl' : <type 'unicode'>
==================================================
locale0 =  u'is_is'                                                      # STEP 4
ACTION: locale0 =  u'is_is' 
locale0 = None : <type 'NoneType'>
=> locale0 = u'is_is' : <type 'unicode'>
==================================================
zone3 = 'Africa/Cairo'                                                   # STEP 5
ACTION: zone3 = 'Africa/Cairo'  
zone3 = None : <type 'NoneType'>
=> zone3 = 'Africa/Cairo' : <type 'str'>
==================================================
time1 = arrow.now()                                                      # STEP 6
ACTION: time1 = arrow.now() 
time1 = None : <type 'NoneType'>
=> time1 = <Arrow [2017-11-21T15:55:52.847611-08:00]> : <class 'arrow.arrow.Arrow'>
==================================================
val6 = 0                                                                 # STEP 7
ACTION: val6 = 0 
val6 = None : <type 'NoneType'>
=> val6 = 0 : <type 'int'>
==================================================
time2 = arrow.get(val6)                                                  # STEP 8
ACTION: time2 = arrow.get(val6) 
val6 = 0 : <type 'int'>
time2 = None : <type 'NoneType'>
=> time2 = <Arrow [1970-01-01T00:00:00+00:00]> : <class 'arrow.arrow.Arrow'>
==================================================
time4 = time2.replace(hours=val6)                                        # STEP 9
ACTION: time4 = time2.replace(hours=val6) 
val6 = 0 : <type 'int'>
time2 = <Arrow [1970-01-01T00:00:00+00:00]> : <class 'arrow.arrow.Arrow'>
time4 = None : <type 'NoneType'>
=> time4 = <Arrow [1970-01-01T00:00:00+00:00]> : <class 'arrow.arrow.Arrow'>
==================================================
time7 = time1.replace(tzinfo=zone3)                                     # STEP 10
ACTION: time7 = time1.replace(tzinfo=zone3) 
zone3 = 'Africa/Cairo' : <type 'str'>
time1 = <Arrow [2017-11-21T15:55:52.847611-08:00]> : <class 'arrow.arrow.Arrow'>
time7 = None : <type 'NoneType'>
=> time7 = <Arrow [2017-11-21T15:55:52.847611+02:00]> : <class 'arrow.arrow.Arrow'>
==================================================
time3 = time7.to(zone3)                                                 # STEP 11
ACTION: time3 = time7.to(zone3) 
zone3 = 'Africa/Cairo' : <type 'str'>
time7 = <Arrow [2017-11-21T15:55:52.847611+02:00]> : <class 'arrow.arrow.Arrow'>
time3 = None : <type 'NoneType'>
=> time3 = <Arrow [2017-11-21T15:55:52.847611+02:00]> : <class 'arrow.arrow.Arrow'>
==================================================
time2.shift(months=val6)                                                # STEP 12
ACTION: time2.shift(months=val6) 
val6 = 0 : <type 'int'>
time2 = <Arrow [1970-01-01T00:00:00+00:00]> : <class 'arrow.arrow.Arrow'>
==================================================
zone1 = 'Etc/Greenwich'                                                 # STEP 13
ACTION: zone1 = 'Etc/Greenwich'  
zone1 = None : <type 'NoneType'>
=> zone1 = 'Etc/Greenwich' : <type 'str'>
==================================================
time1 = time2.to(zone3)                                                 # STEP 14
ACTION: time1 = time2.to(zone3) 
zone3 = 'Africa/Cairo' : <type 'str'>
time2 = <Arrow [1970-01-01T00:00:00+00:00]> : <class 'arrow.arrow.Arrow'>
time1 = <Arrow [2017-11-21T15:55:52.847611-08:00]> : <class 'arrow.arrow.Arrow'>
=> time1 = <Arrow [1970-01-01T02:00:00+02:00]> : <class 'arrow.arrow.Arrow'>
==================================================
time8 = time7.replace(seconds=val6)                                     # STEP 15
ACTION: time8 = time7.replace(seconds=val6) 
val6 = 0 : <type 'int'>
time7 = <Arrow [2017-11-21T15:55:52.847611+02:00]> : <class 'arrow.arrow.Arrow'>
time8 = None : <type 'NoneType'>
=> time8 = <Arrow [2017-11-21T15:55:52.847611+02:00]> : <class 'arrow.arrow.Arrow'>
==================================================
time6 = time7.replace(minutes=val6)                                     # STEP 16
ACTION: time6 = time7.replace(minutes=val6) 
val6 = 0 : <type 'int'>
time7 = <Arrow [2017-11-21T15:55:52.847611+02:00]> : <class 'arrow.arrow.Arrow'>
time6 = None : <type 'NoneType'>
=> time6 = <Arrow [2017-11-21T15:55:52.847611+02:00]> : <class 'arrow.arrow.Arrow'>
==================================================
zone3 = 'Etc/Greenwich'                                                 # STEP 17
ACTION: zone3 = 'Etc/Greenwich'  
zone3 = 'Africa/Cairo' : <type 'str'>
=> zone3 = 'Etc/Greenwich' : <type 'str'>
==================================================
time5 = time2.replace(tzinfo=zone3)                                     # STEP 18
ACTION: time5 = time2.replace(tzinfo=zone3) 
zone3 = 'Etc/Greenwich' : <type 'str'>
time2 = <Arrow [1970-01-01T00:00:00+00:00]> : <class 'arrow.arrow.Arrow'>
time5 = None : <type 'NoneType'>
=> time5 = <Arrow [1970-01-01T00:00:00+00:00]> : <class 'arrow.arrow.Arrow'>
==================================================
time4.datetime                                                          # STEP 19
ACTION: time4.datetime 
time4 = <Arrow [1970-01-01T00:00:00+00:00]> : <class 'arrow.arrow.Arrow'>
==================================================
time7 = time6.replace(tzinfo=zone1)                                     # STEP 20
ACTION: time7 = time6.replace(tzinfo=zone1) 
zone1 = 'Etc/Greenwich' : <type 'str'>
time6 = <Arrow [2017-11-21T15:55:52.847611+02:00]> : <class 'arrow.arrow.Arrow'>
time7 = <Arrow [2017-11-21T15:55:52.847611+02:00]> : <class 'arrow.arrow.Arrow'>
=> time7 = <Arrow [2017-11-21T15:55:52.847611+00:00]> : <class 'arrow.arrow.Arrow'>
==================================================
time1.datetime                                                          # STEP 21
ACTION: time1.datetime 
time1 = <Arrow [1970-01-01T02:00:00+02:00]> : <class 'arrow.arrow.Arrow'>
==================================================
zone0 = 'US/Pacific'                                                    # STEP 22
ACTION: zone0 = 'US/Pacific'  
zone0 = None : <type 'NoneType'>
=> zone0 = 'US/Pacific' : <type 'str'>
==================================================
time2 = time1.to(zone1)                                                 # STEP 23
ACTION: time2 = time1.to(zone1) 
zone1 = 'Etc/Greenwich' : <type 'str'>
time1 = <Arrow [1970-01-01T02:00:00+02:00]> : <class 'arrow.arrow.Arrow'>
time2 = <Arrow [1970-01-01T00:00:00+00:00]> : <class 'arrow.arrow.Arrow'>
==================================================
time2.shift(months=val6)                                                # STEP 24
ACTION: time2.shift(months=val6) 
val6 = 0 : <type 'int'>
time2 = <Arrow [1970-01-01T00:00:00+00:00]> : <class 'arrow.arrow.Arrow'>
==================================================
time9 = time8.replace(seconds=val6)                                     # STEP 25
ACTION: time9 = time8.replace(seconds=val6) 
val6 = 0 : <type 'int'>
time8 = <Arrow [2017-11-21T15:55:52.847611+02:00]> : <class 'arrow.arrow.Arrow'>
time9 = None : <type 'NoneType'>
=> time9 = <Arrow [2017-11-21T15:55:52.847611+02:00]> : <class 'arrow.arrow.Arrow'>
==================================================
time1 = time9.replace(hours=val6)                                       # STEP 26
ACTION: time1 = time9.replace(hours=val6) 
val6 = 0 : <type 'int'>
time9 = <Arrow [2017-11-21T15:55:52.847611+02:00]> : <class 'arrow.arrow.Arrow'>
time1 = <Arrow [1970-01-01T02:00:00+02:00]> : <class 'arrow.arrow.Arrow'>
=> time1 = <Arrow [2017-11-21T15:55:52.847611+02:00]> : <class 'arrow.arrow.Arrow'>
==================================================
time8.humanize(locale=locale1)                                          # STEP 27
ACTION: time8.humanize(locale=locale1) 
locale1 = u'vi' : <type 'unicode'>
time8 = <Arrow [2017-11-21T15:55:52.847611+02:00]> : <class 'arrow.arrow.Arrow'>
==================================================
zone2 = 'US/Mountain'                                                   # STEP 28
ACTION: zone2 = 'US/Mountain'  
zone2 = None : <type 'NoneType'>
=> zone2 = 'US/Mountain' : <type 'str'>
==================================================
time8 = time8.replace(tzinfo=zone1)                                     # STEP 29
ACTION: time8 = time8.replace(tzinfo=zone1) 
zone1 = 'Etc/Greenwich' : <type 'str'>
time8 = <Arrow [2017-11-21T15:55:52.847611+02:00]> : <class 'arrow.arrow.Arrow'>
=> time8 = <Arrow [2017-11-21T15:55:52.847611+00:00]> : <class 'arrow.arrow.Arrow'>
==================================================
time4.shift(minutes=val6)                                               # STEP 30
ACTION: time4.shift(minutes=val6) 
val6 = 0 : <type 'int'>
time4 = <Arrow [1970-01-01T00:00:00+00:00]> : <class 'arrow.arrow.Arrow'>
==================================================
locale1 =  u'mk'                                                        # STEP 31
ACTION: locale1 =  u'mk' 
locale1 = u'vi' : <type 'unicode'>
=> locale1 = u'mk' : <type 'unicode'>
==================================================
time4 = time8.to(zone2)                                                 # STEP 32
ACTION: time4 = time8.to(zone2) 
zone2 = 'US/Mountain' : <type 'str'>
time8 = <Arrow [2017-11-21T15:55:52.847611+00:00]> : <class 'arrow.arrow.Arrow'>
time4 = <Arrow [1970-01-01T00:00:00+00:00]> : <class 'arrow.arrow.Arrow'>
=> time4 = <Arrow [2017-11-21T08:55:52.847611-07:00]> : <class 'arrow.arrow.Arrow'>
==================================================
time6 = time5.replace(tzinfo=zone2)                                     # STEP 33
ACTION: time6 = time5.replace(tzinfo=zone2) 
zone2 = 'US/Mountain' : <type 'str'>
time5 = <Arrow [1970-01-01T00:00:00+00:00]> : <class 'arrow.arrow.Arrow'>
time6 = <Arrow [2017-11-21T15:55:52.847611+02:00]> : <class 'arrow.arrow.Arrow'>
=> time6 = <Arrow [1970-01-01T00:00:00-07:00]> : <class 'arrow.arrow.Arrow'>
==================================================
time8.shift(seconds=val6)                                               # STEP 34
ACTION: time8.shift(seconds=val6) 
val6 = 0 : <type 'int'>
time8 = <Arrow [2017-11-21T15:55:52.847611+00:00]> : <class 'arrow.arrow.Arrow'>
==================================================
time3.humanize(locale=locale3)                                          # STEP 35
ACTION: time3.humanize(locale=locale3) 
locale3 = u'pl_pl' : <type 'unicode'>
time3 = <Arrow [2017-11-21T15:55:52.847611+02:00]> : <class 'arrow.arrow.Arrow'>
==================================================
time2 = time5.replace(tzinfo=zone0)                                     # STEP 36
ACTION: time2 = time5.replace(tzinfo=zone0) 
zone0 = 'US/Pacific' : <type 'str'>
time5 = <Arrow [1970-01-01T00:00:00+00:00]> : <class 'arrow.arrow.Arrow'>
time2 = <Arrow [1970-01-01T00:00:00+00:00]> : <class 'arrow.arrow.Arrow'>
=> time2 = <Arrow [1970-01-01T00:00:00-08:00]> : <class 'arrow.arrow.Arrow'>
==================================================
time9 = time8.replace(hours=val6)                                       # STEP 37
ACTION: time9 = time8.replace(hours=val6) 
val6 = 0 : <type 'int'>
time8 = <Arrow [2017-11-21T15:55:52.847611+00:00]> : <class 'arrow.arrow.Arrow'>
time9 = <Arrow [2017-11-21T15:55:52.847611+02:00]> : <class 'arrow.arrow.Arrow'>
=> time9 = <Arrow [2017-11-21T15:55:52.847611+00:00]> : <class 'arrow.arrow.Arrow'>
==================================================
time0 = time1.to(zone1)                                                 # STEP 38
ACTION: time0 = time1.to(zone1) 
zone1 = 'Etc/Greenwich' : <type 'str'>
time1 = <Arrow [2017-11-21T15:55:52.847611+02:00]> : <class 'arrow.arrow.Arrow'>
time0 = None : <type 'NoneType'>
=> time0 = <Arrow [2017-11-21T13:55:52.847611+00:00]> : <class 'arrow.arrow.Arrow'>
==================================================
time1 = time0.to(zone3)                                                 # STEP 39
ACTION: time1 = time0.to(zone3) 
zone3 = 'Etc/Greenwich' : <type 'str'>
time0 = <Arrow [2017-11-21T13:55:52.847611+00:00]> : <class 'arrow.arrow.Arrow'>
time1 = <Arrow [2017-11-21T15:55:52.847611+02:00]> : <class 'arrow.arrow.Arrow'>
=> time1 = <Arrow [2017-11-21T13:55:52.847611+00:00]> : <class 'arrow.arrow.Arrow'>
==================================================
time8 = time7.to(zone1)                                                 # STEP 40
ACTION: time8 = time7.to(zone1) 
zone1 = 'Etc/Greenwich' : <type 'str'>
time7 = <Arrow [2017-11-21T15:55:52.847611+00:00]> : <class 'arrow.arrow.Arrow'>
time8 = <Arrow [2017-11-21T15:55:52.847611+00:00]> : <class 'arrow.arrow.Arrow'>
==================================================
time4.humanize(locale=locale3)                                          # STEP 41
ACTION: time4.humanize(locale=locale3) 
locale3 = u'pl_pl' : <type 'unicode'>
time4 = <Arrow [2017-11-21T08:55:52.847611-07:00]> : <class 'arrow.arrow.Arrow'>
==================================================
time4 = time8.to(zone1)                                                 # STEP 42
ACTION: time4 = time8.to(zone1) 
zone1 = 'Etc/Greenwich' : <type 'str'>
time8 = <Arrow [2017-11-21T15:55:52.847611+00:00]> : <class 'arrow.arrow.Arrow'>
time4 = <Arrow [2017-11-21T08:55:52.847611-07:00]> : <class 'arrow.arrow.Arrow'>
=> time4 = <Arrow [2017-11-21T15:55:52.847611+00:00]> : <class 'arrow.arrow.Arrow'>
==================================================
time3 = time4.replace(tzinfo=zone1)                                     # STEP 43
ACTION: time3 = time4.replace(tzinfo=zone1) 
zone1 = 'Etc/Greenwich' : <type 'str'>
time4 = <Arrow [2017-11-21T15:55:52.847611+00:00]> : <class 'arrow.arrow.Arrow'>
time3 = <Arrow [2017-11-21T15:55:52.847611+02:00]> : <class 'arrow.arrow.Arrow'>
=> time3 = <Arrow [2017-11-21T15:55:52.847611+00:00]> : <class 'arrow.arrow.Arrow'>
==================================================
val6 += 1                                                               # STEP 44
ACTION: val6 += 1 
val6 = 0 : <type 'int'>
=> val6 = 1 : <type 'int'>
==================================================
time7 = time5.replace(year=val6)                                        # STEP 45
ACTION: time7 = time5.replace(year=val6) 
val6 = 1 : <type 'int'>
time5 = <Arrow [1970-01-01T00:00:00+00:00]> : <class 'arrow.arrow.Arrow'>
time7 = <Arrow [2017-11-21T15:55:52.847611+00:00]> : <class 'arrow.arrow.Arrow'>
=> time7 = <Arrow [0001-01-01T00:00:00+00:00]> : <class 'arrow.arrow.Arrow'>
==================================================
locale3 =  u'en_gb'                                                     # STEP 46
ACTION: locale3 =  u'en_gb' 
locale3 = u'pl_pl' : <type 'unicode'>
=> locale3 = u'en_gb' : <type 'unicode'>
==================================================
time0 = time6.replace(tzinfo=zone1)                                     # STEP 47
ACTION: time0 = time6.replace(tzinfo=zone1) 
zone1 = 'Etc/Greenwich' : <type 'str'>
time6 = <Arrow [1970-01-01T00:00:00-07:00]> : <class 'arrow.arrow.Arrow'>
time0 = <Arrow [2017-11-21T13:55:52.847611+00:00]> : <class 'arrow.arrow.Arrow'>
=> time0 = <Arrow [1970-01-01T00:00:00+00:00]> : <class 'arrow.arrow.Arrow'>
==================================================
time8 = time0.replace(tzinfo=zone0)                                     # STEP 48
ACTION: time8 = time0.replace(tzinfo=zone0) 
zone0 = 'US/Pacific' : <type 'str'>
time0 = <Arrow [1970-01-01T00:00:00+00:00]> : <class 'arrow.arrow.Arrow'>
time8 = <Arrow [2017-11-21T15:55:52.847611+00:00]> : <class 'arrow.arrow.Arrow'>
=> time8 = <Arrow [1970-01-01T00:00:00-08:00]> : <class 'arrow.arrow.Arrow'>
==================================================
time6 = time1.replace(tzinfo=zone1)                                     # STEP 49
ACTION: time6 = time1.replace(tzinfo=zone1) 
zone1 = 'Etc/Greenwich' : <type 'str'>
time1 = <Arrow [2017-11-21T13:55:52.847611+00:00]> : <class 'arrow.arrow.Arrow'>
time6 = <Arrow [1970-01-01T00:00:00-07:00]> : <class 'arrow.arrow.Arrow'>
=> time6 = <Arrow [2017-11-21T13:55:52.847611+00:00]> : <class 'arrow.arrow.Arrow'>
==================================================
time1.humanize(locale=locale1)                                          # STEP 50
ACTION: time1.humanize(locale=locale1) 
locale1 = u'mk' : <type 'unicode'>
time1 = <Arrow [2017-11-21T13:55:52.847611+00:00]> : <class 'arrow.arrow.Arrow'>
==================================================
time5 = time4.replace(tzinfo=zone0)                                     # STEP 51
ACTION: time5 = time4.replace(tzinfo=zone0) 
zone0 = 'US/Pacific' : <type 'str'>
time4 = <Arrow [2017-11-21T15:55:52.847611+00:00]> : <class 'arrow.arrow.Arrow'>
time5 = <Arrow [1970-01-01T00:00:00+00:00]> : <class 'arrow.arrow.Arrow'>
=> time5 = <Arrow [2017-11-21T15:55:52.847611-08:00]> : <class 'arrow.arrow.Arrow'>
==================================================
time1 = time6.replace(minutes=val6)                                     # STEP 52
ACTION: time1 = time6.replace(minutes=val6) 
val6 = 1 : <type 'int'>
time6 = <Arrow [2017-11-21T13:55:52.847611+00:00]> : <class 'arrow.arrow.Arrow'>
time1 = <Arrow [2017-11-21T13:55:52.847611+00:00]> : <class 'arrow.arrow.Arrow'>
=> time1 = <Arrow [2017-11-21T13:56:52.847611+00:00]> : <class 'arrow.arrow.Arrow'>
==================================================
locale1 =  u'sv_se'                                                     # STEP 53
ACTION: locale1 =  u'sv_se' 
locale1 = u'mk' : <type 'unicode'>
=> locale1 = u'sv_se' : <type 'unicode'>
==================================================
zone0 = 'US/Pacific'                                                    # STEP 54
ACTION: zone0 = 'US/Pacific'  
zone0 = 'US/Pacific' : <type 'str'>
==================================================
time2.humanize(locale=locale3)                                          # STEP 55
ACTION: time2.humanize(locale=locale3) 
locale3 = u'en_gb' : <type 'unicode'>
time2 = <Arrow [1970-01-01T00:00:00-08:00]> : <class 'arrow.arrow.Arrow'>
==================================================
zone1 = 'US/Arizona'                                                    # STEP 56
ACTION: zone1 = 'US/Arizona'  
zone1 = 'Etc/Greenwich' : <type 'str'>
=> zone1 = 'US/Arizona' : <type 'str'>
==================================================
time4 = time1.to(zone1)                                                 # STEP 57
ACTION: time4 = time1.to(zone1) 
zone1 = 'US/Arizona' : <type 'str'>
time1 = <Arrow [2017-11-21T13:56:52.847611+00:00]> : <class 'arrow.arrow.Arrow'>
time4 = <Arrow [2017-11-21T15:55:52.847611+00:00]> : <class 'arrow.arrow.Arrow'>
=> time4 = <Arrow [2017-11-21T06:56:52.847611-07:00]> : <class 'arrow.arrow.Arrow'>
==================================================
time0 = time5.to(zone3)                                                 # STEP 58
ACTION: time0 = time5.to(zone3) 
zone3 = 'Etc/Greenwich' : <type 'str'>
time5 = <Arrow [2017-11-21T15:55:52.847611-08:00]> : <class 'arrow.arrow.Arrow'>
time0 = <Arrow [1970-01-01T00:00:00+00:00]> : <class 'arrow.arrow.Arrow'>
=> time0 = <Arrow [2017-11-21T23:55:52.847611+00:00]> : <class 'arrow.arrow.Arrow'>
==================================================
time6 = time7.to(zone2)                                                 # STEP 59
ACTION: time6 = time7.to(zone2) 
zone2 = 'US/Mountain' : <type 'str'>
time7 = <Arrow [0001-01-01T00:00:00+00:00]> : <class 'arrow.arrow.Arrow'>
time6 = <Arrow [2017-11-21T13:55:52.847611+00:00]> : <class 'arrow.arrow.Arrow'>
RAISED EXCEPTION: <type 'exceptions.OverflowError'> date value out of range
ERROR: (<type 'exceptions.OverflowError'>, OverflowError('date value out of range',), <traceback object at 0x10ab90e18>)
TRACEBACK:
  File "/Users/alex/tstl/examples/arrow/sut.py", line 405705, in safely
    act[2]()
  File "/Users/alex/tstl/examples/arrow/sut.py", line 34685, in act942
    self.p_time[6] = self.p_time[7].to(self.p_zone[2])
  File "/Library/Frameworks/Python.framework/Versions/2.7/lib/python2.7/site-packages/arrow/arrow.py", line 510, in to
    dt = self._datetime.astimezone(tz)
  File "/Library/Frameworks/Python.framework/Versions/2.7/lib/python2.7/site-packages/dateutil/tz/tz.py", line 667, in fromutc
    dt_out = dt + datetime.timedelta(seconds=tti.offset)
FAILURE IS NEW, STORING; NOW 1 DISTINCT FAILURES
TEST #120 STEP #1 (0:00:30.001637) Tue Nov 21 15:56:05 2017 [ 255 stmts 341 branches ] (no cov+ for 41 tests) 11861 TOTAL ACTIONS (395.34509424/s)
STOPPING TEST DUE TO TIMEOUT, TERMINATED AT LENGTH 128
STOPPING TESTING DUE TO TIMEOUT
22.2156398104 PERCENT COVERED
60.1872830391 TOTAL RUNTIME
230 EXECUTED
22916 TOTAL TEST OPERATIONS
21.6719748974 TIME SPENT EXECUTING TEST OPERATIONS
26.4922552109 TIME SPENT EVALUATING GUARDS AND CHOOSING ACTIONS
0.0215146541595 TIME SPENT CHECKING PROPERTIES
21.6934895515 TOTAL TIME SPENT RUNNING SUT
0.213035345078 TIME SPENT RESTARTING
0.0 TIME SPENT REDUCING TEST CASES
1 FAILED
0 REPEATS OF FAILURES
1 ACTUAL DISTINCT FAILURES

FAILURE 0
locale1 =  u'vi'                                                         # STEP 0
locale4 =  u'nb'                                                         # STEP 1
locale2 =  u'eu_eu'                                                      # STEP 2
locale3 =  u'pl_pl'                                                      # STEP 3
locale0 =  u'is_is'                                                      # STEP 4
zone3 = 'Africa/Cairo'                                                   # STEP 5
time1 = arrow.now()                                                      # STEP 6
val6 = 0                                                                 # STEP 7
time2 = arrow.get(val6)                                                  # STEP 8
time4 = time2.replace(hours=val6)                                        # STEP 9
time7 = time1.replace(tzinfo=zone3)                                     # STEP 10
time3 = time7.to(zone3)                                                 # STEP 11
time2.shift(months=val6)                                                # STEP 12
zone1 = 'Etc/Greenwich'                                                 # STEP 13
time1 = time2.to(zone3)                                                 # STEP 14
time8 = time7.replace(seconds=val6)                                     # STEP 15
time6 = time7.replace(minutes=val6)                                     # STEP 16
zone3 = 'Etc/Greenwich'                                                 # STEP 17
time5 = time2.replace(tzinfo=zone3)                                     # STEP 18
time4.datetime                                                          # STEP 19
time7 = time6.replace(tzinfo=zone1)                                     # STEP 20
time1.datetime                                                          # STEP 21
zone0 = 'US/Pacific'                                                    # STEP 22
time2 = time1.to(zone1)                                                 # STEP 23
time2.shift(months=val6)                                                # STEP 24
time9 = time8.replace(seconds=val6)                                     # STEP 25
time1 = time9.replace(hours=val6)                                       # STEP 26
time8.humanize(locale=locale1)                                          # STEP 27
zone2 = 'US/Mountain'                                                   # STEP 28
time8 = time8.replace(tzinfo=zone1)                                     # STEP 29
time4.shift(minutes=val6)                                               # STEP 30
locale1 =  u'mk'                                                        # STEP 31
time4 = time8.to(zone2)                                                 # STEP 32
time6 = time5.replace(tzinfo=zone2)                                     # STEP 33
time8.shift(seconds=val6)                                               # STEP 34
time3.humanize(locale=locale3)                                          # STEP 35
time2 = time5.replace(tzinfo=zone0)                                     # STEP 36
time9 = time8.replace(hours=val6)                                       # STEP 37
time0 = time1.to(zone1)                                                 # STEP 38
time1 = time0.to(zone3)                                                 # STEP 39
time8 = time7.to(zone1)                                                 # STEP 40
time4.humanize(locale=locale3)                                          # STEP 41
time4 = time8.to(zone1)                                                 # STEP 42
time3 = time4.replace(tzinfo=zone1)                                     # STEP 43
val6 += 1                                                               # STEP 44
time7 = time5.replace(year=val6)                                        # STEP 45
locale3 =  u'en_gb'                                                     # STEP 46
time0 = time6.replace(tzinfo=zone1)                                     # STEP 47
time8 = time0.replace(tzinfo=zone0)                                     # STEP 48
time6 = time1.replace(tzinfo=zone1)                                     # STEP 49
time1.humanize(locale=locale1)                                          # STEP 50
time5 = time4.replace(tzinfo=zone0)                                     # STEP 51
time1 = time6.replace(minutes=val6)                                     # STEP 52
locale1 =  u'sv_se'                                                     # STEP 53
zone0 = 'US/Pacific'                                                    # STEP 54
time2.humanize(locale=locale3)                                          # STEP 55
zone1 = 'US/Arizona'                                                    # STEP 56
time4 = time1.to(zone1)                                                 # STEP 57
time0 = time5.to(zone3)                                                 # STEP 58
time6 = time7.to(zone2)                                                 # STEP 59
ERROR: (<type 'exceptions.OverflowError'>, OverflowError('date value out of range',), <traceback object at 0x10ab90e18>)
TRACEBACK:
  File "/Users/alex/tstl/examples/arrow/sut.py", line 405705, in safely
    act[2]()
  File "/Users/alex/tstl/examples/arrow/sut.py", line 34685, in act942
    self.p_time[6] = self.p_time[7].to(self.p_zone[2])
  File "/Library/Frameworks/Python.framework/Versions/2.7/lib/python2.7/site-packages/arrow/arrow.py", line 510, in to
    dt = self._datetime.astimezone(tz)
  File "/Library/Frameworks/Python.framework/Versions/2.7/lib/python2.7/site-packages/dateutil/tz/tz.py", line 667, in fromutc
    dt_out = dt + datetime.timedelta(seconds=tti.offset)
341 BRANCHES COVERED
255 STATEMENTS COVERED
