Random testing using config=Config(noExceptionMatch=False, generalize=False, localize=False, speed='FAST', probs='locsample.probs', LOCBaseline=0.2, noAlphaConvert=False, replayable=False, essentials=False, noCoverageExploit=False, quickTests=False, html=None, keepLast=False, stopWhenNoCoverage=None, generateLOC=None, computeFeatureStats=False, Pmutate=0.0, timeout=60, output='failure.13702.test', markov=None, noSwarmDependencies=False, startExploit=0.0, maxMustHitBranch=None, useHints=False, silentFail=False, highLowSwarm=None, maxMustHitStatement=None, progress=False, postCover=False, swarmLength=None, noCover=False, noEnumerateEnabled=False, full=True, swarmP=0.5, coverFile='coverage.out', markovP=1.0, swarmProbs=None, genDepth=None, exploitCeiling=0.1, logging=None, noCheck=False, throughput=False, uncaught=False, swarmSwitch=None, verbose=False, reducePool=False, exploit=None, fastQuickAnalysis=False, total=False, verboseExploit=False, swarm=False, sequenceP=1.0, biasLOC=None, timedProgress=30, relax=False, ddmin=False, stutter=None, readQuick=False, verboseActions=False, quickAnalysis=False, noReassign=False, sequenceSize=3, LOCProbs=False, sequencesFromTests=None, maxTests=-1, trackMaxCoverage=None, useQuickSequences=False, exploitBestHint=1, failedLogging=None, stopWhenStatements=None, greedyStutter=False, seed=None, stopWhenHitStatement=None, uniqueValuesAnalysis=False, normalize=False, startExploitStall=0, enumerateEnabled=False, internal=False, profile=False, multiple=True, stopWhenBranches=None, running=False, compareFails=False, Pcrossover=0.2, stopWhenHitBranch=None, depth=100, showActions=False)
TEST #61 STEP #49 (0:00:30.001293) Tue Nov 21 13:51:25 2017 [ 220 stmts 285 branches ] 6049 TOTAL ACTIONS (201.624643688/s)
UNCAUGHT EXCEPTION
ERROR: (<type 'exceptions.OverflowError'>, OverflowError('date value out of range',), <traceback object at 0x10a35a050>)
TRACEBACK:
  File "/Users/alex/tstl/examples/arrow/sut.py", line 405705, in safely
    act[2]()
  File "/Users/alex/tstl/examples/arrow/sut.py", line 33427, in act914
    self.p_time[6] = self.p_time[1].to(self.p_zone[4])
  File "/Library/Frameworks/Python.framework/Versions/2.7/lib/python2.7/site-packages/arrow/arrow.py", line 510, in to
    dt = self._datetime.astimezone(tz)
  File "/Library/Frameworks/Python.framework/Versions/2.7/lib/python2.7/site-packages/dateutil/tz/tz.py", line 667, in fromutc
    dt_out = dt + datetime.timedelta(seconds=tti.offset)
Original test has 58 steps

SAVING TEST AS failure.13702.test.0
FINAL VERSION OF TEST, WITH LOGGED REPLAY:
zone1 = 'Etc/Greenwich'                                                  # STEP 0
ACTION: zone1 = 'Etc/Greenwich'  
zone1 = None : <type 'NoneType'>
=> zone1 = 'Etc/Greenwich' : <type 'str'>
==================================================
zone2 = 'US/Mountain'                                                    # STEP 1
ACTION: zone2 = 'US/Mountain'  
zone2 = None : <type 'NoneType'>
=> zone2 = 'US/Mountain' : <type 'str'>
==================================================
locale4 =  u'cs_cz'                                                      # STEP 2
ACTION: locale4 =  u'cs_cz' 
locale4 = None : <type 'NoneType'>
=> locale4 = u'cs_cz' : <type 'unicode'>
==================================================
zone3 = 'Etc/Greenwich'                                                  # STEP 3
ACTION: zone3 = 'Etc/Greenwich'  
zone3 = None : <type 'NoneType'>
=> zone3 = 'Etc/Greenwich' : <type 'str'>
==================================================
val8 = 0                                                                 # STEP 4
ACTION: val8 = 0 
val8 = None : <type 'NoneType'>
=> val8 = 0 : <type 'int'>
==================================================
val8 += 1                                                                # STEP 5
ACTION: val8 += 1 
val8 = 0 : <type 'int'>
=> val8 = 1 : <type 'int'>
==================================================
zone0 = 'Australia/Brisbane'                                             # STEP 6
ACTION: zone0 = 'Australia/Brisbane'  
zone0 = None : <type 'NoneType'>
=> zone0 = 'Australia/Brisbane' : <type 'str'>
==================================================
zone4 = 'US/Alaska'                                                      # STEP 7
ACTION: zone4 = 'US/Alaska'  
zone4 = None : <type 'NoneType'>
=> zone4 = 'US/Alaska' : <type 'str'>
==================================================
time6 = arrow.get(val8)                                                  # STEP 8
ACTION: time6 = arrow.get(val8) 
val8 = 1 : <type 'int'>
time6 = None : <type 'NoneType'>
=> time6 = <Arrow [1970-01-01T00:00:01+00:00]> : <class 'arrow.arrow.Arrow'>
==================================================
time2 = time6.replace(year=val8)                                         # STEP 9
ACTION: time2 = time6.replace(year=val8) 
val8 = 1 : <type 'int'>
time6 = <Arrow [1970-01-01T00:00:01+00:00]> : <class 'arrow.arrow.Arrow'>
time2 = None : <type 'NoneType'>
=> time2 = <Arrow [0001-01-01T00:00:01+00:00]> : <class 'arrow.arrow.Arrow'>
==================================================
time0 = time2.replace(tzinfo=zone1)                                     # STEP 10
ACTION: time0 = time2.replace(tzinfo=zone1) 
zone1 = 'Etc/Greenwich' : <type 'str'>
time2 = <Arrow [0001-01-01T00:00:01+00:00]> : <class 'arrow.arrow.Arrow'>
time0 = None : <type 'NoneType'>
=> time0 = <Arrow [0001-01-01T00:00:01+00:00]> : <class 'arrow.arrow.Arrow'>
==================================================
locale3 =  u'ko'                                                        # STEP 11
ACTION: locale3 =  u'ko' 
locale3 = None : <type 'NoneType'>
=> locale3 = u'ko' : <type 'unicode'>
==================================================
time3 = time6.to(zone0)                                                 # STEP 12
ACTION: time3 = time6.to(zone0) 
zone0 = 'Australia/Brisbane' : <type 'str'>
time6 = <Arrow [1970-01-01T00:00:01+00:00]> : <class 'arrow.arrow.Arrow'>
time3 = None : <type 'NoneType'>
=> time3 = <Arrow [1970-01-01T10:00:01+10:00]> : <class 'arrow.arrow.Arrow'>
==================================================
zone1 = 'Asia/Samarkand'                                                # STEP 13
ACTION: zone1 = 'Asia/Samarkand'  
zone1 = 'Etc/Greenwich' : <type 'str'>
=> zone1 = 'Asia/Samarkand' : <type 'str'>
==================================================
time6.shift(hours=val8)                                                 # STEP 14
ACTION: time6.shift(hours=val8) 
val8 = 1 : <type 'int'>
time6 = <Arrow [1970-01-01T00:00:01+00:00]> : <class 'arrow.arrow.Arrow'>
==================================================
val5 = 0                                                                # STEP 15
ACTION: val5 = 0 
val5 = None : <type 'NoneType'>
=> val5 = 0 : <type 'int'>
==================================================
zone0 = 'US/Arizona'                                                    # STEP 16
ACTION: zone0 = 'US/Arizona'  
zone0 = 'Australia/Brisbane' : <type 'str'>
=> zone0 = 'US/Arizona' : <type 'str'>
==================================================
time7 = time2.replace(hours=val8)                                       # STEP 17
ACTION: time7 = time2.replace(hours=val8) 
val8 = 1 : <type 'int'>
time2 = <Arrow [0001-01-01T00:00:01+00:00]> : <class 'arrow.arrow.Arrow'>
time7 = None : <type 'NoneType'>
=> time7 = <Arrow [0001-01-01T01:00:01+00:00]> : <class 'arrow.arrow.Arrow'>
==================================================
time9 = arrow.now(zone4)                                                # STEP 18
ACTION: time9 = arrow.now(zone4) 
zone4 = 'US/Alaska' : <type 'str'>
time9 = None : <type 'NoneType'>
=> time9 = <Arrow [2017-11-21T12:51:38.537190-09:00]> : <class 'arrow.arrow.Arrow'>
==================================================
time8 = time6.replace(hours=val5)                                       # STEP 19
ACTION: time8 = time6.replace(hours=val5) 
val5 = 0 : <type 'int'>
time6 = <Arrow [1970-01-01T00:00:01+00:00]> : <class 'arrow.arrow.Arrow'>
time8 = None : <type 'NoneType'>
=> time8 = <Arrow [1970-01-01T00:00:01+00:00]> : <class 'arrow.arrow.Arrow'>
==================================================
time6.shift(seconds=val5)                                               # STEP 20
ACTION: time6.shift(seconds=val5) 
val5 = 0 : <type 'int'>
time6 = <Arrow [1970-01-01T00:00:01+00:00]> : <class 'arrow.arrow.Arrow'>
==================================================
zone4 = 'US/Arizona'                                                    # STEP 21
ACTION: zone4 = 'US/Arizona'  
zone4 = 'US/Alaska' : <type 'str'>
=> zone4 = 'US/Arizona' : <type 'str'>
==================================================
val3 = 0                                                                # STEP 22
ACTION: val3 = 0 
val3 = None : <type 'NoneType'>
=> val3 = 0 : <type 'int'>
==================================================
time8.shift(minutes=val3)                                               # STEP 23
ACTION: time8.shift(minutes=val3) 
val3 = 0 : <type 'int'>
time8 = <Arrow [1970-01-01T00:00:01+00:00]> : <class 'arrow.arrow.Arrow'>
==================================================
time2 = arrow.now(zone2)                                                # STEP 24
ACTION: time2 = arrow.now(zone2) 
zone2 = 'US/Mountain' : <type 'str'>
time2 = <Arrow [0001-01-01T00:00:01+00:00]> : <class 'arrow.arrow.Arrow'>
=> time2 = <Arrow [2017-11-21T14:51:38.541096-07:00]> : <class 'arrow.arrow.Arrow'>
==================================================
zone2 = 'Singapore'                                                     # STEP 25
ACTION: zone2 = 'Singapore'  
zone2 = 'US/Mountain' : <type 'str'>
=> zone2 = 'Singapore' : <type 'str'>
==================================================
val1 = 0                                                                # STEP 26
ACTION: val1 = 0 
val1 = None : <type 'NoneType'>
=> val1 = 0 : <type 'int'>
==================================================
time5 = time7.replace(hours=val5)                                       # STEP 27
ACTION: time5 = time7.replace(hours=val5) 
val5 = 0 : <type 'int'>
time7 = <Arrow [0001-01-01T01:00:01+00:00]> : <class 'arrow.arrow.Arrow'>
time5 = None : <type 'NoneType'>
=> time5 = <Arrow [0001-01-01T01:00:01+00:00]> : <class 'arrow.arrow.Arrow'>
==================================================
time1 = time0.replace(minutes=val5)                                     # STEP 28
ACTION: time1 = time0.replace(minutes=val5) 
val5 = 0 : <type 'int'>
time0 = <Arrow [0001-01-01T00:00:01+00:00]> : <class 'arrow.arrow.Arrow'>
time1 = None : <type 'NoneType'>
=> time1 = <Arrow [0001-01-01T00:00:01+00:00]> : <class 'arrow.arrow.Arrow'>
==================================================
time9.shift(weeks=val8)                                                 # STEP 29
ACTION: time9.shift(weeks=val8) 
val8 = 1 : <type 'int'>
time9 = <Arrow [2017-11-21T12:51:38.537190-09:00]> : <class 'arrow.arrow.Arrow'>
==================================================
time8.format()                                                          # STEP 30
ACTION: time8.format() 
time8 = <Arrow [1970-01-01T00:00:01+00:00]> : <class 'arrow.arrow.Arrow'>
==================================================
time9.format()                                                          # STEP 31
ACTION: time9.format() 
time9 = <Arrow [2017-11-21T12:51:38.537190-09:00]> : <class 'arrow.arrow.Arrow'>
==================================================
time6 = time7.to(zone1)                                                 # STEP 32
ACTION: time6 = time7.to(zone1) 
zone1 = 'Asia/Samarkand' : <type 'str'>
time7 = <Arrow [0001-01-01T01:00:01+00:00]> : <class 'arrow.arrow.Arrow'>
time6 = <Arrow [1970-01-01T00:00:01+00:00]> : <class 'arrow.arrow.Arrow'>
=> time6 = <Arrow [0001-01-01T05:28:01+04:28]> : <class 'arrow.arrow.Arrow'>
==================================================
time4 = arrow.get(val1)                                                 # STEP 33
ACTION: time4 = arrow.get(val1) 
val1 = 0 : <type 'int'>
time4 = None : <type 'NoneType'>
=> time4 = <Arrow [1970-01-01T00:00:00+00:00]> : <class 'arrow.arrow.Arrow'>
==================================================
zone1 = 'Africa/Cairo'                                                  # STEP 34
ACTION: zone1 = 'Africa/Cairo'  
zone1 = 'Asia/Samarkand' : <type 'str'>
=> zone1 = 'Africa/Cairo' : <type 'str'>
==================================================
time7 = arrow.now(zone0)                                                # STEP 35
ACTION: time7 = arrow.now(zone0) 
zone0 = 'US/Arizona' : <type 'str'>
time7 = <Arrow [0001-01-01T01:00:01+00:00]> : <class 'arrow.arrow.Arrow'>
=> time7 = <Arrow [2017-11-21T14:51:38.548491-07:00]> : <class 'arrow.arrow.Arrow'>
==================================================
time0 = arrow.get(val5)                                                 # STEP 36
ACTION: time0 = arrow.get(val5) 
val5 = 0 : <type 'int'>
time0 = <Arrow [0001-01-01T00:00:01+00:00]> : <class 'arrow.arrow.Arrow'>
=> time0 = <Arrow [1970-01-01T00:00:00+00:00]> : <class 'arrow.arrow.Arrow'>
==================================================
time8.shift(months=val3)                                                # STEP 37
ACTION: time8.shift(months=val3) 
val3 = 0 : <type 'int'>
time8 = <Arrow [1970-01-01T00:00:01+00:00]> : <class 'arrow.arrow.Arrow'>
==================================================
time9 = time3.replace(tzinfo=zone3)                                     # STEP 38
ACTION: time9 = time3.replace(tzinfo=zone3) 
zone3 = 'Etc/Greenwich' : <type 'str'>
time3 = <Arrow [1970-01-01T10:00:01+10:00]> : <class 'arrow.arrow.Arrow'>
time9 = <Arrow [2017-11-21T12:51:38.537190-09:00]> : <class 'arrow.arrow.Arrow'>
=> time9 = <Arrow [1970-01-01T10:00:01+00:00]> : <class 'arrow.arrow.Arrow'>
==================================================
locale2 =  u'ro_ro'                                                     # STEP 39
ACTION: locale2 =  u'ro_ro' 
locale2 = None : <type 'NoneType'>
=> locale2 = u'ro_ro' : <type 'unicode'>
==================================================
val1 -= 1                                                               # STEP 40
ACTION: val1 -= 1 
val1 = 0 : <type 'int'>
=> val1 = -1 : <type 'int'>
==================================================
time2.shift(years=val1)                                                 # STEP 41
ACTION: time2.shift(years=val1) 
val1 = -1 : <type 'int'>
time2 = <Arrow [2017-11-21T14:51:38.541096-07:00]> : <class 'arrow.arrow.Arrow'>
==================================================
time2.shift(months=val5)                                                # STEP 42
ACTION: time2.shift(months=val5) 
val5 = 0 : <type 'int'>
time2 = <Arrow [2017-11-21T14:51:38.541096-07:00]> : <class 'arrow.arrow.Arrow'>
==================================================
val3 -= 1                                                               # STEP 43
ACTION: val3 -= 1 
val3 = 0 : <type 'int'>
=> val3 = -1 : <type 'int'>
==================================================
time0.shift(minutes=val5)                                               # STEP 44
ACTION: time0.shift(minutes=val5) 
val5 = 0 : <type 'int'>
time0 = <Arrow [1970-01-01T00:00:00+00:00]> : <class 'arrow.arrow.Arrow'>
==================================================
time2 = time4.replace(hours=val8)                                       # STEP 45
ACTION: time2 = time4.replace(hours=val8) 
val8 = 1 : <type 'int'>
time4 = <Arrow [1970-01-01T00:00:00+00:00]> : <class 'arrow.arrow.Arrow'>
time2 = <Arrow [2017-11-21T14:51:38.541096-07:00]> : <class 'arrow.arrow.Arrow'>
=> time2 = <Arrow [1970-01-01T01:00:00+00:00]> : <class 'arrow.arrow.Arrow'>
==================================================
time2.shift(months=val8)                                                # STEP 46
ACTION: time2.shift(months=val8) 
val8 = 1 : <type 'int'>
time2 = <Arrow [1970-01-01T01:00:00+00:00]> : <class 'arrow.arrow.Arrow'>
==================================================
time0 = time5.replace(year=val8)                                        # STEP 47
ACTION: time0 = time5.replace(year=val8) 
val8 = 1 : <type 'int'>
time5 = <Arrow [0001-01-01T01:00:01+00:00]> : <class 'arrow.arrow.Arrow'>
time0 = <Arrow [1970-01-01T00:00:00+00:00]> : <class 'arrow.arrow.Arrow'>
=> time0 = <Arrow [0001-01-01T01:00:01+00:00]> : <class 'arrow.arrow.Arrow'>
==================================================
locale0 =  u'en'                                                        # STEP 48
ACTION: locale0 =  u'en' 
locale0 = None : <type 'NoneType'>
=> locale0 = u'en' : <type 'unicode'>
==================================================
time4.shift(seconds=val1)                                               # STEP 49
ACTION: time4.shift(seconds=val1) 
val1 = -1 : <type 'int'>
time4 = <Arrow [1970-01-01T00:00:00+00:00]> : <class 'arrow.arrow.Arrow'>
==================================================
time8 = time5.replace(tzinfo=zone4)                                     # STEP 50
ACTION: time8 = time5.replace(tzinfo=zone4) 
zone4 = 'US/Arizona' : <type 'str'>
time5 = <Arrow [0001-01-01T01:00:01+00:00]> : <class 'arrow.arrow.Arrow'>
time8 = <Arrow [1970-01-01T00:00:01+00:00]> : <class 'arrow.arrow.Arrow'>
=> time8 = <Arrow [0001-01-01T01:00:01-07:00]> : <class 'arrow.arrow.Arrow'>
==================================================
time5 = time2.replace(hours=val1)                                       # STEP 51
ACTION: time5 = time2.replace(hours=val1) 
val1 = -1 : <type 'int'>
time2 = <Arrow [1970-01-01T01:00:00+00:00]> : <class 'arrow.arrow.Arrow'>
time5 = <Arrow [0001-01-01T01:00:01+00:00]> : <class 'arrow.arrow.Arrow'>
=> time5 = <Arrow [1970-01-01T00:00:00+00:00]> : <class 'arrow.arrow.Arrow'>
==================================================
zone3 = 'Europe/Rome'                                                   # STEP 52
ACTION: zone3 = 'Europe/Rome'  
zone3 = 'Etc/Greenwich' : <type 'str'>
=> zone3 = 'Europe/Rome' : <type 'str'>
==================================================
time2 = time1.replace(tzinfo=zone0)                                     # STEP 53
ACTION: time2 = time1.replace(tzinfo=zone0) 
zone0 = 'US/Arizona' : <type 'str'>
time1 = <Arrow [0001-01-01T00:00:01+00:00]> : <class 'arrow.arrow.Arrow'>
time2 = <Arrow [1970-01-01T01:00:00+00:00]> : <class 'arrow.arrow.Arrow'>
=> time2 = <Arrow [0001-01-01T00:00:01-07:00]> : <class 'arrow.arrow.Arrow'>
==================================================
zone0 = 'US/Arizona'                                                    # STEP 54
ACTION: zone0 = 'US/Arizona'  
zone0 = 'US/Arizona' : <type 'str'>
==================================================
time1 = time6.replace(tzinfo=zone3)                                     # STEP 55
ACTION: time1 = time6.replace(tzinfo=zone3) 
zone3 = 'Europe/Rome' : <type 'str'>
time6 = <Arrow [0001-01-01T05:28:01+04:28]> : <class 'arrow.arrow.Arrow'>
time1 = <Arrow [0001-01-01T00:00:01+00:00]> : <class 'arrow.arrow.Arrow'>
=> time1 = <Arrow [0001-01-01T05:28:01+01:00]> : <class 'arrow.arrow.Arrow'>
==================================================
time3 = time9.replace(year=val8)                                        # STEP 56
ACTION: time3 = time9.replace(year=val8) 
val8 = 1 : <type 'int'>
time9 = <Arrow [1970-01-01T10:00:01+00:00]> : <class 'arrow.arrow.Arrow'>
time3 = <Arrow [1970-01-01T10:00:01+10:00]> : <class 'arrow.arrow.Arrow'>
=> time3 = <Arrow [0001-01-01T10:00:01+00:00]> : <class 'arrow.arrow.Arrow'>
==================================================
time6 = time1.to(zone4)                                                 # STEP 57
ACTION: time6 = time1.to(zone4) 
zone4 = 'US/Arizona' : <type 'str'>
time1 = <Arrow [0001-01-01T05:28:01+01:00]> : <class 'arrow.arrow.Arrow'>
time6 = <Arrow [0001-01-01T05:28:01+04:28]> : <class 'arrow.arrow.Arrow'>
RAISED EXCEPTION: <type 'exceptions.OverflowError'> date value out of range
ERROR: (<type 'exceptions.OverflowError'>, OverflowError('date value out of range',), <traceback object at 0x10a353f80>)
TRACEBACK:
  File "/Users/alex/tstl/examples/arrow/sut.py", line 405705, in safely
    act[2]()
  File "/Users/alex/tstl/examples/arrow/sut.py", line 33427, in act914
    self.p_time[6] = self.p_time[1].to(self.p_zone[4])
  File "/Library/Frameworks/Python.framework/Versions/2.7/lib/python2.7/site-packages/arrow/arrow.py", line 510, in to
    dt = self._datetime.astimezone(tz)
  File "/Library/Frameworks/Python.framework/Versions/2.7/lib/python2.7/site-packages/dateutil/tz/tz.py", line 667, in fromutc
    dt_out = dt + datetime.timedelta(seconds=tti.offset)
FAILURE IS NEW, STORING; NOW 1 DISTINCT FAILURES
UNCAUGHT EXCEPTION
ERROR: (<type 'exceptions.OverflowError'>, OverflowError('date value out of range',), <traceback object at 0x10a3a2e60>)
TRACEBACK:
  File "/Users/alex/tstl/examples/arrow/sut.py", line 405705, in safely
    act[2]()
  File "/Users/alex/tstl/examples/arrow/sut.py", line 29209, in act821
    self.p_time[4] = self.p_time[3].to(self.p_zone[1])
  File "/Library/Frameworks/Python.framework/Versions/2.7/lib/python2.7/site-packages/arrow/arrow.py", line 510, in to
    dt = self._datetime.astimezone(tz)
Original test has 40 steps

SAVING TEST AS failure.13702.test.1
FINAL VERSION OF TEST, WITH LOGGED REPLAY:
zone1 = 'Poland'                                                         # STEP 0
ACTION: zone1 = 'Poland'  
zone1 = None : <type 'NoneType'>
=> zone1 = 'Poland' : <type 'str'>
==================================================
zone3 = 'US/Alaska'                                                      # STEP 1
ACTION: zone3 = 'US/Alaska'  
zone3 = None : <type 'NoneType'>
=> zone3 = 'US/Alaska' : <type 'str'>
==================================================
val3 = 0                                                                 # STEP 2
ACTION: val3 = 0 
val3 = None : <type 'NoneType'>
=> val3 = 0 : <type 'int'>
==================================================
time6 = arrow.get(val3)                                                  # STEP 3
ACTION: time6 = arrow.get(val3) 
val3 = 0 : <type 'int'>
time6 = None : <type 'NoneType'>
=> time6 = <Arrow [1970-01-01T00:00:00+00:00]> : <class 'arrow.arrow.Arrow'>
==================================================
zone2 = 'Poland'                                                         # STEP 4
ACTION: zone2 = 'Poland'  
zone2 = None : <type 'NoneType'>
=> zone2 = 'Poland' : <type 'str'>
==================================================
time8 = time6.to(zone3)                                                  # STEP 5
ACTION: time8 = time6.to(zone3) 
zone3 = 'US/Alaska' : <type 'str'>
time6 = <Arrow [1970-01-01T00:00:00+00:00]> : <class 'arrow.arrow.Arrow'>
time8 = None : <type 'NoneType'>
=> time8 = <Arrow [1969-12-31T14:00:00-10:00]> : <class 'arrow.arrow.Arrow'>
==================================================
time6.shift(years=val3)                                                  # STEP 6
ACTION: time6.shift(years=val3) 
val3 = 0 : <type 'int'>
time6 = <Arrow [1970-01-01T00:00:00+00:00]> : <class 'arrow.arrow.Arrow'>
==================================================
time8.shift(years=val3)                                                  # STEP 7
ACTION: time8.shift(years=val3) 
val3 = 0 : <type 'int'>
time8 = <Arrow [1969-12-31T14:00:00-10:00]> : <class 'arrow.arrow.Arrow'>
==================================================
time2 = time6.replace(tzinfo=zone1)                                      # STEP 8
ACTION: time2 = time6.replace(tzinfo=zone1) 
zone1 = 'Poland' : <type 'str'>
time6 = <Arrow [1970-01-01T00:00:00+00:00]> : <class 'arrow.arrow.Arrow'>
time2 = None : <type 'NoneType'>
=> time2 = <Arrow [1970-01-01T00:00:00+01:00]> : <class 'arrow.arrow.Arrow'>
==================================================
time4 = arrow.now(zone3)                                                 # STEP 9
ACTION: time4 = arrow.now(zone3) 
zone3 = 'US/Alaska' : <type 'str'>
time4 = None : <type 'NoneType'>
=> time4 = <Arrow [2017-11-21T12:51:43.842344-09:00]> : <class 'arrow.arrow.Arrow'>
==================================================
time8 = arrow.get(val3)                                                 # STEP 10
ACTION: time8 = arrow.get(val3) 
val3 = 0 : <type 'int'>
time8 = <Arrow [1969-12-31T14:00:00-10:00]> : <class 'arrow.arrow.Arrow'>
=> time8 = <Arrow [1970-01-01T00:00:00+00:00]> : <class 'arrow.arrow.Arrow'>
==================================================
time1 = time6.replace(minutes=val3)                                     # STEP 11
ACTION: time1 = time6.replace(minutes=val3) 
val3 = 0 : <type 'int'>
time6 = <Arrow [1970-01-01T00:00:00+00:00]> : <class 'arrow.arrow.Arrow'>
time1 = None : <type 'NoneType'>
=> time1 = <Arrow [1970-01-01T00:00:00+00:00]> : <class 'arrow.arrow.Arrow'>
==================================================
locale1 =  u'zh_cn'                                                     # STEP 12
ACTION: locale1 =  u'zh_cn' 
locale1 = None : <type 'NoneType'>
=> locale1 = u'zh_cn' : <type 'unicode'>
==================================================
time6 = arrow.now(zone2)                                                # STEP 13
ACTION: time6 = arrow.now(zone2) 
zone2 = 'Poland' : <type 'str'>
time6 = <Arrow [1970-01-01T00:00:00+00:00]> : <class 'arrow.arrow.Arrow'>
=> time6 = <Arrow [2017-11-21T22:51:43.845299+01:00]> : <class 'arrow.arrow.Arrow'>
==================================================
time5 = time1.to(zone1)                                                 # STEP 14
ACTION: time5 = time1.to(zone1) 
zone1 = 'Poland' : <type 'str'>
time1 = <Arrow [1970-01-01T00:00:00+00:00]> : <class 'arrow.arrow.Arrow'>
time5 = None : <type 'NoneType'>
=> time5 = <Arrow [1970-01-01T01:00:00+01:00]> : <class 'arrow.arrow.Arrow'>
==================================================
time4.shift(hours=val3)                                                 # STEP 15
ACTION: time4.shift(hours=val3) 
val3 = 0 : <type 'int'>
time4 = <Arrow [2017-11-21T12:51:43.842344-09:00]> : <class 'arrow.arrow.Arrow'>
==================================================
time7 = time2.replace(seconds=val3)                                     # STEP 16
ACTION: time7 = time2.replace(seconds=val3) 
val3 = 0 : <type 'int'>
time2 = <Arrow [1970-01-01T00:00:00+01:00]> : <class 'arrow.arrow.Arrow'>
time7 = None : <type 'NoneType'>
=> time7 = <Arrow [1970-01-01T00:00:00+01:00]> : <class 'arrow.arrow.Arrow'>
==================================================
time1 = time2.replace(tzinfo=zone2)                                     # STEP 17
ACTION: time1 = time2.replace(tzinfo=zone2) 
zone2 = 'Poland' : <type 'str'>
time2 = <Arrow [1970-01-01T00:00:00+01:00]> : <class 'arrow.arrow.Arrow'>
time1 = <Arrow [1970-01-01T00:00:00+00:00]> : <class 'arrow.arrow.Arrow'>
=> time1 = <Arrow [1970-01-01T00:00:00+01:00]> : <class 'arrow.arrow.Arrow'>
==================================================
time2.shift(hours=val3)                                                 # STEP 18
ACTION: time2.shift(hours=val3) 
val3 = 0 : <type 'int'>
time2 = <Arrow [1970-01-01T00:00:00+01:00]> : <class 'arrow.arrow.Arrow'>
==================================================
time6.shift(hours=val3)                                                 # STEP 19
ACTION: time6.shift(hours=val3) 
val3 = 0 : <type 'int'>
time6 = <Arrow [2017-11-21T22:51:43.845299+01:00]> : <class 'arrow.arrow.Arrow'>
==================================================
time9 = arrow.get(val3)                                                 # STEP 20
ACTION: time9 = arrow.get(val3) 
val3 = 0 : <type 'int'>
time9 = None : <type 'NoneType'>
=> time9 = <Arrow [1970-01-01T00:00:00+00:00]> : <class 'arrow.arrow.Arrow'>
==================================================
time7.shift(seconds=val3)                                               # STEP 21
ACTION: time7.shift(seconds=val3) 
val3 = 0 : <type 'int'>
time7 = <Arrow [1970-01-01T00:00:00+01:00]> : <class 'arrow.arrow.Arrow'>
==================================================
time4.shift(seconds=val3)                                               # STEP 22
ACTION: time4.shift(seconds=val3) 
val3 = 0 : <type 'int'>
time4 = <Arrow [2017-11-21T12:51:43.842344-09:00]> : <class 'arrow.arrow.Arrow'>
==================================================
time7.shift(weeks=val3)                                                 # STEP 23
ACTION: time7.shift(weeks=val3) 
val3 = 0 : <type 'int'>
time7 = <Arrow [1970-01-01T00:00:00+01:00]> : <class 'arrow.arrow.Arrow'>
==================================================
val3 += 1                                                               # STEP 24
ACTION: val3 += 1 
val3 = 0 : <type 'int'>
=> val3 = 1 : <type 'int'>
==================================================
time3 = time6.replace(tzinfo=zone2)                                     # STEP 25
ACTION: time3 = time6.replace(tzinfo=zone2) 
zone2 = 'Poland' : <type 'str'>
time6 = <Arrow [2017-11-21T22:51:43.845299+01:00]> : <class 'arrow.arrow.Arrow'>
time3 = None : <type 'NoneType'>
=> time3 = <Arrow [2017-11-21T22:51:43.845299+01:00]> : <class 'arrow.arrow.Arrow'>
==================================================
time3.shift(years=val3)                                                 # STEP 26
ACTION: time3.shift(years=val3) 
val3 = 1 : <type 'int'>
time3 = <Arrow [2017-11-21T22:51:43.845299+01:00]> : <class 'arrow.arrow.Arrow'>
==================================================
time7.shift(seconds=val3)                                               # STEP 27
ACTION: time7.shift(seconds=val3) 
val3 = 1 : <type 'int'>
time7 = <Arrow [1970-01-01T00:00:00+01:00]> : <class 'arrow.arrow.Arrow'>
==================================================
locale2 =  u'de_de'                                                     # STEP 28
ACTION: locale2 =  u'de_de' 
locale2 = None : <type 'NoneType'>
=> locale2 = u'de_de' : <type 'unicode'>
==================================================
time5.shift(months=val3)                                                # STEP 29
ACTION: time5.shift(months=val3) 
val3 = 1 : <type 'int'>
time5 = <Arrow [1970-01-01T01:00:00+01:00]> : <class 'arrow.arrow.Arrow'>
==================================================
time3.shift(weeks=val3)                                                 # STEP 30
ACTION: time3.shift(weeks=val3) 
val3 = 1 : <type 'int'>
time3 = <Arrow [2017-11-21T22:51:43.845299+01:00]> : <class 'arrow.arrow.Arrow'>
==================================================
time0 = time9.to(zone2)                                                 # STEP 31
ACTION: time0 = time9.to(zone2) 
zone2 = 'Poland' : <type 'str'>
time9 = <Arrow [1970-01-01T00:00:00+00:00]> : <class 'arrow.arrow.Arrow'>
time0 = None : <type 'NoneType'>
=> time0 = <Arrow [1970-01-01T01:00:00+01:00]> : <class 'arrow.arrow.Arrow'>
==================================================
time6.shift(seconds=val3)                                               # STEP 32
ACTION: time6.shift(seconds=val3) 
val3 = 1 : <type 'int'>
time6 = <Arrow [2017-11-21T22:51:43.845299+01:00]> : <class 'arrow.arrow.Arrow'>
==================================================
time5 = time1.replace(minutes=val3)                                     # STEP 33
ACTION: time5 = time1.replace(minutes=val3) 
val3 = 1 : <type 'int'>
time1 = <Arrow [1970-01-01T00:00:00+01:00]> : <class 'arrow.arrow.Arrow'>
time5 = <Arrow [1970-01-01T01:00:00+01:00]> : <class 'arrow.arrow.Arrow'>
=> time5 = <Arrow [1970-01-01T00:01:00+01:00]> : <class 'arrow.arrow.Arrow'>
==================================================
time4 = time1.to(zone1)                                                 # STEP 34
ACTION: time4 = time1.to(zone1) 
zone1 = 'Poland' : <type 'str'>
time1 = <Arrow [1970-01-01T00:00:00+01:00]> : <class 'arrow.arrow.Arrow'>
time4 = <Arrow [2017-11-21T12:51:43.842344-09:00]> : <class 'arrow.arrow.Arrow'>
=> time4 = <Arrow [1970-01-01T00:00:00+01:00]> : <class 'arrow.arrow.Arrow'>
==================================================
time3 = arrow.now(zone1)                                                # STEP 35
ACTION: time3 = arrow.now(zone1) 
zone1 = 'Poland' : <type 'str'>
time3 = <Arrow [2017-11-21T22:51:43.845299+01:00]> : <class 'arrow.arrow.Arrow'>
=> time3 = <Arrow [2017-11-21T22:51:43.862404+01:00]> : <class 'arrow.arrow.Arrow'>
==================================================
time4.shift(hours=val3)                                                 # STEP 36
ACTION: time4.shift(hours=val3) 
val3 = 1 : <type 'int'>
time4 = <Arrow [1970-01-01T00:00:00+01:00]> : <class 'arrow.arrow.Arrow'>
==================================================
time6 = time3.replace(year=val3)                                        # STEP 37
ACTION: time6 = time3.replace(year=val3) 
val3 = 1 : <type 'int'>
time3 = <Arrow [2017-11-21T22:51:43.862404+01:00]> : <class 'arrow.arrow.Arrow'>
time6 = <Arrow [2017-11-21T22:51:43.845299+01:00]> : <class 'arrow.arrow.Arrow'>
=> time6 = <Arrow [0001-11-21T22:51:43.862404+01:24]> : <class 'arrow.arrow.Arrow'>
==================================================
time3 = time4.replace(year=val3)                                        # STEP 38
ACTION: time3 = time4.replace(year=val3) 
val3 = 1 : <type 'int'>
time4 = <Arrow [1970-01-01T00:00:00+01:00]> : <class 'arrow.arrow.Arrow'>
time3 = <Arrow [2017-11-21T22:51:43.862404+01:00]> : <class 'arrow.arrow.Arrow'>
=> time3 = <Arrow [0001-01-01T00:00:00+01:24]> : <class 'arrow.arrow.Arrow'>
==================================================
time4 = time3.to(zone1)                                                 # STEP 39
ACTION: time4 = time3.to(zone1) 
zone1 = 'Poland' : <type 'str'>
time3 = <Arrow [0001-01-01T00:00:00+01:24]> : <class 'arrow.arrow.Arrow'>
time4 = <Arrow [1970-01-01T00:00:00+01:00]> : <class 'arrow.arrow.Arrow'>
RAISED EXCEPTION: <type 'exceptions.OverflowError'> date value out of range
ERROR: (<type 'exceptions.OverflowError'>, OverflowError('date value out of range',), <traceback object at 0x10a3a9e60>)
TRACEBACK:
  File "/Users/alex/tstl/examples/arrow/sut.py", line 405705, in safely
    act[2]()
  File "/Users/alex/tstl/examples/arrow/sut.py", line 29209, in act821
    self.p_time[4] = self.p_time[3].to(self.p_zone[1])
  File "/Library/Frameworks/Python.framework/Versions/2.7/lib/python2.7/site-packages/arrow/arrow.py", line 510, in to
    dt = self._datetime.astimezone(tz)
FAILURE IS NEW, STORING; NOW 2 DISTINCT FAILURES
STOPPING TEST DUE TO TIMEOUT, TERMINATED AT LENGTH 20
STOPPING TESTING DUE TO TIMEOUT
20.5568720379 PERCENT COVERED
60.2148230076 TOTAL RUNTIME
124 EXECUTED
12218 TOTAL TEST OPERATIONS
8.48836755753 TIME SPENT EXECUTING TEST OPERATIONS
51.1906318665 TIME SPENT EVALUATING GUARDS AND CHOOSING ACTIONS
0.00875735282898 TIME SPENT CHECKING PROPERTIES
8.49712491035 TOTAL TIME SPENT RUNNING SUT
0.134196043015 TIME SPENT RESTARTING
0.0 TIME SPENT REDUCING TEST CASES
2 FAILED
0 REPEATS OF FAILURES
2 ACTUAL DISTINCT FAILURES

FAILURE 0
zone1 = 'Etc/Greenwich'                                                  # STEP 0
zone2 = 'US/Mountain'                                                    # STEP 1
locale4 =  u'cs_cz'                                                      # STEP 2
zone3 = 'Etc/Greenwich'                                                  # STEP 3
val8 = 0                                                                 # STEP 4
val8 += 1                                                                # STEP 5
zone0 = 'Australia/Brisbane'                                             # STEP 6
zone4 = 'US/Alaska'                                                      # STEP 7
time6 = arrow.get(val8)                                                  # STEP 8
time2 = time6.replace(year=val8)                                         # STEP 9
time0 = time2.replace(tzinfo=zone1)                                     # STEP 10
locale3 =  u'ko'                                                        # STEP 11
time3 = time6.to(zone0)                                                 # STEP 12
zone1 = 'Asia/Samarkand'                                                # STEP 13
time6.shift(hours=val8)                                                 # STEP 14
val5 = 0                                                                # STEP 15
zone0 = 'US/Arizona'                                                    # STEP 16
time7 = time2.replace(hours=val8)                                       # STEP 17
time9 = arrow.now(zone4)                                                # STEP 18
time8 = time6.replace(hours=val5)                                       # STEP 19
time6.shift(seconds=val5)                                               # STEP 20
zone4 = 'US/Arizona'                                                    # STEP 21
val3 = 0                                                                # STEP 22
time8.shift(minutes=val3)                                               # STEP 23
time2 = arrow.now(zone2)                                                # STEP 24
zone2 = 'Singapore'                                                     # STEP 25
val1 = 0                                                                # STEP 26
time5 = time7.replace(hours=val5)                                       # STEP 27
time1 = time0.replace(minutes=val5)                                     # STEP 28
time9.shift(weeks=val8)                                                 # STEP 29
time8.format()                                                          # STEP 30
time9.format()                                                          # STEP 31
time6 = time7.to(zone1)                                                 # STEP 32
time4 = arrow.get(val1)                                                 # STEP 33
zone1 = 'Africa/Cairo'                                                  # STEP 34
time7 = arrow.now(zone0)                                                # STEP 35
time0 = arrow.get(val5)                                                 # STEP 36
time8.shift(months=val3)                                                # STEP 37
time9 = time3.replace(tzinfo=zone3)                                     # STEP 38
locale2 =  u'ro_ro'                                                     # STEP 39
val1 -= 1                                                               # STEP 40
time2.shift(years=val1)                                                 # STEP 41
time2.shift(months=val5)                                                # STEP 42
val3 -= 1                                                               # STEP 43
time0.shift(minutes=val5)                                               # STEP 44
time2 = time4.replace(hours=val8)                                       # STEP 45
time2.shift(months=val8)                                                # STEP 46
time0 = time5.replace(year=val8)                                        # STEP 47
locale0 =  u'en'                                                        # STEP 48
time4.shift(seconds=val1)                                               # STEP 49
time8 = time5.replace(tzinfo=zone4)                                     # STEP 50
time5 = time2.replace(hours=val1)                                       # STEP 51
zone3 = 'Europe/Rome'                                                   # STEP 52
time2 = time1.replace(tzinfo=zone0)                                     # STEP 53
zone0 = 'US/Arizona'                                                    # STEP 54
time1 = time6.replace(tzinfo=zone3)                                     # STEP 55
time3 = time9.replace(year=val8)                                        # STEP 56
time6 = time1.to(zone4)                                                 # STEP 57
ERROR: (<type 'exceptions.OverflowError'>, OverflowError('date value out of range',), <traceback object at 0x10a353f80>)
TRACEBACK:
  File "/Users/alex/tstl/examples/arrow/sut.py", line 405705, in safely
    act[2]()
  File "/Users/alex/tstl/examples/arrow/sut.py", line 33427, in act914
    self.p_time[6] = self.p_time[1].to(self.p_zone[4])
  File "/Library/Frameworks/Python.framework/Versions/2.7/lib/python2.7/site-packages/arrow/arrow.py", line 510, in to
    dt = self._datetime.astimezone(tz)
  File "/Library/Frameworks/Python.framework/Versions/2.7/lib/python2.7/site-packages/dateutil/tz/tz.py", line 667, in fromutc
    dt_out = dt + datetime.timedelta(seconds=tti.offset)
FAILURE 1
zone1 = 'Poland'                                                         # STEP 0
zone3 = 'US/Alaska'                                                      # STEP 1
val3 = 0                                                                 # STEP 2
time6 = arrow.get(val3)                                                  # STEP 3
zone2 = 'Poland'                                                         # STEP 4
time8 = time6.to(zone3)                                                  # STEP 5
time6.shift(years=val3)                                                  # STEP 6
time8.shift(years=val3)                                                  # STEP 7
time2 = time6.replace(tzinfo=zone1)                                      # STEP 8
time4 = arrow.now(zone3)                                                 # STEP 9
time8 = arrow.get(val3)                                                 # STEP 10
time1 = time6.replace(minutes=val3)                                     # STEP 11
locale1 =  u'zh_cn'                                                     # STEP 12
time6 = arrow.now(zone2)                                                # STEP 13
time5 = time1.to(zone1)                                                 # STEP 14
time4.shift(hours=val3)                                                 # STEP 15
time7 = time2.replace(seconds=val3)                                     # STEP 16
time1 = time2.replace(tzinfo=zone2)                                     # STEP 17
time2.shift(hours=val3)                                                 # STEP 18
time6.shift(hours=val3)                                                 # STEP 19
time9 = arrow.get(val3)                                                 # STEP 20
time7.shift(seconds=val3)                                               # STEP 21
time4.shift(seconds=val3)                                               # STEP 22
time7.shift(weeks=val3)                                                 # STEP 23
val3 += 1                                                               # STEP 24
time3 = time6.replace(tzinfo=zone2)                                     # STEP 25
time3.shift(years=val3)                                                 # STEP 26
time7.shift(seconds=val3)                                               # STEP 27
locale2 =  u'de_de'                                                     # STEP 28
time5.shift(months=val3)                                                # STEP 29
time3.shift(weeks=val3)                                                 # STEP 30
time0 = time9.to(zone2)                                                 # STEP 31
time6.shift(seconds=val3)                                               # STEP 32
time5 = time1.replace(minutes=val3)                                     # STEP 33
time4 = time1.to(zone1)                                                 # STEP 34
time3 = arrow.now(zone1)                                                # STEP 35
time4.shift(hours=val3)                                                 # STEP 36
time6 = time3.replace(year=val3)                                        # STEP 37
time3 = time4.replace(year=val3)                                        # STEP 38
time4 = time3.to(zone1)                                                 # STEP 39
ERROR: (<type 'exceptions.OverflowError'>, OverflowError('date value out of range',), <traceback object at 0x10a3a9e60>)
TRACEBACK:
  File "/Users/alex/tstl/examples/arrow/sut.py", line 405705, in safely
    act[2]()
  File "/Users/alex/tstl/examples/arrow/sut.py", line 29209, in act821
    self.p_time[4] = self.p_time[3].to(self.p_zone[1])
  File "/Library/Frameworks/Python.framework/Versions/2.7/lib/python2.7/site-packages/arrow/arrow.py", line 510, in to
    dt = self._datetime.astimezone(tz)
316 BRANCHES COVERED
242 STATEMENTS COVERED
