Random testing using config=Config(noExceptionMatch=False, generalize=False, localize=False, speed='FAST', probs='locsample.probs', LOCBaseline=0.2, noAlphaConvert=False, replayable=False, essentials=False, noCoverageExploit=False, quickTests=False, html=None, keepLast=False, stopWhenNoCoverage=None, generateLOC=None, computeFeatureStats=False, Pmutate=0.0, timeout=60, output='failure.14600.test', markov=None, noSwarmDependencies=False, startExploit=0.0, maxMustHitBranch=None, useHints=False, silentFail=False, highLowSwarm=None, maxMustHitStatement=None, progress=False, postCover=False, swarmLength=None, noCover=False, noEnumerateEnabled=False, full=True, swarmP=0.5, coverFile='coverage.out', markovP=1.0, swarmProbs=None, genDepth=None, exploitCeiling=0.1, logging=None, noCheck=False, throughput=False, uncaught=False, swarmSwitch=None, verbose=False, reducePool=False, exploit=None, fastQuickAnalysis=False, total=False, verboseExploit=False, swarm=False, sequenceP=1.0, biasLOC=None, timedProgress=30, relax=False, ddmin=False, stutter=None, readQuick=False, verboseActions=False, quickAnalysis=False, noReassign=False, sequenceSize=3, LOCProbs=False, sequencesFromTests=None, maxTests=-1, trackMaxCoverage=None, useQuickSequences=False, exploitBestHint=1, failedLogging=None, stopWhenStatements=None, greedyStutter=False, seed=None, stopWhenHitStatement=None, uniqueValuesAnalysis=False, normalize=False, startExploitStall=0, enumerateEnabled=False, internal=False, profile=False, multiple=True, stopWhenBranches=None, running=False, compareFails=False, Pcrossover=0.2, stopWhenHitBranch=None, depth=100, showActions=False)
UNCAUGHT EXCEPTION
ERROR: (<type 'exceptions.OverflowError'>, OverflowError('date value out of range',), <traceback object at 0x108eaf0e0>)
TRACEBACK:
  File "/Users/alex/tstl/examples/arrow/sut.py", line 405705, in safely
    act[2]()
  File "/Users/alex/tstl/examples/arrow/sut.py", line 26479, in act761
    self.p_time[3] = self.p_time[1].to(self.p_zone[1])
  File "/Library/Frameworks/Python.framework/Versions/2.7/lib/python2.7/site-packages/arrow/arrow.py", line 510, in to
    dt = self._datetime.astimezone(tz)
  File "/Library/Frameworks/Python.framework/Versions/2.7/lib/python2.7/site-packages/dateutil/tz/tz.py", line 667, in fromutc
    dt_out = dt + datetime.timedelta(seconds=tti.offset)
Original test has 50 steps

SAVING TEST AS failure.14600.test.0
FINAL VERSION OF TEST, WITH LOGGED REPLAY:
time9 = arrow.now()                                                      # STEP 0
ACTION: time9 = arrow.now() 
time9 = None : <type 'NoneType'>
=> time9 = <Arrow [2017-11-21T17:11:35.953626-08:00]> : <class 'arrow.arrow.Arrow'>
==================================================
zone4 = 'Turkey'                                                         # STEP 1
ACTION: zone4 = 'Turkey'  
zone4 = None : <type 'NoneType'>
=> zone4 = 'Turkey' : <type 'str'>
==================================================
zone3 = 'US/Mountain'                                                    # STEP 2
ACTION: zone3 = 'US/Mountain'  
zone3 = None : <type 'NoneType'>
=> zone3 = 'US/Mountain' : <type 'str'>
==================================================
time7 = arrow.now(zone3)                                                 # STEP 3
ACTION: time7 = arrow.now(zone3) 
zone3 = 'US/Mountain' : <type 'str'>
time7 = None : <type 'NoneType'>
=> time7 = <Arrow [2017-11-21T18:11:35.955675-07:00]> : <class 'arrow.arrow.Arrow'>
==================================================
zone1 = 'US/Mountain'                                                    # STEP 4
ACTION: zone1 = 'US/Mountain'  
zone1 = None : <type 'NoneType'>
=> zone1 = 'US/Mountain' : <type 'str'>
==================================================
time2 = time9.to(zone4)                                                  # STEP 5
ACTION: time2 = time9.to(zone4) 
zone4 = 'Turkey' : <type 'str'>
time9 = <Arrow [2017-11-21T17:11:35.953626-08:00]> : <class 'arrow.arrow.Arrow'>
time2 = None : <type 'NoneType'>
=> time2 = <Arrow [2017-11-22T04:11:35.953626+03:00]> : <class 'arrow.arrow.Arrow'>
==================================================
time9 = time9.replace(tzinfo=zone4)                                      # STEP 6
ACTION: time9 = time9.replace(tzinfo=zone4) 
zone4 = 'Turkey' : <type 'str'>
time9 = <Arrow [2017-11-21T17:11:35.953626-08:00]> : <class 'arrow.arrow.Arrow'>
=> time9 = <Arrow [2017-11-21T17:11:35.953626+03:00]> : <class 'arrow.arrow.Arrow'>
==================================================
time4 = time2.replace(tzinfo=zone1)                                      # STEP 7
ACTION: time4 = time2.replace(tzinfo=zone1) 
zone1 = 'US/Mountain' : <type 'str'>
time2 = <Arrow [2017-11-22T04:11:35.953626+03:00]> : <class 'arrow.arrow.Arrow'>
time4 = None : <type 'NoneType'>
=> time4 = <Arrow [2017-11-22T04:11:35.953626-07:00]> : <class 'arrow.arrow.Arrow'>
==================================================
time3 = arrow.now(zone3)                                                 # STEP 8
ACTION: time3 = arrow.now(zone3) 
zone3 = 'US/Mountain' : <type 'str'>
time3 = None : <type 'NoneType'>
=> time3 = <Arrow [2017-11-21T18:11:35.960581-07:00]> : <class 'arrow.arrow.Arrow'>
==================================================
zone1 = 'Europe/Rome'                                                    # STEP 9
ACTION: zone1 = 'Europe/Rome'  
zone1 = 'US/Mountain' : <type 'str'>
=> zone1 = 'Europe/Rome' : <type 'str'>
==================================================
zone3 = 'US/Arizona'                                                    # STEP 10
ACTION: zone3 = 'US/Arizona'  
zone3 = 'US/Mountain' : <type 'str'>
=> zone3 = 'US/Arizona' : <type 'str'>
==================================================
zone2 = 'US/Pacific'                                                    # STEP 11
ACTION: zone2 = 'US/Pacific'  
zone2 = None : <type 'NoneType'>
=> zone2 = 'US/Pacific' : <type 'str'>
==================================================
val4 = 0                                                                # STEP 12
ACTION: val4 = 0 
val4 = None : <type 'NoneType'>
=> val4 = 0 : <type 'int'>
==================================================
zone0 = 'US/Mountain'                                                   # STEP 13
ACTION: zone0 = 'US/Mountain'  
zone0 = None : <type 'NoneType'>
=> zone0 = 'US/Mountain' : <type 'str'>
==================================================
zone4 = 'US/Mountain'                                                   # STEP 14
ACTION: zone4 = 'US/Mountain'  
zone4 = 'Turkey' : <type 'str'>
=> zone4 = 'US/Mountain' : <type 'str'>
==================================================
time2 = arrow.now(zone3)                                                # STEP 15
ACTION: time2 = arrow.now(zone3) 
zone3 = 'US/Arizona' : <type 'str'>
time2 = <Arrow [2017-11-22T04:11:35.953626+03:00]> : <class 'arrow.arrow.Arrow'>
=> time2 = <Arrow [2017-11-21T18:11:35.963605-07:00]> : <class 'arrow.arrow.Arrow'>
==================================================
zone3 = 'Turkey'                                                        # STEP 16
ACTION: zone3 = 'Turkey'  
zone3 = 'US/Arizona' : <type 'str'>
=> zone3 = 'Turkey' : <type 'str'>
==================================================
time1 = arrow.get(val4)                                                 # STEP 17
ACTION: time1 = arrow.get(val4) 
val4 = 0 : <type 'int'>
time1 = None : <type 'NoneType'>
=> time1 = <Arrow [1970-01-01T00:00:00+00:00]> : <class 'arrow.arrow.Arrow'>
==================================================
time5 = time3.replace(seconds=val4)                                     # STEP 18
ACTION: time5 = time3.replace(seconds=val4) 
val4 = 0 : <type 'int'>
time3 = <Arrow [2017-11-21T18:11:35.960581-07:00]> : <class 'arrow.arrow.Arrow'>
time5 = None : <type 'NoneType'>
=> time5 = <Arrow [2017-11-21T18:11:35.960581-07:00]> : <class 'arrow.arrow.Arrow'>
==================================================
time1.shift(minutes=val4)                                               # STEP 19
ACTION: time1.shift(minutes=val4) 
val4 = 0 : <type 'int'>
time1 = <Arrow [1970-01-01T00:00:00+00:00]> : <class 'arrow.arrow.Arrow'>
==================================================
time8 = arrow.get(val4)                                                 # STEP 20
ACTION: time8 = arrow.get(val4) 
val4 = 0 : <type 'int'>
time8 = None : <type 'NoneType'>
=> time8 = <Arrow [1970-01-01T00:00:00+00:00]> : <class 'arrow.arrow.Arrow'>
==================================================
time6 = arrow.now(zone1)                                                # STEP 21
ACTION: time6 = arrow.now(zone1) 
zone1 = 'Europe/Rome' : <type 'str'>
time6 = None : <type 'NoneType'>
=> time6 = <Arrow [2017-11-22T02:11:35.968055+01:00]> : <class 'arrow.arrow.Arrow'>
==================================================
time5.shift(seconds=val4)                                               # STEP 22
ACTION: time5.shift(seconds=val4) 
val4 = 0 : <type 'int'>
time5 = <Arrow [2017-11-21T18:11:35.960581-07:00]> : <class 'arrow.arrow.Arrow'>
==================================================
time5.shift(weeks=val4)                                                 # STEP 23
ACTION: time5.shift(weeks=val4) 
val4 = 0 : <type 'int'>
time5 = <Arrow [2017-11-21T18:11:35.960581-07:00]> : <class 'arrow.arrow.Arrow'>
==================================================
time3 = time3.replace(tzinfo=zone4)                                     # STEP 24
ACTION: time3 = time3.replace(tzinfo=zone4) 
zone4 = 'US/Mountain' : <type 'str'>
time3 = <Arrow [2017-11-21T18:11:35.960581-07:00]> : <class 'arrow.arrow.Arrow'>
==================================================
time5 = time1.to(zone0)                                                 # STEP 25
ACTION: time5 = time1.to(zone0) 
zone0 = 'US/Mountain' : <type 'str'>
time1 = <Arrow [1970-01-01T00:00:00+00:00]> : <class 'arrow.arrow.Arrow'>
time5 = <Arrow [2017-11-21T18:11:35.960581-07:00]> : <class 'arrow.arrow.Arrow'>
=> time5 = <Arrow [1969-12-31T17:00:00-07:00]> : <class 'arrow.arrow.Arrow'>
==================================================
zone0 = 'Singapore'                                                     # STEP 26
ACTION: zone0 = 'Singapore'  
zone0 = 'US/Mountain' : <type 'str'>
=> zone0 = 'Singapore' : <type 'str'>
==================================================
time4.shift(years=val4)                                                 # STEP 27
ACTION: time4.shift(years=val4) 
val4 = 0 : <type 'int'>
time4 = <Arrow [2017-11-22T04:11:35.953626-07:00]> : <class 'arrow.arrow.Arrow'>
==================================================
locale4 =  u'cs_cz'                                                     # STEP 28
ACTION: locale4 =  u'cs_cz' 
locale4 = None : <type 'NoneType'>
=> locale4 = u'cs_cz' : <type 'unicode'>
==================================================
zone1 = 'US/Eastern'                                                    # STEP 29
ACTION: zone1 = 'US/Eastern'  
zone1 = 'Europe/Rome' : <type 'str'>
=> zone1 = 'US/Eastern' : <type 'str'>
==================================================
time9.shift(hours=val4)                                                 # STEP 30
ACTION: time9.shift(hours=val4) 
val4 = 0 : <type 'int'>
time9 = <Arrow [2017-11-21T17:11:35.953626+03:00]> : <class 'arrow.arrow.Arrow'>
==================================================
time5.timestamp                                                         # STEP 31
ACTION: time5.timestamp 
time5 = <Arrow [1969-12-31T17:00:00-07:00]> : <class 'arrow.arrow.Arrow'>
==================================================
time6.shift(minutes=val4)                                               # STEP 32
ACTION: time6.shift(minutes=val4) 
val4 = 0 : <type 'int'>
time6 = <Arrow [2017-11-22T02:11:35.968055+01:00]> : <class 'arrow.arrow.Arrow'>
==================================================
time9 = time6.replace(minutes=val4)                                     # STEP 33
ACTION: time9 = time6.replace(minutes=val4) 
val4 = 0 : <type 'int'>
time6 = <Arrow [2017-11-22T02:11:35.968055+01:00]> : <class 'arrow.arrow.Arrow'>
time9 = <Arrow [2017-11-21T17:11:35.953626+03:00]> : <class 'arrow.arrow.Arrow'>
=> time9 = <Arrow [2017-11-22T02:11:35.968055+01:00]> : <class 'arrow.arrow.Arrow'>
==================================================
time6 = time8.replace(tzinfo=zone1)                                     # STEP 34
ACTION: time6 = time8.replace(tzinfo=zone1) 
zone1 = 'US/Eastern' : <type 'str'>
time8 = <Arrow [1970-01-01T00:00:00+00:00]> : <class 'arrow.arrow.Arrow'>
time6 = <Arrow [2017-11-22T02:11:35.968055+01:00]> : <class 'arrow.arrow.Arrow'>
=> time6 = <Arrow [1970-01-01T00:00:00-05:00]> : <class 'arrow.arrow.Arrow'>
==================================================
time7.humanize(locale=locale4)                                          # STEP 35
ACTION: time7.humanize(locale=locale4) 
locale4 = u'cs_cz' : <type 'unicode'>
time7 = <Arrow [2017-11-21T18:11:35.955675-07:00]> : <class 'arrow.arrow.Arrow'>
==================================================
time8 = time8.replace(minutes=val4)                                     # STEP 36
ACTION: time8 = time8.replace(minutes=val4) 
val4 = 0 : <type 'int'>
time8 = <Arrow [1970-01-01T00:00:00+00:00]> : <class 'arrow.arrow.Arrow'>
==================================================
time0 = time8.replace(seconds=val4)                                     # STEP 37
ACTION: time0 = time8.replace(seconds=val4) 
val4 = 0 : <type 'int'>
time8 = <Arrow [1970-01-01T00:00:00+00:00]> : <class 'arrow.arrow.Arrow'>
time0 = None : <type 'NoneType'>
=> time0 = <Arrow [1970-01-01T00:00:00+00:00]> : <class 'arrow.arrow.Arrow'>
==================================================
time5 = arrow.now()                                                     # STEP 38
ACTION: time5 = arrow.now() 
time5 = <Arrow [1969-12-31T17:00:00-07:00]> : <class 'arrow.arrow.Arrow'>
=> time5 = <Arrow [2017-11-21T17:11:35.980446-08:00]> : <class 'arrow.arrow.Arrow'>
==================================================
time7 = time0.replace(hours=val4)                                       # STEP 39
ACTION: time7 = time0.replace(hours=val4) 
val4 = 0 : <type 'int'>
time0 = <Arrow [1970-01-01T00:00:00+00:00]> : <class 'arrow.arrow.Arrow'>
time7 = <Arrow [2017-11-21T18:11:35.955675-07:00]> : <class 'arrow.arrow.Arrow'>
=> time7 = <Arrow [1970-01-01T00:00:00+00:00]> : <class 'arrow.arrow.Arrow'>
==================================================
time9.shift(years=val4)                                                 # STEP 40
ACTION: time9.shift(years=val4) 
val4 = 0 : <type 'int'>
time9 = <Arrow [2017-11-22T02:11:35.968055+01:00]> : <class 'arrow.arrow.Arrow'>
==================================================
time1.humanize(locale=locale4)                                          # STEP 41
ACTION: time1.humanize(locale=locale4) 
locale4 = u'cs_cz' : <type 'unicode'>
time1 = <Arrow [1970-01-01T00:00:00+00:00]> : <class 'arrow.arrow.Arrow'>
==================================================
time8 = time4.replace(tzinfo=zone4)                                     # STEP 42
ACTION: time8 = time4.replace(tzinfo=zone4) 
zone4 = 'US/Mountain' : <type 'str'>
time4 = <Arrow [2017-11-22T04:11:35.953626-07:00]> : <class 'arrow.arrow.Arrow'>
time8 = <Arrow [1970-01-01T00:00:00+00:00]> : <class 'arrow.arrow.Arrow'>
=> time8 = <Arrow [2017-11-22T04:11:35.953626-07:00]> : <class 'arrow.arrow.Arrow'>
==================================================
time4 = time9.replace(tzinfo=zone2)                                     # STEP 43
ACTION: time4 = time9.replace(tzinfo=zone2) 
zone2 = 'US/Pacific' : <type 'str'>
time9 = <Arrow [2017-11-22T02:11:35.968055+01:00]> : <class 'arrow.arrow.Arrow'>
time4 = <Arrow [2017-11-22T04:11:35.953626-07:00]> : <class 'arrow.arrow.Arrow'>
=> time4 = <Arrow [2017-11-22T02:11:35.968055-08:00]> : <class 'arrow.arrow.Arrow'>
==================================================
time0 = time0.replace(hours=val4)                                       # STEP 44
ACTION: time0 = time0.replace(hours=val4) 
val4 = 0 : <type 'int'>
time0 = <Arrow [1970-01-01T00:00:00+00:00]> : <class 'arrow.arrow.Arrow'>
==================================================
time9 = time3.replace(hours=val4)                                       # STEP 45
ACTION: time9 = time3.replace(hours=val4) 
val4 = 0 : <type 'int'>
time3 = <Arrow [2017-11-21T18:11:35.960581-07:00]> : <class 'arrow.arrow.Arrow'>
time9 = <Arrow [2017-11-22T02:11:35.968055+01:00]> : <class 'arrow.arrow.Arrow'>
=> time9 = <Arrow [2017-11-21T18:11:35.960581-07:00]> : <class 'arrow.arrow.Arrow'>
==================================================
val4 += 1                                                               # STEP 46
ACTION: val4 += 1 
val4 = 0 : <type 'int'>
=> val4 = 1 : <type 'int'>
==================================================
time1 = time7.replace(year=val4)                                        # STEP 47
ACTION: time1 = time7.replace(year=val4) 
val4 = 1 : <type 'int'>
time7 = <Arrow [1970-01-01T00:00:00+00:00]> : <class 'arrow.arrow.Arrow'>
time1 = <Arrow [1970-01-01T00:00:00+00:00]> : <class 'arrow.arrow.Arrow'>
=> time1 = <Arrow [0001-01-01T00:00:00+00:00]> : <class 'arrow.arrow.Arrow'>
==================================================
time0.format()                                                          # STEP 48
ACTION: time0.format() 
time0 = <Arrow [1970-01-01T00:00:00+00:00]> : <class 'arrow.arrow.Arrow'>
==================================================
time3 = time1.to(zone1)                                                 # STEP 49
ACTION: time3 = time1.to(zone1) 
zone1 = 'US/Eastern' : <type 'str'>
time1 = <Arrow [0001-01-01T00:00:00+00:00]> : <class 'arrow.arrow.Arrow'>
time3 = <Arrow [2017-11-21T18:11:35.960581-07:00]> : <class 'arrow.arrow.Arrow'>
RAISED EXCEPTION: <type 'exceptions.OverflowError'> date value out of range
ERROR: (<type 'exceptions.OverflowError'>, OverflowError('date value out of range',), <traceback object at 0x108ee1680>)
TRACEBACK:
  File "/Users/alex/tstl/examples/arrow/sut.py", line 405705, in safely
    act[2]()
  File "/Users/alex/tstl/examples/arrow/sut.py", line 26479, in act761
    self.p_time[3] = self.p_time[1].to(self.p_zone[1])
  File "/Library/Frameworks/Python.framework/Versions/2.7/lib/python2.7/site-packages/arrow/arrow.py", line 510, in to
    dt = self._datetime.astimezone(tz)
  File "/Library/Frameworks/Python.framework/Versions/2.7/lib/python2.7/site-packages/dateutil/tz/tz.py", line 667, in fromutc
    dt_out = dt + datetime.timedelta(seconds=tti.offset)
FAILURE IS NEW, STORING; NOW 1 DISTINCT FAILURES
TEST #61 STEP #54 (0:00:30.000609) Tue Nov 21 17:12:03 2017 [ 228 stmts 298 branches ] (no cov+ for 27 tests) 6004 TOTAL ACTIONS (200.129269645/s)
UNCAUGHT EXCEPTION
ERROR: (<type 'exceptions.ValueError'>, ValueError('year is out of range',), <traceback object at 0x10a3d08c0>)
TRACEBACK:
  File "/Users/alex/tstl/examples/arrow/sut.py", line 405705, in safely
    act[2]()
  File "/Users/alex/tstl/examples/arrow/sut.py", line 304694, in act6782
    self.p_time[2].shift(years=self.p_val[7])
  File "/Library/Frameworks/Python.framework/Versions/2.7/lib/python2.7/site-packages/arrow/arrow.py", line 467, in shift
    current = self._datetime + relativedelta(**relative_kwargs)
  File "/Library/Frameworks/Python.framework/Versions/2.7/lib/python2.7/site-packages/dateutil/relativedelta.py", line 391, in __radd__
    return self.__add__(other)
  File "/Library/Frameworks/Python.framework/Versions/2.7/lib/python2.7/site-packages/dateutil/relativedelta.py", line 363, in __add__
    day = min(calendar.monthrange(year, month)[1],
  File "/Library/Frameworks/Python.framework/Versions/2.7/lib/python2.7/calendar.py", line 121, in monthrange
    day1 = weekday(year, month, 1)
  File "/Library/Frameworks/Python.framework/Versions/2.7/lib/python2.7/calendar.py", line 113, in weekday
    return datetime.date(year, month, day).weekday()
Original test has 64 steps

SAVING TEST AS failure.14600.test.1
FINAL VERSION OF TEST, WITH LOGGED REPLAY:
zone4 = 'US/Mountain'                                                    # STEP 0
ACTION: zone4 = 'US/Mountain'  
zone4 = None : <type 'NoneType'>
=> zone4 = 'US/Mountain' : <type 'str'>
==================================================
zone3 = 'US/Eastern'                                                     # STEP 1
ACTION: zone3 = 'US/Eastern'  
zone3 = None : <type 'NoneType'>
=> zone3 = 'US/Eastern' : <type 'str'>
==================================================
time5 = arrow.now(zone4)                                                 # STEP 2
ACTION: time5 = arrow.now(zone4) 
zone4 = 'US/Mountain' : <type 'str'>
time5 = None : <type 'NoneType'>
=> time5 = <Arrow [2017-11-21T18:12:30.283822-07:00]> : <class 'arrow.arrow.Arrow'>
==================================================
zone2 = 'Australia/Brisbane'                                             # STEP 3
ACTION: zone2 = 'Australia/Brisbane'  
zone2 = None : <type 'NoneType'>
=> zone2 = 'Australia/Brisbane' : <type 'str'>
==================================================
time8 = time5.replace(tzinfo=zone3)                                      # STEP 4
ACTION: time8 = time5.replace(tzinfo=zone3) 
zone3 = 'US/Eastern' : <type 'str'>
time5 = <Arrow [2017-11-21T18:12:30.283822-07:00]> : <class 'arrow.arrow.Arrow'>
time8 = None : <type 'NoneType'>
=> time8 = <Arrow [2017-11-21T18:12:30.283822-05:00]> : <class 'arrow.arrow.Arrow'>
==================================================
time4 = time5.replace(tzinfo=zone2)                                      # STEP 5
ACTION: time4 = time5.replace(tzinfo=zone2) 
zone2 = 'Australia/Brisbane' : <type 'str'>
time5 = <Arrow [2017-11-21T18:12:30.283822-07:00]> : <class 'arrow.arrow.Arrow'>
time4 = None : <type 'NoneType'>
=> time4 = <Arrow [2017-11-21T18:12:30.283822+10:00]> : <class 'arrow.arrow.Arrow'>
==================================================
time2 = time8.replace(tzinfo=zone2)                                      # STEP 6
ACTION: time2 = time8.replace(tzinfo=zone2) 
zone2 = 'Australia/Brisbane' : <type 'str'>
time8 = <Arrow [2017-11-21T18:12:30.283822-05:00]> : <class 'arrow.arrow.Arrow'>
time2 = None : <type 'NoneType'>
=> time2 = <Arrow [2017-11-21T18:12:30.283822+10:00]> : <class 'arrow.arrow.Arrow'>
==================================================
time1 = time5.replace(tzinfo=zone3)                                      # STEP 7
ACTION: time1 = time5.replace(tzinfo=zone3) 
zone3 = 'US/Eastern' : <type 'str'>
time5 = <Arrow [2017-11-21T18:12:30.283822-07:00]> : <class 'arrow.arrow.Arrow'>
time1 = None : <type 'NoneType'>
=> time1 = <Arrow [2017-11-21T18:12:30.283822-05:00]> : <class 'arrow.arrow.Arrow'>
==================================================
time9 = time5.replace(tzinfo=zone3)                                      # STEP 8
ACTION: time9 = time5.replace(tzinfo=zone3) 
zone3 = 'US/Eastern' : <type 'str'>
time5 = <Arrow [2017-11-21T18:12:30.283822-07:00]> : <class 'arrow.arrow.Arrow'>
time9 = None : <type 'NoneType'>
=> time9 = <Arrow [2017-11-21T18:12:30.283822-05:00]> : <class 'arrow.arrow.Arrow'>
==================================================
time4.format()                                                           # STEP 9
ACTION: time4.format() 
time4 = <Arrow [2017-11-21T18:12:30.283822+10:00]> : <class 'arrow.arrow.Arrow'>
==================================================
time0 = time8.replace(tzinfo=zone3)                                     # STEP 10
ACTION: time0 = time8.replace(tzinfo=zone3) 
zone3 = 'US/Eastern' : <type 'str'>
time8 = <Arrow [2017-11-21T18:12:30.283822-05:00]> : <class 'arrow.arrow.Arrow'>
time0 = None : <type 'NoneType'>
=> time0 = <Arrow [2017-11-21T18:12:30.283822-05:00]> : <class 'arrow.arrow.Arrow'>
==================================================
time6 = time1.replace(tzinfo=zone2)                                     # STEP 11
ACTION: time6 = time1.replace(tzinfo=zone2) 
zone2 = 'Australia/Brisbane' : <type 'str'>
time1 = <Arrow [2017-11-21T18:12:30.283822-05:00]> : <class 'arrow.arrow.Arrow'>
time6 = None : <type 'NoneType'>
=> time6 = <Arrow [2017-11-21T18:12:30.283822+10:00]> : <class 'arrow.arrow.Arrow'>
==================================================
time5 = time8.replace(tzinfo=zone3)                                     # STEP 12
ACTION: time5 = time8.replace(tzinfo=zone3) 
zone3 = 'US/Eastern' : <type 'str'>
time8 = <Arrow [2017-11-21T18:12:30.283822-05:00]> : <class 'arrow.arrow.Arrow'>
time5 = <Arrow [2017-11-21T18:12:30.283822-07:00]> : <class 'arrow.arrow.Arrow'>
=> time5 = <Arrow [2017-11-21T18:12:30.283822-05:00]> : <class 'arrow.arrow.Arrow'>
==================================================
zone4 = 'Turkey'                                                        # STEP 13
ACTION: zone4 = 'Turkey'  
zone4 = 'US/Mountain' : <type 'str'>
=> zone4 = 'Turkey' : <type 'str'>
==================================================
zone0 = 'Singapore'                                                     # STEP 14
ACTION: zone0 = 'Singapore'  
zone0 = None : <type 'NoneType'>
=> zone0 = 'Singapore' : <type 'str'>
==================================================
time3 = time9.replace(tzinfo=zone4)                                     # STEP 15
ACTION: time3 = time9.replace(tzinfo=zone4) 
zone4 = 'Turkey' : <type 'str'>
time9 = <Arrow [2017-11-21T18:12:30.283822-05:00]> : <class 'arrow.arrow.Arrow'>
time3 = None : <type 'NoneType'>
=> time3 = <Arrow [2017-11-21T18:12:30.283822+03:00]> : <class 'arrow.arrow.Arrow'>
==================================================
zone3 = 'US/Eastern'                                                    # STEP 16
ACTION: zone3 = 'US/Eastern'  
zone3 = 'US/Eastern' : <type 'str'>
==================================================
zone4 = 'US/Arizona'                                                    # STEP 17
ACTION: zone4 = 'US/Arizona'  
zone4 = 'Turkey' : <type 'str'>
=> zone4 = 'US/Arizona' : <type 'str'>
==================================================
zone2 = 'Australia/Brisbane'                                            # STEP 18
ACTION: zone2 = 'Australia/Brisbane'  
zone2 = 'Australia/Brisbane' : <type 'str'>
==================================================
zone1 = 'Australia/Brisbane'                                            # STEP 19
ACTION: zone1 = 'Australia/Brisbane'  
zone1 = None : <type 'NoneType'>
=> zone1 = 'Australia/Brisbane' : <type 'str'>
==================================================
time7 = arrow.now()                                                     # STEP 20
ACTION: time7 = arrow.now() 
time7 = None : <type 'NoneType'>
=> time7 = <Arrow [2017-11-21T17:12:30.301333-08:00]> : <class 'arrow.arrow.Arrow'>
==================================================
time9 = arrow.now()                                                     # STEP 21
ACTION: time9 = arrow.now() 
time9 = <Arrow [2017-11-21T18:12:30.283822-05:00]> : <class 'arrow.arrow.Arrow'>
=> time9 = <Arrow [2017-11-21T17:12:30.302329-08:00]> : <class 'arrow.arrow.Arrow'>
==================================================
time8 = time5.to(zone2)                                                 # STEP 22
ACTION: time8 = time5.to(zone2) 
zone2 = 'Australia/Brisbane' : <type 'str'>
time5 = <Arrow [2017-11-21T18:12:30.283822-05:00]> : <class 'arrow.arrow.Arrow'>
time8 = <Arrow [2017-11-21T18:12:30.283822-05:00]> : <class 'arrow.arrow.Arrow'>
=> time8 = <Arrow [2017-11-22T09:12:30.283822+10:00]> : <class 'arrow.arrow.Arrow'>
==================================================
time4 = arrow.now(zone4)                                                # STEP 23
ACTION: time4 = arrow.now(zone4) 
zone4 = 'US/Arizona' : <type 'str'>
time4 = <Arrow [2017-11-21T18:12:30.283822+10:00]> : <class 'arrow.arrow.Arrow'>
=> time4 = <Arrow [2017-11-21T18:12:30.304453-07:00]> : <class 'arrow.arrow.Arrow'>
==================================================
time1 = arrow.now()                                                     # STEP 24
ACTION: time1 = arrow.now() 
time1 = <Arrow [2017-11-21T18:12:30.283822-05:00]> : <class 'arrow.arrow.Arrow'>
=> time1 = <Arrow [2017-11-21T17:12:30.305311-08:00]> : <class 'arrow.arrow.Arrow'>
==================================================
locale0 =  u'vi'                                                        # STEP 25
ACTION: locale0 =  u'vi' 
locale0 = None : <type 'NoneType'>
=> locale0 = u'vi' : <type 'unicode'>
==================================================
zone4 = 'Asia/Samarkand'                                                # STEP 26
ACTION: zone4 = 'Asia/Samarkand'  
zone4 = 'US/Arizona' : <type 'str'>
=> zone4 = 'Asia/Samarkand' : <type 'str'>
==================================================
zone2 = 'Poland'                                                        # STEP 27
ACTION: zone2 = 'Poland'  
zone2 = 'Australia/Brisbane' : <type 'str'>
=> zone2 = 'Poland' : <type 'str'>
==================================================
time5 = time8.replace(tzinfo=zone3)                                     # STEP 28
ACTION: time5 = time8.replace(tzinfo=zone3) 
zone3 = 'US/Eastern' : <type 'str'>
time8 = <Arrow [2017-11-22T09:12:30.283822+10:00]> : <class 'arrow.arrow.Arrow'>
time5 = <Arrow [2017-11-21T18:12:30.283822-05:00]> : <class 'arrow.arrow.Arrow'>
=> time5 = <Arrow [2017-11-22T09:12:30.283822-05:00]> : <class 'arrow.arrow.Arrow'>
==================================================
zone3 = 'Singapore'                                                     # STEP 29
ACTION: zone3 = 'Singapore'  
zone3 = 'US/Eastern' : <type 'str'>
=> zone3 = 'Singapore' : <type 'str'>
==================================================
time8 = arrow.now(zone4)                                                # STEP 30
ACTION: time8 = arrow.now(zone4) 
zone4 = 'Asia/Samarkand' : <type 'str'>
time8 = <Arrow [2017-11-22T09:12:30.283822+10:00]> : <class 'arrow.arrow.Arrow'>
=> time8 = <Arrow [2017-11-22T06:12:30.309399+05:00]> : <class 'arrow.arrow.Arrow'>
==================================================
val7 = 0                                                                # STEP 31
ACTION: val7 = 0 
val7 = None : <type 'NoneType'>
=> val7 = 0 : <type 'int'>
==================================================
val9 = 0                                                                # STEP 32
ACTION: val9 = 0 
val9 = None : <type 'NoneType'>
=> val9 = 0 : <type 'int'>
==================================================
zone4 = 'US/Mountain'                                                   # STEP 33
ACTION: zone4 = 'US/Mountain'  
zone4 = 'Asia/Samarkand' : <type 'str'>
=> zone4 = 'US/Mountain' : <type 'str'>
==================================================
val7 += 1                                                               # STEP 34
ACTION: val7 += 1 
val7 = 0 : <type 'int'>
=> val7 = 1 : <type 'int'>
==================================================
time3.shift(years=val9)                                                 # STEP 35
ACTION: time3.shift(years=val9) 
val9 = 0 : <type 'int'>
time3 = <Arrow [2017-11-21T18:12:30.283822+03:00]> : <class 'arrow.arrow.Arrow'>
==================================================
time3 = time6.replace(seconds=val7)                                     # STEP 36
ACTION: time3 = time6.replace(seconds=val7) 
val7 = 1 : <type 'int'>
time6 = <Arrow [2017-11-21T18:12:30.283822+10:00]> : <class 'arrow.arrow.Arrow'>
time3 = <Arrow [2017-11-21T18:12:30.283822+03:00]> : <class 'arrow.arrow.Arrow'>
=> time3 = <Arrow [2017-11-21T18:12:31.283822+10:00]> : <class 'arrow.arrow.Arrow'>
==================================================
time6 = time2.replace(seconds=val9)                                     # STEP 37
ACTION: time6 = time2.replace(seconds=val9) 
val9 = 0 : <type 'int'>
time2 = <Arrow [2017-11-21T18:12:30.283822+10:00]> : <class 'arrow.arrow.Arrow'>
time6 = <Arrow [2017-11-21T18:12:30.283822+10:00]> : <class 'arrow.arrow.Arrow'>
==================================================
time2 = time8.to(zone1)                                                 # STEP 38
ACTION: time2 = time8.to(zone1) 
zone1 = 'Australia/Brisbane' : <type 'str'>
time8 = <Arrow [2017-11-22T06:12:30.309399+05:00]> : <class 'arrow.arrow.Arrow'>
time2 = <Arrow [2017-11-21T18:12:30.283822+10:00]> : <class 'arrow.arrow.Arrow'>
=> time2 = <Arrow [2017-11-22T11:12:30.309399+10:00]> : <class 'arrow.arrow.Arrow'>
==================================================
time8 = arrow.now(zone1)                                                # STEP 39
ACTION: time8 = arrow.now(zone1) 
zone1 = 'Australia/Brisbane' : <type 'str'>
time8 = <Arrow [2017-11-22T06:12:30.309399+05:00]> : <class 'arrow.arrow.Arrow'>
=> time8 = <Arrow [2017-11-22T11:12:30.315191+10:00]> : <class 'arrow.arrow.Arrow'>
==================================================
zone1 = 'US/Pacific'                                                    # STEP 40
ACTION: zone1 = 'US/Pacific'  
zone1 = 'Australia/Brisbane' : <type 'str'>
=> zone1 = 'US/Pacific' : <type 'str'>
==================================================
time7.shift(hours=val7)                                                 # STEP 41
ACTION: time7.shift(hours=val7) 
val7 = 1 : <type 'int'>
time7 = <Arrow [2017-11-21T17:12:30.301333-08:00]> : <class 'arrow.arrow.Arrow'>
==================================================
time7 = time2.replace(tzinfo=zone2)                                     # STEP 42
ACTION: time7 = time2.replace(tzinfo=zone2) 
zone2 = 'Poland' : <type 'str'>
time2 = <Arrow [2017-11-22T11:12:30.309399+10:00]> : <class 'arrow.arrow.Arrow'>
time7 = <Arrow [2017-11-21T17:12:30.301333-08:00]> : <class 'arrow.arrow.Arrow'>
=> time7 = <Arrow [2017-11-22T11:12:30.309399+01:00]> : <class 'arrow.arrow.Arrow'>
==================================================
time2 = time8.replace(year=val7)                                        # STEP 43
ACTION: time2 = time8.replace(year=val7) 
val7 = 1 : <type 'int'>
time8 = <Arrow [2017-11-22T11:12:30.315191+10:00]> : <class 'arrow.arrow.Arrow'>
time2 = <Arrow [2017-11-22T11:12:30.309399+10:00]> : <class 'arrow.arrow.Arrow'>
=> time2 = <Arrow [0001-11-22T11:12:30.315191+10:00]> : <class 'arrow.arrow.Arrow'>
==================================================
zone2 = 'Australia/Brisbane'                                            # STEP 44
ACTION: zone2 = 'Australia/Brisbane'  
zone2 = 'Poland' : <type 'str'>
=> zone2 = 'Australia/Brisbane' : <type 'str'>
==================================================
time8 = time0.replace(minutes=val9)                                     # STEP 45
ACTION: time8 = time0.replace(minutes=val9) 
val9 = 0 : <type 'int'>
time0 = <Arrow [2017-11-21T18:12:30.283822-05:00]> : <class 'arrow.arrow.Arrow'>
time8 = <Arrow [2017-11-22T11:12:30.315191+10:00]> : <class 'arrow.arrow.Arrow'>
=> time8 = <Arrow [2017-11-21T18:12:30.283822-05:00]> : <class 'arrow.arrow.Arrow'>
==================================================
time0 = arrow.get(val7)                                                 # STEP 46
ACTION: time0 = arrow.get(val7) 
val7 = 1 : <type 'int'>
time0 = <Arrow [2017-11-21T18:12:30.283822-05:00]> : <class 'arrow.arrow.Arrow'>
=> time0 = <Arrow [1970-01-01T00:00:01+00:00]> : <class 'arrow.arrow.Arrow'>
==================================================
time9.shift(seconds=val7)                                               # STEP 47
ACTION: time9.shift(seconds=val7) 
val7 = 1 : <type 'int'>
time9 = <Arrow [2017-11-21T17:12:30.302329-08:00]> : <class 'arrow.arrow.Arrow'>
==================================================
time6.shift(seconds=val9)                                               # STEP 48
ACTION: time6.shift(seconds=val9) 
val9 = 0 : <type 'int'>
time6 = <Arrow [2017-11-21T18:12:30.283822+10:00]> : <class 'arrow.arrow.Arrow'>
==================================================
val7 -= 1                                                               # STEP 49
ACTION: val7 -= 1 
val7 = 1 : <type 'int'>
=> val7 = 0 : <type 'int'>
==================================================
time6 = time1.replace(tzinfo=zone4)                                     # STEP 50
ACTION: time6 = time1.replace(tzinfo=zone4) 
zone4 = 'US/Mountain' : <type 'str'>
time1 = <Arrow [2017-11-21T17:12:30.305311-08:00]> : <class 'arrow.arrow.Arrow'>
time6 = <Arrow [2017-11-21T18:12:30.283822+10:00]> : <class 'arrow.arrow.Arrow'>
=> time6 = <Arrow [2017-11-21T17:12:30.305311-07:00]> : <class 'arrow.arrow.Arrow'>
==================================================
locale1 =  u'da'                                                        # STEP 51
ACTION: locale1 =  u'da' 
locale1 = None : <type 'NoneType'>
=> locale1 = u'da' : <type 'unicode'>
==================================================
time0.format()                                                          # STEP 52
ACTION: time0.format() 
time0 = <Arrow [1970-01-01T00:00:01+00:00]> : <class 'arrow.arrow.Arrow'>
==================================================
time9.shift(minutes=val7)                                               # STEP 53
ACTION: time9.shift(minutes=val7) 
val7 = 0 : <type 'int'>
time9 = <Arrow [2017-11-21T17:12:30.302329-08:00]> : <class 'arrow.arrow.Arrow'>
==================================================
time3.shift(seconds=val7)                                               # STEP 54
ACTION: time3.shift(seconds=val7) 
val7 = 0 : <type 'int'>
time3 = <Arrow [2017-11-21T18:12:31.283822+10:00]> : <class 'arrow.arrow.Arrow'>
==================================================
time1.shift(years=val9)                                                 # STEP 55
ACTION: time1.shift(years=val9) 
val9 = 0 : <type 'int'>
time1 = <Arrow [2017-11-21T17:12:30.305311-08:00]> : <class 'arrow.arrow.Arrow'>
==================================================
time4.humanize(locale=locale0)                                          # STEP 56
ACTION: time4.humanize(locale=locale0) 
locale0 = u'vi' : <type 'unicode'>
time4 = <Arrow [2017-11-21T18:12:30.304453-07:00]> : <class 'arrow.arrow.Arrow'>
==================================================
time1 = time4.replace(tzinfo=zone2)                                     # STEP 57
ACTION: time1 = time4.replace(tzinfo=zone2) 
zone2 = 'Australia/Brisbane' : <type 'str'>
time4 = <Arrow [2017-11-21T18:12:30.304453-07:00]> : <class 'arrow.arrow.Arrow'>
time1 = <Arrow [2017-11-21T17:12:30.305311-08:00]> : <class 'arrow.arrow.Arrow'>
=> time1 = <Arrow [2017-11-21T18:12:30.304453+10:00]> : <class 'arrow.arrow.Arrow'>
==================================================
val7 -= 1                                                               # STEP 58
ACTION: val7 -= 1 
val7 = 0 : <type 'int'>
=> val7 = -1 : <type 'int'>
==================================================
time9 = time3.replace(seconds=val7)                                     # STEP 59
ACTION: time9 = time3.replace(seconds=val7) 
val7 = -1 : <type 'int'>
time3 = <Arrow [2017-11-21T18:12:31.283822+10:00]> : <class 'arrow.arrow.Arrow'>
time9 = <Arrow [2017-11-21T17:12:30.302329-08:00]> : <class 'arrow.arrow.Arrow'>
=> time9 = <Arrow [2017-11-21T18:12:30.283822+10:00]> : <class 'arrow.arrow.Arrow'>
==================================================
time1.format()                                                          # STEP 60
ACTION: time1.format() 
time1 = <Arrow [2017-11-21T18:12:30.304453+10:00]> : <class 'arrow.arrow.Arrow'>
==================================================
zone2 = 'US/Alaska'                                                     # STEP 61
ACTION: zone2 = 'US/Alaska'  
zone2 = 'Australia/Brisbane' : <type 'str'>
=> zone2 = 'US/Alaska' : <type 'str'>
==================================================
time1 = time2.replace(seconds=val7)                                     # STEP 62
ACTION: time1 = time2.replace(seconds=val7) 
val7 = -1 : <type 'int'>
time2 = <Arrow [0001-11-22T11:12:30.315191+10:00]> : <class 'arrow.arrow.Arrow'>
time1 = <Arrow [2017-11-21T18:12:30.304453+10:00]> : <class 'arrow.arrow.Arrow'>
=> time1 = <Arrow [0001-11-22T11:12:29.315191+10:00]> : <class 'arrow.arrow.Arrow'>
==================================================
time2.shift(years=val7)                                                 # STEP 63
ACTION: time2.shift(years=val7) 
val7 = -1 : <type 'int'>
time2 = <Arrow [0001-11-22T11:12:30.315191+10:00]> : <class 'arrow.arrow.Arrow'>
RAISED EXCEPTION: <type 'exceptions.ValueError'> year is out of range
ERROR: (<type 'exceptions.ValueError'>, ValueError('year is out of range',), <traceback object at 0x10a3d0b00>)
TRACEBACK:
  File "/Users/alex/tstl/examples/arrow/sut.py", line 405705, in safely
    act[2]()
  File "/Users/alex/tstl/examples/arrow/sut.py", line 304694, in act6782
    self.p_time[2].shift(years=self.p_val[7])
  File "/Library/Frameworks/Python.framework/Versions/2.7/lib/python2.7/site-packages/arrow/arrow.py", line 467, in shift
    current = self._datetime + relativedelta(**relative_kwargs)
  File "/Library/Frameworks/Python.framework/Versions/2.7/lib/python2.7/site-packages/dateutil/relativedelta.py", line 391, in __radd__
    return self.__add__(other)
  File "/Library/Frameworks/Python.framework/Versions/2.7/lib/python2.7/site-packages/dateutil/relativedelta.py", line 363, in __add__
    day = min(calendar.monthrange(year, month)[1],
  File "/Library/Frameworks/Python.framework/Versions/2.7/lib/python2.7/calendar.py", line 121, in monthrange
    day1 = weekday(year, month, 1)
  File "/Library/Frameworks/Python.framework/Versions/2.7/lib/python2.7/calendar.py", line 113, in weekday
    return datetime.date(year, month, day).weekday()
FAILURE IS NEW, STORING; NOW 2 DISTINCT FAILURES
STOPPING TEST DUE TO TIMEOUT, TERMINATED AT LENGTH 6
STOPPING TESTING DUE TO TIMEOUT
19.4312796209 PERCENT COVERED
60.2311811447 TOTAL RUNTIME
122 EXECUTED
12020 TOTAL TEST OPERATIONS
8.54187226295 TIME SPENT EXECUTING TEST OPERATIONS
51.1254928112 TIME SPENT EVALUATING GUARDS AND CHOOSING ACTIONS
0.00843930244446 TIME SPENT CHECKING PROPERTIES
8.5503115654 TOTAL TIME SPENT RUNNING SUT
0.137094497681 TIME SPENT RESTARTING
0.0 TIME SPENT REDUCING TEST CASES
2 FAILED
0 REPEATS OF FAILURES
2 ACTUAL DISTINCT FAILURES

FAILURE 0
time9 = arrow.now()                                                      # STEP 0
zone4 = 'Turkey'                                                         # STEP 1
zone3 = 'US/Mountain'                                                    # STEP 2
time7 = arrow.now(zone3)                                                 # STEP 3
zone1 = 'US/Mountain'                                                    # STEP 4
time2 = time9.to(zone4)                                                  # STEP 5
time9 = time9.replace(tzinfo=zone4)                                      # STEP 6
time4 = time2.replace(tzinfo=zone1)                                      # STEP 7
time3 = arrow.now(zone3)                                                 # STEP 8
zone1 = 'Europe/Rome'                                                    # STEP 9
zone3 = 'US/Arizona'                                                    # STEP 10
zone2 = 'US/Pacific'                                                    # STEP 11
val4 = 0                                                                # STEP 12
zone0 = 'US/Mountain'                                                   # STEP 13
zone4 = 'US/Mountain'                                                   # STEP 14
time2 = arrow.now(zone3)                                                # STEP 15
zone3 = 'Turkey'                                                        # STEP 16
time1 = arrow.get(val4)                                                 # STEP 17
time5 = time3.replace(seconds=val4)                                     # STEP 18
time1.shift(minutes=val4)                                               # STEP 19
time8 = arrow.get(val4)                                                 # STEP 20
time6 = arrow.now(zone1)                                                # STEP 21
time5.shift(seconds=val4)                                               # STEP 22
time5.shift(weeks=val4)                                                 # STEP 23
time3 = time3.replace(tzinfo=zone4)                                     # STEP 24
time5 = time1.to(zone0)                                                 # STEP 25
zone0 = 'Singapore'                                                     # STEP 26
time4.shift(years=val4)                                                 # STEP 27
locale4 =  u'cs_cz'                                                     # STEP 28
zone1 = 'US/Eastern'                                                    # STEP 29
time9.shift(hours=val4)                                                 # STEP 30
time5.timestamp                                                         # STEP 31
time6.shift(minutes=val4)                                               # STEP 32
time9 = time6.replace(minutes=val4)                                     # STEP 33
time6 = time8.replace(tzinfo=zone1)                                     # STEP 34
time7.humanize(locale=locale4)                                          # STEP 35
time8 = time8.replace(minutes=val4)                                     # STEP 36
time0 = time8.replace(seconds=val4)                                     # STEP 37
time5 = arrow.now()                                                     # STEP 38
time7 = time0.replace(hours=val4)                                       # STEP 39
time9.shift(years=val4)                                                 # STEP 40
time1.humanize(locale=locale4)                                          # STEP 41
time8 = time4.replace(tzinfo=zone4)                                     # STEP 42
time4 = time9.replace(tzinfo=zone2)                                     # STEP 43
time0 = time0.replace(hours=val4)                                       # STEP 44
time9 = time3.replace(hours=val4)                                       # STEP 45
val4 += 1                                                               # STEP 46
time1 = time7.replace(year=val4)                                        # STEP 47
time0.format()                                                          # STEP 48
time3 = time1.to(zone1)                                                 # STEP 49
ERROR: (<type 'exceptions.OverflowError'>, OverflowError('date value out of range',), <traceback object at 0x108ee1680>)
TRACEBACK:
  File "/Users/alex/tstl/examples/arrow/sut.py", line 405705, in safely
    act[2]()
  File "/Users/alex/tstl/examples/arrow/sut.py", line 26479, in act761
    self.p_time[3] = self.p_time[1].to(self.p_zone[1])
  File "/Library/Frameworks/Python.framework/Versions/2.7/lib/python2.7/site-packages/arrow/arrow.py", line 510, in to
    dt = self._datetime.astimezone(tz)
  File "/Library/Frameworks/Python.framework/Versions/2.7/lib/python2.7/site-packages/dateutil/tz/tz.py", line 667, in fromutc
    dt_out = dt + datetime.timedelta(seconds=tti.offset)
FAILURE 1
zone4 = 'US/Mountain'                                                    # STEP 0
zone3 = 'US/Eastern'                                                     # STEP 1
time5 = arrow.now(zone4)                                                 # STEP 2
zone2 = 'Australia/Brisbane'                                             # STEP 3
time8 = time5.replace(tzinfo=zone3)                                      # STEP 4
time4 = time5.replace(tzinfo=zone2)                                      # STEP 5
time2 = time8.replace(tzinfo=zone2)                                      # STEP 6
time1 = time5.replace(tzinfo=zone3)                                      # STEP 7
time9 = time5.replace(tzinfo=zone3)                                      # STEP 8
time4.format()                                                           # STEP 9
time0 = time8.replace(tzinfo=zone3)                                     # STEP 10
time6 = time1.replace(tzinfo=zone2)                                     # STEP 11
time5 = time8.replace(tzinfo=zone3)                                     # STEP 12
zone4 = 'Turkey'                                                        # STEP 13
zone0 = 'Singapore'                                                     # STEP 14
time3 = time9.replace(tzinfo=zone4)                                     # STEP 15
zone3 = 'US/Eastern'                                                    # STEP 16
zone4 = 'US/Arizona'                                                    # STEP 17
zone2 = 'Australia/Brisbane'                                            # STEP 18
zone1 = 'Australia/Brisbane'                                            # STEP 19
time7 = arrow.now()                                                     # STEP 20
time9 = arrow.now()                                                     # STEP 21
time8 = time5.to(zone2)                                                 # STEP 22
time4 = arrow.now(zone4)                                                # STEP 23
time1 = arrow.now()                                                     # STEP 24
locale0 =  u'vi'                                                        # STEP 25
zone4 = 'Asia/Samarkand'                                                # STEP 26
zone2 = 'Poland'                                                        # STEP 27
time5 = time8.replace(tzinfo=zone3)                                     # STEP 28
zone3 = 'Singapore'                                                     # STEP 29
time8 = arrow.now(zone4)                                                # STEP 30
val7 = 0                                                                # STEP 31
val9 = 0                                                                # STEP 32
zone4 = 'US/Mountain'                                                   # STEP 33
val7 += 1                                                               # STEP 34
time3.shift(years=val9)                                                 # STEP 35
time3 = time6.replace(seconds=val7)                                     # STEP 36
time6 = time2.replace(seconds=val9)                                     # STEP 37
time2 = time8.to(zone1)                                                 # STEP 38
time8 = arrow.now(zone1)                                                # STEP 39
zone1 = 'US/Pacific'                                                    # STEP 40
time7.shift(hours=val7)                                                 # STEP 41
time7 = time2.replace(tzinfo=zone2)                                     # STEP 42
time2 = time8.replace(year=val7)                                        # STEP 43
zone2 = 'Australia/Brisbane'                                            # STEP 44
time8 = time0.replace(minutes=val9)                                     # STEP 45
time0 = arrow.get(val7)                                                 # STEP 46
time9.shift(seconds=val7)                                               # STEP 47
time6.shift(seconds=val9)                                               # STEP 48
val7 -= 1                                                               # STEP 49
time6 = time1.replace(tzinfo=zone4)                                     # STEP 50
locale1 =  u'da'                                                        # STEP 51
time0.format()                                                          # STEP 52
time9.shift(minutes=val7)                                               # STEP 53
time3.shift(seconds=val7)                                               # STEP 54
time1.shift(years=val9)                                                 # STEP 55
time4.humanize(locale=locale0)                                          # STEP 56
time1 = time4.replace(tzinfo=zone2)                                     # STEP 57
val7 -= 1                                                               # STEP 58
time9 = time3.replace(seconds=val7)                                     # STEP 59
time1.format()                                                          # STEP 60
zone2 = 'US/Alaska'                                                     # STEP 61
time1 = time2.replace(seconds=val7)                                     # STEP 62
time2.shift(years=val7)                                                 # STEP 63
ERROR: (<type 'exceptions.ValueError'>, ValueError('year is out of range',), <traceback object at 0x10a3d0b00>)
TRACEBACK:
  File "/Users/alex/tstl/examples/arrow/sut.py", line 405705, in safely
    act[2]()
  File "/Users/alex/tstl/examples/arrow/sut.py", line 304694, in act6782
    self.p_time[2].shift(years=self.p_val[7])
  File "/Library/Frameworks/Python.framework/Versions/2.7/lib/python2.7/site-packages/arrow/arrow.py", line 467, in shift
    current = self._datetime + relativedelta(**relative_kwargs)
  File "/Library/Frameworks/Python.framework/Versions/2.7/lib/python2.7/site-packages/dateutil/relativedelta.py", line 391, in __radd__
    return self.__add__(other)
  File "/Library/Frameworks/Python.framework/Versions/2.7/lib/python2.7/site-packages/dateutil/relativedelta.py", line 363, in __add__
    day = min(calendar.monthrange(year, month)[1],
  File "/Library/Frameworks/Python.framework/Versions/2.7/lib/python2.7/calendar.py", line 121, in monthrange
    day1 = weekday(year, month, 1)
  File "/Library/Frameworks/Python.framework/Versions/2.7/lib/python2.7/calendar.py", line 113, in weekday
    return datetime.date(year, month, day).weekday()
301 BRANCHES COVERED
229 STATEMENTS COVERED
