Random testing using config=Config(noExceptionMatch=False, generalize=False, localize=False, speed='FAST', probs='locsample.probs', LOCBaseline=0.2, noAlphaConvert=False, replayable=False, essentials=False, noCoverageExploit=False, quickTests=False, html=None, keepLast=False, stopWhenNoCoverage=None, generateLOC=None, computeFeatureStats=False, Pmutate=0.0, timeout=60, output='failure.13925.test', markov=None, noSwarmDependencies=False, startExploit=0.0, maxMustHitBranch=None, useHints=False, silentFail=False, highLowSwarm=None, maxMustHitStatement=None, progress=False, postCover=False, swarmLength=None, noCover=False, noEnumerateEnabled=False, full=True, swarmP=0.5, coverFile='coverage.out', markovP=1.0, swarmProbs=None, genDepth=None, exploitCeiling=0.1, logging=None, noCheck=False, throughput=False, uncaught=False, swarmSwitch=None, verbose=False, reducePool=False, exploit=None, fastQuickAnalysis=False, total=False, verboseExploit=False, swarm=False, sequenceP=1.0, biasLOC=None, timedProgress=30, relax=False, ddmin=False, stutter=None, readQuick=False, verboseActions=False, quickAnalysis=False, noReassign=False, sequenceSize=3, LOCProbs=False, sequencesFromTests=None, maxTests=-1, trackMaxCoverage=None, useQuickSequences=False, exploitBestHint=1, failedLogging=None, stopWhenStatements=None, greedyStutter=False, seed=None, stopWhenHitStatement=None, uniqueValuesAnalysis=False, normalize=False, startExploitStall=0, enumerateEnabled=False, internal=False, profile=False, multiple=True, stopWhenBranches=None, running=False, compareFails=False, Pcrossover=0.2, stopWhenHitBranch=None, depth=100, showActions=False)
UNCAUGHT EXCEPTION
ERROR: (<type 'exceptions.ValueError'>, ValueError('year is out of range',), <traceback object at 0x108dedcb0>)
TRACEBACK:
  File "/Users/alex/tstl/examples/arrow/sut.py", line 405705, in safely
    act[2]()
  File "/Users/alex/tstl/examples/arrow/sut.py", line 307463, in act6853
    self.p_time[9].shift(years=self.p_val[8])
  File "/Library/Frameworks/Python.framework/Versions/2.7/lib/python2.7/site-packages/arrow/arrow.py", line 467, in shift
    current = self._datetime + relativedelta(**relative_kwargs)
  File "/Library/Frameworks/Python.framework/Versions/2.7/lib/python2.7/site-packages/dateutil/relativedelta.py", line 391, in __radd__
    return self.__add__(other)
  File "/Library/Frameworks/Python.framework/Versions/2.7/lib/python2.7/site-packages/dateutil/relativedelta.py", line 363, in __add__
    day = min(calendar.monthrange(year, month)[1],
  File "/Library/Frameworks/Python.framework/Versions/2.7/lib/python2.7/calendar.py", line 121, in monthrange
    day1 = weekday(year, month, 1)
  File "/Library/Frameworks/Python.framework/Versions/2.7/lib/python2.7/calendar.py", line 113, in weekday
    return datetime.date(year, month, day).weekday()
Original test has 67 steps

SAVING TEST AS failure.13925.test.0
FINAL VERSION OF TEST, WITH LOGGED REPLAY:
zone0 = 'Africa/Cairo'                                                   # STEP 0
ACTION: zone0 = 'Africa/Cairo'  
zone0 = None : <type 'NoneType'>
=> zone0 = 'Africa/Cairo' : <type 'str'>
==================================================
zone4 = 'US/Arizona'                                                     # STEP 1
ACTION: zone4 = 'US/Arizona'  
zone4 = None : <type 'NoneType'>
=> zone4 = 'US/Arizona' : <type 'str'>
==================================================
zone3 = 'US/Eastern'                                                     # STEP 2
ACTION: zone3 = 'US/Eastern'  
zone3 = None : <type 'NoneType'>
=> zone3 = 'US/Eastern' : <type 'str'>
==================================================
zone2 = 'Poland'                                                         # STEP 3
ACTION: zone2 = 'Poland'  
zone2 = None : <type 'NoneType'>
=> zone2 = 'Poland' : <type 'str'>
==================================================
zone1 = 'Asia/Samarkand'                                                 # STEP 4
ACTION: zone1 = 'Asia/Samarkand'  
zone1 = None : <type 'NoneType'>
=> zone1 = 'Asia/Samarkand' : <type 'str'>
==================================================
time8 = arrow.now()                                                      # STEP 5
ACTION: time8 = arrow.now() 
time8 = None : <type 'NoneType'>
=> time8 = <Arrow [2017-11-21T15:03:58.610029-08:00]> : <class 'arrow.arrow.Arrow'>
==================================================
time1 = time8.replace(tzinfo=zone2)                                      # STEP 6
ACTION: time1 = time8.replace(tzinfo=zone2) 
zone2 = 'Poland' : <type 'str'>
time8 = <Arrow [2017-11-21T15:03:58.610029-08:00]> : <class 'arrow.arrow.Arrow'>
time1 = None : <type 'NoneType'>
=> time1 = <Arrow [2017-11-21T15:03:58.610029+01:00]> : <class 'arrow.arrow.Arrow'>
==================================================
time3 = time8.replace(tzinfo=zone3)                                      # STEP 7
ACTION: time3 = time8.replace(tzinfo=zone3) 
zone3 = 'US/Eastern' : <type 'str'>
time8 = <Arrow [2017-11-21T15:03:58.610029-08:00]> : <class 'arrow.arrow.Arrow'>
time3 = None : <type 'NoneType'>
=> time3 = <Arrow [2017-11-21T15:03:58.610029-05:00]> : <class 'arrow.arrow.Arrow'>
==================================================
zone3 = 'Turkey'                                                         # STEP 8
ACTION: zone3 = 'Turkey'  
zone3 = 'US/Eastern' : <type 'str'>
=> zone3 = 'Turkey' : <type 'str'>
==================================================
time5 = arrow.now(zone2)                                                 # STEP 9
ACTION: time5 = arrow.now(zone2) 
zone2 = 'Poland' : <type 'str'>
time5 = None : <type 'NoneType'>
=> time5 = <Arrow [2017-11-22T00:03:58.614567+01:00]> : <class 'arrow.arrow.Arrow'>
==================================================
zone2 = 'Europe/Rome'                                                   # STEP 10
ACTION: zone2 = 'Europe/Rome'  
zone2 = 'Poland' : <type 'str'>
=> zone2 = 'Europe/Rome' : <type 'str'>
==================================================
val8 = 0                                                                # STEP 11
ACTION: val8 = 0 
val8 = None : <type 'NoneType'>
=> val8 = 0 : <type 'int'>
==================================================
time2 = time8.replace(minutes=val8)                                     # STEP 12
ACTION: time2 = time8.replace(minutes=val8) 
val8 = 0 : <type 'int'>
time8 = <Arrow [2017-11-21T15:03:58.610029-08:00]> : <class 'arrow.arrow.Arrow'>
time2 = None : <type 'NoneType'>
=> time2 = <Arrow [2017-11-21T15:03:58.610029-08:00]> : <class 'arrow.arrow.Arrow'>
==================================================
val8 -= 1                                                               # STEP 13
ACTION: val8 -= 1 
val8 = 0 : <type 'int'>
=> val8 = -1 : <type 'int'>
==================================================
time4 = arrow.now(zone0)                                                # STEP 14
ACTION: time4 = arrow.now(zone0) 
zone0 = 'Africa/Cairo' : <type 'str'>
time4 = None : <type 'NoneType'>
=> time4 = <Arrow [2017-11-22T01:03:58.617586+02:00]> : <class 'arrow.arrow.Arrow'>
==================================================
time1.shift(seconds=val8)                                               # STEP 15
ACTION: time1.shift(seconds=val8) 
val8 = -1 : <type 'int'>
time1 = <Arrow [2017-11-21T15:03:58.610029+01:00]> : <class 'arrow.arrow.Arrow'>
==================================================
time7 = time5.to(zone4)                                                 # STEP 16
ACTION: time7 = time5.to(zone4) 
zone4 = 'US/Arizona' : <type 'str'>
time5 = <Arrow [2017-11-22T00:03:58.614567+01:00]> : <class 'arrow.arrow.Arrow'>
time7 = None : <type 'NoneType'>
=> time7 = <Arrow [2017-11-21T16:03:58.614567-07:00]> : <class 'arrow.arrow.Arrow'>
==================================================
time1.shift(seconds=val8)                                               # STEP 17
ACTION: time1.shift(seconds=val8) 
val8 = -1 : <type 'int'>
time1 = <Arrow [2017-11-21T15:03:58.610029+01:00]> : <class 'arrow.arrow.Arrow'>
==================================================
val0 = 0                                                                # STEP 18
ACTION: val0 = 0 
val0 = None : <type 'NoneType'>
=> val0 = 0 : <type 'int'>
==================================================
time5.shift(months=val8)                                                # STEP 19
ACTION: time5.shift(months=val8) 
val8 = -1 : <type 'int'>
time5 = <Arrow [2017-11-22T00:03:58.614567+01:00]> : <class 'arrow.arrow.Arrow'>
==================================================
zone0 = 'US/Mountain'                                                   # STEP 20
ACTION: zone0 = 'US/Mountain'  
zone0 = 'Africa/Cairo' : <type 'str'>
=> zone0 = 'US/Mountain' : <type 'str'>
==================================================
time9 = time5.replace(tzinfo=zone0)                                     # STEP 21
ACTION: time9 = time5.replace(tzinfo=zone0) 
zone0 = 'US/Mountain' : <type 'str'>
time5 = <Arrow [2017-11-22T00:03:58.614567+01:00]> : <class 'arrow.arrow.Arrow'>
time9 = None : <type 'NoneType'>
=> time9 = <Arrow [2017-11-22T00:03:58.614567-07:00]> : <class 'arrow.arrow.Arrow'>
==================================================
time1.shift(hours=val8)                                                 # STEP 22
ACTION: time1.shift(hours=val8) 
val8 = -1 : <type 'int'>
time1 = <Arrow [2017-11-21T15:03:58.610029+01:00]> : <class 'arrow.arrow.Arrow'>
==================================================
zone4 = 'US/Eastern'                                                    # STEP 23
ACTION: zone4 = 'US/Eastern'  
zone4 = 'US/Arizona' : <type 'str'>
=> zone4 = 'US/Eastern' : <type 'str'>
==================================================
val0 += 1                                                               # STEP 24
ACTION: val0 += 1 
val0 = 0 : <type 'int'>
=> val0 = 1 : <type 'int'>
==================================================
time8 = time8.replace(minutes=val0)                                     # STEP 25
ACTION: time8 = time8.replace(minutes=val0) 
val0 = 1 : <type 'int'>
time8 = <Arrow [2017-11-21T15:03:58.610029-08:00]> : <class 'arrow.arrow.Arrow'>
=> time8 = <Arrow [2017-11-21T15:04:58.610029-08:00]> : <class 'arrow.arrow.Arrow'>
==================================================
time5.shift(seconds=val8)                                               # STEP 26
ACTION: time5.shift(seconds=val8) 
val8 = -1 : <type 'int'>
time5 = <Arrow [2017-11-22T00:03:58.614567+01:00]> : <class 'arrow.arrow.Arrow'>
==================================================
zone0 = 'US/Eastern'                                                    # STEP 27
ACTION: zone0 = 'US/Eastern'  
zone0 = 'US/Mountain' : <type 'str'>
=> zone0 = 'US/Eastern' : <type 'str'>
==================================================
time0 = time9.replace(minutes=val8)                                     # STEP 28
ACTION: time0 = time9.replace(minutes=val8) 
val8 = -1 : <type 'int'>
time9 = <Arrow [2017-11-22T00:03:58.614567-07:00]> : <class 'arrow.arrow.Arrow'>
time0 = None : <type 'NoneType'>
=> time0 = <Arrow [2017-11-22T00:02:58.614567-07:00]> : <class 'arrow.arrow.Arrow'>
==================================================
locale0 =  u'ar'                                                        # STEP 29
ACTION: locale0 =  u'ar' 
locale0 = None : <type 'NoneType'>
=> locale0 = u'ar' : <type 'unicode'>
==================================================
time2.humanize(locale=locale0)                                          # STEP 30
ACTION: time2.humanize(locale=locale0) 
locale0 = u'ar' : <type 'unicode'>
time2 = <Arrow [2017-11-21T15:03:58.610029-08:00]> : <class 'arrow.arrow.Arrow'>
==================================================
time5 = arrow.now(zone0)                                                # STEP 31
ACTION: time5 = arrow.now(zone0) 
zone0 = 'US/Eastern' : <type 'str'>
time5 = <Arrow [2017-11-22T00:03:58.614567+01:00]> : <class 'arrow.arrow.Arrow'>
=> time5 = <Arrow [2017-11-21T18:03:58.628566-05:00]> : <class 'arrow.arrow.Arrow'>
==================================================
time2.shift(weeks=val8)                                                 # STEP 32
ACTION: time2.shift(weeks=val8) 
val8 = -1 : <type 'int'>
time2 = <Arrow [2017-11-21T15:03:58.610029-08:00]> : <class 'arrow.arrow.Arrow'>
==================================================
time8.shift(minutes=val0)                                               # STEP 33
ACTION: time8.shift(minutes=val0) 
val0 = 1 : <type 'int'>
time8 = <Arrow [2017-11-21T15:04:58.610029-08:00]> : <class 'arrow.arrow.Arrow'>
==================================================
time5.shift(weeks=val8)                                                 # STEP 34
ACTION: time5.shift(weeks=val8) 
val8 = -1 : <type 'int'>
time5 = <Arrow [2017-11-21T18:03:58.628566-05:00]> : <class 'arrow.arrow.Arrow'>
==================================================
time1 = arrow.now(zone0)                                                # STEP 35
ACTION: time1 = arrow.now(zone0) 
zone0 = 'US/Eastern' : <type 'str'>
time1 = <Arrow [2017-11-21T15:03:58.610029+01:00]> : <class 'arrow.arrow.Arrow'>
=> time1 = <Arrow [2017-11-21T18:03:58.632216-05:00]> : <class 'arrow.arrow.Arrow'>
==================================================
time0.shift(seconds=val0)                                               # STEP 36
ACTION: time0.shift(seconds=val0) 
val0 = 1 : <type 'int'>
time0 = <Arrow [2017-11-22T00:02:58.614567-07:00]> : <class 'arrow.arrow.Arrow'>
==================================================
zone0 = 'US/Pacific'                                                    # STEP 37
ACTION: zone0 = 'US/Pacific'  
zone0 = 'US/Eastern' : <type 'str'>
=> zone0 = 'US/Pacific' : <type 'str'>
==================================================
time2.shift(seconds=val8)                                               # STEP 38
ACTION: time2.shift(seconds=val8) 
val8 = -1 : <type 'int'>
time2 = <Arrow [2017-11-21T15:03:58.610029-08:00]> : <class 'arrow.arrow.Arrow'>
==================================================
time6 = time9.replace(year=val0)                                        # STEP 39
ACTION: time6 = time9.replace(year=val0) 
val0 = 1 : <type 'int'>
time9 = <Arrow [2017-11-22T00:03:58.614567-07:00]> : <class 'arrow.arrow.Arrow'>
time6 = None : <type 'NoneType'>
=> time6 = <Arrow [0001-11-22T00:03:58.614567-07:00]> : <class 'arrow.arrow.Arrow'>
==================================================
time8.shift(seconds=val8)                                               # STEP 40
ACTION: time8.shift(seconds=val8) 
val8 = -1 : <type 'int'>
time8 = <Arrow [2017-11-21T15:04:58.610029-08:00]> : <class 'arrow.arrow.Arrow'>
==================================================
time9.shift(years=val8)                                                 # STEP 41
ACTION: time9.shift(years=val8) 
val8 = -1 : <type 'int'>
time9 = <Arrow [2017-11-22T00:03:58.614567-07:00]> : <class 'arrow.arrow.Arrow'>
==================================================
time5 = time5.replace(tzinfo=zone2)                                     # STEP 42
ACTION: time5 = time5.replace(tzinfo=zone2) 
zone2 = 'Europe/Rome' : <type 'str'>
time5 = <Arrow [2017-11-21T18:03:58.628566-05:00]> : <class 'arrow.arrow.Arrow'>
=> time5 = <Arrow [2017-11-21T18:03:58.628566+01:00]> : <class 'arrow.arrow.Arrow'>
==================================================
time9 = arrow.get(val8)                                                 # STEP 43
ACTION: time9 = arrow.get(val8) 
val8 = -1 : <type 'int'>
time9 = <Arrow [2017-11-22T00:03:58.614567-07:00]> : <class 'arrow.arrow.Arrow'>
=> time9 = <Arrow [1969-12-31T23:59:59+00:00]> : <class 'arrow.arrow.Arrow'>
==================================================
zone2 = 'Asia/Samarkand'                                                # STEP 44
ACTION: zone2 = 'Asia/Samarkand'  
zone2 = 'Europe/Rome' : <type 'str'>
=> zone2 = 'Asia/Samarkand' : <type 'str'>
==================================================
time2.shift(hours=val0)                                                 # STEP 45
ACTION: time2.shift(hours=val0) 
val0 = 1 : <type 'int'>
time2 = <Arrow [2017-11-21T15:03:58.610029-08:00]> : <class 'arrow.arrow.Arrow'>
==================================================
time9.shift(months=val8)                                                # STEP 46
ACTION: time9.shift(months=val8) 
val8 = -1 : <type 'int'>
time9 = <Arrow [1969-12-31T23:59:59+00:00]> : <class 'arrow.arrow.Arrow'>
==================================================
time9 = time3.to(zone0)                                                 # STEP 47
ACTION: time9 = time3.to(zone0) 
zone0 = 'US/Pacific' : <type 'str'>
time3 = <Arrow [2017-11-21T15:03:58.610029-05:00]> : <class 'arrow.arrow.Arrow'>
time9 = <Arrow [1969-12-31T23:59:59+00:00]> : <class 'arrow.arrow.Arrow'>
=> time9 = <Arrow [2017-11-21T12:03:58.610029-08:00]> : <class 'arrow.arrow.Arrow'>
==================================================
time0.shift(weeks=val8)                                                 # STEP 48
ACTION: time0.shift(weeks=val8) 
val8 = -1 : <type 'int'>
time0 = <Arrow [2017-11-22T00:02:58.614567-07:00]> : <class 'arrow.arrow.Arrow'>
==================================================
time3 = arrow.now()                                                     # STEP 49
ACTION: time3 = arrow.now() 
time3 = <Arrow [2017-11-21T15:03:58.610029-05:00]> : <class 'arrow.arrow.Arrow'>
=> time3 = <Arrow [2017-11-21T15:03:58.642700-08:00]> : <class 'arrow.arrow.Arrow'>
==================================================
time5.shift(minutes=val0)                                               # STEP 50
ACTION: time5.shift(minutes=val0) 
val0 = 1 : <type 'int'>
time5 = <Arrow [2017-11-21T18:03:58.628566+01:00]> : <class 'arrow.arrow.Arrow'>
==================================================
zone0 = 'US/Arizona'                                                    # STEP 51
ACTION: zone0 = 'US/Arizona'  
zone0 = 'US/Pacific' : <type 'str'>
=> zone0 = 'US/Arizona' : <type 'str'>
==================================================
time0 = time7.to(zone0)                                                 # STEP 52
ACTION: time0 = time7.to(zone0) 
zone0 = 'US/Arizona' : <type 'str'>
time7 = <Arrow [2017-11-21T16:03:58.614567-07:00]> : <class 'arrow.arrow.Arrow'>
time0 = <Arrow [2017-11-22T00:02:58.614567-07:00]> : <class 'arrow.arrow.Arrow'>
=> time0 = <Arrow [2017-11-21T16:03:58.614567-07:00]> : <class 'arrow.arrow.Arrow'>
==================================================
time8 = time6.replace(minutes=val0)                                     # STEP 53
ACTION: time8 = time6.replace(minutes=val0) 
val0 = 1 : <type 'int'>
time6 = <Arrow [0001-11-22T00:03:58.614567-07:00]> : <class 'arrow.arrow.Arrow'>
time8 = <Arrow [2017-11-21T15:04:58.610029-08:00]> : <class 'arrow.arrow.Arrow'>
=> time8 = <Arrow [0001-11-22T00:04:58.614567-07:00]> : <class 'arrow.arrow.Arrow'>
==================================================
time1.shift(weeks=val8)                                                 # STEP 54
ACTION: time1.shift(weeks=val8) 
val8 = -1 : <type 'int'>
time1 = <Arrow [2017-11-21T18:03:58.632216-05:00]> : <class 'arrow.arrow.Arrow'>
==================================================
time1 = time0.replace(minutes=val8)                                     # STEP 55
ACTION: time1 = time0.replace(minutes=val8) 
val8 = -1 : <type 'int'>
time0 = <Arrow [2017-11-21T16:03:58.614567-07:00]> : <class 'arrow.arrow.Arrow'>
time1 = <Arrow [2017-11-21T18:03:58.632216-05:00]> : <class 'arrow.arrow.Arrow'>
=> time1 = <Arrow [2017-11-21T16:02:58.614567-07:00]> : <class 'arrow.arrow.Arrow'>
==================================================
locale2 =  u'el'                                                        # STEP 56
ACTION: locale2 =  u'el' 
locale2 = None : <type 'NoneType'>
=> locale2 = u'el' : <type 'unicode'>
==================================================
time9.shift(seconds=val0)                                               # STEP 57
ACTION: time9.shift(seconds=val0) 
val0 = 1 : <type 'int'>
time9 = <Arrow [2017-11-21T12:03:58.610029-08:00]> : <class 'arrow.arrow.Arrow'>
==================================================
time9 = time2.replace(year=val0)                                        # STEP 58
ACTION: time9 = time2.replace(year=val0) 
val0 = 1 : <type 'int'>
time2 = <Arrow [2017-11-21T15:03:58.610029-08:00]> : <class 'arrow.arrow.Arrow'>
time9 = <Arrow [2017-11-21T12:03:58.610029-08:00]> : <class 'arrow.arrow.Arrow'>
=> time9 = <Arrow [0001-11-21T15:03:58.610029-08:00]> : <class 'arrow.arrow.Arrow'>
==================================================
time1.humanize(locale=locale0)                                          # STEP 59
ACTION: time1.humanize(locale=locale0) 
locale0 = u'ar' : <type 'unicode'>
time1 = <Arrow [2017-11-21T16:02:58.614567-07:00]> : <class 'arrow.arrow.Arrow'>
==================================================
val0 = 0                                                                # STEP 60
ACTION: val0 = 0 
val0 = 1 : <type 'int'>
=> val0 = 0 : <type 'int'>
==================================================
time6.shift(minutes=val0)                                               # STEP 61
ACTION: time6.shift(minutes=val0) 
val0 = 0 : <type 'int'>
time6 = <Arrow [0001-11-22T00:03:58.614567-07:00]> : <class 'arrow.arrow.Arrow'>
==================================================
zone0 = 'US/Pacific'                                                    # STEP 62
ACTION: zone0 = 'US/Pacific'  
zone0 = 'US/Arizona' : <type 'str'>
=> zone0 = 'US/Pacific' : <type 'str'>
==================================================
time7 = time0.replace(hours=val8)                                       # STEP 63
ACTION: time7 = time0.replace(hours=val8) 
val8 = -1 : <type 'int'>
time0 = <Arrow [2017-11-21T16:03:58.614567-07:00]> : <class 'arrow.arrow.Arrow'>
time7 = <Arrow [2017-11-21T16:03:58.614567-07:00]> : <class 'arrow.arrow.Arrow'>
=> time7 = <Arrow [2017-11-21T15:03:58.614567-07:00]> : <class 'arrow.arrow.Arrow'>
==================================================
time1 = time1.to(zone3)                                                 # STEP 64
ACTION: time1 = time1.to(zone3) 
zone3 = 'Turkey' : <type 'str'>
time1 = <Arrow [2017-11-21T16:02:58.614567-07:00]> : <class 'arrow.arrow.Arrow'>
=> time1 = <Arrow [2017-11-22T02:02:58.614567+03:00]> : <class 'arrow.arrow.Arrow'>
==================================================
time5 = time8.to(zone4)                                                 # STEP 65
ACTION: time5 = time8.to(zone4) 
zone4 = 'US/Eastern' : <type 'str'>
time8 = <Arrow [0001-11-22T00:04:58.614567-07:00]> : <class 'arrow.arrow.Arrow'>
time5 = <Arrow [2017-11-21T18:03:58.628566+01:00]> : <class 'arrow.arrow.Arrow'>
=> time5 = <Arrow [0001-11-22T02:04:58.614567-05:00]> : <class 'arrow.arrow.Arrow'>
==================================================
time9.shift(years=val8)                                                 # STEP 66
ACTION: time9.shift(years=val8) 
val8 = -1 : <type 'int'>
time9 = <Arrow [0001-11-21T15:03:58.610029-08:00]> : <class 'arrow.arrow.Arrow'>
RAISED EXCEPTION: <type 'exceptions.ValueError'> year is out of range
ERROR: (<type 'exceptions.ValueError'>, ValueError('year is out of range',), <traceback object at 0x108e0cef0>)
TRACEBACK:
  File "/Users/alex/tstl/examples/arrow/sut.py", line 405705, in safely
    act[2]()
  File "/Users/alex/tstl/examples/arrow/sut.py", line 307463, in act6853
    self.p_time[9].shift(years=self.p_val[8])
  File "/Library/Frameworks/Python.framework/Versions/2.7/lib/python2.7/site-packages/arrow/arrow.py", line 467, in shift
    current = self._datetime + relativedelta(**relative_kwargs)
  File "/Library/Frameworks/Python.framework/Versions/2.7/lib/python2.7/site-packages/dateutil/relativedelta.py", line 391, in __radd__
    return self.__add__(other)
  File "/Library/Frameworks/Python.framework/Versions/2.7/lib/python2.7/site-packages/dateutil/relativedelta.py", line 363, in __add__
    day = min(calendar.monthrange(year, month)[1],
  File "/Library/Frameworks/Python.framework/Versions/2.7/lib/python2.7/calendar.py", line 121, in monthrange
    day1 = weekday(year, month, 1)
  File "/Library/Frameworks/Python.framework/Versions/2.7/lib/python2.7/calendar.py", line 113, in weekday
    return datetime.date(year, month, day).weekday()
FAILURE IS NEW, STORING; NOW 1 DISTINCT FAILURES
UNCAUGHT EXCEPTION
ERROR: (<type 'exceptions.OverflowError'>, OverflowError('date value out of range',), <traceback object at 0x108e3cab8>)
TRACEBACK:
  File "/Users/alex/tstl/examples/arrow/sut.py", line 405705, in safely
    act[2]()
  File "/Users/alex/tstl/examples/arrow/sut.py", line 206371, in act4613
    self.p_time[3] = self.p_time[5].replace(minutes=self.p_val[8])
  File "/Library/Frameworks/Python.framework/Versions/2.7/lib/python2.7/site-packages/arrow/arrow.py", line 429, in replace
    current += relativedelta(**relative_kwargs) # TODO: DEPRECATED
  File "/Library/Frameworks/Python.framework/Versions/2.7/lib/python2.7/site-packages/dateutil/relativedelta.py", line 391, in __radd__
    return self.__add__(other)
  File "/Library/Frameworks/Python.framework/Versions/2.7/lib/python2.7/site-packages/dateutil/relativedelta.py", line 378, in __add__
    microseconds=self.microseconds))
Original test has 38 steps

SAVING TEST AS failure.13925.test.1
FINAL VERSION OF TEST, WITH LOGGED REPLAY:
zone1 = 'US/Arizona'                                                     # STEP 0
ACTION: zone1 = 'US/Arizona'  
zone1 = None : <type 'NoneType'>
=> zone1 = 'US/Arizona' : <type 'str'>
==================================================
zone2 = 'US/Eastern'                                                     # STEP 1
ACTION: zone2 = 'US/Eastern'  
zone2 = None : <type 'NoneType'>
=> zone2 = 'US/Eastern' : <type 'str'>
==================================================
time6 = arrow.now(zone1)                                                 # STEP 2
ACTION: time6 = arrow.now(zone1) 
zone1 = 'US/Arizona' : <type 'str'>
time6 = None : <type 'NoneType'>
=> time6 = <Arrow [2017-11-21T16:04:00.780622-07:00]> : <class 'arrow.arrow.Arrow'>
==================================================
time2 = time6.to(zone2)                                                  # STEP 3
ACTION: time2 = time6.to(zone2) 
zone2 = 'US/Eastern' : <type 'str'>
time6 = <Arrow [2017-11-21T16:04:00.780622-07:00]> : <class 'arrow.arrow.Arrow'>
time2 = None : <type 'NoneType'>
=> time2 = <Arrow [2017-11-21T18:04:00.780622-05:00]> : <class 'arrow.arrow.Arrow'>
==================================================
time3 = arrow.now(zone1)                                                 # STEP 4
ACTION: time3 = arrow.now(zone1) 
zone1 = 'US/Arizona' : <type 'str'>
time3 = None : <type 'NoneType'>
=> time3 = <Arrow [2017-11-21T16:04:00.782875-07:00]> : <class 'arrow.arrow.Arrow'>
==================================================
zone4 = 'Africa/Cairo'                                                   # STEP 5
ACTION: zone4 = 'Africa/Cairo'  
zone4 = None : <type 'NoneType'>
=> zone4 = 'Africa/Cairo' : <type 'str'>
==================================================
zone2 = 'US/Eastern'                                                     # STEP 6
ACTION: zone2 = 'US/Eastern'  
zone2 = 'US/Eastern' : <type 'str'>
==================================================
time0 = time2.to(zone1)                                                  # STEP 7
ACTION: time0 = time2.to(zone1) 
zone1 = 'US/Arizona' : <type 'str'>
time2 = <Arrow [2017-11-21T18:04:00.780622-05:00]> : <class 'arrow.arrow.Arrow'>
time0 = None : <type 'NoneType'>
=> time0 = <Arrow [2017-11-21T16:04:00.780622-07:00]> : <class 'arrow.arrow.Arrow'>
==================================================
time5 = time0.to(zone4)                                                  # STEP 8
ACTION: time5 = time0.to(zone4) 
zone4 = 'Africa/Cairo' : <type 'str'>
time0 = <Arrow [2017-11-21T16:04:00.780622-07:00]> : <class 'arrow.arrow.Arrow'>
time5 = None : <type 'NoneType'>
=> time5 = <Arrow [2017-11-22T01:04:00.780622+02:00]> : <class 'arrow.arrow.Arrow'>
==================================================
time0 = time2.to(zone1)                                                  # STEP 9
ACTION: time0 = time2.to(zone1) 
zone1 = 'US/Arizona' : <type 'str'>
time2 = <Arrow [2017-11-21T18:04:00.780622-05:00]> : <class 'arrow.arrow.Arrow'>
time0 = <Arrow [2017-11-21T16:04:00.780622-07:00]> : <class 'arrow.arrow.Arrow'>
==================================================
time8 = time3.replace(tzinfo=zone1)                                     # STEP 10
ACTION: time8 = time3.replace(tzinfo=zone1) 
zone1 = 'US/Arizona' : <type 'str'>
time3 = <Arrow [2017-11-21T16:04:00.782875-07:00]> : <class 'arrow.arrow.Arrow'>
time8 = None : <type 'NoneType'>
=> time8 = <Arrow [2017-11-21T16:04:00.782875-07:00]> : <class 'arrow.arrow.Arrow'>
==================================================
time1 = arrow.now()                                                     # STEP 11
ACTION: time1 = arrow.now() 
time1 = None : <type 'NoneType'>
=> time1 = <Arrow [2017-11-21T15:04:00.788224-08:00]> : <class 'arrow.arrow.Arrow'>
==================================================
zone1 = 'Australia/Brisbane'                                            # STEP 12
ACTION: zone1 = 'Australia/Brisbane'  
zone1 = 'US/Arizona' : <type 'str'>
=> zone1 = 'Australia/Brisbane' : <type 'str'>
==================================================
time1.timestamp                                                         # STEP 13
ACTION: time1.timestamp 
time1 = <Arrow [2017-11-21T15:04:00.788224-08:00]> : <class 'arrow.arrow.Arrow'>
==================================================
val8 = 0                                                                # STEP 14
ACTION: val8 = 0 
val8 = None : <type 'NoneType'>
=> val8 = 0 : <type 'int'>
==================================================
time2 = time3.replace(seconds=val8)                                     # STEP 15
ACTION: time2 = time3.replace(seconds=val8) 
val8 = 0 : <type 'int'>
time3 = <Arrow [2017-11-21T16:04:00.782875-07:00]> : <class 'arrow.arrow.Arrow'>
time2 = <Arrow [2017-11-21T18:04:00.780622-05:00]> : <class 'arrow.arrow.Arrow'>
=> time2 = <Arrow [2017-11-21T16:04:00.782875-07:00]> : <class 'arrow.arrow.Arrow'>
==================================================
time6.shift(seconds=val8)                                               # STEP 16
ACTION: time6.shift(seconds=val8) 
val8 = 0 : <type 'int'>
time6 = <Arrow [2017-11-21T16:04:00.780622-07:00]> : <class 'arrow.arrow.Arrow'>
==================================================
time6 = time1.replace(seconds=val8)                                     # STEP 17
ACTION: time6 = time1.replace(seconds=val8) 
val8 = 0 : <type 'int'>
time1 = <Arrow [2017-11-21T15:04:00.788224-08:00]> : <class 'arrow.arrow.Arrow'>
time6 = <Arrow [2017-11-21T16:04:00.780622-07:00]> : <class 'arrow.arrow.Arrow'>
=> time6 = <Arrow [2017-11-21T15:04:00.788224-08:00]> : <class 'arrow.arrow.Arrow'>
==================================================
time4 = arrow.now(zone2)                                                # STEP 18
ACTION: time4 = arrow.now(zone2) 
zone2 = 'US/Eastern' : <type 'str'>
time4 = None : <type 'NoneType'>
=> time4 = <Arrow [2017-11-21T18:04:00.793099-05:00]> : <class 'arrow.arrow.Arrow'>
==================================================
time5.shift(years=val8)                                                 # STEP 19
ACTION: time5.shift(years=val8) 
val8 = 0 : <type 'int'>
time5 = <Arrow [2017-11-22T01:04:00.780622+02:00]> : <class 'arrow.arrow.Arrow'>
==================================================
val8 -= 1                                                               # STEP 20
ACTION: val8 -= 1 
val8 = 0 : <type 'int'>
=> val8 = -1 : <type 'int'>
==================================================
time2.timestamp                                                         # STEP 21
ACTION: time2.timestamp 
time2 = <Arrow [2017-11-21T16:04:00.782875-07:00]> : <class 'arrow.arrow.Arrow'>
==================================================
zone0 = 'Turkey'                                                        # STEP 22
ACTION: zone0 = 'Turkey'  
zone0 = None : <type 'NoneType'>
=> zone0 = 'Turkey' : <type 'str'>
==================================================
zone3 = 'Etc/Greenwich'                                                 # STEP 23
ACTION: zone3 = 'Etc/Greenwich'  
zone3 = None : <type 'NoneType'>
=> zone3 = 'Etc/Greenwich' : <type 'str'>
==================================================
val5 = 0                                                                # STEP 24
ACTION: val5 = 0 
val5 = None : <type 'NoneType'>
=> val5 = 0 : <type 'int'>
==================================================
val5 += 1                                                               # STEP 25
ACTION: val5 += 1 
val5 = 0 : <type 'int'>
=> val5 = 1 : <type 'int'>
==================================================
time3.shift(years=val8)                                                 # STEP 26
ACTION: time3.shift(years=val8) 
val8 = -1 : <type 'int'>
time3 = <Arrow [2017-11-21T16:04:00.782875-07:00]> : <class 'arrow.arrow.Arrow'>
==================================================
time3.shift(hours=val5)                                                 # STEP 27
ACTION: time3.shift(hours=val5) 
val5 = 1 : <type 'int'>
time3 = <Arrow [2017-11-21T16:04:00.782875-07:00]> : <class 'arrow.arrow.Arrow'>
==================================================
zone2 = 'Australia/Brisbane'                                            # STEP 28
ACTION: zone2 = 'Australia/Brisbane'  
zone2 = 'US/Eastern' : <type 'str'>
=> zone2 = 'Australia/Brisbane' : <type 'str'>
==================================================
time0.shift(minutes=val8)                                               # STEP 29
ACTION: time0.shift(minutes=val8) 
val8 = -1 : <type 'int'>
time0 = <Arrow [2017-11-21T16:04:00.780622-07:00]> : <class 'arrow.arrow.Arrow'>
==================================================
zone4 = 'US/Eastern'                                                    # STEP 30
ACTION: zone4 = 'US/Eastern'  
zone4 = 'Africa/Cairo' : <type 'str'>
=> zone4 = 'US/Eastern' : <type 'str'>
==================================================
time0.shift(weeks=val8)                                                 # STEP 31
ACTION: time0.shift(weeks=val8) 
val8 = -1 : <type 'int'>
time0 = <Arrow [2017-11-21T16:04:00.780622-07:00]> : <class 'arrow.arrow.Arrow'>
==================================================
time2 = arrow.get(val5)                                                 # STEP 32
ACTION: time2 = arrow.get(val5) 
val5 = 1 : <type 'int'>
time2 = <Arrow [2017-11-21T16:04:00.782875-07:00]> : <class 'arrow.arrow.Arrow'>
=> time2 = <Arrow [1970-01-01T00:00:01+00:00]> : <class 'arrow.arrow.Arrow'>
==================================================
time2.shift(months=val5)                                                # STEP 33
ACTION: time2.shift(months=val5) 
val5 = 1 : <type 'int'>
time2 = <Arrow [1970-01-01T00:00:01+00:00]> : <class 'arrow.arrow.Arrow'>
==================================================
time0.timestamp                                                         # STEP 34
ACTION: time0.timestamp 
time0 = <Arrow [2017-11-21T16:04:00.780622-07:00]> : <class 'arrow.arrow.Arrow'>
==================================================
time6.shift(years=val8)                                                 # STEP 35
ACTION: time6.shift(years=val8) 
val8 = -1 : <type 'int'>
time6 = <Arrow [2017-11-21T15:04:00.788224-08:00]> : <class 'arrow.arrow.Arrow'>
==================================================
time5 = time2.replace(year=val5)                                        # STEP 36
ACTION: time5 = time2.replace(year=val5) 
val5 = 1 : <type 'int'>
time2 = <Arrow [1970-01-01T00:00:01+00:00]> : <class 'arrow.arrow.Arrow'>
time5 = <Arrow [2017-11-22T01:04:00.780622+02:00]> : <class 'arrow.arrow.Arrow'>
=> time5 = <Arrow [0001-01-01T00:00:01+00:00]> : <class 'arrow.arrow.Arrow'>
==================================================
time3 = time5.replace(minutes=val8)                                     # STEP 37
ACTION: time3 = time5.replace(minutes=val8) 
val8 = -1 : <type 'int'>
time5 = <Arrow [0001-01-01T00:00:01+00:00]> : <class 'arrow.arrow.Arrow'>
time3 = <Arrow [2017-11-21T16:04:00.782875-07:00]> : <class 'arrow.arrow.Arrow'>
RAISED EXCEPTION: <type 'exceptions.OverflowError'> date value out of range
ERROR: (<type 'exceptions.OverflowError'>, OverflowError('date value out of range',), <traceback object at 0x108e56e60>)
TRACEBACK:
  File "/Users/alex/tstl/examples/arrow/sut.py", line 405705, in safely
    act[2]()
  File "/Users/alex/tstl/examples/arrow/sut.py", line 206371, in act4613
    self.p_time[3] = self.p_time[5].replace(minutes=self.p_val[8])
  File "/Library/Frameworks/Python.framework/Versions/2.7/lib/python2.7/site-packages/arrow/arrow.py", line 429, in replace
    current += relativedelta(**relative_kwargs) # TODO: DEPRECATED
  File "/Library/Frameworks/Python.framework/Versions/2.7/lib/python2.7/site-packages/dateutil/relativedelta.py", line 391, in __radd__
    return self.__add__(other)
  File "/Library/Frameworks/Python.framework/Versions/2.7/lib/python2.7/site-packages/dateutil/relativedelta.py", line 378, in __add__
    microseconds=self.microseconds))
FAILURE IS NEW, STORING; NOW 2 DISTINCT FAILURES
UNCAUGHT EXCEPTION
ERROR: (<type 'exceptions.ValueError'>, ValueError('year is out of range',), <traceback object at 0x10a85ad40>)
TRACEBACK:
  File "/Users/alex/tstl/examples/arrow/sut.py", line 405705, in safely
    act[2]()
  File "/Users/alex/tstl/examples/arrow/sut.py", line 307346, in act6850
    self.p_time[9].shift(years=self.p_val[5])
  File "/Library/Frameworks/Python.framework/Versions/2.7/lib/python2.7/site-packages/arrow/arrow.py", line 467, in shift
    current = self._datetime + relativedelta(**relative_kwargs)
  File "/Library/Frameworks/Python.framework/Versions/2.7/lib/python2.7/site-packages/dateutil/relativedelta.py", line 391, in __radd__
    return self.__add__(other)
  File "/Library/Frameworks/Python.framework/Versions/2.7/lib/python2.7/site-packages/dateutil/relativedelta.py", line 363, in __add__
    day = min(calendar.monthrange(year, month)[1],
  File "/Library/Frameworks/Python.framework/Versions/2.7/lib/python2.7/calendar.py", line 121, in monthrange
    day1 = weekday(year, month, 1)
  File "/Library/Frameworks/Python.framework/Versions/2.7/lib/python2.7/calendar.py", line 113, in weekday
    return datetime.date(year, month, day).weekday()
Original test has 94 steps

SAVING TEST AS failure.13925.test.2
FINAL VERSION OF TEST, WITH LOGGED REPLAY:
time1 = arrow.now()                                                      # STEP 0
ACTION: time1 = arrow.now() 
time1 = None : <type 'NoneType'>
=> time1 = <Arrow [2017-11-21T15:04:23.950256-08:00]> : <class 'arrow.arrow.Arrow'>
==================================================
zone4 = 'Turkey'                                                         # STEP 1
ACTION: zone4 = 'Turkey'  
zone4 = None : <type 'NoneType'>
=> zone4 = 'Turkey' : <type 'str'>
==================================================
time9 = time1.replace(tzinfo=zone4)                                      # STEP 2
ACTION: time9 = time1.replace(tzinfo=zone4) 
zone4 = 'Turkey' : <type 'str'>
time1 = <Arrow [2017-11-21T15:04:23.950256-08:00]> : <class 'arrow.arrow.Arrow'>
time9 = None : <type 'NoneType'>
=> time9 = <Arrow [2017-11-21T15:04:23.950256+03:00]> : <class 'arrow.arrow.Arrow'>
==================================================
time7 = time1.to(zone4)                                                  # STEP 3
ACTION: time7 = time1.to(zone4) 
zone4 = 'Turkey' : <type 'str'>
time1 = <Arrow [2017-11-21T15:04:23.950256-08:00]> : <class 'arrow.arrow.Arrow'>
time7 = None : <type 'NoneType'>
=> time7 = <Arrow [2017-11-22T02:04:23.950256+03:00]> : <class 'arrow.arrow.Arrow'>
==================================================
time5 = arrow.now(zone4)                                                 # STEP 4
ACTION: time5 = arrow.now(zone4) 
zone4 = 'Turkey' : <type 'str'>
time5 = None : <type 'NoneType'>
=> time5 = <Arrow [2017-11-22T02:04:23.954287+03:00]> : <class 'arrow.arrow.Arrow'>
==================================================
zone4 = 'Turkey'                                                         # STEP 5
ACTION: zone4 = 'Turkey'  
zone4 = 'Turkey' : <type 'str'>
==================================================
time2 = time5.replace(tzinfo=zone4)                                      # STEP 6
ACTION: time2 = time5.replace(tzinfo=zone4) 
zone4 = 'Turkey' : <type 'str'>
time5 = <Arrow [2017-11-22T02:04:23.954287+03:00]> : <class 'arrow.arrow.Arrow'>
time2 = None : <type 'NoneType'>
=> time2 = <Arrow [2017-11-22T02:04:23.954287+03:00]> : <class 'arrow.arrow.Arrow'>
==================================================
time1.format()                                                           # STEP 7
ACTION: time1.format() 
time1 = <Arrow [2017-11-21T15:04:23.950256-08:00]> : <class 'arrow.arrow.Arrow'>
==================================================
time6 = time2.replace(tzinfo=zone4)                                      # STEP 8
ACTION: time6 = time2.replace(tzinfo=zone4) 
zone4 = 'Turkey' : <type 'str'>
time2 = <Arrow [2017-11-22T02:04:23.954287+03:00]> : <class 'arrow.arrow.Arrow'>
time6 = None : <type 'NoneType'>
=> time6 = <Arrow [2017-11-22T02:04:23.954287+03:00]> : <class 'arrow.arrow.Arrow'>
==================================================
time1 = time2.to(zone4)                                                  # STEP 9
ACTION: time1 = time2.to(zone4) 
zone4 = 'Turkey' : <type 'str'>
time2 = <Arrow [2017-11-22T02:04:23.954287+03:00]> : <class 'arrow.arrow.Arrow'>
time1 = <Arrow [2017-11-21T15:04:23.950256-08:00]> : <class 'arrow.arrow.Arrow'>
=> time1 = <Arrow [2017-11-22T02:04:23.954287+03:00]> : <class 'arrow.arrow.Arrow'>
==================================================
time5 = time1.replace(tzinfo=zone4)                                     # STEP 10
ACTION: time5 = time1.replace(tzinfo=zone4) 
zone4 = 'Turkey' : <type 'str'>
time1 = <Arrow [2017-11-22T02:04:23.954287+03:00]> : <class 'arrow.arrow.Arrow'>
time5 = <Arrow [2017-11-22T02:04:23.954287+03:00]> : <class 'arrow.arrow.Arrow'>
==================================================
time9.format()                                                          # STEP 11
ACTION: time9.format() 
time9 = <Arrow [2017-11-21T15:04:23.950256+03:00]> : <class 'arrow.arrow.Arrow'>
==================================================
time0 = time9.replace(tzinfo=zone4)                                     # STEP 12
ACTION: time0 = time9.replace(tzinfo=zone4) 
zone4 = 'Turkey' : <type 'str'>
time9 = <Arrow [2017-11-21T15:04:23.950256+03:00]> : <class 'arrow.arrow.Arrow'>
time0 = None : <type 'NoneType'>
=> time0 = <Arrow [2017-11-21T15:04:23.950256+03:00]> : <class 'arrow.arrow.Arrow'>
==================================================
time1 = arrow.now(zone4)                                                # STEP 13
ACTION: time1 = arrow.now(zone4) 
zone4 = 'Turkey' : <type 'str'>
time1 = <Arrow [2017-11-22T02:04:23.954287+03:00]> : <class 'arrow.arrow.Arrow'>
=> time1 = <Arrow [2017-11-22T02:04:23.965422+03:00]> : <class 'arrow.arrow.Arrow'>
==================================================
zone3 = 'US/Eastern'                                                    # STEP 14
ACTION: zone3 = 'US/Eastern'  
zone3 = None : <type 'NoneType'>
=> zone3 = 'US/Eastern' : <type 'str'>
==================================================
time9 = time6.replace(tzinfo=zone4)                                     # STEP 15
ACTION: time9 = time6.replace(tzinfo=zone4) 
zone4 = 'Turkey' : <type 'str'>
time6 = <Arrow [2017-11-22T02:04:23.954287+03:00]> : <class 'arrow.arrow.Arrow'>
time9 = <Arrow [2017-11-21T15:04:23.950256+03:00]> : <class 'arrow.arrow.Arrow'>
=> time9 = <Arrow [2017-11-22T02:04:23.954287+03:00]> : <class 'arrow.arrow.Arrow'>
==================================================
time4 = arrow.now(zone4)                                                # STEP 16
ACTION: time4 = arrow.now(zone4) 
zone4 = 'Turkey' : <type 'str'>
time4 = None : <type 'NoneType'>
=> time4 = <Arrow [2017-11-22T02:04:23.968975+03:00]> : <class 'arrow.arrow.Arrow'>
==================================================
time7.format()                                                          # STEP 17
ACTION: time7.format() 
time7 = <Arrow [2017-11-22T02:04:23.950256+03:00]> : <class 'arrow.arrow.Arrow'>
==================================================
zone2 = 'Turkey'                                                        # STEP 18
ACTION: zone2 = 'Turkey'  
zone2 = None : <type 'NoneType'>
=> zone2 = 'Turkey' : <type 'str'>
==================================================
zone4 = 'Australia/Brisbane'                                            # STEP 19
ACTION: zone4 = 'Australia/Brisbane'  
zone4 = 'Turkey' : <type 'str'>
=> zone4 = 'Australia/Brisbane' : <type 'str'>
==================================================
zone0 = 'Africa/Cairo'                                                  # STEP 20
ACTION: zone0 = 'Africa/Cairo'  
zone0 = None : <type 'NoneType'>
=> zone0 = 'Africa/Cairo' : <type 'str'>
==================================================
time8 = time0.to(zone2)                                                 # STEP 21
ACTION: time8 = time0.to(zone2) 
zone2 = 'Turkey' : <type 'str'>
time0 = <Arrow [2017-11-21T15:04:23.950256+03:00]> : <class 'arrow.arrow.Arrow'>
time8 = None : <type 'NoneType'>
=> time8 = <Arrow [2017-11-21T15:04:23.950256+03:00]> : <class 'arrow.arrow.Arrow'>
==================================================
time3 = arrow.now(zone2)                                                # STEP 22
ACTION: time3 = arrow.now(zone2) 
zone2 = 'Turkey' : <type 'str'>
time3 = None : <type 'NoneType'>
=> time3 = <Arrow [2017-11-22T02:04:23.973778+03:00]> : <class 'arrow.arrow.Arrow'>
==================================================
zone1 = 'Turkey'                                                        # STEP 23
ACTION: zone1 = 'Turkey'  
zone1 = None : <type 'NoneType'>
=> zone1 = 'Turkey' : <type 'str'>
==================================================
time2 = arrow.now(zone4)                                                # STEP 24
ACTION: time2 = arrow.now(zone4) 
zone4 = 'Australia/Brisbane' : <type 'str'>
time2 = <Arrow [2017-11-22T02:04:23.954287+03:00]> : <class 'arrow.arrow.Arrow'>
=> time2 = <Arrow [2017-11-22T09:04:23.975233+10:00]> : <class 'arrow.arrow.Arrow'>
==================================================
zone4 = 'Turkey'                                                        # STEP 25
ACTION: zone4 = 'Turkey'  
zone4 = 'Australia/Brisbane' : <type 'str'>
=> zone4 = 'Turkey' : <type 'str'>
==================================================
time0 = arrow.now(zone1)                                                # STEP 26
ACTION: time0 = arrow.now(zone1) 
zone1 = 'Turkey' : <type 'str'>
time0 = <Arrow [2017-11-21T15:04:23.950256+03:00]> : <class 'arrow.arrow.Arrow'>
=> time0 = <Arrow [2017-11-22T02:04:23.976908+03:00]> : <class 'arrow.arrow.Arrow'>
==================================================
time7 = time0.replace(tzinfo=zone4)                                     # STEP 27
ACTION: time7 = time0.replace(tzinfo=zone4) 
zone4 = 'Turkey' : <type 'str'>
time0 = <Arrow [2017-11-22T02:04:23.976908+03:00]> : <class 'arrow.arrow.Arrow'>
time7 = <Arrow [2017-11-22T02:04:23.950256+03:00]> : <class 'arrow.arrow.Arrow'>
=> time7 = <Arrow [2017-11-22T02:04:23.976908+03:00]> : <class 'arrow.arrow.Arrow'>
==================================================
zone1 = 'US/Alaska'                                                     # STEP 28
ACTION: zone1 = 'US/Alaska'  
zone1 = 'Turkey' : <type 'str'>
=> zone1 = 'US/Alaska' : <type 'str'>
==================================================
time0 = time8.to(zone1)                                                 # STEP 29
ACTION: time0 = time8.to(zone1) 
zone1 = 'US/Alaska' : <type 'str'>
time8 = <Arrow [2017-11-21T15:04:23.950256+03:00]> : <class 'arrow.arrow.Arrow'>
time0 = <Arrow [2017-11-22T02:04:23.976908+03:00]> : <class 'arrow.arrow.Arrow'>
=> time0 = <Arrow [2017-11-21T03:04:23.950256-09:00]> : <class 'arrow.arrow.Arrow'>
==================================================
time8 = time1.to(zone3)                                                 # STEP 30
ACTION: time8 = time1.to(zone3) 
zone3 = 'US/Eastern' : <type 'str'>
time1 = <Arrow [2017-11-22T02:04:23.965422+03:00]> : <class 'arrow.arrow.Arrow'>
time8 = <Arrow [2017-11-21T15:04:23.950256+03:00]> : <class 'arrow.arrow.Arrow'>
=> time8 = <Arrow [2017-11-21T18:04:23.965422-05:00]> : <class 'arrow.arrow.Arrow'>
==================================================
time6 = arrow.now(zone1)                                                # STEP 31
ACTION: time6 = arrow.now(zone1) 
zone1 = 'US/Alaska' : <type 'str'>
time6 = <Arrow [2017-11-22T02:04:23.954287+03:00]> : <class 'arrow.arrow.Arrow'>
=> time6 = <Arrow [2017-11-21T14:04:23.982563-09:00]> : <class 'arrow.arrow.Arrow'>
==================================================
time1 = time2.to(zone4)                                                 # STEP 32
ACTION: time1 = time2.to(zone4) 
zone4 = 'Turkey' : <type 'str'>
time2 = <Arrow [2017-11-22T09:04:23.975233+10:00]> : <class 'arrow.arrow.Arrow'>
time1 = <Arrow [2017-11-22T02:04:23.965422+03:00]> : <class 'arrow.arrow.Arrow'>
=> time1 = <Arrow [2017-11-22T02:04:23.975233+03:00]> : <class 'arrow.arrow.Arrow'>
==================================================
zone1 = 'US/Arizona'                                                    # STEP 33
ACTION: zone1 = 'US/Arizona'  
zone1 = 'US/Alaska' : <type 'str'>
=> zone1 = 'US/Arizona' : <type 'str'>
==================================================
time2 = arrow.now(zone0)                                                # STEP 34
ACTION: time2 = arrow.now(zone0) 
zone0 = 'Africa/Cairo' : <type 'str'>
time2 = <Arrow [2017-11-22T09:04:23.975233+10:00]> : <class 'arrow.arrow.Arrow'>
=> time2 = <Arrow [2017-11-22T01:04:23.985388+02:00]> : <class 'arrow.arrow.Arrow'>
==================================================
zone4 = 'Asia/Samarkand'                                                # STEP 35
ACTION: zone4 = 'Asia/Samarkand'  
zone4 = 'Turkey' : <type 'str'>
=> zone4 = 'Asia/Samarkand' : <type 'str'>
==================================================
zone0 = 'Asia/Samarkand'                                                # STEP 36
ACTION: zone0 = 'Asia/Samarkand'  
zone0 = 'Africa/Cairo' : <type 'str'>
=> zone0 = 'Asia/Samarkand' : <type 'str'>
==================================================
zone2 = 'Asia/Samarkand'                                                # STEP 37
ACTION: zone2 = 'Asia/Samarkand'  
zone2 = 'Turkey' : <type 'str'>
=> zone2 = 'Asia/Samarkand' : <type 'str'>
==================================================
zone3 = 'US/Arizona'                                                    # STEP 38
ACTION: zone3 = 'US/Arizona'  
zone3 = 'US/Eastern' : <type 'str'>
=> zone3 = 'US/Arizona' : <type 'str'>
==================================================
time2.format()                                                          # STEP 39
ACTION: time2.format() 
time2 = <Arrow [2017-11-22T01:04:23.985388+02:00]> : <class 'arrow.arrow.Arrow'>
==================================================
time2 = arrow.now(zone1)                                                # STEP 40
ACTION: time2 = arrow.now(zone1) 
zone1 = 'US/Arizona' : <type 'str'>
time2 = <Arrow [2017-11-22T01:04:23.985388+02:00]> : <class 'arrow.arrow.Arrow'>
=> time2 = <Arrow [2017-11-21T16:04:23.988919-07:00]> : <class 'arrow.arrow.Arrow'>
==================================================
val5 = 0                                                                # STEP 41
ACTION: val5 = 0 
val5 = None : <type 'NoneType'>
=> val5 = 0 : <type 'int'>
==================================================
zone1 = 'Poland'                                                        # STEP 42
ACTION: zone1 = 'Poland'  
zone1 = 'US/Arizona' : <type 'str'>
=> zone1 = 'Poland' : <type 'str'>
==================================================
time5.shift(minutes=val5)                                               # STEP 43
ACTION: time5.shift(minutes=val5) 
val5 = 0 : <type 'int'>
time5 = <Arrow [2017-11-22T02:04:23.954287+03:00]> : <class 'arrow.arrow.Arrow'>
==================================================
time7.shift(seconds=val5)                                               # STEP 44
ACTION: time7.shift(seconds=val5) 
val5 = 0 : <type 'int'>
time7 = <Arrow [2017-11-22T02:04:23.976908+03:00]> : <class 'arrow.arrow.Arrow'>
==================================================
time5 = arrow.now(zone1)                                                # STEP 45
ACTION: time5 = arrow.now(zone1) 
zone1 = 'Poland' : <type 'str'>
time5 = <Arrow [2017-11-22T02:04:23.954287+03:00]> : <class 'arrow.arrow.Arrow'>
=> time5 = <Arrow [2017-11-22T00:04:23.992464+01:00]> : <class 'arrow.arrow.Arrow'>
==================================================
time0.shift(weeks=val5)                                                 # STEP 46
ACTION: time0.shift(weeks=val5) 
val5 = 0 : <type 'int'>
time0 = <Arrow [2017-11-21T03:04:23.950256-09:00]> : <class 'arrow.arrow.Arrow'>
==================================================
time0 = time6.replace(tzinfo=zone0)                                     # STEP 47
ACTION: time0 = time6.replace(tzinfo=zone0) 
zone0 = 'Asia/Samarkand' : <type 'str'>
time6 = <Arrow [2017-11-21T14:04:23.982563-09:00]> : <class 'arrow.arrow.Arrow'>
time0 = <Arrow [2017-11-21T03:04:23.950256-09:00]> : <class 'arrow.arrow.Arrow'>
=> time0 = <Arrow [2017-11-21T14:04:23.982563+05:00]> : <class 'arrow.arrow.Arrow'>
==================================================
time6 = time7.to(zone1)                                                 # STEP 48
ACTION: time6 = time7.to(zone1) 
zone1 = 'Poland' : <type 'str'>
time7 = <Arrow [2017-11-22T02:04:23.976908+03:00]> : <class 'arrow.arrow.Arrow'>
time6 = <Arrow [2017-11-21T14:04:23.982563-09:00]> : <class 'arrow.arrow.Arrow'>
=> time6 = <Arrow [2017-11-22T00:04:23.976908+01:00]> : <class 'arrow.arrow.Arrow'>
==================================================
time7 = time2.replace(tzinfo=zone4)                                     # STEP 49
ACTION: time7 = time2.replace(tzinfo=zone4) 
zone4 = 'Asia/Samarkand' : <type 'str'>
time2 = <Arrow [2017-11-21T16:04:23.988919-07:00]> : <class 'arrow.arrow.Arrow'>
time7 = <Arrow [2017-11-22T02:04:23.976908+03:00]> : <class 'arrow.arrow.Arrow'>
=> time7 = <Arrow [2017-11-21T16:04:23.988919+05:00]> : <class 'arrow.arrow.Arrow'>
==================================================
zone4 = 'US/Pacific'                                                    # STEP 50
ACTION: zone4 = 'US/Pacific'  
zone4 = 'Asia/Samarkand' : <type 'str'>
=> zone4 = 'US/Pacific' : <type 'str'>
==================================================
time9.shift(minutes=val5)                                               # STEP 51
ACTION: time9.shift(minutes=val5) 
val5 = 0 : <type 'int'>
time9 = <Arrow [2017-11-22T02:04:23.954287+03:00]> : <class 'arrow.arrow.Arrow'>
==================================================
time4.shift(hours=val5)                                                 # STEP 52
ACTION: time4.shift(hours=val5) 
val5 = 0 : <type 'int'>
time4 = <Arrow [2017-11-22T02:04:23.968975+03:00]> : <class 'arrow.arrow.Arrow'>
==================================================
time9 = time5.replace(tzinfo=zone2)                                     # STEP 53
ACTION: time9 = time5.replace(tzinfo=zone2) 
zone2 = 'Asia/Samarkand' : <type 'str'>
time5 = <Arrow [2017-11-22T00:04:23.992464+01:00]> : <class 'arrow.arrow.Arrow'>
time9 = <Arrow [2017-11-22T02:04:23.954287+03:00]> : <class 'arrow.arrow.Arrow'>
=> time9 = <Arrow [2017-11-22T00:04:23.992464+05:00]> : <class 'arrow.arrow.Arrow'>
==================================================
time9.shift(hours=val5)                                                 # STEP 54
ACTION: time9.shift(hours=val5) 
val5 = 0 : <type 'int'>
time9 = <Arrow [2017-11-22T00:04:23.992464+05:00]> : <class 'arrow.arrow.Arrow'>
==================================================
time5 = arrow.now()                                                     # STEP 55
ACTION: time5 = arrow.now() 
time5 = <Arrow [2017-11-22T00:04:23.992464+01:00]> : <class 'arrow.arrow.Arrow'>
=> time5 = <Arrow [2017-11-21T15:04:24.000733-08:00]> : <class 'arrow.arrow.Arrow'>
==================================================
val5 += 1                                                               # STEP 56
ACTION: val5 += 1 
val5 = 0 : <type 'int'>
=> val5 = 1 : <type 'int'>
==================================================
locale3 =  u'de'                                                        # STEP 57
ACTION: locale3 =  u'de' 
locale3 = None : <type 'NoneType'>
=> locale3 = u'de' : <type 'unicode'>
==================================================
time4 = time3.replace(tzinfo=zone3)                                     # STEP 58
ACTION: time4 = time3.replace(tzinfo=zone3) 
zone3 = 'US/Arizona' : <type 'str'>
time3 = <Arrow [2017-11-22T02:04:23.973778+03:00]> : <class 'arrow.arrow.Arrow'>
time4 = <Arrow [2017-11-22T02:04:23.968975+03:00]> : <class 'arrow.arrow.Arrow'>
=> time4 = <Arrow [2017-11-22T02:04:23.973778-07:00]> : <class 'arrow.arrow.Arrow'>
==================================================
zone2 = 'US/Pacific'                                                    # STEP 59
ACTION: zone2 = 'US/Pacific'  
zone2 = 'Asia/Samarkand' : <type 'str'>
=> zone2 = 'US/Pacific' : <type 'str'>
==================================================
time9 = time0.replace(minutes=val5)                                     # STEP 60
ACTION: time9 = time0.replace(minutes=val5) 
val5 = 1 : <type 'int'>
time0 = <Arrow [2017-11-21T14:04:23.982563+05:00]> : <class 'arrow.arrow.Arrow'>
time9 = <Arrow [2017-11-22T00:04:23.992464+05:00]> : <class 'arrow.arrow.Arrow'>
=> time9 = <Arrow [2017-11-21T14:05:23.982563+05:00]> : <class 'arrow.arrow.Arrow'>
==================================================
time4.shift(months=val5)                                                # STEP 61
ACTION: time4.shift(months=val5) 
val5 = 1 : <type 'int'>
time4 = <Arrow [2017-11-22T02:04:23.973778-07:00]> : <class 'arrow.arrow.Arrow'>
==================================================
time0 = time2.replace(tzinfo=zone0)                                     # STEP 62
ACTION: time0 = time2.replace(tzinfo=zone0) 
zone0 = 'Asia/Samarkand' : <type 'str'>
time2 = <Arrow [2017-11-21T16:04:23.988919-07:00]> : <class 'arrow.arrow.Arrow'>
time0 = <Arrow [2017-11-21T14:04:23.982563+05:00]> : <class 'arrow.arrow.Arrow'>
=> time0 = <Arrow [2017-11-21T16:04:23.988919+05:00]> : <class 'arrow.arrow.Arrow'>
==================================================
time3 = time9.replace(tzinfo=zone2)                                     # STEP 63
ACTION: time3 = time9.replace(tzinfo=zone2) 
zone2 = 'US/Pacific' : <type 'str'>
time9 = <Arrow [2017-11-21T14:05:23.982563+05:00]> : <class 'arrow.arrow.Arrow'>
time3 = <Arrow [2017-11-22T02:04:23.973778+03:00]> : <class 'arrow.arrow.Arrow'>
=> time3 = <Arrow [2017-11-21T14:05:23.982563-08:00]> : <class 'arrow.arrow.Arrow'>
==================================================
time2 = arrow.get(val5)                                                 # STEP 64
ACTION: time2 = arrow.get(val5) 
val5 = 1 : <type 'int'>
time2 = <Arrow [2017-11-21T16:04:23.988919-07:00]> : <class 'arrow.arrow.Arrow'>
=> time2 = <Arrow [1970-01-01T00:00:01+00:00]> : <class 'arrow.arrow.Arrow'>
==================================================
time9 = time2.replace(year=val5)                                        # STEP 65
ACTION: time9 = time2.replace(year=val5) 
val5 = 1 : <type 'int'>
time2 = <Arrow [1970-01-01T00:00:01+00:00]> : <class 'arrow.arrow.Arrow'>
time9 = <Arrow [2017-11-21T14:05:23.982563+05:00]> : <class 'arrow.arrow.Arrow'>
=> time9 = <Arrow [0001-01-01T00:00:01+00:00]> : <class 'arrow.arrow.Arrow'>
==================================================
time1.shift(months=val5)                                                # STEP 66
ACTION: time1.shift(months=val5) 
val5 = 1 : <type 'int'>
time1 = <Arrow [2017-11-22T02:04:23.975233+03:00]> : <class 'arrow.arrow.Arrow'>
==================================================
time6.shift(minutes=val5)                                               # STEP 67
ACTION: time6.shift(minutes=val5) 
val5 = 1 : <type 'int'>
time6 = <Arrow [2017-11-22T00:04:23.976908+01:00]> : <class 'arrow.arrow.Arrow'>
==================================================
time2 = time5.replace(month=val5)                                       # STEP 68
ACTION: time2 = time5.replace(month=val5) 
val5 = 1 : <type 'int'>
time5 = <Arrow [2017-11-21T15:04:24.000733-08:00]> : <class 'arrow.arrow.Arrow'>
time2 = <Arrow [1970-01-01T00:00:01+00:00]> : <class 'arrow.arrow.Arrow'>
=> time2 = <Arrow [2017-01-21T15:04:24.000733-08:00]> : <class 'arrow.arrow.Arrow'>
==================================================
time1 = time0.replace(minutes=val5)                                     # STEP 69
ACTION: time1 = time0.replace(minutes=val5) 
val5 = 1 : <type 'int'>
time0 = <Arrow [2017-11-21T16:04:23.988919+05:00]> : <class 'arrow.arrow.Arrow'>
time1 = <Arrow [2017-11-22T02:04:23.975233+03:00]> : <class 'arrow.arrow.Arrow'>
=> time1 = <Arrow [2017-11-21T16:05:23.988919+05:00]> : <class 'arrow.arrow.Arrow'>
==================================================
time5 = time6.replace(seconds=val5)                                     # STEP 70
ACTION: time5 = time6.replace(seconds=val5) 
val5 = 1 : <type 'int'>
time6 = <Arrow [2017-11-22T00:04:23.976908+01:00]> : <class 'arrow.arrow.Arrow'>
time5 = <Arrow [2017-11-21T15:04:24.000733-08:00]> : <class 'arrow.arrow.Arrow'>
=> time5 = <Arrow [2017-11-22T00:04:24.976908+01:00]> : <class 'arrow.arrow.Arrow'>
==================================================
time6 = time2.replace(hours=val5)                                       # STEP 71
ACTION: time6 = time2.replace(hours=val5) 
val5 = 1 : <type 'int'>
time2 = <Arrow [2017-01-21T15:04:24.000733-08:00]> : <class 'arrow.arrow.Arrow'>
time6 = <Arrow [2017-11-22T00:04:23.976908+01:00]> : <class 'arrow.arrow.Arrow'>
=> time6 = <Arrow [2017-01-21T16:04:24.000733-08:00]> : <class 'arrow.arrow.Arrow'>
==================================================
zone1 = 'Africa/Cairo'                                                  # STEP 72
ACTION: zone1 = 'Africa/Cairo'  
zone1 = 'Poland' : <type 'str'>
=> zone1 = 'Africa/Cairo' : <type 'str'>
==================================================
time2 = time9.replace(year=val5)                                        # STEP 73
ACTION: time2 = time9.replace(year=val5) 
val5 = 1 : <type 'int'>
time9 = <Arrow [0001-01-01T00:00:01+00:00]> : <class 'arrow.arrow.Arrow'>
time2 = <Arrow [2017-01-21T15:04:24.000733-08:00]> : <class 'arrow.arrow.Arrow'>
=> time2 = <Arrow [0001-01-01T00:00:01+00:00]> : <class 'arrow.arrow.Arrow'>
==================================================
zone2 = 'Singapore'                                                     # STEP 74
ACTION: zone2 = 'Singapore'  
zone2 = 'US/Pacific' : <type 'str'>
=> zone2 = 'Singapore' : <type 'str'>
==================================================
zone3 = 'Singapore'                                                     # STEP 75
ACTION: zone3 = 'Singapore'  
zone3 = 'US/Arizona' : <type 'str'>
=> zone3 = 'Singapore' : <type 'str'>
==================================================
zone0 = 'Australia/Brisbane'                                            # STEP 76
ACTION: zone0 = 'Australia/Brisbane'  
zone0 = 'Asia/Samarkand' : <type 'str'>
=> zone0 = 'Australia/Brisbane' : <type 'str'>
==================================================
time8.shift(hours=val5)                                                 # STEP 77
ACTION: time8.shift(hours=val5) 
val5 = 1 : <type 'int'>
time8 = <Arrow [2017-11-21T18:04:23.965422-05:00]> : <class 'arrow.arrow.Arrow'>
==================================================
time2.shift(seconds=val5)                                               # STEP 78
ACTION: time2.shift(seconds=val5) 
val5 = 1 : <type 'int'>
time2 = <Arrow [0001-01-01T00:00:01+00:00]> : <class 'arrow.arrow.Arrow'>
==================================================
time4 = time1.replace(month=val5)                                       # STEP 79
ACTION: time4 = time1.replace(month=val5) 
val5 = 1 : <type 'int'>
time1 = <Arrow [2017-11-21T16:05:23.988919+05:00]> : <class 'arrow.arrow.Arrow'>
time4 = <Arrow [2017-11-22T02:04:23.973778-07:00]> : <class 'arrow.arrow.Arrow'>
=> time4 = <Arrow [2017-01-21T16:05:23.988919+05:00]> : <class 'arrow.arrow.Arrow'>
==================================================
time8 = arrow.now(zone1)                                                # STEP 80
ACTION: time8 = arrow.now(zone1) 
zone1 = 'Africa/Cairo' : <type 'str'>
time8 = <Arrow [2017-11-21T18:04:23.965422-05:00]> : <class 'arrow.arrow.Arrow'>
=> time8 = <Arrow [2017-11-22T01:04:24.018518+02:00]> : <class 'arrow.arrow.Arrow'>
==================================================
time8.shift(hours=val5)                                                 # STEP 81
ACTION: time8.shift(hours=val5) 
val5 = 1 : <type 'int'>
time8 = <Arrow [2017-11-22T01:04:24.018518+02:00]> : <class 'arrow.arrow.Arrow'>
==================================================
time2 = arrow.now(zone0)                                                # STEP 82
ACTION: time2 = arrow.now(zone0) 
zone0 = 'Australia/Brisbane' : <type 'str'>
time2 = <Arrow [0001-01-01T00:00:01+00:00]> : <class 'arrow.arrow.Arrow'>
=> time2 = <Arrow [2017-11-22T09:04:24.020200+10:00]> : <class 'arrow.arrow.Arrow'>
==================================================
val5 -= 1                                                               # STEP 83
ACTION: val5 -= 1 
val5 = 1 : <type 'int'>
=> val5 = 0 : <type 'int'>
==================================================
zone1 = 'US/Eastern'                                                    # STEP 84
ACTION: zone1 = 'US/Eastern'  
zone1 = 'Africa/Cairo' : <type 'str'>
=> zone1 = 'US/Eastern' : <type 'str'>
==================================================
time8 = time0.replace(minutes=val5)                                     # STEP 85
ACTION: time8 = time0.replace(minutes=val5) 
val5 = 0 : <type 'int'>
time0 = <Arrow [2017-11-21T16:04:23.988919+05:00]> : <class 'arrow.arrow.Arrow'>
time8 = <Arrow [2017-11-22T01:04:24.018518+02:00]> : <class 'arrow.arrow.Arrow'>
=> time8 = <Arrow [2017-11-21T16:04:23.988919+05:00]> : <class 'arrow.arrow.Arrow'>
==================================================
zone0 = 'Europe/Rome'                                                   # STEP 86
ACTION: zone0 = 'Europe/Rome'  
zone0 = 'Australia/Brisbane' : <type 'str'>
=> zone0 = 'Europe/Rome' : <type 'str'>
==================================================
time0 = time3.replace(tzinfo=zone4)                                     # STEP 87
ACTION: time0 = time3.replace(tzinfo=zone4) 
zone4 = 'US/Pacific' : <type 'str'>
time3 = <Arrow [2017-11-21T14:05:23.982563-08:00]> : <class 'arrow.arrow.Arrow'>
time0 = <Arrow [2017-11-21T16:04:23.988919+05:00]> : <class 'arrow.arrow.Arrow'>
=> time0 = <Arrow [2017-11-21T14:05:23.982563-08:00]> : <class 'arrow.arrow.Arrow'>
==================================================
time8.humanize(locale=locale3)                                          # STEP 88
ACTION: time8.humanize(locale=locale3) 
locale3 = u'de' : <type 'unicode'>
time8 = <Arrow [2017-11-21T16:04:23.988919+05:00]> : <class 'arrow.arrow.Arrow'>
==================================================
val5 -= 1                                                               # STEP 89
ACTION: val5 -= 1 
val5 = 0 : <type 'int'>
=> val5 = -1 : <type 'int'>
==================================================
time3 = arrow.now(zone1)                                                # STEP 90
ACTION: time3 = arrow.now(zone1) 
zone1 = 'US/Eastern' : <type 'str'>
time3 = <Arrow [2017-11-21T14:05:23.982563-08:00]> : <class 'arrow.arrow.Arrow'>
=> time3 = <Arrow [2017-11-21T18:04:24.026345-05:00]> : <class 'arrow.arrow.Arrow'>
==================================================
zone1 = 'Turkey'                                                        # STEP 91
ACTION: zone1 = 'Turkey'  
zone1 = 'US/Eastern' : <type 'str'>
=> zone1 = 'Turkey' : <type 'str'>
==================================================
time1 = time6.replace(seconds=val5)                                     # STEP 92
ACTION: time1 = time6.replace(seconds=val5) 
val5 = -1 : <type 'int'>
time6 = <Arrow [2017-01-21T16:04:24.000733-08:00]> : <class 'arrow.arrow.Arrow'>
time1 = <Arrow [2017-11-21T16:05:23.988919+05:00]> : <class 'arrow.arrow.Arrow'>
=> time1 = <Arrow [2017-01-21T16:04:23.000733-08:00]> : <class 'arrow.arrow.Arrow'>
==================================================
time9.shift(years=val5)                                                 # STEP 93
ACTION: time9.shift(years=val5) 
val5 = -1 : <type 'int'>
time9 = <Arrow [0001-01-01T00:00:01+00:00]> : <class 'arrow.arrow.Arrow'>
RAISED EXCEPTION: <type 'exceptions.ValueError'> year is out of range
ERROR: (<type 'exceptions.ValueError'>, ValueError('year is out of range',), <traceback object at 0x10a85add0>)
TRACEBACK:
  File "/Users/alex/tstl/examples/arrow/sut.py", line 405705, in safely
    act[2]()
  File "/Users/alex/tstl/examples/arrow/sut.py", line 307346, in act6850
    self.p_time[9].shift(years=self.p_val[5])
  File "/Library/Frameworks/Python.framework/Versions/2.7/lib/python2.7/site-packages/arrow/arrow.py", line 467, in shift
    current = self._datetime + relativedelta(**relative_kwargs)
  File "/Library/Frameworks/Python.framework/Versions/2.7/lib/python2.7/site-packages/dateutil/relativedelta.py", line 391, in __radd__
    return self.__add__(other)
  File "/Library/Frameworks/Python.framework/Versions/2.7/lib/python2.7/site-packages/dateutil/relativedelta.py", line 363, in __add__
    day = min(calendar.monthrange(year, month)[1],
  File "/Library/Frameworks/Python.framework/Versions/2.7/lib/python2.7/calendar.py", line 121, in monthrange
    day1 = weekday(year, month, 1)
  File "/Library/Frameworks/Python.framework/Versions/2.7/lib/python2.7/calendar.py", line 113, in weekday
    return datetime.date(year, month, day).weekday()
FAILURE IS NEW, STORING; NOW 3 DISTINCT FAILURES
TEST #59 STEP #63 (0:00:30.003598) Tue Nov 21 15:04:26 2017 [ 238 stmts 313 branches ] (no cov+ for 2 tests) 5762 TOTAL ACTIONS (192.043634395/s)
STOPPING TEST DUE TO TIMEOUT, TERMINATED AT LENGTH 61
STOPPING TESTING DUE TO TIMEOUT
20.6161137441 PERCENT COVERED
60.2146840096 TOTAL RUNTIME
120 EXECUTED
11860 TOTAL TEST OPERATIONS
8.39301395416 TIME SPENT EXECUTING TEST OPERATIONS
51.1870875359 TIME SPENT EVALUATING GUARDS AND CHOOSING ACTIONS
0.00826811790466 TIME SPENT CHECKING PROPERTIES
8.40128207207 TOTAL TIME SPENT RUNNING SUT
0.142621278763 TIME SPENT RESTARTING
0.0 TIME SPENT REDUCING TEST CASES
3 FAILED
0 REPEATS OF FAILURES
3 ACTUAL DISTINCT FAILURES

FAILURE 0
zone0 = 'Africa/Cairo'                                                   # STEP 0
zone4 = 'US/Arizona'                                                     # STEP 1
zone3 = 'US/Eastern'                                                     # STEP 2
zone2 = 'Poland'                                                         # STEP 3
zone1 = 'Asia/Samarkand'                                                 # STEP 4
time8 = arrow.now()                                                      # STEP 5
time1 = time8.replace(tzinfo=zone2)                                      # STEP 6
time3 = time8.replace(tzinfo=zone3)                                      # STEP 7
zone3 = 'Turkey'                                                         # STEP 8
time5 = arrow.now(zone2)                                                 # STEP 9
zone2 = 'Europe/Rome'                                                   # STEP 10
val8 = 0                                                                # STEP 11
time2 = time8.replace(minutes=val8)                                     # STEP 12
val8 -= 1                                                               # STEP 13
time4 = arrow.now(zone0)                                                # STEP 14
time1.shift(seconds=val8)                                               # STEP 15
time7 = time5.to(zone4)                                                 # STEP 16
time1.shift(seconds=val8)                                               # STEP 17
val0 = 0                                                                # STEP 18
time5.shift(months=val8)                                                # STEP 19
zone0 = 'US/Mountain'                                                   # STEP 20
time9 = time5.replace(tzinfo=zone0)                                     # STEP 21
time1.shift(hours=val8)                                                 # STEP 22
zone4 = 'US/Eastern'                                                    # STEP 23
val0 += 1                                                               # STEP 24
time8 = time8.replace(minutes=val0)                                     # STEP 25
time5.shift(seconds=val8)                                               # STEP 26
zone0 = 'US/Eastern'                                                    # STEP 27
time0 = time9.replace(minutes=val8)                                     # STEP 28
locale0 =  u'ar'                                                        # STEP 29
time2.humanize(locale=locale0)                                          # STEP 30
time5 = arrow.now(zone0)                                                # STEP 31
time2.shift(weeks=val8)                                                 # STEP 32
time8.shift(minutes=val0)                                               # STEP 33
time5.shift(weeks=val8)                                                 # STEP 34
time1 = arrow.now(zone0)                                                # STEP 35
time0.shift(seconds=val0)                                               # STEP 36
zone0 = 'US/Pacific'                                                    # STEP 37
time2.shift(seconds=val8)                                               # STEP 38
time6 = time9.replace(year=val0)                                        # STEP 39
time8.shift(seconds=val8)                                               # STEP 40
time9.shift(years=val8)                                                 # STEP 41
time5 = time5.replace(tzinfo=zone2)                                     # STEP 42
time9 = arrow.get(val8)                                                 # STEP 43
zone2 = 'Asia/Samarkand'                                                # STEP 44
time2.shift(hours=val0)                                                 # STEP 45
time9.shift(months=val8)                                                # STEP 46
time9 = time3.to(zone0)                                                 # STEP 47
time0.shift(weeks=val8)                                                 # STEP 48
time3 = arrow.now()                                                     # STEP 49
time5.shift(minutes=val0)                                               # STEP 50
zone0 = 'US/Arizona'                                                    # STEP 51
time0 = time7.to(zone0)                                                 # STEP 52
time8 = time6.replace(minutes=val0)                                     # STEP 53
time1.shift(weeks=val8)                                                 # STEP 54
time1 = time0.replace(minutes=val8)                                     # STEP 55
locale2 =  u'el'                                                        # STEP 56
time9.shift(seconds=val0)                                               # STEP 57
time9 = time2.replace(year=val0)                                        # STEP 58
time1.humanize(locale=locale0)                                          # STEP 59
val0 = 0                                                                # STEP 60
time6.shift(minutes=val0)                                               # STEP 61
zone0 = 'US/Pacific'                                                    # STEP 62
time7 = time0.replace(hours=val8)                                       # STEP 63
time1 = time1.to(zone3)                                                 # STEP 64
time5 = time8.to(zone4)                                                 # STEP 65
time9.shift(years=val8)                                                 # STEP 66
ERROR: (<type 'exceptions.ValueError'>, ValueError('year is out of range',), <traceback object at 0x108e0cef0>)
TRACEBACK:
  File "/Users/alex/tstl/examples/arrow/sut.py", line 405705, in safely
    act[2]()
  File "/Users/alex/tstl/examples/arrow/sut.py", line 307463, in act6853
    self.p_time[9].shift(years=self.p_val[8])
  File "/Library/Frameworks/Python.framework/Versions/2.7/lib/python2.7/site-packages/arrow/arrow.py", line 467, in shift
    current = self._datetime + relativedelta(**relative_kwargs)
  File "/Library/Frameworks/Python.framework/Versions/2.7/lib/python2.7/site-packages/dateutil/relativedelta.py", line 391, in __radd__
    return self.__add__(other)
  File "/Library/Frameworks/Python.framework/Versions/2.7/lib/python2.7/site-packages/dateutil/relativedelta.py", line 363, in __add__
    day = min(calendar.monthrange(year, month)[1],
  File "/Library/Frameworks/Python.framework/Versions/2.7/lib/python2.7/calendar.py", line 121, in monthrange
    day1 = weekday(year, month, 1)
  File "/Library/Frameworks/Python.framework/Versions/2.7/lib/python2.7/calendar.py", line 113, in weekday
    return datetime.date(year, month, day).weekday()
FAILURE 1
zone1 = 'US/Arizona'                                                     # STEP 0
zone2 = 'US/Eastern'                                                     # STEP 1
time6 = arrow.now(zone1)                                                 # STEP 2
time2 = time6.to(zone2)                                                  # STEP 3
time3 = arrow.now(zone1)                                                 # STEP 4
zone4 = 'Africa/Cairo'                                                   # STEP 5
zone2 = 'US/Eastern'                                                     # STEP 6
time0 = time2.to(zone1)                                                  # STEP 7
time5 = time0.to(zone4)                                                  # STEP 8
time0 = time2.to(zone1)                                                  # STEP 9
time8 = time3.replace(tzinfo=zone1)                                     # STEP 10
time1 = arrow.now()                                                     # STEP 11
zone1 = 'Australia/Brisbane'                                            # STEP 12
time1.timestamp                                                         # STEP 13
val8 = 0                                                                # STEP 14
time2 = time3.replace(seconds=val8)                                     # STEP 15
time6.shift(seconds=val8)                                               # STEP 16
time6 = time1.replace(seconds=val8)                                     # STEP 17
time4 = arrow.now(zone2)                                                # STEP 18
time5.shift(years=val8)                                                 # STEP 19
val8 -= 1                                                               # STEP 20
time2.timestamp                                                         # STEP 21
zone0 = 'Turkey'                                                        # STEP 22
zone3 = 'Etc/Greenwich'                                                 # STEP 23
val5 = 0                                                                # STEP 24
val5 += 1                                                               # STEP 25
time3.shift(years=val8)                                                 # STEP 26
time3.shift(hours=val5)                                                 # STEP 27
zone2 = 'Australia/Brisbane'                                            # STEP 28
time0.shift(minutes=val8)                                               # STEP 29
zone4 = 'US/Eastern'                                                    # STEP 30
time0.shift(weeks=val8)                                                 # STEP 31
time2 = arrow.get(val5)                                                 # STEP 32
time2.shift(months=val5)                                                # STEP 33
time0.timestamp                                                         # STEP 34
time6.shift(years=val8)                                                 # STEP 35
time5 = time2.replace(year=val5)                                        # STEP 36
time3 = time5.replace(minutes=val8)                                     # STEP 37
ERROR: (<type 'exceptions.OverflowError'>, OverflowError('date value out of range',), <traceback object at 0x108e56e60>)
TRACEBACK:
  File "/Users/alex/tstl/examples/arrow/sut.py", line 405705, in safely
    act[2]()
  File "/Users/alex/tstl/examples/arrow/sut.py", line 206371, in act4613
    self.p_time[3] = self.p_time[5].replace(minutes=self.p_val[8])
  File "/Library/Frameworks/Python.framework/Versions/2.7/lib/python2.7/site-packages/arrow/arrow.py", line 429, in replace
    current += relativedelta(**relative_kwargs) # TODO: DEPRECATED
  File "/Library/Frameworks/Python.framework/Versions/2.7/lib/python2.7/site-packages/dateutil/relativedelta.py", line 391, in __radd__
    return self.__add__(other)
  File "/Library/Frameworks/Python.framework/Versions/2.7/lib/python2.7/site-packages/dateutil/relativedelta.py", line 378, in __add__
    microseconds=self.microseconds))
FAILURE 2
time1 = arrow.now()                                                      # STEP 0
zone4 = 'Turkey'                                                         # STEP 1
time9 = time1.replace(tzinfo=zone4)                                      # STEP 2
time7 = time1.to(zone4)                                                  # STEP 3
time5 = arrow.now(zone4)                                                 # STEP 4
zone4 = 'Turkey'                                                         # STEP 5
time2 = time5.replace(tzinfo=zone4)                                      # STEP 6
time1.format()                                                           # STEP 7
time6 = time2.replace(tzinfo=zone4)                                      # STEP 8
time1 = time2.to(zone4)                                                  # STEP 9
time5 = time1.replace(tzinfo=zone4)                                     # STEP 10
time9.format()                                                          # STEP 11
time0 = time9.replace(tzinfo=zone4)                                     # STEP 12
time1 = arrow.now(zone4)                                                # STEP 13
zone3 = 'US/Eastern'                                                    # STEP 14
time9 = time6.replace(tzinfo=zone4)                                     # STEP 15
time4 = arrow.now(zone4)                                                # STEP 16
time7.format()                                                          # STEP 17
zone2 = 'Turkey'                                                        # STEP 18
zone4 = 'Australia/Brisbane'                                            # STEP 19
zone0 = 'Africa/Cairo'                                                  # STEP 20
time8 = time0.to(zone2)                                                 # STEP 21
time3 = arrow.now(zone2)                                                # STEP 22
zone1 = 'Turkey'                                                        # STEP 23
time2 = arrow.now(zone4)                                                # STEP 24
zone4 = 'Turkey'                                                        # STEP 25
time0 = arrow.now(zone1)                                                # STEP 26
time7 = time0.replace(tzinfo=zone4)                                     # STEP 27
zone1 = 'US/Alaska'                                                     # STEP 28
time0 = time8.to(zone1)                                                 # STEP 29
time8 = time1.to(zone3)                                                 # STEP 30
time6 = arrow.now(zone1)                                                # STEP 31
time1 = time2.to(zone4)                                                 # STEP 32
zone1 = 'US/Arizona'                                                    # STEP 33
time2 = arrow.now(zone0)                                                # STEP 34
zone4 = 'Asia/Samarkand'                                                # STEP 35
zone0 = 'Asia/Samarkand'                                                # STEP 36
zone2 = 'Asia/Samarkand'                                                # STEP 37
zone3 = 'US/Arizona'                                                    # STEP 38
time2.format()                                                          # STEP 39
time2 = arrow.now(zone1)                                                # STEP 40
val5 = 0                                                                # STEP 41
zone1 = 'Poland'                                                        # STEP 42
time5.shift(minutes=val5)                                               # STEP 43
time7.shift(seconds=val5)                                               # STEP 44
time5 = arrow.now(zone1)                                                # STEP 45
time0.shift(weeks=val5)                                                 # STEP 46
time0 = time6.replace(tzinfo=zone0)                                     # STEP 47
time6 = time7.to(zone1)                                                 # STEP 48
time7 = time2.replace(tzinfo=zone4)                                     # STEP 49
zone4 = 'US/Pacific'                                                    # STEP 50
time9.shift(minutes=val5)                                               # STEP 51
time4.shift(hours=val5)                                                 # STEP 52
time9 = time5.replace(tzinfo=zone2)                                     # STEP 53
time9.shift(hours=val5)                                                 # STEP 54
time5 = arrow.now()                                                     # STEP 55
val5 += 1                                                               # STEP 56
locale3 =  u'de'                                                        # STEP 57
time4 = time3.replace(tzinfo=zone3)                                     # STEP 58
zone2 = 'US/Pacific'                                                    # STEP 59
time9 = time0.replace(minutes=val5)                                     # STEP 60
time4.shift(months=val5)                                                # STEP 61
time0 = time2.replace(tzinfo=zone0)                                     # STEP 62
time3 = time9.replace(tzinfo=zone2)                                     # STEP 63
time2 = arrow.get(val5)                                                 # STEP 64
time9 = time2.replace(year=val5)                                        # STEP 65
time1.shift(months=val5)                                                # STEP 66
time6.shift(minutes=val5)                                               # STEP 67
time2 = time5.replace(month=val5)                                       # STEP 68
time1 = time0.replace(minutes=val5)                                     # STEP 69
time5 = time6.replace(seconds=val5)                                     # STEP 70
time6 = time2.replace(hours=val5)                                       # STEP 71
zone1 = 'Africa/Cairo'                                                  # STEP 72
time2 = time9.replace(year=val5)                                        # STEP 73
zone2 = 'Singapore'                                                     # STEP 74
zone3 = 'Singapore'                                                     # STEP 75
zone0 = 'Australia/Brisbane'                                            # STEP 76
time8.shift(hours=val5)                                                 # STEP 77
time2.shift(seconds=val5)                                               # STEP 78
time4 = time1.replace(month=val5)                                       # STEP 79
time8 = arrow.now(zone1)                                                # STEP 80
time8.shift(hours=val5)                                                 # STEP 81
time2 = arrow.now(zone0)                                                # STEP 82
val5 -= 1                                                               # STEP 83
zone1 = 'US/Eastern'                                                    # STEP 84
time8 = time0.replace(minutes=val5)                                     # STEP 85
zone0 = 'Europe/Rome'                                                   # STEP 86
time0 = time3.replace(tzinfo=zone4)                                     # STEP 87
time8.humanize(locale=locale3)                                          # STEP 88
val5 -= 1                                                               # STEP 89
time3 = arrow.now(zone1)                                                # STEP 90
zone1 = 'Turkey'                                                        # STEP 91
time1 = time6.replace(seconds=val5)                                     # STEP 92
time9.shift(years=val5)                                                 # STEP 93
ERROR: (<type 'exceptions.ValueError'>, ValueError('year is out of range',), <traceback object at 0x10a85add0>)
TRACEBACK:
  File "/Users/alex/tstl/examples/arrow/sut.py", line 405705, in safely
    act[2]()
  File "/Users/alex/tstl/examples/arrow/sut.py", line 307346, in act6850
    self.p_time[9].shift(years=self.p_val[5])
  File "/Library/Frameworks/Python.framework/Versions/2.7/lib/python2.7/site-packages/arrow/arrow.py", line 467, in shift
    current = self._datetime + relativedelta(**relative_kwargs)
  File "/Library/Frameworks/Python.framework/Versions/2.7/lib/python2.7/site-packages/dateutil/relativedelta.py", line 391, in __radd__
    return self.__add__(other)
  File "/Library/Frameworks/Python.framework/Versions/2.7/lib/python2.7/site-packages/dateutil/relativedelta.py", line 363, in __add__
    day = min(calendar.monthrange(year, month)[1],
  File "/Library/Frameworks/Python.framework/Versions/2.7/lib/python2.7/calendar.py", line 121, in monthrange
    day1 = weekday(year, month, 1)
  File "/Library/Frameworks/Python.framework/Versions/2.7/lib/python2.7/calendar.py", line 113, in weekday
    return datetime.date(year, month, day).weekday()
317 BRANCHES COVERED
240 STATEMENTS COVERED
