Random testing using config=Config(noExceptionMatch=False, generalize=False, localize=False, speed='FAST', probs='locsample.probs', LOCBaseline=0.2, noAlphaConvert=False, replayable=False, essentials=False, noCoverageExploit=False, quickTests=False, html=None, keepLast=False, stopWhenNoCoverage=None, generateLOC=None, computeFeatureStats=False, Pmutate=0.0, timeout=60, output='failure.14408.test', markov=None, noSwarmDependencies=False, startExploit=0.0, maxMustHitBranch=None, useHints=False, silentFail=False, highLowSwarm=None, maxMustHitStatement=None, progress=False, postCover=False, swarmLength=None, noCover=False, noEnumerateEnabled=False, full=True, swarmP=0.5, coverFile='coverage.out', markovP=1.0, swarmProbs=None, genDepth=None, exploitCeiling=0.1, logging=None, noCheck=False, throughput=False, uncaught=False, swarmSwitch=None, verbose=False, reducePool=False, exploit=None, fastQuickAnalysis=False, total=False, verboseExploit=False, swarm=True, sequenceP=1.0, biasLOC=None, timedProgress=30, relax=False, ddmin=False, stutter=None, readQuick=False, verboseActions=False, quickAnalysis=False, noReassign=False, sequenceSize=3, LOCProbs=False, sequencesFromTests=None, maxTests=-1, trackMaxCoverage=None, useQuickSequences=False, exploitBestHint=1, failedLogging=None, stopWhenStatements=None, greedyStutter=False, seed=None, stopWhenHitStatement=None, uniqueValuesAnalysis=False, normalize=False, startExploitStall=0, enumerateEnabled=False, internal=False, profile=False, multiple=True, stopWhenBranches=None, running=False, compareFails=False, Pcrossover=0.2, stopWhenHitBranch=None, depth=100, showActions=False)
UNCAUGHT EXCEPTION
ERROR: (<type 'exceptions.OverflowError'>, OverflowError('date value out of range',), <traceback object at 0x10a91f368>)
TRACEBACK:
  File "/Users/alex/tstl/examples/arrow/sut.py", line 405705, in safely
    act[2]()
  File "/Users/alex/tstl/examples/arrow/sut.py", line 33565, in act917
    self.p_time[6] = self.p_time[2].to(self.p_zone[2])
  File "/Library/Frameworks/Python.framework/Versions/2.7/lib/python2.7/site-packages/arrow/arrow.py", line 510, in to
    dt = self._datetime.astimezone(tz)
Original test has 94 steps

SAVING TEST AS failure.14408.test.0
FINAL VERSION OF TEST, WITH LOGGED REPLAY:
val9 = 0                                                                 # STEP 0
ACTION: val9 = 0 
val9 = None : <type 'NoneType'>
=> val9 = 0 : <type 'int'>
==================================================
val5 = 0                                                                 # STEP 1
ACTION: val5 = 0 
val5 = None : <type 'NoneType'>
=> val5 = 0 : <type 'int'>
==================================================
time8 = arrow.get(val9)                                                  # STEP 2
ACTION: time8 = arrow.get(val9) 
val9 = 0 : <type 'int'>
time8 = None : <type 'NoneType'>
=> time8 = <Arrow [1970-01-01T00:00:00+00:00]> : <class 'arrow.arrow.Arrow'>
==================================================
time8.shift(minutes=val5)                                                # STEP 3
ACTION: time8.shift(minutes=val5) 
val5 = 0 : <type 'int'>
time8 = <Arrow [1970-01-01T00:00:00+00:00]> : <class 'arrow.arrow.Arrow'>
==================================================
val9 += 1                                                                # STEP 4
ACTION: val9 += 1 
val9 = 0 : <type 'int'>
=> val9 = 1 : <type 'int'>
==================================================
zone2 = 'Europe/Rome'                                                    # STEP 5
ACTION: zone2 = 'Europe/Rome'  
zone2 = None : <type 'NoneType'>
=> zone2 = 'Europe/Rome' : <type 'str'>
==================================================
time8.shift(months=val9)                                                 # STEP 6
ACTION: time8.shift(months=val9) 
val9 = 1 : <type 'int'>
time8 = <Arrow [1970-01-01T00:00:00+00:00]> : <class 'arrow.arrow.Arrow'>
==================================================
time6 = time8.to(zone2)                                                  # STEP 7
ACTION: time6 = time8.to(zone2) 
zone2 = 'Europe/Rome' : <type 'str'>
time8 = <Arrow [1970-01-01T00:00:00+00:00]> : <class 'arrow.arrow.Arrow'>
time6 = None : <type 'NoneType'>
=> time6 = <Arrow [1970-01-01T01:00:00+01:00]> : <class 'arrow.arrow.Arrow'>
==================================================
time7 = time8.replace(year=val9)                                         # STEP 8
ACTION: time7 = time8.replace(year=val9) 
val9 = 1 : <type 'int'>
time8 = <Arrow [1970-01-01T00:00:00+00:00]> : <class 'arrow.arrow.Arrow'>
time7 = None : <type 'NoneType'>
=> time7 = <Arrow [0001-01-01T00:00:00+00:00]> : <class 'arrow.arrow.Arrow'>
==================================================
time7.shift(months=val9)                                                 # STEP 9
ACTION: time7.shift(months=val9) 
val9 = 1 : <type 'int'>
time7 = <Arrow [0001-01-01T00:00:00+00:00]> : <class 'arrow.arrow.Arrow'>
==================================================
time4 = time7.replace(tzinfo=zone2)                                     # STEP 10
ACTION: time4 = time7.replace(tzinfo=zone2) 
zone2 = 'Europe/Rome' : <type 'str'>
time7 = <Arrow [0001-01-01T00:00:00+00:00]> : <class 'arrow.arrow.Arrow'>
time4 = None : <type 'NoneType'>
=> time4 = <Arrow [0001-01-01T00:00:00+01:00]> : <class 'arrow.arrow.Arrow'>
==================================================
val5 -= 1                                                               # STEP 11
ACTION: val5 -= 1 
val5 = 0 : <type 'int'>
=> val5 = -1 : <type 'int'>
==================================================
time9 = time7.replace(year=val9)                                        # STEP 12
ACTION: time9 = time7.replace(year=val9) 
val9 = 1 : <type 'int'>
time7 = <Arrow [0001-01-01T00:00:00+00:00]> : <class 'arrow.arrow.Arrow'>
time9 = None : <type 'NoneType'>
=> time9 = <Arrow [0001-01-01T00:00:00+00:00]> : <class 'arrow.arrow.Arrow'>
==================================================
time1 = time7.to(zone2)                                                 # STEP 13
ACTION: time1 = time7.to(zone2) 
zone2 = 'Europe/Rome' : <type 'str'>
time7 = <Arrow [0001-01-01T00:00:00+00:00]> : <class 'arrow.arrow.Arrow'>
time1 = None : <type 'NoneType'>
=> time1 = <Arrow [0001-01-01T01:00:00+01:00]> : <class 'arrow.arrow.Arrow'>
==================================================
time3 = arrow.now(zone2)                                                # STEP 14
ACTION: time3 = arrow.now(zone2) 
zone2 = 'Europe/Rome' : <type 'str'>
time3 = None : <type 'NoneType'>
=> time3 = <Arrow [2017-11-22T01:15:56.265430+01:00]> : <class 'arrow.arrow.Arrow'>
==================================================
zone1 = 'US/Eastern'                                                    # STEP 15
ACTION: zone1 = 'US/Eastern'  
zone1 = None : <type 'NoneType'>
=> zone1 = 'US/Eastern' : <type 'str'>
==================================================
time5 = time8.to(zone2)                                                 # STEP 16
ACTION: time5 = time8.to(zone2) 
zone2 = 'Europe/Rome' : <type 'str'>
time8 = <Arrow [1970-01-01T00:00:00+00:00]> : <class 'arrow.arrow.Arrow'>
time5 = None : <type 'NoneType'>
=> time5 = <Arrow [1970-01-01T01:00:00+01:00]> : <class 'arrow.arrow.Arrow'>
==================================================
time0 = time6.replace(hours=val5)                                       # STEP 17
ACTION: time0 = time6.replace(hours=val5) 
val5 = -1 : <type 'int'>
time6 = <Arrow [1970-01-01T01:00:00+01:00]> : <class 'arrow.arrow.Arrow'>
time0 = None : <type 'NoneType'>
=> time0 = <Arrow [1970-01-01T00:00:00+01:00]> : <class 'arrow.arrow.Arrow'>
==================================================
time3.format()                                                          # STEP 18
ACTION: time3.format() 
time3 = <Arrow [2017-11-22T01:15:56.265430+01:00]> : <class 'arrow.arrow.Arrow'>
==================================================
time3 = time5.replace(tzinfo=zone2)                                     # STEP 19
ACTION: time3 = time5.replace(tzinfo=zone2) 
zone2 = 'Europe/Rome' : <type 'str'>
time5 = <Arrow [1970-01-01T01:00:00+01:00]> : <class 'arrow.arrow.Arrow'>
time3 = <Arrow [2017-11-22T01:15:56.265430+01:00]> : <class 'arrow.arrow.Arrow'>
=> time3 = <Arrow [1970-01-01T01:00:00+01:00]> : <class 'arrow.arrow.Arrow'>
==================================================
time0.shift(months=val9)                                                # STEP 20
ACTION: time0.shift(months=val9) 
val9 = 1 : <type 'int'>
time0 = <Arrow [1970-01-01T00:00:00+01:00]> : <class 'arrow.arrow.Arrow'>
==================================================
zone0 = 'US/Eastern'                                                    # STEP 21
ACTION: zone0 = 'US/Eastern'  
zone0 = None : <type 'NoneType'>
=> zone0 = 'US/Eastern' : <type 'str'>
==================================================
zone4 = 'Africa/Cairo'                                                  # STEP 22
ACTION: zone4 = 'Africa/Cairo'  
zone4 = None : <type 'NoneType'>
=> zone4 = 'Africa/Cairo' : <type 'str'>
==================================================
time2 = arrow.now(zone0)                                                # STEP 23
ACTION: time2 = arrow.now(zone0) 
zone0 = 'US/Eastern' : <type 'str'>
time2 = None : <type 'NoneType'>
=> time2 = <Arrow [2017-11-21T19:15:56.274055-05:00]> : <class 'arrow.arrow.Arrow'>
==================================================
zone3 = 'Africa/Cairo'                                                  # STEP 24
ACTION: zone3 = 'Africa/Cairo'  
zone3 = None : <type 'NoneType'>
=> zone3 = 'Africa/Cairo' : <type 'str'>
==================================================
val5 -= 1                                                               # STEP 25
ACTION: val5 -= 1 
val5 = -1 : <type 'int'>
=> val5 = -2 : <type 'int'>
==================================================
time6 = time4.replace(year=val9)                                        # STEP 26
ACTION: time6 = time4.replace(year=val9) 
val9 = 1 : <type 'int'>
time4 = <Arrow [0001-01-01T00:00:00+01:00]> : <class 'arrow.arrow.Arrow'>
time6 = <Arrow [1970-01-01T01:00:00+01:00]> : <class 'arrow.arrow.Arrow'>
=> time6 = <Arrow [0001-01-01T00:00:00+01:00]> : <class 'arrow.arrow.Arrow'>
==================================================
time7.shift(months=val9)                                                # STEP 27
ACTION: time7.shift(months=val9) 
val9 = 1 : <type 'int'>
time7 = <Arrow [0001-01-01T00:00:00+00:00]> : <class 'arrow.arrow.Arrow'>
==================================================
val7 = 0                                                                # STEP 28
ACTION: val7 = 0 
val7 = None : <type 'NoneType'>
=> val7 = 0 : <type 'int'>
==================================================
time7 = arrow.now()                                                     # STEP 29
ACTION: time7 = arrow.now() 
time7 = <Arrow [0001-01-01T00:00:00+00:00]> : <class 'arrow.arrow.Arrow'>
=> time7 = <Arrow [2017-11-21T16:15:56.277731-08:00]> : <class 'arrow.arrow.Arrow'>
==================================================
zone0 = 'US/Eastern'                                                    # STEP 30
ACTION: zone0 = 'US/Eastern'  
zone0 = 'US/Eastern' : <type 'str'>
==================================================
val9 -= 1                                                               # STEP 31
ACTION: val9 -= 1 
val9 = 1 : <type 'int'>
=> val9 = 0 : <type 'int'>
==================================================
time5 = arrow.now()                                                     # STEP 32
ACTION: time5 = arrow.now() 
time5 = <Arrow [1970-01-01T01:00:00+01:00]> : <class 'arrow.arrow.Arrow'>
=> time5 = <Arrow [2017-11-21T16:15:56.279672-08:00]> : <class 'arrow.arrow.Arrow'>
==================================================
time4 = arrow.now()                                                     # STEP 33
ACTION: time4 = arrow.now() 
time4 = <Arrow [0001-01-01T00:00:00+01:00]> : <class 'arrow.arrow.Arrow'>
=> time4 = <Arrow [2017-11-21T16:15:56.280930-08:00]> : <class 'arrow.arrow.Arrow'>
==================================================
val2 = 0                                                                # STEP 34
ACTION: val2 = 0 
val2 = None : <type 'NoneType'>
=> val2 = 0 : <type 'int'>
==================================================
time4.shift(minutes=val9)                                               # STEP 35
ACTION: time4.shift(minutes=val9) 
val9 = 0 : <type 'int'>
time4 = <Arrow [2017-11-21T16:15:56.280930-08:00]> : <class 'arrow.arrow.Arrow'>
==================================================
time4 = time2.replace(tzinfo=zone1)                                     # STEP 36
ACTION: time4 = time2.replace(tzinfo=zone1) 
zone1 = 'US/Eastern' : <type 'str'>
time2 = <Arrow [2017-11-21T19:15:56.274055-05:00]> : <class 'arrow.arrow.Arrow'>
time4 = <Arrow [2017-11-21T16:15:56.280930-08:00]> : <class 'arrow.arrow.Arrow'>
=> time4 = <Arrow [2017-11-21T19:15:56.274055-05:00]> : <class 'arrow.arrow.Arrow'>
==================================================
zone1 = 'Etc/Greenwich'                                                 # STEP 37
ACTION: zone1 = 'Etc/Greenwich'  
zone1 = 'US/Eastern' : <type 'str'>
=> zone1 = 'Etc/Greenwich' : <type 'str'>
==================================================
time2 = time8.replace(tzinfo=zone2)                                     # STEP 38
ACTION: time2 = time8.replace(tzinfo=zone2) 
zone2 = 'Europe/Rome' : <type 'str'>
time8 = <Arrow [1970-01-01T00:00:00+00:00]> : <class 'arrow.arrow.Arrow'>
time2 = <Arrow [2017-11-21T19:15:56.274055-05:00]> : <class 'arrow.arrow.Arrow'>
=> time2 = <Arrow [1970-01-01T00:00:00+01:00]> : <class 'arrow.arrow.Arrow'>
==================================================
time0 = arrow.now(zone0)                                                # STEP 39
ACTION: time0 = arrow.now(zone0) 
zone0 = 'US/Eastern' : <type 'str'>
time0 = <Arrow [1970-01-01T00:00:00+01:00]> : <class 'arrow.arrow.Arrow'>
=> time0 = <Arrow [2017-11-21T19:15:56.287330-05:00]> : <class 'arrow.arrow.Arrow'>
==================================================
val0 = 0                                                                # STEP 40
ACTION: val0 = 0 
val0 = None : <type 'NoneType'>
=> val0 = 0 : <type 'int'>
==================================================
time8 = arrow.now()                                                     # STEP 41
ACTION: time8 = arrow.now() 
time8 = <Arrow [1970-01-01T00:00:00+00:00]> : <class 'arrow.arrow.Arrow'>
=> time8 = <Arrow [2017-11-21T16:15:56.288686-08:00]> : <class 'arrow.arrow.Arrow'>
==================================================
zone0 = 'Africa/Cairo'                                                  # STEP 42
ACTION: zone0 = 'Africa/Cairo'  
zone0 = 'US/Eastern' : <type 'str'>
=> zone0 = 'Africa/Cairo' : <type 'str'>
==================================================
time4.format()                                                          # STEP 43
ACTION: time4.format() 
time4 = <Arrow [2017-11-21T19:15:56.274055-05:00]> : <class 'arrow.arrow.Arrow'>
==================================================
time0.shift(months=val2)                                                # STEP 44
ACTION: time0.shift(months=val2) 
val2 = 0 : <type 'int'>
time0 = <Arrow [2017-11-21T19:15:56.287330-05:00]> : <class 'arrow.arrow.Arrow'>
==================================================
time4 = arrow.now(zone1)                                                # STEP 45
ACTION: time4 = arrow.now(zone1) 
zone1 = 'Etc/Greenwich' : <type 'str'>
time4 = <Arrow [2017-11-21T19:15:56.274055-05:00]> : <class 'arrow.arrow.Arrow'>
=> time4 = <Arrow [2017-11-22T00:15:56.292251+00:00]> : <class 'arrow.arrow.Arrow'>
==================================================
time0 = time8.to(zone3)                                                 # STEP 46
ACTION: time0 = time8.to(zone3) 
zone3 = 'Africa/Cairo' : <type 'str'>
time8 = <Arrow [2017-11-21T16:15:56.288686-08:00]> : <class 'arrow.arrow.Arrow'>
time0 = <Arrow [2017-11-21T19:15:56.287330-05:00]> : <class 'arrow.arrow.Arrow'>
=> time0 = <Arrow [2017-11-22T02:15:56.288686+02:00]> : <class 'arrow.arrow.Arrow'>
==================================================
locale4 =  u'ko'                                                        # STEP 47
ACTION: locale4 =  u'ko' 
locale4 = None : <type 'NoneType'>
=> locale4 = u'ko' : <type 'unicode'>
==================================================
time8 = arrow.now()                                                     # STEP 48
ACTION: time8 = arrow.now() 
time8 = <Arrow [2017-11-21T16:15:56.288686-08:00]> : <class 'arrow.arrow.Arrow'>
=> time8 = <Arrow [2017-11-21T16:15:56.294992-08:00]> : <class 'arrow.arrow.Arrow'>
==================================================
time8.shift(minutes=val7)                                               # STEP 49
ACTION: time8.shift(minutes=val7) 
val7 = 0 : <type 'int'>
time8 = <Arrow [2017-11-21T16:15:56.294992-08:00]> : <class 'arrow.arrow.Arrow'>
==================================================
time0.humanize(locale=locale4)                                          # STEP 50
ACTION: time0.humanize(locale=locale4) 
locale4 = u'ko' : <type 'unicode'>
time0 = <Arrow [2017-11-22T02:15:56.288686+02:00]> : <class 'arrow.arrow.Arrow'>
==================================================
time0 = time4.replace(tzinfo=zone4)                                     # STEP 51
ACTION: time0 = time4.replace(tzinfo=zone4) 
zone4 = 'Africa/Cairo' : <type 'str'>
time4 = <Arrow [2017-11-22T00:15:56.292251+00:00]> : <class 'arrow.arrow.Arrow'>
time0 = <Arrow [2017-11-22T02:15:56.288686+02:00]> : <class 'arrow.arrow.Arrow'>
=> time0 = <Arrow [2017-11-22T00:15:56.292251+02:00]> : <class 'arrow.arrow.Arrow'>
==================================================
time9.format()                                                          # STEP 52
ACTION: time9.format() 
time9 = <Arrow [0001-01-01T00:00:00+00:00]> : <class 'arrow.arrow.Arrow'>
==================================================
time9 = time6.replace(tzinfo=zone1)                                     # STEP 53
ACTION: time9 = time6.replace(tzinfo=zone1) 
zone1 = 'Etc/Greenwich' : <type 'str'>
time6 = <Arrow [0001-01-01T00:00:00+01:00]> : <class 'arrow.arrow.Arrow'>
time9 = <Arrow [0001-01-01T00:00:00+00:00]> : <class 'arrow.arrow.Arrow'>
==================================================
time6 = time1.replace(tzinfo=zone0)                                     # STEP 54
ACTION: time6 = time1.replace(tzinfo=zone0) 
zone0 = 'Africa/Cairo' : <type 'str'>
time1 = <Arrow [0001-01-01T01:00:00+01:00]> : <class 'arrow.arrow.Arrow'>
time6 = <Arrow [0001-01-01T00:00:00+01:00]> : <class 'arrow.arrow.Arrow'>
=> time6 = <Arrow [0001-01-01T01:00:00+02:00]> : <class 'arrow.arrow.Arrow'>
==================================================
time2.shift(minutes=val0)                                               # STEP 55
ACTION: time2.shift(minutes=val0) 
val0 = 0 : <type 'int'>
time2 = <Arrow [1970-01-01T00:00:00+01:00]> : <class 'arrow.arrow.Arrow'>
==================================================
time2 = time8.replace(hours=val0)                                       # STEP 56
ACTION: time2 = time8.replace(hours=val0) 
val0 = 0 : <type 'int'>
time8 = <Arrow [2017-11-21T16:15:56.294992-08:00]> : <class 'arrow.arrow.Arrow'>
time2 = <Arrow [1970-01-01T00:00:00+01:00]> : <class 'arrow.arrow.Arrow'>
=> time2 = <Arrow [2017-11-21T16:15:56.294992-08:00]> : <class 'arrow.arrow.Arrow'>
==================================================
val6 = 0                                                                # STEP 57
ACTION: val6 = 0 
val6 = None : <type 'NoneType'>
=> val6 = 0 : <type 'int'>
==================================================
val7 -= 1                                                               # STEP 58
ACTION: val7 -= 1 
val7 = 0 : <type 'int'>
=> val7 = -1 : <type 'int'>
==================================================
time2.humanize(locale=locale4)                                          # STEP 59
ACTION: time2.humanize(locale=locale4) 
locale4 = u'ko' : <type 'unicode'>
time2 = <Arrow [2017-11-21T16:15:56.294992-08:00]> : <class 'arrow.arrow.Arrow'>
==================================================
time2 = arrow.now(zone0)                                                # STEP 60
ACTION: time2 = arrow.now(zone0) 
zone0 = 'Africa/Cairo' : <type 'str'>
time2 = <Arrow [2017-11-21T16:15:56.294992-08:00]> : <class 'arrow.arrow.Arrow'>
=> time2 = <Arrow [2017-11-22T02:15:56.305398+02:00]> : <class 'arrow.arrow.Arrow'>
==================================================
time8 = arrow.now(zone2)                                                # STEP 61
ACTION: time8 = arrow.now(zone2) 
zone2 = 'Europe/Rome' : <type 'str'>
time8 = <Arrow [2017-11-21T16:15:56.294992-08:00]> : <class 'arrow.arrow.Arrow'>
=> time8 = <Arrow [2017-11-22T01:15:56.306814+01:00]> : <class 'arrow.arrow.Arrow'>
==================================================
time1 = time5.to(zone3)                                                 # STEP 62
ACTION: time1 = time5.to(zone3) 
zone3 = 'Africa/Cairo' : <type 'str'>
time5 = <Arrow [2017-11-21T16:15:56.279672-08:00]> : <class 'arrow.arrow.Arrow'>
time1 = <Arrow [0001-01-01T01:00:00+01:00]> : <class 'arrow.arrow.Arrow'>
=> time1 = <Arrow [2017-11-22T02:15:56.279672+02:00]> : <class 'arrow.arrow.Arrow'>
==================================================
time0.shift(minutes=val2)                                               # STEP 63
ACTION: time0.shift(minutes=val2) 
val2 = 0 : <type 'int'>
time0 = <Arrow [2017-11-22T00:15:56.292251+02:00]> : <class 'arrow.arrow.Arrow'>
==================================================
time0 = time2.to(zone2)                                                 # STEP 64
ACTION: time0 = time2.to(zone2) 
zone2 = 'Europe/Rome' : <type 'str'>
time2 = <Arrow [2017-11-22T02:15:56.305398+02:00]> : <class 'arrow.arrow.Arrow'>
time0 = <Arrow [2017-11-22T00:15:56.292251+02:00]> : <class 'arrow.arrow.Arrow'>
=> time0 = <Arrow [2017-11-22T01:15:56.305398+01:00]> : <class 'arrow.arrow.Arrow'>
==================================================
zone3 = 'Etc/Greenwich'                                                 # STEP 65
ACTION: zone3 = 'Etc/Greenwich'  
zone3 = 'Africa/Cairo' : <type 'str'>
=> zone3 = 'Etc/Greenwich' : <type 'str'>
==================================================
val5 += 1                                                               # STEP 66
ACTION: val5 += 1 
val5 = -2 : <type 'int'>
=> val5 = -1 : <type 'int'>
==================================================
time2.shift(minutes=val9)                                               # STEP 67
ACTION: time2.shift(minutes=val9) 
val9 = 0 : <type 'int'>
time2 = <Arrow [2017-11-22T02:15:56.305398+02:00]> : <class 'arrow.arrow.Arrow'>
==================================================
time2 = time6.replace(hours=val9)                                       # STEP 68
ACTION: time2 = time6.replace(hours=val9) 
val9 = 0 : <type 'int'>
time6 = <Arrow [0001-01-01T01:00:00+02:00]> : <class 'arrow.arrow.Arrow'>
time2 = <Arrow [2017-11-22T02:15:56.305398+02:00]> : <class 'arrow.arrow.Arrow'>
=> time2 = <Arrow [0001-01-01T01:00:00+02:00]> : <class 'arrow.arrow.Arrow'>
==================================================
time6 = time5.to(zone0)                                                 # STEP 69
ACTION: time6 = time5.to(zone0) 
zone0 = 'Africa/Cairo' : <type 'str'>
time5 = <Arrow [2017-11-21T16:15:56.279672-08:00]> : <class 'arrow.arrow.Arrow'>
time6 = <Arrow [0001-01-01T01:00:00+02:00]> : <class 'arrow.arrow.Arrow'>
=> time6 = <Arrow [2017-11-22T02:15:56.279672+02:00]> : <class 'arrow.arrow.Arrow'>
==================================================
time4 = time6.replace(tzinfo=zone3)                                     # STEP 70
ACTION: time4 = time6.replace(tzinfo=zone3) 
zone3 = 'Etc/Greenwich' : <type 'str'>
time6 = <Arrow [2017-11-22T02:15:56.279672+02:00]> : <class 'arrow.arrow.Arrow'>
time4 = <Arrow [2017-11-22T00:15:56.292251+00:00]> : <class 'arrow.arrow.Arrow'>
=> time4 = <Arrow [2017-11-22T02:15:56.279672+00:00]> : <class 'arrow.arrow.Arrow'>
==================================================
zone4 = 'Etc/Greenwich'                                                 # STEP 71
ACTION: zone4 = 'Etc/Greenwich'  
zone4 = 'Africa/Cairo' : <type 'str'>
=> zone4 = 'Etc/Greenwich' : <type 'str'>
==================================================
time5 = time8.replace(tzinfo=zone0)                                     # STEP 72
ACTION: time5 = time8.replace(tzinfo=zone0) 
zone0 = 'Africa/Cairo' : <type 'str'>
time8 = <Arrow [2017-11-22T01:15:56.306814+01:00]> : <class 'arrow.arrow.Arrow'>
time5 = <Arrow [2017-11-21T16:15:56.279672-08:00]> : <class 'arrow.arrow.Arrow'>
=> time5 = <Arrow [2017-11-22T01:15:56.306814+02:00]> : <class 'arrow.arrow.Arrow'>
==================================================
time8 = time3.replace(hours=val6)                                       # STEP 73
ACTION: time8 = time3.replace(hours=val6) 
val6 = 0 : <type 'int'>
time3 = <Arrow [1970-01-01T01:00:00+01:00]> : <class 'arrow.arrow.Arrow'>
time8 = <Arrow [2017-11-22T01:15:56.306814+01:00]> : <class 'arrow.arrow.Arrow'>
=> time8 = <Arrow [1970-01-01T01:00:00+01:00]> : <class 'arrow.arrow.Arrow'>
==================================================
time8.shift(months=val0)                                                # STEP 74
ACTION: time8.shift(months=val0) 
val0 = 0 : <type 'int'>
time8 = <Arrow [1970-01-01T01:00:00+01:00]> : <class 'arrow.arrow.Arrow'>
==================================================
time8 = arrow.now()                                                     # STEP 75
ACTION: time8 = arrow.now() 
time8 = <Arrow [1970-01-01T01:00:00+01:00]> : <class 'arrow.arrow.Arrow'>
=> time8 = <Arrow [2017-11-21T16:15:56.318884-08:00]> : <class 'arrow.arrow.Arrow'>
==================================================
locale4 =  u'hu'                                                        # STEP 76
ACTION: locale4 =  u'hu' 
locale4 = u'ko' : <type 'unicode'>
=> locale4 = u'hu' : <type 'unicode'>
==================================================
time3 = time6.replace(tzinfo=zone0)                                     # STEP 77
ACTION: time3 = time6.replace(tzinfo=zone0) 
zone0 = 'Africa/Cairo' : <type 'str'>
time6 = <Arrow [2017-11-22T02:15:56.279672+02:00]> : <class 'arrow.arrow.Arrow'>
time3 = <Arrow [1970-01-01T01:00:00+01:00]> : <class 'arrow.arrow.Arrow'>
=> time3 = <Arrow [2017-11-22T02:15:56.279672+02:00]> : <class 'arrow.arrow.Arrow'>
==================================================
time4.shift(minutes=val9)                                               # STEP 78
ACTION: time4.shift(minutes=val9) 
val9 = 0 : <type 'int'>
time4 = <Arrow [2017-11-22T02:15:56.279672+00:00]> : <class 'arrow.arrow.Arrow'>
==================================================
time4 = time3.to(zone2)                                                 # STEP 79
ACTION: time4 = time3.to(zone2) 
zone2 = 'Europe/Rome' : <type 'str'>
time3 = <Arrow [2017-11-22T02:15:56.279672+02:00]> : <class 'arrow.arrow.Arrow'>
time4 = <Arrow [2017-11-22T02:15:56.279672+00:00]> : <class 'arrow.arrow.Arrow'>
=> time4 = <Arrow [2017-11-22T01:15:56.279672+01:00]> : <class 'arrow.arrow.Arrow'>
==================================================
zone0 = 'Europe/Rome'                                                   # STEP 80
ACTION: zone0 = 'Europe/Rome'  
zone0 = 'Africa/Cairo' : <type 'str'>
=> zone0 = 'Europe/Rome' : <type 'str'>
==================================================
time3.humanize(locale=locale4)                                          # STEP 81
ACTION: time3.humanize(locale=locale4) 
locale4 = u'hu' : <type 'unicode'>
time3 = <Arrow [2017-11-22T02:15:56.279672+02:00]> : <class 'arrow.arrow.Arrow'>
==================================================
time3 = time6.replace(tzinfo=zone1)                                     # STEP 82
ACTION: time3 = time6.replace(tzinfo=zone1) 
zone1 = 'Etc/Greenwich' : <type 'str'>
time6 = <Arrow [2017-11-22T02:15:56.279672+02:00]> : <class 'arrow.arrow.Arrow'>
time3 = <Arrow [2017-11-22T02:15:56.279672+02:00]> : <class 'arrow.arrow.Arrow'>
=> time3 = <Arrow [2017-11-22T02:15:56.279672+00:00]> : <class 'arrow.arrow.Arrow'>
==================================================
time6 = time6.to(zone2)                                                 # STEP 83
ACTION: time6 = time6.to(zone2) 
zone2 = 'Europe/Rome' : <type 'str'>
time6 = <Arrow [2017-11-22T02:15:56.279672+02:00]> : <class 'arrow.arrow.Arrow'>
=> time6 = <Arrow [2017-11-22T01:15:56.279672+01:00]> : <class 'arrow.arrow.Arrow'>
==================================================
time5.humanize(locale=locale4)                                          # STEP 84
ACTION: time5.humanize(locale=locale4) 
locale4 = u'hu' : <type 'unicode'>
time5 = <Arrow [2017-11-22T01:15:56.306814+02:00]> : <class 'arrow.arrow.Arrow'>
==================================================
time5 = time6.replace(tzinfo=zone3)                                     # STEP 85
ACTION: time5 = time6.replace(tzinfo=zone3) 
zone3 = 'Etc/Greenwich' : <type 'str'>
time6 = <Arrow [2017-11-22T01:15:56.279672+01:00]> : <class 'arrow.arrow.Arrow'>
time5 = <Arrow [2017-11-22T01:15:56.306814+02:00]> : <class 'arrow.arrow.Arrow'>
=> time5 = <Arrow [2017-11-22T01:15:56.279672+00:00]> : <class 'arrow.arrow.Arrow'>
==================================================
time6 = time5.replace(tzinfo=zone3)                                     # STEP 86
ACTION: time6 = time5.replace(tzinfo=zone3) 
zone3 = 'Etc/Greenwich' : <type 'str'>
time5 = <Arrow [2017-11-22T01:15:56.279672+00:00]> : <class 'arrow.arrow.Arrow'>
time6 = <Arrow [2017-11-22T01:15:56.279672+01:00]> : <class 'arrow.arrow.Arrow'>
=> time6 = <Arrow [2017-11-22T01:15:56.279672+00:00]> : <class 'arrow.arrow.Arrow'>
==================================================
time5 = arrow.now()                                                     # STEP 87
ACTION: time5 = arrow.now() 
time5 = <Arrow [2017-11-22T01:15:56.279672+00:00]> : <class 'arrow.arrow.Arrow'>
=> time5 = <Arrow [2017-11-21T16:15:56.329926-08:00]> : <class 'arrow.arrow.Arrow'>
==================================================
time0.year                                                              # STEP 88
ACTION: time0.year 
time0 = <Arrow [2017-11-22T01:15:56.305398+01:00]> : <class 'arrow.arrow.Arrow'>
==================================================
time1.shift(months=val5)                                                # STEP 89
ACTION: time1.shift(months=val5) 
val5 = -1 : <type 'int'>
time1 = <Arrow [2017-11-22T02:15:56.279672+02:00]> : <class 'arrow.arrow.Arrow'>
==================================================
time1 = arrow.now(zone1)                                                # STEP 90
ACTION: time1 = arrow.now(zone1) 
zone1 = 'Etc/Greenwich' : <type 'str'>
time1 = <Arrow [2017-11-22T02:15:56.279672+02:00]> : <class 'arrow.arrow.Arrow'>
=> time1 = <Arrow [2017-11-22T00:15:56.333210+00:00]> : <class 'arrow.arrow.Arrow'>
==================================================
time6.shift(months=val2)                                                # STEP 91
ACTION: time6.shift(months=val2) 
val2 = 0 : <type 'int'>
time6 = <Arrow [2017-11-22T01:15:56.279672+00:00]> : <class 'arrow.arrow.Arrow'>
==================================================
time0 = arrow.now(zone3)                                                # STEP 92
ACTION: time0 = arrow.now(zone3) 
zone3 = 'Etc/Greenwich' : <type 'str'>
time0 = <Arrow [2017-11-22T01:15:56.305398+01:00]> : <class 'arrow.arrow.Arrow'>
=> time0 = <Arrow [2017-11-22T00:15:56.335005+00:00]> : <class 'arrow.arrow.Arrow'>
==================================================
time6 = time2.to(zone2)                                                 # STEP 93
ACTION: time6 = time2.to(zone2) 
zone2 = 'Europe/Rome' : <type 'str'>
time2 = <Arrow [0001-01-01T01:00:00+02:00]> : <class 'arrow.arrow.Arrow'>
time6 = <Arrow [2017-11-22T01:15:56.279672+00:00]> : <class 'arrow.arrow.Arrow'>
RAISED EXCEPTION: <type 'exceptions.OverflowError'> date value out of range
ERROR: (<type 'exceptions.OverflowError'>, OverflowError('date value out of range',), <traceback object at 0x10a938e60>)
TRACEBACK:
  File "/Users/alex/tstl/examples/arrow/sut.py", line 405705, in safely
    act[2]()
  File "/Users/alex/tstl/examples/arrow/sut.py", line 33565, in act917
    self.p_time[6] = self.p_time[2].to(self.p_zone[2])
  File "/Library/Frameworks/Python.framework/Versions/2.7/lib/python2.7/site-packages/arrow/arrow.py", line 510, in to
    dt = self._datetime.astimezone(tz)
FAILURE IS NEW, STORING; NOW 1 DISTINCT FAILURES
UNCAUGHT EXCEPTION
ERROR: (<type 'exceptions.ValueError'>, ValueError('year is out of range',), <traceback object at 0x10a8b6f80>)
TRACEBACK:
  File "/Users/alex/tstl/examples/arrow/sut.py", line 405705, in safely
    act[2]()
  File "/Users/alex/tstl/examples/arrow/sut.py", line 327455, in act7368
    self.p_time[3].timestamp
  File "/Library/Frameworks/Python.framework/Versions/2.7/lib/python2.7/site-packages/arrow/arrow.py", line 351, in timestamp
    return calendar.timegm(self._datetime.utctimetuple())
  File "/Library/Frameworks/Python.framework/Versions/2.7/lib/python2.7/calendar.py", line 614, in timegm
    days = datetime.date(year, month, 1).toordinal() - _EPOCH_ORD + day - 1
Original test has 54 steps

SAVING TEST AS failure.14408.test.1
FINAL VERSION OF TEST, WITH LOGGED REPLAY:
zone4 = 'Asia/Samarkand'                                                 # STEP 0
ACTION: zone4 = 'Asia/Samarkand'  
zone4 = None : <type 'NoneType'>
=> zone4 = 'Asia/Samarkand' : <type 'str'>
==================================================
zone2 = 'Etc/Greenwich'                                                  # STEP 1
ACTION: zone2 = 'Etc/Greenwich'  
zone2 = None : <type 'NoneType'>
=> zone2 = 'Etc/Greenwich' : <type 'str'>
==================================================
zone3 = 'US/Mountain'                                                    # STEP 2
ACTION: zone3 = 'US/Mountain'  
zone3 = None : <type 'NoneType'>
=> zone3 = 'US/Mountain' : <type 'str'>
==================================================
zone1 = 'Asia/Samarkand'                                                 # STEP 3
ACTION: zone1 = 'Asia/Samarkand'  
zone1 = None : <type 'NoneType'>
=> zone1 = 'Asia/Samarkand' : <type 'str'>
==================================================
val1 = 0                                                                 # STEP 4
ACTION: val1 = 0 
val1 = None : <type 'NoneType'>
=> val1 = 0 : <type 'int'>
==================================================
zone0 = 'US/Mountain'                                                    # STEP 5
ACTION: zone0 = 'US/Mountain'  
zone0 = None : <type 'NoneType'>
=> zone0 = 'US/Mountain' : <type 'str'>
==================================================
time8 = arrow.get(val1)                                                  # STEP 6
ACTION: time8 = arrow.get(val1) 
val1 = 0 : <type 'int'>
time8 = None : <type 'NoneType'>
=> time8 = <Arrow [1970-01-01T00:00:00+00:00]> : <class 'arrow.arrow.Arrow'>
==================================================
time5 = time8.replace(tzinfo=zone1)                                      # STEP 7
ACTION: time5 = time8.replace(tzinfo=zone1) 
zone1 = 'Asia/Samarkand' : <type 'str'>
time8 = <Arrow [1970-01-01T00:00:00+00:00]> : <class 'arrow.arrow.Arrow'>
time5 = None : <type 'NoneType'>
=> time5 = <Arrow [1970-01-01T00:00:00+05:00]> : <class 'arrow.arrow.Arrow'>
==================================================
time5.shift(hours=val1)                                                  # STEP 8
ACTION: time5.shift(hours=val1) 
val1 = 0 : <type 'int'>
time5 = <Arrow [1970-01-01T00:00:00+05:00]> : <class 'arrow.arrow.Arrow'>
==================================================
zone1 = 'Turkey'                                                         # STEP 9
ACTION: zone1 = 'Turkey'  
zone1 = 'Asia/Samarkand' : <type 'str'>
=> zone1 = 'Turkey' : <type 'str'>
==================================================
time5.shift(hours=val1)                                                 # STEP 10
ACTION: time5.shift(hours=val1) 
val1 = 0 : <type 'int'>
time5 = <Arrow [1970-01-01T00:00:00+05:00]> : <class 'arrow.arrow.Arrow'>
==================================================
time5.format()                                                          # STEP 11
ACTION: time5.format() 
time5 = <Arrow [1970-01-01T00:00:00+05:00]> : <class 'arrow.arrow.Arrow'>
==================================================
time8.shift(minutes=val1)                                               # STEP 12
ACTION: time8.shift(minutes=val1) 
val1 = 0 : <type 'int'>
time8 = <Arrow [1970-01-01T00:00:00+00:00]> : <class 'arrow.arrow.Arrow'>
==================================================
time7 = time8.replace(tzinfo=zone3)                                     # STEP 13
ACTION: time7 = time8.replace(tzinfo=zone3) 
zone3 = 'US/Mountain' : <type 'str'>
time8 = <Arrow [1970-01-01T00:00:00+00:00]> : <class 'arrow.arrow.Arrow'>
time7 = None : <type 'NoneType'>
=> time7 = <Arrow [1970-01-01T00:00:00-07:00]> : <class 'arrow.arrow.Arrow'>
==================================================
time5.shift(hours=val1)                                                 # STEP 14
ACTION: time5.shift(hours=val1) 
val1 = 0 : <type 'int'>
time5 = <Arrow [1970-01-01T00:00:00+05:00]> : <class 'arrow.arrow.Arrow'>
==================================================
time8 = time7.replace(hours=val1)                                       # STEP 15
ACTION: time8 = time7.replace(hours=val1) 
val1 = 0 : <type 'int'>
time7 = <Arrow [1970-01-01T00:00:00-07:00]> : <class 'arrow.arrow.Arrow'>
time8 = <Arrow [1970-01-01T00:00:00+00:00]> : <class 'arrow.arrow.Arrow'>
=> time8 = <Arrow [1970-01-01T00:00:00-07:00]> : <class 'arrow.arrow.Arrow'>
==================================================
zone3 = 'Europe/Rome'                                                   # STEP 16
ACTION: zone3 = 'Europe/Rome'  
zone3 = 'US/Mountain' : <type 'str'>
=> zone3 = 'Europe/Rome' : <type 'str'>
==================================================
time2 = time5.replace(tzinfo=zone1)                                     # STEP 17
ACTION: time2 = time5.replace(tzinfo=zone1) 
zone1 = 'Turkey' : <type 'str'>
time5 = <Arrow [1970-01-01T00:00:00+05:00]> : <class 'arrow.arrow.Arrow'>
time2 = None : <type 'NoneType'>
=> time2 = <Arrow [1970-01-01T00:00:00+02:00]> : <class 'arrow.arrow.Arrow'>
==================================================
time7 = time2.replace(hours=val1)                                       # STEP 18
ACTION: time7 = time2.replace(hours=val1) 
val1 = 0 : <type 'int'>
time2 = <Arrow [1970-01-01T00:00:00+02:00]> : <class 'arrow.arrow.Arrow'>
time7 = <Arrow [1970-01-01T00:00:00-07:00]> : <class 'arrow.arrow.Arrow'>
=> time7 = <Arrow [1970-01-01T00:00:00+02:00]> : <class 'arrow.arrow.Arrow'>
==================================================
time7.shift(hours=val1)                                                 # STEP 19
ACTION: time7.shift(hours=val1) 
val1 = 0 : <type 'int'>
time7 = <Arrow [1970-01-01T00:00:00+02:00]> : <class 'arrow.arrow.Arrow'>
==================================================
time2.timestamp                                                         # STEP 20
ACTION: time2.timestamp 
time2 = <Arrow [1970-01-01T00:00:00+02:00]> : <class 'arrow.arrow.Arrow'>
==================================================
locale2 =  u'th_th'                                                     # STEP 21
ACTION: locale2 =  u'th_th' 
locale2 = None : <type 'NoneType'>
=> locale2 = u'th_th' : <type 'unicode'>
==================================================
locale1 =  u'he_il'                                                     # STEP 22
ACTION: locale1 =  u'he_il' 
locale1 = None : <type 'NoneType'>
=> locale1 = u'he_il' : <type 'unicode'>
==================================================
time0 = time5.replace(hours=val1)                                       # STEP 23
ACTION: time0 = time5.replace(hours=val1) 
val1 = 0 : <type 'int'>
time5 = <Arrow [1970-01-01T00:00:00+05:00]> : <class 'arrow.arrow.Arrow'>
time0 = None : <type 'NoneType'>
=> time0 = <Arrow [1970-01-01T00:00:00+05:00]> : <class 'arrow.arrow.Arrow'>
==================================================
time7.format()                                                          # STEP 24
ACTION: time7.format() 
time7 = <Arrow [1970-01-01T00:00:00+02:00]> : <class 'arrow.arrow.Arrow'>
==================================================
time2 = time8.replace(tzinfo=zone3)                                     # STEP 25
ACTION: time2 = time8.replace(tzinfo=zone3) 
zone3 = 'Europe/Rome' : <type 'str'>
time8 = <Arrow [1970-01-01T00:00:00-07:00]> : <class 'arrow.arrow.Arrow'>
time2 = <Arrow [1970-01-01T00:00:00+02:00]> : <class 'arrow.arrow.Arrow'>
=> time2 = <Arrow [1970-01-01T00:00:00+01:00]> : <class 'arrow.arrow.Arrow'>
==================================================
val1 += 1                                                               # STEP 26
ACTION: val1 += 1 
val1 = 0 : <type 'int'>
=> val1 = 1 : <type 'int'>
==================================================
time5 = time0.replace(month=val1)                                       # STEP 27
ACTION: time5 = time0.replace(month=val1) 
val1 = 1 : <type 'int'>
time0 = <Arrow [1970-01-01T00:00:00+05:00]> : <class 'arrow.arrow.Arrow'>
time5 = <Arrow [1970-01-01T00:00:00+05:00]> : <class 'arrow.arrow.Arrow'>
==================================================
time5.shift(minutes=val1)                                               # STEP 28
ACTION: time5.shift(minutes=val1) 
val1 = 1 : <type 'int'>
time5 = <Arrow [1970-01-01T00:00:00+05:00]> : <class 'arrow.arrow.Arrow'>
==================================================
time5 = time5.replace(hours=val1)                                       # STEP 29
ACTION: time5 = time5.replace(hours=val1) 
val1 = 1 : <type 'int'>
time5 = <Arrow [1970-01-01T00:00:00+05:00]> : <class 'arrow.arrow.Arrow'>
=> time5 = <Arrow [1970-01-01T01:00:00+05:00]> : <class 'arrow.arrow.Arrow'>
==================================================
time3 = time0.replace(minutes=val1)                                     # STEP 30
ACTION: time3 = time0.replace(minutes=val1) 
val1 = 1 : <type 'int'>
time0 = <Arrow [1970-01-01T00:00:00+05:00]> : <class 'arrow.arrow.Arrow'>
time3 = None : <type 'NoneType'>
=> time3 = <Arrow [1970-01-01T00:01:00+05:00]> : <class 'arrow.arrow.Arrow'>
==================================================
zone3 = 'US/Mountain'                                                   # STEP 31
ACTION: zone3 = 'US/Mountain'  
zone3 = 'Europe/Rome' : <type 'str'>
=> zone3 = 'US/Mountain' : <type 'str'>
==================================================
time0 = time3.replace(tzinfo=zone0)                                     # STEP 32
ACTION: time0 = time3.replace(tzinfo=zone0) 
zone0 = 'US/Mountain' : <type 'str'>
time3 = <Arrow [1970-01-01T00:01:00+05:00]> : <class 'arrow.arrow.Arrow'>
time0 = <Arrow [1970-01-01T00:00:00+05:00]> : <class 'arrow.arrow.Arrow'>
=> time0 = <Arrow [1970-01-01T00:01:00-07:00]> : <class 'arrow.arrow.Arrow'>
==================================================
time8.shift(minutes=val1)                                               # STEP 33
ACTION: time8.shift(minutes=val1) 
val1 = 1 : <type 'int'>
time8 = <Arrow [1970-01-01T00:00:00-07:00]> : <class 'arrow.arrow.Arrow'>
==================================================
time6 = time5.replace(hours=val1)                                       # STEP 34
ACTION: time6 = time5.replace(hours=val1) 
val1 = 1 : <type 'int'>
time5 = <Arrow [1970-01-01T01:00:00+05:00]> : <class 'arrow.arrow.Arrow'>
time6 = None : <type 'NoneType'>
=> time6 = <Arrow [1970-01-01T02:00:00+05:00]> : <class 'arrow.arrow.Arrow'>
==================================================
time1 = time6.replace(minutes=val1)                                     # STEP 35
ACTION: time1 = time6.replace(minutes=val1) 
val1 = 1 : <type 'int'>
time6 = <Arrow [1970-01-01T02:00:00+05:00]> : <class 'arrow.arrow.Arrow'>
time1 = None : <type 'NoneType'>
=> time1 = <Arrow [1970-01-01T02:01:00+05:00]> : <class 'arrow.arrow.Arrow'>
==================================================
time8 = time7.replace(year=val1)                                        # STEP 36
ACTION: time8 = time7.replace(year=val1) 
val1 = 1 : <type 'int'>
time7 = <Arrow [1970-01-01T00:00:00+02:00]> : <class 'arrow.arrow.Arrow'>
time8 = <Arrow [1970-01-01T00:00:00-07:00]> : <class 'arrow.arrow.Arrow'>
=> time8 = <Arrow [0001-01-01T00:00:00+01:57]> : <class 'arrow.arrow.Arrow'>
==================================================
time7 = time1.replace(tzinfo=zone0)                                     # STEP 37
ACTION: time7 = time1.replace(tzinfo=zone0) 
zone0 = 'US/Mountain' : <type 'str'>
time1 = <Arrow [1970-01-01T02:01:00+05:00]> : <class 'arrow.arrow.Arrow'>
time7 = <Arrow [1970-01-01T00:00:00+02:00]> : <class 'arrow.arrow.Arrow'>
=> time7 = <Arrow [1970-01-01T02:01:00-07:00]> : <class 'arrow.arrow.Arrow'>
==================================================
zone1 = 'Asia/Samarkand'                                                # STEP 38
ACTION: zone1 = 'Asia/Samarkand'  
zone1 = 'Turkey' : <type 'str'>
=> zone1 = 'Asia/Samarkand' : <type 'str'>
==================================================
time3 = time0.replace(tzinfo=zone2)                                     # STEP 39
ACTION: time3 = time0.replace(tzinfo=zone2) 
zone2 = 'Etc/Greenwich' : <type 'str'>
time0 = <Arrow [1970-01-01T00:01:00-07:00]> : <class 'arrow.arrow.Arrow'>
time3 = <Arrow [1970-01-01T00:01:00+05:00]> : <class 'arrow.arrow.Arrow'>
=> time3 = <Arrow [1970-01-01T00:01:00+00:00]> : <class 'arrow.arrow.Arrow'>
==================================================
time9 = time8.replace(tzinfo=zone0)                                     # STEP 40
ACTION: time9 = time8.replace(tzinfo=zone0) 
zone0 = 'US/Mountain' : <type 'str'>
time8 = <Arrow [0001-01-01T00:00:00+01:57]> : <class 'arrow.arrow.Arrow'>
time9 = None : <type 'NoneType'>
=> time9 = <Arrow [0001-01-01T00:00:00-07:00]> : <class 'arrow.arrow.Arrow'>
==================================================
time3.shift(hours=val1)                                                 # STEP 41
ACTION: time3.shift(hours=val1) 
val1 = 1 : <type 'int'>
time3 = <Arrow [1970-01-01T00:01:00+00:00]> : <class 'arrow.arrow.Arrow'>
==================================================
time3 = time5.replace(year=val1)                                        # STEP 42
ACTION: time3 = time5.replace(year=val1) 
val1 = 1 : <type 'int'>
time5 = <Arrow [1970-01-01T01:00:00+05:00]> : <class 'arrow.arrow.Arrow'>
time3 = <Arrow [1970-01-01T00:01:00+00:00]> : <class 'arrow.arrow.Arrow'>
=> time3 = <Arrow [0001-01-01T01:00:00+04:28]> : <class 'arrow.arrow.Arrow'>
==================================================
time6.format()                                                          # STEP 43
ACTION: time6.format() 
time6 = <Arrow [1970-01-01T02:00:00+05:00]> : <class 'arrow.arrow.Arrow'>
==================================================
time6 = time8.replace(year=val1)                                        # STEP 44
ACTION: time6 = time8.replace(year=val1) 
val1 = 1 : <type 'int'>
time8 = <Arrow [0001-01-01T00:00:00+01:57]> : <class 'arrow.arrow.Arrow'>
time6 = <Arrow [1970-01-01T02:00:00+05:00]> : <class 'arrow.arrow.Arrow'>
=> time6 = <Arrow [0001-01-01T00:00:00+01:57]> : <class 'arrow.arrow.Arrow'>
==================================================
time6.shift(minutes=val1)                                               # STEP 45
ACTION: time6.shift(minutes=val1) 
val1 = 1 : <type 'int'>
time6 = <Arrow [0001-01-01T00:00:00+01:57]> : <class 'arrow.arrow.Arrow'>
==================================================
zone0 = 'Asia/Samarkand'                                                # STEP 46
ACTION: zone0 = 'Asia/Samarkand'  
zone0 = 'US/Mountain' : <type 'str'>
=> zone0 = 'Asia/Samarkand' : <type 'str'>
==================================================
time5 = time8.replace(minutes=val1)                                     # STEP 47
ACTION: time5 = time8.replace(minutes=val1) 
val1 = 1 : <type 'int'>
time8 = <Arrow [0001-01-01T00:00:00+01:57]> : <class 'arrow.arrow.Arrow'>
time5 = <Arrow [1970-01-01T01:00:00+05:00]> : <class 'arrow.arrow.Arrow'>
=> time5 = <Arrow [0001-01-01T00:01:00+01:57]> : <class 'arrow.arrow.Arrow'>
==================================================
time1.shift(hours=val1)                                                 # STEP 48
ACTION: time1.shift(hours=val1) 
val1 = 1 : <type 'int'>
time1 = <Arrow [1970-01-01T02:01:00+05:00]> : <class 'arrow.arrow.Arrow'>
==================================================
time8 = time7.replace(month=val1)                                       # STEP 49
ACTION: time8 = time7.replace(month=val1) 
val1 = 1 : <type 'int'>
time7 = <Arrow [1970-01-01T02:01:00-07:00]> : <class 'arrow.arrow.Arrow'>
time8 = <Arrow [0001-01-01T00:00:00+01:57]> : <class 'arrow.arrow.Arrow'>
=> time8 = <Arrow [1970-01-01T02:01:00-07:00]> : <class 'arrow.arrow.Arrow'>
==================================================
time7 = time7.replace(tzinfo=zone2)                                     # STEP 50
ACTION: time7 = time7.replace(tzinfo=zone2) 
zone2 = 'Etc/Greenwich' : <type 'str'>
time7 = <Arrow [1970-01-01T02:01:00-07:00]> : <class 'arrow.arrow.Arrow'>
=> time7 = <Arrow [1970-01-01T02:01:00+00:00]> : <class 'arrow.arrow.Arrow'>
==================================================
time2.format()                                                          # STEP 51
ACTION: time2.format() 
time2 = <Arrow [1970-01-01T00:00:00+01:00]> : <class 'arrow.arrow.Arrow'>
==================================================
zone2 = 'US/Mountain'                                                   # STEP 52
ACTION: zone2 = 'US/Mountain'  
zone2 = 'Etc/Greenwich' : <type 'str'>
=> zone2 = 'US/Mountain' : <type 'str'>
==================================================
time3.timestamp                                                         # STEP 53
ACTION: time3.timestamp 
time3 = <Arrow [0001-01-01T01:00:00+04:28]> : <class 'arrow.arrow.Arrow'>
RAISED EXCEPTION: <type 'exceptions.ValueError'> year is out of range
ERROR: (<type 'exceptions.ValueError'>, ValueError('year is out of range',), <traceback object at 0x10a938c20>)
TRACEBACK:
  File "/Users/alex/tstl/examples/arrow/sut.py", line 405705, in safely
    act[2]()
  File "/Users/alex/tstl/examples/arrow/sut.py", line 327455, in act7368
    self.p_time[3].timestamp
  File "/Library/Frameworks/Python.framework/Versions/2.7/lib/python2.7/site-packages/arrow/arrow.py", line 351, in timestamp
    return calendar.timegm(self._datetime.utctimetuple())
  File "/Library/Frameworks/Python.framework/Versions/2.7/lib/python2.7/calendar.py", line 614, in timegm
    days = datetime.date(year, month, 1).toordinal() - _EPOCH_ORD + day - 1
FAILURE IS NEW, STORING; NOW 2 DISTINCT FAILURES
UNCAUGHT EXCEPTION
ERROR: (<type 'exceptions.OverflowError'>, OverflowError('date value out of range',), <traceback object at 0x10a9a4998>)
TRACEBACK:
  File "/Users/alex/tstl/examples/arrow/sut.py", line 405705, in safely
    act[2]()
  File "/Users/alex/tstl/examples/arrow/sut.py", line 27783, in act790
    self.p_time[3] = self.p_time[7].to(self.p_zone[0])
  File "/Library/Frameworks/Python.framework/Versions/2.7/lib/python2.7/site-packages/arrow/arrow.py", line 510, in to
    dt = self._datetime.astimezone(tz)
  File "/Library/Frameworks/Python.framework/Versions/2.7/lib/python2.7/site-packages/dateutil/tz/tz.py", line 667, in fromutc
    dt_out = dt + datetime.timedelta(seconds=tti.offset)
Original test has 37 steps

SAVING TEST AS failure.14408.test.2
FINAL VERSION OF TEST, WITH LOGGED REPLAY:
zone4 = 'Poland'                                                         # STEP 0
ACTION: zone4 = 'Poland'  
zone4 = None : <type 'NoneType'>
=> zone4 = 'Poland' : <type 'str'>
==================================================
zone1 = 'Africa/Cairo'                                                   # STEP 1
ACTION: zone1 = 'Africa/Cairo'  
zone1 = None : <type 'NoneType'>
=> zone1 = 'Africa/Cairo' : <type 'str'>
==================================================
zone0 = 'US/Eastern'                                                     # STEP 2
ACTION: zone0 = 'US/Eastern'  
zone0 = None : <type 'NoneType'>
=> zone0 = 'US/Eastern' : <type 'str'>
==================================================
zone3 = 'Australia/Brisbane'                                             # STEP 3
ACTION: zone3 = 'Australia/Brisbane'  
zone3 = None : <type 'NoneType'>
=> zone3 = 'Australia/Brisbane' : <type 'str'>
==================================================
zone2 = 'US/Eastern'                                                     # STEP 4
ACTION: zone2 = 'US/Eastern'  
zone2 = None : <type 'NoneType'>
=> zone2 = 'US/Eastern' : <type 'str'>
==================================================
val2 = 0                                                                 # STEP 5
ACTION: val2 = 0 
val2 = None : <type 'NoneType'>
=> val2 = 0 : <type 'int'>
==================================================
locale4 =  u'fa_ir'                                                      # STEP 6
ACTION: locale4 =  u'fa_ir' 
locale4 = None : <type 'NoneType'>
=> locale4 = u'fa_ir' : <type 'unicode'>
==================================================
time7 = arrow.get(val2)                                                  # STEP 7
ACTION: time7 = arrow.get(val2) 
val2 = 0 : <type 'int'>
time7 = None : <type 'NoneType'>
=> time7 = <Arrow [1970-01-01T00:00:00+00:00]> : <class 'arrow.arrow.Arrow'>
==================================================
time7.humanize(locale=locale4)                                           # STEP 8
ACTION: time7.humanize(locale=locale4) 
locale4 = u'fa_ir' : <type 'unicode'>
time7 = <Arrow [1970-01-01T00:00:00+00:00]> : <class 'arrow.arrow.Arrow'>
==================================================
time7 = time7.replace(seconds=val2)                                      # STEP 9
ACTION: time7 = time7.replace(seconds=val2) 
val2 = 0 : <type 'int'>
time7 = <Arrow [1970-01-01T00:00:00+00:00]> : <class 'arrow.arrow.Arrow'>
==================================================
time0 = arrow.get(val2)                                                 # STEP 10
ACTION: time0 = arrow.get(val2) 
val2 = 0 : <type 'int'>
time0 = None : <type 'NoneType'>
=> time0 = <Arrow [1970-01-01T00:00:00+00:00]> : <class 'arrow.arrow.Arrow'>
==================================================
time9 = arrow.get(val2)                                                 # STEP 11
ACTION: time9 = arrow.get(val2) 
val2 = 0 : <type 'int'>
time9 = None : <type 'NoneType'>
=> time9 = <Arrow [1970-01-01T00:00:00+00:00]> : <class 'arrow.arrow.Arrow'>
==================================================
time3 = time9.to(zone2)                                                 # STEP 12
ACTION: time3 = time9.to(zone2) 
zone2 = 'US/Eastern' : <type 'str'>
time9 = <Arrow [1970-01-01T00:00:00+00:00]> : <class 'arrow.arrow.Arrow'>
time3 = None : <type 'NoneType'>
=> time3 = <Arrow [1969-12-31T19:00:00-05:00]> : <class 'arrow.arrow.Arrow'>
==================================================
time3.shift(seconds=val2)                                               # STEP 13
ACTION: time3.shift(seconds=val2) 
val2 = 0 : <type 'int'>
time3 = <Arrow [1969-12-31T19:00:00-05:00]> : <class 'arrow.arrow.Arrow'>
==================================================
val2 += 1                                                               # STEP 14
ACTION: val2 += 1 
val2 = 0 : <type 'int'>
=> val2 = 1 : <type 'int'>
==================================================
time7.shift(months=val2)                                                # STEP 15
ACTION: time7.shift(months=val2) 
val2 = 1 : <type 'int'>
time7 = <Arrow [1970-01-01T00:00:00+00:00]> : <class 'arrow.arrow.Arrow'>
==================================================
time1 = time7.replace(month=val2)                                       # STEP 16
ACTION: time1 = time7.replace(month=val2) 
val2 = 1 : <type 'int'>
time7 = <Arrow [1970-01-01T00:00:00+00:00]> : <class 'arrow.arrow.Arrow'>
time1 = None : <type 'NoneType'>
=> time1 = <Arrow [1970-01-01T00:00:00+00:00]> : <class 'arrow.arrow.Arrow'>
==================================================
time1.shift(months=val2)                                                # STEP 17
ACTION: time1.shift(months=val2) 
val2 = 1 : <type 'int'>
time1 = <Arrow [1970-01-01T00:00:00+00:00]> : <class 'arrow.arrow.Arrow'>
==================================================
time1.shift(months=val2)                                                # STEP 18
ACTION: time1.shift(months=val2) 
val2 = 1 : <type 'int'>
time1 = <Arrow [1970-01-01T00:00:00+00:00]> : <class 'arrow.arrow.Arrow'>
==================================================
time7 = time1.replace(seconds=val2)                                     # STEP 19
ACTION: time7 = time1.replace(seconds=val2) 
val2 = 1 : <type 'int'>
time1 = <Arrow [1970-01-01T00:00:00+00:00]> : <class 'arrow.arrow.Arrow'>
time7 = <Arrow [1970-01-01T00:00:00+00:00]> : <class 'arrow.arrow.Arrow'>
=> time7 = <Arrow [1970-01-01T00:00:01+00:00]> : <class 'arrow.arrow.Arrow'>
==================================================
locale1 =  u'fa'                                                        # STEP 20
ACTION: locale1 =  u'fa' 
locale1 = None : <type 'NoneType'>
=> locale1 = u'fa' : <type 'unicode'>
==================================================
time8 = time0.replace(year=val2)                                        # STEP 21
ACTION: time8 = time0.replace(year=val2) 
val2 = 1 : <type 'int'>
time0 = <Arrow [1970-01-01T00:00:00+00:00]> : <class 'arrow.arrow.Arrow'>
time8 = None : <type 'NoneType'>
=> time8 = <Arrow [0001-01-01T00:00:00+00:00]> : <class 'arrow.arrow.Arrow'>
==================================================
time5 = time7.replace(seconds=val2)                                     # STEP 22
ACTION: time5 = time7.replace(seconds=val2) 
val2 = 1 : <type 'int'>
time7 = <Arrow [1970-01-01T00:00:01+00:00]> : <class 'arrow.arrow.Arrow'>
time5 = None : <type 'NoneType'>
=> time5 = <Arrow [1970-01-01T00:00:02+00:00]> : <class 'arrow.arrow.Arrow'>
==================================================
time1 = time5.replace(seconds=val2)                                     # STEP 23
ACTION: time1 = time5.replace(seconds=val2) 
val2 = 1 : <type 'int'>
time5 = <Arrow [1970-01-01T00:00:02+00:00]> : <class 'arrow.arrow.Arrow'>
time1 = <Arrow [1970-01-01T00:00:00+00:00]> : <class 'arrow.arrow.Arrow'>
=> time1 = <Arrow [1970-01-01T00:00:03+00:00]> : <class 'arrow.arrow.Arrow'>
==================================================
time2 = time3.to(zone4)                                                 # STEP 24
ACTION: time2 = time3.to(zone4) 
zone4 = 'Poland' : <type 'str'>
time3 = <Arrow [1969-12-31T19:00:00-05:00]> : <class 'arrow.arrow.Arrow'>
time2 = None : <type 'NoneType'>
=> time2 = <Arrow [1970-01-01T01:00:00+01:00]> : <class 'arrow.arrow.Arrow'>
==================================================
val9 = 0                                                                # STEP 25
ACTION: val9 = 0 
val9 = None : <type 'NoneType'>
=> val9 = 0 : <type 'int'>
==================================================
val6 = 0                                                                # STEP 26
ACTION: val6 = 0 
val6 = None : <type 'NoneType'>
=> val6 = 0 : <type 'int'>
==================================================
time0 = time3.replace(year=val2)                                        # STEP 27
ACTION: time0 = time3.replace(year=val2) 
val2 = 1 : <type 'int'>
time3 = <Arrow [1969-12-31T19:00:00-05:00]> : <class 'arrow.arrow.Arrow'>
time0 = <Arrow [1970-01-01T00:00:00+00:00]> : <class 'arrow.arrow.Arrow'>
=> time0 = <Arrow [0001-12-31T19:00:00-05:00]> : <class 'arrow.arrow.Arrow'>
==================================================
time9.shift(seconds=val9)                                               # STEP 28
ACTION: time9.shift(seconds=val9) 
val9 = 0 : <type 'int'>
time9 = <Arrow [1970-01-01T00:00:00+00:00]> : <class 'arrow.arrow.Arrow'>
==================================================
time5.timestamp                                                         # STEP 29
ACTION: time5.timestamp 
time5 = <Arrow [1970-01-01T00:00:02+00:00]> : <class 'arrow.arrow.Arrow'>
==================================================
zone4 = 'US/Mountain'                                                   # STEP 30
ACTION: zone4 = 'US/Mountain'  
zone4 = 'Poland' : <type 'str'>
=> zone4 = 'US/Mountain' : <type 'str'>
==================================================
time2.shift(months=val6)                                                # STEP 31
ACTION: time2.shift(months=val6) 
val6 = 0 : <type 'int'>
time2 = <Arrow [1970-01-01T01:00:00+01:00]> : <class 'arrow.arrow.Arrow'>
==================================================
zone2 = 'Australia/Brisbane'                                            # STEP 32
ACTION: zone2 = 'Australia/Brisbane'  
zone2 = 'US/Eastern' : <type 'str'>
=> zone2 = 'Australia/Brisbane' : <type 'str'>
==================================================
time0.shift(months=val9)                                                # STEP 33
ACTION: time0.shift(months=val9) 
val9 = 0 : <type 'int'>
time0 = <Arrow [0001-12-31T19:00:00-05:00]> : <class 'arrow.arrow.Arrow'>
==================================================
time7.shift(months=val2)                                                # STEP 34
ACTION: time7.shift(months=val2) 
val2 = 1 : <type 'int'>
time7 = <Arrow [1970-01-01T00:00:01+00:00]> : <class 'arrow.arrow.Arrow'>
==================================================
time7 = time9.replace(year=val2)                                        # STEP 35
ACTION: time7 = time9.replace(year=val2) 
val2 = 1 : <type 'int'>
time9 = <Arrow [1970-01-01T00:00:00+00:00]> : <class 'arrow.arrow.Arrow'>
time7 = <Arrow [1970-01-01T00:00:01+00:00]> : <class 'arrow.arrow.Arrow'>
=> time7 = <Arrow [0001-01-01T00:00:00+00:00]> : <class 'arrow.arrow.Arrow'>
==================================================
time3 = time7.to(zone0)                                                 # STEP 36
ACTION: time3 = time7.to(zone0) 
zone0 = 'US/Eastern' : <type 'str'>
time7 = <Arrow [0001-01-01T00:00:00+00:00]> : <class 'arrow.arrow.Arrow'>
time3 = <Arrow [1969-12-31T19:00:00-05:00]> : <class 'arrow.arrow.Arrow'>
RAISED EXCEPTION: <type 'exceptions.OverflowError'> date value out of range
ERROR: (<type 'exceptions.OverflowError'>, OverflowError('date value out of range',), <traceback object at 0x10a9daef0>)
TRACEBACK:
  File "/Users/alex/tstl/examples/arrow/sut.py", line 405705, in safely
    act[2]()
  File "/Users/alex/tstl/examples/arrow/sut.py", line 27783, in act790
    self.p_time[3] = self.p_time[7].to(self.p_zone[0])
  File "/Library/Frameworks/Python.framework/Versions/2.7/lib/python2.7/site-packages/arrow/arrow.py", line 510, in to
    dt = self._datetime.astimezone(tz)
  File "/Library/Frameworks/Python.framework/Versions/2.7/lib/python2.7/site-packages/dateutil/tz/tz.py", line 667, in fromutc
    dt_out = dt + datetime.timedelta(seconds=tti.offset)
FAILURE IS NEW, STORING; NOW 3 DISTINCT FAILURES
TEST #62 STEP #27 (0:00:30.002775) Tue Nov 21 16:16:21 2017 [ 236 stmts 311 branches ] (no cov+ for 15 tests) 6012 TOTAL ACTIONS (200.381465023/s)
UNCAUGHT EXCEPTION
ERROR: (<type 'exceptions.ValueError'>, ValueError('year is out of range',), <traceback object at 0x10abd1f38>)
TRACEBACK:
  File "/Users/alex/tstl/examples/arrow/sut.py", line 405705, in safely
    act[2]()
  File "/Users/alex/tstl/examples/arrow/sut.py", line 304226, in act6770
    self.p_time[1].shift(years=self.p_val[5])
  File "/Library/Frameworks/Python.framework/Versions/2.7/lib/python2.7/site-packages/arrow/arrow.py", line 467, in shift
    current = self._datetime + relativedelta(**relative_kwargs)
  File "/Library/Frameworks/Python.framework/Versions/2.7/lib/python2.7/site-packages/dateutil/relativedelta.py", line 391, in __radd__
    return self.__add__(other)
  File "/Library/Frameworks/Python.framework/Versions/2.7/lib/python2.7/site-packages/dateutil/relativedelta.py", line 363, in __add__
    day = min(calendar.monthrange(year, month)[1],
  File "/Library/Frameworks/Python.framework/Versions/2.7/lib/python2.7/calendar.py", line 121, in monthrange
    day1 = weekday(year, month, 1)
  File "/Library/Frameworks/Python.framework/Versions/2.7/lib/python2.7/calendar.py", line 113, in weekday
    return datetime.date(year, month, day).weekday()
Original test has 27 steps

SAVING TEST AS failure.14408.test.3
FINAL VERSION OF TEST, WITH LOGGED REPLAY:
zone2 = 'Singapore'                                                      # STEP 0
ACTION: zone2 = 'Singapore'  
zone2 = None : <type 'NoneType'>
=> zone2 = 'Singapore' : <type 'str'>
==================================================
zone1 = 'Australia/Brisbane'                                             # STEP 1
ACTION: zone1 = 'Australia/Brisbane'  
zone1 = None : <type 'NoneType'>
=> zone1 = 'Australia/Brisbane' : <type 'str'>
==================================================
val5 = 0                                                                 # STEP 2
ACTION: val5 = 0 
val5 = None : <type 'NoneType'>
=> val5 = 0 : <type 'int'>
==================================================
zone0 = 'Australia/Brisbane'                                             # STEP 3
ACTION: zone0 = 'Australia/Brisbane'  
zone0 = None : <type 'NoneType'>
=> zone0 = 'Australia/Brisbane' : <type 'str'>
==================================================
time2 = arrow.get(val5)                                                  # STEP 4
ACTION: time2 = arrow.get(val5) 
val5 = 0 : <type 'int'>
time2 = None : <type 'NoneType'>
=> time2 = <Arrow [1970-01-01T00:00:00+00:00]> : <class 'arrow.arrow.Arrow'>
==================================================
val5 += 1                                                                # STEP 5
ACTION: val5 += 1 
val5 = 0 : <type 'int'>
=> val5 = 1 : <type 'int'>
==================================================
time4 = time2.replace(tzinfo=zone2)                                      # STEP 6
ACTION: time4 = time2.replace(tzinfo=zone2) 
zone2 = 'Singapore' : <type 'str'>
time2 = <Arrow [1970-01-01T00:00:00+00:00]> : <class 'arrow.arrow.Arrow'>
time4 = None : <type 'NoneType'>
=> time4 = <Arrow [1970-01-01T00:00:00+07:30]> : <class 'arrow.arrow.Arrow'>
==================================================
time1 = time2.replace(year=val5)                                         # STEP 7
ACTION: time1 = time2.replace(year=val5) 
val5 = 1 : <type 'int'>
time2 = <Arrow [1970-01-01T00:00:00+00:00]> : <class 'arrow.arrow.Arrow'>
time1 = None : <type 'NoneType'>
=> time1 = <Arrow [0001-01-01T00:00:00+00:00]> : <class 'arrow.arrow.Arrow'>
==================================================
time9 = time1.replace(tzinfo=zone1)                                      # STEP 8
ACTION: time9 = time1.replace(tzinfo=zone1) 
zone1 = 'Australia/Brisbane' : <type 'str'>
time1 = <Arrow [0001-01-01T00:00:00+00:00]> : <class 'arrow.arrow.Arrow'>
time9 = None : <type 'NoneType'>
=> time9 = <Arrow [0001-01-01T00:00:00+10:00]> : <class 'arrow.arrow.Arrow'>
==================================================
time3 = time4.replace(minutes=val5)                                      # STEP 9
ACTION: time3 = time4.replace(minutes=val5) 
val5 = 1 : <type 'int'>
time4 = <Arrow [1970-01-01T00:00:00+07:30]> : <class 'arrow.arrow.Arrow'>
time3 = None : <type 'NoneType'>
=> time3 = <Arrow [1970-01-01T00:01:00+07:30]> : <class 'arrow.arrow.Arrow'>
==================================================
time2.shift(seconds=val5)                                               # STEP 10
ACTION: time2.shift(seconds=val5) 
val5 = 1 : <type 'int'>
time2 = <Arrow [1970-01-01T00:00:00+00:00]> : <class 'arrow.arrow.Arrow'>
==================================================
val5 -= 1                                                               # STEP 11
ACTION: val5 -= 1 
val5 = 1 : <type 'int'>
=> val5 = 0 : <type 'int'>
==================================================
time7 = time3.replace(minutes=val5)                                     # STEP 12
ACTION: time7 = time3.replace(minutes=val5) 
val5 = 0 : <type 'int'>
time3 = <Arrow [1970-01-01T00:01:00+07:30]> : <class 'arrow.arrow.Arrow'>
time7 = None : <type 'NoneType'>
=> time7 = <Arrow [1970-01-01T00:01:00+07:30]> : <class 'arrow.arrow.Arrow'>
==================================================
zone2 = 'Singapore'                                                     # STEP 13
ACTION: zone2 = 'Singapore'  
zone2 = 'Singapore' : <type 'str'>
==================================================
zone1 = 'Singapore'                                                     # STEP 14
ACTION: zone1 = 'Singapore'  
zone1 = 'Australia/Brisbane' : <type 'str'>
=> zone1 = 'Singapore' : <type 'str'>
==================================================
time4 = time7.replace(minutes=val5)                                     # STEP 15
ACTION: time4 = time7.replace(minutes=val5) 
val5 = 0 : <type 'int'>
time7 = <Arrow [1970-01-01T00:01:00+07:30]> : <class 'arrow.arrow.Arrow'>
time4 = <Arrow [1970-01-01T00:00:00+07:30]> : <class 'arrow.arrow.Arrow'>
=> time4 = <Arrow [1970-01-01T00:01:00+07:30]> : <class 'arrow.arrow.Arrow'>
==================================================
time0 = time7.replace(tzinfo=zone0)                                     # STEP 16
ACTION: time0 = time7.replace(tzinfo=zone0) 
zone0 = 'Australia/Brisbane' : <type 'str'>
time7 = <Arrow [1970-01-01T00:01:00+07:30]> : <class 'arrow.arrow.Arrow'>
time0 = None : <type 'NoneType'>
=> time0 = <Arrow [1970-01-01T00:01:00+10:00]> : <class 'arrow.arrow.Arrow'>
==================================================
time1 = time9.replace(tzinfo=zone2)                                     # STEP 17
ACTION: time1 = time9.replace(tzinfo=zone2) 
zone2 = 'Singapore' : <type 'str'>
time9 = <Arrow [0001-01-01T00:00:00+10:00]> : <class 'arrow.arrow.Arrow'>
time1 = <Arrow [0001-01-01T00:00:00+00:00]> : <class 'arrow.arrow.Arrow'>
=> time1 = <Arrow [0001-01-01T00:00:00+06:55]> : <class 'arrow.arrow.Arrow'>
==================================================
time2.shift(years=val5)                                                 # STEP 18
ACTION: time2.shift(years=val5) 
val5 = 0 : <type 'int'>
time2 = <Arrow [1970-01-01T00:00:00+00:00]> : <class 'arrow.arrow.Arrow'>
==================================================
time2.shift(years=val5)                                                 # STEP 19
ACTION: time2.shift(years=val5) 
val5 = 0 : <type 'int'>
time2 = <Arrow [1970-01-01T00:00:00+00:00]> : <class 'arrow.arrow.Arrow'>
==================================================
time4.shift(seconds=val5)                                               # STEP 20
ACTION: time4.shift(seconds=val5) 
val5 = 0 : <type 'int'>
time4 = <Arrow [1970-01-01T00:01:00+07:30]> : <class 'arrow.arrow.Arrow'>
==================================================
zone4 = 'US/Alaska'                                                     # STEP 21
ACTION: zone4 = 'US/Alaska'  
zone4 = None : <type 'NoneType'>
=> zone4 = 'US/Alaska' : <type 'str'>
==================================================
time4.shift(hours=val5)                                                 # STEP 22
ACTION: time4.shift(hours=val5) 
val5 = 0 : <type 'int'>
time4 = <Arrow [1970-01-01T00:01:00+07:30]> : <class 'arrow.arrow.Arrow'>
==================================================
val5 -= 1                                                               # STEP 23
ACTION: val5 -= 1 
val5 = 0 : <type 'int'>
=> val5 = -1 : <type 'int'>
==================================================
time2.shift(weeks=val5)                                                 # STEP 24
ACTION: time2.shift(weeks=val5) 
val5 = -1 : <type 'int'>
time2 = <Arrow [1970-01-01T00:00:00+00:00]> : <class 'arrow.arrow.Arrow'>
==================================================
time0.shift(weeks=val5)                                                 # STEP 25
ACTION: time0.shift(weeks=val5) 
val5 = -1 : <type 'int'>
time0 = <Arrow [1970-01-01T00:01:00+10:00]> : <class 'arrow.arrow.Arrow'>
==================================================
time1.shift(years=val5)                                                 # STEP 26
ACTION: time1.shift(years=val5) 
val5 = -1 : <type 'int'>
time1 = <Arrow [0001-01-01T00:00:00+06:55]> : <class 'arrow.arrow.Arrow'>
RAISED EXCEPTION: <type 'exceptions.ValueError'> year is out of range
ERROR: (<type 'exceptions.ValueError'>, ValueError('year is out of range',), <traceback object at 0x10abd1ab8>)
TRACEBACK:
  File "/Users/alex/tstl/examples/arrow/sut.py", line 405705, in safely
    act[2]()
  File "/Users/alex/tstl/examples/arrow/sut.py", line 304226, in act6770
    self.p_time[1].shift(years=self.p_val[5])
  File "/Library/Frameworks/Python.framework/Versions/2.7/lib/python2.7/site-packages/arrow/arrow.py", line 467, in shift
    current = self._datetime + relativedelta(**relative_kwargs)
  File "/Library/Frameworks/Python.framework/Versions/2.7/lib/python2.7/site-packages/dateutil/relativedelta.py", line 391, in __radd__
    return self.__add__(other)
  File "/Library/Frameworks/Python.framework/Versions/2.7/lib/python2.7/site-packages/dateutil/relativedelta.py", line 363, in __add__
    day = min(calendar.monthrange(year, month)[1],
  File "/Library/Frameworks/Python.framework/Versions/2.7/lib/python2.7/calendar.py", line 121, in monthrange
    day1 = weekday(year, month, 1)
  File "/Library/Frameworks/Python.framework/Versions/2.7/lib/python2.7/calendar.py", line 113, in weekday
    return datetime.date(year, month, day).weekday()
FAILURE IS NEW, STORING; NOW 4 DISTINCT FAILURES
STOPPING TEST DUE TO TIMEOUT, TERMINATED AT LENGTH 55
STOPPING TESTING DUE TO TIMEOUT
20.7938388626 PERCENT COVERED
60.2313737869 TOTAL RUNTIME
122 EXECUTED
11967 TOTAL TEST OPERATIONS
9.25324726105 TIME SPENT EXECUTING TEST OPERATIONS
49.779430151 TIME SPENT EVALUATING GUARDS AND CHOOSING ACTIONS
0.00972318649292 TIME SPENT CHECKING PROPERTIES
9.26297044754 TOTAL TIME SPENT RUNNING SUT
0.159365177155 TIME SPENT RESTARTING
0.0 TIME SPENT REDUCING TEST CASES
4 FAILED
0 REPEATS OF FAILURES
4 ACTUAL DISTINCT FAILURES

FAILURE 0
val9 = 0                                                                 # STEP 0
val5 = 0                                                                 # STEP 1
time8 = arrow.get(val9)                                                  # STEP 2
time8.shift(minutes=val5)                                                # STEP 3
val9 += 1                                                                # STEP 4
zone2 = 'Europe/Rome'                                                    # STEP 5
time8.shift(months=val9)                                                 # STEP 6
time6 = time8.to(zone2)                                                  # STEP 7
time7 = time8.replace(year=val9)                                         # STEP 8
time7.shift(months=val9)                                                 # STEP 9
time4 = time7.replace(tzinfo=zone2)                                     # STEP 10
val5 -= 1                                                               # STEP 11
time9 = time7.replace(year=val9)                                        # STEP 12
time1 = time7.to(zone2)                                                 # STEP 13
time3 = arrow.now(zone2)                                                # STEP 14
zone1 = 'US/Eastern'                                                    # STEP 15
time5 = time8.to(zone2)                                                 # STEP 16
time0 = time6.replace(hours=val5)                                       # STEP 17
time3.format()                                                          # STEP 18
time3 = time5.replace(tzinfo=zone2)                                     # STEP 19
time0.shift(months=val9)                                                # STEP 20
zone0 = 'US/Eastern'                                                    # STEP 21
zone4 = 'Africa/Cairo'                                                  # STEP 22
time2 = arrow.now(zone0)                                                # STEP 23
zone3 = 'Africa/Cairo'                                                  # STEP 24
val5 -= 1                                                               # STEP 25
time6 = time4.replace(year=val9)                                        # STEP 26
time7.shift(months=val9)                                                # STEP 27
val7 = 0                                                                # STEP 28
time7 = arrow.now()                                                     # STEP 29
zone0 = 'US/Eastern'                                                    # STEP 30
val9 -= 1                                                               # STEP 31
time5 = arrow.now()                                                     # STEP 32
time4 = arrow.now()                                                     # STEP 33
val2 = 0                                                                # STEP 34
time4.shift(minutes=val9)                                               # STEP 35
time4 = time2.replace(tzinfo=zone1)                                     # STEP 36
zone1 = 'Etc/Greenwich'                                                 # STEP 37
time2 = time8.replace(tzinfo=zone2)                                     # STEP 38
time0 = arrow.now(zone0)                                                # STEP 39
val0 = 0                                                                # STEP 40
time8 = arrow.now()                                                     # STEP 41
zone0 = 'Africa/Cairo'                                                  # STEP 42
time4.format()                                                          # STEP 43
time0.shift(months=val2)                                                # STEP 44
time4 = arrow.now(zone1)                                                # STEP 45
time0 = time8.to(zone3)                                                 # STEP 46
locale4 =  u'ko'                                                        # STEP 47
time8 = arrow.now()                                                     # STEP 48
time8.shift(minutes=val7)                                               # STEP 49
time0.humanize(locale=locale4)                                          # STEP 50
time0 = time4.replace(tzinfo=zone4)                                     # STEP 51
time9.format()                                                          # STEP 52
time9 = time6.replace(tzinfo=zone1)                                     # STEP 53
time6 = time1.replace(tzinfo=zone0)                                     # STEP 54
time2.shift(minutes=val0)                                               # STEP 55
time2 = time8.replace(hours=val0)                                       # STEP 56
val6 = 0                                                                # STEP 57
val7 -= 1                                                               # STEP 58
time2.humanize(locale=locale4)                                          # STEP 59
time2 = arrow.now(zone0)                                                # STEP 60
time8 = arrow.now(zone2)                                                # STEP 61
time1 = time5.to(zone3)                                                 # STEP 62
time0.shift(minutes=val2)                                               # STEP 63
time0 = time2.to(zone2)                                                 # STEP 64
zone3 = 'Etc/Greenwich'                                                 # STEP 65
val5 += 1                                                               # STEP 66
time2.shift(minutes=val9)                                               # STEP 67
time2 = time6.replace(hours=val9)                                       # STEP 68
time6 = time5.to(zone0)                                                 # STEP 69
time4 = time6.replace(tzinfo=zone3)                                     # STEP 70
zone4 = 'Etc/Greenwich'                                                 # STEP 71
time5 = time8.replace(tzinfo=zone0)                                     # STEP 72
time8 = time3.replace(hours=val6)                                       # STEP 73
time8.shift(months=val0)                                                # STEP 74
time8 = arrow.now()                                                     # STEP 75
locale4 =  u'hu'                                                        # STEP 76
time3 = time6.replace(tzinfo=zone0)                                     # STEP 77
time4.shift(minutes=val9)                                               # STEP 78
time4 = time3.to(zone2)                                                 # STEP 79
zone0 = 'Europe/Rome'                                                   # STEP 80
time3.humanize(locale=locale4)                                          # STEP 81
time3 = time6.replace(tzinfo=zone1)                                     # STEP 82
time6 = time6.to(zone2)                                                 # STEP 83
time5.humanize(locale=locale4)                                          # STEP 84
time5 = time6.replace(tzinfo=zone3)                                     # STEP 85
time6 = time5.replace(tzinfo=zone3)                                     # STEP 86
time5 = arrow.now()                                                     # STEP 87
time0.year                                                              # STEP 88
time1.shift(months=val5)                                                # STEP 89
time1 = arrow.now(zone1)                                                # STEP 90
time6.shift(months=val2)                                                # STEP 91
time0 = arrow.now(zone3)                                                # STEP 92
time6 = time2.to(zone2)                                                 # STEP 93
ERROR: (<type 'exceptions.OverflowError'>, OverflowError('date value out of range',), <traceback object at 0x10a938e60>)
TRACEBACK:
  File "/Users/alex/tstl/examples/arrow/sut.py", line 405705, in safely
    act[2]()
  File "/Users/alex/tstl/examples/arrow/sut.py", line 33565, in act917
    self.p_time[6] = self.p_time[2].to(self.p_zone[2])
  File "/Library/Frameworks/Python.framework/Versions/2.7/lib/python2.7/site-packages/arrow/arrow.py", line 510, in to
    dt = self._datetime.astimezone(tz)
FAILURE 1
zone4 = 'Asia/Samarkand'                                                 # STEP 0
zone2 = 'Etc/Greenwich'                                                  # STEP 1
zone3 = 'US/Mountain'                                                    # STEP 2
zone1 = 'Asia/Samarkand'                                                 # STEP 3
val1 = 0                                                                 # STEP 4
zone0 = 'US/Mountain'                                                    # STEP 5
time8 = arrow.get(val1)                                                  # STEP 6
time5 = time8.replace(tzinfo=zone1)                                      # STEP 7
time5.shift(hours=val1)                                                  # STEP 8
zone1 = 'Turkey'                                                         # STEP 9
time5.shift(hours=val1)                                                 # STEP 10
time5.format()                                                          # STEP 11
time8.shift(minutes=val1)                                               # STEP 12
time7 = time8.replace(tzinfo=zone3)                                     # STEP 13
time5.shift(hours=val1)                                                 # STEP 14
time8 = time7.replace(hours=val1)                                       # STEP 15
zone3 = 'Europe/Rome'                                                   # STEP 16
time2 = time5.replace(tzinfo=zone1)                                     # STEP 17
time7 = time2.replace(hours=val1)                                       # STEP 18
time7.shift(hours=val1)                                                 # STEP 19
time2.timestamp                                                         # STEP 20
locale2 =  u'th_th'                                                     # STEP 21
locale1 =  u'he_il'                                                     # STEP 22
time0 = time5.replace(hours=val1)                                       # STEP 23
time7.format()                                                          # STEP 24
time2 = time8.replace(tzinfo=zone3)                                     # STEP 25
val1 += 1                                                               # STEP 26
time5 = time0.replace(month=val1)                                       # STEP 27
time5.shift(minutes=val1)                                               # STEP 28
time5 = time5.replace(hours=val1)                                       # STEP 29
time3 = time0.replace(minutes=val1)                                     # STEP 30
zone3 = 'US/Mountain'                                                   # STEP 31
time0 = time3.replace(tzinfo=zone0)                                     # STEP 32
time8.shift(minutes=val1)                                               # STEP 33
time6 = time5.replace(hours=val1)                                       # STEP 34
time1 = time6.replace(minutes=val1)                                     # STEP 35
time8 = time7.replace(year=val1)                                        # STEP 36
time7 = time1.replace(tzinfo=zone0)                                     # STEP 37
zone1 = 'Asia/Samarkand'                                                # STEP 38
time3 = time0.replace(tzinfo=zone2)                                     # STEP 39
time9 = time8.replace(tzinfo=zone0)                                     # STEP 40
time3.shift(hours=val1)                                                 # STEP 41
time3 = time5.replace(year=val1)                                        # STEP 42
time6.format()                                                          # STEP 43
time6 = time8.replace(year=val1)                                        # STEP 44
time6.shift(minutes=val1)                                               # STEP 45
zone0 = 'Asia/Samarkand'                                                # STEP 46
time5 = time8.replace(minutes=val1)                                     # STEP 47
time1.shift(hours=val1)                                                 # STEP 48
time8 = time7.replace(month=val1)                                       # STEP 49
time7 = time7.replace(tzinfo=zone2)                                     # STEP 50
time2.format()                                                          # STEP 51
zone2 = 'US/Mountain'                                                   # STEP 52
time3.timestamp                                                         # STEP 53
ERROR: (<type 'exceptions.ValueError'>, ValueError('year is out of range',), <traceback object at 0x10a938c20>)
TRACEBACK:
  File "/Users/alex/tstl/examples/arrow/sut.py", line 405705, in safely
    act[2]()
  File "/Users/alex/tstl/examples/arrow/sut.py", line 327455, in act7368
    self.p_time[3].timestamp
  File "/Library/Frameworks/Python.framework/Versions/2.7/lib/python2.7/site-packages/arrow/arrow.py", line 351, in timestamp
    return calendar.timegm(self._datetime.utctimetuple())
  File "/Library/Frameworks/Python.framework/Versions/2.7/lib/python2.7/calendar.py", line 614, in timegm
    days = datetime.date(year, month, 1).toordinal() - _EPOCH_ORD + day - 1
FAILURE 2
zone4 = 'Poland'                                                         # STEP 0
zone1 = 'Africa/Cairo'                                                   # STEP 1
zone0 = 'US/Eastern'                                                     # STEP 2
zone3 = 'Australia/Brisbane'                                             # STEP 3
zone2 = 'US/Eastern'                                                     # STEP 4
val2 = 0                                                                 # STEP 5
locale4 =  u'fa_ir'                                                      # STEP 6
time7 = arrow.get(val2)                                                  # STEP 7
time7.humanize(locale=locale4)                                           # STEP 8
time7 = time7.replace(seconds=val2)                                      # STEP 9
time0 = arrow.get(val2)                                                 # STEP 10
time9 = arrow.get(val2)                                                 # STEP 11
time3 = time9.to(zone2)                                                 # STEP 12
time3.shift(seconds=val2)                                               # STEP 13
val2 += 1                                                               # STEP 14
time7.shift(months=val2)                                                # STEP 15
time1 = time7.replace(month=val2)                                       # STEP 16
time1.shift(months=val2)                                                # STEP 17
time1.shift(months=val2)                                                # STEP 18
time7 = time1.replace(seconds=val2)                                     # STEP 19
locale1 =  u'fa'                                                        # STEP 20
time8 = time0.replace(year=val2)                                        # STEP 21
time5 = time7.replace(seconds=val2)                                     # STEP 22
time1 = time5.replace(seconds=val2)                                     # STEP 23
time2 = time3.to(zone4)                                                 # STEP 24
val9 = 0                                                                # STEP 25
val6 = 0                                                                # STEP 26
time0 = time3.replace(year=val2)                                        # STEP 27
time9.shift(seconds=val9)                                               # STEP 28
time5.timestamp                                                         # STEP 29
zone4 = 'US/Mountain'                                                   # STEP 30
time2.shift(months=val6)                                                # STEP 31
zone2 = 'Australia/Brisbane'                                            # STEP 32
time0.shift(months=val9)                                                # STEP 33
time7.shift(months=val2)                                                # STEP 34
time7 = time9.replace(year=val2)                                        # STEP 35
time3 = time7.to(zone0)                                                 # STEP 36
ERROR: (<type 'exceptions.OverflowError'>, OverflowError('date value out of range',), <traceback object at 0x10a9daef0>)
TRACEBACK:
  File "/Users/alex/tstl/examples/arrow/sut.py", line 405705, in safely
    act[2]()
  File "/Users/alex/tstl/examples/arrow/sut.py", line 27783, in act790
    self.p_time[3] = self.p_time[7].to(self.p_zone[0])
  File "/Library/Frameworks/Python.framework/Versions/2.7/lib/python2.7/site-packages/arrow/arrow.py", line 510, in to
    dt = self._datetime.astimezone(tz)
  File "/Library/Frameworks/Python.framework/Versions/2.7/lib/python2.7/site-packages/dateutil/tz/tz.py", line 667, in fromutc
    dt_out = dt + datetime.timedelta(seconds=tti.offset)
FAILURE 3
zone2 = 'Singapore'                                                      # STEP 0
zone1 = 'Australia/Brisbane'                                             # STEP 1
val5 = 0                                                                 # STEP 2
zone0 = 'Australia/Brisbane'                                             # STEP 3
time2 = arrow.get(val5)                                                  # STEP 4
val5 += 1                                                                # STEP 5
time4 = time2.replace(tzinfo=zone2)                                      # STEP 6
time1 = time2.replace(year=val5)                                         # STEP 7
time9 = time1.replace(tzinfo=zone1)                                      # STEP 8
time3 = time4.replace(minutes=val5)                                      # STEP 9
time2.shift(seconds=val5)                                               # STEP 10
val5 -= 1                                                               # STEP 11
time7 = time3.replace(minutes=val5)                                     # STEP 12
zone2 = 'Singapore'                                                     # STEP 13
zone1 = 'Singapore'                                                     # STEP 14
time4 = time7.replace(minutes=val5)                                     # STEP 15
time0 = time7.replace(tzinfo=zone0)                                     # STEP 16
time1 = time9.replace(tzinfo=zone2)                                     # STEP 17
time2.shift(years=val5)                                                 # STEP 18
time2.shift(years=val5)                                                 # STEP 19
time4.shift(seconds=val5)                                               # STEP 20
zone4 = 'US/Alaska'                                                     # STEP 21
time4.shift(hours=val5)                                                 # STEP 22
val5 -= 1                                                               # STEP 23
time2.shift(weeks=val5)                                                 # STEP 24
time0.shift(weeks=val5)                                                 # STEP 25
time1.shift(years=val5)                                                 # STEP 26
ERROR: (<type 'exceptions.ValueError'>, ValueError('year is out of range',), <traceback object at 0x10abd1ab8>)
TRACEBACK:
  File "/Users/alex/tstl/examples/arrow/sut.py", line 405705, in safely
    act[2]()
  File "/Users/alex/tstl/examples/arrow/sut.py", line 304226, in act6770
    self.p_time[1].shift(years=self.p_val[5])
  File "/Library/Frameworks/Python.framework/Versions/2.7/lib/python2.7/site-packages/arrow/arrow.py", line 467, in shift
    current = self._datetime + relativedelta(**relative_kwargs)
  File "/Library/Frameworks/Python.framework/Versions/2.7/lib/python2.7/site-packages/dateutil/relativedelta.py", line 391, in __radd__
    return self.__add__(other)
  File "/Library/Frameworks/Python.framework/Versions/2.7/lib/python2.7/site-packages/dateutil/relativedelta.py", line 363, in __add__
    day = min(calendar.monthrange(year, month)[1],
  File "/Library/Frameworks/Python.framework/Versions/2.7/lib/python2.7/calendar.py", line 121, in monthrange
    day1 = weekday(year, month, 1)
  File "/Library/Frameworks/Python.framework/Versions/2.7/lib/python2.7/calendar.py", line 113, in weekday
    return datetime.date(year, month, day).weekday()
322 BRANCHES COVERED
243 STATEMENTS COVERED
