Random testing using config=Config(noExceptionMatch=False, generalize=False, localize=False, speed='FAST', probs='locsample.probs', LOCBaseline=0.2, noAlphaConvert=False, replayable=False, essentials=False, noCoverageExploit=False, quickTests=False, html=None, keepLast=False, stopWhenNoCoverage=None, generateLOC=None, computeFeatureStats=False, Pmutate=0.0, timeout=60, output='failure.15426.test', markov=None, noSwarmDependencies=False, startExploit=0.0, maxMustHitBranch=None, useHints=False, silentFail=False, highLowSwarm=None, maxMustHitStatement=None, progress=False, postCover=False, swarmLength=None, noCover=False, noEnumerateEnabled=False, full=True, swarmP=0.5, coverFile='coverage.out', markovP=1.0, swarmProbs=None, genDepth=None, exploitCeiling=0.1, logging=None, noCheck=False, throughput=False, uncaught=False, swarmSwitch=None, verbose=False, reducePool=False, exploit=None, fastQuickAnalysis=False, total=False, verboseExploit=False, swarm=True, sequenceP=1.0, biasLOC=None, timedProgress=30, relax=False, ddmin=False, stutter=None, readQuick=False, verboseActions=False, quickAnalysis=False, noReassign=False, sequenceSize=3, LOCProbs=False, sequencesFromTests=None, maxTests=-1, trackMaxCoverage=None, useQuickSequences=False, exploitBestHint=1, failedLogging=None, stopWhenStatements=None, greedyStutter=False, seed=None, stopWhenHitStatement=None, uniqueValuesAnalysis=False, normalize=False, startExploitStall=0, enumerateEnabled=False, internal=False, profile=False, multiple=True, stopWhenBranches=None, running=False, compareFails=False, Pcrossover=0.2, stopWhenHitBranch=None, depth=100, showActions=False)
UNCAUGHT EXCEPTION
ERROR: (<type 'exceptions.OverflowError'>, OverflowError('date value out of range',), <traceback object at 0x10992fb00>)
TRACEBACK:
  File "/Users/alex/tstl/examples/arrow/sut.py", line 405705, in safely
    act[2]()
  File "/Users/alex/tstl/examples/arrow/sut.py", line 31617, in act874
    self.p_time[5] = self.p_time[3].to(self.p_zone[4])
  File "/Library/Frameworks/Python.framework/Versions/2.7/lib/python2.7/site-packages/arrow/arrow.py", line 510, in to
    dt = self._datetime.astimezone(tz)
Original test has 98 steps

SAVING TEST AS failure.15426.test.0
FINAL VERSION OF TEST, WITH LOGGED REPLAY:
val8 = 0                                                                 # STEP 0
ACTION: val8 = 0 
val8 = None : <type 'NoneType'>
=> val8 = 0 : <type 'int'>
==================================================
zone3 = 'Australia/Brisbane'                                             # STEP 1
ACTION: zone3 = 'Australia/Brisbane'  
zone3 = None : <type 'NoneType'>
=> zone3 = 'Australia/Brisbane' : <type 'str'>
==================================================
zone1 = 'US/Pacific'                                                     # STEP 2
ACTION: zone1 = 'US/Pacific'  
zone1 = None : <type 'NoneType'>
=> zone1 = 'US/Pacific' : <type 'str'>
==================================================
zone4 = 'Australia/Brisbane'                                             # STEP 3
ACTION: zone4 = 'Australia/Brisbane'  
zone4 = None : <type 'NoneType'>
=> zone4 = 'Australia/Brisbane' : <type 'str'>
==================================================
zone2 = 'Singapore'                                                      # STEP 4
ACTION: zone2 = 'Singapore'  
zone2 = None : <type 'NoneType'>
=> zone2 = 'Singapore' : <type 'str'>
==================================================
locale4 =  u'ca_it'                                                      # STEP 5
ACTION: locale4 =  u'ca_it' 
locale4 = None : <type 'NoneType'>
=> locale4 = u'ca_it' : <type 'unicode'>
==================================================
zone0 = 'US/Pacific'                                                     # STEP 6
ACTION: zone0 = 'US/Pacific'  
zone0 = None : <type 'NoneType'>
=> zone0 = 'US/Pacific' : <type 'str'>
==================================================
val2 = 0                                                                 # STEP 7
ACTION: val2 = 0 
val2 = None : <type 'NoneType'>
=> val2 = 0 : <type 'int'>
==================================================
time7 = arrow.get(val8)                                                  # STEP 8
ACTION: time7 = arrow.get(val8) 
val8 = 0 : <type 'int'>
time7 = None : <type 'NoneType'>
=> time7 = <Arrow [1970-01-01T00:00:00+00:00]> : <class 'arrow.arrow.Arrow'>
==================================================
time8 = time7.to(zone3)                                                  # STEP 9
ACTION: time8 = time7.to(zone3) 
zone3 = 'Australia/Brisbane' : <type 'str'>
time7 = <Arrow [1970-01-01T00:00:00+00:00]> : <class 'arrow.arrow.Arrow'>
time8 = None : <type 'NoneType'>
=> time8 = <Arrow [1970-01-01T10:00:00+10:00]> : <class 'arrow.arrow.Arrow'>
==================================================
time0 = time7.to(zone1)                                                 # STEP 10
ACTION: time0 = time7.to(zone1) 
zone1 = 'US/Pacific' : <type 'str'>
time7 = <Arrow [1970-01-01T00:00:00+00:00]> : <class 'arrow.arrow.Arrow'>
time0 = None : <type 'NoneType'>
=> time0 = <Arrow [1969-12-31T16:00:00-08:00]> : <class 'arrow.arrow.Arrow'>
==================================================
zone1 = 'Australia/Brisbane'                                            # STEP 11
ACTION: zone1 = 'Australia/Brisbane'  
zone1 = 'US/Pacific' : <type 'str'>
=> zone1 = 'Australia/Brisbane' : <type 'str'>
==================================================
zone3 = 'Singapore'                                                     # STEP 12
ACTION: zone3 = 'Singapore'  
zone3 = 'Australia/Brisbane' : <type 'str'>
=> zone3 = 'Singapore' : <type 'str'>
==================================================
time1 = time8.replace(seconds=val8)                                     # STEP 13
ACTION: time1 = time8.replace(seconds=val8) 
val8 = 0 : <type 'int'>
time8 = <Arrow [1970-01-01T10:00:00+10:00]> : <class 'arrow.arrow.Arrow'>
time1 = None : <type 'NoneType'>
=> time1 = <Arrow [1970-01-01T10:00:00+10:00]> : <class 'arrow.arrow.Arrow'>
==================================================
time9 = time1.replace(minutes=val8)                                     # STEP 14
ACTION: time9 = time1.replace(minutes=val8) 
val8 = 0 : <type 'int'>
time1 = <Arrow [1970-01-01T10:00:00+10:00]> : <class 'arrow.arrow.Arrow'>
time9 = None : <type 'NoneType'>
=> time9 = <Arrow [1970-01-01T10:00:00+10:00]> : <class 'arrow.arrow.Arrow'>
==================================================
time2 = time1.replace(hours=val8)                                       # STEP 15
ACTION: time2 = time1.replace(hours=val8) 
val8 = 0 : <type 'int'>
time1 = <Arrow [1970-01-01T10:00:00+10:00]> : <class 'arrow.arrow.Arrow'>
time2 = None : <type 'NoneType'>
=> time2 = <Arrow [1970-01-01T10:00:00+10:00]> : <class 'arrow.arrow.Arrow'>
==================================================
time7 = time1.replace(minutes=val2)                                     # STEP 16
ACTION: time7 = time1.replace(minutes=val2) 
val2 = 0 : <type 'int'>
time1 = <Arrow [1970-01-01T10:00:00+10:00]> : <class 'arrow.arrow.Arrow'>
time7 = <Arrow [1970-01-01T00:00:00+00:00]> : <class 'arrow.arrow.Arrow'>
=> time7 = <Arrow [1970-01-01T10:00:00+10:00]> : <class 'arrow.arrow.Arrow'>
==================================================
time6 = time8.replace(minutes=val8)                                     # STEP 17
ACTION: time6 = time8.replace(minutes=val8) 
val8 = 0 : <type 'int'>
time8 = <Arrow [1970-01-01T10:00:00+10:00]> : <class 'arrow.arrow.Arrow'>
time6 = None : <type 'NoneType'>
=> time6 = <Arrow [1970-01-01T10:00:00+10:00]> : <class 'arrow.arrow.Arrow'>
==================================================
time8 = time7.to(zone0)                                                 # STEP 18
ACTION: time8 = time7.to(zone0) 
zone0 = 'US/Pacific' : <type 'str'>
time7 = <Arrow [1970-01-01T10:00:00+10:00]> : <class 'arrow.arrow.Arrow'>
time8 = <Arrow [1970-01-01T10:00:00+10:00]> : <class 'arrow.arrow.Arrow'>
=> time8 = <Arrow [1969-12-31T16:00:00-08:00]> : <class 'arrow.arrow.Arrow'>
==================================================
zone0 = 'Australia/Brisbane'                                            # STEP 19
ACTION: zone0 = 'Australia/Brisbane'  
zone0 = 'US/Pacific' : <type 'str'>
=> zone0 = 'Australia/Brisbane' : <type 'str'>
==================================================
time3 = time2.replace(hours=val8)                                       # STEP 20
ACTION: time3 = time2.replace(hours=val8) 
val8 = 0 : <type 'int'>
time2 = <Arrow [1970-01-01T10:00:00+10:00]> : <class 'arrow.arrow.Arrow'>
time3 = None : <type 'NoneType'>
=> time3 = <Arrow [1970-01-01T10:00:00+10:00]> : <class 'arrow.arrow.Arrow'>
==================================================
time3.timestamp                                                         # STEP 21
ACTION: time3.timestamp 
time3 = <Arrow [1970-01-01T10:00:00+10:00]> : <class 'arrow.arrow.Arrow'>
==================================================
time3 = time1.to(zone1)                                                 # STEP 22
ACTION: time3 = time1.to(zone1) 
zone1 = 'Australia/Brisbane' : <type 'str'>
time1 = <Arrow [1970-01-01T10:00:00+10:00]> : <class 'arrow.arrow.Arrow'>
time3 = <Arrow [1970-01-01T10:00:00+10:00]> : <class 'arrow.arrow.Arrow'>
==================================================
time3.shift(seconds=val8)                                               # STEP 23
ACTION: time3.shift(seconds=val8) 
val8 = 0 : <type 'int'>
time3 = <Arrow [1970-01-01T10:00:00+10:00]> : <class 'arrow.arrow.Arrow'>
==================================================
zone1 = 'Europe/Rome'                                                   # STEP 24
ACTION: zone1 = 'Europe/Rome'  
zone1 = 'Australia/Brisbane' : <type 'str'>
=> zone1 = 'Europe/Rome' : <type 'str'>
==================================================
time5 = arrow.get(val8)                                                 # STEP 25
ACTION: time5 = arrow.get(val8) 
val8 = 0 : <type 'int'>
time5 = None : <type 'NoneType'>
=> time5 = <Arrow [1970-01-01T00:00:00+00:00]> : <class 'arrow.arrow.Arrow'>
==================================================
time4 = time3.replace(seconds=val8)                                     # STEP 26
ACTION: time4 = time3.replace(seconds=val8) 
val8 = 0 : <type 'int'>
time3 = <Arrow [1970-01-01T10:00:00+10:00]> : <class 'arrow.arrow.Arrow'>
time4 = None : <type 'NoneType'>
=> time4 = <Arrow [1970-01-01T10:00:00+10:00]> : <class 'arrow.arrow.Arrow'>
==================================================
time1 = time2.replace(minutes=val2)                                     # STEP 27
ACTION: time1 = time2.replace(minutes=val2) 
val2 = 0 : <type 'int'>
time2 = <Arrow [1970-01-01T10:00:00+10:00]> : <class 'arrow.arrow.Arrow'>
time1 = <Arrow [1970-01-01T10:00:00+10:00]> : <class 'arrow.arrow.Arrow'>
==================================================
time7.datetime                                                          # STEP 28
ACTION: time7.datetime 
time7 = <Arrow [1970-01-01T10:00:00+10:00]> : <class 'arrow.arrow.Arrow'>
==================================================
time3 = time9.to(zone0)                                                 # STEP 29
ACTION: time3 = time9.to(zone0) 
zone0 = 'Australia/Brisbane' : <type 'str'>
time9 = <Arrow [1970-01-01T10:00:00+10:00]> : <class 'arrow.arrow.Arrow'>
time3 = <Arrow [1970-01-01T10:00:00+10:00]> : <class 'arrow.arrow.Arrow'>
==================================================
time7 = time6.replace(hours=val8)                                       # STEP 30
ACTION: time7 = time6.replace(hours=val8) 
val8 = 0 : <type 'int'>
time6 = <Arrow [1970-01-01T10:00:00+10:00]> : <class 'arrow.arrow.Arrow'>
time7 = <Arrow [1970-01-01T10:00:00+10:00]> : <class 'arrow.arrow.Arrow'>
==================================================
time6.humanize(locale=locale4)                                          # STEP 31
ACTION: time6.humanize(locale=locale4) 
locale4 = u'ca_it' : <type 'unicode'>
time6 = <Arrow [1970-01-01T10:00:00+10:00]> : <class 'arrow.arrow.Arrow'>
==================================================
time9 = time8.to(zone0)                                                 # STEP 32
ACTION: time9 = time8.to(zone0) 
zone0 = 'Australia/Brisbane' : <type 'str'>
time8 = <Arrow [1969-12-31T16:00:00-08:00]> : <class 'arrow.arrow.Arrow'>
time9 = <Arrow [1970-01-01T10:00:00+10:00]> : <class 'arrow.arrow.Arrow'>
==================================================
time6 = time8.to(zone3)                                                 # STEP 33
ACTION: time6 = time8.to(zone3) 
zone3 = 'Singapore' : <type 'str'>
time8 = <Arrow [1969-12-31T16:00:00-08:00]> : <class 'arrow.arrow.Arrow'>
time6 = <Arrow [1970-01-01T10:00:00+10:00]> : <class 'arrow.arrow.Arrow'>
=> time6 = <Arrow [1970-01-01T07:30:00+07:30]> : <class 'arrow.arrow.Arrow'>
==================================================
time9.shift(seconds=val8)                                               # STEP 34
ACTION: time9.shift(seconds=val8) 
val8 = 0 : <type 'int'>
time9 = <Arrow [1970-01-01T10:00:00+10:00]> : <class 'arrow.arrow.Arrow'>
==================================================
time9 = arrow.utcnow()                                                  # STEP 35
ACTION: time9 = arrow.utcnow() 
time9 = <Arrow [1970-01-01T10:00:00+10:00]> : <class 'arrow.arrow.Arrow'>
=> time9 = <Arrow [2017-11-22T05:38:15.541281+00:00]> : <class 'arrow.arrow.Arrow'>
==================================================
time7.shift(seconds=val8)                                               # STEP 36
ACTION: time7.shift(seconds=val8) 
val8 = 0 : <type 'int'>
time7 = <Arrow [1970-01-01T10:00:00+10:00]> : <class 'arrow.arrow.Arrow'>
==================================================
zone3 = 'US/Alaska'                                                     # STEP 37
ACTION: zone3 = 'US/Alaska'  
zone3 = 'Singapore' : <type 'str'>
=> zone3 = 'US/Alaska' : <type 'str'>
==================================================
time5.timestamp                                                         # STEP 38
ACTION: time5.timestamp 
time5 = <Arrow [1970-01-01T00:00:00+00:00]> : <class 'arrow.arrow.Arrow'>
==================================================
zone0 = 'US/Mountain'                                                   # STEP 39
ACTION: zone0 = 'US/Mountain'  
zone0 = 'Australia/Brisbane' : <type 'str'>
=> zone0 = 'US/Mountain' : <type 'str'>
==================================================
time7 = time1.replace(hours=val2)                                       # STEP 40
ACTION: time7 = time1.replace(hours=val2) 
val2 = 0 : <type 'int'>
time1 = <Arrow [1970-01-01T10:00:00+10:00]> : <class 'arrow.arrow.Arrow'>
time7 = <Arrow [1970-01-01T10:00:00+10:00]> : <class 'arrow.arrow.Arrow'>
==================================================
locale4 =  u'az_az'                                                     # STEP 41
ACTION: locale4 =  u'az_az' 
locale4 = u'ca_it' : <type 'unicode'>
=> locale4 = u'az_az' : <type 'unicode'>
==================================================
time2 = time7.replace(minutes=val8)                                     # STEP 42
ACTION: time2 = time7.replace(minutes=val8) 
val8 = 0 : <type 'int'>
time7 = <Arrow [1970-01-01T10:00:00+10:00]> : <class 'arrow.arrow.Arrow'>
time2 = <Arrow [1970-01-01T10:00:00+10:00]> : <class 'arrow.arrow.Arrow'>
==================================================
time1 = time3.replace(minutes=val8)                                     # STEP 43
ACTION: time1 = time3.replace(minutes=val8) 
val8 = 0 : <type 'int'>
time3 = <Arrow [1970-01-01T10:00:00+10:00]> : <class 'arrow.arrow.Arrow'>
time1 = <Arrow [1970-01-01T10:00:00+10:00]> : <class 'arrow.arrow.Arrow'>
==================================================
time3 = time2.to(zone0)                                                 # STEP 44
ACTION: time3 = time2.to(zone0) 
zone0 = 'US/Mountain' : <type 'str'>
time2 = <Arrow [1970-01-01T10:00:00+10:00]> : <class 'arrow.arrow.Arrow'>
time3 = <Arrow [1970-01-01T10:00:00+10:00]> : <class 'arrow.arrow.Arrow'>
=> time3 = <Arrow [1969-12-31T17:00:00-07:00]> : <class 'arrow.arrow.Arrow'>
==================================================
time2 = time7.replace(hours=val2)                                       # STEP 45
ACTION: time2 = time7.replace(hours=val2) 
val2 = 0 : <type 'int'>
time7 = <Arrow [1970-01-01T10:00:00+10:00]> : <class 'arrow.arrow.Arrow'>
time2 = <Arrow [1970-01-01T10:00:00+10:00]> : <class 'arrow.arrow.Arrow'>
==================================================
zone0 = 'US/Alaska'                                                     # STEP 46
ACTION: zone0 = 'US/Alaska'  
zone0 = 'US/Mountain' : <type 'str'>
=> zone0 = 'US/Alaska' : <type 'str'>
==================================================
time2.humanize(locale=locale4)                                          # STEP 47
ACTION: time2.humanize(locale=locale4) 
locale4 = u'az_az' : <type 'unicode'>
time2 = <Arrow [1970-01-01T10:00:00+10:00]> : <class 'arrow.arrow.Arrow'>
==================================================
time2 = time5.replace(seconds=val2)                                     # STEP 48
ACTION: time2 = time5.replace(seconds=val2) 
val2 = 0 : <type 'int'>
time5 = <Arrow [1970-01-01T00:00:00+00:00]> : <class 'arrow.arrow.Arrow'>
time2 = <Arrow [1970-01-01T10:00:00+10:00]> : <class 'arrow.arrow.Arrow'>
=> time2 = <Arrow [1970-01-01T00:00:00+00:00]> : <class 'arrow.arrow.Arrow'>
==================================================
time3.humanize(locale=locale4)                                          # STEP 49
ACTION: time3.humanize(locale=locale4) 
locale4 = u'az_az' : <type 'unicode'>
time3 = <Arrow [1969-12-31T17:00:00-07:00]> : <class 'arrow.arrow.Arrow'>
==================================================
time5 = time1.replace(seconds=val8)                                     # STEP 50
ACTION: time5 = time1.replace(seconds=val8) 
val8 = 0 : <type 'int'>
time1 = <Arrow [1970-01-01T10:00:00+10:00]> : <class 'arrow.arrow.Arrow'>
time5 = <Arrow [1970-01-01T00:00:00+00:00]> : <class 'arrow.arrow.Arrow'>
=> time5 = <Arrow [1970-01-01T10:00:00+10:00]> : <class 'arrow.arrow.Arrow'>
==================================================
time7 = time8.replace(minutes=val2)                                     # STEP 51
ACTION: time7 = time8.replace(minutes=val2) 
val2 = 0 : <type 'int'>
time8 = <Arrow [1969-12-31T16:00:00-08:00]> : <class 'arrow.arrow.Arrow'>
time7 = <Arrow [1970-01-01T10:00:00+10:00]> : <class 'arrow.arrow.Arrow'>
=> time7 = <Arrow [1969-12-31T16:00:00-08:00]> : <class 'arrow.arrow.Arrow'>
==================================================
time8 = time9.to(zone0)                                                 # STEP 52
ACTION: time8 = time9.to(zone0) 
zone0 = 'US/Alaska' : <type 'str'>
time9 = <Arrow [2017-11-22T05:38:15.541281+00:00]> : <class 'arrow.arrow.Arrow'>
time8 = <Arrow [1969-12-31T16:00:00-08:00]> : <class 'arrow.arrow.Arrow'>
=> time8 = <Arrow [2017-11-21T20:38:15.541281-09:00]> : <class 'arrow.arrow.Arrow'>
==================================================
time3.humanize(locale=locale4)                                          # STEP 53
ACTION: time3.humanize(locale=locale4) 
locale4 = u'az_az' : <type 'unicode'>
time3 = <Arrow [1969-12-31T17:00:00-07:00]> : <class 'arrow.arrow.Arrow'>
==================================================
zone0 = 'Poland'                                                        # STEP 54
ACTION: zone0 = 'Poland'  
zone0 = 'US/Alaska' : <type 'str'>
=> zone0 = 'Poland' : <type 'str'>
==================================================
time3 = arrow.get(val8)                                                 # STEP 55
ACTION: time3 = arrow.get(val8) 
val8 = 0 : <type 'int'>
time3 = <Arrow [1969-12-31T17:00:00-07:00]> : <class 'arrow.arrow.Arrow'>
=> time3 = <Arrow [1970-01-01T00:00:00+00:00]> : <class 'arrow.arrow.Arrow'>
==================================================
time1 = time3.replace(seconds=val8)                                     # STEP 56
ACTION: time1 = time3.replace(seconds=val8) 
val8 = 0 : <type 'int'>
time3 = <Arrow [1970-01-01T00:00:00+00:00]> : <class 'arrow.arrow.Arrow'>
time1 = <Arrow [1970-01-01T10:00:00+10:00]> : <class 'arrow.arrow.Arrow'>
=> time1 = <Arrow [1970-01-01T00:00:00+00:00]> : <class 'arrow.arrow.Arrow'>
==================================================
time4.shift(seconds=val8)                                               # STEP 57
ACTION: time4.shift(seconds=val8) 
val8 = 0 : <type 'int'>
time4 = <Arrow [1970-01-01T10:00:00+10:00]> : <class 'arrow.arrow.Arrow'>
==================================================
locale2 =  u'en_us'                                                     # STEP 58
ACTION: locale2 =  u'en_us' 
locale2 = None : <type 'NoneType'>
=> locale2 = u'en_us' : <type 'unicode'>
==================================================
time9 = time7.to(zone4)                                                 # STEP 59
ACTION: time9 = time7.to(zone4) 
zone4 = 'Australia/Brisbane' : <type 'str'>
time7 = <Arrow [1969-12-31T16:00:00-08:00]> : <class 'arrow.arrow.Arrow'>
time9 = <Arrow [2017-11-22T05:38:15.541281+00:00]> : <class 'arrow.arrow.Arrow'>
=> time9 = <Arrow [1970-01-01T10:00:00+10:00]> : <class 'arrow.arrow.Arrow'>
==================================================
zone4 = 'US/Arizona'                                                    # STEP 60
ACTION: zone4 = 'US/Arizona'  
zone4 = 'Australia/Brisbane' : <type 'str'>
=> zone4 = 'US/Arizona' : <type 'str'>
==================================================
time7 = time9.replace(seconds=val2)                                     # STEP 61
ACTION: time7 = time9.replace(seconds=val2) 
val2 = 0 : <type 'int'>
time9 = <Arrow [1970-01-01T10:00:00+10:00]> : <class 'arrow.arrow.Arrow'>
time7 = <Arrow [1969-12-31T16:00:00-08:00]> : <class 'arrow.arrow.Arrow'>
=> time7 = <Arrow [1970-01-01T10:00:00+10:00]> : <class 'arrow.arrow.Arrow'>
==================================================
time4 = time3.replace(minutes=val2)                                     # STEP 62
ACTION: time4 = time3.replace(minutes=val2) 
val2 = 0 : <type 'int'>
time3 = <Arrow [1970-01-01T00:00:00+00:00]> : <class 'arrow.arrow.Arrow'>
time4 = <Arrow [1970-01-01T10:00:00+10:00]> : <class 'arrow.arrow.Arrow'>
=> time4 = <Arrow [1970-01-01T00:00:00+00:00]> : <class 'arrow.arrow.Arrow'>
==================================================
time9 = time4.replace(seconds=val2)                                     # STEP 63
ACTION: time9 = time4.replace(seconds=val2) 
val2 = 0 : <type 'int'>
time4 = <Arrow [1970-01-01T00:00:00+00:00]> : <class 'arrow.arrow.Arrow'>
time9 = <Arrow [1970-01-01T10:00:00+10:00]> : <class 'arrow.arrow.Arrow'>
=> time9 = <Arrow [1970-01-01T00:00:00+00:00]> : <class 'arrow.arrow.Arrow'>
==================================================
time4 = time8.replace(minutes=val2)                                     # STEP 64
ACTION: time4 = time8.replace(minutes=val2) 
val2 = 0 : <type 'int'>
time8 = <Arrow [2017-11-21T20:38:15.541281-09:00]> : <class 'arrow.arrow.Arrow'>
time4 = <Arrow [1970-01-01T00:00:00+00:00]> : <class 'arrow.arrow.Arrow'>
=> time4 = <Arrow [2017-11-21T20:38:15.541281-09:00]> : <class 'arrow.arrow.Arrow'>
==================================================
time3.shift(seconds=val2)                                               # STEP 65
ACTION: time3.shift(seconds=val2) 
val2 = 0 : <type 'int'>
time3 = <Arrow [1970-01-01T00:00:00+00:00]> : <class 'arrow.arrow.Arrow'>
==================================================
val6 = 0                                                                # STEP 66
ACTION: val6 = 0 
val6 = None : <type 'NoneType'>
=> val6 = 0 : <type 'int'>
==================================================
time8 = time0.replace(seconds=val6)                                     # STEP 67
ACTION: time8 = time0.replace(seconds=val6) 
val6 = 0 : <type 'int'>
time0 = <Arrow [1969-12-31T16:00:00-08:00]> : <class 'arrow.arrow.Arrow'>
time8 = <Arrow [2017-11-21T20:38:15.541281-09:00]> : <class 'arrow.arrow.Arrow'>
=> time8 = <Arrow [1969-12-31T16:00:00-08:00]> : <class 'arrow.arrow.Arrow'>
==================================================
time3 = time2.to(zone0)                                                 # STEP 68
ACTION: time3 = time2.to(zone0) 
zone0 = 'Poland' : <type 'str'>
time2 = <Arrow [1970-01-01T00:00:00+00:00]> : <class 'arrow.arrow.Arrow'>
time3 = <Arrow [1970-01-01T00:00:00+00:00]> : <class 'arrow.arrow.Arrow'>
=> time3 = <Arrow [1970-01-01T01:00:00+01:00]> : <class 'arrow.arrow.Arrow'>
==================================================
time2 = time2.replace(hours=val6)                                       # STEP 69
ACTION: time2 = time2.replace(hours=val6) 
val6 = 0 : <type 'int'>
time2 = <Arrow [1970-01-01T00:00:00+00:00]> : <class 'arrow.arrow.Arrow'>
==================================================
time0 = time6.replace(hours=val6)                                       # STEP 70
ACTION: time0 = time6.replace(hours=val6) 
val6 = 0 : <type 'int'>
time6 = <Arrow [1970-01-01T07:30:00+07:30]> : <class 'arrow.arrow.Arrow'>
time0 = <Arrow [1969-12-31T16:00:00-08:00]> : <class 'arrow.arrow.Arrow'>
=> time0 = <Arrow [1970-01-01T07:30:00+07:30]> : <class 'arrow.arrow.Arrow'>
==================================================
zone0 = 'US/Alaska'                                                     # STEP 71
ACTION: zone0 = 'US/Alaska'  
zone0 = 'Poland' : <type 'str'>
=> zone0 = 'US/Alaska' : <type 'str'>
==================================================
time6 = time5.replace(hours=val2)                                       # STEP 72
ACTION: time6 = time5.replace(hours=val2) 
val2 = 0 : <type 'int'>
time5 = <Arrow [1970-01-01T10:00:00+10:00]> : <class 'arrow.arrow.Arrow'>
time6 = <Arrow [1970-01-01T07:30:00+07:30]> : <class 'arrow.arrow.Arrow'>
=> time6 = <Arrow [1970-01-01T10:00:00+10:00]> : <class 'arrow.arrow.Arrow'>
==================================================
time5 = time8.replace(hours=val8)                                       # STEP 73
ACTION: time5 = time8.replace(hours=val8) 
val8 = 0 : <type 'int'>
time8 = <Arrow [1969-12-31T16:00:00-08:00]> : <class 'arrow.arrow.Arrow'>
time5 = <Arrow [1970-01-01T10:00:00+10:00]> : <class 'arrow.arrow.Arrow'>
=> time5 = <Arrow [1969-12-31T16:00:00-08:00]> : <class 'arrow.arrow.Arrow'>
==================================================
time7.shift(seconds=val8)                                               # STEP 74
ACTION: time7.shift(seconds=val8) 
val8 = 0 : <type 'int'>
time7 = <Arrow [1970-01-01T10:00:00+10:00]> : <class 'arrow.arrow.Arrow'>
==================================================
time6.timestamp                                                         # STEP 75
ACTION: time6.timestamp 
time6 = <Arrow [1970-01-01T10:00:00+10:00]> : <class 'arrow.arrow.Arrow'>
==================================================
time1.shift(seconds=val8)                                               # STEP 76
ACTION: time1.shift(seconds=val8) 
val8 = 0 : <type 'int'>
time1 = <Arrow [1970-01-01T00:00:00+00:00]> : <class 'arrow.arrow.Arrow'>
==================================================
time3.humanize(locale=locale4)                                          # STEP 77
ACTION: time3.humanize(locale=locale4) 
locale4 = u'az_az' : <type 'unicode'>
time3 = <Arrow [1970-01-01T01:00:00+01:00]> : <class 'arrow.arrow.Arrow'>
==================================================
val8 += 1                                                               # STEP 78
ACTION: val8 += 1 
val8 = 0 : <type 'int'>
=> val8 = 1 : <type 'int'>
==================================================
time8 = time4.replace(minutes=val2)                                     # STEP 79
ACTION: time8 = time4.replace(minutes=val2) 
val2 = 0 : <type 'int'>
time4 = <Arrow [2017-11-21T20:38:15.541281-09:00]> : <class 'arrow.arrow.Arrow'>
time8 = <Arrow [1969-12-31T16:00:00-08:00]> : <class 'arrow.arrow.Arrow'>
=> time8 = <Arrow [2017-11-21T20:38:15.541281-09:00]> : <class 'arrow.arrow.Arrow'>
==================================================
time7 = time3.replace(minutes=val2)                                     # STEP 80
ACTION: time7 = time3.replace(minutes=val2) 
val2 = 0 : <type 'int'>
time3 = <Arrow [1970-01-01T01:00:00+01:00]> : <class 'arrow.arrow.Arrow'>
time7 = <Arrow [1970-01-01T10:00:00+10:00]> : <class 'arrow.arrow.Arrow'>
=> time7 = <Arrow [1970-01-01T01:00:00+01:00]> : <class 'arrow.arrow.Arrow'>
==================================================
time4 = time5.replace(year=val8)                                        # STEP 81
ACTION: time4 = time5.replace(year=val8) 
val8 = 1 : <type 'int'>
time5 = <Arrow [1969-12-31T16:00:00-08:00]> : <class 'arrow.arrow.Arrow'>
time4 = <Arrow [2017-11-21T20:38:15.541281-09:00]> : <class 'arrow.arrow.Arrow'>
=> time4 = <Arrow [0001-12-31T16:00:00-08:00]> : <class 'arrow.arrow.Arrow'>
==================================================
time7.shift(seconds=val6)                                               # STEP 82
ACTION: time7.shift(seconds=val6) 
val6 = 0 : <type 'int'>
time7 = <Arrow [1970-01-01T01:00:00+01:00]> : <class 'arrow.arrow.Arrow'>
==================================================
time7 = time7.replace(year=val8)                                        # STEP 83
ACTION: time7 = time7.replace(year=val8) 
val8 = 1 : <type 'int'>
time7 = <Arrow [1970-01-01T01:00:00+01:00]> : <class 'arrow.arrow.Arrow'>
=> time7 = <Arrow [0001-01-01T01:00:00+01:24]> : <class 'arrow.arrow.Arrow'>
==================================================
time3 = time9.to(zone1)                                                 # STEP 84
ACTION: time3 = time9.to(zone1) 
zone1 = 'Europe/Rome' : <type 'str'>
time9 = <Arrow [1970-01-01T00:00:00+00:00]> : <class 'arrow.arrow.Arrow'>
time3 = <Arrow [1970-01-01T01:00:00+01:00]> : <class 'arrow.arrow.Arrow'>
==================================================
zone1 = 'US/Arizona'                                                    # STEP 85
ACTION: zone1 = 'US/Arizona'  
zone1 = 'Europe/Rome' : <type 'str'>
=> zone1 = 'US/Arizona' : <type 'str'>
==================================================
time5 = time0.replace(month=val8)                                       # STEP 86
ACTION: time5 = time0.replace(month=val8) 
val8 = 1 : <type 'int'>
time0 = <Arrow [1970-01-01T07:30:00+07:30]> : <class 'arrow.arrow.Arrow'>
time5 = <Arrow [1969-12-31T16:00:00-08:00]> : <class 'arrow.arrow.Arrow'>
=> time5 = <Arrow [1970-01-01T07:30:00+07:30]> : <class 'arrow.arrow.Arrow'>
==================================================
time9 = arrow.get(val8)                                                 # STEP 87
ACTION: time9 = arrow.get(val8) 
val8 = 1 : <type 'int'>
time9 = <Arrow [1970-01-01T00:00:00+00:00]> : <class 'arrow.arrow.Arrow'>
=> time9 = <Arrow [1970-01-01T00:00:01+00:00]> : <class 'arrow.arrow.Arrow'>
==================================================
time6 = arrow.get(val8)                                                 # STEP 88
ACTION: time6 = arrow.get(val8) 
val8 = 1 : <type 'int'>
time6 = <Arrow [1970-01-01T10:00:00+10:00]> : <class 'arrow.arrow.Arrow'>
=> time6 = <Arrow [1970-01-01T00:00:01+00:00]> : <class 'arrow.arrow.Arrow'>
==================================================
time0 = time8.replace(seconds=val2)                                     # STEP 89
ACTION: time0 = time8.replace(seconds=val2) 
val2 = 0 : <type 'int'>
time8 = <Arrow [2017-11-21T20:38:15.541281-09:00]> : <class 'arrow.arrow.Arrow'>
time0 = <Arrow [1970-01-01T07:30:00+07:30]> : <class 'arrow.arrow.Arrow'>
=> time0 = <Arrow [2017-11-21T20:38:15.541281-09:00]> : <class 'arrow.arrow.Arrow'>
==================================================
time8 = time9.replace(hours=val2)                                       # STEP 90
ACTION: time8 = time9.replace(hours=val2) 
val2 = 0 : <type 'int'>
time9 = <Arrow [1970-01-01T00:00:01+00:00]> : <class 'arrow.arrow.Arrow'>
time8 = <Arrow [2017-11-21T20:38:15.541281-09:00]> : <class 'arrow.arrow.Arrow'>
=> time8 = <Arrow [1970-01-01T00:00:01+00:00]> : <class 'arrow.arrow.Arrow'>
==================================================
time1 = time0.replace(seconds=val8)                                     # STEP 91
ACTION: time1 = time0.replace(seconds=val8) 
val8 = 1 : <type 'int'>
time0 = <Arrow [2017-11-21T20:38:15.541281-09:00]> : <class 'arrow.arrow.Arrow'>
time1 = <Arrow [1970-01-01T00:00:00+00:00]> : <class 'arrow.arrow.Arrow'>
=> time1 = <Arrow [2017-11-21T20:38:16.541281-09:00]> : <class 'arrow.arrow.Arrow'>
==================================================
time9 = time5.replace(month=val8)                                       # STEP 92
ACTION: time9 = time5.replace(month=val8) 
val8 = 1 : <type 'int'>
time5 = <Arrow [1970-01-01T07:30:00+07:30]> : <class 'arrow.arrow.Arrow'>
time9 = <Arrow [1970-01-01T00:00:01+00:00]> : <class 'arrow.arrow.Arrow'>
=> time9 = <Arrow [1970-01-01T07:30:00+07:30]> : <class 'arrow.arrow.Arrow'>
==================================================
time0 = time3.to(zone3)                                                 # STEP 93
ACTION: time0 = time3.to(zone3) 
zone3 = 'US/Alaska' : <type 'str'>
time3 = <Arrow [1970-01-01T01:00:00+01:00]> : <class 'arrow.arrow.Arrow'>
time0 = <Arrow [2017-11-21T20:38:15.541281-09:00]> : <class 'arrow.arrow.Arrow'>
=> time0 = <Arrow [1969-12-31T14:00:00-10:00]> : <class 'arrow.arrow.Arrow'>
==================================================
time3 = time7.replace(minutes=val6)                                     # STEP 94
ACTION: time3 = time7.replace(minutes=val6) 
val6 = 0 : <type 'int'>
time7 = <Arrow [0001-01-01T01:00:00+01:24]> : <class 'arrow.arrow.Arrow'>
time3 = <Arrow [1970-01-01T01:00:00+01:00]> : <class 'arrow.arrow.Arrow'>
=> time3 = <Arrow [0001-01-01T01:00:00+01:24]> : <class 'arrow.arrow.Arrow'>
==================================================
time1.shift(seconds=val2)                                               # STEP 95
ACTION: time1.shift(seconds=val2) 
val2 = 0 : <type 'int'>
time1 = <Arrow [2017-11-21T20:38:16.541281-09:00]> : <class 'arrow.arrow.Arrow'>
==================================================
locale4 =  u'bn_bd'                                                     # STEP 96
ACTION: locale4 =  u'bn_bd' 
locale4 = u'az_az' : <type 'unicode'>
=> locale4 = u'bn_bd' : <type 'unicode'>
==================================================
time5 = time3.to(zone4)                                                 # STEP 97
ACTION: time5 = time3.to(zone4) 
zone4 = 'US/Arizona' : <type 'str'>
time3 = <Arrow [0001-01-01T01:00:00+01:24]> : <class 'arrow.arrow.Arrow'>
time5 = <Arrow [1970-01-01T07:30:00+07:30]> : <class 'arrow.arrow.Arrow'>
RAISED EXCEPTION: <type 'exceptions.OverflowError'> date value out of range
ERROR: (<type 'exceptions.OverflowError'>, OverflowError('date value out of range',), <traceback object at 0x109955a70>)
TRACEBACK:
  File "/Users/alex/tstl/examples/arrow/sut.py", line 405705, in safely
    act[2]()
  File "/Users/alex/tstl/examples/arrow/sut.py", line 31617, in act874
    self.p_time[5] = self.p_time[3].to(self.p_zone[4])
  File "/Library/Frameworks/Python.framework/Versions/2.7/lib/python2.7/site-packages/arrow/arrow.py", line 510, in to
    dt = self._datetime.astimezone(tz)
FAILURE IS NEW, STORING; NOW 1 DISTINCT FAILURES
TEST #70 STEP #56 (0:00:30.002772) Tue Nov 21 21:38:30 2017 [ 240 stmts 314 branches ] (no cov+ for 14 tests) 6954 TOTAL ACTIONS (231.778582942/s)
UNCAUGHT EXCEPTION
ERROR: (<type 'exceptions.OverflowError'>, OverflowError('date value out of range',), <traceback object at 0x109a2b200>)
TRACEBACK:
  File "/Users/alex/tstl/examples/arrow/sut.py", line 405705, in safely
    act[2]()
  File "/Users/alex/tstl/examples/arrow/sut.py", line 246173, in act5490
    self.p_time[2] = self.p_time[3].replace(seconds=self.p_val[5])
  File "/Library/Frameworks/Python.framework/Versions/2.7/lib/python2.7/site-packages/arrow/arrow.py", line 429, in replace
    current += relativedelta(**relative_kwargs) # TODO: DEPRECATED
  File "/Library/Frameworks/Python.framework/Versions/2.7/lib/python2.7/site-packages/dateutil/relativedelta.py", line 391, in __radd__
    return self.__add__(other)
  File "/Library/Frameworks/Python.framework/Versions/2.7/lib/python2.7/site-packages/dateutil/relativedelta.py", line 378, in __add__
    microseconds=self.microseconds))
Original test has 35 steps

SAVING TEST AS failure.15426.test.1
FINAL VERSION OF TEST, WITH LOGGED REPLAY:
val7 = 0                                                                 # STEP 0
ACTION: val7 = 0 
val7 = None : <type 'NoneType'>
=> val7 = 0 : <type 'int'>
==================================================
time0 = arrow.get(val7)                                                  # STEP 1
ACTION: time0 = arrow.get(val7) 
val7 = 0 : <type 'int'>
time0 = None : <type 'NoneType'>
=> time0 = <Arrow [1970-01-01T00:00:00+00:00]> : <class 'arrow.arrow.Arrow'>
==================================================
time0.shift(minutes=val7)                                                # STEP 2
ACTION: time0.shift(minutes=val7) 
val7 = 0 : <type 'int'>
time0 = <Arrow [1970-01-01T00:00:00+00:00]> : <class 'arrow.arrow.Arrow'>
==================================================
zone4 = 'Turkey'                                                         # STEP 3
ACTION: zone4 = 'Turkey'  
zone4 = None : <type 'NoneType'>
=> zone4 = 'Turkey' : <type 'str'>
==================================================
zone2 = 'Poland'                                                         # STEP 4
ACTION: zone2 = 'Poland'  
zone2 = None : <type 'NoneType'>
=> zone2 = 'Poland' : <type 'str'>
==================================================
zone3 = 'Poland'                                                         # STEP 5
ACTION: zone3 = 'Poland'  
zone3 = None : <type 'NoneType'>
=> zone3 = 'Poland' : <type 'str'>
==================================================
time0.shift(minutes=val7)                                                # STEP 6
ACTION: time0.shift(minutes=val7) 
val7 = 0 : <type 'int'>
time0 = <Arrow [1970-01-01T00:00:00+00:00]> : <class 'arrow.arrow.Arrow'>
==================================================
time0.shift(hours=val7)                                                  # STEP 7
ACTION: time0.shift(hours=val7) 
val7 = 0 : <type 'int'>
time0 = <Arrow [1970-01-01T00:00:00+00:00]> : <class 'arrow.arrow.Arrow'>
==================================================
time4 = time0.replace(tzinfo=zone3)                                      # STEP 8
ACTION: time4 = time0.replace(tzinfo=zone3) 
zone3 = 'Poland' : <type 'str'>
time0 = <Arrow [1970-01-01T00:00:00+00:00]> : <class 'arrow.arrow.Arrow'>
time4 = None : <type 'NoneType'>
=> time4 = <Arrow [1970-01-01T00:00:00+01:00]> : <class 'arrow.arrow.Arrow'>
==================================================
time1 = arrow.utcnow()                                                   # STEP 9
ACTION: time1 = arrow.utcnow() 
time1 = None : <type 'NoneType'>
=> time1 = <Arrow [2017-11-22T05:38:39.825152+00:00]> : <class 'arrow.arrow.Arrow'>
==================================================
time9 = arrow.now(zone4)                                                # STEP 10
ACTION: time9 = arrow.now(zone4) 
zone4 = 'Turkey' : <type 'str'>
time9 = None : <type 'NoneType'>
=> time9 = <Arrow [2017-11-22T08:38:39.826254+03:00]> : <class 'arrow.arrow.Arrow'>
==================================================
zone3 = 'US/Pacific'                                                    # STEP 11
ACTION: zone3 = 'US/Pacific'  
zone3 = 'Poland' : <type 'str'>
=> zone3 = 'US/Pacific' : <type 'str'>
==================================================
time5 = arrow.now(zone2)                                                # STEP 12
ACTION: time5 = arrow.now(zone2) 
zone2 = 'Poland' : <type 'str'>
time5 = None : <type 'NoneType'>
=> time5 = <Arrow [2017-11-22T06:38:39.827963+01:00]> : <class 'arrow.arrow.Arrow'>
==================================================
zone1 = 'Australia/Brisbane'                                            # STEP 13
ACTION: zone1 = 'Australia/Brisbane'  
zone1 = None : <type 'NoneType'>
=> zone1 = 'Australia/Brisbane' : <type 'str'>
==================================================
time0.shift(hours=val7)                                                 # STEP 14
ACTION: time0.shift(hours=val7) 
val7 = 0 : <type 'int'>
time0 = <Arrow [1970-01-01T00:00:00+00:00]> : <class 'arrow.arrow.Arrow'>
==================================================
time8 = arrow.get(val7)                                                 # STEP 15
ACTION: time8 = arrow.get(val7) 
val7 = 0 : <type 'int'>
time8 = None : <type 'NoneType'>
=> time8 = <Arrow [1970-01-01T00:00:00+00:00]> : <class 'arrow.arrow.Arrow'>
==================================================
time7 = arrow.now(zone2)                                                # STEP 16
ACTION: time7 = arrow.now(zone2) 
zone2 = 'Poland' : <type 'str'>
time7 = None : <type 'NoneType'>
=> time7 = <Arrow [2017-11-22T06:38:39.831096+01:00]> : <class 'arrow.arrow.Arrow'>
==================================================
val7 += 1                                                               # STEP 17
ACTION: val7 += 1 
val7 = 0 : <type 'int'>
=> val7 = 1 : <type 'int'>
==================================================
val5 = 0                                                                # STEP 18
ACTION: val5 = 0 
val5 = None : <type 'NoneType'>
=> val5 = 0 : <type 'int'>
==================================================
time5.shift(seconds=val5)                                               # STEP 19
ACTION: time5.shift(seconds=val5) 
val5 = 0 : <type 'int'>
time5 = <Arrow [2017-11-22T06:38:39.827963+01:00]> : <class 'arrow.arrow.Arrow'>
==================================================
time6 = arrow.now(zone4)                                                # STEP 20
ACTION: time6 = arrow.now(zone4) 
zone4 = 'Turkey' : <type 'str'>
time6 = None : <type 'NoneType'>
=> time6 = <Arrow [2017-11-22T08:38:39.833758+03:00]> : <class 'arrow.arrow.Arrow'>
==================================================
time5 = time9.replace(minutes=val7)                                     # STEP 21
ACTION: time5 = time9.replace(minutes=val7) 
val7 = 1 : <type 'int'>
time9 = <Arrow [2017-11-22T08:38:39.826254+03:00]> : <class 'arrow.arrow.Arrow'>
time5 = <Arrow [2017-11-22T06:38:39.827963+01:00]> : <class 'arrow.arrow.Arrow'>
=> time5 = <Arrow [2017-11-22T08:39:39.826254+03:00]> : <class 'arrow.arrow.Arrow'>
==================================================
zone0 = 'Poland'                                                        # STEP 22
ACTION: zone0 = 'Poland'  
zone0 = None : <type 'NoneType'>
=> zone0 = 'Poland' : <type 'str'>
==================================================
time7.shift(minutes=val7)                                               # STEP 23
ACTION: time7.shift(minutes=val7) 
val7 = 1 : <type 'int'>
time7 = <Arrow [2017-11-22T06:38:39.831096+01:00]> : <class 'arrow.arrow.Arrow'>
==================================================
time4.shift(minutes=val7)                                               # STEP 24
ACTION: time4.shift(minutes=val7) 
val7 = 1 : <type 'int'>
time4 = <Arrow [1970-01-01T00:00:00+01:00]> : <class 'arrow.arrow.Arrow'>
==================================================
time2 = arrow.get(val7)                                                 # STEP 25
ACTION: time2 = arrow.get(val7) 
val7 = 1 : <type 'int'>
time2 = None : <type 'NoneType'>
=> time2 = <Arrow [1970-01-01T00:00:01+00:00]> : <class 'arrow.arrow.Arrow'>
==================================================
time4 = arrow.now(zone3)                                                # STEP 26
ACTION: time4 = arrow.now(zone3) 
zone3 = 'US/Pacific' : <type 'str'>
time4 = <Arrow [1970-01-01T00:00:00+01:00]> : <class 'arrow.arrow.Arrow'>
=> time4 = <Arrow [2017-11-21T21:38:39.838264-08:00]> : <class 'arrow.arrow.Arrow'>
==================================================
time7 = arrow.now(zone0)                                                # STEP 27
ACTION: time7 = arrow.now(zone0) 
zone0 = 'Poland' : <type 'str'>
time7 = <Arrow [2017-11-22T06:38:39.831096+01:00]> : <class 'arrow.arrow.Arrow'>
=> time7 = <Arrow [2017-11-22T06:38:39.839597+01:00]> : <class 'arrow.arrow.Arrow'>
==================================================
time3 = time8.replace(year=val7)                                        # STEP 28
ACTION: time3 = time8.replace(year=val7) 
val7 = 1 : <type 'int'>
time8 = <Arrow [1970-01-01T00:00:00+00:00]> : <class 'arrow.arrow.Arrow'>
time3 = None : <type 'NoneType'>
=> time3 = <Arrow [0001-01-01T00:00:00+00:00]> : <class 'arrow.arrow.Arrow'>
==================================================
zone3 = 'Singapore'                                                     # STEP 29
ACTION: zone3 = 'Singapore'  
zone3 = 'US/Pacific' : <type 'str'>
=> zone3 = 'Singapore' : <type 'str'>
==================================================
zone0 = 'Asia/Samarkand'                                                # STEP 30
ACTION: zone0 = 'Asia/Samarkand'  
zone0 = 'Poland' : <type 'str'>
=> zone0 = 'Asia/Samarkand' : <type 'str'>
==================================================
val5 -= 1                                                               # STEP 31
ACTION: val5 -= 1 
val5 = 0 : <type 'int'>
=> val5 = -1 : <type 'int'>
==================================================
time8 = time2.replace(tzinfo=zone4)                                     # STEP 32
ACTION: time8 = time2.replace(tzinfo=zone4) 
zone4 = 'Turkey' : <type 'str'>
time2 = <Arrow [1970-01-01T00:00:01+00:00]> : <class 'arrow.arrow.Arrow'>
time8 = <Arrow [1970-01-01T00:00:00+00:00]> : <class 'arrow.arrow.Arrow'>
=> time8 = <Arrow [1970-01-01T00:00:01+02:00]> : <class 'arrow.arrow.Arrow'>
==================================================
zone2 = 'Poland'                                                        # STEP 33
ACTION: zone2 = 'Poland'  
zone2 = 'Poland' : <type 'str'>
==================================================
time2 = time3.replace(seconds=val5)                                     # STEP 34
ACTION: time2 = time3.replace(seconds=val5) 
val5 = -1 : <type 'int'>
time3 = <Arrow [0001-01-01T00:00:00+00:00]> : <class 'arrow.arrow.Arrow'>
time2 = <Arrow [1970-01-01T00:00:01+00:00]> : <class 'arrow.arrow.Arrow'>
RAISED EXCEPTION: <type 'exceptions.OverflowError'> date value out of range
ERROR: (<type 'exceptions.OverflowError'>, OverflowError('date value out of range',), <traceback object at 0x109a37cb0>)
TRACEBACK:
  File "/Users/alex/tstl/examples/arrow/sut.py", line 405705, in safely
    act[2]()
  File "/Users/alex/tstl/examples/arrow/sut.py", line 246173, in act5490
    self.p_time[2] = self.p_time[3].replace(seconds=self.p_val[5])
  File "/Library/Frameworks/Python.framework/Versions/2.7/lib/python2.7/site-packages/arrow/arrow.py", line 429, in replace
    current += relativedelta(**relative_kwargs) # TODO: DEPRECATED
  File "/Library/Frameworks/Python.framework/Versions/2.7/lib/python2.7/site-packages/dateutil/relativedelta.py", line 391, in __radd__
    return self.__add__(other)
  File "/Library/Frameworks/Python.framework/Versions/2.7/lib/python2.7/site-packages/dateutil/relativedelta.py", line 378, in __add__
    microseconds=self.microseconds))
FAILURE IS NEW, STORING; NOW 2 DISTINCT FAILURES
UNCAUGHT EXCEPTION
ERROR: (<type 'exceptions.OverflowError'>, OverflowError('date value out of range',), <traceback object at 0x109a768c0>)
TRACEBACK:
  File "/Users/alex/tstl/examples/arrow/sut.py", line 405705, in safely
    act[2]()
  File "/Users/alex/tstl/examples/arrow/sut.py", line 322088, in act7228
    self.p_time[7].shift(minutes=self.p_val[3])
  File "/Library/Frameworks/Python.framework/Versions/2.7/lib/python2.7/site-packages/arrow/arrow.py", line 467, in shift
    current = self._datetime + relativedelta(**relative_kwargs)
  File "/Library/Frameworks/Python.framework/Versions/2.7/lib/python2.7/site-packages/dateutil/relativedelta.py", line 391, in __radd__
    return self.__add__(other)
  File "/Library/Frameworks/Python.framework/Versions/2.7/lib/python2.7/site-packages/dateutil/relativedelta.py", line 378, in __add__
    microseconds=self.microseconds))
Original test has 58 steps

SAVING TEST AS failure.15426.test.2
FINAL VERSION OF TEST, WITH LOGGED REPLAY:
zone0 = 'Etc/Greenwich'                                                  # STEP 0
ACTION: zone0 = 'Etc/Greenwich'  
zone0 = None : <type 'NoneType'>
=> zone0 = 'Etc/Greenwich' : <type 'str'>
==================================================
zone4 = 'US/Eastern'                                                     # STEP 1
ACTION: zone4 = 'US/Eastern'  
zone4 = None : <type 'NoneType'>
=> zone4 = 'US/Eastern' : <type 'str'>
==================================================
zone2 = 'Etc/Greenwich'                                                  # STEP 2
ACTION: zone2 = 'Etc/Greenwich'  
zone2 = None : <type 'NoneType'>
=> zone2 = 'Etc/Greenwich' : <type 'str'>
==================================================
time2 = arrow.now(zone2)                                                 # STEP 3
ACTION: time2 = arrow.now(zone2) 
zone2 = 'Etc/Greenwich' : <type 'str'>
time2 = None : <type 'NoneType'>
=> time2 = <Arrow [2017-11-22T05:38:51.770092+00:00]> : <class 'arrow.arrow.Arrow'>
==================================================
zone1 = 'US/Eastern'                                                     # STEP 4
ACTION: zone1 = 'US/Eastern'  
zone1 = None : <type 'NoneType'>
=> zone1 = 'US/Eastern' : <type 'str'>
==================================================
time2.format()                                                           # STEP 5
ACTION: time2.format() 
time2 = <Arrow [2017-11-22T05:38:51.770092+00:00]> : <class 'arrow.arrow.Arrow'>
==================================================
val3 = 0                                                                 # STEP 6
ACTION: val3 = 0 
val3 = None : <type 'NoneType'>
=> val3 = 0 : <type 'int'>
==================================================
time0 = time2.replace(minutes=val3)                                      # STEP 7
ACTION: time0 = time2.replace(minutes=val3) 
val3 = 0 : <type 'int'>
time2 = <Arrow [2017-11-22T05:38:51.770092+00:00]> : <class 'arrow.arrow.Arrow'>
time0 = None : <type 'NoneType'>
=> time0 = <Arrow [2017-11-22T05:38:51.770092+00:00]> : <class 'arrow.arrow.Arrow'>
==================================================
time8 = time2.replace(hours=val3)                                        # STEP 8
ACTION: time8 = time2.replace(hours=val3) 
val3 = 0 : <type 'int'>
time2 = <Arrow [2017-11-22T05:38:51.770092+00:00]> : <class 'arrow.arrow.Arrow'>
time8 = None : <type 'NoneType'>
=> time8 = <Arrow [2017-11-22T05:38:51.770092+00:00]> : <class 'arrow.arrow.Arrow'>
==================================================
time0.shift(minutes=val3)                                                # STEP 9
ACTION: time0.shift(minutes=val3) 
val3 = 0 : <type 'int'>
time0 = <Arrow [2017-11-22T05:38:51.770092+00:00]> : <class 'arrow.arrow.Arrow'>
==================================================
time6 = arrow.now(zone0)                                                # STEP 10
ACTION: time6 = arrow.now(zone0) 
zone0 = 'Etc/Greenwich' : <type 'str'>
time6 = None : <type 'NoneType'>
=> time6 = <Arrow [2017-11-22T05:38:51.774566+00:00]> : <class 'arrow.arrow.Arrow'>
==================================================
zone3 = 'Asia/Samarkand'                                                # STEP 11
ACTION: zone3 = 'Asia/Samarkand'  
zone3 = None : <type 'NoneType'>
=> zone3 = 'Asia/Samarkand' : <type 'str'>
==================================================
val4 = 0                                                                # STEP 12
ACTION: val4 = 0 
val4 = None : <type 'NoneType'>
=> val4 = 0 : <type 'int'>
==================================================
val3 -= 1                                                               # STEP 13
ACTION: val3 -= 1 
val3 = 0 : <type 'int'>
=> val3 = -1 : <type 'int'>
==================================================
time1 = time6.replace(minutes=val4)                                     # STEP 14
ACTION: time1 = time6.replace(minutes=val4) 
val4 = 0 : <type 'int'>
time6 = <Arrow [2017-11-22T05:38:51.774566+00:00]> : <class 'arrow.arrow.Arrow'>
time1 = None : <type 'NoneType'>
=> time1 = <Arrow [2017-11-22T05:38:51.774566+00:00]> : <class 'arrow.arrow.Arrow'>
==================================================
zone2 = 'Turkey'                                                        # STEP 15
ACTION: zone2 = 'Turkey'  
zone2 = 'Etc/Greenwich' : <type 'str'>
=> zone2 = 'Turkey' : <type 'str'>
==================================================
time6.shift(weeks=val4)                                                 # STEP 16
ACTION: time6.shift(weeks=val4) 
val4 = 0 : <type 'int'>
time6 = <Arrow [2017-11-22T05:38:51.774566+00:00]> : <class 'arrow.arrow.Arrow'>
==================================================
time8.shift(minutes=val4)                                               # STEP 17
ACTION: time8.shift(minutes=val4) 
val4 = 0 : <type 'int'>
time8 = <Arrow [2017-11-22T05:38:51.770092+00:00]> : <class 'arrow.arrow.Arrow'>
==================================================
time0 = time1.replace(hours=val3)                                       # STEP 18
ACTION: time0 = time1.replace(hours=val3) 
val3 = -1 : <type 'int'>
time1 = <Arrow [2017-11-22T05:38:51.774566+00:00]> : <class 'arrow.arrow.Arrow'>
time0 = <Arrow [2017-11-22T05:38:51.770092+00:00]> : <class 'arrow.arrow.Arrow'>
=> time0 = <Arrow [2017-11-22T04:38:51.774566+00:00]> : <class 'arrow.arrow.Arrow'>
==================================================
zone0 = 'US/Eastern'                                                    # STEP 19
ACTION: zone0 = 'US/Eastern'  
zone0 = 'Etc/Greenwich' : <type 'str'>
=> zone0 = 'US/Eastern' : <type 'str'>
==================================================
time4 = time8.replace(hours=val4)                                       # STEP 20
ACTION: time4 = time8.replace(hours=val4) 
val4 = 0 : <type 'int'>
time8 = <Arrow [2017-11-22T05:38:51.770092+00:00]> : <class 'arrow.arrow.Arrow'>
time4 = None : <type 'NoneType'>
=> time4 = <Arrow [2017-11-22T05:38:51.770092+00:00]> : <class 'arrow.arrow.Arrow'>
==================================================
val9 = 0                                                                # STEP 21
ACTION: val9 = 0 
val9 = None : <type 'NoneType'>
=> val9 = 0 : <type 'int'>
==================================================
time3 = arrow.get(val4)                                                 # STEP 22
ACTION: time3 = arrow.get(val4) 
val4 = 0 : <type 'int'>
time3 = None : <type 'NoneType'>
=> time3 = <Arrow [1970-01-01T00:00:00+00:00]> : <class 'arrow.arrow.Arrow'>
==================================================
val4 += 1                                                               # STEP 23
ACTION: val4 += 1 
val4 = 0 : <type 'int'>
=> val4 = 1 : <type 'int'>
==================================================
time0.shift(minutes=val4)                                               # STEP 24
ACTION: time0.shift(minutes=val4) 
val4 = 1 : <type 'int'>
time0 = <Arrow [2017-11-22T04:38:51.774566+00:00]> : <class 'arrow.arrow.Arrow'>
==================================================
time5 = arrow.now(zone2)                                                # STEP 25
ACTION: time5 = arrow.now(zone2) 
zone2 = 'Turkey' : <type 'str'>
time5 = None : <type 'NoneType'>
=> time5 = <Arrow [2017-11-22T08:38:51.785959+03:00]> : <class 'arrow.arrow.Arrow'>
==================================================
time6.shift(minutes=val3)                                               # STEP 26
ACTION: time6.shift(minutes=val3) 
val3 = -1 : <type 'int'>
time6 = <Arrow [2017-11-22T05:38:51.774566+00:00]> : <class 'arrow.arrow.Arrow'>
==================================================
time5.shift(minutes=val4)                                               # STEP 27
ACTION: time5.shift(minutes=val4) 
val4 = 1 : <type 'int'>
time5 = <Arrow [2017-11-22T08:38:51.785959+03:00]> : <class 'arrow.arrow.Arrow'>
==================================================
time7 = time6.replace(minutes=val9)                                     # STEP 28
ACTION: time7 = time6.replace(minutes=val9) 
val9 = 0 : <type 'int'>
time6 = <Arrow [2017-11-22T05:38:51.774566+00:00]> : <class 'arrow.arrow.Arrow'>
time7 = None : <type 'NoneType'>
=> time7 = <Arrow [2017-11-22T05:38:51.774566+00:00]> : <class 'arrow.arrow.Arrow'>
==================================================
time5 = time5.replace(month=val4)                                       # STEP 29
ACTION: time5 = time5.replace(month=val4) 
val4 = 1 : <type 'int'>
time5 = <Arrow [2017-11-22T08:38:51.785959+03:00]> : <class 'arrow.arrow.Arrow'>
=> time5 = <Arrow [2017-01-22T08:38:51.785959+03:00]> : <class 'arrow.arrow.Arrow'>
==================================================
time4.shift(weeks=val9)                                                 # STEP 30
ACTION: time4.shift(weeks=val9) 
val9 = 0 : <type 'int'>
time4 = <Arrow [2017-11-22T05:38:51.770092+00:00]> : <class 'arrow.arrow.Arrow'>
==================================================
time8.shift(minutes=val4)                                               # STEP 31
ACTION: time8.shift(minutes=val4) 
val4 = 1 : <type 'int'>
time8 = <Arrow [2017-11-22T05:38:51.770092+00:00]> : <class 'arrow.arrow.Arrow'>
==================================================
time2 = time5.replace(hours=val4)                                       # STEP 32
ACTION: time2 = time5.replace(hours=val4) 
val4 = 1 : <type 'int'>
time5 = <Arrow [2017-01-22T08:38:51.785959+03:00]> : <class 'arrow.arrow.Arrow'>
time2 = <Arrow [2017-11-22T05:38:51.770092+00:00]> : <class 'arrow.arrow.Arrow'>
=> time2 = <Arrow [2017-01-22T09:38:51.785959+03:00]> : <class 'arrow.arrow.Arrow'>
==================================================
time9 = time6.replace(month=val4)                                       # STEP 33
ACTION: time9 = time6.replace(month=val4) 
val4 = 1 : <type 'int'>
time6 = <Arrow [2017-11-22T05:38:51.774566+00:00]> : <class 'arrow.arrow.Arrow'>
time9 = None : <type 'NoneType'>
=> time9 = <Arrow [2017-01-22T05:38:51.774566+00:00]> : <class 'arrow.arrow.Arrow'>
==================================================
time1 = time7.replace(month=val4)                                       # STEP 34
ACTION: time1 = time7.replace(month=val4) 
val4 = 1 : <type 'int'>
time7 = <Arrow [2017-11-22T05:38:51.774566+00:00]> : <class 'arrow.arrow.Arrow'>
time1 = <Arrow [2017-11-22T05:38:51.774566+00:00]> : <class 'arrow.arrow.Arrow'>
=> time1 = <Arrow [2017-01-22T05:38:51.774566+00:00]> : <class 'arrow.arrow.Arrow'>
==================================================
time1.shift(minutes=val4)                                               # STEP 35
ACTION: time1.shift(minutes=val4) 
val4 = 1 : <type 'int'>
time1 = <Arrow [2017-01-22T05:38:51.774566+00:00]> : <class 'arrow.arrow.Arrow'>
==================================================
time0 = arrow.now(zone1)                                                # STEP 36
ACTION: time0 = arrow.now(zone1) 
zone1 = 'US/Eastern' : <type 'str'>
time0 = <Arrow [2017-11-22T04:38:51.774566+00:00]> : <class 'arrow.arrow.Arrow'>
=> time0 = <Arrow [2017-11-22T00:38:51.796224-05:00]> : <class 'arrow.arrow.Arrow'>
==================================================
time5.shift(weeks=val3)                                                 # STEP 37
ACTION: time5.shift(weeks=val3) 
val3 = -1 : <type 'int'>
time5 = <Arrow [2017-01-22T08:38:51.785959+03:00]> : <class 'arrow.arrow.Arrow'>
==================================================
time6 = time7.replace(month=val4)                                       # STEP 38
ACTION: time6 = time7.replace(month=val4) 
val4 = 1 : <type 'int'>
time7 = <Arrow [2017-11-22T05:38:51.774566+00:00]> : <class 'arrow.arrow.Arrow'>
time6 = <Arrow [2017-11-22T05:38:51.774566+00:00]> : <class 'arrow.arrow.Arrow'>
=> time6 = <Arrow [2017-01-22T05:38:51.774566+00:00]> : <class 'arrow.arrow.Arrow'>
==================================================
time4 = time4.replace(minutes=val9)                                     # STEP 39
ACTION: time4 = time4.replace(minutes=val9) 
val9 = 0 : <type 'int'>
time4 = <Arrow [2017-11-22T05:38:51.770092+00:00]> : <class 'arrow.arrow.Arrow'>
==================================================
time7 = time2.replace(month=val4)                                       # STEP 40
ACTION: time7 = time2.replace(month=val4) 
val4 = 1 : <type 'int'>
time2 = <Arrow [2017-01-22T09:38:51.785959+03:00]> : <class 'arrow.arrow.Arrow'>
time7 = <Arrow [2017-11-22T05:38:51.774566+00:00]> : <class 'arrow.arrow.Arrow'>
=> time7 = <Arrow [2017-01-22T09:38:51.785959+03:00]> : <class 'arrow.arrow.Arrow'>
==================================================
time2 = arrow.now(zone2)                                                # STEP 41
ACTION: time2 = arrow.now(zone2) 
zone2 = 'Turkey' : <type 'str'>
time2 = <Arrow [2017-01-22T09:38:51.785959+03:00]> : <class 'arrow.arrow.Arrow'>
=> time2 = <Arrow [2017-11-22T08:38:51.801899+03:00]> : <class 'arrow.arrow.Arrow'>
==================================================
time5 = time4.replace(minutes=val9)                                     # STEP 42
ACTION: time5 = time4.replace(minutes=val9) 
val9 = 0 : <type 'int'>
time4 = <Arrow [2017-11-22T05:38:51.770092+00:00]> : <class 'arrow.arrow.Arrow'>
time5 = <Arrow [2017-01-22T08:38:51.785959+03:00]> : <class 'arrow.arrow.Arrow'>
=> time5 = <Arrow [2017-11-22T05:38:51.770092+00:00]> : <class 'arrow.arrow.Arrow'>
==================================================
time5.format()                                                          # STEP 43
ACTION: time5.format() 
time5 = <Arrow [2017-11-22T05:38:51.770092+00:00]> : <class 'arrow.arrow.Arrow'>
==================================================
time4.format()                                                          # STEP 44
ACTION: time4.format() 
time4 = <Arrow [2017-11-22T05:38:51.770092+00:00]> : <class 'arrow.arrow.Arrow'>
==================================================
time5 = time3.replace(month=val4)                                       # STEP 45
ACTION: time5 = time3.replace(month=val4) 
val4 = 1 : <type 'int'>
time3 = <Arrow [1970-01-01T00:00:00+00:00]> : <class 'arrow.arrow.Arrow'>
time5 = <Arrow [2017-11-22T05:38:51.770092+00:00]> : <class 'arrow.arrow.Arrow'>
=> time5 = <Arrow [1970-01-01T00:00:00+00:00]> : <class 'arrow.arrow.Arrow'>
==================================================
zone1 = 'Asia/Samarkand'                                                # STEP 46
ACTION: zone1 = 'Asia/Samarkand'  
zone1 = 'US/Eastern' : <type 'str'>
=> zone1 = 'Asia/Samarkand' : <type 'str'>
==================================================
time4 = time7.replace(hours=val9)                                       # STEP 47
ACTION: time4 = time7.replace(hours=val9) 
val9 = 0 : <type 'int'>
time7 = <Arrow [2017-01-22T09:38:51.785959+03:00]> : <class 'arrow.arrow.Arrow'>
time4 = <Arrow [2017-11-22T05:38:51.770092+00:00]> : <class 'arrow.arrow.Arrow'>
=> time4 = <Arrow [2017-01-22T09:38:51.785959+03:00]> : <class 'arrow.arrow.Arrow'>
==================================================
time3 = time2.replace(hours=val3)                                       # STEP 48
ACTION: time3 = time2.replace(hours=val3) 
val3 = -1 : <type 'int'>
time2 = <Arrow [2017-11-22T08:38:51.801899+03:00]> : <class 'arrow.arrow.Arrow'>
time3 = <Arrow [1970-01-01T00:00:00+00:00]> : <class 'arrow.arrow.Arrow'>
=> time3 = <Arrow [2017-11-22T07:38:51.801899+03:00]> : <class 'arrow.arrow.Arrow'>
==================================================
time6.shift(weeks=val4)                                                 # STEP 49
ACTION: time6.shift(weeks=val4) 
val4 = 1 : <type 'int'>
time6 = <Arrow [2017-01-22T05:38:51.774566+00:00]> : <class 'arrow.arrow.Arrow'>
==================================================
time8 = time4.replace(month=val4)                                       # STEP 50
ACTION: time8 = time4.replace(month=val4) 
val4 = 1 : <type 'int'>
time4 = <Arrow [2017-01-22T09:38:51.785959+03:00]> : <class 'arrow.arrow.Arrow'>
time8 = <Arrow [2017-11-22T05:38:51.770092+00:00]> : <class 'arrow.arrow.Arrow'>
=> time8 = <Arrow [2017-01-22T09:38:51.785959+03:00]> : <class 'arrow.arrow.Arrow'>
==================================================
time6 = arrow.now(zone0)                                                # STEP 51
ACTION: time6 = arrow.now(zone0) 
zone0 = 'US/Eastern' : <type 'str'>
time6 = <Arrow [2017-01-22T05:38:51.774566+00:00]> : <class 'arrow.arrow.Arrow'>
=> time6 = <Arrow [2017-11-22T00:38:51.812447-05:00]> : <class 'arrow.arrow.Arrow'>
==================================================
val9 += 1                                                               # STEP 52
ACTION: val9 += 1 
val9 = 0 : <type 'int'>
=> val9 = 1 : <type 'int'>
==================================================
time9.shift(weeks=val4)                                                 # STEP 53
ACTION: time9.shift(weeks=val4) 
val4 = 1 : <type 'int'>
time9 = <Arrow [2017-01-22T05:38:51.774566+00:00]> : <class 'arrow.arrow.Arrow'>
==================================================
time7 = time5.replace(year=val4)                                        # STEP 54
ACTION: time7 = time5.replace(year=val4) 
val4 = 1 : <type 'int'>
time5 = <Arrow [1970-01-01T00:00:00+00:00]> : <class 'arrow.arrow.Arrow'>
time7 = <Arrow [2017-01-22T09:38:51.785959+03:00]> : <class 'arrow.arrow.Arrow'>
=> time7 = <Arrow [0001-01-01T00:00:00+00:00]> : <class 'arrow.arrow.Arrow'>
==================================================
time1 = time1.replace(month=val9)                                       # STEP 55
ACTION: time1 = time1.replace(month=val9) 
val9 = 1 : <type 'int'>
time1 = <Arrow [2017-01-22T05:38:51.774566+00:00]> : <class 'arrow.arrow.Arrow'>
==================================================
zone2 = 'Etc/Greenwich'                                                 # STEP 56
ACTION: zone2 = 'Etc/Greenwich'  
zone2 = 'Turkey' : <type 'str'>
=> zone2 = 'Etc/Greenwich' : <type 'str'>
==================================================
time7.shift(minutes=val3)                                               # STEP 57
ACTION: time7.shift(minutes=val3) 
val3 = -1 : <type 'int'>
time7 = <Arrow [0001-01-01T00:00:00+00:00]> : <class 'arrow.arrow.Arrow'>
RAISED EXCEPTION: <type 'exceptions.OverflowError'> date value out of range
ERROR: (<type 'exceptions.OverflowError'>, OverflowError('date value out of range',), <traceback object at 0x109a81758>)
TRACEBACK:
  File "/Users/alex/tstl/examples/arrow/sut.py", line 405705, in safely
    act[2]()
  File "/Users/alex/tstl/examples/arrow/sut.py", line 322088, in act7228
    self.p_time[7].shift(minutes=self.p_val[3])
  File "/Library/Frameworks/Python.framework/Versions/2.7/lib/python2.7/site-packages/arrow/arrow.py", line 467, in shift
    current = self._datetime + relativedelta(**relative_kwargs)
  File "/Library/Frameworks/Python.framework/Versions/2.7/lib/python2.7/site-packages/dateutil/relativedelta.py", line 391, in __radd__
    return self.__add__(other)
  File "/Library/Frameworks/Python.framework/Versions/2.7/lib/python2.7/site-packages/dateutil/relativedelta.py", line 378, in __add__
    microseconds=self.microseconds))
FAILURE IS NEW, STORING; NOW 3 DISTINCT FAILURES
STOPPING TEST DUE TO TIMEOUT, TERMINATED AT LENGTH 5
STOPPING TESTING DUE TO TIMEOUT
20.9123222749 PERCENT COVERED
60.1810460091 TOTAL RUNTIME
141 EXECUTED
13896 TOTAL TEST OPERATIONS
9.31465554237 TIME SPENT EXECUTING TEST OPERATIONS
49.7368526459 TIME SPENT EVALUATING GUARDS AND CHOOSING ACTIONS
0.0095636844635 TIME SPENT CHECKING PROPERTIES
9.32421922684 TOTAL TIME SPENT RUNNING SUT
0.149565696716 TIME SPENT RESTARTING
0.0 TIME SPENT REDUCING TEST CASES
3 FAILED
0 REPEATS OF FAILURES
3 ACTUAL DISTINCT FAILURES

FAILURE 0
val8 = 0                                                                 # STEP 0
zone3 = 'Australia/Brisbane'                                             # STEP 1
zone1 = 'US/Pacific'                                                     # STEP 2
zone4 = 'Australia/Brisbane'                                             # STEP 3
zone2 = 'Singapore'                                                      # STEP 4
locale4 =  u'ca_it'                                                      # STEP 5
zone0 = 'US/Pacific'                                                     # STEP 6
val2 = 0                                                                 # STEP 7
time7 = arrow.get(val8)                                                  # STEP 8
time8 = time7.to(zone3)                                                  # STEP 9
time0 = time7.to(zone1)                                                 # STEP 10
zone1 = 'Australia/Brisbane'                                            # STEP 11
zone3 = 'Singapore'                                                     # STEP 12
time1 = time8.replace(seconds=val8)                                     # STEP 13
time9 = time1.replace(minutes=val8)                                     # STEP 14
time2 = time1.replace(hours=val8)                                       # STEP 15
time7 = time1.replace(minutes=val2)                                     # STEP 16
time6 = time8.replace(minutes=val8)                                     # STEP 17
time8 = time7.to(zone0)                                                 # STEP 18
zone0 = 'Australia/Brisbane'                                            # STEP 19
time3 = time2.replace(hours=val8)                                       # STEP 20
time3.timestamp                                                         # STEP 21
time3 = time1.to(zone1)                                                 # STEP 22
time3.shift(seconds=val8)                                               # STEP 23
zone1 = 'Europe/Rome'                                                   # STEP 24
time5 = arrow.get(val8)                                                 # STEP 25
time4 = time3.replace(seconds=val8)                                     # STEP 26
time1 = time2.replace(minutes=val2)                                     # STEP 27
time7.datetime                                                          # STEP 28
time3 = time9.to(zone0)                                                 # STEP 29
time7 = time6.replace(hours=val8)                                       # STEP 30
time6.humanize(locale=locale4)                                          # STEP 31
time9 = time8.to(zone0)                                                 # STEP 32
time6 = time8.to(zone3)                                                 # STEP 33
time9.shift(seconds=val8)                                               # STEP 34
time9 = arrow.utcnow()                                                  # STEP 35
time7.shift(seconds=val8)                                               # STEP 36
zone3 = 'US/Alaska'                                                     # STEP 37
time5.timestamp                                                         # STEP 38
zone0 = 'US/Mountain'                                                   # STEP 39
time7 = time1.replace(hours=val2)                                       # STEP 40
locale4 =  u'az_az'                                                     # STEP 41
time2 = time7.replace(minutes=val8)                                     # STEP 42
time1 = time3.replace(minutes=val8)                                     # STEP 43
time3 = time2.to(zone0)                                                 # STEP 44
time2 = time7.replace(hours=val2)                                       # STEP 45
zone0 = 'US/Alaska'                                                     # STEP 46
time2.humanize(locale=locale4)                                          # STEP 47
time2 = time5.replace(seconds=val2)                                     # STEP 48
time3.humanize(locale=locale4)                                          # STEP 49
time5 = time1.replace(seconds=val8)                                     # STEP 50
time7 = time8.replace(minutes=val2)                                     # STEP 51
time8 = time9.to(zone0)                                                 # STEP 52
time3.humanize(locale=locale4)                                          # STEP 53
zone0 = 'Poland'                                                        # STEP 54
time3 = arrow.get(val8)                                                 # STEP 55
time1 = time3.replace(seconds=val8)                                     # STEP 56
time4.shift(seconds=val8)                                               # STEP 57
locale2 =  u'en_us'                                                     # STEP 58
time9 = time7.to(zone4)                                                 # STEP 59
zone4 = 'US/Arizona'                                                    # STEP 60
time7 = time9.replace(seconds=val2)                                     # STEP 61
time4 = time3.replace(minutes=val2)                                     # STEP 62
time9 = time4.replace(seconds=val2)                                     # STEP 63
time4 = time8.replace(minutes=val2)                                     # STEP 64
time3.shift(seconds=val2)                                               # STEP 65
val6 = 0                                                                # STEP 66
time8 = time0.replace(seconds=val6)                                     # STEP 67
time3 = time2.to(zone0)                                                 # STEP 68
time2 = time2.replace(hours=val6)                                       # STEP 69
time0 = time6.replace(hours=val6)                                       # STEP 70
zone0 = 'US/Alaska'                                                     # STEP 71
time6 = time5.replace(hours=val2)                                       # STEP 72
time5 = time8.replace(hours=val8)                                       # STEP 73
time7.shift(seconds=val8)                                               # STEP 74
time6.timestamp                                                         # STEP 75
time1.shift(seconds=val8)                                               # STEP 76
time3.humanize(locale=locale4)                                          # STEP 77
val8 += 1                                                               # STEP 78
time8 = time4.replace(minutes=val2)                                     # STEP 79
time7 = time3.replace(minutes=val2)                                     # STEP 80
time4 = time5.replace(year=val8)                                        # STEP 81
time7.shift(seconds=val6)                                               # STEP 82
time7 = time7.replace(year=val8)                                        # STEP 83
time3 = time9.to(zone1)                                                 # STEP 84
zone1 = 'US/Arizona'                                                    # STEP 85
time5 = time0.replace(month=val8)                                       # STEP 86
time9 = arrow.get(val8)                                                 # STEP 87
time6 = arrow.get(val8)                                                 # STEP 88
time0 = time8.replace(seconds=val2)                                     # STEP 89
time8 = time9.replace(hours=val2)                                       # STEP 90
time1 = time0.replace(seconds=val8)                                     # STEP 91
time9 = time5.replace(month=val8)                                       # STEP 92
time0 = time3.to(zone3)                                                 # STEP 93
time3 = time7.replace(minutes=val6)                                     # STEP 94
time1.shift(seconds=val2)                                               # STEP 95
locale4 =  u'bn_bd'                                                     # STEP 96
time5 = time3.to(zone4)                                                 # STEP 97
ERROR: (<type 'exceptions.OverflowError'>, OverflowError('date value out of range',), <traceback object at 0x109955a70>)
TRACEBACK:
  File "/Users/alex/tstl/examples/arrow/sut.py", line 405705, in safely
    act[2]()
  File "/Users/alex/tstl/examples/arrow/sut.py", line 31617, in act874
    self.p_time[5] = self.p_time[3].to(self.p_zone[4])
  File "/Library/Frameworks/Python.framework/Versions/2.7/lib/python2.7/site-packages/arrow/arrow.py", line 510, in to
    dt = self._datetime.astimezone(tz)
FAILURE 1
val7 = 0                                                                 # STEP 0
time0 = arrow.get(val7)                                                  # STEP 1
time0.shift(minutes=val7)                                                # STEP 2
zone4 = 'Turkey'                                                         # STEP 3
zone2 = 'Poland'                                                         # STEP 4
zone3 = 'Poland'                                                         # STEP 5
time0.shift(minutes=val7)                                                # STEP 6
time0.shift(hours=val7)                                                  # STEP 7
time4 = time0.replace(tzinfo=zone3)                                      # STEP 8
time1 = arrow.utcnow()                                                   # STEP 9
time9 = arrow.now(zone4)                                                # STEP 10
zone3 = 'US/Pacific'                                                    # STEP 11
time5 = arrow.now(zone2)                                                # STEP 12
zone1 = 'Australia/Brisbane'                                            # STEP 13
time0.shift(hours=val7)                                                 # STEP 14
time8 = arrow.get(val7)                                                 # STEP 15
time7 = arrow.now(zone2)                                                # STEP 16
val7 += 1                                                               # STEP 17
val5 = 0                                                                # STEP 18
time5.shift(seconds=val5)                                               # STEP 19
time6 = arrow.now(zone4)                                                # STEP 20
time5 = time9.replace(minutes=val7)                                     # STEP 21
zone0 = 'Poland'                                                        # STEP 22
time7.shift(minutes=val7)                                               # STEP 23
time4.shift(minutes=val7)                                               # STEP 24
time2 = arrow.get(val7)                                                 # STEP 25
time4 = arrow.now(zone3)                                                # STEP 26
time7 = arrow.now(zone0)                                                # STEP 27
time3 = time8.replace(year=val7)                                        # STEP 28
zone3 = 'Singapore'                                                     # STEP 29
zone0 = 'Asia/Samarkand'                                                # STEP 30
val5 -= 1                                                               # STEP 31
time8 = time2.replace(tzinfo=zone4)                                     # STEP 32
zone2 = 'Poland'                                                        # STEP 33
time2 = time3.replace(seconds=val5)                                     # STEP 34
ERROR: (<type 'exceptions.OverflowError'>, OverflowError('date value out of range',), <traceback object at 0x109a37cb0>)
TRACEBACK:
  File "/Users/alex/tstl/examples/arrow/sut.py", line 405705, in safely
    act[2]()
  File "/Users/alex/tstl/examples/arrow/sut.py", line 246173, in act5490
    self.p_time[2] = self.p_time[3].replace(seconds=self.p_val[5])
  File "/Library/Frameworks/Python.framework/Versions/2.7/lib/python2.7/site-packages/arrow/arrow.py", line 429, in replace
    current += relativedelta(**relative_kwargs) # TODO: DEPRECATED
  File "/Library/Frameworks/Python.framework/Versions/2.7/lib/python2.7/site-packages/dateutil/relativedelta.py", line 391, in __radd__
    return self.__add__(other)
  File "/Library/Frameworks/Python.framework/Versions/2.7/lib/python2.7/site-packages/dateutil/relativedelta.py", line 378, in __add__
    microseconds=self.microseconds))
FAILURE 2
zone0 = 'Etc/Greenwich'                                                  # STEP 0
zone4 = 'US/Eastern'                                                     # STEP 1
zone2 = 'Etc/Greenwich'                                                  # STEP 2
time2 = arrow.now(zone2)                                                 # STEP 3
zone1 = 'US/Eastern'                                                     # STEP 4
time2.format()                                                           # STEP 5
val3 = 0                                                                 # STEP 6
time0 = time2.replace(minutes=val3)                                      # STEP 7
time8 = time2.replace(hours=val3)                                        # STEP 8
time0.shift(minutes=val3)                                                # STEP 9
time6 = arrow.now(zone0)                                                # STEP 10
zone3 = 'Asia/Samarkand'                                                # STEP 11
val4 = 0                                                                # STEP 12
val3 -= 1                                                               # STEP 13
time1 = time6.replace(minutes=val4)                                     # STEP 14
zone2 = 'Turkey'                                                        # STEP 15
time6.shift(weeks=val4)                                                 # STEP 16
time8.shift(minutes=val4)                                               # STEP 17
time0 = time1.replace(hours=val3)                                       # STEP 18
zone0 = 'US/Eastern'                                                    # STEP 19
time4 = time8.replace(hours=val4)                                       # STEP 20
val9 = 0                                                                # STEP 21
time3 = arrow.get(val4)                                                 # STEP 22
val4 += 1                                                               # STEP 23
time0.shift(minutes=val4)                                               # STEP 24
time5 = arrow.now(zone2)                                                # STEP 25
time6.shift(minutes=val3)                                               # STEP 26
time5.shift(minutes=val4)                                               # STEP 27
time7 = time6.replace(minutes=val9)                                     # STEP 28
time5 = time5.replace(month=val4)                                       # STEP 29
time4.shift(weeks=val9)                                                 # STEP 30
time8.shift(minutes=val4)                                               # STEP 31
time2 = time5.replace(hours=val4)                                       # STEP 32
time9 = time6.replace(month=val4)                                       # STEP 33
time1 = time7.replace(month=val4)                                       # STEP 34
time1.shift(minutes=val4)                                               # STEP 35
time0 = arrow.now(zone1)                                                # STEP 36
time5.shift(weeks=val3)                                                 # STEP 37
time6 = time7.replace(month=val4)                                       # STEP 38
time4 = time4.replace(minutes=val9)                                     # STEP 39
time7 = time2.replace(month=val4)                                       # STEP 40
time2 = arrow.now(zone2)                                                # STEP 41
time5 = time4.replace(minutes=val9)                                     # STEP 42
time5.format()                                                          # STEP 43
time4.format()                                                          # STEP 44
time5 = time3.replace(month=val4)                                       # STEP 45
zone1 = 'Asia/Samarkand'                                                # STEP 46
time4 = time7.replace(hours=val9)                                       # STEP 47
time3 = time2.replace(hours=val3)                                       # STEP 48
time6.shift(weeks=val4)                                                 # STEP 49
time8 = time4.replace(month=val4)                                       # STEP 50
time6 = arrow.now(zone0)                                                # STEP 51
val9 += 1                                                               # STEP 52
time9.shift(weeks=val4)                                                 # STEP 53
time7 = time5.replace(year=val4)                                        # STEP 54
time1 = time1.replace(month=val9)                                       # STEP 55
zone2 = 'Etc/Greenwich'                                                 # STEP 56
time7.shift(minutes=val3)                                               # STEP 57
ERROR: (<type 'exceptions.OverflowError'>, OverflowError('date value out of range',), <traceback object at 0x109a81758>)
TRACEBACK:
  File "/Users/alex/tstl/examples/arrow/sut.py", line 405705, in safely
    act[2]()
  File "/Users/alex/tstl/examples/arrow/sut.py", line 322088, in act7228
    self.p_time[7].shift(minutes=self.p_val[3])
  File "/Library/Frameworks/Python.framework/Versions/2.7/lib/python2.7/site-packages/arrow/arrow.py", line 467, in shift
    current = self._datetime + relativedelta(**relative_kwargs)
  File "/Library/Frameworks/Python.framework/Versions/2.7/lib/python2.7/site-packages/dateutil/relativedelta.py", line 391, in __radd__
    return self.__add__(other)
  File "/Library/Frameworks/Python.framework/Versions/2.7/lib/python2.7/site-packages/dateutil/relativedelta.py", line 378, in __add__
    microseconds=self.microseconds))
323 BRANCHES COVERED
244 STATEMENTS COVERED
