Random testing using config=Config(noExceptionMatch=False, generalize=False, localize=False, speed='FAST', probs='locsample.probs', LOCBaseline=0.2, noAlphaConvert=False, replayable=False, essentials=False, noCoverageExploit=False, quickTests=False, html=None, keepLast=False, stopWhenNoCoverage=None, generateLOC=None, computeFeatureStats=False, Pmutate=0.0, timeout=60, output='failure.13575.test', markov=None, noSwarmDependencies=False, startExploit=0.0, maxMustHitBranch=None, useHints=False, silentFail=False, highLowSwarm=None, maxMustHitStatement=None, progress=False, postCover=False, swarmLength=None, noCover=False, noEnumerateEnabled=False, full=True, swarmP=0.5, coverFile='coverage.out', markovP=1.0, swarmProbs=None, genDepth=None, exploitCeiling=0.1, logging=None, noCheck=False, throughput=False, uncaught=False, swarmSwitch=None, verbose=False, reducePool=False, exploit=None, fastQuickAnalysis=False, total=False, verboseExploit=False, swarm=True, sequenceP=1.0, biasLOC=None, timedProgress=30, relax=False, ddmin=False, stutter=None, readQuick=False, verboseActions=False, quickAnalysis=False, noReassign=False, sequenceSize=3, LOCProbs=False, sequencesFromTests=None, maxTests=-1, trackMaxCoverage=None, useQuickSequences=False, exploitBestHint=1, failedLogging=None, stopWhenStatements=None, greedyStutter=False, seed=None, stopWhenHitStatement=None, uniqueValuesAnalysis=False, normalize=False, startExploitStall=0, enumerateEnabled=False, internal=False, profile=False, multiple=True, stopWhenBranches=None, running=False, compareFails=False, Pcrossover=0.2, stopWhenHitBranch=None, depth=100, showActions=False)
UNCAUGHT EXCEPTION
ERROR: (<type 'exceptions.OverflowError'>, OverflowError('date value out of range',), <traceback object at 0x10a97be18>)
TRACEBACK:
  File "/Users/alex/tstl/examples/arrow/sut.py", line 405705, in safely
    act[2]()
  File "/Users/alex/tstl/examples/arrow/sut.py", line 22369, in act671
    self.p_time[1] = self.p_time[3].to(self.p_zone[1])
  File "/Library/Frameworks/Python.framework/Versions/2.7/lib/python2.7/site-packages/arrow/arrow.py", line 510, in to
    dt = self._datetime.astimezone(tz)
  File "/Library/Frameworks/Python.framework/Versions/2.7/lib/python2.7/site-packages/dateutil/tz/tz.py", line 667, in fromutc
    dt_out = dt + datetime.timedelta(seconds=tti.offset)
Original test has 60 steps

SAVING TEST AS failure.13575.test.0
FINAL VERSION OF TEST, WITH LOGGED REPLAY:
zone3 = 'Etc/Greenwich'                                                  # STEP 0
ACTION: zone3 = 'Etc/Greenwich'  
zone3 = None : <type 'NoneType'>
=> zone3 = 'Etc/Greenwich' : <type 'str'>
==================================================
zone0 = 'US/Eastern'                                                     # STEP 1
ACTION: zone0 = 'US/Eastern'  
zone0 = None : <type 'NoneType'>
=> zone0 = 'US/Eastern' : <type 'str'>
==================================================
zone1 = 'US/Alaska'                                                      # STEP 2
ACTION: zone1 = 'US/Alaska'  
zone1 = None : <type 'NoneType'>
=> zone1 = 'US/Alaska' : <type 'str'>
==================================================
zone2 = 'Etc/Greenwich'                                                  # STEP 3
ACTION: zone2 = 'Etc/Greenwich'  
zone2 = None : <type 'NoneType'>
=> zone2 = 'Etc/Greenwich' : <type 'str'>
==================================================
time1 = arrow.now(zone3)                                                 # STEP 4
ACTION: time1 = arrow.now(zone3) 
zone3 = 'Etc/Greenwich' : <type 'str'>
time1 = None : <type 'NoneType'>
=> time1 = <Arrow [2017-11-21T21:13:43.293050+00:00]> : <class 'arrow.arrow.Arrow'>
==================================================
val5 = 0                                                                 # STEP 5
ACTION: val5 = 0 
val5 = None : <type 'NoneType'>
=> val5 = 0 : <type 'int'>
==================================================
time9 = time1.replace(minutes=val5)                                      # STEP 6
ACTION: time9 = time1.replace(minutes=val5) 
val5 = 0 : <type 'int'>
time1 = <Arrow [2017-11-21T21:13:43.293050+00:00]> : <class 'arrow.arrow.Arrow'>
time9 = None : <type 'NoneType'>
=> time9 = <Arrow [2017-11-21T21:13:43.293050+00:00]> : <class 'arrow.arrow.Arrow'>
==================================================
zone4 = 'US/Alaska'                                                      # STEP 7
ACTION: zone4 = 'US/Alaska'  
zone4 = None : <type 'NoneType'>
=> zone4 = 'US/Alaska' : <type 'str'>
==================================================
time6 = arrow.get(val5)                                                  # STEP 8
ACTION: time6 = arrow.get(val5) 
val5 = 0 : <type 'int'>
time6 = None : <type 'NoneType'>
=> time6 = <Arrow [1970-01-01T00:00:00+00:00]> : <class 'arrow.arrow.Arrow'>
==================================================
zone3 = 'Europe/Rome'                                                    # STEP 9
ACTION: zone3 = 'Europe/Rome'  
zone3 = 'Etc/Greenwich' : <type 'str'>
=> zone3 = 'Europe/Rome' : <type 'str'>
==================================================
time5 = time1.replace(seconds=val5)                                     # STEP 10
ACTION: time5 = time1.replace(seconds=val5) 
val5 = 0 : <type 'int'>
time1 = <Arrow [2017-11-21T21:13:43.293050+00:00]> : <class 'arrow.arrow.Arrow'>
time5 = None : <type 'NoneType'>
=> time5 = <Arrow [2017-11-21T21:13:43.293050+00:00]> : <class 'arrow.arrow.Arrow'>
==================================================
time9.shift(seconds=val5)                                               # STEP 11
ACTION: time9.shift(seconds=val5) 
val5 = 0 : <type 'int'>
time9 = <Arrow [2017-11-21T21:13:43.293050+00:00]> : <class 'arrow.arrow.Arrow'>
==================================================
time3 = time5.replace(minutes=val5)                                     # STEP 12
ACTION: time3 = time5.replace(minutes=val5) 
val5 = 0 : <type 'int'>
time5 = <Arrow [2017-11-21T21:13:43.293050+00:00]> : <class 'arrow.arrow.Arrow'>
time3 = None : <type 'NoneType'>
=> time3 = <Arrow [2017-11-21T21:13:43.293050+00:00]> : <class 'arrow.arrow.Arrow'>
==================================================
val4 = 0                                                                # STEP 13
ACTION: val4 = 0 
val4 = None : <type 'NoneType'>
=> val4 = 0 : <type 'int'>
==================================================
time2 = time1.to(zone3)                                                 # STEP 14
ACTION: time2 = time1.to(zone3) 
zone3 = 'Europe/Rome' : <type 'str'>
time1 = <Arrow [2017-11-21T21:13:43.293050+00:00]> : <class 'arrow.arrow.Arrow'>
time2 = None : <type 'NoneType'>
=> time2 = <Arrow [2017-11-21T22:13:43.293050+01:00]> : <class 'arrow.arrow.Arrow'>
==================================================
time2.shift(seconds=val4)                                               # STEP 15
ACTION: time2.shift(seconds=val4) 
val4 = 0 : <type 'int'>
time2 = <Arrow [2017-11-21T22:13:43.293050+01:00]> : <class 'arrow.arrow.Arrow'>
==================================================
time9.shift(seconds=val4)                                               # STEP 16
ACTION: time9.shift(seconds=val4) 
val4 = 0 : <type 'int'>
time9 = <Arrow [2017-11-21T21:13:43.293050+00:00]> : <class 'arrow.arrow.Arrow'>
==================================================
time1.shift(seconds=val5)                                               # STEP 17
ACTION: time1.shift(seconds=val5) 
val5 = 0 : <type 'int'>
time1 = <Arrow [2017-11-21T21:13:43.293050+00:00]> : <class 'arrow.arrow.Arrow'>
==================================================
time7 = time1.replace(seconds=val5)                                     # STEP 18
ACTION: time7 = time1.replace(seconds=val5) 
val5 = 0 : <type 'int'>
time1 = <Arrow [2017-11-21T21:13:43.293050+00:00]> : <class 'arrow.arrow.Arrow'>
time7 = None : <type 'NoneType'>
=> time7 = <Arrow [2017-11-21T21:13:43.293050+00:00]> : <class 'arrow.arrow.Arrow'>
==================================================
time6.shift(seconds=val5)                                               # STEP 19
ACTION: time6.shift(seconds=val5) 
val5 = 0 : <type 'int'>
time6 = <Arrow [1970-01-01T00:00:00+00:00]> : <class 'arrow.arrow.Arrow'>
==================================================
time0 = arrow.now(zone1)                                                # STEP 20
ACTION: time0 = arrow.now(zone1) 
zone1 = 'US/Alaska' : <type 'str'>
time0 = None : <type 'NoneType'>
=> time0 = <Arrow [2017-11-21T12:13:43.304576-09:00]> : <class 'arrow.arrow.Arrow'>
==================================================
time4 = time1.to(zone2)                                                 # STEP 21
ACTION: time4 = time1.to(zone2) 
zone2 = 'Etc/Greenwich' : <type 'str'>
time1 = <Arrow [2017-11-21T21:13:43.293050+00:00]> : <class 'arrow.arrow.Arrow'>
time4 = None : <type 'NoneType'>
=> time4 = <Arrow [2017-11-21T21:13:43.293050+00:00]> : <class 'arrow.arrow.Arrow'>
==================================================
time0.year                                                              # STEP 22
ACTION: time0.year 
time0 = <Arrow [2017-11-21T12:13:43.304576-09:00]> : <class 'arrow.arrow.Arrow'>
==================================================
time8 = arrow.now(zone3)                                                # STEP 23
ACTION: time8 = arrow.now(zone3) 
zone3 = 'Europe/Rome' : <type 'str'>
time8 = None : <type 'NoneType'>
=> time8 = <Arrow [2017-11-21T22:13:43.307200+01:00]> : <class 'arrow.arrow.Arrow'>
==================================================
val7 = 0                                                                # STEP 24
ACTION: val7 = 0 
val7 = None : <type 'NoneType'>
=> val7 = 0 : <type 'int'>
==================================================
val7 += 1                                                               # STEP 25
ACTION: val7 += 1 
val7 = 0 : <type 'int'>
=> val7 = 1 : <type 'int'>
==================================================
time1 = time6.replace(seconds=val4)                                     # STEP 26
ACTION: time1 = time6.replace(seconds=val4) 
val4 = 0 : <type 'int'>
time6 = <Arrow [1970-01-01T00:00:00+00:00]> : <class 'arrow.arrow.Arrow'>
time1 = <Arrow [2017-11-21T21:13:43.293050+00:00]> : <class 'arrow.arrow.Arrow'>
=> time1 = <Arrow [1970-01-01T00:00:00+00:00]> : <class 'arrow.arrow.Arrow'>
==================================================
time9 = time0.to(zone0)                                                 # STEP 27
ACTION: time9 = time0.to(zone0) 
zone0 = 'US/Eastern' : <type 'str'>
time0 = <Arrow [2017-11-21T12:13:43.304576-09:00]> : <class 'arrow.arrow.Arrow'>
time9 = <Arrow [2017-11-21T21:13:43.293050+00:00]> : <class 'arrow.arrow.Arrow'>
=> time9 = <Arrow [2017-11-21T16:13:43.304576-05:00]> : <class 'arrow.arrow.Arrow'>
==================================================
time5 = time5.replace(year=val7)                                        # STEP 28
ACTION: time5 = time5.replace(year=val7) 
val7 = 1 : <type 'int'>
time5 = <Arrow [2017-11-21T21:13:43.293050+00:00]> : <class 'arrow.arrow.Arrow'>
=> time5 = <Arrow [0001-11-21T21:13:43.293050+00:00]> : <class 'arrow.arrow.Arrow'>
==================================================
time8.shift(seconds=val5)                                               # STEP 29
ACTION: time8.shift(seconds=val5) 
val5 = 0 : <type 'int'>
time8 = <Arrow [2017-11-21T22:13:43.307200+01:00]> : <class 'arrow.arrow.Arrow'>
==================================================
time4.year                                                              # STEP 30
ACTION: time4.year 
time4 = <Arrow [2017-11-21T21:13:43.293050+00:00]> : <class 'arrow.arrow.Arrow'>
==================================================
locale2 =  u'en_be'                                                     # STEP 31
ACTION: locale2 =  u'en_be' 
locale2 = None : <type 'NoneType'>
=> locale2 = u'en_be' : <type 'unicode'>
==================================================
time4 = time4.to(zone3)                                                 # STEP 32
ACTION: time4 = time4.to(zone3) 
zone3 = 'Europe/Rome' : <type 'str'>
time4 = <Arrow [2017-11-21T21:13:43.293050+00:00]> : <class 'arrow.arrow.Arrow'>
=> time4 = <Arrow [2017-11-21T22:13:43.293050+01:00]> : <class 'arrow.arrow.Arrow'>
==================================================
zone1 = 'US/Alaska'                                                     # STEP 33
ACTION: zone1 = 'US/Alaska'  
zone1 = 'US/Alaska' : <type 'str'>
==================================================
zone3 = 'US/Eastern'                                                    # STEP 34
ACTION: zone3 = 'US/Eastern'  
zone3 = 'Europe/Rome' : <type 'str'>
=> zone3 = 'US/Eastern' : <type 'str'>
==================================================
time0 = time3.replace(year=val7)                                        # STEP 35
ACTION: time0 = time3.replace(year=val7) 
val7 = 1 : <type 'int'>
time3 = <Arrow [2017-11-21T21:13:43.293050+00:00]> : <class 'arrow.arrow.Arrow'>
time0 = <Arrow [2017-11-21T12:13:43.304576-09:00]> : <class 'arrow.arrow.Arrow'>
=> time0 = <Arrow [0001-11-21T21:13:43.293050+00:00]> : <class 'arrow.arrow.Arrow'>
==================================================
time3 = time5.replace(minutes=val4)                                     # STEP 36
ACTION: time3 = time5.replace(minutes=val4) 
val4 = 0 : <type 'int'>
time5 = <Arrow [0001-11-21T21:13:43.293050+00:00]> : <class 'arrow.arrow.Arrow'>
time3 = <Arrow [2017-11-21T21:13:43.293050+00:00]> : <class 'arrow.arrow.Arrow'>
=> time3 = <Arrow [0001-11-21T21:13:43.293050+00:00]> : <class 'arrow.arrow.Arrow'>
==================================================
time6 = time1.replace(seconds=val7)                                     # STEP 37
ACTION: time6 = time1.replace(seconds=val7) 
val7 = 1 : <type 'int'>
time1 = <Arrow [1970-01-01T00:00:00+00:00]> : <class 'arrow.arrow.Arrow'>
time6 = <Arrow [1970-01-01T00:00:00+00:00]> : <class 'arrow.arrow.Arrow'>
=> time6 = <Arrow [1970-01-01T00:00:01+00:00]> : <class 'arrow.arrow.Arrow'>
==================================================
time8 = time5.replace(seconds=val5)                                     # STEP 38
ACTION: time8 = time5.replace(seconds=val5) 
val5 = 0 : <type 'int'>
time5 = <Arrow [0001-11-21T21:13:43.293050+00:00]> : <class 'arrow.arrow.Arrow'>
time8 = <Arrow [2017-11-21T22:13:43.307200+01:00]> : <class 'arrow.arrow.Arrow'>
=> time8 = <Arrow [0001-11-21T21:13:43.293050+00:00]> : <class 'arrow.arrow.Arrow'>
==================================================
zone2 = 'US/Alaska'                                                     # STEP 39
ACTION: zone2 = 'US/Alaska'  
zone2 = 'Etc/Greenwich' : <type 'str'>
=> zone2 = 'US/Alaska' : <type 'str'>
==================================================
time1.shift(seconds=val4)                                               # STEP 40
ACTION: time1.shift(seconds=val4) 
val4 = 0 : <type 'int'>
time1 = <Arrow [1970-01-01T00:00:00+00:00]> : <class 'arrow.arrow.Arrow'>
==================================================
zone0 = 'US/Mountain'                                                   # STEP 41
ACTION: zone0 = 'US/Mountain'  
zone0 = 'US/Eastern' : <type 'str'>
=> zone0 = 'US/Mountain' : <type 'str'>
==================================================
time2 = time1.to(zone2)                                                 # STEP 42
ACTION: time2 = time1.to(zone2) 
zone2 = 'US/Alaska' : <type 'str'>
time1 = <Arrow [1970-01-01T00:00:00+00:00]> : <class 'arrow.arrow.Arrow'>
time2 = <Arrow [2017-11-21T22:13:43.293050+01:00]> : <class 'arrow.arrow.Arrow'>
=> time2 = <Arrow [1969-12-31T14:00:00-10:00]> : <class 'arrow.arrow.Arrow'>
==================================================
time1 = time2.replace(minutes=val4)                                     # STEP 43
ACTION: time1 = time2.replace(minutes=val4) 
val4 = 0 : <type 'int'>
time2 = <Arrow [1969-12-31T14:00:00-10:00]> : <class 'arrow.arrow.Arrow'>
time1 = <Arrow [1970-01-01T00:00:00+00:00]> : <class 'arrow.arrow.Arrow'>
=> time1 = <Arrow [1969-12-31T14:00:00-10:00]> : <class 'arrow.arrow.Arrow'>
==================================================
time2 = time3.replace(minutes=val4)                                     # STEP 44
ACTION: time2 = time3.replace(minutes=val4) 
val4 = 0 : <type 'int'>
time3 = <Arrow [0001-11-21T21:13:43.293050+00:00]> : <class 'arrow.arrow.Arrow'>
time2 = <Arrow [1969-12-31T14:00:00-10:00]> : <class 'arrow.arrow.Arrow'>
=> time2 = <Arrow [0001-11-21T21:13:43.293050+00:00]> : <class 'arrow.arrow.Arrow'>
==================================================
time5 = arrow.now(zone2)                                                # STEP 45
ACTION: time5 = arrow.now(zone2) 
zone2 = 'US/Alaska' : <type 'str'>
time5 = <Arrow [0001-11-21T21:13:43.293050+00:00]> : <class 'arrow.arrow.Arrow'>
=> time5 = <Arrow [2017-11-21T12:13:43.322584-09:00]> : <class 'arrow.arrow.Arrow'>
==================================================
time3 = time7.replace(year=val7)                                        # STEP 46
ACTION: time3 = time7.replace(year=val7) 
val7 = 1 : <type 'int'>
time7 = <Arrow [2017-11-21T21:13:43.293050+00:00]> : <class 'arrow.arrow.Arrow'>
time3 = <Arrow [0001-11-21T21:13:43.293050+00:00]> : <class 'arrow.arrow.Arrow'>
==================================================
time7 = time9.replace(year=val7)                                        # STEP 47
ACTION: time7 = time9.replace(year=val7) 
val7 = 1 : <type 'int'>
time9 = <Arrow [2017-11-21T16:13:43.304576-05:00]> : <class 'arrow.arrow.Arrow'>
time7 = <Arrow [2017-11-21T21:13:43.293050+00:00]> : <class 'arrow.arrow.Arrow'>
=> time7 = <Arrow [0001-11-21T16:13:43.304576-05:00]> : <class 'arrow.arrow.Arrow'>
==================================================
time9 = time3.replace(minutes=val7)                                     # STEP 48
ACTION: time9 = time3.replace(minutes=val7) 
val7 = 1 : <type 'int'>
time3 = <Arrow [0001-11-21T21:13:43.293050+00:00]> : <class 'arrow.arrow.Arrow'>
time9 = <Arrow [2017-11-21T16:13:43.304576-05:00]> : <class 'arrow.arrow.Arrow'>
=> time9 = <Arrow [0001-11-21T21:14:43.293050+00:00]> : <class 'arrow.arrow.Arrow'>
==================================================
time3 = time1.to(zone2)                                                 # STEP 49
ACTION: time3 = time1.to(zone2) 
zone2 = 'US/Alaska' : <type 'str'>
time1 = <Arrow [1969-12-31T14:00:00-10:00]> : <class 'arrow.arrow.Arrow'>
time3 = <Arrow [0001-11-21T21:13:43.293050+00:00]> : <class 'arrow.arrow.Arrow'>
=> time3 = <Arrow [1969-12-31T14:00:00-10:00]> : <class 'arrow.arrow.Arrow'>
==================================================
time3.shift(seconds=val7)                                               # STEP 50
ACTION: time3.shift(seconds=val7) 
val7 = 1 : <type 'int'>
time3 = <Arrow [1969-12-31T14:00:00-10:00]> : <class 'arrow.arrow.Arrow'>
==================================================
time3 = time6.replace(year=val7)                                        # STEP 51
ACTION: time3 = time6.replace(year=val7) 
val7 = 1 : <type 'int'>
time6 = <Arrow [1970-01-01T00:00:01+00:00]> : <class 'arrow.arrow.Arrow'>
time3 = <Arrow [1969-12-31T14:00:00-10:00]> : <class 'arrow.arrow.Arrow'>
=> time3 = <Arrow [0001-01-01T00:00:01+00:00]> : <class 'arrow.arrow.Arrow'>
==================================================
time6 = time9.to(zone3)                                                 # STEP 52
ACTION: time6 = time9.to(zone3) 
zone3 = 'US/Eastern' : <type 'str'>
time9 = <Arrow [0001-11-21T21:14:43.293050+00:00]> : <class 'arrow.arrow.Arrow'>
time6 = <Arrow [1970-01-01T00:00:01+00:00]> : <class 'arrow.arrow.Arrow'>
=> time6 = <Arrow [0001-11-21T16:14:43.293050-05:00]> : <class 'arrow.arrow.Arrow'>
==================================================
time9.shift(seconds=val7)                                               # STEP 53
ACTION: time9.shift(seconds=val7) 
val7 = 1 : <type 'int'>
time9 = <Arrow [0001-11-21T21:14:43.293050+00:00]> : <class 'arrow.arrow.Arrow'>
==================================================
time9 = arrow.get(val4)                                                 # STEP 54
ACTION: time9 = arrow.get(val4) 
val4 = 0 : <type 'int'>
time9 = <Arrow [0001-11-21T21:14:43.293050+00:00]> : <class 'arrow.arrow.Arrow'>
=> time9 = <Arrow [1970-01-01T00:00:00+00:00]> : <class 'arrow.arrow.Arrow'>
==================================================
time1 = arrow.get(val4)                                                 # STEP 55
ACTION: time1 = arrow.get(val4) 
val4 = 0 : <type 'int'>
time1 = <Arrow [1969-12-31T14:00:00-10:00]> : <class 'arrow.arrow.Arrow'>
=> time1 = <Arrow [1970-01-01T00:00:00+00:00]> : <class 'arrow.arrow.Arrow'>
==================================================
zone3 = 'Europe/Rome'                                                   # STEP 56
ACTION: zone3 = 'Europe/Rome'  
zone3 = 'US/Eastern' : <type 'str'>
=> zone3 = 'Europe/Rome' : <type 'str'>
==================================================
zone2 = 'Etc/Greenwich'                                                 # STEP 57
ACTION: zone2 = 'Etc/Greenwich'  
zone2 = 'US/Alaska' : <type 'str'>
=> zone2 = 'Etc/Greenwich' : <type 'str'>
==================================================
time1.shift(seconds=val4)                                               # STEP 58
ACTION: time1.shift(seconds=val4) 
val4 = 0 : <type 'int'>
time1 = <Arrow [1970-01-01T00:00:00+00:00]> : <class 'arrow.arrow.Arrow'>
==================================================
time1 = time3.to(zone1)                                                 # STEP 59
ACTION: time1 = time3.to(zone1) 
zone1 = 'US/Alaska' : <type 'str'>
time3 = <Arrow [0001-01-01T00:00:01+00:00]> : <class 'arrow.arrow.Arrow'>
time1 = <Arrow [1970-01-01T00:00:00+00:00]> : <class 'arrow.arrow.Arrow'>
RAISED EXCEPTION: <type 'exceptions.OverflowError'> date value out of range
ERROR: (<type 'exceptions.OverflowError'>, OverflowError('date value out of range',), <traceback object at 0x10a9a07a0>)
TRACEBACK:
  File "/Users/alex/tstl/examples/arrow/sut.py", line 405705, in safely
    act[2]()
  File "/Users/alex/tstl/examples/arrow/sut.py", line 22369, in act671
    self.p_time[1] = self.p_time[3].to(self.p_zone[1])
  File "/Library/Frameworks/Python.framework/Versions/2.7/lib/python2.7/site-packages/arrow/arrow.py", line 510, in to
    dt = self._datetime.astimezone(tz)
  File "/Library/Frameworks/Python.framework/Versions/2.7/lib/python2.7/site-packages/dateutil/tz/tz.py", line 667, in fromutc
    dt_out = dt + datetime.timedelta(seconds=tti.offset)
FAILURE IS NEW, STORING; NOW 1 DISTINCT FAILURES
TEST #62 STEP #62 (0:00:30.020972) Tue Nov 21 13:13:59 2017 [ 231 stmts 302 branches ] (no cov+ for 1 tests) 6122 TOTAL ACTIONS (203.924110027/s)
UNCAUGHT EXCEPTION
ERROR: (<type 'exceptions.OverflowError'>, OverflowError('date value out of range',), <traceback object at 0x10aa70488>)
TRACEBACK:
  File "/Users/alex/tstl/examples/arrow/sut.py", line 405705, in safely
    act[2]()
  File "/Users/alex/tstl/examples/arrow/sut.py", line 31755, in act877
    self.p_time[5] = self.p_time[4].to(self.p_zone[2])
  File "/Library/Frameworks/Python.framework/Versions/2.7/lib/python2.7/site-packages/arrow/arrow.py", line 510, in to
    dt = self._datetime.astimezone(tz)
  File "/Library/Frameworks/Python.framework/Versions/2.7/lib/python2.7/site-packages/dateutil/tz/tz.py", line 667, in fromutc
    dt_out = dt + datetime.timedelta(seconds=tti.offset)
Original test has 80 steps

SAVING TEST AS failure.13575.test.1
FINAL VERSION OF TEST, WITH LOGGED REPLAY:
zone2 = 'Etc/Greenwich'                                                  # STEP 0
ACTION: zone2 = 'Etc/Greenwich'  
zone2 = None : <type 'NoneType'>
=> zone2 = 'Etc/Greenwich' : <type 'str'>
==================================================
zone3 = 'Poland'                                                         # STEP 1
ACTION: zone3 = 'Poland'  
zone3 = None : <type 'NoneType'>
=> zone3 = 'Poland' : <type 'str'>
==================================================
zone0 = 'Asia/Samarkand'                                                 # STEP 2
ACTION: zone0 = 'Asia/Samarkand'  
zone0 = None : <type 'NoneType'>
=> zone0 = 'Asia/Samarkand' : <type 'str'>
==================================================
zone4 = 'Singapore'                                                      # STEP 3
ACTION: zone4 = 'Singapore'  
zone4 = None : <type 'NoneType'>
=> zone4 = 'Singapore' : <type 'str'>
==================================================
zone1 = 'Singapore'                                                      # STEP 4
ACTION: zone1 = 'Singapore'  
zone1 = None : <type 'NoneType'>
=> zone1 = 'Singapore' : <type 'str'>
==================================================
val0 = 0                                                                 # STEP 5
ACTION: val0 = 0 
val0 = None : <type 'NoneType'>
=> val0 = 0 : <type 'int'>
==================================================
val0 += 1                                                                # STEP 6
ACTION: val0 += 1 
val0 = 0 : <type 'int'>
=> val0 = 1 : <type 'int'>
==================================================
val4 = 0                                                                 # STEP 7
ACTION: val4 = 0 
val4 = None : <type 'NoneType'>
=> val4 = 0 : <type 'int'>
==================================================
time2 = arrow.get(val4)                                                  # STEP 8
ACTION: time2 = arrow.get(val4) 
val4 = 0 : <type 'int'>
time2 = None : <type 'NoneType'>
=> time2 = <Arrow [1970-01-01T00:00:00+00:00]> : <class 'arrow.arrow.Arrow'>
==================================================
time2.shift(seconds=val4)                                                # STEP 9
ACTION: time2.shift(seconds=val4) 
val4 = 0 : <type 'int'>
time2 = <Arrow [1970-01-01T00:00:00+00:00]> : <class 'arrow.arrow.Arrow'>
==================================================
time2.shift(weeks=val0)                                                 # STEP 10
ACTION: time2.shift(weeks=val0) 
val0 = 1 : <type 'int'>
time2 = <Arrow [1970-01-01T00:00:00+00:00]> : <class 'arrow.arrow.Arrow'>
==================================================
time2.shift(weeks=val4)                                                 # STEP 11
ACTION: time2.shift(weeks=val4) 
val4 = 0 : <type 'int'>
time2 = <Arrow [1970-01-01T00:00:00+00:00]> : <class 'arrow.arrow.Arrow'>
==================================================
time9 = arrow.get(val0)                                                 # STEP 12
ACTION: time9 = arrow.get(val0) 
val0 = 1 : <type 'int'>
time9 = None : <type 'NoneType'>
=> time9 = <Arrow [1970-01-01T00:00:01+00:00]> : <class 'arrow.arrow.Arrow'>
==================================================
time2.format()                                                          # STEP 13
ACTION: time2.format() 
time2 = <Arrow [1970-01-01T00:00:00+00:00]> : <class 'arrow.arrow.Arrow'>
==================================================
time0 = time2.replace(month=val0)                                       # STEP 14
ACTION: time0 = time2.replace(month=val0) 
val0 = 1 : <type 'int'>
time2 = <Arrow [1970-01-01T00:00:00+00:00]> : <class 'arrow.arrow.Arrow'>
time0 = None : <type 'NoneType'>
=> time0 = <Arrow [1970-01-01T00:00:00+00:00]> : <class 'arrow.arrow.Arrow'>
==================================================
time6 = time2.replace(month=val0)                                       # STEP 15
ACTION: time6 = time2.replace(month=val0) 
val0 = 1 : <type 'int'>
time2 = <Arrow [1970-01-01T00:00:00+00:00]> : <class 'arrow.arrow.Arrow'>
time6 = None : <type 'NoneType'>
=> time6 = <Arrow [1970-01-01T00:00:00+00:00]> : <class 'arrow.arrow.Arrow'>
==================================================
time0.shift(years=val4)                                                 # STEP 16
ACTION: time0.shift(years=val4) 
val4 = 0 : <type 'int'>
time0 = <Arrow [1970-01-01T00:00:00+00:00]> : <class 'arrow.arrow.Arrow'>
==================================================
time3 = time6.replace(minutes=val0)                                     # STEP 17
ACTION: time3 = time6.replace(minutes=val0) 
val0 = 1 : <type 'int'>
time6 = <Arrow [1970-01-01T00:00:00+00:00]> : <class 'arrow.arrow.Arrow'>
time3 = None : <type 'NoneType'>
=> time3 = <Arrow [1970-01-01T00:01:00+00:00]> : <class 'arrow.arrow.Arrow'>
==================================================
time4 = time9.replace(year=val0)                                        # STEP 18
ACTION: time4 = time9.replace(year=val0) 
val0 = 1 : <type 'int'>
time9 = <Arrow [1970-01-01T00:00:01+00:00]> : <class 'arrow.arrow.Arrow'>
time4 = None : <type 'NoneType'>
=> time4 = <Arrow [0001-01-01T00:00:01+00:00]> : <class 'arrow.arrow.Arrow'>
==================================================
time0 = arrow.get(val4)                                                 # STEP 19
ACTION: time0 = arrow.get(val4) 
val4 = 0 : <type 'int'>
time0 = <Arrow [1970-01-01T00:00:00+00:00]> : <class 'arrow.arrow.Arrow'>
==================================================
time2 = time3.replace(year=val0)                                        # STEP 20
ACTION: time2 = time3.replace(year=val0) 
val0 = 1 : <type 'int'>
time3 = <Arrow [1970-01-01T00:01:00+00:00]> : <class 'arrow.arrow.Arrow'>
time2 = <Arrow [1970-01-01T00:00:00+00:00]> : <class 'arrow.arrow.Arrow'>
=> time2 = <Arrow [0001-01-01T00:01:00+00:00]> : <class 'arrow.arrow.Arrow'>
==================================================
time9.shift(minutes=val0)                                               # STEP 21
ACTION: time9.shift(minutes=val0) 
val0 = 1 : <type 'int'>
time9 = <Arrow [1970-01-01T00:00:01+00:00]> : <class 'arrow.arrow.Arrow'>
==================================================
time7 = time4.replace(year=val0)                                        # STEP 22
ACTION: time7 = time4.replace(year=val0) 
val0 = 1 : <type 'int'>
time4 = <Arrow [0001-01-01T00:00:01+00:00]> : <class 'arrow.arrow.Arrow'>
time7 = None : <type 'NoneType'>
=> time7 = <Arrow [0001-01-01T00:00:01+00:00]> : <class 'arrow.arrow.Arrow'>
==================================================
time0.shift(years=val4)                                                 # STEP 23
ACTION: time0.shift(years=val4) 
val4 = 0 : <type 'int'>
time0 = <Arrow [1970-01-01T00:00:00+00:00]> : <class 'arrow.arrow.Arrow'>
==================================================
time4 = time9.to(zone2)                                                 # STEP 24
ACTION: time4 = time9.to(zone2) 
zone2 = 'Etc/Greenwich' : <type 'str'>
time9 = <Arrow [1970-01-01T00:00:01+00:00]> : <class 'arrow.arrow.Arrow'>
time4 = <Arrow [0001-01-01T00:00:01+00:00]> : <class 'arrow.arrow.Arrow'>
=> time4 = <Arrow [1970-01-01T00:00:01+00:00]> : <class 'arrow.arrow.Arrow'>
==================================================
time5 = time0.replace(year=val0)                                        # STEP 25
ACTION: time5 = time0.replace(year=val0) 
val0 = 1 : <type 'int'>
time0 = <Arrow [1970-01-01T00:00:00+00:00]> : <class 'arrow.arrow.Arrow'>
time5 = None : <type 'NoneType'>
=> time5 = <Arrow [0001-01-01T00:00:00+00:00]> : <class 'arrow.arrow.Arrow'>
==================================================
zone2 = 'US/Pacific'                                                    # STEP 26
ACTION: zone2 = 'US/Pacific'  
zone2 = 'Etc/Greenwich' : <type 'str'>
=> zone2 = 'US/Pacific' : <type 'str'>
==================================================
time8 = time0.replace(year=val0)                                        # STEP 27
ACTION: time8 = time0.replace(year=val0) 
val0 = 1 : <type 'int'>
time0 = <Arrow [1970-01-01T00:00:00+00:00]> : <class 'arrow.arrow.Arrow'>
time8 = None : <type 'NoneType'>
=> time8 = <Arrow [0001-01-01T00:00:00+00:00]> : <class 'arrow.arrow.Arrow'>
==================================================
time7.shift(hours=val0)                                                 # STEP 28
ACTION: time7.shift(hours=val0) 
val0 = 1 : <type 'int'>
time7 = <Arrow [0001-01-01T00:00:01+00:00]> : <class 'arrow.arrow.Arrow'>
==================================================
time9 = time4.replace(minutes=val4)                                     # STEP 29
ACTION: time9 = time4.replace(minutes=val4) 
val4 = 0 : <type 'int'>
time4 = <Arrow [1970-01-01T00:00:01+00:00]> : <class 'arrow.arrow.Arrow'>
time9 = <Arrow [1970-01-01T00:00:01+00:00]> : <class 'arrow.arrow.Arrow'>
==================================================
time8.shift(weeks=val4)                                                 # STEP 30
ACTION: time8.shift(weeks=val4) 
val4 = 0 : <type 'int'>
time8 = <Arrow [0001-01-01T00:00:00+00:00]> : <class 'arrow.arrow.Arrow'>
==================================================
time8 = time8.replace(minutes=val4)                                     # STEP 31
ACTION: time8 = time8.replace(minutes=val4) 
val4 = 0 : <type 'int'>
time8 = <Arrow [0001-01-01T00:00:00+00:00]> : <class 'arrow.arrow.Arrow'>
==================================================
time3 = time4.to(zone3)                                                 # STEP 32
ACTION: time3 = time4.to(zone3) 
zone3 = 'Poland' : <type 'str'>
time4 = <Arrow [1970-01-01T00:00:01+00:00]> : <class 'arrow.arrow.Arrow'>
time3 = <Arrow [1970-01-01T00:01:00+00:00]> : <class 'arrow.arrow.Arrow'>
=> time3 = <Arrow [1970-01-01T01:00:01+01:00]> : <class 'arrow.arrow.Arrow'>
==================================================
time2.format()                                                          # STEP 33
ACTION: time2.format() 
time2 = <Arrow [0001-01-01T00:01:00+00:00]> : <class 'arrow.arrow.Arrow'>
==================================================
zone3 = 'Etc/Greenwich'                                                 # STEP 34
ACTION: zone3 = 'Etc/Greenwich'  
zone3 = 'Poland' : <type 'str'>
=> zone3 = 'Etc/Greenwich' : <type 'str'>
==================================================
time4 = time3.replace(month=val0)                                       # STEP 35
ACTION: time4 = time3.replace(month=val0) 
val0 = 1 : <type 'int'>
time3 = <Arrow [1970-01-01T01:00:01+01:00]> : <class 'arrow.arrow.Arrow'>
time4 = <Arrow [1970-01-01T00:00:01+00:00]> : <class 'arrow.arrow.Arrow'>
=> time4 = <Arrow [1970-01-01T01:00:01+01:00]> : <class 'arrow.arrow.Arrow'>
==================================================
time7 = time0.replace(year=val0)                                        # STEP 36
ACTION: time7 = time0.replace(year=val0) 
val0 = 1 : <type 'int'>
time0 = <Arrow [1970-01-01T00:00:00+00:00]> : <class 'arrow.arrow.Arrow'>
time7 = <Arrow [0001-01-01T00:00:01+00:00]> : <class 'arrow.arrow.Arrow'>
=> time7 = <Arrow [0001-01-01T00:00:00+00:00]> : <class 'arrow.arrow.Arrow'>
==================================================
time6.shift(minutes=val0)                                               # STEP 37
ACTION: time6.shift(minutes=val0) 
val0 = 1 : <type 'int'>
time6 = <Arrow [1970-01-01T00:00:00+00:00]> : <class 'arrow.arrow.Arrow'>
==================================================
val4 += 1                                                               # STEP 38
ACTION: val4 += 1 
val4 = 0 : <type 'int'>
=> val4 = 1 : <type 'int'>
==================================================
time0 = time8.replace(year=val4)                                        # STEP 39
ACTION: time0 = time8.replace(year=val4) 
val4 = 1 : <type 'int'>
time8 = <Arrow [0001-01-01T00:00:00+00:00]> : <class 'arrow.arrow.Arrow'>
time0 = <Arrow [1970-01-01T00:00:00+00:00]> : <class 'arrow.arrow.Arrow'>
=> time0 = <Arrow [0001-01-01T00:00:00+00:00]> : <class 'arrow.arrow.Arrow'>
==================================================
time2 = time5.replace(month=val0)                                       # STEP 40
ACTION: time2 = time5.replace(month=val0) 
val0 = 1 : <type 'int'>
time5 = <Arrow [0001-01-01T00:00:00+00:00]> : <class 'arrow.arrow.Arrow'>
time2 = <Arrow [0001-01-01T00:01:00+00:00]> : <class 'arrow.arrow.Arrow'>
=> time2 = <Arrow [0001-01-01T00:00:00+00:00]> : <class 'arrow.arrow.Arrow'>
==================================================
time5.shift(minutes=val0)                                               # STEP 41
ACTION: time5.shift(minutes=val0) 
val0 = 1 : <type 'int'>
time5 = <Arrow [0001-01-01T00:00:00+00:00]> : <class 'arrow.arrow.Arrow'>
==================================================
time5 = time8.replace(minutes=val0)                                     # STEP 42
ACTION: time5 = time8.replace(minutes=val0) 
val0 = 1 : <type 'int'>
time8 = <Arrow [0001-01-01T00:00:00+00:00]> : <class 'arrow.arrow.Arrow'>
time5 = <Arrow [0001-01-01T00:00:00+00:00]> : <class 'arrow.arrow.Arrow'>
=> time5 = <Arrow [0001-01-01T00:01:00+00:00]> : <class 'arrow.arrow.Arrow'>
==================================================
time0.shift(seconds=val0)                                               # STEP 43
ACTION: time0.shift(seconds=val0) 
val0 = 1 : <type 'int'>
time0 = <Arrow [0001-01-01T00:00:00+00:00]> : <class 'arrow.arrow.Arrow'>
==================================================
val0 += 1                                                               # STEP 44
ACTION: val0 += 1 
val0 = 1 : <type 'int'>
=> val0 = 2 : <type 'int'>
==================================================
val2 = 0                                                                # STEP 45
ACTION: val2 = 0 
val2 = None : <type 'NoneType'>
=> val2 = 0 : <type 'int'>
==================================================
time6.shift(weeks=val4)                                                 # STEP 46
ACTION: time6.shift(weeks=val4) 
val4 = 1 : <type 'int'>
time6 = <Arrow [1970-01-01T00:00:00+00:00]> : <class 'arrow.arrow.Arrow'>
==================================================
time8.shift(minutes=val0)                                               # STEP 47
ACTION: time8.shift(minutes=val0) 
val0 = 2 : <type 'int'>
time8 = <Arrow [0001-01-01T00:00:00+00:00]> : <class 'arrow.arrow.Arrow'>
==================================================
time0.shift(seconds=val4)                                               # STEP 48
ACTION: time0.shift(seconds=val4) 
val4 = 1 : <type 'int'>
time0 = <Arrow [0001-01-01T00:00:00+00:00]> : <class 'arrow.arrow.Arrow'>
==================================================
time3.shift(hours=val0)                                                 # STEP 49
ACTION: time3.shift(hours=val0) 
val0 = 2 : <type 'int'>
time3 = <Arrow [1970-01-01T01:00:01+01:00]> : <class 'arrow.arrow.Arrow'>
==================================================
time1 = arrow.get(val2)                                                 # STEP 50
ACTION: time1 = arrow.get(val2) 
val2 = 0 : <type 'int'>
time1 = None : <type 'NoneType'>
=> time1 = <Arrow [1970-01-01T00:00:00+00:00]> : <class 'arrow.arrow.Arrow'>
==================================================
time8 = time7.replace(year=val0)                                        # STEP 51
ACTION: time8 = time7.replace(year=val0) 
val0 = 2 : <type 'int'>
time7 = <Arrow [0001-01-01T00:00:00+00:00]> : <class 'arrow.arrow.Arrow'>
time8 = <Arrow [0001-01-01T00:00:00+00:00]> : <class 'arrow.arrow.Arrow'>
=> time8 = <Arrow [0002-01-01T00:00:00+00:00]> : <class 'arrow.arrow.Arrow'>
==================================================
time7 = time9.replace(minutes=val2)                                     # STEP 52
ACTION: time7 = time9.replace(minutes=val2) 
val2 = 0 : <type 'int'>
time9 = <Arrow [1970-01-01T00:00:01+00:00]> : <class 'arrow.arrow.Arrow'>
time7 = <Arrow [0001-01-01T00:00:00+00:00]> : <class 'arrow.arrow.Arrow'>
=> time7 = <Arrow [1970-01-01T00:00:01+00:00]> : <class 'arrow.arrow.Arrow'>
==================================================
time6 = time5.replace(month=val0)                                       # STEP 53
ACTION: time6 = time5.replace(month=val0) 
val0 = 2 : <type 'int'>
time5 = <Arrow [0001-01-01T00:01:00+00:00]> : <class 'arrow.arrow.Arrow'>
time6 = <Arrow [1970-01-01T00:00:00+00:00]> : <class 'arrow.arrow.Arrow'>
=> time6 = <Arrow [0001-02-01T00:01:00+00:00]> : <class 'arrow.arrow.Arrow'>
==================================================
time3 = time9.replace(minutes=val0)                                     # STEP 54
ACTION: time3 = time9.replace(minutes=val0) 
val0 = 2 : <type 'int'>
time9 = <Arrow [1970-01-01T00:00:01+00:00]> : <class 'arrow.arrow.Arrow'>
time3 = <Arrow [1970-01-01T01:00:01+01:00]> : <class 'arrow.arrow.Arrow'>
=> time3 = <Arrow [1970-01-01T00:02:01+00:00]> : <class 'arrow.arrow.Arrow'>
==================================================
time9 = arrow.get(val4)                                                 # STEP 55
ACTION: time9 = arrow.get(val4) 
val4 = 1 : <type 'int'>
time9 = <Arrow [1970-01-01T00:00:01+00:00]> : <class 'arrow.arrow.Arrow'>
==================================================
time0 = time7.replace(month=val4)                                       # STEP 56
ACTION: time0 = time7.replace(month=val4) 
val4 = 1 : <type 'int'>
time7 = <Arrow [1970-01-01T00:00:01+00:00]> : <class 'arrow.arrow.Arrow'>
time0 = <Arrow [0001-01-01T00:00:00+00:00]> : <class 'arrow.arrow.Arrow'>
=> time0 = <Arrow [1970-01-01T00:00:01+00:00]> : <class 'arrow.arrow.Arrow'>
==================================================
time7.shift(minutes=val0)                                               # STEP 57
ACTION: time7.shift(minutes=val0) 
val0 = 2 : <type 'int'>
time7 = <Arrow [1970-01-01T00:00:01+00:00]> : <class 'arrow.arrow.Arrow'>
==================================================
time5 = time5.replace(year=val4)                                        # STEP 58
ACTION: time5 = time5.replace(year=val4) 
val4 = 1 : <type 'int'>
time5 = <Arrow [0001-01-01T00:01:00+00:00]> : <class 'arrow.arrow.Arrow'>
==================================================
time5.shift(hours=val0)                                                 # STEP 59
ACTION: time5.shift(hours=val0) 
val0 = 2 : <type 'int'>
time5 = <Arrow [0001-01-01T00:01:00+00:00]> : <class 'arrow.arrow.Arrow'>
==================================================
time9.shift(weeks=val0)                                                 # STEP 60
ACTION: time9.shift(weeks=val0) 
val0 = 2 : <type 'int'>
time9 = <Arrow [1970-01-01T00:00:01+00:00]> : <class 'arrow.arrow.Arrow'>
==================================================
time7 = time9.to(zone4)                                                 # STEP 61
ACTION: time7 = time9.to(zone4) 
zone4 = 'Singapore' : <type 'str'>
time9 = <Arrow [1970-01-01T00:00:01+00:00]> : <class 'arrow.arrow.Arrow'>
time7 = <Arrow [1970-01-01T00:00:01+00:00]> : <class 'arrow.arrow.Arrow'>
=> time7 = <Arrow [1970-01-01T07:30:01+07:30]> : <class 'arrow.arrow.Arrow'>
==================================================
time7.shift(years=val4)                                                 # STEP 62
ACTION: time7.shift(years=val4) 
val4 = 1 : <type 'int'>
time7 = <Arrow [1970-01-01T07:30:01+07:30]> : <class 'arrow.arrow.Arrow'>
==================================================
time9.shift(minutes=val0)                                               # STEP 63
ACTION: time9.shift(minutes=val0) 
val0 = 2 : <type 'int'>
time9 = <Arrow [1970-01-01T00:00:01+00:00]> : <class 'arrow.arrow.Arrow'>
==================================================
time7 = time4.replace(month=val0)                                       # STEP 64
ACTION: time7 = time4.replace(month=val0) 
val0 = 2 : <type 'int'>
time4 = <Arrow [1970-01-01T01:00:01+01:00]> : <class 'arrow.arrow.Arrow'>
time7 = <Arrow [1970-01-01T07:30:01+07:30]> : <class 'arrow.arrow.Arrow'>
=> time7 = <Arrow [1970-02-01T01:00:01+01:00]> : <class 'arrow.arrow.Arrow'>
==================================================
time5.shift(minutes=val4)                                               # STEP 65
ACTION: time5.shift(minutes=val4) 
val4 = 1 : <type 'int'>
time5 = <Arrow [0001-01-01T00:01:00+00:00]> : <class 'arrow.arrow.Arrow'>
==================================================
time4 = time9.replace(year=val4)                                        # STEP 66
ACTION: time4 = time9.replace(year=val4) 
val4 = 1 : <type 'int'>
time9 = <Arrow [1970-01-01T00:00:01+00:00]> : <class 'arrow.arrow.Arrow'>
time4 = <Arrow [1970-01-01T01:00:01+01:00]> : <class 'arrow.arrow.Arrow'>
=> time4 = <Arrow [0001-01-01T00:00:01+00:00]> : <class 'arrow.arrow.Arrow'>
==================================================
time5 = time7.replace(minutes=val2)                                     # STEP 67
ACTION: time5 = time7.replace(minutes=val2) 
val2 = 0 : <type 'int'>
time7 = <Arrow [1970-02-01T01:00:01+01:00]> : <class 'arrow.arrow.Arrow'>
time5 = <Arrow [0001-01-01T00:01:00+00:00]> : <class 'arrow.arrow.Arrow'>
=> time5 = <Arrow [1970-02-01T01:00:01+01:00]> : <class 'arrow.arrow.Arrow'>
==================================================
val8 = 0                                                                # STEP 68
ACTION: val8 = 0 
val8 = None : <type 'NoneType'>
=> val8 = 0 : <type 'int'>
==================================================
zone4 = 'Asia/Samarkand'                                                # STEP 69
ACTION: zone4 = 'Asia/Samarkand'  
zone4 = 'Singapore' : <type 'str'>
=> zone4 = 'Asia/Samarkand' : <type 'str'>
==================================================
time5.shift(years=val0)                                                 # STEP 70
ACTION: time5.shift(years=val0) 
val0 = 2 : <type 'int'>
time5 = <Arrow [1970-02-01T01:00:01+01:00]> : <class 'arrow.arrow.Arrow'>
==================================================
time7.shift(seconds=val0)                                               # STEP 71
ACTION: time7.shift(seconds=val0) 
val0 = 2 : <type 'int'>
time7 = <Arrow [1970-02-01T01:00:01+01:00]> : <class 'arrow.arrow.Arrow'>
==================================================
time6.shift(seconds=val2)                                               # STEP 72
ACTION: time6.shift(seconds=val2) 
val2 = 0 : <type 'int'>
time6 = <Arrow [0001-02-01T00:01:00+00:00]> : <class 'arrow.arrow.Arrow'>
==================================================
time7 = time5.replace(minutes=val2)                                     # STEP 73
ACTION: time7 = time5.replace(minutes=val2) 
val2 = 0 : <type 'int'>
time5 = <Arrow [1970-02-01T01:00:01+01:00]> : <class 'arrow.arrow.Arrow'>
time7 = <Arrow [1970-02-01T01:00:01+01:00]> : <class 'arrow.arrow.Arrow'>
==================================================
time7.shift(weeks=val2)                                                 # STEP 74
ACTION: time7.shift(weeks=val2) 
val2 = 0 : <type 'int'>
time7 = <Arrow [1970-02-01T01:00:01+01:00]> : <class 'arrow.arrow.Arrow'>
==================================================
time8.shift(hours=val4)                                                 # STEP 75
ACTION: time8.shift(hours=val4) 
val4 = 1 : <type 'int'>
time8 = <Arrow [0002-01-01T00:00:00+00:00]> : <class 'arrow.arrow.Arrow'>
==================================================
time8 = time8.to(zone1)                                                 # STEP 76
ACTION: time8 = time8.to(zone1) 
zone1 = 'Singapore' : <type 'str'>
time8 = <Arrow [0002-01-01T00:00:00+00:00]> : <class 'arrow.arrow.Arrow'>
=> time8 = <Arrow [0002-01-01T06:55:00+06:55]> : <class 'arrow.arrow.Arrow'>
==================================================
time9 = time5.to(zone1)                                                 # STEP 77
ACTION: time9 = time5.to(zone1) 
zone1 = 'Singapore' : <type 'str'>
time5 = <Arrow [1970-02-01T01:00:01+01:00]> : <class 'arrow.arrow.Arrow'>
time9 = <Arrow [1970-01-01T00:00:01+00:00]> : <class 'arrow.arrow.Arrow'>
=> time9 = <Arrow [1970-02-01T07:30:01+07:30]> : <class 'arrow.arrow.Arrow'>
==================================================
time6 = time7.replace(year=val0)                                        # STEP 78
ACTION: time6 = time7.replace(year=val0) 
val0 = 2 : <type 'int'>
time7 = <Arrow [1970-02-01T01:00:01+01:00]> : <class 'arrow.arrow.Arrow'>
time6 = <Arrow [0001-02-01T00:01:00+00:00]> : <class 'arrow.arrow.Arrow'>
=> time6 = <Arrow [0002-02-01T01:00:01+01:24]> : <class 'arrow.arrow.Arrow'>
==================================================
time5 = time4.to(zone2)                                                 # STEP 79
ACTION: time5 = time4.to(zone2) 
zone2 = 'US/Pacific' : <type 'str'>
time4 = <Arrow [0001-01-01T00:00:01+00:00]> : <class 'arrow.arrow.Arrow'>
time5 = <Arrow [1970-02-01T01:00:01+01:00]> : <class 'arrow.arrow.Arrow'>
RAISED EXCEPTION: <type 'exceptions.OverflowError'> date value out of range
ERROR: (<type 'exceptions.OverflowError'>, OverflowError('date value out of range',), <traceback object at 0x10aa799e0>)
TRACEBACK:
  File "/Users/alex/tstl/examples/arrow/sut.py", line 405705, in safely
    act[2]()
  File "/Users/alex/tstl/examples/arrow/sut.py", line 31755, in act877
    self.p_time[5] = self.p_time[4].to(self.p_zone[2])
  File "/Library/Frameworks/Python.framework/Versions/2.7/lib/python2.7/site-packages/arrow/arrow.py", line 510, in to
    dt = self._datetime.astimezone(tz)
  File "/Library/Frameworks/Python.framework/Versions/2.7/lib/python2.7/site-packages/dateutil/tz/tz.py", line 667, in fromutc
    dt_out = dt + datetime.timedelta(seconds=tti.offset)
FAILURE IS NEW, STORING; NOW 2 DISTINCT FAILURES
STOPPING TEST DUE TO TIMEOUT, TERMINATED AT LENGTH 84
STOPPING TESTING DUE TO TIMEOUT
21.3862559242 PERCENT COVERED
60.2554619312 TOTAL RUNTIME
121 EXECUTED
12024 TOTAL TEST OPERATIONS
9.49112868309 TIME SPENT EXECUTING TEST OPERATIONS
49.6076159477 TIME SPENT EVALUATING GUARDS AND CHOOSING ACTIONS
0.0108563899994 TIME SPENT CHECKING PROPERTIES
9.50198507309 TOTAL TIME SPENT RUNNING SUT
0.155260324478 TIME SPENT RESTARTING
0.0 TIME SPENT REDUCING TEST CASES
2 FAILED
0 REPEATS OF FAILURES
2 ACTUAL DISTINCT FAILURES

FAILURE 0
zone3 = 'Etc/Greenwich'                                                  # STEP 0
zone0 = 'US/Eastern'                                                     # STEP 1
zone1 = 'US/Alaska'                                                      # STEP 2
zone2 = 'Etc/Greenwich'                                                  # STEP 3
time1 = arrow.now(zone3)                                                 # STEP 4
val5 = 0                                                                 # STEP 5
time9 = time1.replace(minutes=val5)                                      # STEP 6
zone4 = 'US/Alaska'                                                      # STEP 7
time6 = arrow.get(val5)                                                  # STEP 8
zone3 = 'Europe/Rome'                                                    # STEP 9
time5 = time1.replace(seconds=val5)                                     # STEP 10
time9.shift(seconds=val5)                                               # STEP 11
time3 = time5.replace(minutes=val5)                                     # STEP 12
val4 = 0                                                                # STEP 13
time2 = time1.to(zone3)                                                 # STEP 14
time2.shift(seconds=val4)                                               # STEP 15
time9.shift(seconds=val4)                                               # STEP 16
time1.shift(seconds=val5)                                               # STEP 17
time7 = time1.replace(seconds=val5)                                     # STEP 18
time6.shift(seconds=val5)                                               # STEP 19
time0 = arrow.now(zone1)                                                # STEP 20
time4 = time1.to(zone2)                                                 # STEP 21
time0.year                                                              # STEP 22
time8 = arrow.now(zone3)                                                # STEP 23
val7 = 0                                                                # STEP 24
val7 += 1                                                               # STEP 25
time1 = time6.replace(seconds=val4)                                     # STEP 26
time9 = time0.to(zone0)                                                 # STEP 27
time5 = time5.replace(year=val7)                                        # STEP 28
time8.shift(seconds=val5)                                               # STEP 29
time4.year                                                              # STEP 30
locale2 =  u'en_be'                                                     # STEP 31
time4 = time4.to(zone3)                                                 # STEP 32
zone1 = 'US/Alaska'                                                     # STEP 33
zone3 = 'US/Eastern'                                                    # STEP 34
time0 = time3.replace(year=val7)                                        # STEP 35
time3 = time5.replace(minutes=val4)                                     # STEP 36
time6 = time1.replace(seconds=val7)                                     # STEP 37
time8 = time5.replace(seconds=val5)                                     # STEP 38
zone2 = 'US/Alaska'                                                     # STEP 39
time1.shift(seconds=val4)                                               # STEP 40
zone0 = 'US/Mountain'                                                   # STEP 41
time2 = time1.to(zone2)                                                 # STEP 42
time1 = time2.replace(minutes=val4)                                     # STEP 43
time2 = time3.replace(minutes=val4)                                     # STEP 44
time5 = arrow.now(zone2)                                                # STEP 45
time3 = time7.replace(year=val7)                                        # STEP 46
time7 = time9.replace(year=val7)                                        # STEP 47
time9 = time3.replace(minutes=val7)                                     # STEP 48
time3 = time1.to(zone2)                                                 # STEP 49
time3.shift(seconds=val7)                                               # STEP 50
time3 = time6.replace(year=val7)                                        # STEP 51
time6 = time9.to(zone3)                                                 # STEP 52
time9.shift(seconds=val7)                                               # STEP 53
time9 = arrow.get(val4)                                                 # STEP 54
time1 = arrow.get(val4)                                                 # STEP 55
zone3 = 'Europe/Rome'                                                   # STEP 56
zone2 = 'Etc/Greenwich'                                                 # STEP 57
time1.shift(seconds=val4)                                               # STEP 58
time1 = time3.to(zone1)                                                 # STEP 59
ERROR: (<type 'exceptions.OverflowError'>, OverflowError('date value out of range',), <traceback object at 0x10a9a07a0>)
TRACEBACK:
  File "/Users/alex/tstl/examples/arrow/sut.py", line 405705, in safely
    act[2]()
  File "/Users/alex/tstl/examples/arrow/sut.py", line 22369, in act671
    self.p_time[1] = self.p_time[3].to(self.p_zone[1])
  File "/Library/Frameworks/Python.framework/Versions/2.7/lib/python2.7/site-packages/arrow/arrow.py", line 510, in to
    dt = self._datetime.astimezone(tz)
  File "/Library/Frameworks/Python.framework/Versions/2.7/lib/python2.7/site-packages/dateutil/tz/tz.py", line 667, in fromutc
    dt_out = dt + datetime.timedelta(seconds=tti.offset)
FAILURE 1
zone2 = 'Etc/Greenwich'                                                  # STEP 0
zone3 = 'Poland'                                                         # STEP 1
zone0 = 'Asia/Samarkand'                                                 # STEP 2
zone4 = 'Singapore'                                                      # STEP 3
zone1 = 'Singapore'                                                      # STEP 4
val0 = 0                                                                 # STEP 5
val0 += 1                                                                # STEP 6
val4 = 0                                                                 # STEP 7
time2 = arrow.get(val4)                                                  # STEP 8
time2.shift(seconds=val4)                                                # STEP 9
time2.shift(weeks=val0)                                                 # STEP 10
time2.shift(weeks=val4)                                                 # STEP 11
time9 = arrow.get(val0)                                                 # STEP 12
time2.format()                                                          # STEP 13
time0 = time2.replace(month=val0)                                       # STEP 14
time6 = time2.replace(month=val0)                                       # STEP 15
time0.shift(years=val4)                                                 # STEP 16
time3 = time6.replace(minutes=val0)                                     # STEP 17
time4 = time9.replace(year=val0)                                        # STEP 18
time0 = arrow.get(val4)                                                 # STEP 19
time2 = time3.replace(year=val0)                                        # STEP 20
time9.shift(minutes=val0)                                               # STEP 21
time7 = time4.replace(year=val0)                                        # STEP 22
time0.shift(years=val4)                                                 # STEP 23
time4 = time9.to(zone2)                                                 # STEP 24
time5 = time0.replace(year=val0)                                        # STEP 25
zone2 = 'US/Pacific'                                                    # STEP 26
time8 = time0.replace(year=val0)                                        # STEP 27
time7.shift(hours=val0)                                                 # STEP 28
time9 = time4.replace(minutes=val4)                                     # STEP 29
time8.shift(weeks=val4)                                                 # STEP 30
time8 = time8.replace(minutes=val4)                                     # STEP 31
time3 = time4.to(zone3)                                                 # STEP 32
time2.format()                                                          # STEP 33
zone3 = 'Etc/Greenwich'                                                 # STEP 34
time4 = time3.replace(month=val0)                                       # STEP 35
time7 = time0.replace(year=val0)                                        # STEP 36
time6.shift(minutes=val0)                                               # STEP 37
val4 += 1                                                               # STEP 38
time0 = time8.replace(year=val4)                                        # STEP 39
time2 = time5.replace(month=val0)                                       # STEP 40
time5.shift(minutes=val0)                                               # STEP 41
time5 = time8.replace(minutes=val0)                                     # STEP 42
time0.shift(seconds=val0)                                               # STEP 43
val0 += 1                                                               # STEP 44
val2 = 0                                                                # STEP 45
time6.shift(weeks=val4)                                                 # STEP 46
time8.shift(minutes=val0)                                               # STEP 47
time0.shift(seconds=val4)                                               # STEP 48
time3.shift(hours=val0)                                                 # STEP 49
time1 = arrow.get(val2)                                                 # STEP 50
time8 = time7.replace(year=val0)                                        # STEP 51
time7 = time9.replace(minutes=val2)                                     # STEP 52
time6 = time5.replace(month=val0)                                       # STEP 53
time3 = time9.replace(minutes=val0)                                     # STEP 54
time9 = arrow.get(val4)                                                 # STEP 55
time0 = time7.replace(month=val4)                                       # STEP 56
time7.shift(minutes=val0)                                               # STEP 57
time5 = time5.replace(year=val4)                                        # STEP 58
time5.shift(hours=val0)                                                 # STEP 59
time9.shift(weeks=val0)                                                 # STEP 60
time7 = time9.to(zone4)                                                 # STEP 61
time7.shift(years=val4)                                                 # STEP 62
time9.shift(minutes=val0)                                               # STEP 63
time7 = time4.replace(month=val0)                                       # STEP 64
time5.shift(minutes=val4)                                               # STEP 65
time4 = time9.replace(year=val4)                                        # STEP 66
time5 = time7.replace(minutes=val2)                                     # STEP 67
val8 = 0                                                                # STEP 68
zone4 = 'Asia/Samarkand'                                                # STEP 69
time5.shift(years=val0)                                                 # STEP 70
time7.shift(seconds=val0)                                               # STEP 71
time6.shift(seconds=val2)                                               # STEP 72
time7 = time5.replace(minutes=val2)                                     # STEP 73
time7.shift(weeks=val2)                                                 # STEP 74
time8.shift(hours=val4)                                                 # STEP 75
time8 = time8.to(zone1)                                                 # STEP 76
time9 = time5.to(zone1)                                                 # STEP 77
time6 = time7.replace(year=val0)                                        # STEP 78
time5 = time4.to(zone2)                                                 # STEP 79
ERROR: (<type 'exceptions.OverflowError'>, OverflowError('date value out of range',), <traceback object at 0x10aa799e0>)
TRACEBACK:
  File "/Users/alex/tstl/examples/arrow/sut.py", line 405705, in safely
    act[2]()
  File "/Users/alex/tstl/examples/arrow/sut.py", line 31755, in act877
    self.p_time[5] = self.p_time[4].to(self.p_zone[2])
  File "/Library/Frameworks/Python.framework/Versions/2.7/lib/python2.7/site-packages/arrow/arrow.py", line 510, in to
    dt = self._datetime.astimezone(tz)
  File "/Library/Frameworks/Python.framework/Versions/2.7/lib/python2.7/site-packages/dateutil/tz/tz.py", line 667, in fromutc
    dt_out = dt + datetime.timedelta(seconds=tti.offset)
328 BRANCHES COVERED
248 STATEMENTS COVERED
