Random testing using config=Config(noExceptionMatch=False, generalize=False, localize=False, speed='FAST', probs=None, LOCBaseline=0.2, noAlphaConvert=False, replayable=False, essentials=False, noCoverageExploit=False, quickTests=False, html=None, keepLast=False, stopWhenNoCoverage=None, generateLOC=None, computeFeatureStats=False, Pmutate=0.0, timeout=60, output='failure.13873.test', markov=None, noSwarmDependencies=False, startExploit=0.0, maxMustHitBranch=None, useHints=False, silentFail=False, highLowSwarm=None, maxMustHitStatement=None, progress=False, postCover=False, swarmLength=None, noCover=False, noEnumerateEnabled=False, full=True, swarmP=0.5, coverFile='coverage.out', markovP=1.0, swarmProbs=None, genDepth=None, exploitCeiling=0.1, logging=None, noCheck=False, throughput=False, uncaught=False, swarmSwitch=None, verbose=False, reducePool=False, exploit=None, fastQuickAnalysis=False, total=False, verboseExploit=False, swarm=False, sequenceP=1.0, biasLOC=None, timedProgress=30, relax=False, ddmin=False, stutter=None, readQuick=False, verboseActions=False, quickAnalysis=False, noReassign=False, sequenceSize=3, LOCProbs=False, sequencesFromTests=None, maxTests=-1, trackMaxCoverage=None, useQuickSequences=False, exploitBestHint=1, failedLogging=None, stopWhenStatements=None, greedyStutter=False, seed=None, stopWhenHitStatement=None, uniqueValuesAnalysis=False, normalize=False, startExploitStall=0, enumerateEnabled=False, internal=False, profile=False, multiple=True, stopWhenBranches=None, running=False, compareFails=False, Pcrossover=0.2, stopWhenHitBranch=None, depth=100, showActions=False)
UNCAUGHT EXCEPTION
ERROR: (<type 'exceptions.ValueError'>, ValueError('year is out of range',), <traceback object at 0x1084ed950>)
TRACEBACK:
  File "/Users/alex/tstl/examples/arrow/sut.py", line 405705, in safely
    act[2]()
  File "/Users/alex/tstl/examples/arrow/sut.py", line 304070, in act6766
    self.p_time[1].shift(years=self.p_val[1])
  File "/Library/Frameworks/Python.framework/Versions/2.7/lib/python2.7/site-packages/arrow/arrow.py", line 467, in shift
    current = self._datetime + relativedelta(**relative_kwargs)
  File "/Library/Frameworks/Python.framework/Versions/2.7/lib/python2.7/site-packages/dateutil/relativedelta.py", line 391, in __radd__
    return self.__add__(other)
  File "/Library/Frameworks/Python.framework/Versions/2.7/lib/python2.7/site-packages/dateutil/relativedelta.py", line 363, in __add__
    day = min(calendar.monthrange(year, month)[1],
  File "/Library/Frameworks/Python.framework/Versions/2.7/lib/python2.7/calendar.py", line 121, in monthrange
    day1 = weekday(year, month, 1)
  File "/Library/Frameworks/Python.framework/Versions/2.7/lib/python2.7/calendar.py", line 113, in weekday
    return datetime.date(year, month, day).weekday()
Original test has 87 steps

SAVING TEST AS failure.13873.test.0
FINAL VERSION OF TEST, WITH LOGGED REPLAY:
locale3 =  u'sv_se'                                                      # STEP 0
ACTION: locale3 =  u'sv_se' 
locale3 = None : <type 'NoneType'>
=> locale3 = u'sv_se' : <type 'unicode'>
==================================================
locale1 =  u'nb_no'                                                      # STEP 1
ACTION: locale1 =  u'nb_no' 
locale1 = None : <type 'NoneType'>
=> locale1 = u'nb_no' : <type 'unicode'>
==================================================
locale0 =  u'tl'                                                         # STEP 2
ACTION: locale0 =  u'tl' 
locale0 = None : <type 'NoneType'>
=> locale0 = u'tl' : <type 'unicode'>
==================================================
locale4 =  u'pt_br'                                                      # STEP 3
ACTION: locale4 =  u'pt_br' 
locale4 = None : <type 'NoneType'>
=> locale4 = u'pt_br' : <type 'unicode'>
==================================================
zone2 = 'Africa/Cairo'                                                   # STEP 4
ACTION: zone2 = 'Africa/Cairo'  
zone2 = None : <type 'NoneType'>
=> zone2 = 'Africa/Cairo' : <type 'str'>
==================================================
val1 = 0                                                                 # STEP 5
ACTION: val1 = 0 
val1 = None : <type 'NoneType'>
=> val1 = 0 : <type 'int'>
==================================================
locale2 =  u'sl_si'                                                      # STEP 6
ACTION: locale2 =  u'sl_si' 
locale2 = None : <type 'NoneType'>
=> locale2 = u'sl_si' : <type 'unicode'>
==================================================
time8 = arrow.now()                                                      # STEP 7
ACTION: time8 = arrow.now() 
time8 = None : <type 'NoneType'>
=> time8 = <Arrow [2017-11-21T14:46:38.826457-08:00]> : <class 'arrow.arrow.Arrow'>
==================================================
zone0 = 'Asia/Samarkand'                                                 # STEP 8
ACTION: zone0 = 'Asia/Samarkand'  
zone0 = None : <type 'NoneType'>
=> zone0 = 'Asia/Samarkand' : <type 'str'>
==================================================
zone3 = 'Singapore'                                                      # STEP 9
ACTION: zone3 = 'Singapore'  
zone3 = None : <type 'NoneType'>
=> zone3 = 'Singapore' : <type 'str'>
==================================================
time3 = arrow.now(zone0)                                                # STEP 10
ACTION: time3 = arrow.now(zone0) 
zone0 = 'Asia/Samarkand' : <type 'str'>
time3 = None : <type 'NoneType'>
=> time3 = <Arrow [2017-11-22T03:46:38.828117+05:00]> : <class 'arrow.arrow.Arrow'>
==================================================
time5 = time3.replace(tzinfo=zone0)                                     # STEP 11
ACTION: time5 = time3.replace(tzinfo=zone0) 
zone0 = 'Asia/Samarkand' : <type 'str'>
time3 = <Arrow [2017-11-22T03:46:38.828117+05:00]> : <class 'arrow.arrow.Arrow'>
time5 = None : <type 'NoneType'>
=> time5 = <Arrow [2017-11-22T03:46:38.828117+05:00]> : <class 'arrow.arrow.Arrow'>
==================================================
time5.format()                                                          # STEP 12
ACTION: time5.format() 
time5 = <Arrow [2017-11-22T03:46:38.828117+05:00]> : <class 'arrow.arrow.Arrow'>
==================================================
time5 = time5.to(zone3)                                                 # STEP 13
ACTION: time5 = time5.to(zone3) 
zone3 = 'Singapore' : <type 'str'>
time5 = <Arrow [2017-11-22T03:46:38.828117+05:00]> : <class 'arrow.arrow.Arrow'>
=> time5 = <Arrow [2017-11-22T06:46:38.828117+08:00]> : <class 'arrow.arrow.Arrow'>
==================================================
zone3 = 'US/Pacific'                                                    # STEP 14
ACTION: zone3 = 'US/Pacific'  
zone3 = 'Singapore' : <type 'str'>
=> zone3 = 'US/Pacific' : <type 'str'>
==================================================
val3 = 0                                                                # STEP 15
ACTION: val3 = 0 
val3 = None : <type 'NoneType'>
=> val3 = 0 : <type 'int'>
==================================================
time6 = time3.replace(minutes=val3)                                     # STEP 16
ACTION: time6 = time3.replace(minutes=val3) 
val3 = 0 : <type 'int'>
time3 = <Arrow [2017-11-22T03:46:38.828117+05:00]> : <class 'arrow.arrow.Arrow'>
time6 = None : <type 'NoneType'>
=> time6 = <Arrow [2017-11-22T03:46:38.828117+05:00]> : <class 'arrow.arrow.Arrow'>
==================================================
time3 = arrow.get(val3)                                                 # STEP 17
ACTION: time3 = arrow.get(val3) 
val3 = 0 : <type 'int'>
time3 = <Arrow [2017-11-22T03:46:38.828117+05:00]> : <class 'arrow.arrow.Arrow'>
=> time3 = <Arrow [1970-01-01T00:00:00+00:00]> : <class 'arrow.arrow.Arrow'>
==================================================
time1 = time6.replace(hours=val3)                                       # STEP 18
ACTION: time1 = time6.replace(hours=val3) 
val3 = 0 : <type 'int'>
time6 = <Arrow [2017-11-22T03:46:38.828117+05:00]> : <class 'arrow.arrow.Arrow'>
time1 = None : <type 'NoneType'>
=> time1 = <Arrow [2017-11-22T03:46:38.828117+05:00]> : <class 'arrow.arrow.Arrow'>
==================================================
time4 = time1.replace(minutes=val1)                                     # STEP 19
ACTION: time4 = time1.replace(minutes=val1) 
val1 = 0 : <type 'int'>
time1 = <Arrow [2017-11-22T03:46:38.828117+05:00]> : <class 'arrow.arrow.Arrow'>
time4 = None : <type 'NoneType'>
=> time4 = <Arrow [2017-11-22T03:46:38.828117+05:00]> : <class 'arrow.arrow.Arrow'>
==================================================
time4.shift(years=val3)                                                 # STEP 20
ACTION: time4.shift(years=val3) 
val3 = 0 : <type 'int'>
time4 = <Arrow [2017-11-22T03:46:38.828117+05:00]> : <class 'arrow.arrow.Arrow'>
==================================================
time1.shift(seconds=val3)                                               # STEP 21
ACTION: time1.shift(seconds=val3) 
val3 = 0 : <type 'int'>
time1 = <Arrow [2017-11-22T03:46:38.828117+05:00]> : <class 'arrow.arrow.Arrow'>
==================================================
time7 = time4.replace(tzinfo=zone3)                                     # STEP 22
ACTION: time7 = time4.replace(tzinfo=zone3) 
zone3 = 'US/Pacific' : <type 'str'>
time4 = <Arrow [2017-11-22T03:46:38.828117+05:00]> : <class 'arrow.arrow.Arrow'>
time7 = None : <type 'NoneType'>
=> time7 = <Arrow [2017-11-22T03:46:38.828117-08:00]> : <class 'arrow.arrow.Arrow'>
==================================================
time1 = time3.replace(seconds=val3)                                     # STEP 23
ACTION: time1 = time3.replace(seconds=val3) 
val3 = 0 : <type 'int'>
time3 = <Arrow [1970-01-01T00:00:00+00:00]> : <class 'arrow.arrow.Arrow'>
time1 = <Arrow [2017-11-22T03:46:38.828117+05:00]> : <class 'arrow.arrow.Arrow'>
=> time1 = <Arrow [1970-01-01T00:00:00+00:00]> : <class 'arrow.arrow.Arrow'>
==================================================
time8.shift(months=val3)                                                # STEP 24
ACTION: time8.shift(months=val3) 
val3 = 0 : <type 'int'>
time8 = <Arrow [2017-11-21T14:46:38.826457-08:00]> : <class 'arrow.arrow.Arrow'>
==================================================
time9 = time1.to(zone2)                                                 # STEP 25
ACTION: time9 = time1.to(zone2) 
zone2 = 'Africa/Cairo' : <type 'str'>
time1 = <Arrow [1970-01-01T00:00:00+00:00]> : <class 'arrow.arrow.Arrow'>
time9 = None : <type 'NoneType'>
=> time9 = <Arrow [1970-01-01T02:00:00+02:00]> : <class 'arrow.arrow.Arrow'>
==================================================
time0 = time4.to(zone2)                                                 # STEP 26
ACTION: time0 = time4.to(zone2) 
zone2 = 'Africa/Cairo' : <type 'str'>
time4 = <Arrow [2017-11-22T03:46:38.828117+05:00]> : <class 'arrow.arrow.Arrow'>
time0 = None : <type 'NoneType'>
=> time0 = <Arrow [2017-11-22T00:46:38.828117+02:00]> : <class 'arrow.arrow.Arrow'>
==================================================
time3 = time7.to(zone2)                                                 # STEP 27
ACTION: time3 = time7.to(zone2) 
zone2 = 'Africa/Cairo' : <type 'str'>
time7 = <Arrow [2017-11-22T03:46:38.828117-08:00]> : <class 'arrow.arrow.Arrow'>
time3 = <Arrow [1970-01-01T00:00:00+00:00]> : <class 'arrow.arrow.Arrow'>
=> time3 = <Arrow [2017-11-22T13:46:38.828117+02:00]> : <class 'arrow.arrow.Arrow'>
==================================================
zone1 = 'US/Pacific'                                                    # STEP 28
ACTION: zone1 = 'US/Pacific'  
zone1 = None : <type 'NoneType'>
=> zone1 = 'US/Pacific' : <type 'str'>
==================================================
time2 = time7.to(zone0)                                                 # STEP 29
ACTION: time2 = time7.to(zone0) 
zone0 = 'Asia/Samarkand' : <type 'str'>
time7 = <Arrow [2017-11-22T03:46:38.828117-08:00]> : <class 'arrow.arrow.Arrow'>
time2 = None : <type 'NoneType'>
=> time2 = <Arrow [2017-11-22T16:46:38.828117+05:00]> : <class 'arrow.arrow.Arrow'>
==================================================
time4 = time3.to(zone0)                                                 # STEP 30
ACTION: time4 = time3.to(zone0) 
zone0 = 'Asia/Samarkand' : <type 'str'>
time3 = <Arrow [2017-11-22T13:46:38.828117+02:00]> : <class 'arrow.arrow.Arrow'>
time4 = <Arrow [2017-11-22T03:46:38.828117+05:00]> : <class 'arrow.arrow.Arrow'>
=> time4 = <Arrow [2017-11-22T16:46:38.828117+05:00]> : <class 'arrow.arrow.Arrow'>
==================================================
time8 = time4.to(zone3)                                                 # STEP 31
ACTION: time8 = time4.to(zone3) 
zone3 = 'US/Pacific' : <type 'str'>
time4 = <Arrow [2017-11-22T16:46:38.828117+05:00]> : <class 'arrow.arrow.Arrow'>
time8 = <Arrow [2017-11-21T14:46:38.826457-08:00]> : <class 'arrow.arrow.Arrow'>
=> time8 = <Arrow [2017-11-22T03:46:38.828117-08:00]> : <class 'arrow.arrow.Arrow'>
==================================================
time6 = time4.replace(tzinfo=zone2)                                     # STEP 32
ACTION: time6 = time4.replace(tzinfo=zone2) 
zone2 = 'Africa/Cairo' : <type 'str'>
time4 = <Arrow [2017-11-22T16:46:38.828117+05:00]> : <class 'arrow.arrow.Arrow'>
time6 = <Arrow [2017-11-22T03:46:38.828117+05:00]> : <class 'arrow.arrow.Arrow'>
=> time6 = <Arrow [2017-11-22T16:46:38.828117+02:00]> : <class 'arrow.arrow.Arrow'>
==================================================
time4 = time7.replace(seconds=val1)                                     # STEP 33
ACTION: time4 = time7.replace(seconds=val1) 
val1 = 0 : <type 'int'>
time7 = <Arrow [2017-11-22T03:46:38.828117-08:00]> : <class 'arrow.arrow.Arrow'>
time4 = <Arrow [2017-11-22T16:46:38.828117+05:00]> : <class 'arrow.arrow.Arrow'>
=> time4 = <Arrow [2017-11-22T03:46:38.828117-08:00]> : <class 'arrow.arrow.Arrow'>
==================================================
time1 = time0.replace(seconds=val1)                                     # STEP 34
ACTION: time1 = time0.replace(seconds=val1) 
val1 = 0 : <type 'int'>
time0 = <Arrow [2017-11-22T00:46:38.828117+02:00]> : <class 'arrow.arrow.Arrow'>
time1 = <Arrow [1970-01-01T00:00:00+00:00]> : <class 'arrow.arrow.Arrow'>
=> time1 = <Arrow [2017-11-22T00:46:38.828117+02:00]> : <class 'arrow.arrow.Arrow'>
==================================================
time0 = time9.to(zone1)                                                 # STEP 35
ACTION: time0 = time9.to(zone1) 
zone1 = 'US/Pacific' : <type 'str'>
time9 = <Arrow [1970-01-01T02:00:00+02:00]> : <class 'arrow.arrow.Arrow'>
time0 = <Arrow [2017-11-22T00:46:38.828117+02:00]> : <class 'arrow.arrow.Arrow'>
=> time0 = <Arrow [1969-12-31T16:00:00-08:00]> : <class 'arrow.arrow.Arrow'>
==================================================
time3 = time3.replace(minutes=val1)                                     # STEP 36
ACTION: time3 = time3.replace(minutes=val1) 
val1 = 0 : <type 'int'>
time3 = <Arrow [2017-11-22T13:46:38.828117+02:00]> : <class 'arrow.arrow.Arrow'>
==================================================
time1.humanize(locale=locale4)                                          # STEP 37
ACTION: time1.humanize(locale=locale4) 
locale4 = u'pt_br' : <type 'unicode'>
time1 = <Arrow [2017-11-22T00:46:38.828117+02:00]> : <class 'arrow.arrow.Arrow'>
==================================================
time2.shift(years=val1)                                                 # STEP 38
ACTION: time2.shift(years=val1) 
val1 = 0 : <type 'int'>
time2 = <Arrow [2017-11-22T16:46:38.828117+05:00]> : <class 'arrow.arrow.Arrow'>
==================================================
time9 = time1.to(zone3)                                                 # STEP 39
ACTION: time9 = time1.to(zone3) 
zone3 = 'US/Pacific' : <type 'str'>
time1 = <Arrow [2017-11-22T00:46:38.828117+02:00]> : <class 'arrow.arrow.Arrow'>
time9 = <Arrow [1970-01-01T02:00:00+02:00]> : <class 'arrow.arrow.Arrow'>
=> time9 = <Arrow [2017-11-21T14:46:38.828117-08:00]> : <class 'arrow.arrow.Arrow'>
==================================================
time7 = time8.replace(seconds=val3)                                     # STEP 40
ACTION: time7 = time8.replace(seconds=val3) 
val3 = 0 : <type 'int'>
time8 = <Arrow [2017-11-22T03:46:38.828117-08:00]> : <class 'arrow.arrow.Arrow'>
time7 = <Arrow [2017-11-22T03:46:38.828117-08:00]> : <class 'arrow.arrow.Arrow'>
==================================================
time8 = time0.replace(minutes=val3)                                     # STEP 41
ACTION: time8 = time0.replace(minutes=val3) 
val3 = 0 : <type 'int'>
time0 = <Arrow [1969-12-31T16:00:00-08:00]> : <class 'arrow.arrow.Arrow'>
time8 = <Arrow [2017-11-22T03:46:38.828117-08:00]> : <class 'arrow.arrow.Arrow'>
=> time8 = <Arrow [1969-12-31T16:00:00-08:00]> : <class 'arrow.arrow.Arrow'>
==================================================
time0.shift(seconds=val1)                                               # STEP 42
ACTION: time0.shift(seconds=val1) 
val1 = 0 : <type 'int'>
time0 = <Arrow [1969-12-31T16:00:00-08:00]> : <class 'arrow.arrow.Arrow'>
==================================================
time0 = time4.replace(tzinfo=zone3)                                     # STEP 43
ACTION: time0 = time4.replace(tzinfo=zone3) 
zone3 = 'US/Pacific' : <type 'str'>
time4 = <Arrow [2017-11-22T03:46:38.828117-08:00]> : <class 'arrow.arrow.Arrow'>
time0 = <Arrow [1969-12-31T16:00:00-08:00]> : <class 'arrow.arrow.Arrow'>
=> time0 = <Arrow [2017-11-22T03:46:38.828117-08:00]> : <class 'arrow.arrow.Arrow'>
==================================================
time2 = time0.replace(tzinfo=zone3)                                     # STEP 44
ACTION: time2 = time0.replace(tzinfo=zone3) 
zone3 = 'US/Pacific' : <type 'str'>
time0 = <Arrow [2017-11-22T03:46:38.828117-08:00]> : <class 'arrow.arrow.Arrow'>
time2 = <Arrow [2017-11-22T16:46:38.828117+05:00]> : <class 'arrow.arrow.Arrow'>
=> time2 = <Arrow [2017-11-22T03:46:38.828117-08:00]> : <class 'arrow.arrow.Arrow'>
==================================================
time0 = time9.replace(hours=val1)                                       # STEP 45
ACTION: time0 = time9.replace(hours=val1) 
val1 = 0 : <type 'int'>
time9 = <Arrow [2017-11-21T14:46:38.828117-08:00]> : <class 'arrow.arrow.Arrow'>
time0 = <Arrow [2017-11-22T03:46:38.828117-08:00]> : <class 'arrow.arrow.Arrow'>
=> time0 = <Arrow [2017-11-21T14:46:38.828117-08:00]> : <class 'arrow.arrow.Arrow'>
==================================================
time1 = time0.replace(seconds=val3)                                     # STEP 46
ACTION: time1 = time0.replace(seconds=val3) 
val3 = 0 : <type 'int'>
time0 = <Arrow [2017-11-21T14:46:38.828117-08:00]> : <class 'arrow.arrow.Arrow'>
time1 = <Arrow [2017-11-22T00:46:38.828117+02:00]> : <class 'arrow.arrow.Arrow'>
=> time1 = <Arrow [2017-11-21T14:46:38.828117-08:00]> : <class 'arrow.arrow.Arrow'>
==================================================
time2.shift(years=val1)                                                 # STEP 47
ACTION: time2.shift(years=val1) 
val1 = 0 : <type 'int'>
time2 = <Arrow [2017-11-22T03:46:38.828117-08:00]> : <class 'arrow.arrow.Arrow'>
==================================================
time5.shift(months=val3)                                                # STEP 48
ACTION: time5.shift(months=val3) 
val3 = 0 : <type 'int'>
time5 = <Arrow [2017-11-22T06:46:38.828117+08:00]> : <class 'arrow.arrow.Arrow'>
==================================================
zone0 = 'US/Mountain'                                                   # STEP 49
ACTION: zone0 = 'US/Mountain'  
zone0 = 'Asia/Samarkand' : <type 'str'>
=> zone0 = 'US/Mountain' : <type 'str'>
==================================================
time9 = time5.to(zone3)                                                 # STEP 50
ACTION: time9 = time5.to(zone3) 
zone3 = 'US/Pacific' : <type 'str'>
time5 = <Arrow [2017-11-22T06:46:38.828117+08:00]> : <class 'arrow.arrow.Arrow'>
time9 = <Arrow [2017-11-21T14:46:38.828117-08:00]> : <class 'arrow.arrow.Arrow'>
==================================================
val3 += 1                                                               # STEP 51
ACTION: val3 += 1 
val3 = 0 : <type 'int'>
=> val3 = 1 : <type 'int'>
==================================================
time4.shift(seconds=val1)                                               # STEP 52
ACTION: time4.shift(seconds=val1) 
val1 = 0 : <type 'int'>
time4 = <Arrow [2017-11-22T03:46:38.828117-08:00]> : <class 'arrow.arrow.Arrow'>
==================================================
time5 = time0.to(zone3)                                                 # STEP 53
ACTION: time5 = time0.to(zone3) 
zone3 = 'US/Pacific' : <type 'str'>
time0 = <Arrow [2017-11-21T14:46:38.828117-08:00]> : <class 'arrow.arrow.Arrow'>
time5 = <Arrow [2017-11-22T06:46:38.828117+08:00]> : <class 'arrow.arrow.Arrow'>
=> time5 = <Arrow [2017-11-21T14:46:38.828117-08:00]> : <class 'arrow.arrow.Arrow'>
==================================================
time4 = time6.replace(tzinfo=zone2)                                     # STEP 54
ACTION: time4 = time6.replace(tzinfo=zone2) 
zone2 = 'Africa/Cairo' : <type 'str'>
time6 = <Arrow [2017-11-22T16:46:38.828117+02:00]> : <class 'arrow.arrow.Arrow'>
time4 = <Arrow [2017-11-22T03:46:38.828117-08:00]> : <class 'arrow.arrow.Arrow'>
=> time4 = <Arrow [2017-11-22T16:46:38.828117+02:00]> : <class 'arrow.arrow.Arrow'>
==================================================
time8.shift(seconds=val1)                                               # STEP 55
ACTION: time8.shift(seconds=val1) 
val1 = 0 : <type 'int'>
time8 = <Arrow [1969-12-31T16:00:00-08:00]> : <class 'arrow.arrow.Arrow'>
==================================================
time8 = time8.replace(year=val3)                                        # STEP 56
ACTION: time8 = time8.replace(year=val3) 
val3 = 1 : <type 'int'>
time8 = <Arrow [1969-12-31T16:00:00-08:00]> : <class 'arrow.arrow.Arrow'>
=> time8 = <Arrow [0001-12-31T16:00:00-08:00]> : <class 'arrow.arrow.Arrow'>
==================================================
time9.year                                                              # STEP 57
ACTION: time9.year 
time9 = <Arrow [2017-11-21T14:46:38.828117-08:00]> : <class 'arrow.arrow.Arrow'>
==================================================
time9 = time2.replace(month=val3)                                       # STEP 58
ACTION: time9 = time2.replace(month=val3) 
val3 = 1 : <type 'int'>
time2 = <Arrow [2017-11-22T03:46:38.828117-08:00]> : <class 'arrow.arrow.Arrow'>
time9 = <Arrow [2017-11-21T14:46:38.828117-08:00]> : <class 'arrow.arrow.Arrow'>
=> time9 = <Arrow [2017-01-22T03:46:38.828117-08:00]> : <class 'arrow.arrow.Arrow'>
==================================================
time0 = time1.replace(seconds=val3)                                     # STEP 59
ACTION: time0 = time1.replace(seconds=val3) 
val3 = 1 : <type 'int'>
time1 = <Arrow [2017-11-21T14:46:38.828117-08:00]> : <class 'arrow.arrow.Arrow'>
time0 = <Arrow [2017-11-21T14:46:38.828117-08:00]> : <class 'arrow.arrow.Arrow'>
=> time0 = <Arrow [2017-11-21T14:46:39.828117-08:00]> : <class 'arrow.arrow.Arrow'>
==================================================
time2 = time0.replace(seconds=val1)                                     # STEP 60
ACTION: time2 = time0.replace(seconds=val1) 
val1 = 0 : <type 'int'>
time0 = <Arrow [2017-11-21T14:46:39.828117-08:00]> : <class 'arrow.arrow.Arrow'>
time2 = <Arrow [2017-11-22T03:46:38.828117-08:00]> : <class 'arrow.arrow.Arrow'>
=> time2 = <Arrow [2017-11-21T14:46:39.828117-08:00]> : <class 'arrow.arrow.Arrow'>
==================================================
time0 = time5.replace(tzinfo=zone3)                                     # STEP 61
ACTION: time0 = time5.replace(tzinfo=zone3) 
zone3 = 'US/Pacific' : <type 'str'>
time5 = <Arrow [2017-11-21T14:46:38.828117-08:00]> : <class 'arrow.arrow.Arrow'>
time0 = <Arrow [2017-11-21T14:46:39.828117-08:00]> : <class 'arrow.arrow.Arrow'>
=> time0 = <Arrow [2017-11-21T14:46:38.828117-08:00]> : <class 'arrow.arrow.Arrow'>
==================================================
locale4 =  u'ar'                                                        # STEP 62
ACTION: locale4 =  u'ar' 
locale4 = u'pt_br' : <type 'unicode'>
=> locale4 = u'ar' : <type 'unicode'>
==================================================
time4.shift(minutes=val1)                                               # STEP 63
ACTION: time4.shift(minutes=val1) 
val1 = 0 : <type 'int'>
time4 = <Arrow [2017-11-22T16:46:38.828117+02:00]> : <class 'arrow.arrow.Arrow'>
==================================================
zone3 = 'Turkey'                                                        # STEP 64
ACTION: zone3 = 'Turkey'  
zone3 = 'US/Pacific' : <type 'str'>
=> zone3 = 'Turkey' : <type 'str'>
==================================================
time0.shift(months=val1)                                                # STEP 65
ACTION: time0.shift(months=val1) 
val1 = 0 : <type 'int'>
time0 = <Arrow [2017-11-21T14:46:38.828117-08:00]> : <class 'arrow.arrow.Arrow'>
==================================================
time6 = time4.replace(minutes=val1)                                     # STEP 66
ACTION: time6 = time4.replace(minutes=val1) 
val1 = 0 : <type 'int'>
time4 = <Arrow [2017-11-22T16:46:38.828117+02:00]> : <class 'arrow.arrow.Arrow'>
time6 = <Arrow [2017-11-22T16:46:38.828117+02:00]> : <class 'arrow.arrow.Arrow'>
==================================================
time1 = time7.to(zone0)                                                 # STEP 67
ACTION: time1 = time7.to(zone0) 
zone0 = 'US/Mountain' : <type 'str'>
time7 = <Arrow [2017-11-22T03:46:38.828117-08:00]> : <class 'arrow.arrow.Arrow'>
time1 = <Arrow [2017-11-21T14:46:38.828117-08:00]> : <class 'arrow.arrow.Arrow'>
=> time1 = <Arrow [2017-11-22T04:46:38.828117-07:00]> : <class 'arrow.arrow.Arrow'>
==================================================
time7 = time2.replace(seconds=val1)                                     # STEP 68
ACTION: time7 = time2.replace(seconds=val1) 
val1 = 0 : <type 'int'>
time2 = <Arrow [2017-11-21T14:46:39.828117-08:00]> : <class 'arrow.arrow.Arrow'>
time7 = <Arrow [2017-11-22T03:46:38.828117-08:00]> : <class 'arrow.arrow.Arrow'>
=> time7 = <Arrow [2017-11-21T14:46:39.828117-08:00]> : <class 'arrow.arrow.Arrow'>
==================================================
time0 = time7.replace(hours=val3)                                       # STEP 69
ACTION: time0 = time7.replace(hours=val3) 
val3 = 1 : <type 'int'>
time7 = <Arrow [2017-11-21T14:46:39.828117-08:00]> : <class 'arrow.arrow.Arrow'>
time0 = <Arrow [2017-11-21T14:46:38.828117-08:00]> : <class 'arrow.arrow.Arrow'>
=> time0 = <Arrow [2017-11-21T15:46:39.828117-08:00]> : <class 'arrow.arrow.Arrow'>
==================================================
time4 = time4.to(zone0)                                                 # STEP 70
ACTION: time4 = time4.to(zone0) 
zone0 = 'US/Mountain' : <type 'str'>
time4 = <Arrow [2017-11-22T16:46:38.828117+02:00]> : <class 'arrow.arrow.Arrow'>
=> time4 = <Arrow [2017-11-22T07:46:38.828117-07:00]> : <class 'arrow.arrow.Arrow'>
==================================================
time5 = time7.replace(minutes=val1)                                     # STEP 71
ACTION: time5 = time7.replace(minutes=val1) 
val1 = 0 : <type 'int'>
time7 = <Arrow [2017-11-21T14:46:39.828117-08:00]> : <class 'arrow.arrow.Arrow'>
time5 = <Arrow [2017-11-21T14:46:38.828117-08:00]> : <class 'arrow.arrow.Arrow'>
=> time5 = <Arrow [2017-11-21T14:46:39.828117-08:00]> : <class 'arrow.arrow.Arrow'>
==================================================
time2 = time1.replace(seconds=val3)                                     # STEP 72
ACTION: time2 = time1.replace(seconds=val3) 
val3 = 1 : <type 'int'>
time1 = <Arrow [2017-11-22T04:46:38.828117-07:00]> : <class 'arrow.arrow.Arrow'>
time2 = <Arrow [2017-11-21T14:46:39.828117-08:00]> : <class 'arrow.arrow.Arrow'>
=> time2 = <Arrow [2017-11-22T04:46:39.828117-07:00]> : <class 'arrow.arrow.Arrow'>
==================================================
time7 = time5.replace(minutes=val3)                                     # STEP 73
ACTION: time7 = time5.replace(minutes=val3) 
val3 = 1 : <type 'int'>
time5 = <Arrow [2017-11-21T14:46:39.828117-08:00]> : <class 'arrow.arrow.Arrow'>
time7 = <Arrow [2017-11-21T14:46:39.828117-08:00]> : <class 'arrow.arrow.Arrow'>
=> time7 = <Arrow [2017-11-21T14:47:39.828117-08:00]> : <class 'arrow.arrow.Arrow'>
==================================================
time5 = time1.to(zone2)                                                 # STEP 74
ACTION: time5 = time1.to(zone2) 
zone2 = 'Africa/Cairo' : <type 'str'>
time1 = <Arrow [2017-11-22T04:46:38.828117-07:00]> : <class 'arrow.arrow.Arrow'>
time5 = <Arrow [2017-11-21T14:46:39.828117-08:00]> : <class 'arrow.arrow.Arrow'>
=> time5 = <Arrow [2017-11-22T13:46:38.828117+02:00]> : <class 'arrow.arrow.Arrow'>
==================================================
zone1 = 'Singapore'                                                     # STEP 75
ACTION: zone1 = 'Singapore'  
zone1 = 'US/Pacific' : <type 'str'>
=> zone1 = 'Singapore' : <type 'str'>
==================================================
time1 = time9.to(zone2)                                                 # STEP 76
ACTION: time1 = time9.to(zone2) 
zone2 = 'Africa/Cairo' : <type 'str'>
time9 = <Arrow [2017-01-22T03:46:38.828117-08:00]> : <class 'arrow.arrow.Arrow'>
time1 = <Arrow [2017-11-22T04:46:38.828117-07:00]> : <class 'arrow.arrow.Arrow'>
=> time1 = <Arrow [2017-01-22T13:46:38.828117+02:00]> : <class 'arrow.arrow.Arrow'>
==================================================
time9 = time1.replace(hours=val3)                                       # STEP 77
ACTION: time9 = time1.replace(hours=val3) 
val3 = 1 : <type 'int'>
time1 = <Arrow [2017-01-22T13:46:38.828117+02:00]> : <class 'arrow.arrow.Arrow'>
time9 = <Arrow [2017-01-22T03:46:38.828117-08:00]> : <class 'arrow.arrow.Arrow'>
=> time9 = <Arrow [2017-01-22T14:46:38.828117+02:00]> : <class 'arrow.arrow.Arrow'>
==================================================
time1 = time8.replace(tzinfo=zone0)                                     # STEP 78
ACTION: time1 = time8.replace(tzinfo=zone0) 
zone0 = 'US/Mountain' : <type 'str'>
time8 = <Arrow [0001-12-31T16:00:00-08:00]> : <class 'arrow.arrow.Arrow'>
time1 = <Arrow [2017-01-22T13:46:38.828117+02:00]> : <class 'arrow.arrow.Arrow'>
=> time1 = <Arrow [0001-12-31T16:00:00-07:00]> : <class 'arrow.arrow.Arrow'>
==================================================
time8 = time8.to(zone3)                                                 # STEP 79
ACTION: time8 = time8.to(zone3) 
zone3 = 'Turkey' : <type 'str'>
time8 = <Arrow [0001-12-31T16:00:00-08:00]> : <class 'arrow.arrow.Arrow'>
=> time8 = <Arrow [0002-01-01T01:57:00+01:57]> : <class 'arrow.arrow.Arrow'>
==================================================
val1 -= 1                                                               # STEP 80
ACTION: val1 -= 1 
val1 = 0 : <type 'int'>
=> val1 = -1 : <type 'int'>
==================================================
time2.shift(months=val3)                                                # STEP 81
ACTION: time2.shift(months=val3) 
val3 = 1 : <type 'int'>
time2 = <Arrow [2017-11-22T04:46:39.828117-07:00]> : <class 'arrow.arrow.Arrow'>
==================================================
time2 = time0.replace(seconds=val3)                                     # STEP 82
ACTION: time2 = time0.replace(seconds=val3) 
val3 = 1 : <type 'int'>
time0 = <Arrow [2017-11-21T15:46:39.828117-08:00]> : <class 'arrow.arrow.Arrow'>
time2 = <Arrow [2017-11-22T04:46:39.828117-07:00]> : <class 'arrow.arrow.Arrow'>
=> time2 = <Arrow [2017-11-21T15:46:40.828117-08:00]> : <class 'arrow.arrow.Arrow'>
==================================================
val4 = 0                                                                # STEP 83
ACTION: val4 = 0 
val4 = None : <type 'NoneType'>
=> val4 = 0 : <type 'int'>
==================================================
time0 = time8.to(zone3)                                                 # STEP 84
ACTION: time0 = time8.to(zone3) 
zone3 = 'Turkey' : <type 'str'>
time8 = <Arrow [0002-01-01T01:57:00+01:57]> : <class 'arrow.arrow.Arrow'>
time0 = <Arrow [2017-11-21T15:46:39.828117-08:00]> : <class 'arrow.arrow.Arrow'>
=> time0 = <Arrow [0002-01-01T01:57:00+01:57]> : <class 'arrow.arrow.Arrow'>
==================================================
time0.humanize(locale=locale1)                                          # STEP 85
ACTION: time0.humanize(locale=locale1) 
locale1 = u'nb_no' : <type 'unicode'>
time0 = <Arrow [0002-01-01T01:57:00+01:57]> : <class 'arrow.arrow.Arrow'>
==================================================
time1.shift(years=val1)                                                 # STEP 86
ACTION: time1.shift(years=val1) 
val1 = -1 : <type 'int'>
time1 = <Arrow [0001-12-31T16:00:00-07:00]> : <class 'arrow.arrow.Arrow'>
RAISED EXCEPTION: <type 'exceptions.ValueError'> year is out of range
ERROR: (<type 'exceptions.ValueError'>, ValueError('year is out of range',), <traceback object at 0x1084edd88>)
TRACEBACK:
  File "/Users/alex/tstl/examples/arrow/sut.py", line 405705, in safely
    act[2]()
  File "/Users/alex/tstl/examples/arrow/sut.py", line 304070, in act6766
    self.p_time[1].shift(years=self.p_val[1])
  File "/Library/Frameworks/Python.framework/Versions/2.7/lib/python2.7/site-packages/arrow/arrow.py", line 467, in shift
    current = self._datetime + relativedelta(**relative_kwargs)
  File "/Library/Frameworks/Python.framework/Versions/2.7/lib/python2.7/site-packages/dateutil/relativedelta.py", line 391, in __radd__
    return self.__add__(other)
  File "/Library/Frameworks/Python.framework/Versions/2.7/lib/python2.7/site-packages/dateutil/relativedelta.py", line 363, in __add__
    day = min(calendar.monthrange(year, month)[1],
  File "/Library/Frameworks/Python.framework/Versions/2.7/lib/python2.7/calendar.py", line 121, in monthrange
    day1 = weekday(year, month, 1)
  File "/Library/Frameworks/Python.framework/Versions/2.7/lib/python2.7/calendar.py", line 113, in weekday
    return datetime.date(year, month, day).weekday()
FAILURE IS NEW, STORING; NOW 1 DISTINCT FAILURES
TEST #148 STEP #80 (0:00:30.001207) Tue Nov 21 14:47:05 2017 [ 252 stmts 336 branches ] (no cov+ for 4 tests) 14767 TOTAL ACTIONS (492.213528084/s)
UNCAUGHT EXCEPTION
ERROR: (<type 'exceptions.OverflowError'>, OverflowError('date value out of range',), <traceback object at 0x10ab13dd0>)
TRACEBACK:
  File "/Users/alex/tstl/examples/arrow/sut.py", line 405705, in safely
    act[2]()
  File "/Users/alex/tstl/examples/arrow/sut.py", line 30927, in act859
    self.p_time[5] = self.p_time[0].to(self.p_zone[4])
  File "/Library/Frameworks/Python.framework/Versions/2.7/lib/python2.7/site-packages/arrow/arrow.py", line 510, in to
    dt = self._datetime.astimezone(tz)
  File "/Library/Frameworks/Python.framework/Versions/2.7/lib/python2.7/site-packages/dateutil/tz/tz.py", line 667, in fromutc
    dt_out = dt + datetime.timedelta(seconds=tti.offset)
Original test has 98 steps

SAVING TEST AS failure.13873.test.1
FINAL VERSION OF TEST, WITH LOGGED REPLAY:
locale4 =  u'vi_vn'                                                      # STEP 0
ACTION: locale4 =  u'vi_vn' 
locale4 = None : <type 'NoneType'>
=> locale4 = u'vi_vn' : <type 'unicode'>
==================================================
locale1 =  u'bn_in'                                                      # STEP 1
ACTION: locale1 =  u'bn_in' 
locale1 = None : <type 'NoneType'>
=> locale1 = u'bn_in' : <type 'unicode'>
==================================================
zone1 = 'Europe/Rome'                                                    # STEP 2
ACTION: zone1 = 'Europe/Rome'  
zone1 = None : <type 'NoneType'>
=> zone1 = 'Europe/Rome' : <type 'str'>
==================================================
zone2 = 'US/Mountain'                                                    # STEP 3
ACTION: zone2 = 'US/Mountain'  
zone2 = None : <type 'NoneType'>
=> zone2 = 'US/Mountain' : <type 'str'>
==================================================
locale3 =  u'da'                                                         # STEP 4
ACTION: locale3 =  u'da' 
locale3 = None : <type 'NoneType'>
=> locale3 = u'da' : <type 'unicode'>
==================================================
locale2 =  u'sk'                                                         # STEP 5
ACTION: locale2 =  u'sk' 
locale2 = None : <type 'NoneType'>
=> locale2 = u'sk' : <type 'unicode'>
==================================================
zone3 = 'Etc/Greenwich'                                                  # STEP 6
ACTION: zone3 = 'Etc/Greenwich'  
zone3 = None : <type 'NoneType'>
=> zone3 = 'Etc/Greenwich' : <type 'str'>
==================================================
locale0 =  u'vi_vn'                                                      # STEP 7
ACTION: locale0 =  u'vi_vn' 
locale0 = None : <type 'NoneType'>
=> locale0 = u'vi_vn' : <type 'unicode'>
==================================================
time1 = arrow.now()                                                      # STEP 8
ACTION: time1 = arrow.now() 
time1 = None : <type 'NoneType'>
=> time1 = <Arrow [2017-11-21T14:47:32.671235-08:00]> : <class 'arrow.arrow.Arrow'>
==================================================
time6 = arrow.now(zone1)                                                 # STEP 9
ACTION: time6 = arrow.now(zone1) 
zone1 = 'Europe/Rome' : <type 'str'>
time6 = None : <type 'NoneType'>
=> time6 = <Arrow [2017-11-21T23:47:32.672526+01:00]> : <class 'arrow.arrow.Arrow'>
==================================================
zone0 = 'US/Pacific'                                                    # STEP 10
ACTION: zone0 = 'US/Pacific'  
zone0 = None : <type 'NoneType'>
=> zone0 = 'US/Pacific' : <type 'str'>
==================================================
time7 = time6.to(zone2)                                                 # STEP 11
ACTION: time7 = time6.to(zone2) 
zone2 = 'US/Mountain' : <type 'str'>
time6 = <Arrow [2017-11-21T23:47:32.672526+01:00]> : <class 'arrow.arrow.Arrow'>
time7 = None : <type 'NoneType'>
=> time7 = <Arrow [2017-11-21T15:47:32.672526-07:00]> : <class 'arrow.arrow.Arrow'>
==================================================
time8 = time6.to(zone3)                                                 # STEP 12
ACTION: time8 = time6.to(zone3) 
zone3 = 'Etc/Greenwich' : <type 'str'>
time6 = <Arrow [2017-11-21T23:47:32.672526+01:00]> : <class 'arrow.arrow.Arrow'>
time8 = None : <type 'NoneType'>
=> time8 = <Arrow [2017-11-21T22:47:32.672526+00:00]> : <class 'arrow.arrow.Arrow'>
==================================================
zone2 = 'Poland'                                                        # STEP 13
ACTION: zone2 = 'Poland'  
zone2 = 'US/Mountain' : <type 'str'>
=> zone2 = 'Poland' : <type 'str'>
==================================================
time9 = time8.replace(tzinfo=zone0)                                     # STEP 14
ACTION: time9 = time8.replace(tzinfo=zone0) 
zone0 = 'US/Pacific' : <type 'str'>
time8 = <Arrow [2017-11-21T22:47:32.672526+00:00]> : <class 'arrow.arrow.Arrow'>
time9 = None : <type 'NoneType'>
=> time9 = <Arrow [2017-11-21T22:47:32.672526-08:00]> : <class 'arrow.arrow.Arrow'>
==================================================
time2 = time6.to(zone1)                                                 # STEP 15
ACTION: time2 = time6.to(zone1) 
zone1 = 'Europe/Rome' : <type 'str'>
time6 = <Arrow [2017-11-21T23:47:32.672526+01:00]> : <class 'arrow.arrow.Arrow'>
time2 = None : <type 'NoneType'>
=> time2 = <Arrow [2017-11-21T23:47:32.672526+01:00]> : <class 'arrow.arrow.Arrow'>
==================================================
zone4 = 'US/Alaska'                                                     # STEP 16
ACTION: zone4 = 'US/Alaska'  
zone4 = None : <type 'NoneType'>
=> zone4 = 'US/Alaska' : <type 'str'>
==================================================
time6 = time2.to(zone1)                                                 # STEP 17
ACTION: time6 = time2.to(zone1) 
zone1 = 'Europe/Rome' : <type 'str'>
time2 = <Arrow [2017-11-21T23:47:32.672526+01:00]> : <class 'arrow.arrow.Arrow'>
time6 = <Arrow [2017-11-21T23:47:32.672526+01:00]> : <class 'arrow.arrow.Arrow'>
==================================================
time2 = time6.to(zone3)                                                 # STEP 18
ACTION: time2 = time6.to(zone3) 
zone3 = 'Etc/Greenwich' : <type 'str'>
time6 = <Arrow [2017-11-21T23:47:32.672526+01:00]> : <class 'arrow.arrow.Arrow'>
time2 = <Arrow [2017-11-21T23:47:32.672526+01:00]> : <class 'arrow.arrow.Arrow'>
=> time2 = <Arrow [2017-11-21T22:47:32.672526+00:00]> : <class 'arrow.arrow.Arrow'>
==================================================
time3 = time2.replace(tzinfo=zone1)                                     # STEP 19
ACTION: time3 = time2.replace(tzinfo=zone1) 
zone1 = 'Europe/Rome' : <type 'str'>
time2 = <Arrow [2017-11-21T22:47:32.672526+00:00]> : <class 'arrow.arrow.Arrow'>
time3 = None : <type 'NoneType'>
=> time3 = <Arrow [2017-11-21T22:47:32.672526+01:00]> : <class 'arrow.arrow.Arrow'>
==================================================
time4 = time8.to(zone2)                                                 # STEP 20
ACTION: time4 = time8.to(zone2) 
zone2 = 'Poland' : <type 'str'>
time8 = <Arrow [2017-11-21T22:47:32.672526+00:00]> : <class 'arrow.arrow.Arrow'>
time4 = None : <type 'NoneType'>
=> time4 = <Arrow [2017-11-21T23:47:32.672526+01:00]> : <class 'arrow.arrow.Arrow'>
==================================================
time2 = time8.to(zone3)                                                 # STEP 21
ACTION: time2 = time8.to(zone3) 
zone3 = 'Etc/Greenwich' : <type 'str'>
time8 = <Arrow [2017-11-21T22:47:32.672526+00:00]> : <class 'arrow.arrow.Arrow'>
time2 = <Arrow [2017-11-21T22:47:32.672526+00:00]> : <class 'arrow.arrow.Arrow'>
==================================================
zone2 = 'Singapore'                                                     # STEP 22
ACTION: zone2 = 'Singapore'  
zone2 = 'Poland' : <type 'str'>
=> zone2 = 'Singapore' : <type 'str'>
==================================================
time5 = time4.replace(tzinfo=zone0)                                     # STEP 23
ACTION: time5 = time4.replace(tzinfo=zone0) 
zone0 = 'US/Pacific' : <type 'str'>
time4 = <Arrow [2017-11-21T23:47:32.672526+01:00]> : <class 'arrow.arrow.Arrow'>
time5 = None : <type 'NoneType'>
=> time5 = <Arrow [2017-11-21T23:47:32.672526-08:00]> : <class 'arrow.arrow.Arrow'>
==================================================
time4 = time5.to(zone2)                                                 # STEP 24
ACTION: time4 = time5.to(zone2) 
zone2 = 'Singapore' : <type 'str'>
time5 = <Arrow [2017-11-21T23:47:32.672526-08:00]> : <class 'arrow.arrow.Arrow'>
time4 = <Arrow [2017-11-21T23:47:32.672526+01:00]> : <class 'arrow.arrow.Arrow'>
=> time4 = <Arrow [2017-11-22T15:47:32.672526+08:00]> : <class 'arrow.arrow.Arrow'>
==================================================
time5 = time5.replace(tzinfo=zone4)                                     # STEP 25
ACTION: time5 = time5.replace(tzinfo=zone4) 
zone4 = 'US/Alaska' : <type 'str'>
time5 = <Arrow [2017-11-21T23:47:32.672526-08:00]> : <class 'arrow.arrow.Arrow'>
=> time5 = <Arrow [2017-11-21T23:47:32.672526-09:00]> : <class 'arrow.arrow.Arrow'>
==================================================
zone2 = 'Australia/Brisbane'                                            # STEP 26
ACTION: zone2 = 'Australia/Brisbane'  
zone2 = 'Singapore' : <type 'str'>
=> zone2 = 'Australia/Brisbane' : <type 'str'>
==================================================
time8 = time7.to(zone2)                                                 # STEP 27
ACTION: time8 = time7.to(zone2) 
zone2 = 'Australia/Brisbane' : <type 'str'>
time7 = <Arrow [2017-11-21T15:47:32.672526-07:00]> : <class 'arrow.arrow.Arrow'>
time8 = <Arrow [2017-11-21T22:47:32.672526+00:00]> : <class 'arrow.arrow.Arrow'>
=> time8 = <Arrow [2017-11-22T08:47:32.672526+10:00]> : <class 'arrow.arrow.Arrow'>
==================================================
time7 = time2.to(zone1)                                                 # STEP 28
ACTION: time7 = time2.to(zone1) 
zone1 = 'Europe/Rome' : <type 'str'>
time2 = <Arrow [2017-11-21T22:47:32.672526+00:00]> : <class 'arrow.arrow.Arrow'>
time7 = <Arrow [2017-11-21T15:47:32.672526-07:00]> : <class 'arrow.arrow.Arrow'>
=> time7 = <Arrow [2017-11-21T23:47:32.672526+01:00]> : <class 'arrow.arrow.Arrow'>
==================================================
zone4 = 'Poland'                                                        # STEP 29
ACTION: zone4 = 'Poland'  
zone4 = 'US/Alaska' : <type 'str'>
=> zone4 = 'Poland' : <type 'str'>
==================================================
time0 = time7.replace(tzinfo=zone1)                                     # STEP 30
ACTION: time0 = time7.replace(tzinfo=zone1) 
zone1 = 'Europe/Rome' : <type 'str'>
time7 = <Arrow [2017-11-21T23:47:32.672526+01:00]> : <class 'arrow.arrow.Arrow'>
time0 = None : <type 'NoneType'>
=> time0 = <Arrow [2017-11-21T23:47:32.672526+01:00]> : <class 'arrow.arrow.Arrow'>
==================================================
time7 = time5.replace(tzinfo=zone1)                                     # STEP 31
ACTION: time7 = time5.replace(tzinfo=zone1) 
zone1 = 'Europe/Rome' : <type 'str'>
time5 = <Arrow [2017-11-21T23:47:32.672526-09:00]> : <class 'arrow.arrow.Arrow'>
time7 = <Arrow [2017-11-21T23:47:32.672526+01:00]> : <class 'arrow.arrow.Arrow'>
==================================================
time2 = time8.to(zone1)                                                 # STEP 32
ACTION: time2 = time8.to(zone1) 
zone1 = 'Europe/Rome' : <type 'str'>
time8 = <Arrow [2017-11-22T08:47:32.672526+10:00]> : <class 'arrow.arrow.Arrow'>
time2 = <Arrow [2017-11-21T22:47:32.672526+00:00]> : <class 'arrow.arrow.Arrow'>
=> time2 = <Arrow [2017-11-21T23:47:32.672526+01:00]> : <class 'arrow.arrow.Arrow'>
==================================================
time0.humanize(locale=locale0)                                          # STEP 33
ACTION: time0.humanize(locale=locale0) 
locale0 = u'vi_vn' : <type 'unicode'>
time0 = <Arrow [2017-11-21T23:47:32.672526+01:00]> : <class 'arrow.arrow.Arrow'>
==================================================
locale0 =  u'sk_sk'                                                     # STEP 34
ACTION: locale0 =  u'sk_sk' 
locale0 = u'vi_vn' : <type 'unicode'>
=> locale0 = u'sk_sk' : <type 'unicode'>
==================================================
time5 = time1.to(zone0)                                                 # STEP 35
ACTION: time5 = time1.to(zone0) 
zone0 = 'US/Pacific' : <type 'str'>
time1 = <Arrow [2017-11-21T14:47:32.671235-08:00]> : <class 'arrow.arrow.Arrow'>
time5 = <Arrow [2017-11-21T23:47:32.672526-09:00]> : <class 'arrow.arrow.Arrow'>
=> time5 = <Arrow [2017-11-21T14:47:32.671235-08:00]> : <class 'arrow.arrow.Arrow'>
==================================================
time1 = time3.replace(tzinfo=zone1)                                     # STEP 36
ACTION: time1 = time3.replace(tzinfo=zone1) 
zone1 = 'Europe/Rome' : <type 'str'>
time3 = <Arrow [2017-11-21T22:47:32.672526+01:00]> : <class 'arrow.arrow.Arrow'>
time1 = <Arrow [2017-11-21T14:47:32.671235-08:00]> : <class 'arrow.arrow.Arrow'>
=> time1 = <Arrow [2017-11-21T22:47:32.672526+01:00]> : <class 'arrow.arrow.Arrow'>
==================================================
time3 = time6.to(zone1)                                                 # STEP 37
ACTION: time3 = time6.to(zone1) 
zone1 = 'Europe/Rome' : <type 'str'>
time6 = <Arrow [2017-11-21T23:47:32.672526+01:00]> : <class 'arrow.arrow.Arrow'>
time3 = <Arrow [2017-11-21T22:47:32.672526+01:00]> : <class 'arrow.arrow.Arrow'>
=> time3 = <Arrow [2017-11-21T23:47:32.672526+01:00]> : <class 'arrow.arrow.Arrow'>
==================================================
time6 = time8.replace(tzinfo=zone4)                                     # STEP 38
ACTION: time6 = time8.replace(tzinfo=zone4) 
zone4 = 'Poland' : <type 'str'>
time8 = <Arrow [2017-11-22T08:47:32.672526+10:00]> : <class 'arrow.arrow.Arrow'>
time6 = <Arrow [2017-11-21T23:47:32.672526+01:00]> : <class 'arrow.arrow.Arrow'>
=> time6 = <Arrow [2017-11-22T08:47:32.672526+01:00]> : <class 'arrow.arrow.Arrow'>
==================================================
time0 = time1.replace(tzinfo=zone2)                                     # STEP 39
ACTION: time0 = time1.replace(tzinfo=zone2) 
zone2 = 'Australia/Brisbane' : <type 'str'>
time1 = <Arrow [2017-11-21T22:47:32.672526+01:00]> : <class 'arrow.arrow.Arrow'>
time0 = <Arrow [2017-11-21T23:47:32.672526+01:00]> : <class 'arrow.arrow.Arrow'>
=> time0 = <Arrow [2017-11-21T22:47:32.672526+10:00]> : <class 'arrow.arrow.Arrow'>
==================================================
time8 = time0.replace(tzinfo=zone0)                                     # STEP 40
ACTION: time8 = time0.replace(tzinfo=zone0) 
zone0 = 'US/Pacific' : <type 'str'>
time0 = <Arrow [2017-11-21T22:47:32.672526+10:00]> : <class 'arrow.arrow.Arrow'>
time8 = <Arrow [2017-11-22T08:47:32.672526+10:00]> : <class 'arrow.arrow.Arrow'>
=> time8 = <Arrow [2017-11-21T22:47:32.672526-08:00]> : <class 'arrow.arrow.Arrow'>
==================================================
time1 = time3.replace(tzinfo=zone2)                                     # STEP 41
ACTION: time1 = time3.replace(tzinfo=zone2) 
zone2 = 'Australia/Brisbane' : <type 'str'>
time3 = <Arrow [2017-11-21T23:47:32.672526+01:00]> : <class 'arrow.arrow.Arrow'>
time1 = <Arrow [2017-11-21T22:47:32.672526+01:00]> : <class 'arrow.arrow.Arrow'>
=> time1 = <Arrow [2017-11-21T23:47:32.672526+10:00]> : <class 'arrow.arrow.Arrow'>
==================================================
time3 = time2.replace(tzinfo=zone4)                                     # STEP 42
ACTION: time3 = time2.replace(tzinfo=zone4) 
zone4 = 'Poland' : <type 'str'>
time2 = <Arrow [2017-11-21T23:47:32.672526+01:00]> : <class 'arrow.arrow.Arrow'>
time3 = <Arrow [2017-11-21T23:47:32.672526+01:00]> : <class 'arrow.arrow.Arrow'>
==================================================
time2.timestamp                                                         # STEP 43
ACTION: time2.timestamp 
time2 = <Arrow [2017-11-21T23:47:32.672526+01:00]> : <class 'arrow.arrow.Arrow'>
==================================================
zone4 = 'Africa/Cairo'                                                  # STEP 44
ACTION: zone4 = 'Africa/Cairo'  
zone4 = 'Poland' : <type 'str'>
=> zone4 = 'Africa/Cairo' : <type 'str'>
==================================================
time4.humanize(locale=locale2)                                          # STEP 45
ACTION: time4.humanize(locale=locale2) 
locale2 = u'sk' : <type 'unicode'>
time4 = <Arrow [2017-11-22T15:47:32.672526+08:00]> : <class 'arrow.arrow.Arrow'>
==================================================
time4 = time7.replace(tzinfo=zone1)                                     # STEP 46
ACTION: time4 = time7.replace(tzinfo=zone1) 
zone1 = 'Europe/Rome' : <type 'str'>
time7 = <Arrow [2017-11-21T23:47:32.672526+01:00]> : <class 'arrow.arrow.Arrow'>
time4 = <Arrow [2017-11-22T15:47:32.672526+08:00]> : <class 'arrow.arrow.Arrow'>
=> time4 = <Arrow [2017-11-21T23:47:32.672526+01:00]> : <class 'arrow.arrow.Arrow'>
==================================================
time7 = time0.to(zone2)                                                 # STEP 47
ACTION: time7 = time0.to(zone2) 
zone2 = 'Australia/Brisbane' : <type 'str'>
time0 = <Arrow [2017-11-21T22:47:32.672526+10:00]> : <class 'arrow.arrow.Arrow'>
time7 = <Arrow [2017-11-21T23:47:32.672526+01:00]> : <class 'arrow.arrow.Arrow'>
=> time7 = <Arrow [2017-11-21T22:47:32.672526+10:00]> : <class 'arrow.arrow.Arrow'>
==================================================
time7.humanize(locale=locale4)                                          # STEP 48
ACTION: time7.humanize(locale=locale4) 
locale4 = u'vi_vn' : <type 'unicode'>
time7 = <Arrow [2017-11-21T22:47:32.672526+10:00]> : <class 'arrow.arrow.Arrow'>
==================================================
time7 = time4.replace(tzinfo=zone1)                                     # STEP 49
ACTION: time7 = time4.replace(tzinfo=zone1) 
zone1 = 'Europe/Rome' : <type 'str'>
time4 = <Arrow [2017-11-21T23:47:32.672526+01:00]> : <class 'arrow.arrow.Arrow'>
time7 = <Arrow [2017-11-21T22:47:32.672526+10:00]> : <class 'arrow.arrow.Arrow'>
=> time7 = <Arrow [2017-11-21T23:47:32.672526+01:00]> : <class 'arrow.arrow.Arrow'>
==================================================
time4 = time1.replace(tzinfo=zone4)                                     # STEP 50
ACTION: time4 = time1.replace(tzinfo=zone4) 
zone4 = 'Africa/Cairo' : <type 'str'>
time1 = <Arrow [2017-11-21T23:47:32.672526+10:00]> : <class 'arrow.arrow.Arrow'>
time4 = <Arrow [2017-11-21T23:47:32.672526+01:00]> : <class 'arrow.arrow.Arrow'>
=> time4 = <Arrow [2017-11-21T23:47:32.672526+02:00]> : <class 'arrow.arrow.Arrow'>
==================================================
time2 = time2.to(zone1)                                                 # STEP 51
ACTION: time2 = time2.to(zone1) 
zone1 = 'Europe/Rome' : <type 'str'>
time2 = <Arrow [2017-11-21T23:47:32.672526+01:00]> : <class 'arrow.arrow.Arrow'>
==================================================
time0.humanize(locale=locale2)                                          # STEP 52
ACTION: time0.humanize(locale=locale2) 
locale2 = u'sk' : <type 'unicode'>
time0 = <Arrow [2017-11-21T22:47:32.672526+10:00]> : <class 'arrow.arrow.Arrow'>
==================================================
time9.humanize(locale=locale1)                                          # STEP 53
ACTION: time9.humanize(locale=locale1) 
locale1 = u'bn_in' : <type 'unicode'>
time9 = <Arrow [2017-11-21T22:47:32.672526-08:00]> : <class 'arrow.arrow.Arrow'>
==================================================
time5.datetime                                                          # STEP 54
ACTION: time5.datetime 
time5 = <Arrow [2017-11-21T14:47:32.671235-08:00]> : <class 'arrow.arrow.Arrow'>
==================================================
time1 = arrow.utcnow()                                                  # STEP 55
ACTION: time1 = arrow.utcnow() 
time1 = <Arrow [2017-11-21T23:47:32.672526+10:00]> : <class 'arrow.arrow.Arrow'>
=> time1 = <Arrow [2017-11-21T22:47:32.713992+00:00]> : <class 'arrow.arrow.Arrow'>
==================================================
time5 = time9.to(zone2)                                                 # STEP 56
ACTION: time5 = time9.to(zone2) 
zone2 = 'Australia/Brisbane' : <type 'str'>
time9 = <Arrow [2017-11-21T22:47:32.672526-08:00]> : <class 'arrow.arrow.Arrow'>
time5 = <Arrow [2017-11-21T14:47:32.671235-08:00]> : <class 'arrow.arrow.Arrow'>
=> time5 = <Arrow [2017-11-22T16:47:32.672526+10:00]> : <class 'arrow.arrow.Arrow'>
==================================================
time0 = time1.replace(tzinfo=zone1)                                     # STEP 57
ACTION: time0 = time1.replace(tzinfo=zone1) 
zone1 = 'Europe/Rome' : <type 'str'>
time1 = <Arrow [2017-11-21T22:47:32.713992+00:00]> : <class 'arrow.arrow.Arrow'>
time0 = <Arrow [2017-11-21T22:47:32.672526+10:00]> : <class 'arrow.arrow.Arrow'>
=> time0 = <Arrow [2017-11-21T22:47:32.713992+01:00]> : <class 'arrow.arrow.Arrow'>
==================================================
time1.humanize(locale=locale4)                                          # STEP 58
ACTION: time1.humanize(locale=locale4) 
locale4 = u'vi_vn' : <type 'unicode'>
time1 = <Arrow [2017-11-21T22:47:32.713992+00:00]> : <class 'arrow.arrow.Arrow'>
==================================================
time1 = time5.replace(tzinfo=zone2)                                     # STEP 59
ACTION: time1 = time5.replace(tzinfo=zone2) 
zone2 = 'Australia/Brisbane' : <type 'str'>
time5 = <Arrow [2017-11-22T16:47:32.672526+10:00]> : <class 'arrow.arrow.Arrow'>
time1 = <Arrow [2017-11-21T22:47:32.713992+00:00]> : <class 'arrow.arrow.Arrow'>
=> time1 = <Arrow [2017-11-22T16:47:32.672526+10:00]> : <class 'arrow.arrow.Arrow'>
==================================================
time8.humanize(locale=locale3)                                          # STEP 60
ACTION: time8.humanize(locale=locale3) 
locale3 = u'da' : <type 'unicode'>
time8 = <Arrow [2017-11-21T22:47:32.672526-08:00]> : <class 'arrow.arrow.Arrow'>
==================================================
zone0 = 'Australia/Brisbane'                                            # STEP 61
ACTION: zone0 = 'Australia/Brisbane'  
zone0 = 'US/Pacific' : <type 'str'>
=> zone0 = 'Australia/Brisbane' : <type 'str'>
==================================================
locale1 =  u'eu'                                                        # STEP 62
ACTION: locale1 =  u'eu' 
locale1 = u'bn_in' : <type 'unicode'>
=> locale1 = u'eu' : <type 'unicode'>
==================================================
time9 = time9.replace(tzinfo=zone2)                                     # STEP 63
ACTION: time9 = time9.replace(tzinfo=zone2) 
zone2 = 'Australia/Brisbane' : <type 'str'>
time9 = <Arrow [2017-11-21T22:47:32.672526-08:00]> : <class 'arrow.arrow.Arrow'>
=> time9 = <Arrow [2017-11-21T22:47:32.672526+10:00]> : <class 'arrow.arrow.Arrow'>
==================================================
locale2 =  u'en_au'                                                     # STEP 64
ACTION: locale2 =  u'en_au' 
locale2 = u'sk' : <type 'unicode'>
=> locale2 = u'en_au' : <type 'unicode'>
==================================================
time8 = time7.to(zone0)                                                 # STEP 65
ACTION: time8 = time7.to(zone0) 
zone0 = 'Australia/Brisbane' : <type 'str'>
time7 = <Arrow [2017-11-21T23:47:32.672526+01:00]> : <class 'arrow.arrow.Arrow'>
time8 = <Arrow [2017-11-21T22:47:32.672526-08:00]> : <class 'arrow.arrow.Arrow'>
=> time8 = <Arrow [2017-11-22T08:47:32.672526+10:00]> : <class 'arrow.arrow.Arrow'>
==================================================
time0.format()                                                          # STEP 66
ACTION: time0.format() 
time0 = <Arrow [2017-11-21T22:47:32.713992+01:00]> : <class 'arrow.arrow.Arrow'>
==================================================
val5 = 0                                                                # STEP 67
ACTION: val5 = 0 
val5 = None : <type 'NoneType'>
=> val5 = 0 : <type 'int'>
==================================================
time5 = time0.replace(tzinfo=zone1)                                     # STEP 68
ACTION: time5 = time0.replace(tzinfo=zone1) 
zone1 = 'Europe/Rome' : <type 'str'>
time0 = <Arrow [2017-11-21T22:47:32.713992+01:00]> : <class 'arrow.arrow.Arrow'>
time5 = <Arrow [2017-11-22T16:47:32.672526+10:00]> : <class 'arrow.arrow.Arrow'>
=> time5 = <Arrow [2017-11-21T22:47:32.713992+01:00]> : <class 'arrow.arrow.Arrow'>
==================================================
time9.humanize(locale=locale0)                                          # STEP 69
ACTION: time9.humanize(locale=locale0) 
locale0 = u'sk_sk' : <type 'unicode'>
time9 = <Arrow [2017-11-21T22:47:32.672526+10:00]> : <class 'arrow.arrow.Arrow'>
==================================================
locale4 =  u'cs_cz'                                                     # STEP 70
ACTION: locale4 =  u'cs_cz' 
locale4 = u'vi_vn' : <type 'unicode'>
=> locale4 = u'cs_cz' : <type 'unicode'>
==================================================
time5.humanize(locale=locale1)                                          # STEP 71
ACTION: time5.humanize(locale=locale1) 
locale1 = u'eu' : <type 'unicode'>
time5 = <Arrow [2017-11-21T22:47:32.713992+01:00]> : <class 'arrow.arrow.Arrow'>
==================================================
time0.humanize(locale=locale1)                                          # STEP 72
ACTION: time0.humanize(locale=locale1) 
locale1 = u'eu' : <type 'unicode'>
time0 = <Arrow [2017-11-21T22:47:32.713992+01:00]> : <class 'arrow.arrow.Arrow'>
==================================================
time7 = time4.replace(hours=val5)                                       # STEP 73
ACTION: time7 = time4.replace(hours=val5) 
val5 = 0 : <type 'int'>
time4 = <Arrow [2017-11-21T23:47:32.672526+02:00]> : <class 'arrow.arrow.Arrow'>
time7 = <Arrow [2017-11-21T23:47:32.672526+01:00]> : <class 'arrow.arrow.Arrow'>
=> time7 = <Arrow [2017-11-21T23:47:32.672526+02:00]> : <class 'arrow.arrow.Arrow'>
==================================================
zone1 = 'Singapore'                                                     # STEP 74
ACTION: zone1 = 'Singapore'  
zone1 = 'Europe/Rome' : <type 'str'>
=> zone1 = 'Singapore' : <type 'str'>
==================================================
time7.shift(hours=val5)                                                 # STEP 75
ACTION: time7.shift(hours=val5) 
val5 = 0 : <type 'int'>
time7 = <Arrow [2017-11-21T23:47:32.672526+02:00]> : <class 'arrow.arrow.Arrow'>
==================================================
time4 = time7.replace(seconds=val5)                                     # STEP 76
ACTION: time4 = time7.replace(seconds=val5) 
val5 = 0 : <type 'int'>
time7 = <Arrow [2017-11-21T23:47:32.672526+02:00]> : <class 'arrow.arrow.Arrow'>
time4 = <Arrow [2017-11-21T23:47:32.672526+02:00]> : <class 'arrow.arrow.Arrow'>
==================================================
time9 = time9.to(zone2)                                                 # STEP 77
ACTION: time9 = time9.to(zone2) 
zone2 = 'Australia/Brisbane' : <type 'str'>
time9 = <Arrow [2017-11-21T22:47:32.672526+10:00]> : <class 'arrow.arrow.Arrow'>
==================================================
locale0 =  u'sl_si'                                                     # STEP 78
ACTION: locale0 =  u'sl_si' 
locale0 = u'sk_sk' : <type 'unicode'>
=> locale0 = u'sl_si' : <type 'unicode'>
==================================================
zone3 = 'Turkey'                                                        # STEP 79
ACTION: zone3 = 'Turkey'  
zone3 = 'Etc/Greenwich' : <type 'str'>
=> zone3 = 'Turkey' : <type 'str'>
==================================================
time0 = time9.to(zone2)                                                 # STEP 80
ACTION: time0 = time9.to(zone2) 
zone2 = 'Australia/Brisbane' : <type 'str'>
time9 = <Arrow [2017-11-21T22:47:32.672526+10:00]> : <class 'arrow.arrow.Arrow'>
time0 = <Arrow [2017-11-21T22:47:32.713992+01:00]> : <class 'arrow.arrow.Arrow'>
=> time0 = <Arrow [2017-11-21T22:47:32.672526+10:00]> : <class 'arrow.arrow.Arrow'>
==================================================
zone4 = 'US/Eastern'                                                    # STEP 81
ACTION: zone4 = 'US/Eastern'  
zone4 = 'Africa/Cairo' : <type 'str'>
=> zone4 = 'US/Eastern' : <type 'str'>
==================================================
time5 = arrow.now(zone3)                                                # STEP 82
ACTION: time5 = arrow.now(zone3) 
zone3 = 'Turkey' : <type 'str'>
time5 = <Arrow [2017-11-21T22:47:32.713992+01:00]> : <class 'arrow.arrow.Arrow'>
=> time5 = <Arrow [2017-11-22T01:47:32.735290+03:00]> : <class 'arrow.arrow.Arrow'>
==================================================
locale3 =  u'da_dk'                                                     # STEP 83
ACTION: locale3 =  u'da_dk' 
locale3 = u'da' : <type 'unicode'>
=> locale3 = u'da_dk' : <type 'unicode'>
==================================================
time7 = time8.replace(minutes=val5)                                     # STEP 84
ACTION: time7 = time8.replace(minutes=val5) 
val5 = 0 : <type 'int'>
time8 = <Arrow [2017-11-22T08:47:32.672526+10:00]> : <class 'arrow.arrow.Arrow'>
time7 = <Arrow [2017-11-21T23:47:32.672526+02:00]> : <class 'arrow.arrow.Arrow'>
=> time7 = <Arrow [2017-11-22T08:47:32.672526+10:00]> : <class 'arrow.arrow.Arrow'>
==================================================
time9 = time6.replace(hours=val5)                                       # STEP 85
ACTION: time9 = time6.replace(hours=val5) 
val5 = 0 : <type 'int'>
time6 = <Arrow [2017-11-22T08:47:32.672526+01:00]> : <class 'arrow.arrow.Arrow'>
time9 = <Arrow [2017-11-21T22:47:32.672526+10:00]> : <class 'arrow.arrow.Arrow'>
=> time9 = <Arrow [2017-11-22T08:47:32.672526+01:00]> : <class 'arrow.arrow.Arrow'>
==================================================
val5 += 1                                                               # STEP 86
ACTION: val5 += 1 
val5 = 0 : <type 'int'>
=> val5 = 1 : <type 'int'>
==================================================
locale1 =  u'bn'                                                        # STEP 87
ACTION: locale1 =  u'bn' 
locale1 = u'eu' : <type 'unicode'>
=> locale1 = u'bn' : <type 'unicode'>
==================================================
time6 = time8.replace(tzinfo=zone3)                                     # STEP 88
ACTION: time6 = time8.replace(tzinfo=zone3) 
zone3 = 'Turkey' : <type 'str'>
time8 = <Arrow [2017-11-22T08:47:32.672526+10:00]> : <class 'arrow.arrow.Arrow'>
time6 = <Arrow [2017-11-22T08:47:32.672526+01:00]> : <class 'arrow.arrow.Arrow'>
=> time6 = <Arrow [2017-11-22T08:47:32.672526+03:00]> : <class 'arrow.arrow.Arrow'>
==================================================
time1.shift(seconds=val5)                                               # STEP 89
ACTION: time1.shift(seconds=val5) 
val5 = 1 : <type 'int'>
time1 = <Arrow [2017-11-22T16:47:32.672526+10:00]> : <class 'arrow.arrow.Arrow'>
==================================================
zone0 = 'Singapore'                                                     # STEP 90
ACTION: zone0 = 'Singapore'  
zone0 = 'Australia/Brisbane' : <type 'str'>
=> zone0 = 'Singapore' : <type 'str'>
==================================================
time1 = arrow.get(val5)                                                 # STEP 91
ACTION: time1 = arrow.get(val5) 
val5 = 1 : <type 'int'>
time1 = <Arrow [2017-11-22T16:47:32.672526+10:00]> : <class 'arrow.arrow.Arrow'>
=> time1 = <Arrow [1970-01-01T00:00:01+00:00]> : <class 'arrow.arrow.Arrow'>
==================================================
time8 = time6.to(zone0)                                                 # STEP 92
ACTION: time8 = time6.to(zone0) 
zone0 = 'Singapore' : <type 'str'>
time6 = <Arrow [2017-11-22T08:47:32.672526+03:00]> : <class 'arrow.arrow.Arrow'>
time8 = <Arrow [2017-11-22T08:47:32.672526+10:00]> : <class 'arrow.arrow.Arrow'>
=> time8 = <Arrow [2017-11-22T13:47:32.672526+08:00]> : <class 'arrow.arrow.Arrow'>
==================================================
time0.timestamp                                                         # STEP 93
ACTION: time0.timestamp 
time0 = <Arrow [2017-11-21T22:47:32.672526+10:00]> : <class 'arrow.arrow.Arrow'>
==================================================
time0 = time1.replace(year=val5)                                        # STEP 94
ACTION: time0 = time1.replace(year=val5) 
val5 = 1 : <type 'int'>
time1 = <Arrow [1970-01-01T00:00:01+00:00]> : <class 'arrow.arrow.Arrow'>
time0 = <Arrow [2017-11-21T22:47:32.672526+10:00]> : <class 'arrow.arrow.Arrow'>
=> time0 = <Arrow [0001-01-01T00:00:01+00:00]> : <class 'arrow.arrow.Arrow'>
==================================================
time5.shift(months=val5)                                                # STEP 95
ACTION: time5.shift(months=val5) 
val5 = 1 : <type 'int'>
time5 = <Arrow [2017-11-22T01:47:32.735290+03:00]> : <class 'arrow.arrow.Arrow'>
==================================================
time6 = time1.replace(hours=val5)                                       # STEP 96
ACTION: time6 = time1.replace(hours=val5) 
val5 = 1 : <type 'int'>
time1 = <Arrow [1970-01-01T00:00:01+00:00]> : <class 'arrow.arrow.Arrow'>
time6 = <Arrow [2017-11-22T08:47:32.672526+03:00]> : <class 'arrow.arrow.Arrow'>
=> time6 = <Arrow [1970-01-01T01:00:01+00:00]> : <class 'arrow.arrow.Arrow'>
==================================================
time5 = time0.to(zone4)                                                 # STEP 97
ACTION: time5 = time0.to(zone4) 
zone4 = 'US/Eastern' : <type 'str'>
time0 = <Arrow [0001-01-01T00:00:01+00:00]> : <class 'arrow.arrow.Arrow'>
time5 = <Arrow [2017-11-22T01:47:32.735290+03:00]> : <class 'arrow.arrow.Arrow'>
RAISED EXCEPTION: <type 'exceptions.OverflowError'> date value out of range
ERROR: (<type 'exceptions.OverflowError'>, OverflowError('date value out of range',), <traceback object at 0x10ab19ab8>)
TRACEBACK:
  File "/Users/alex/tstl/examples/arrow/sut.py", line 405705, in safely
    act[2]()
  File "/Users/alex/tstl/examples/arrow/sut.py", line 30927, in act859
    self.p_time[5] = self.p_time[0].to(self.p_zone[4])
  File "/Library/Frameworks/Python.framework/Versions/2.7/lib/python2.7/site-packages/arrow/arrow.py", line 510, in to
    dt = self._datetime.astimezone(tz)
  File "/Library/Frameworks/Python.framework/Versions/2.7/lib/python2.7/site-packages/dateutil/tz/tz.py", line 667, in fromutc
    dt_out = dt + datetime.timedelta(seconds=tti.offset)
FAILURE IS NEW, STORING; NOW 2 DISTINCT FAILURES
STOPPING TEST DUE TO TIMEOUT, TERMINATED AT LENGTH 15
STOPPING TESTING DUE TO TIMEOUT
22.0971563981 PERCENT COVERED
60.2156181335 TOTAL RUNTIME
299 EXECUTED
29800 TOTAL TEST OPERATIONS
21.8539230824 TIME SPENT EXECUTING TEST OPERATIONS
37.5274837017 TIME SPENT EVALUATING GUARDS AND CHOOSING ACTIONS
0.0211951732635 TIME SPENT CHECKING PROPERTIES
21.8751182556 TOTAL TIME SPENT RUNNING SUT
0.202173233032 TIME SPENT RESTARTING
0.0 TIME SPENT REDUCING TEST CASES
2 FAILED
0 REPEATS OF FAILURES
2 ACTUAL DISTINCT FAILURES

FAILURE 0
locale3 =  u'sv_se'                                                      # STEP 0
locale1 =  u'nb_no'                                                      # STEP 1
locale0 =  u'tl'                                                         # STEP 2
locale4 =  u'pt_br'                                                      # STEP 3
zone2 = 'Africa/Cairo'                                                   # STEP 4
val1 = 0                                                                 # STEP 5
locale2 =  u'sl_si'                                                      # STEP 6
time8 = arrow.now()                                                      # STEP 7
zone0 = 'Asia/Samarkand'                                                 # STEP 8
zone3 = 'Singapore'                                                      # STEP 9
time3 = arrow.now(zone0)                                                # STEP 10
time5 = time3.replace(tzinfo=zone0)                                     # STEP 11
time5.format()                                                          # STEP 12
time5 = time5.to(zone3)                                                 # STEP 13
zone3 = 'US/Pacific'                                                    # STEP 14
val3 = 0                                                                # STEP 15
time6 = time3.replace(minutes=val3)                                     # STEP 16
time3 = arrow.get(val3)                                                 # STEP 17
time1 = time6.replace(hours=val3)                                       # STEP 18
time4 = time1.replace(minutes=val1)                                     # STEP 19
time4.shift(years=val3)                                                 # STEP 20
time1.shift(seconds=val3)                                               # STEP 21
time7 = time4.replace(tzinfo=zone3)                                     # STEP 22
time1 = time3.replace(seconds=val3)                                     # STEP 23
time8.shift(months=val3)                                                # STEP 24
time9 = time1.to(zone2)                                                 # STEP 25
time0 = time4.to(zone2)                                                 # STEP 26
time3 = time7.to(zone2)                                                 # STEP 27
zone1 = 'US/Pacific'                                                    # STEP 28
time2 = time7.to(zone0)                                                 # STEP 29
time4 = time3.to(zone0)                                                 # STEP 30
time8 = time4.to(zone3)                                                 # STEP 31
time6 = time4.replace(tzinfo=zone2)                                     # STEP 32
time4 = time7.replace(seconds=val1)                                     # STEP 33
time1 = time0.replace(seconds=val1)                                     # STEP 34
time0 = time9.to(zone1)                                                 # STEP 35
time3 = time3.replace(minutes=val1)                                     # STEP 36
time1.humanize(locale=locale4)                                          # STEP 37
time2.shift(years=val1)                                                 # STEP 38
time9 = time1.to(zone3)                                                 # STEP 39
time7 = time8.replace(seconds=val3)                                     # STEP 40
time8 = time0.replace(minutes=val3)                                     # STEP 41
time0.shift(seconds=val1)                                               # STEP 42
time0 = time4.replace(tzinfo=zone3)                                     # STEP 43
time2 = time0.replace(tzinfo=zone3)                                     # STEP 44
time0 = time9.replace(hours=val1)                                       # STEP 45
time1 = time0.replace(seconds=val3)                                     # STEP 46
time2.shift(years=val1)                                                 # STEP 47
time5.shift(months=val3)                                                # STEP 48
zone0 = 'US/Mountain'                                                   # STEP 49
time9 = time5.to(zone3)                                                 # STEP 50
val3 += 1                                                               # STEP 51
time4.shift(seconds=val1)                                               # STEP 52
time5 = time0.to(zone3)                                                 # STEP 53
time4 = time6.replace(tzinfo=zone2)                                     # STEP 54
time8.shift(seconds=val1)                                               # STEP 55
time8 = time8.replace(year=val3)                                        # STEP 56
time9.year                                                              # STEP 57
time9 = time2.replace(month=val3)                                       # STEP 58
time0 = time1.replace(seconds=val3)                                     # STEP 59
time2 = time0.replace(seconds=val1)                                     # STEP 60
time0 = time5.replace(tzinfo=zone3)                                     # STEP 61
locale4 =  u'ar'                                                        # STEP 62
time4.shift(minutes=val1)                                               # STEP 63
zone3 = 'Turkey'                                                        # STEP 64
time0.shift(months=val1)                                                # STEP 65
time6 = time4.replace(minutes=val1)                                     # STEP 66
time1 = time7.to(zone0)                                                 # STEP 67
time7 = time2.replace(seconds=val1)                                     # STEP 68
time0 = time7.replace(hours=val3)                                       # STEP 69
time4 = time4.to(zone0)                                                 # STEP 70
time5 = time7.replace(minutes=val1)                                     # STEP 71
time2 = time1.replace(seconds=val3)                                     # STEP 72
time7 = time5.replace(minutes=val3)                                     # STEP 73
time5 = time1.to(zone2)                                                 # STEP 74
zone1 = 'Singapore'                                                     # STEP 75
time1 = time9.to(zone2)                                                 # STEP 76
time9 = time1.replace(hours=val3)                                       # STEP 77
time1 = time8.replace(tzinfo=zone0)                                     # STEP 78
time8 = time8.to(zone3)                                                 # STEP 79
val1 -= 1                                                               # STEP 80
time2.shift(months=val3)                                                # STEP 81
time2 = time0.replace(seconds=val3)                                     # STEP 82
val4 = 0                                                                # STEP 83
time0 = time8.to(zone3)                                                 # STEP 84
time0.humanize(locale=locale1)                                          # STEP 85
time1.shift(years=val1)                                                 # STEP 86
ERROR: (<type 'exceptions.ValueError'>, ValueError('year is out of range',), <traceback object at 0x1084edd88>)
TRACEBACK:
  File "/Users/alex/tstl/examples/arrow/sut.py", line 405705, in safely
    act[2]()
  File "/Users/alex/tstl/examples/arrow/sut.py", line 304070, in act6766
    self.p_time[1].shift(years=self.p_val[1])
  File "/Library/Frameworks/Python.framework/Versions/2.7/lib/python2.7/site-packages/arrow/arrow.py", line 467, in shift
    current = self._datetime + relativedelta(**relative_kwargs)
  File "/Library/Frameworks/Python.framework/Versions/2.7/lib/python2.7/site-packages/dateutil/relativedelta.py", line 391, in __radd__
    return self.__add__(other)
  File "/Library/Frameworks/Python.framework/Versions/2.7/lib/python2.7/site-packages/dateutil/relativedelta.py", line 363, in __add__
    day = min(calendar.monthrange(year, month)[1],
  File "/Library/Frameworks/Python.framework/Versions/2.7/lib/python2.7/calendar.py", line 121, in monthrange
    day1 = weekday(year, month, 1)
  File "/Library/Frameworks/Python.framework/Versions/2.7/lib/python2.7/calendar.py", line 113, in weekday
    return datetime.date(year, month, day).weekday()
FAILURE 1
locale4 =  u'vi_vn'                                                      # STEP 0
locale1 =  u'bn_in'                                                      # STEP 1
zone1 = 'Europe/Rome'                                                    # STEP 2
zone2 = 'US/Mountain'                                                    # STEP 3
locale3 =  u'da'                                                         # STEP 4
locale2 =  u'sk'                                                         # STEP 5
zone3 = 'Etc/Greenwich'                                                  # STEP 6
locale0 =  u'vi_vn'                                                      # STEP 7
time1 = arrow.now()                                                      # STEP 8
time6 = arrow.now(zone1)                                                 # STEP 9
zone0 = 'US/Pacific'                                                    # STEP 10
time7 = time6.to(zone2)                                                 # STEP 11
time8 = time6.to(zone3)                                                 # STEP 12
zone2 = 'Poland'                                                        # STEP 13
time9 = time8.replace(tzinfo=zone0)                                     # STEP 14
time2 = time6.to(zone1)                                                 # STEP 15
zone4 = 'US/Alaska'                                                     # STEP 16
time6 = time2.to(zone1)                                                 # STEP 17
time2 = time6.to(zone3)                                                 # STEP 18
time3 = time2.replace(tzinfo=zone1)                                     # STEP 19
time4 = time8.to(zone2)                                                 # STEP 20
time2 = time8.to(zone3)                                                 # STEP 21
zone2 = 'Singapore'                                                     # STEP 22
time5 = time4.replace(tzinfo=zone0)                                     # STEP 23
time4 = time5.to(zone2)                                                 # STEP 24
time5 = time5.replace(tzinfo=zone4)                                     # STEP 25
zone2 = 'Australia/Brisbane'                                            # STEP 26
time8 = time7.to(zone2)                                                 # STEP 27
time7 = time2.to(zone1)                                                 # STEP 28
zone4 = 'Poland'                                                        # STEP 29
time0 = time7.replace(tzinfo=zone1)                                     # STEP 30
time7 = time5.replace(tzinfo=zone1)                                     # STEP 31
time2 = time8.to(zone1)                                                 # STEP 32
time0.humanize(locale=locale0)                                          # STEP 33
locale0 =  u'sk_sk'                                                     # STEP 34
time5 = time1.to(zone0)                                                 # STEP 35
time1 = time3.replace(tzinfo=zone1)                                     # STEP 36
time3 = time6.to(zone1)                                                 # STEP 37
time6 = time8.replace(tzinfo=zone4)                                     # STEP 38
time0 = time1.replace(tzinfo=zone2)                                     # STEP 39
time8 = time0.replace(tzinfo=zone0)                                     # STEP 40
time1 = time3.replace(tzinfo=zone2)                                     # STEP 41
time3 = time2.replace(tzinfo=zone4)                                     # STEP 42
time2.timestamp                                                         # STEP 43
zone4 = 'Africa/Cairo'                                                  # STEP 44
time4.humanize(locale=locale2)                                          # STEP 45
time4 = time7.replace(tzinfo=zone1)                                     # STEP 46
time7 = time0.to(zone2)                                                 # STEP 47
time7.humanize(locale=locale4)                                          # STEP 48
time7 = time4.replace(tzinfo=zone1)                                     # STEP 49
time4 = time1.replace(tzinfo=zone4)                                     # STEP 50
time2 = time2.to(zone1)                                                 # STEP 51
time0.humanize(locale=locale2)                                          # STEP 52
time9.humanize(locale=locale1)                                          # STEP 53
time5.datetime                                                          # STEP 54
time1 = arrow.utcnow()                                                  # STEP 55
time5 = time9.to(zone2)                                                 # STEP 56
time0 = time1.replace(tzinfo=zone1)                                     # STEP 57
time1.humanize(locale=locale4)                                          # STEP 58
time1 = time5.replace(tzinfo=zone2)                                     # STEP 59
time8.humanize(locale=locale3)                                          # STEP 60
zone0 = 'Australia/Brisbane'                                            # STEP 61
locale1 =  u'eu'                                                        # STEP 62
time9 = time9.replace(tzinfo=zone2)                                     # STEP 63
locale2 =  u'en_au'                                                     # STEP 64
time8 = time7.to(zone0)                                                 # STEP 65
time0.format()                                                          # STEP 66
val5 = 0                                                                # STEP 67
time5 = time0.replace(tzinfo=zone1)                                     # STEP 68
time9.humanize(locale=locale0)                                          # STEP 69
locale4 =  u'cs_cz'                                                     # STEP 70
time5.humanize(locale=locale1)                                          # STEP 71
time0.humanize(locale=locale1)                                          # STEP 72
time7 = time4.replace(hours=val5)                                       # STEP 73
zone1 = 'Singapore'                                                     # STEP 74
time7.shift(hours=val5)                                                 # STEP 75
time4 = time7.replace(seconds=val5)                                     # STEP 76
time9 = time9.to(zone2)                                                 # STEP 77
locale0 =  u'sl_si'                                                     # STEP 78
zone3 = 'Turkey'                                                        # STEP 79
time0 = time9.to(zone2)                                                 # STEP 80
zone4 = 'US/Eastern'                                                    # STEP 81
time5 = arrow.now(zone3)                                                # STEP 82
locale3 =  u'da_dk'                                                     # STEP 83
time7 = time8.replace(minutes=val5)                                     # STEP 84
time9 = time6.replace(hours=val5)                                       # STEP 85
val5 += 1                                                               # STEP 86
locale1 =  u'bn'                                                        # STEP 87
time6 = time8.replace(tzinfo=zone3)                                     # STEP 88
time1.shift(seconds=val5)                                               # STEP 89
zone0 = 'Singapore'                                                     # STEP 90
time1 = arrow.get(val5)                                                 # STEP 91
time8 = time6.to(zone0)                                                 # STEP 92
time0.timestamp                                                         # STEP 93
time0 = time1.replace(year=val5)                                        # STEP 94
time5.shift(months=val5)                                                # STEP 95
time6 = time1.replace(hours=val5)                                       # STEP 96
time5 = time0.to(zone4)                                                 # STEP 97
ERROR: (<type 'exceptions.OverflowError'>, OverflowError('date value out of range',), <traceback object at 0x10ab19ab8>)
TRACEBACK:
  File "/Users/alex/tstl/examples/arrow/sut.py", line 405705, in safely
    act[2]()
  File "/Users/alex/tstl/examples/arrow/sut.py", line 30927, in act859
    self.p_time[5] = self.p_time[0].to(self.p_zone[4])
  File "/Library/Frameworks/Python.framework/Versions/2.7/lib/python2.7/site-packages/arrow/arrow.py", line 510, in to
    dt = self._datetime.astimezone(tz)
  File "/Library/Frameworks/Python.framework/Versions/2.7/lib/python2.7/site-packages/dateutil/tz/tz.py", line 667, in fromutc
    dt_out = dt + datetime.timedelta(seconds=tti.offset)
340 BRANCHES COVERED
254 STATEMENTS COVERED
