Random testing using config=Config(noExceptionMatch=False, generalize=False, localize=False, speed='FAST', probs=None, LOCBaseline=0.2, noAlphaConvert=False, replayable=False, essentials=False, noCoverageExploit=False, quickTests=False, html=None, keepLast=False, stopWhenNoCoverage=None, generateLOC=None, computeFeatureStats=False, Pmutate=0.0, timeout=60, output='failure.13855.test', markov=None, noSwarmDependencies=False, startExploit=0.0, maxMustHitBranch=None, useHints=False, silentFail=False, highLowSwarm=None, maxMustHitStatement=None, progress=False, postCover=False, swarmLength=None, noCover=False, noEnumerateEnabled=False, full=True, swarmP=0.5, coverFile='coverage.out', markovP=1.0, swarmProbs=None, genDepth=None, exploitCeiling=0.1, logging=None, noCheck=False, throughput=False, uncaught=False, swarmSwitch=None, verbose=False, reducePool=False, exploit=None, fastQuickAnalysis=False, total=False, verboseExploit=False, swarm=False, sequenceP=1.0, biasLOC=None, timedProgress=30, relax=False, ddmin=False, stutter=None, readQuick=False, verboseActions=False, quickAnalysis=False, noReassign=False, sequenceSize=3, LOCProbs=False, sequencesFromTests=None, maxTests=-1, trackMaxCoverage=None, useQuickSequences=False, exploitBestHint=1, failedLogging=None, stopWhenStatements=None, greedyStutter=False, seed=None, stopWhenHitStatement=None, uniqueValuesAnalysis=False, normalize=False, startExploitStall=0, enumerateEnabled=False, internal=False, profile=False, multiple=True, stopWhenBranches=None, running=False, compareFails=False, Pcrossover=0.2, stopWhenHitBranch=None, depth=100, showActions=False)
UNCAUGHT EXCEPTION
ERROR: (<type 'exceptions.OverflowError'>, OverflowError('date value out of range',), <traceback object at 0x10a28ecb0>)
TRACEBACK:
  File "/Users/alex/tstl/examples/arrow/sut.py", line 405705, in safely
    act[2]()
  File "/Users/alex/tstl/examples/arrow/sut.py", line 28381, in act803
    self.p_time[3] = self.p_time[9].to(self.p_zone[3])
  File "/Library/Frameworks/Python.framework/Versions/2.7/lib/python2.7/site-packages/arrow/arrow.py", line 510, in to
    dt = self._datetime.astimezone(tz)
  File "/Library/Frameworks/Python.framework/Versions/2.7/lib/python2.7/site-packages/dateutil/tz/tz.py", line 667, in fromutc
    dt_out = dt + datetime.timedelta(seconds=tti.offset)
Original test has 63 steps

SAVING TEST AS failure.13855.test.0
FINAL VERSION OF TEST, WITH LOGGED REPLAY:
locale3 =  u'nb_no'                                                      # STEP 0
ACTION: locale3 =  u'nb_no' 
locale3 = None : <type 'NoneType'>
=> locale3 = u'nb_no' : <type 'unicode'>
==================================================
locale0 =  u'de_de'                                                      # STEP 1
ACTION: locale0 =  u'de_de' 
locale0 = None : <type 'NoneType'>
=> locale0 = u'de_de' : <type 'unicode'>
==================================================
locale2 =  u'nl_nl'                                                      # STEP 2
ACTION: locale2 =  u'nl_nl' 
locale2 = None : <type 'NoneType'>
=> locale2 = u'nl_nl' : <type 'unicode'>
==================================================
zone3 = 'US/Alaska'                                                      # STEP 3
ACTION: zone3 = 'US/Alaska'  
zone3 = None : <type 'NoneType'>
=> zone3 = 'US/Alaska' : <type 'str'>
==================================================
locale4 =  u'ca'                                                         # STEP 4
ACTION: locale4 =  u'ca' 
locale4 = None : <type 'NoneType'>
=> locale4 = u'ca' : <type 'unicode'>
==================================================
zone0 = 'US/Mountain'                                                    # STEP 5
ACTION: zone0 = 'US/Mountain'  
zone0 = None : <type 'NoneType'>
=> zone0 = 'US/Mountain' : <type 'str'>
==================================================
val2 = 0                                                                 # STEP 6
ACTION: val2 = 0 
val2 = None : <type 'NoneType'>
=> val2 = 0 : <type 'int'>
==================================================
locale1 =  u'pl'                                                         # STEP 7
ACTION: locale1 =  u'pl' 
locale1 = None : <type 'NoneType'>
=> locale1 = u'pl' : <type 'unicode'>
==================================================
zone2 = 'Etc/Greenwich'                                                  # STEP 8
ACTION: zone2 = 'Etc/Greenwich'  
zone2 = None : <type 'NoneType'>
=> zone2 = 'Etc/Greenwich' : <type 'str'>
==================================================
time7 = arrow.now(zone3)                                                 # STEP 9
ACTION: time7 = arrow.now(zone3) 
zone3 = 'US/Alaska' : <type 'str'>
time7 = None : <type 'NoneType'>
=> time7 = <Arrow [2017-11-21T13:40:54.046099-09:00]> : <class 'arrow.arrow.Arrow'>
==================================================
time9 = arrow.get(val2)                                                 # STEP 10
ACTION: time9 = arrow.get(val2) 
val2 = 0 : <type 'int'>
time9 = None : <type 'NoneType'>
=> time9 = <Arrow [1970-01-01T00:00:00+00:00]> : <class 'arrow.arrow.Arrow'>
==================================================
time0 = time9.to(zone3)                                                 # STEP 11
ACTION: time0 = time9.to(zone3) 
zone3 = 'US/Alaska' : <type 'str'>
time9 = <Arrow [1970-01-01T00:00:00+00:00]> : <class 'arrow.arrow.Arrow'>
time0 = None : <type 'NoneType'>
=> time0 = <Arrow [1969-12-31T14:00:00-10:00]> : <class 'arrow.arrow.Arrow'>
==================================================
time4 = time9.replace(tzinfo=zone0)                                     # STEP 12
ACTION: time4 = time9.replace(tzinfo=zone0) 
zone0 = 'US/Mountain' : <type 'str'>
time9 = <Arrow [1970-01-01T00:00:00+00:00]> : <class 'arrow.arrow.Arrow'>
time4 = None : <type 'NoneType'>
=> time4 = <Arrow [1970-01-01T00:00:00-07:00]> : <class 'arrow.arrow.Arrow'>
==================================================
time9 = time4.replace(minutes=val2)                                     # STEP 13
ACTION: time9 = time4.replace(minutes=val2) 
val2 = 0 : <type 'int'>
time4 = <Arrow [1970-01-01T00:00:00-07:00]> : <class 'arrow.arrow.Arrow'>
time9 = <Arrow [1970-01-01T00:00:00+00:00]> : <class 'arrow.arrow.Arrow'>
=> time9 = <Arrow [1970-01-01T00:00:00-07:00]> : <class 'arrow.arrow.Arrow'>
==================================================
time7.shift(years=val2)                                                 # STEP 14
ACTION: time7.shift(years=val2) 
val2 = 0 : <type 'int'>
time7 = <Arrow [2017-11-21T13:40:54.046099-09:00]> : <class 'arrow.arrow.Arrow'>
==================================================
time3 = time4.replace(seconds=val2)                                     # STEP 15
ACTION: time3 = time4.replace(seconds=val2) 
val2 = 0 : <type 'int'>
time4 = <Arrow [1970-01-01T00:00:00-07:00]> : <class 'arrow.arrow.Arrow'>
time3 = None : <type 'NoneType'>
=> time3 = <Arrow [1970-01-01T00:00:00-07:00]> : <class 'arrow.arrow.Arrow'>
==================================================
time7.humanize(locale=locale4)                                          # STEP 16
ACTION: time7.humanize(locale=locale4) 
locale4 = u'ca' : <type 'unicode'>
time7 = <Arrow [2017-11-21T13:40:54.046099-09:00]> : <class 'arrow.arrow.Arrow'>
==================================================
time4 = time0.replace(minutes=val2)                                     # STEP 17
ACTION: time4 = time0.replace(minutes=val2) 
val2 = 0 : <type 'int'>
time0 = <Arrow [1969-12-31T14:00:00-10:00]> : <class 'arrow.arrow.Arrow'>
time4 = <Arrow [1970-01-01T00:00:00-07:00]> : <class 'arrow.arrow.Arrow'>
=> time4 = <Arrow [1969-12-31T14:00:00-10:00]> : <class 'arrow.arrow.Arrow'>
==================================================
time1 = time3.replace(tzinfo=zone2)                                     # STEP 18
ACTION: time1 = time3.replace(tzinfo=zone2) 
zone2 = 'Etc/Greenwich' : <type 'str'>
time3 = <Arrow [1970-01-01T00:00:00-07:00]> : <class 'arrow.arrow.Arrow'>
time1 = None : <type 'NoneType'>
=> time1 = <Arrow [1970-01-01T00:00:00+00:00]> : <class 'arrow.arrow.Arrow'>
==================================================
time8 = time3.replace(hours=val2)                                       # STEP 19
ACTION: time8 = time3.replace(hours=val2) 
val2 = 0 : <type 'int'>
time3 = <Arrow [1970-01-01T00:00:00-07:00]> : <class 'arrow.arrow.Arrow'>
time8 = None : <type 'NoneType'>
=> time8 = <Arrow [1970-01-01T00:00:00-07:00]> : <class 'arrow.arrow.Arrow'>
==================================================
time5 = time7.replace(tzinfo=zone3)                                     # STEP 20
ACTION: time5 = time7.replace(tzinfo=zone3) 
zone3 = 'US/Alaska' : <type 'str'>
time7 = <Arrow [2017-11-21T13:40:54.046099-09:00]> : <class 'arrow.arrow.Arrow'>
time5 = None : <type 'NoneType'>
=> time5 = <Arrow [2017-11-21T13:40:54.046099-09:00]> : <class 'arrow.arrow.Arrow'>
==================================================
time6 = time9.replace(seconds=val2)                                     # STEP 21
ACTION: time6 = time9.replace(seconds=val2) 
val2 = 0 : <type 'int'>
time9 = <Arrow [1970-01-01T00:00:00-07:00]> : <class 'arrow.arrow.Arrow'>
time6 = None : <type 'NoneType'>
=> time6 = <Arrow [1970-01-01T00:00:00-07:00]> : <class 'arrow.arrow.Arrow'>
==================================================
time7 = time9.replace(seconds=val2)                                     # STEP 22
ACTION: time7 = time9.replace(seconds=val2) 
val2 = 0 : <type 'int'>
time9 = <Arrow [1970-01-01T00:00:00-07:00]> : <class 'arrow.arrow.Arrow'>
time7 = <Arrow [2017-11-21T13:40:54.046099-09:00]> : <class 'arrow.arrow.Arrow'>
=> time7 = <Arrow [1970-01-01T00:00:00-07:00]> : <class 'arrow.arrow.Arrow'>
==================================================
time2 = time0.replace(minutes=val2)                                     # STEP 23
ACTION: time2 = time0.replace(minutes=val2) 
val2 = 0 : <type 'int'>
time0 = <Arrow [1969-12-31T14:00:00-10:00]> : <class 'arrow.arrow.Arrow'>
time2 = None : <type 'NoneType'>
=> time2 = <Arrow [1969-12-31T14:00:00-10:00]> : <class 'arrow.arrow.Arrow'>
==================================================
time9 = time1.replace(seconds=val2)                                     # STEP 24
ACTION: time9 = time1.replace(seconds=val2) 
val2 = 0 : <type 'int'>
time1 = <Arrow [1970-01-01T00:00:00+00:00]> : <class 'arrow.arrow.Arrow'>
time9 = <Arrow [1970-01-01T00:00:00-07:00]> : <class 'arrow.arrow.Arrow'>
=> time9 = <Arrow [1970-01-01T00:00:00+00:00]> : <class 'arrow.arrow.Arrow'>
==================================================
time0.year                                                              # STEP 25
ACTION: time0.year 
time0 = <Arrow [1969-12-31T14:00:00-10:00]> : <class 'arrow.arrow.Arrow'>
==================================================
time0 = time4.replace(seconds=val2)                                     # STEP 26
ACTION: time0 = time4.replace(seconds=val2) 
val2 = 0 : <type 'int'>
time4 = <Arrow [1969-12-31T14:00:00-10:00]> : <class 'arrow.arrow.Arrow'>
time0 = <Arrow [1969-12-31T14:00:00-10:00]> : <class 'arrow.arrow.Arrow'>
==================================================
time2.shift(minutes=val2)                                               # STEP 27
ACTION: time2.shift(minutes=val2) 
val2 = 0 : <type 'int'>
time2 = <Arrow [1969-12-31T14:00:00-10:00]> : <class 'arrow.arrow.Arrow'>
==================================================
val8 = 0                                                                # STEP 28
ACTION: val8 = 0 
val8 = None : <type 'NoneType'>
=> val8 = 0 : <type 'int'>
==================================================
locale4 =  u'be'                                                        # STEP 29
ACTION: locale4 =  u'be' 
locale4 = u'ca' : <type 'unicode'>
=> locale4 = u'be' : <type 'unicode'>
==================================================
time3 = arrow.get(val8)                                                 # STEP 30
ACTION: time3 = arrow.get(val8) 
val8 = 0 : <type 'int'>
time3 = <Arrow [1970-01-01T00:00:00-07:00]> : <class 'arrow.arrow.Arrow'>
=> time3 = <Arrow [1970-01-01T00:00:00+00:00]> : <class 'arrow.arrow.Arrow'>
==================================================
time2 = time1.replace(tzinfo=zone3)                                     # STEP 31
ACTION: time2 = time1.replace(tzinfo=zone3) 
zone3 = 'US/Alaska' : <type 'str'>
time1 = <Arrow [1970-01-01T00:00:00+00:00]> : <class 'arrow.arrow.Arrow'>
time2 = <Arrow [1969-12-31T14:00:00-10:00]> : <class 'arrow.arrow.Arrow'>
=> time2 = <Arrow [1970-01-01T00:00:00-10:00]> : <class 'arrow.arrow.Arrow'>
==================================================
time4 = time4.to(zone3)                                                 # STEP 32
ACTION: time4 = time4.to(zone3) 
zone3 = 'US/Alaska' : <type 'str'>
time4 = <Arrow [1969-12-31T14:00:00-10:00]> : <class 'arrow.arrow.Arrow'>
==================================================
time4.shift(hours=val8)                                                 # STEP 33
ACTION: time4.shift(hours=val8) 
val8 = 0 : <type 'int'>
time4 = <Arrow [1969-12-31T14:00:00-10:00]> : <class 'arrow.arrow.Arrow'>
==================================================
zone2 = 'Australia/Brisbane'                                            # STEP 34
ACTION: zone2 = 'Australia/Brisbane'  
zone2 = 'Etc/Greenwich' : <type 'str'>
=> zone2 = 'Australia/Brisbane' : <type 'str'>
==================================================
time1 = time7.replace(hours=val8)                                       # STEP 35
ACTION: time1 = time7.replace(hours=val8) 
val8 = 0 : <type 'int'>
time7 = <Arrow [1970-01-01T00:00:00-07:00]> : <class 'arrow.arrow.Arrow'>
time1 = <Arrow [1970-01-01T00:00:00+00:00]> : <class 'arrow.arrow.Arrow'>
=> time1 = <Arrow [1970-01-01T00:00:00-07:00]> : <class 'arrow.arrow.Arrow'>
==================================================
time4 = time6.replace(tzinfo=zone2)                                     # STEP 36
ACTION: time4 = time6.replace(tzinfo=zone2) 
zone2 = 'Australia/Brisbane' : <type 'str'>
time6 = <Arrow [1970-01-01T00:00:00-07:00]> : <class 'arrow.arrow.Arrow'>
time4 = <Arrow [1969-12-31T14:00:00-10:00]> : <class 'arrow.arrow.Arrow'>
=> time4 = <Arrow [1970-01-01T00:00:00+10:00]> : <class 'arrow.arrow.Arrow'>
==================================================
time7 = time9.replace(tzinfo=zone3)                                     # STEP 37
ACTION: time7 = time9.replace(tzinfo=zone3) 
zone3 = 'US/Alaska' : <type 'str'>
time9 = <Arrow [1970-01-01T00:00:00+00:00]> : <class 'arrow.arrow.Arrow'>
time7 = <Arrow [1970-01-01T00:00:00-07:00]> : <class 'arrow.arrow.Arrow'>
=> time7 = <Arrow [1970-01-01T00:00:00-10:00]> : <class 'arrow.arrow.Arrow'>
==================================================
time6 = time6.to(zone0)                                                 # STEP 38
ACTION: time6 = time6.to(zone0) 
zone0 = 'US/Mountain' : <type 'str'>
time6 = <Arrow [1970-01-01T00:00:00-07:00]> : <class 'arrow.arrow.Arrow'>
==================================================
zone4 = 'Australia/Brisbane'                                            # STEP 39
ACTION: zone4 = 'Australia/Brisbane'  
zone4 = None : <type 'NoneType'>
=> zone4 = 'Australia/Brisbane' : <type 'str'>
==================================================
val2 += 1                                                               # STEP 40
ACTION: val2 += 1 
val2 = 0 : <type 'int'>
=> val2 = 1 : <type 'int'>
==================================================
time8.shift(minutes=val2)                                               # STEP 41
ACTION: time8.shift(minutes=val2) 
val2 = 1 : <type 'int'>
time8 = <Arrow [1970-01-01T00:00:00-07:00]> : <class 'arrow.arrow.Arrow'>
==================================================
time8 = time8.replace(hours=val8)                                       # STEP 42
ACTION: time8 = time8.replace(hours=val8) 
val8 = 0 : <type 'int'>
time8 = <Arrow [1970-01-01T00:00:00-07:00]> : <class 'arrow.arrow.Arrow'>
==================================================
zone0 = 'Singapore'                                                     # STEP 43
ACTION: zone0 = 'Singapore'  
zone0 = 'US/Mountain' : <type 'str'>
=> zone0 = 'Singapore' : <type 'str'>
==================================================
time2.shift(months=val2)                                                # STEP 44
ACTION: time2.shift(months=val2) 
val2 = 1 : <type 'int'>
time2 = <Arrow [1970-01-01T00:00:00-10:00]> : <class 'arrow.arrow.Arrow'>
==================================================
time2 = time7.replace(minutes=val8)                                     # STEP 45
ACTION: time2 = time7.replace(minutes=val8) 
val8 = 0 : <type 'int'>
time7 = <Arrow [1970-01-01T00:00:00-10:00]> : <class 'arrow.arrow.Arrow'>
time2 = <Arrow [1970-01-01T00:00:00-10:00]> : <class 'arrow.arrow.Arrow'>
==================================================
time9 = time2.replace(seconds=val2)                                     # STEP 46
ACTION: time9 = time2.replace(seconds=val2) 
val2 = 1 : <type 'int'>
time2 = <Arrow [1970-01-01T00:00:00-10:00]> : <class 'arrow.arrow.Arrow'>
time9 = <Arrow [1970-01-01T00:00:00+00:00]> : <class 'arrow.arrow.Arrow'>
=> time9 = <Arrow [1970-01-01T00:00:01-10:00]> : <class 'arrow.arrow.Arrow'>
==================================================
time6.shift(years=val2)                                                 # STEP 47
ACTION: time6.shift(years=val2) 
val2 = 1 : <type 'int'>
time6 = <Arrow [1970-01-01T00:00:00-07:00]> : <class 'arrow.arrow.Arrow'>
==================================================
time6 = time8.replace(tzinfo=zone3)                                     # STEP 48
ACTION: time6 = time8.replace(tzinfo=zone3) 
zone3 = 'US/Alaska' : <type 'str'>
time8 = <Arrow [1970-01-01T00:00:00-07:00]> : <class 'arrow.arrow.Arrow'>
time6 = <Arrow [1970-01-01T00:00:00-07:00]> : <class 'arrow.arrow.Arrow'>
=> time6 = <Arrow [1970-01-01T00:00:00-10:00]> : <class 'arrow.arrow.Arrow'>
==================================================
time7 = time5.replace(tzinfo=zone2)                                     # STEP 49
ACTION: time7 = time5.replace(tzinfo=zone2) 
zone2 = 'Australia/Brisbane' : <type 'str'>
time5 = <Arrow [2017-11-21T13:40:54.046099-09:00]> : <class 'arrow.arrow.Arrow'>
time7 = <Arrow [1970-01-01T00:00:00-10:00]> : <class 'arrow.arrow.Arrow'>
=> time7 = <Arrow [2017-11-21T13:40:54.046099+10:00]> : <class 'arrow.arrow.Arrow'>
==================================================
time8 = time2.to(zone4)                                                 # STEP 50
ACTION: time8 = time2.to(zone4) 
zone4 = 'Australia/Brisbane' : <type 'str'>
time2 = <Arrow [1970-01-01T00:00:00-10:00]> : <class 'arrow.arrow.Arrow'>
time8 = <Arrow [1970-01-01T00:00:00-07:00]> : <class 'arrow.arrow.Arrow'>
=> time8 = <Arrow [1970-01-01T20:00:00+10:00]> : <class 'arrow.arrow.Arrow'>
==================================================
time2 = time5.replace(hours=val8)                                       # STEP 51
ACTION: time2 = time5.replace(hours=val8) 
val8 = 0 : <type 'int'>
time5 = <Arrow [2017-11-21T13:40:54.046099-09:00]> : <class 'arrow.arrow.Arrow'>
time2 = <Arrow [1970-01-01T00:00:00-10:00]> : <class 'arrow.arrow.Arrow'>
=> time2 = <Arrow [2017-11-21T13:40:54.046099-09:00]> : <class 'arrow.arrow.Arrow'>
==================================================
time5 = time1.replace(seconds=val8)                                     # STEP 52
ACTION: time5 = time1.replace(seconds=val8) 
val8 = 0 : <type 'int'>
time1 = <Arrow [1970-01-01T00:00:00-07:00]> : <class 'arrow.arrow.Arrow'>
time5 = <Arrow [2017-11-21T13:40:54.046099-09:00]> : <class 'arrow.arrow.Arrow'>
=> time5 = <Arrow [1970-01-01T00:00:00-07:00]> : <class 'arrow.arrow.Arrow'>
==================================================
time1.shift(seconds=val8)                                               # STEP 53
ACTION: time1.shift(seconds=val8) 
val8 = 0 : <type 'int'>
time1 = <Arrow [1970-01-01T00:00:00-07:00]> : <class 'arrow.arrow.Arrow'>
==================================================
zone1 = 'Asia/Samarkand'                                                # STEP 54
ACTION: zone1 = 'Asia/Samarkand'  
zone1 = None : <type 'NoneType'>
=> zone1 = 'Asia/Samarkand' : <type 'str'>
==================================================
time1 = time0.replace(year=val2)                                        # STEP 55
ACTION: time1 = time0.replace(year=val2) 
val2 = 1 : <type 'int'>
time0 = <Arrow [1969-12-31T14:00:00-10:00]> : <class 'arrow.arrow.Arrow'>
time1 = <Arrow [1970-01-01T00:00:00-07:00]> : <class 'arrow.arrow.Arrow'>
=> time1 = <Arrow [0001-12-31T14:00:00-10:00]> : <class 'arrow.arrow.Arrow'>
==================================================
time9.shift(months=val2)                                                # STEP 56
ACTION: time9.shift(months=val2) 
val2 = 1 : <type 'int'>
time9 = <Arrow [1970-01-01T00:00:01-10:00]> : <class 'arrow.arrow.Arrow'>
==================================================
time9.shift(seconds=val8)                                               # STEP 57
ACTION: time9.shift(seconds=val8) 
val8 = 0 : <type 'int'>
time9 = <Arrow [1970-01-01T00:00:01-10:00]> : <class 'arrow.arrow.Arrow'>
==================================================
time7.shift(weeks=val2)                                                 # STEP 58
ACTION: time7.shift(weeks=val2) 
val2 = 1 : <type 'int'>
time7 = <Arrow [2017-11-21T13:40:54.046099+10:00]> : <class 'arrow.arrow.Arrow'>
==================================================
time9 = time7.replace(minutes=val8)                                     # STEP 59
ACTION: time9 = time7.replace(minutes=val8) 
val8 = 0 : <type 'int'>
time7 = <Arrow [2017-11-21T13:40:54.046099+10:00]> : <class 'arrow.arrow.Arrow'>
time9 = <Arrow [1970-01-01T00:00:01-10:00]> : <class 'arrow.arrow.Arrow'>
=> time9 = <Arrow [2017-11-21T13:40:54.046099+10:00]> : <class 'arrow.arrow.Arrow'>
==================================================
time0 = time9.replace(minutes=val8)                                     # STEP 60
ACTION: time0 = time9.replace(minutes=val8) 
val8 = 0 : <type 'int'>
time9 = <Arrow [2017-11-21T13:40:54.046099+10:00]> : <class 'arrow.arrow.Arrow'>
time0 = <Arrow [1969-12-31T14:00:00-10:00]> : <class 'arrow.arrow.Arrow'>
=> time0 = <Arrow [2017-11-21T13:40:54.046099+10:00]> : <class 'arrow.arrow.Arrow'>
==================================================
time9 = time3.replace(year=val2)                                        # STEP 61
ACTION: time9 = time3.replace(year=val2) 
val2 = 1 : <type 'int'>
time3 = <Arrow [1970-01-01T00:00:00+00:00]> : <class 'arrow.arrow.Arrow'>
time9 = <Arrow [2017-11-21T13:40:54.046099+10:00]> : <class 'arrow.arrow.Arrow'>
=> time9 = <Arrow [0001-01-01T00:00:00+00:00]> : <class 'arrow.arrow.Arrow'>
==================================================
time3 = time9.to(zone3)                                                 # STEP 62
ACTION: time3 = time9.to(zone3) 
zone3 = 'US/Alaska' : <type 'str'>
time9 = <Arrow [0001-01-01T00:00:00+00:00]> : <class 'arrow.arrow.Arrow'>
time3 = <Arrow [1970-01-01T00:00:00+00:00]> : <class 'arrow.arrow.Arrow'>
RAISED EXCEPTION: <type 'exceptions.OverflowError'> date value out of range
ERROR: (<type 'exceptions.OverflowError'>, OverflowError('date value out of range',), <traceback object at 0x10a296d88>)
TRACEBACK:
  File "/Users/alex/tstl/examples/arrow/sut.py", line 405705, in safely
    act[2]()
  File "/Users/alex/tstl/examples/arrow/sut.py", line 28381, in act803
    self.p_time[3] = self.p_time[9].to(self.p_zone[3])
  File "/Library/Frameworks/Python.framework/Versions/2.7/lib/python2.7/site-packages/arrow/arrow.py", line 510, in to
    dt = self._datetime.astimezone(tz)
  File "/Library/Frameworks/Python.framework/Versions/2.7/lib/python2.7/site-packages/dateutil/tz/tz.py", line 667, in fromutc
    dt_out = dt + datetime.timedelta(seconds=tti.offset)
FAILURE IS NEW, STORING; NOW 1 DISTINCT FAILURES
TEST #145 STEP #98 (0:00:30.000183) Tue Nov 21 14:41:01 2017 [ 253 stmts 338 branches ] (no cov+ for 3 tests) 14461 TOTAL ACTIONS (482.030395084/s)
STOPPING TEST DUE TO TIMEOUT, TERMINATED AT LENGTH 69
STOPPING TESTING DUE TO TIMEOUT
22.3341232227 PERCENT COVERED
60.2049529552 TOTAL RUNTIME
292 EXECUTED
29132 TOTAL TEST OPERATIONS
21.5376939774 TIME SPENT EXECUTING TEST OPERATIONS
37.9470188618 TIME SPENT EVALUATING GUARDS AND CHOOSING ACTIONS
0.020060300827 TIME SPENT CHECKING PROPERTIES
21.5577542782 TOTAL TIME SPENT RUNNING SUT
0.201424598694 TIME SPENT RESTARTING
0.0 TIME SPENT REDUCING TEST CASES
1 FAILED
0 REPEATS OF FAILURES
1 ACTUAL DISTINCT FAILURES

FAILURE 0
locale3 =  u'nb_no'                                                      # STEP 0
locale0 =  u'de_de'                                                      # STEP 1
locale2 =  u'nl_nl'                                                      # STEP 2
zone3 = 'US/Alaska'                                                      # STEP 3
locale4 =  u'ca'                                                         # STEP 4
zone0 = 'US/Mountain'                                                    # STEP 5
val2 = 0                                                                 # STEP 6
locale1 =  u'pl'                                                         # STEP 7
zone2 = 'Etc/Greenwich'                                                  # STEP 8
time7 = arrow.now(zone3)                                                 # STEP 9
time9 = arrow.get(val2)                                                 # STEP 10
time0 = time9.to(zone3)                                                 # STEP 11
time4 = time9.replace(tzinfo=zone0)                                     # STEP 12
time9 = time4.replace(minutes=val2)                                     # STEP 13
time7.shift(years=val2)                                                 # STEP 14
time3 = time4.replace(seconds=val2)                                     # STEP 15
time7.humanize(locale=locale4)                                          # STEP 16
time4 = time0.replace(minutes=val2)                                     # STEP 17
time1 = time3.replace(tzinfo=zone2)                                     # STEP 18
time8 = time3.replace(hours=val2)                                       # STEP 19
time5 = time7.replace(tzinfo=zone3)                                     # STEP 20
time6 = time9.replace(seconds=val2)                                     # STEP 21
time7 = time9.replace(seconds=val2)                                     # STEP 22
time2 = time0.replace(minutes=val2)                                     # STEP 23
time9 = time1.replace(seconds=val2)                                     # STEP 24
time0.year                                                              # STEP 25
time0 = time4.replace(seconds=val2)                                     # STEP 26
time2.shift(minutes=val2)                                               # STEP 27
val8 = 0                                                                # STEP 28
locale4 =  u'be'                                                        # STEP 29
time3 = arrow.get(val8)                                                 # STEP 30
time2 = time1.replace(tzinfo=zone3)                                     # STEP 31
time4 = time4.to(zone3)                                                 # STEP 32
time4.shift(hours=val8)                                                 # STEP 33
zone2 = 'Australia/Brisbane'                                            # STEP 34
time1 = time7.replace(hours=val8)                                       # STEP 35
time4 = time6.replace(tzinfo=zone2)                                     # STEP 36
time7 = time9.replace(tzinfo=zone3)                                     # STEP 37
time6 = time6.to(zone0)                                                 # STEP 38
zone4 = 'Australia/Brisbane'                                            # STEP 39
val2 += 1                                                               # STEP 40
time8.shift(minutes=val2)                                               # STEP 41
time8 = time8.replace(hours=val8)                                       # STEP 42
zone0 = 'Singapore'                                                     # STEP 43
time2.shift(months=val2)                                                # STEP 44
time2 = time7.replace(minutes=val8)                                     # STEP 45
time9 = time2.replace(seconds=val2)                                     # STEP 46
time6.shift(years=val2)                                                 # STEP 47
time6 = time8.replace(tzinfo=zone3)                                     # STEP 48
time7 = time5.replace(tzinfo=zone2)                                     # STEP 49
time8 = time2.to(zone4)                                                 # STEP 50
time2 = time5.replace(hours=val8)                                       # STEP 51
time5 = time1.replace(seconds=val8)                                     # STEP 52
time1.shift(seconds=val8)                                               # STEP 53
zone1 = 'Asia/Samarkand'                                                # STEP 54
time1 = time0.replace(year=val2)                                        # STEP 55
time9.shift(months=val2)                                                # STEP 56
time9.shift(seconds=val8)                                               # STEP 57
time7.shift(weeks=val2)                                                 # STEP 58
time9 = time7.replace(minutes=val8)                                     # STEP 59
time0 = time9.replace(minutes=val8)                                     # STEP 60
time9 = time3.replace(year=val2)                                        # STEP 61
time3 = time9.to(zone3)                                                 # STEP 62
ERROR: (<type 'exceptions.OverflowError'>, OverflowError('date value out of range',), <traceback object at 0x10a296d88>)
TRACEBACK:
  File "/Users/alex/tstl/examples/arrow/sut.py", line 405705, in safely
    act[2]()
  File "/Users/alex/tstl/examples/arrow/sut.py", line 28381, in act803
    self.p_time[3] = self.p_time[9].to(self.p_zone[3])
  File "/Library/Frameworks/Python.framework/Versions/2.7/lib/python2.7/site-packages/arrow/arrow.py", line 510, in to
    dt = self._datetime.astimezone(tz)
  File "/Library/Frameworks/Python.framework/Versions/2.7/lib/python2.7/site-packages/dateutil/tz/tz.py", line 667, in fromutc
    dt_out = dt + datetime.timedelta(seconds=tti.offset)
343 BRANCHES COVERED
256 STATEMENTS COVERED
