Random testing using config=Config(noExceptionMatch=False, generalize=False, localize=False, speed='FAST', probs=None, LOCBaseline=0.2, noAlphaConvert=False, replayable=False, essentials=False, noCoverageExploit=False, quickTests=False, html=None, keepLast=False, stopWhenNoCoverage=None, generateLOC=None, computeFeatureStats=False, Pmutate=0.0, timeout=60, output='failure.15277.test', markov=None, noSwarmDependencies=False, startExploit=0.0, maxMustHitBranch=None, useHints=False, silentFail=False, highLowSwarm=None, maxMustHitStatement=None, progress=False, postCover=False, swarmLength=None, noCover=False, noEnumerateEnabled=False, full=True, swarmP=0.5, coverFile='coverage.out', markovP=1.0, swarmProbs=None, genDepth=None, exploitCeiling=0.1, logging=None, noCheck=False, throughput=False, uncaught=False, swarmSwitch=None, verbose=False, reducePool=False, exploit=None, fastQuickAnalysis=False, total=False, verboseExploit=False, swarm=False, sequenceP=1.0, biasLOC=None, timedProgress=30, relax=False, ddmin=False, stutter=None, readQuick=False, verboseActions=False, quickAnalysis=False, noReassign=False, sequenceSize=3, LOCProbs=False, sequencesFromTests=None, maxTests=-1, trackMaxCoverage=None, useQuickSequences=False, exploitBestHint=1, failedLogging=None, stopWhenStatements=None, greedyStutter=False, seed=None, stopWhenHitStatement=None, uniqueValuesAnalysis=False, normalize=False, startExploitStall=0, enumerateEnabled=False, internal=False, profile=False, multiple=True, stopWhenBranches=None, running=False, compareFails=False, Pcrossover=0.2, stopWhenHitBranch=None, depth=100, showActions=False)
UNCAUGHT EXCEPTION
ERROR: (<type 'exceptions.OverflowError'>, OverflowError('date value out of range',), <traceback object at 0x10aa26cb0>)
TRACEBACK:
  File "/Users/alex/tstl/examples/arrow/sut.py", line 405705, in safely
    act[2]()
  File "/Users/alex/tstl/examples/arrow/sut.py", line 24915, in act727
    self.p_time[2] = self.p_time[4].to(self.p_zone[2])
  File "/Library/Frameworks/Python.framework/Versions/2.7/lib/python2.7/site-packages/arrow/arrow.py", line 510, in to
    dt = self._datetime.astimezone(tz)
Original test has 72 steps

SAVING TEST AS failure.15277.test.0
FINAL VERSION OF TEST, WITH LOGGED REPLAY:
val2 = 0                                                                 # STEP 0
ACTION: val2 = 0 
val2 = None : <type 'NoneType'>
=> val2 = 0 : <type 'int'>
==================================================
locale0 =  u'mr'                                                         # STEP 1
ACTION: locale0 =  u'mr' 
locale0 = None : <type 'NoneType'>
=> locale0 = u'mr' : <type 'unicode'>
==================================================
locale2 =  u'ca_ad'                                                      # STEP 2
ACTION: locale2 =  u'ca_ad' 
locale2 = None : <type 'NoneType'>
=> locale2 = u'ca_ad' : <type 'unicode'>
==================================================
locale4 =  u'pt_pt'                                                      # STEP 3
ACTION: locale4 =  u'pt_pt' 
locale4 = None : <type 'NoneType'>
=> locale4 = u'pt_pt' : <type 'unicode'>
==================================================
locale1 =  u'sl_si'                                                      # STEP 4
ACTION: locale1 =  u'sl_si' 
locale1 = None : <type 'NoneType'>
=> locale1 = u'sl_si' : <type 'unicode'>
==================================================
zone1 = 'Asia/Samarkand'                                                 # STEP 5
ACTION: zone1 = 'Asia/Samarkand'  
zone1 = None : <type 'NoneType'>
=> zone1 = 'Asia/Samarkand' : <type 'str'>
==================================================
time1 = arrow.now()                                                      # STEP 6
ACTION: time1 = arrow.now() 
time1 = None : <type 'NoneType'>
=> time1 = <Arrow [2017-11-21T20:51:42.737960-08:00]> : <class 'arrow.arrow.Arrow'>
==================================================
val4 = 0                                                                 # STEP 7
ACTION: val4 = 0 
val4 = None : <type 'NoneType'>
=> val4 = 0 : <type 'int'>
==================================================
time1.timestamp                                                          # STEP 8
ACTION: time1.timestamp 
time1 = <Arrow [2017-11-21T20:51:42.737960-08:00]> : <class 'arrow.arrow.Arrow'>
==================================================
locale3 =  u'tr'                                                         # STEP 9
ACTION: locale3 =  u'tr' 
locale3 = None : <type 'NoneType'>
=> locale3 = u'tr' : <type 'unicode'>
==================================================
val4 += 1                                                               # STEP 10
ACTION: val4 += 1 
val4 = 0 : <type 'int'>
=> val4 = 1 : <type 'int'>
==================================================
zone2 = 'Turkey'                                                        # STEP 11
ACTION: zone2 = 'Turkey'  
zone2 = None : <type 'NoneType'>
=> zone2 = 'Turkey' : <type 'str'>
==================================================
time7 = time1.replace(year=val4)                                        # STEP 12
ACTION: time7 = time1.replace(year=val4) 
val4 = 1 : <type 'int'>
time1 = <Arrow [2017-11-21T20:51:42.737960-08:00]> : <class 'arrow.arrow.Arrow'>
time7 = None : <type 'NoneType'>
=> time7 = <Arrow [0001-11-21T20:51:42.737960-08:00]> : <class 'arrow.arrow.Arrow'>
==================================================
val0 = 0                                                                # STEP 13
ACTION: val0 = 0 
val0 = None : <type 'NoneType'>
=> val0 = 0 : <type 'int'>
==================================================
val6 = 0                                                                # STEP 14
ACTION: val6 = 0 
val6 = None : <type 'NoneType'>
=> val6 = 0 : <type 'int'>
==================================================
time3 = arrow.get(val6)                                                 # STEP 15
ACTION: time3 = arrow.get(val6) 
val6 = 0 : <type 'int'>
time3 = None : <type 'NoneType'>
=> time3 = <Arrow [1970-01-01T00:00:00+00:00]> : <class 'arrow.arrow.Arrow'>
==================================================
time8 = time3.replace(seconds=val4)                                     # STEP 16
ACTION: time8 = time3.replace(seconds=val4) 
val4 = 1 : <type 'int'>
time3 = <Arrow [1970-01-01T00:00:00+00:00]> : <class 'arrow.arrow.Arrow'>
time8 = None : <type 'NoneType'>
=> time8 = <Arrow [1970-01-01T00:00:01+00:00]> : <class 'arrow.arrow.Arrow'>
==================================================
time1 = time8.replace(month=val4)                                       # STEP 17
ACTION: time1 = time8.replace(month=val4) 
val4 = 1 : <type 'int'>
time8 = <Arrow [1970-01-01T00:00:01+00:00]> : <class 'arrow.arrow.Arrow'>
time1 = <Arrow [2017-11-21T20:51:42.737960-08:00]> : <class 'arrow.arrow.Arrow'>
=> time1 = <Arrow [1970-01-01T00:00:01+00:00]> : <class 'arrow.arrow.Arrow'>
==================================================
time8.shift(years=val4)                                                 # STEP 18
ACTION: time8.shift(years=val4) 
val4 = 1 : <type 'int'>
time8 = <Arrow [1970-01-01T00:00:01+00:00]> : <class 'arrow.arrow.Arrow'>
==================================================
time0 = time7.replace(seconds=val2)                                     # STEP 19
ACTION: time0 = time7.replace(seconds=val2) 
val2 = 0 : <type 'int'>
time7 = <Arrow [0001-11-21T20:51:42.737960-08:00]> : <class 'arrow.arrow.Arrow'>
time0 = None : <type 'NoneType'>
=> time0 = <Arrow [0001-11-21T20:51:42.737960-08:00]> : <class 'arrow.arrow.Arrow'>
==================================================
time9 = time3.replace(tzinfo=zone1)                                     # STEP 20
ACTION: time9 = time3.replace(tzinfo=zone1) 
zone1 = 'Asia/Samarkand' : <type 'str'>
time3 = <Arrow [1970-01-01T00:00:00+00:00]> : <class 'arrow.arrow.Arrow'>
time9 = None : <type 'NoneType'>
=> time9 = <Arrow [1970-01-01T00:00:00+05:00]> : <class 'arrow.arrow.Arrow'>
==================================================
time5 = time8.to(zone1)                                                 # STEP 21
ACTION: time5 = time8.to(zone1) 
zone1 = 'Asia/Samarkand' : <type 'str'>
time8 = <Arrow [1970-01-01T00:00:01+00:00]> : <class 'arrow.arrow.Arrow'>
time5 = None : <type 'NoneType'>
=> time5 = <Arrow [1970-01-01T05:00:01+05:00]> : <class 'arrow.arrow.Arrow'>
==================================================
time6 = arrow.now(zone1)                                                # STEP 22
ACTION: time6 = arrow.now(zone1) 
zone1 = 'Asia/Samarkand' : <type 'str'>
time6 = None : <type 'NoneType'>
=> time6 = <Arrow [2017-11-22T09:51:42.747865+05:00]> : <class 'arrow.arrow.Arrow'>
==================================================
time8 = time1.replace(year=val4)                                        # STEP 23
ACTION: time8 = time1.replace(year=val4) 
val4 = 1 : <type 'int'>
time1 = <Arrow [1970-01-01T00:00:01+00:00]> : <class 'arrow.arrow.Arrow'>
time8 = <Arrow [1970-01-01T00:00:01+00:00]> : <class 'arrow.arrow.Arrow'>
=> time8 = <Arrow [0001-01-01T00:00:01+00:00]> : <class 'arrow.arrow.Arrow'>
==================================================
time2 = time6.replace(minutes=val2)                                     # STEP 24
ACTION: time2 = time6.replace(minutes=val2) 
val2 = 0 : <type 'int'>
time6 = <Arrow [2017-11-22T09:51:42.747865+05:00]> : <class 'arrow.arrow.Arrow'>
time2 = None : <type 'NoneType'>
=> time2 = <Arrow [2017-11-22T09:51:42.747865+05:00]> : <class 'arrow.arrow.Arrow'>
==================================================
time6 = time3.replace(minutes=val0)                                     # STEP 25
ACTION: time6 = time3.replace(minutes=val0) 
val0 = 0 : <type 'int'>
time3 = <Arrow [1970-01-01T00:00:00+00:00]> : <class 'arrow.arrow.Arrow'>
time6 = <Arrow [2017-11-22T09:51:42.747865+05:00]> : <class 'arrow.arrow.Arrow'>
=> time6 = <Arrow [1970-01-01T00:00:00+00:00]> : <class 'arrow.arrow.Arrow'>
==================================================
time4 = time2.replace(seconds=val4)                                     # STEP 26
ACTION: time4 = time2.replace(seconds=val4) 
val4 = 1 : <type 'int'>
time2 = <Arrow [2017-11-22T09:51:42.747865+05:00]> : <class 'arrow.arrow.Arrow'>
time4 = None : <type 'NoneType'>
=> time4 = <Arrow [2017-11-22T09:51:43.747865+05:00]> : <class 'arrow.arrow.Arrow'>
==================================================
time7 = time2.replace(seconds=val4)                                     # STEP 27
ACTION: time7 = time2.replace(seconds=val4) 
val4 = 1 : <type 'int'>
time2 = <Arrow [2017-11-22T09:51:42.747865+05:00]> : <class 'arrow.arrow.Arrow'>
time7 = <Arrow [0001-11-21T20:51:42.737960-08:00]> : <class 'arrow.arrow.Arrow'>
=> time7 = <Arrow [2017-11-22T09:51:43.747865+05:00]> : <class 'arrow.arrow.Arrow'>
==================================================
time6.shift(hours=val4)                                                 # STEP 28
ACTION: time6.shift(hours=val4) 
val4 = 1 : <type 'int'>
time6 = <Arrow [1970-01-01T00:00:00+00:00]> : <class 'arrow.arrow.Arrow'>
==================================================
time4.shift(weeks=val4)                                                 # STEP 29
ACTION: time4.shift(weeks=val4) 
val4 = 1 : <type 'int'>
time4 = <Arrow [2017-11-22T09:51:43.747865+05:00]> : <class 'arrow.arrow.Arrow'>
==================================================
time1.datetime                                                          # STEP 30
ACTION: time1.datetime 
time1 = <Arrow [1970-01-01T00:00:01+00:00]> : <class 'arrow.arrow.Arrow'>
==================================================
time4 = time6.to(zone2)                                                 # STEP 31
ACTION: time4 = time6.to(zone2) 
zone2 = 'Turkey' : <type 'str'>
time6 = <Arrow [1970-01-01T00:00:00+00:00]> : <class 'arrow.arrow.Arrow'>
time4 = <Arrow [2017-11-22T09:51:43.747865+05:00]> : <class 'arrow.arrow.Arrow'>
=> time4 = <Arrow [1970-01-01T02:00:00+02:00]> : <class 'arrow.arrow.Arrow'>
==================================================
time3 = time7.replace(year=val4)                                        # STEP 32
ACTION: time3 = time7.replace(year=val4) 
val4 = 1 : <type 'int'>
time7 = <Arrow [2017-11-22T09:51:43.747865+05:00]> : <class 'arrow.arrow.Arrow'>
time3 = <Arrow [1970-01-01T00:00:00+00:00]> : <class 'arrow.arrow.Arrow'>
=> time3 = <Arrow [0001-11-22T09:51:43.747865+04:28]> : <class 'arrow.arrow.Arrow'>
==================================================
time1 = time1.replace(tzinfo=zone2)                                     # STEP 33
ACTION: time1 = time1.replace(tzinfo=zone2) 
zone2 = 'Turkey' : <type 'str'>
time1 = <Arrow [1970-01-01T00:00:01+00:00]> : <class 'arrow.arrow.Arrow'>
=> time1 = <Arrow [1970-01-01T00:00:01+02:00]> : <class 'arrow.arrow.Arrow'>
==================================================
time1.shift(years=val2)                                                 # STEP 34
ACTION: time1.shift(years=val2) 
val2 = 0 : <type 'int'>
time1 = <Arrow [1970-01-01T00:00:01+02:00]> : <class 'arrow.arrow.Arrow'>
==================================================
time6 = time7.replace(minutes=val6)                                     # STEP 35
ACTION: time6 = time7.replace(minutes=val6) 
val6 = 0 : <type 'int'>
time7 = <Arrow [2017-11-22T09:51:43.747865+05:00]> : <class 'arrow.arrow.Arrow'>
time6 = <Arrow [1970-01-01T00:00:00+00:00]> : <class 'arrow.arrow.Arrow'>
=> time6 = <Arrow [2017-11-22T09:51:43.747865+05:00]> : <class 'arrow.arrow.Arrow'>
==================================================
time2 = time7.replace(seconds=val0)                                     # STEP 36
ACTION: time2 = time7.replace(seconds=val0) 
val0 = 0 : <type 'int'>
time7 = <Arrow [2017-11-22T09:51:43.747865+05:00]> : <class 'arrow.arrow.Arrow'>
time2 = <Arrow [2017-11-22T09:51:42.747865+05:00]> : <class 'arrow.arrow.Arrow'>
=> time2 = <Arrow [2017-11-22T09:51:43.747865+05:00]> : <class 'arrow.arrow.Arrow'>
==================================================
time7 = time7.replace(minutes=val2)                                     # STEP 37
ACTION: time7 = time7.replace(minutes=val2) 
val2 = 0 : <type 'int'>
time7 = <Arrow [2017-11-22T09:51:43.747865+05:00]> : <class 'arrow.arrow.Arrow'>
==================================================
time8.shift(months=val2)                                                # STEP 38
ACTION: time8.shift(months=val2) 
val2 = 0 : <type 'int'>
time8 = <Arrow [0001-01-01T00:00:01+00:00]> : <class 'arrow.arrow.Arrow'>
==================================================
time1 = time9.replace(year=val4)                                        # STEP 39
ACTION: time1 = time9.replace(year=val4) 
val4 = 1 : <type 'int'>
time9 = <Arrow [1970-01-01T00:00:00+05:00]> : <class 'arrow.arrow.Arrow'>
time1 = <Arrow [1970-01-01T00:00:01+02:00]> : <class 'arrow.arrow.Arrow'>
=> time1 = <Arrow [0001-01-01T00:00:00+04:28]> : <class 'arrow.arrow.Arrow'>
==================================================
time8.shift(weeks=val6)                                                 # STEP 40
ACTION: time8.shift(weeks=val6) 
val6 = 0 : <type 'int'>
time8 = <Arrow [0001-01-01T00:00:01+00:00]> : <class 'arrow.arrow.Arrow'>
==================================================
zone2 = 'Turkey'                                                        # STEP 41
ACTION: zone2 = 'Turkey'  
zone2 = 'Turkey' : <type 'str'>
==================================================
time4.shift(minutes=val6)                                               # STEP 42
ACTION: time4.shift(minutes=val6) 
val6 = 0 : <type 'int'>
time4 = <Arrow [1970-01-01T02:00:00+02:00]> : <class 'arrow.arrow.Arrow'>
==================================================
time9 = time5.replace(month=val4)                                       # STEP 43
ACTION: time9 = time5.replace(month=val4) 
val4 = 1 : <type 'int'>
time5 = <Arrow [1970-01-01T05:00:01+05:00]> : <class 'arrow.arrow.Arrow'>
time9 = <Arrow [1970-01-01T00:00:00+05:00]> : <class 'arrow.arrow.Arrow'>
=> time9 = <Arrow [1970-01-01T05:00:01+05:00]> : <class 'arrow.arrow.Arrow'>
==================================================
time4 = time8.to(zone2)                                                 # STEP 44
ACTION: time4 = time8.to(zone2) 
zone2 = 'Turkey' : <type 'str'>
time8 = <Arrow [0001-01-01T00:00:01+00:00]> : <class 'arrow.arrow.Arrow'>
time4 = <Arrow [1970-01-01T02:00:00+02:00]> : <class 'arrow.arrow.Arrow'>
=> time4 = <Arrow [0001-01-01T01:57:01+01:57]> : <class 'arrow.arrow.Arrow'>
==================================================
time6.shift(minutes=val6)                                               # STEP 45
ACTION: time6.shift(minutes=val6) 
val6 = 0 : <type 'int'>
time6 = <Arrow [2017-11-22T09:51:43.747865+05:00]> : <class 'arrow.arrow.Arrow'>
==================================================
zone4 = 'US/Pacific'                                                    # STEP 46
ACTION: zone4 = 'US/Pacific'  
zone4 = None : <type 'NoneType'>
=> zone4 = 'US/Pacific' : <type 'str'>
==================================================
time0.shift(years=val2)                                                 # STEP 47
ACTION: time0.shift(years=val2) 
val2 = 0 : <type 'int'>
time0 = <Arrow [0001-11-21T20:51:42.737960-08:00]> : <class 'arrow.arrow.Arrow'>
==================================================
time8 = time6.to(zone4)                                                 # STEP 48
ACTION: time8 = time6.to(zone4) 
zone4 = 'US/Pacific' : <type 'str'>
time6 = <Arrow [2017-11-22T09:51:43.747865+05:00]> : <class 'arrow.arrow.Arrow'>
time8 = <Arrow [0001-01-01T00:00:01+00:00]> : <class 'arrow.arrow.Arrow'>
=> time8 = <Arrow [2017-11-21T20:51:43.747865-08:00]> : <class 'arrow.arrow.Arrow'>
==================================================
time5 = time1.replace(hours=val4)                                       # STEP 49
ACTION: time5 = time1.replace(hours=val4) 
val4 = 1 : <type 'int'>
time1 = <Arrow [0001-01-01T00:00:00+04:28]> : <class 'arrow.arrow.Arrow'>
time5 = <Arrow [1970-01-01T05:00:01+05:00]> : <class 'arrow.arrow.Arrow'>
=> time5 = <Arrow [0001-01-01T01:00:00+04:28]> : <class 'arrow.arrow.Arrow'>
==================================================
time1.shift(minutes=val6)                                               # STEP 50
ACTION: time1.shift(minutes=val6) 
val6 = 0 : <type 'int'>
time1 = <Arrow [0001-01-01T00:00:00+04:28]> : <class 'arrow.arrow.Arrow'>
==================================================
time6.shift(months=val6)                                                # STEP 51
ACTION: time6.shift(months=val6) 
val6 = 0 : <type 'int'>
time6 = <Arrow [2017-11-22T09:51:43.747865+05:00]> : <class 'arrow.arrow.Arrow'>
==================================================
time6 = time1.replace(minutes=val6)                                     # STEP 52
ACTION: time6 = time1.replace(minutes=val6) 
val6 = 0 : <type 'int'>
time1 = <Arrow [0001-01-01T00:00:00+04:28]> : <class 'arrow.arrow.Arrow'>
time6 = <Arrow [2017-11-22T09:51:43.747865+05:00]> : <class 'arrow.arrow.Arrow'>
=> time6 = <Arrow [0001-01-01T00:00:00+04:28]> : <class 'arrow.arrow.Arrow'>
==================================================
time1.shift(hours=val4)                                                 # STEP 53
ACTION: time1.shift(hours=val4) 
val4 = 1 : <type 'int'>
time1 = <Arrow [0001-01-01T00:00:00+04:28]> : <class 'arrow.arrow.Arrow'>
==================================================
time0 = time9.replace(minutes=val2)                                     # STEP 54
ACTION: time0 = time9.replace(minutes=val2) 
val2 = 0 : <type 'int'>
time9 = <Arrow [1970-01-01T05:00:01+05:00]> : <class 'arrow.arrow.Arrow'>
time0 = <Arrow [0001-11-21T20:51:42.737960-08:00]> : <class 'arrow.arrow.Arrow'>
=> time0 = <Arrow [1970-01-01T05:00:01+05:00]> : <class 'arrow.arrow.Arrow'>
==================================================
time9 = time2.replace(tzinfo=zone1)                                     # STEP 55
ACTION: time9 = time2.replace(tzinfo=zone1) 
zone1 = 'Asia/Samarkand' : <type 'str'>
time2 = <Arrow [2017-11-22T09:51:43.747865+05:00]> : <class 'arrow.arrow.Arrow'>
time9 = <Arrow [1970-01-01T05:00:01+05:00]> : <class 'arrow.arrow.Arrow'>
=> time9 = <Arrow [2017-11-22T09:51:43.747865+05:00]> : <class 'arrow.arrow.Arrow'>
==================================================
time1 = time5.replace(minutes=val0)                                     # STEP 56
ACTION: time1 = time5.replace(minutes=val0) 
val0 = 0 : <type 'int'>
time5 = <Arrow [0001-01-01T01:00:00+04:28]> : <class 'arrow.arrow.Arrow'>
time1 = <Arrow [0001-01-01T00:00:00+04:28]> : <class 'arrow.arrow.Arrow'>
=> time1 = <Arrow [0001-01-01T01:00:00+04:28]> : <class 'arrow.arrow.Arrow'>
==================================================
time5 = time3.replace(seconds=val4)                                     # STEP 57
ACTION: time5 = time3.replace(seconds=val4) 
val4 = 1 : <type 'int'>
time3 = <Arrow [0001-11-22T09:51:43.747865+04:28]> : <class 'arrow.arrow.Arrow'>
time5 = <Arrow [0001-01-01T01:00:00+04:28]> : <class 'arrow.arrow.Arrow'>
=> time5 = <Arrow [0001-11-22T09:51:44.747865+04:28]> : <class 'arrow.arrow.Arrow'>
==================================================
time8.humanize(locale=locale3)                                          # STEP 58
ACTION: time8.humanize(locale=locale3) 
locale3 = u'tr' : <type 'unicode'>
time8 = <Arrow [2017-11-21T20:51:43.747865-08:00]> : <class 'arrow.arrow.Arrow'>
==================================================
time2 = time2.replace(seconds=val4)                                     # STEP 59
ACTION: time2 = time2.replace(seconds=val4) 
val4 = 1 : <type 'int'>
time2 = <Arrow [2017-11-22T09:51:43.747865+05:00]> : <class 'arrow.arrow.Arrow'>
=> time2 = <Arrow [2017-11-22T09:51:44.747865+05:00]> : <class 'arrow.arrow.Arrow'>
==================================================
time3 = time4.replace(year=val4)                                        # STEP 60
ACTION: time3 = time4.replace(year=val4) 
val4 = 1 : <type 'int'>
time4 = <Arrow [0001-01-01T01:57:01+01:57]> : <class 'arrow.arrow.Arrow'>
time3 = <Arrow [0001-11-22T09:51:43.747865+04:28]> : <class 'arrow.arrow.Arrow'>
=> time3 = <Arrow [0001-01-01T01:57:01+01:57]> : <class 'arrow.arrow.Arrow'>
==================================================
time4 = time1.replace(seconds=val4)                                     # STEP 61
ACTION: time4 = time1.replace(seconds=val4) 
val4 = 1 : <type 'int'>
time1 = <Arrow [0001-01-01T01:00:00+04:28]> : <class 'arrow.arrow.Arrow'>
time4 = <Arrow [0001-01-01T01:57:01+01:57]> : <class 'arrow.arrow.Arrow'>
=> time4 = <Arrow [0001-01-01T01:00:01+04:28]> : <class 'arrow.arrow.Arrow'>
==================================================
time1 = time8.replace(year=val4)                                        # STEP 62
ACTION: time1 = time8.replace(year=val4) 
val4 = 1 : <type 'int'>
time8 = <Arrow [2017-11-21T20:51:43.747865-08:00]> : <class 'arrow.arrow.Arrow'>
time1 = <Arrow [0001-01-01T01:00:00+04:28]> : <class 'arrow.arrow.Arrow'>
=> time1 = <Arrow [0001-11-21T20:51:43.747865-08:00]> : <class 'arrow.arrow.Arrow'>
==================================================
time8 = time0.to(zone4)                                                 # STEP 63
ACTION: time8 = time0.to(zone4) 
zone4 = 'US/Pacific' : <type 'str'>
time0 = <Arrow [1970-01-01T05:00:01+05:00]> : <class 'arrow.arrow.Arrow'>
time8 = <Arrow [2017-11-21T20:51:43.747865-08:00]> : <class 'arrow.arrow.Arrow'>
=> time8 = <Arrow [1969-12-31T16:00:01-08:00]> : <class 'arrow.arrow.Arrow'>
==================================================
zone4 = 'US/Mountain'                                                   # STEP 64
ACTION: zone4 = 'US/Mountain'  
zone4 = 'US/Pacific' : <type 'str'>
=> zone4 = 'US/Mountain' : <type 'str'>
==================================================
time1.shift(years=val6)                                                 # STEP 65
ACTION: time1.shift(years=val6) 
val6 = 0 : <type 'int'>
time1 = <Arrow [0001-11-21T20:51:43.747865-08:00]> : <class 'arrow.arrow.Arrow'>
==================================================
locale3 =  u'nb'                                                        # STEP 66
ACTION: locale3 =  u'nb' 
locale3 = u'tr' : <type 'unicode'>
=> locale3 = u'nb' : <type 'unicode'>
==================================================
time0 = time8.replace(hours=val0)                                       # STEP 67
ACTION: time0 = time8.replace(hours=val0) 
val0 = 0 : <type 'int'>
time8 = <Arrow [1969-12-31T16:00:01-08:00]> : <class 'arrow.arrow.Arrow'>
time0 = <Arrow [1970-01-01T05:00:01+05:00]> : <class 'arrow.arrow.Arrow'>
=> time0 = <Arrow [1969-12-31T16:00:01-08:00]> : <class 'arrow.arrow.Arrow'>
==================================================
time8 = time9.replace(tzinfo=zone1)                                     # STEP 68
ACTION: time8 = time9.replace(tzinfo=zone1) 
zone1 = 'Asia/Samarkand' : <type 'str'>
time9 = <Arrow [2017-11-22T09:51:43.747865+05:00]> : <class 'arrow.arrow.Arrow'>
time8 = <Arrow [1969-12-31T16:00:01-08:00]> : <class 'arrow.arrow.Arrow'>
=> time8 = <Arrow [2017-11-22T09:51:43.747865+05:00]> : <class 'arrow.arrow.Arrow'>
==================================================
time1 = time2.replace(tzinfo=zone4)                                     # STEP 69
ACTION: time1 = time2.replace(tzinfo=zone4) 
zone4 = 'US/Mountain' : <type 'str'>
time2 = <Arrow [2017-11-22T09:51:44.747865+05:00]> : <class 'arrow.arrow.Arrow'>
time1 = <Arrow [0001-11-21T20:51:43.747865-08:00]> : <class 'arrow.arrow.Arrow'>
=> time1 = <Arrow [2017-11-22T09:51:44.747865-07:00]> : <class 'arrow.arrow.Arrow'>
==================================================
time2.shift(hours=val2)                                                 # STEP 70
ACTION: time2.shift(hours=val2) 
val2 = 0 : <type 'int'>
time2 = <Arrow [2017-11-22T09:51:44.747865+05:00]> : <class 'arrow.arrow.Arrow'>
==================================================
time2 = time4.to(zone2)                                                 # STEP 71
ACTION: time2 = time4.to(zone2) 
zone2 = 'Turkey' : <type 'str'>
time4 = <Arrow [0001-01-01T01:00:01+04:28]> : <class 'arrow.arrow.Arrow'>
time2 = <Arrow [2017-11-22T09:51:44.747865+05:00]> : <class 'arrow.arrow.Arrow'>
RAISED EXCEPTION: <type 'exceptions.OverflowError'> date value out of range
ERROR: (<type 'exceptions.OverflowError'>, OverflowError('date value out of range',), <traceback object at 0x10aa21bd8>)
TRACEBACK:
  File "/Users/alex/tstl/examples/arrow/sut.py", line 405705, in safely
    act[2]()
  File "/Users/alex/tstl/examples/arrow/sut.py", line 24915, in act727
    self.p_time[2] = self.p_time[4].to(self.p_zone[2])
  File "/Library/Frameworks/Python.framework/Versions/2.7/lib/python2.7/site-packages/arrow/arrow.py", line 510, in to
    dt = self._datetime.astimezone(tz)
FAILURE IS NEW, STORING; NOW 1 DISTINCT FAILURES
TEST #152 STEP #11 (0:00:30.002783) Tue Nov 21 20:51:52 2017 [ 254 stmts 339 branches ] (no cov+ for 48 tests) 15083 TOTAL ACTIONS (502.720029999/s)
STOPPING TEST DUE TO TIMEOUT, TERMINATED AT LENGTH 11
STOPPING TESTING DUE TO TIMEOUT
22.0971563981 PERCENT COVERED
60.186052084 TOTAL RUNTIME
300 EXECUTED
29883 TOTAL TEST OPERATIONS
21.9777457714 TIME SPENT EXECUTING TEST OPERATIONS
37.4677445889 TIME SPENT EVALUATING GUARDS AND CHOOSING ACTIONS
0.0230984687805 TIME SPENT CHECKING PROPERTIES
22.0008442402 TOTAL TIME SPENT RUNNING SUT
0.210421323776 TIME SPENT RESTARTING
0.0 TIME SPENT REDUCING TEST CASES
1 FAILED
0 REPEATS OF FAILURES
1 ACTUAL DISTINCT FAILURES

FAILURE 0
val2 = 0                                                                 # STEP 0
locale0 =  u'mr'                                                         # STEP 1
locale2 =  u'ca_ad'                                                      # STEP 2
locale4 =  u'pt_pt'                                                      # STEP 3
locale1 =  u'sl_si'                                                      # STEP 4
zone1 = 'Asia/Samarkand'                                                 # STEP 5
time1 = arrow.now()                                                      # STEP 6
val4 = 0                                                                 # STEP 7
time1.timestamp                                                          # STEP 8
locale3 =  u'tr'                                                         # STEP 9
val4 += 1                                                               # STEP 10
zone2 = 'Turkey'                                                        # STEP 11
time7 = time1.replace(year=val4)                                        # STEP 12
val0 = 0                                                                # STEP 13
val6 = 0                                                                # STEP 14
time3 = arrow.get(val6)                                                 # STEP 15
time8 = time3.replace(seconds=val4)                                     # STEP 16
time1 = time8.replace(month=val4)                                       # STEP 17
time8.shift(years=val4)                                                 # STEP 18
time0 = time7.replace(seconds=val2)                                     # STEP 19
time9 = time3.replace(tzinfo=zone1)                                     # STEP 20
time5 = time8.to(zone1)                                                 # STEP 21
time6 = arrow.now(zone1)                                                # STEP 22
time8 = time1.replace(year=val4)                                        # STEP 23
time2 = time6.replace(minutes=val2)                                     # STEP 24
time6 = time3.replace(minutes=val0)                                     # STEP 25
time4 = time2.replace(seconds=val4)                                     # STEP 26
time7 = time2.replace(seconds=val4)                                     # STEP 27
time6.shift(hours=val4)                                                 # STEP 28
time4.shift(weeks=val4)                                                 # STEP 29
time1.datetime                                                          # STEP 30
time4 = time6.to(zone2)                                                 # STEP 31
time3 = time7.replace(year=val4)                                        # STEP 32
time1 = time1.replace(tzinfo=zone2)                                     # STEP 33
time1.shift(years=val2)                                                 # STEP 34
time6 = time7.replace(minutes=val6)                                     # STEP 35
time2 = time7.replace(seconds=val0)                                     # STEP 36
time7 = time7.replace(minutes=val2)                                     # STEP 37
time8.shift(months=val2)                                                # STEP 38
time1 = time9.replace(year=val4)                                        # STEP 39
time8.shift(weeks=val6)                                                 # STEP 40
zone2 = 'Turkey'                                                        # STEP 41
time4.shift(minutes=val6)                                               # STEP 42
time9 = time5.replace(month=val4)                                       # STEP 43
time4 = time8.to(zone2)                                                 # STEP 44
time6.shift(minutes=val6)                                               # STEP 45
zone4 = 'US/Pacific'                                                    # STEP 46
time0.shift(years=val2)                                                 # STEP 47
time8 = time6.to(zone4)                                                 # STEP 48
time5 = time1.replace(hours=val4)                                       # STEP 49
time1.shift(minutes=val6)                                               # STEP 50
time6.shift(months=val6)                                                # STEP 51
time6 = time1.replace(minutes=val6)                                     # STEP 52
time1.shift(hours=val4)                                                 # STEP 53
time0 = time9.replace(minutes=val2)                                     # STEP 54
time9 = time2.replace(tzinfo=zone1)                                     # STEP 55
time1 = time5.replace(minutes=val0)                                     # STEP 56
time5 = time3.replace(seconds=val4)                                     # STEP 57
time8.humanize(locale=locale3)                                          # STEP 58
time2 = time2.replace(seconds=val4)                                     # STEP 59
time3 = time4.replace(year=val4)                                        # STEP 60
time4 = time1.replace(seconds=val4)                                     # STEP 61
time1 = time8.replace(year=val4)                                        # STEP 62
time8 = time0.to(zone4)                                                 # STEP 63
zone4 = 'US/Mountain'                                                   # STEP 64
time1.shift(years=val6)                                                 # STEP 65
locale3 =  u'nb'                                                        # STEP 66
time0 = time8.replace(hours=val0)                                       # STEP 67
time8 = time9.replace(tzinfo=zone1)                                     # STEP 68
time1 = time2.replace(tzinfo=zone4)                                     # STEP 69
time2.shift(hours=val2)                                                 # STEP 70
time2 = time4.to(zone2)                                                 # STEP 71
ERROR: (<type 'exceptions.OverflowError'>, OverflowError('date value out of range',), <traceback object at 0x10aa21bd8>)
TRACEBACK:
  File "/Users/alex/tstl/examples/arrow/sut.py", line 405705, in safely
    act[2]()
  File "/Users/alex/tstl/examples/arrow/sut.py", line 24915, in act727
    self.p_time[2] = self.p_time[4].to(self.p_zone[2])
  File "/Library/Frameworks/Python.framework/Versions/2.7/lib/python2.7/site-packages/arrow/arrow.py", line 510, in to
    dt = self._datetime.astimezone(tz)
339 BRANCHES COVERED
254 STATEMENTS COVERED
