Random testing using config=Config(noExceptionMatch=False, generalize=False, localize=False, speed='FAST', probs=None, LOCBaseline=0.2, noAlphaConvert=False, replayable=False, essentials=False, noCoverageExploit=False, quickTests=False, html=None, keepLast=False, stopWhenNoCoverage=None, generateLOC=None, computeFeatureStats=False, Pmutate=0.0, timeout=60, output='failure.13980.test', markov=None, noSwarmDependencies=False, startExploit=0.0, maxMustHitBranch=None, useHints=False, silentFail=False, highLowSwarm=None, maxMustHitStatement=None, progress=False, postCover=False, swarmLength=None, noCover=False, noEnumerateEnabled=False, full=True, swarmP=0.5, coverFile='coverage.out', markovP=1.0, swarmProbs=None, genDepth=None, exploitCeiling=0.1, logging=None, noCheck=False, throughput=False, uncaught=False, swarmSwitch=None, verbose=False, reducePool=False, exploit=None, fastQuickAnalysis=False, total=False, verboseExploit=False, swarm=False, sequenceP=1.0, biasLOC=None, timedProgress=30, relax=False, ddmin=False, stutter=None, readQuick=False, verboseActions=False, quickAnalysis=False, noReassign=False, sequenceSize=3, LOCProbs=False, sequencesFromTests=None, maxTests=-1, trackMaxCoverage=None, useQuickSequences=False, exploitBestHint=1, failedLogging=None, stopWhenStatements=None, greedyStutter=False, seed=None, stopWhenHitStatement=None, uniqueValuesAnalysis=False, normalize=False, startExploitStall=0, enumerateEnabled=False, internal=False, profile=False, multiple=True, stopWhenBranches=None, running=False, compareFails=False, Pcrossover=0.2, stopWhenHitBranch=None, depth=100, showActions=False)
UNCAUGHT EXCEPTION
ERROR: (<type 'exceptions.OverflowError'>, OverflowError('date value out of range',), <traceback object at 0x10ab81f80>)
TRACEBACK:
  File "/Users/alex/tstl/examples/arrow/sut.py", line 405705, in safely
    act[2]()
  File "/Users/alex/tstl/examples/arrow/sut.py", line 31387, in act869
    self.p_time[5] = self.p_time[2].to(self.p_zone[4])
  File "/Library/Frameworks/Python.framework/Versions/2.7/lib/python2.7/site-packages/arrow/arrow.py", line 510, in to
    dt = self._datetime.astimezone(tz)
  File "/Library/Frameworks/Python.framework/Versions/2.7/lib/python2.7/site-packages/dateutil/tz/tz.py", line 667, in fromutc
    dt_out = dt + datetime.timedelta(seconds=tti.offset)
Original test has 68 steps

SAVING TEST AS failure.13980.test.0
FINAL VERSION OF TEST, WITH LOGGED REPLAY:
locale4 =  u'de_de'                                                      # STEP 0
ACTION: locale4 =  u'de_de' 
locale4 = None : <type 'NoneType'>
=> locale4 = u'de_de' : <type 'unicode'>
==================================================
locale2 =  u'ro'                                                         # STEP 1
ACTION: locale2 =  u'ro' 
locale2 = None : <type 'NoneType'>
=> locale2 = u'ro' : <type 'unicode'>
==================================================
zone0 = 'Etc/Greenwich'                                                  # STEP 2
ACTION: zone0 = 'Etc/Greenwich'  
zone0 = None : <type 'NoneType'>
=> zone0 = 'Etc/Greenwich' : <type 'str'>
==================================================
locale1 =  u'hu'                                                         # STEP 3
ACTION: locale1 =  u'hu' 
locale1 = None : <type 'NoneType'>
=> locale1 = u'hu' : <type 'unicode'>
==================================================
locale3 =  u'hi'                                                         # STEP 4
ACTION: locale3 =  u'hi' 
locale3 = None : <type 'NoneType'>
=> locale3 = u'hi' : <type 'unicode'>
==================================================
locale0 =  u'cs'                                                         # STEP 5
ACTION: locale0 =  u'cs' 
locale0 = None : <type 'NoneType'>
=> locale0 = u'cs' : <type 'unicode'>
==================================================
time6 = arrow.now()                                                      # STEP 6
ACTION: time6 = arrow.now() 
time6 = None : <type 'NoneType'>
=> time6 = <Arrow [2017-11-21T15:17:21.322694-08:00]> : <class 'arrow.arrow.Arrow'>
==================================================
val6 = 0                                                                 # STEP 7
ACTION: val6 = 0 
val6 = None : <type 'NoneType'>
=> val6 = 0 : <type 'int'>
==================================================
zone4 = 'US/Arizona'                                                     # STEP 8
ACTION: zone4 = 'US/Arizona'  
zone4 = None : <type 'NoneType'>
=> zone4 = 'US/Arizona' : <type 'str'>
==================================================
zone2 = 'Poland'                                                         # STEP 9
ACTION: zone2 = 'Poland'  
zone2 = None : <type 'NoneType'>
=> zone2 = 'Poland' : <type 'str'>
==================================================
time8 = time6.to(zone0)                                                 # STEP 10
ACTION: time8 = time6.to(zone0) 
zone0 = 'Etc/Greenwich' : <type 'str'>
time6 = <Arrow [2017-11-21T15:17:21.322694-08:00]> : <class 'arrow.arrow.Arrow'>
time8 = None : <type 'NoneType'>
=> time8 = <Arrow [2017-11-21T23:17:21.322694+00:00]> : <class 'arrow.arrow.Arrow'>
==================================================
time9 = time8.replace(minutes=val6)                                     # STEP 11
ACTION: time9 = time8.replace(minutes=val6) 
val6 = 0 : <type 'int'>
time8 = <Arrow [2017-11-21T23:17:21.322694+00:00]> : <class 'arrow.arrow.Arrow'>
time9 = None : <type 'NoneType'>
=> time9 = <Arrow [2017-11-21T23:17:21.322694+00:00]> : <class 'arrow.arrow.Arrow'>
==================================================
time2 = time8.replace(hours=val6)                                       # STEP 12
ACTION: time2 = time8.replace(hours=val6) 
val6 = 0 : <type 'int'>
time8 = <Arrow [2017-11-21T23:17:21.322694+00:00]> : <class 'arrow.arrow.Arrow'>
time2 = None : <type 'NoneType'>
=> time2 = <Arrow [2017-11-21T23:17:21.322694+00:00]> : <class 'arrow.arrow.Arrow'>
==================================================
time3 = time8.to(zone0)                                                 # STEP 13
ACTION: time3 = time8.to(zone0) 
zone0 = 'Etc/Greenwich' : <type 'str'>
time8 = <Arrow [2017-11-21T23:17:21.322694+00:00]> : <class 'arrow.arrow.Arrow'>
time3 = None : <type 'NoneType'>
=> time3 = <Arrow [2017-11-21T23:17:21.322694+00:00]> : <class 'arrow.arrow.Arrow'>
==================================================
time6 = arrow.get(val6)                                                 # STEP 14
ACTION: time6 = arrow.get(val6) 
val6 = 0 : <type 'int'>
time6 = <Arrow [2017-11-21T15:17:21.322694-08:00]> : <class 'arrow.arrow.Arrow'>
=> time6 = <Arrow [1970-01-01T00:00:00+00:00]> : <class 'arrow.arrow.Arrow'>
==================================================
time2.shift(years=val6)                                                 # STEP 15
ACTION: time2.shift(years=val6) 
val6 = 0 : <type 'int'>
time2 = <Arrow [2017-11-21T23:17:21.322694+00:00]> : <class 'arrow.arrow.Arrow'>
==================================================
time1 = time9.replace(tzinfo=zone4)                                     # STEP 16
ACTION: time1 = time9.replace(tzinfo=zone4) 
zone4 = 'US/Arizona' : <type 'str'>
time9 = <Arrow [2017-11-21T23:17:21.322694+00:00]> : <class 'arrow.arrow.Arrow'>
time1 = None : <type 'NoneType'>
=> time1 = <Arrow [2017-11-21T23:17:21.322694-07:00]> : <class 'arrow.arrow.Arrow'>
==================================================
time2 = arrow.now(zone0)                                                # STEP 17
ACTION: time2 = arrow.now(zone0) 
zone0 = 'Etc/Greenwich' : <type 'str'>
time2 = <Arrow [2017-11-21T23:17:21.322694+00:00]> : <class 'arrow.arrow.Arrow'>
=> time2 = <Arrow [2017-11-21T23:17:21.331236+00:00]> : <class 'arrow.arrow.Arrow'>
==================================================
time5 = time6.replace(seconds=val6)                                     # STEP 18
ACTION: time5 = time6.replace(seconds=val6) 
val6 = 0 : <type 'int'>
time6 = <Arrow [1970-01-01T00:00:00+00:00]> : <class 'arrow.arrow.Arrow'>
time5 = None : <type 'NoneType'>
=> time5 = <Arrow [1970-01-01T00:00:00+00:00]> : <class 'arrow.arrow.Arrow'>
==================================================
zone0 = 'Singapore'                                                     # STEP 19
ACTION: zone0 = 'Singapore'  
zone0 = 'Etc/Greenwich' : <type 'str'>
=> zone0 = 'Singapore' : <type 'str'>
==================================================
time9.humanize(locale=locale4)                                          # STEP 20
ACTION: time9.humanize(locale=locale4) 
locale4 = u'de_de' : <type 'unicode'>
time9 = <Arrow [2017-11-21T23:17:21.322694+00:00]> : <class 'arrow.arrow.Arrow'>
==================================================
time7 = time6.replace(hours=val6)                                       # STEP 21
ACTION: time7 = time6.replace(hours=val6) 
val6 = 0 : <type 'int'>
time6 = <Arrow [1970-01-01T00:00:00+00:00]> : <class 'arrow.arrow.Arrow'>
time7 = None : <type 'NoneType'>
=> time7 = <Arrow [1970-01-01T00:00:00+00:00]> : <class 'arrow.arrow.Arrow'>
==================================================
time9 = time6.replace(seconds=val6)                                     # STEP 22
ACTION: time9 = time6.replace(seconds=val6) 
val6 = 0 : <type 'int'>
time6 = <Arrow [1970-01-01T00:00:00+00:00]> : <class 'arrow.arrow.Arrow'>
time9 = <Arrow [2017-11-21T23:17:21.322694+00:00]> : <class 'arrow.arrow.Arrow'>
=> time9 = <Arrow [1970-01-01T00:00:00+00:00]> : <class 'arrow.arrow.Arrow'>
==================================================
time6.shift(weeks=val6)                                                 # STEP 23
ACTION: time6.shift(weeks=val6) 
val6 = 0 : <type 'int'>
time6 = <Arrow [1970-01-01T00:00:00+00:00]> : <class 'arrow.arrow.Arrow'>
==================================================
time6 = arrow.now(zone4)                                                # STEP 24
ACTION: time6 = arrow.now(zone4) 
zone4 = 'US/Arizona' : <type 'str'>
time6 = <Arrow [1970-01-01T00:00:00+00:00]> : <class 'arrow.arrow.Arrow'>
=> time6 = <Arrow [2017-11-21T16:17:21.337012-07:00]> : <class 'arrow.arrow.Arrow'>
==================================================
time0 = arrow.now(zone4)                                                # STEP 25
ACTION: time0 = arrow.now(zone4) 
zone4 = 'US/Arizona' : <type 'str'>
time0 = None : <type 'NoneType'>
=> time0 = <Arrow [2017-11-21T16:17:21.338176-07:00]> : <class 'arrow.arrow.Arrow'>
==================================================
time8 = time7.replace(minutes=val6)                                     # STEP 26
ACTION: time8 = time7.replace(minutes=val6) 
val6 = 0 : <type 'int'>
time7 = <Arrow [1970-01-01T00:00:00+00:00]> : <class 'arrow.arrow.Arrow'>
time8 = <Arrow [2017-11-21T23:17:21.322694+00:00]> : <class 'arrow.arrow.Arrow'>
=> time8 = <Arrow [1970-01-01T00:00:00+00:00]> : <class 'arrow.arrow.Arrow'>
==================================================
time6.format()                                                          # STEP 27
ACTION: time6.format() 
time6 = <Arrow [2017-11-21T16:17:21.337012-07:00]> : <class 'arrow.arrow.Arrow'>
==================================================
time6 = time9.replace(hours=val6)                                       # STEP 28
ACTION: time6 = time9.replace(hours=val6) 
val6 = 0 : <type 'int'>
time9 = <Arrow [1970-01-01T00:00:00+00:00]> : <class 'arrow.arrow.Arrow'>
time6 = <Arrow [2017-11-21T16:17:21.337012-07:00]> : <class 'arrow.arrow.Arrow'>
=> time6 = <Arrow [1970-01-01T00:00:00+00:00]> : <class 'arrow.arrow.Arrow'>
==================================================
time1.datetime                                                          # STEP 29
ACTION: time1.datetime 
time1 = <Arrow [2017-11-21T23:17:21.322694-07:00]> : <class 'arrow.arrow.Arrow'>
==================================================
time3.humanize(locale=locale3)                                          # STEP 30
ACTION: time3.humanize(locale=locale3) 
locale3 = u'hi' : <type 'unicode'>
time3 = <Arrow [2017-11-21T23:17:21.322694+00:00]> : <class 'arrow.arrow.Arrow'>
==================================================
time7 = arrow.now(zone0)                                                # STEP 31
ACTION: time7 = arrow.now(zone0) 
zone0 = 'Singapore' : <type 'str'>
time7 = <Arrow [1970-01-01T00:00:00+00:00]> : <class 'arrow.arrow.Arrow'>
=> time7 = <Arrow [2017-11-22T07:17:21.343632+08:00]> : <class 'arrow.arrow.Arrow'>
==================================================
time3 = time0.replace(tzinfo=zone4)                                     # STEP 32
ACTION: time3 = time0.replace(tzinfo=zone4) 
zone4 = 'US/Arizona' : <type 'str'>
time0 = <Arrow [2017-11-21T16:17:21.338176-07:00]> : <class 'arrow.arrow.Arrow'>
time3 = <Arrow [2017-11-21T23:17:21.322694+00:00]> : <class 'arrow.arrow.Arrow'>
=> time3 = <Arrow [2017-11-21T16:17:21.338176-07:00]> : <class 'arrow.arrow.Arrow'>
==================================================
time1 = arrow.now()                                                     # STEP 33
ACTION: time1 = arrow.now() 
time1 = <Arrow [2017-11-21T23:17:21.322694-07:00]> : <class 'arrow.arrow.Arrow'>
=> time1 = <Arrow [2017-11-21T15:17:21.345693-08:00]> : <class 'arrow.arrow.Arrow'>
==================================================
time1.humanize(locale=locale2)                                          # STEP 34
ACTION: time1.humanize(locale=locale2) 
locale2 = u'ro' : <type 'unicode'>
time1 = <Arrow [2017-11-21T15:17:21.345693-08:00]> : <class 'arrow.arrow.Arrow'>
==================================================
time0 = time2.replace(minutes=val6)                                     # STEP 35
ACTION: time0 = time2.replace(minutes=val6) 
val6 = 0 : <type 'int'>
time2 = <Arrow [2017-11-21T23:17:21.331236+00:00]> : <class 'arrow.arrow.Arrow'>
time0 = <Arrow [2017-11-21T16:17:21.338176-07:00]> : <class 'arrow.arrow.Arrow'>
=> time0 = <Arrow [2017-11-21T23:17:21.331236+00:00]> : <class 'arrow.arrow.Arrow'>
==================================================
locale3 =  u'fr'                                                        # STEP 36
ACTION: locale3 =  u'fr' 
locale3 = u'hi' : <type 'unicode'>
=> locale3 = u'fr' : <type 'unicode'>
==================================================
locale4 =  u'sv_se'                                                     # STEP 37
ACTION: locale4 =  u'sv_se' 
locale4 = u'de_de' : <type 'unicode'>
=> locale4 = u'sv_se' : <type 'unicode'>
==================================================
locale2 =  u'it'                                                        # STEP 38
ACTION: locale2 =  u'it' 
locale2 = u'ro' : <type 'unicode'>
=> locale2 = u'it' : <type 'unicode'>
==================================================
time1 = time0.replace(tzinfo=zone0)                                     # STEP 39
ACTION: time1 = time0.replace(tzinfo=zone0) 
zone0 = 'Singapore' : <type 'str'>
time0 = <Arrow [2017-11-21T23:17:21.331236+00:00]> : <class 'arrow.arrow.Arrow'>
time1 = <Arrow [2017-11-21T15:17:21.345693-08:00]> : <class 'arrow.arrow.Arrow'>
=> time1 = <Arrow [2017-11-21T23:17:21.331236+08:00]> : <class 'arrow.arrow.Arrow'>
==================================================
time4 = time0.replace(tzinfo=zone2)                                     # STEP 40
ACTION: time4 = time0.replace(tzinfo=zone2) 
zone2 = 'Poland' : <type 'str'>
time0 = <Arrow [2017-11-21T23:17:21.331236+00:00]> : <class 'arrow.arrow.Arrow'>
time4 = None : <type 'NoneType'>
=> time4 = <Arrow [2017-11-21T23:17:21.331236+01:00]> : <class 'arrow.arrow.Arrow'>
==================================================
zone4 = 'Australia/Brisbane'                                            # STEP 41
ACTION: zone4 = 'Australia/Brisbane'  
zone4 = 'US/Arizona' : <type 'str'>
=> zone4 = 'Australia/Brisbane' : <type 'str'>
==================================================
time2 = time6.replace(tzinfo=zone4)                                     # STEP 42
ACTION: time2 = time6.replace(tzinfo=zone4) 
zone4 = 'Australia/Brisbane' : <type 'str'>
time6 = <Arrow [1970-01-01T00:00:00+00:00]> : <class 'arrow.arrow.Arrow'>
time2 = <Arrow [2017-11-21T23:17:21.331236+00:00]> : <class 'arrow.arrow.Arrow'>
=> time2 = <Arrow [1970-01-01T00:00:00+10:00]> : <class 'arrow.arrow.Arrow'>
==================================================
zone2 = 'Singapore'                                                     # STEP 43
ACTION: zone2 = 'Singapore'  
zone2 = 'Poland' : <type 'str'>
=> zone2 = 'Singapore' : <type 'str'>
==================================================
time0 = time6.replace(hours=val6)                                       # STEP 44
ACTION: time0 = time6.replace(hours=val6) 
val6 = 0 : <type 'int'>
time6 = <Arrow [1970-01-01T00:00:00+00:00]> : <class 'arrow.arrow.Arrow'>
time0 = <Arrow [2017-11-21T23:17:21.331236+00:00]> : <class 'arrow.arrow.Arrow'>
=> time0 = <Arrow [1970-01-01T00:00:00+00:00]> : <class 'arrow.arrow.Arrow'>
==================================================
val6 += 1                                                               # STEP 45
ACTION: val6 += 1 
val6 = 0 : <type 'int'>
=> val6 = 1 : <type 'int'>
==================================================
time9 = time1.replace(minutes=val6)                                     # STEP 46
ACTION: time9 = time1.replace(minutes=val6) 
val6 = 1 : <type 'int'>
time1 = <Arrow [2017-11-21T23:17:21.331236+08:00]> : <class 'arrow.arrow.Arrow'>
time9 = <Arrow [1970-01-01T00:00:00+00:00]> : <class 'arrow.arrow.Arrow'>
=> time9 = <Arrow [2017-11-21T23:18:21.331236+08:00]> : <class 'arrow.arrow.Arrow'>
==================================================
time6.humanize(locale=locale3)                                          # STEP 47
ACTION: time6.humanize(locale=locale3) 
locale3 = u'fr' : <type 'unicode'>
time6 = <Arrow [1970-01-01T00:00:00+00:00]> : <class 'arrow.arrow.Arrow'>
==================================================
time1 = time2.to(zone4)                                                 # STEP 48
ACTION: time1 = time2.to(zone4) 
zone4 = 'Australia/Brisbane' : <type 'str'>
time2 = <Arrow [1970-01-01T00:00:00+10:00]> : <class 'arrow.arrow.Arrow'>
time1 = <Arrow [2017-11-21T23:17:21.331236+08:00]> : <class 'arrow.arrow.Arrow'>
=> time1 = <Arrow [1970-01-01T00:00:00+10:00]> : <class 'arrow.arrow.Arrow'>
==================================================
time2.shift(seconds=val6)                                               # STEP 49
ACTION: time2.shift(seconds=val6) 
val6 = 1 : <type 'int'>
time2 = <Arrow [1970-01-01T00:00:00+10:00]> : <class 'arrow.arrow.Arrow'>
==================================================
time8.shift(hours=val6)                                                 # STEP 50
ACTION: time8.shift(hours=val6) 
val6 = 1 : <type 'int'>
time8 = <Arrow [1970-01-01T00:00:00+00:00]> : <class 'arrow.arrow.Arrow'>
==================================================
time0.humanize(locale=locale0)                                          # STEP 51
ACTION: time0.humanize(locale=locale0) 
locale0 = u'cs' : <type 'unicode'>
time0 = <Arrow [1970-01-01T00:00:00+00:00]> : <class 'arrow.arrow.Arrow'>
==================================================
locale0 =  u'is'                                                        # STEP 52
ACTION: locale0 =  u'is' 
locale0 = u'cs' : <type 'unicode'>
=> locale0 = u'is' : <type 'unicode'>
==================================================
time6 = time8.replace(year=val6)                                        # STEP 53
ACTION: time6 = time8.replace(year=val6) 
val6 = 1 : <type 'int'>
time8 = <Arrow [1970-01-01T00:00:00+00:00]> : <class 'arrow.arrow.Arrow'>
time6 = <Arrow [1970-01-01T00:00:00+00:00]> : <class 'arrow.arrow.Arrow'>
=> time6 = <Arrow [0001-01-01T00:00:00+00:00]> : <class 'arrow.arrow.Arrow'>
==================================================
time0 = time9.replace(tzinfo=zone2)                                     # STEP 54
ACTION: time0 = time9.replace(tzinfo=zone2) 
zone2 = 'Singapore' : <type 'str'>
time9 = <Arrow [2017-11-21T23:18:21.331236+08:00]> : <class 'arrow.arrow.Arrow'>
time0 = <Arrow [1970-01-01T00:00:00+00:00]> : <class 'arrow.arrow.Arrow'>
=> time0 = <Arrow [2017-11-21T23:18:21.331236+08:00]> : <class 'arrow.arrow.Arrow'>
==================================================
time9 = time6.replace(tzinfo=zone0)                                     # STEP 55
ACTION: time9 = time6.replace(tzinfo=zone0) 
zone0 = 'Singapore' : <type 'str'>
time6 = <Arrow [0001-01-01T00:00:00+00:00]> : <class 'arrow.arrow.Arrow'>
time9 = <Arrow [2017-11-21T23:18:21.331236+08:00]> : <class 'arrow.arrow.Arrow'>
=> time9 = <Arrow [0001-01-01T00:00:00+06:55]> : <class 'arrow.arrow.Arrow'>
==================================================
time8 = time8.replace(year=val6)                                        # STEP 56
ACTION: time8 = time8.replace(year=val6) 
val6 = 1 : <type 'int'>
time8 = <Arrow [1970-01-01T00:00:00+00:00]> : <class 'arrow.arrow.Arrow'>
=> time8 = <Arrow [0001-01-01T00:00:00+00:00]> : <class 'arrow.arrow.Arrow'>
==================================================
time1.humanize(locale=locale3)                                          # STEP 57
ACTION: time1.humanize(locale=locale3) 
locale3 = u'fr' : <type 'unicode'>
time1 = <Arrow [1970-01-01T00:00:00+10:00]> : <class 'arrow.arrow.Arrow'>
==================================================
time1 = time9.replace(minutes=val6)                                     # STEP 58
ACTION: time1 = time9.replace(minutes=val6) 
val6 = 1 : <type 'int'>
time9 = <Arrow [0001-01-01T00:00:00+06:55]> : <class 'arrow.arrow.Arrow'>
time1 = <Arrow [1970-01-01T00:00:00+10:00]> : <class 'arrow.arrow.Arrow'>
=> time1 = <Arrow [0001-01-01T00:01:00+06:55]> : <class 'arrow.arrow.Arrow'>
==================================================
time9 = time2.replace(tzinfo=zone2)                                     # STEP 59
ACTION: time9 = time2.replace(tzinfo=zone2) 
zone2 = 'Singapore' : <type 'str'>
time2 = <Arrow [1970-01-01T00:00:00+10:00]> : <class 'arrow.arrow.Arrow'>
time9 = <Arrow [0001-01-01T00:00:00+06:55]> : <class 'arrow.arrow.Arrow'>
=> time9 = <Arrow [1970-01-01T00:00:00+07:30]> : <class 'arrow.arrow.Arrow'>
==================================================
val4 = 0                                                                # STEP 60
ACTION: val4 = 0 
val4 = None : <type 'NoneType'>
=> val4 = 0 : <type 'int'>
==================================================
time0.shift(hours=val6)                                                 # STEP 61
ACTION: time0.shift(hours=val6) 
val6 = 1 : <type 'int'>
time0 = <Arrow [2017-11-21T23:18:21.331236+08:00]> : <class 'arrow.arrow.Arrow'>
==================================================
zone4 = 'US/Arizona'                                                    # STEP 62
ACTION: zone4 = 'US/Arizona'  
zone4 = 'Australia/Brisbane' : <type 'str'>
=> zone4 = 'US/Arizona' : <type 'str'>
==================================================
time2 = time6.replace(hours=val4)                                       # STEP 63
ACTION: time2 = time6.replace(hours=val4) 
val4 = 0 : <type 'int'>
time6 = <Arrow [0001-01-01T00:00:00+00:00]> : <class 'arrow.arrow.Arrow'>
time2 = <Arrow [1970-01-01T00:00:00+10:00]> : <class 'arrow.arrow.Arrow'>
=> time2 = <Arrow [0001-01-01T00:00:00+00:00]> : <class 'arrow.arrow.Arrow'>
==================================================
locale3 =  u'ca_it'                                                     # STEP 64
ACTION: locale3 =  u'ca_it' 
locale3 = u'fr' : <type 'unicode'>
=> locale3 = u'ca_it' : <type 'unicode'>
==================================================
time6 = time6.replace(year=val6)                                        # STEP 65
ACTION: time6 = time6.replace(year=val6) 
val6 = 1 : <type 'int'>
time6 = <Arrow [0001-01-01T00:00:00+00:00]> : <class 'arrow.arrow.Arrow'>
==================================================
time5.shift(years=val6)                                                 # STEP 66
ACTION: time5.shift(years=val6) 
val6 = 1 : <type 'int'>
time5 = <Arrow [1970-01-01T00:00:00+00:00]> : <class 'arrow.arrow.Arrow'>
==================================================
time5 = time2.to(zone4)                                                 # STEP 67
ACTION: time5 = time2.to(zone4) 
zone4 = 'US/Arizona' : <type 'str'>
time2 = <Arrow [0001-01-01T00:00:00+00:00]> : <class 'arrow.arrow.Arrow'>
time5 = <Arrow [1970-01-01T00:00:00+00:00]> : <class 'arrow.arrow.Arrow'>
RAISED EXCEPTION: <type 'exceptions.OverflowError'> date value out of range
ERROR: (<type 'exceptions.OverflowError'>, OverflowError('date value out of range',), <traceback object at 0x10abbfc20>)
TRACEBACK:
  File "/Users/alex/tstl/examples/arrow/sut.py", line 405705, in safely
    act[2]()
  File "/Users/alex/tstl/examples/arrow/sut.py", line 31387, in act869
    self.p_time[5] = self.p_time[2].to(self.p_zone[4])
  File "/Library/Frameworks/Python.framework/Versions/2.7/lib/python2.7/site-packages/arrow/arrow.py", line 510, in to
    dt = self._datetime.astimezone(tz)
  File "/Library/Frameworks/Python.framework/Versions/2.7/lib/python2.7/site-packages/dateutil/tz/tz.py", line 667, in fromutc
    dt_out = dt + datetime.timedelta(seconds=tti.offset)
FAILURE IS NEW, STORING; NOW 1 DISTINCT FAILURES
TEST #150 STEP #15 (0:00:30.001317) Tue Nov 21 15:17:35 2017 [ 252 stmts 335 branches ] 14883 TOTAL ACTIONS (496.078225708/s)
STOPPING TEST DUE TO TIMEOUT, TERMINATED AT LENGTH 14
STOPPING TESTING DUE TO TIMEOUT
22.3933649289 PERCENT COVERED
60.2127587795 TOTAL RUNTIME
294 EXECUTED
29282 TOTAL TEST OPERATIONS
21.9505610466 TIME SPENT EXECUTING TEST OPERATIONS
37.5295584202 TIME SPENT EVALUATING GUARDS AND CHOOSING ACTIONS
0.0196924209595 TIME SPENT CHECKING PROPERTIES
21.9702534676 TOTAL TIME SPENT RUNNING SUT
0.20136141777 TIME SPENT RESTARTING
0.0 TIME SPENT REDUCING TEST CASES
1 FAILED
0 REPEATS OF FAILURES
1 ACTUAL DISTINCT FAILURES

FAILURE 0
locale4 =  u'de_de'                                                      # STEP 0
locale2 =  u'ro'                                                         # STEP 1
zone0 = 'Etc/Greenwich'                                                  # STEP 2
locale1 =  u'hu'                                                         # STEP 3
locale3 =  u'hi'                                                         # STEP 4
locale0 =  u'cs'                                                         # STEP 5
time6 = arrow.now()                                                      # STEP 6
val6 = 0                                                                 # STEP 7
zone4 = 'US/Arizona'                                                     # STEP 8
zone2 = 'Poland'                                                         # STEP 9
time8 = time6.to(zone0)                                                 # STEP 10
time9 = time8.replace(minutes=val6)                                     # STEP 11
time2 = time8.replace(hours=val6)                                       # STEP 12
time3 = time8.to(zone0)                                                 # STEP 13
time6 = arrow.get(val6)                                                 # STEP 14
time2.shift(years=val6)                                                 # STEP 15
time1 = time9.replace(tzinfo=zone4)                                     # STEP 16
time2 = arrow.now(zone0)                                                # STEP 17
time5 = time6.replace(seconds=val6)                                     # STEP 18
zone0 = 'Singapore'                                                     # STEP 19
time9.humanize(locale=locale4)                                          # STEP 20
time7 = time6.replace(hours=val6)                                       # STEP 21
time9 = time6.replace(seconds=val6)                                     # STEP 22
time6.shift(weeks=val6)                                                 # STEP 23
time6 = arrow.now(zone4)                                                # STEP 24
time0 = arrow.now(zone4)                                                # STEP 25
time8 = time7.replace(minutes=val6)                                     # STEP 26
time6.format()                                                          # STEP 27
time6 = time9.replace(hours=val6)                                       # STEP 28
time1.datetime                                                          # STEP 29
time3.humanize(locale=locale3)                                          # STEP 30
time7 = arrow.now(zone0)                                                # STEP 31
time3 = time0.replace(tzinfo=zone4)                                     # STEP 32
time1 = arrow.now()                                                     # STEP 33
time1.humanize(locale=locale2)                                          # STEP 34
time0 = time2.replace(minutes=val6)                                     # STEP 35
locale3 =  u'fr'                                                        # STEP 36
locale4 =  u'sv_se'                                                     # STEP 37
locale2 =  u'it'                                                        # STEP 38
time1 = time0.replace(tzinfo=zone0)                                     # STEP 39
time4 = time0.replace(tzinfo=zone2)                                     # STEP 40
zone4 = 'Australia/Brisbane'                                            # STEP 41
time2 = time6.replace(tzinfo=zone4)                                     # STEP 42
zone2 = 'Singapore'                                                     # STEP 43
time0 = time6.replace(hours=val6)                                       # STEP 44
val6 += 1                                                               # STEP 45
time9 = time1.replace(minutes=val6)                                     # STEP 46
time6.humanize(locale=locale3)                                          # STEP 47
time1 = time2.to(zone4)                                                 # STEP 48
time2.shift(seconds=val6)                                               # STEP 49
time8.shift(hours=val6)                                                 # STEP 50
time0.humanize(locale=locale0)                                          # STEP 51
locale0 =  u'is'                                                        # STEP 52
time6 = time8.replace(year=val6)                                        # STEP 53
time0 = time9.replace(tzinfo=zone2)                                     # STEP 54
time9 = time6.replace(tzinfo=zone0)                                     # STEP 55
time8 = time8.replace(year=val6)                                        # STEP 56
time1.humanize(locale=locale3)                                          # STEP 57
time1 = time9.replace(minutes=val6)                                     # STEP 58
time9 = time2.replace(tzinfo=zone2)                                     # STEP 59
val4 = 0                                                                # STEP 60
time0.shift(hours=val6)                                                 # STEP 61
zone4 = 'US/Arizona'                                                    # STEP 62
time2 = time6.replace(hours=val4)                                       # STEP 63
locale3 =  u'ca_it'                                                     # STEP 64
time6 = time6.replace(year=val6)                                        # STEP 65
time5.shift(years=val6)                                                 # STEP 66
time5 = time2.to(zone4)                                                 # STEP 67
ERROR: (<type 'exceptions.OverflowError'>, OverflowError('date value out of range',), <traceback object at 0x10abbfc20>)
TRACEBACK:
  File "/Users/alex/tstl/examples/arrow/sut.py", line 405705, in safely
    act[2]()
  File "/Users/alex/tstl/examples/arrow/sut.py", line 31387, in act869
    self.p_time[5] = self.p_time[2].to(self.p_zone[4])
  File "/Library/Frameworks/Python.framework/Versions/2.7/lib/python2.7/site-packages/arrow/arrow.py", line 510, in to
    dt = self._datetime.astimezone(tz)
  File "/Library/Frameworks/Python.framework/Versions/2.7/lib/python2.7/site-packages/dateutil/tz/tz.py", line 667, in fromutc
    dt_out = dt + datetime.timedelta(seconds=tti.offset)
344 BRANCHES COVERED
257 STATEMENTS COVERED
