Random testing using config=Config(noExceptionMatch=False, generalize=False, localize=False, speed='FAST', probs=None, LOCBaseline=0.2, noAlphaConvert=False, replayable=False, essentials=False, noCoverageExploit=False, quickTests=False, html=None, keepLast=False, stopWhenNoCoverage=None, generateLOC=None, computeFeatureStats=False, Pmutate=0.0, timeout=60, output='failure.15020.test', markov=None, noSwarmDependencies=False, startExploit=0.0, maxMustHitBranch=None, useHints=False, silentFail=False, highLowSwarm=None, maxMustHitStatement=None, progress=False, postCover=False, swarmLength=None, noCover=False, noEnumerateEnabled=False, full=True, swarmP=0.5, coverFile='coverage.out', markovP=1.0, swarmProbs=None, genDepth=None, exploitCeiling=0.1, logging=None, noCheck=False, throughput=False, uncaught=False, swarmSwitch=None, verbose=False, reducePool=False, exploit=None, fastQuickAnalysis=False, total=False, verboseExploit=False, swarm=True, sequenceP=1.0, biasLOC=None, timedProgress=30, relax=False, ddmin=False, stutter=None, readQuick=False, verboseActions=False, quickAnalysis=False, noReassign=False, sequenceSize=3, LOCProbs=False, sequencesFromTests=None, maxTests=-1, trackMaxCoverage=None, useQuickSequences=False, exploitBestHint=1, failedLogging=None, stopWhenStatements=None, greedyStutter=False, seed=None, stopWhenHitStatement=None, uniqueValuesAnalysis=False, normalize=False, startExploitStall=0, enumerateEnabled=False, internal=False, profile=False, multiple=True, stopWhenBranches=None, running=False, compareFails=False, Pcrossover=0.2, stopWhenHitBranch=None, depth=100, showActions=False)
TEST #223 STEP #45 (0:00:30.000609) Tue Nov 21 19:27:46 2017 [ 248 stmts 328 branches ] (no cov+ for 85 tests) 22245 TOTAL ACTIONS (741.484949807/s)
UNCAUGHT EXCEPTION
ERROR: (<type 'exceptions.OverflowError'>, OverflowError('date value out of range',), <traceback object at 0x10a45b128>)
TRACEBACK:
  File "/Users/alex/tstl/examples/arrow/sut.py", line 405705, in safely
    act[2]()
  File "/Users/alex/tstl/examples/arrow/sut.py", line 36249, in act976
    self.p_time[7] = self.p_time[4].to(self.p_zone[1])
  File "/Library/Frameworks/Python.framework/Versions/2.7/lib/python2.7/site-packages/arrow/arrow.py", line 510, in to
    dt = self._datetime.astimezone(tz)
Original test has 60 steps

SAVING TEST AS failure.15020.test.0
FINAL VERSION OF TEST, WITH LOGGED REPLAY:
locale1 =  u'zh_tw'                                                      # STEP 0
ACTION: locale1 =  u'zh_tw' 
locale1 = None : <type 'NoneType'>
=> locale1 = u'zh_tw' : <type 'unicode'>
==================================================
locale3 =  u'nn'                                                         # STEP 1
ACTION: locale3 =  u'nn' 
locale3 = None : <type 'NoneType'>
=> locale3 = u'nn' : <type 'unicode'>
==================================================
locale0 =  u'el'                                                         # STEP 2
ACTION: locale0 =  u'el' 
locale0 = None : <type 'NoneType'>
=> locale0 = u'el' : <type 'unicode'>
==================================================
locale2 =  u'en_jp'                                                      # STEP 3
ACTION: locale2 =  u'en_jp' 
locale2 = None : <type 'NoneType'>
=> locale2 = u'en_jp' : <type 'unicode'>
==================================================
locale4 =  u'ml'                                                         # STEP 4
ACTION: locale4 =  u'ml' 
locale4 = None : <type 'NoneType'>
=> locale4 = u'ml' : <type 'unicode'>
==================================================
val6 = 0                                                                 # STEP 5
ACTION: val6 = 0 
val6 = None : <type 'NoneType'>
=> val6 = 0 : <type 'int'>
==================================================
zone4 = 'US/Mountain'                                                    # STEP 6
ACTION: zone4 = 'US/Mountain'  
zone4 = None : <type 'NoneType'>
=> zone4 = 'US/Mountain' : <type 'str'>
==================================================
val0 = 0                                                                 # STEP 7
ACTION: val0 = 0 
val0 = None : <type 'NoneType'>
=> val0 = 0 : <type 'int'>
==================================================
time7 = arrow.now()                                                      # STEP 8
ACTION: time7 = arrow.now() 
time7 = None : <type 'NoneType'>
=> time7 = <Arrow [2017-11-21T19:27:52.777176-08:00]> : <class 'arrow.arrow.Arrow'>
==================================================
zone0 = 'US/Eastern'                                                     # STEP 9
ACTION: zone0 = 'US/Eastern'  
zone0 = None : <type 'NoneType'>
=> zone0 = 'US/Eastern' : <type 'str'>
==================================================
zone1 = 'Poland'                                                        # STEP 10
ACTION: zone1 = 'Poland'  
zone1 = None : <type 'NoneType'>
=> zone1 = 'Poland' : <type 'str'>
==================================================
time1 = arrow.get(val6)                                                 # STEP 11
ACTION: time1 = arrow.get(val6) 
val6 = 0 : <type 'int'>
time1 = None : <type 'NoneType'>
=> time1 = <Arrow [1970-01-01T00:00:00+00:00]> : <class 'arrow.arrow.Arrow'>
==================================================
time7.shift(months=val6)                                                # STEP 12
ACTION: time7.shift(months=val6) 
val6 = 0 : <type 'int'>
time7 = <Arrow [2017-11-21T19:27:52.777176-08:00]> : <class 'arrow.arrow.Arrow'>
==================================================
time3 = time1.to(zone1)                                                 # STEP 13
ACTION: time3 = time1.to(zone1) 
zone1 = 'Poland' : <type 'str'>
time1 = <Arrow [1970-01-01T00:00:00+00:00]> : <class 'arrow.arrow.Arrow'>
time3 = None : <type 'NoneType'>
=> time3 = <Arrow [1970-01-01T01:00:00+01:00]> : <class 'arrow.arrow.Arrow'>
==================================================
time0 = arrow.get(val0)                                                 # STEP 14
ACTION: time0 = arrow.get(val0) 
val0 = 0 : <type 'int'>
time0 = None : <type 'NoneType'>
=> time0 = <Arrow [1970-01-01T00:00:00+00:00]> : <class 'arrow.arrow.Arrow'>
==================================================
val5 = 0                                                                # STEP 15
ACTION: val5 = 0 
val5 = None : <type 'NoneType'>
=> val5 = 0 : <type 'int'>
==================================================
time1.shift(months=val6)                                                # STEP 16
ACTION: time1.shift(months=val6) 
val6 = 0 : <type 'int'>
time1 = <Arrow [1970-01-01T00:00:00+00:00]> : <class 'arrow.arrow.Arrow'>
==================================================
time9 = time1.to(zone1)                                                 # STEP 17
ACTION: time9 = time1.to(zone1) 
zone1 = 'Poland' : <type 'str'>
time1 = <Arrow [1970-01-01T00:00:00+00:00]> : <class 'arrow.arrow.Arrow'>
time9 = None : <type 'NoneType'>
=> time9 = <Arrow [1970-01-01T01:00:00+01:00]> : <class 'arrow.arrow.Arrow'>
==================================================
time1 = time1.to(zone1)                                                 # STEP 18
ACTION: time1 = time1.to(zone1) 
zone1 = 'Poland' : <type 'str'>
time1 = <Arrow [1970-01-01T00:00:00+00:00]> : <class 'arrow.arrow.Arrow'>
=> time1 = <Arrow [1970-01-01T01:00:00+01:00]> : <class 'arrow.arrow.Arrow'>
==================================================
time8 = time7.to(zone4)                                                 # STEP 19
ACTION: time8 = time7.to(zone4) 
zone4 = 'US/Mountain' : <type 'str'>
time7 = <Arrow [2017-11-21T19:27:52.777176-08:00]> : <class 'arrow.arrow.Arrow'>
time8 = None : <type 'NoneType'>
=> time8 = <Arrow [2017-11-21T20:27:52.777176-07:00]> : <class 'arrow.arrow.Arrow'>
==================================================
time7 = time3.to(zone0)                                                 # STEP 20
ACTION: time7 = time3.to(zone0) 
zone0 = 'US/Eastern' : <type 'str'>
time3 = <Arrow [1970-01-01T01:00:00+01:00]> : <class 'arrow.arrow.Arrow'>
time7 = <Arrow [2017-11-21T19:27:52.777176-08:00]> : <class 'arrow.arrow.Arrow'>
=> time7 = <Arrow [1969-12-31T19:00:00-05:00]> : <class 'arrow.arrow.Arrow'>
==================================================
zone4 = 'Africa/Cairo'                                                  # STEP 21
ACTION: zone4 = 'Africa/Cairo'  
zone4 = 'US/Mountain' : <type 'str'>
=> zone4 = 'Africa/Cairo' : <type 'str'>
==================================================
time0.shift(years=val6)                                                 # STEP 22
ACTION: time0.shift(years=val6) 
val6 = 0 : <type 'int'>
time0 = <Arrow [1970-01-01T00:00:00+00:00]> : <class 'arrow.arrow.Arrow'>
==================================================
time1.shift(years=val0)                                                 # STEP 23
ACTION: time1.shift(years=val0) 
val0 = 0 : <type 'int'>
time1 = <Arrow [1970-01-01T01:00:00+01:00]> : <class 'arrow.arrow.Arrow'>
==================================================
time2 = time1.to(zone1)                                                 # STEP 24
ACTION: time2 = time1.to(zone1) 
zone1 = 'Poland' : <type 'str'>
time1 = <Arrow [1970-01-01T01:00:00+01:00]> : <class 'arrow.arrow.Arrow'>
time2 = None : <type 'NoneType'>
=> time2 = <Arrow [1970-01-01T01:00:00+01:00]> : <class 'arrow.arrow.Arrow'>
==================================================
time1.humanize(locale=locale2)                                          # STEP 25
ACTION: time1.humanize(locale=locale2) 
locale2 = u'en_jp' : <type 'unicode'>
time1 = <Arrow [1970-01-01T01:00:00+01:00]> : <class 'arrow.arrow.Arrow'>
==================================================
time4 = time8.to(zone0)                                                 # STEP 26
ACTION: time4 = time8.to(zone0) 
zone0 = 'US/Eastern' : <type 'str'>
time8 = <Arrow [2017-11-21T20:27:52.777176-07:00]> : <class 'arrow.arrow.Arrow'>
time4 = None : <type 'NoneType'>
=> time4 = <Arrow [2017-11-21T22:27:52.777176-05:00]> : <class 'arrow.arrow.Arrow'>
==================================================
time8 = time1.to(zone0)                                                 # STEP 27
ACTION: time8 = time1.to(zone0) 
zone0 = 'US/Eastern' : <type 'str'>
time1 = <Arrow [1970-01-01T01:00:00+01:00]> : <class 'arrow.arrow.Arrow'>
time8 = <Arrow [2017-11-21T20:27:52.777176-07:00]> : <class 'arrow.arrow.Arrow'>
=> time8 = <Arrow [1969-12-31T19:00:00-05:00]> : <class 'arrow.arrow.Arrow'>
==================================================
time5 = time1.to(zone1)                                                 # STEP 28
ACTION: time5 = time1.to(zone1) 
zone1 = 'Poland' : <type 'str'>
time1 = <Arrow [1970-01-01T01:00:00+01:00]> : <class 'arrow.arrow.Arrow'>
time5 = None : <type 'NoneType'>
=> time5 = <Arrow [1970-01-01T01:00:00+01:00]> : <class 'arrow.arrow.Arrow'>
==================================================
zone1 = 'Australia/Brisbane'                                            # STEP 29
ACTION: zone1 = 'Australia/Brisbane'  
zone1 = 'Poland' : <type 'str'>
=> zone1 = 'Australia/Brisbane' : <type 'str'>
==================================================
time0.humanize(locale=locale2)                                          # STEP 30
ACTION: time0.humanize(locale=locale2) 
locale2 = u'en_jp' : <type 'unicode'>
time0 = <Arrow [1970-01-01T00:00:00+00:00]> : <class 'arrow.arrow.Arrow'>
==================================================
time7.humanize(locale=locale2)                                          # STEP 31
ACTION: time7.humanize(locale=locale2) 
locale2 = u'en_jp' : <type 'unicode'>
time7 = <Arrow [1969-12-31T19:00:00-05:00]> : <class 'arrow.arrow.Arrow'>
==================================================
time5.shift(months=val6)                                                # STEP 32
ACTION: time5.shift(months=val6) 
val6 = 0 : <type 'int'>
time5 = <Arrow [1970-01-01T01:00:00+01:00]> : <class 'arrow.arrow.Arrow'>
==================================================
time2.humanize(locale=locale1)                                          # STEP 33
ACTION: time2.humanize(locale=locale1) 
locale1 = u'zh_tw' : <type 'unicode'>
time2 = <Arrow [1970-01-01T01:00:00+01:00]> : <class 'arrow.arrow.Arrow'>
==================================================
time1 = time2.to(zone0)                                                 # STEP 34
ACTION: time1 = time2.to(zone0) 
zone0 = 'US/Eastern' : <type 'str'>
time2 = <Arrow [1970-01-01T01:00:00+01:00]> : <class 'arrow.arrow.Arrow'>
time1 = <Arrow [1970-01-01T01:00:00+01:00]> : <class 'arrow.arrow.Arrow'>
=> time1 = <Arrow [1969-12-31T19:00:00-05:00]> : <class 'arrow.arrow.Arrow'>
==================================================
locale1 =  u'be'                                                        # STEP 35
ACTION: locale1 =  u'be' 
locale1 = u'zh_tw' : <type 'unicode'>
=> locale1 = u'be' : <type 'unicode'>
==================================================
zone3 = 'US/Eastern'                                                    # STEP 36
ACTION: zone3 = 'US/Eastern'  
zone3 = None : <type 'NoneType'>
=> zone3 = 'US/Eastern' : <type 'str'>
==================================================
locale2 =  u'nb_no'                                                     # STEP 37
ACTION: locale2 =  u'nb_no' 
locale2 = u'en_jp' : <type 'unicode'>
=> locale2 = u'nb_no' : <type 'unicode'>
==================================================
val5 += 1                                                               # STEP 38
ACTION: val5 += 1 
val5 = 0 : <type 'int'>
=> val5 = 1 : <type 'int'>
==================================================
time7 = time7.replace(year=val5)                                        # STEP 39
ACTION: time7 = time7.replace(year=val5) 
val5 = 1 : <type 'int'>
time7 = <Arrow [1969-12-31T19:00:00-05:00]> : <class 'arrow.arrow.Arrow'>
=> time7 = <Arrow [0001-12-31T19:00:00-05:00]> : <class 'arrow.arrow.Arrow'>
==================================================
val3 = 0                                                                # STEP 40
ACTION: val3 = 0 
val3 = None : <type 'NoneType'>
=> val3 = 0 : <type 'int'>
==================================================
time2 = time2.to(zone1)                                                 # STEP 41
ACTION: time2 = time2.to(zone1) 
zone1 = 'Australia/Brisbane' : <type 'str'>
time2 = <Arrow [1970-01-01T01:00:00+01:00]> : <class 'arrow.arrow.Arrow'>
=> time2 = <Arrow [1970-01-01T10:00:00+10:00]> : <class 'arrow.arrow.Arrow'>
==================================================
time4.shift(years=val6)                                                 # STEP 42
ACTION: time4.shift(years=val6) 
val6 = 0 : <type 'int'>
time4 = <Arrow [2017-11-21T22:27:52.777176-05:00]> : <class 'arrow.arrow.Arrow'>
==================================================
time7.shift(years=val6)                                                 # STEP 43
ACTION: time7.shift(years=val6) 
val6 = 0 : <type 'int'>
time7 = <Arrow [0001-12-31T19:00:00-05:00]> : <class 'arrow.arrow.Arrow'>
==================================================
time2.shift(hours=val6)                                                 # STEP 44
ACTION: time2.shift(hours=val6) 
val6 = 0 : <type 'int'>
time2 = <Arrow [1970-01-01T10:00:00+10:00]> : <class 'arrow.arrow.Arrow'>
==================================================
time0 = time0.to(zone0)                                                 # STEP 45
ACTION: time0 = time0.to(zone0) 
zone0 = 'US/Eastern' : <type 'str'>
time0 = <Arrow [1970-01-01T00:00:00+00:00]> : <class 'arrow.arrow.Arrow'>
=> time0 = <Arrow [1969-12-31T19:00:00-05:00]> : <class 'arrow.arrow.Arrow'>
==================================================
time5 = time9.replace(year=val5)                                        # STEP 46
ACTION: time5 = time9.replace(year=val5) 
val5 = 1 : <type 'int'>
time9 = <Arrow [1970-01-01T01:00:00+01:00]> : <class 'arrow.arrow.Arrow'>
time5 = <Arrow [1970-01-01T01:00:00+01:00]> : <class 'arrow.arrow.Arrow'>
=> time5 = <Arrow [0001-01-01T01:00:00+01:24]> : <class 'arrow.arrow.Arrow'>
==================================================
time9.humanize(locale=locale1)                                          # STEP 47
ACTION: time9.humanize(locale=locale1) 
locale1 = u'be' : <type 'unicode'>
time9 = <Arrow [1970-01-01T01:00:00+01:00]> : <class 'arrow.arrow.Arrow'>
==================================================
time4.shift(seconds=val6)                                               # STEP 48
ACTION: time4.shift(seconds=val6) 
val6 = 0 : <type 'int'>
time4 = <Arrow [2017-11-21T22:27:52.777176-05:00]> : <class 'arrow.arrow.Arrow'>
==================================================
time5.shift(seconds=val5)                                               # STEP 49
ACTION: time5.shift(seconds=val5) 
val5 = 1 : <type 'int'>
time5 = <Arrow [0001-01-01T01:00:00+01:24]> : <class 'arrow.arrow.Arrow'>
==================================================
time5 = time7.replace(month=val5)                                       # STEP 50
ACTION: time5 = time7.replace(month=val5) 
val5 = 1 : <type 'int'>
time7 = <Arrow [0001-12-31T19:00:00-05:00]> : <class 'arrow.arrow.Arrow'>
time5 = <Arrow [0001-01-01T01:00:00+01:24]> : <class 'arrow.arrow.Arrow'>
=> time5 = <Arrow [0001-01-31T19:00:00-05:00]> : <class 'arrow.arrow.Arrow'>
==================================================
time4 = time4.to(zone1)                                                 # STEP 51
ACTION: time4 = time4.to(zone1) 
zone1 = 'Australia/Brisbane' : <type 'str'>
time4 = <Arrow [2017-11-21T22:27:52.777176-05:00]> : <class 'arrow.arrow.Arrow'>
=> time4 = <Arrow [2017-11-22T13:27:52.777176+10:00]> : <class 'arrow.arrow.Arrow'>
==================================================
time4.shift(months=val3)                                                # STEP 52
ACTION: time4.shift(months=val3) 
val3 = 0 : <type 'int'>
time4 = <Arrow [2017-11-22T13:27:52.777176+10:00]> : <class 'arrow.arrow.Arrow'>
==================================================
time9 = time0.replace(month=val5)                                       # STEP 53
ACTION: time9 = time0.replace(month=val5) 
val5 = 1 : <type 'int'>
time0 = <Arrow [1969-12-31T19:00:00-05:00]> : <class 'arrow.arrow.Arrow'>
time9 = <Arrow [1970-01-01T01:00:00+01:00]> : <class 'arrow.arrow.Arrow'>
=> time9 = <Arrow [1969-01-31T19:00:00-05:00]> : <class 'arrow.arrow.Arrow'>
==================================================
time4 = time3.replace(year=val5)                                        # STEP 54
ACTION: time4 = time3.replace(year=val5) 
val5 = 1 : <type 'int'>
time3 = <Arrow [1970-01-01T01:00:00+01:00]> : <class 'arrow.arrow.Arrow'>
time4 = <Arrow [2017-11-22T13:27:52.777176+10:00]> : <class 'arrow.arrow.Arrow'>
=> time4 = <Arrow [0001-01-01T01:00:00+01:24]> : <class 'arrow.arrow.Arrow'>
==================================================
time7.humanize(locale=locale1)                                          # STEP 55
ACTION: time7.humanize(locale=locale1) 
locale1 = u'be' : <type 'unicode'>
time7 = <Arrow [0001-12-31T19:00:00-05:00]> : <class 'arrow.arrow.Arrow'>
==================================================
locale1 =  u'ar'                                                        # STEP 56
ACTION: locale1 =  u'ar' 
locale1 = u'be' : <type 'unicode'>
=> locale1 = u'ar' : <type 'unicode'>
==================================================
time3 = time5.replace(month=val5)                                       # STEP 57
ACTION: time3 = time5.replace(month=val5) 
val5 = 1 : <type 'int'>
time5 = <Arrow [0001-01-31T19:00:00-05:00]> : <class 'arrow.arrow.Arrow'>
time3 = <Arrow [1970-01-01T01:00:00+01:00]> : <class 'arrow.arrow.Arrow'>
=> time3 = <Arrow [0001-01-31T19:00:00-05:00]> : <class 'arrow.arrow.Arrow'>
==================================================
time8.shift(seconds=val6)                                               # STEP 58
ACTION: time8.shift(seconds=val6) 
val6 = 0 : <type 'int'>
time8 = <Arrow [1969-12-31T19:00:00-05:00]> : <class 'arrow.arrow.Arrow'>
==================================================
time7 = time4.to(zone1)                                                 # STEP 59
ACTION: time7 = time4.to(zone1) 
zone1 = 'Australia/Brisbane' : <type 'str'>
time4 = <Arrow [0001-01-01T01:00:00+01:24]> : <class 'arrow.arrow.Arrow'>
time7 = <Arrow [0001-12-31T19:00:00-05:00]> : <class 'arrow.arrow.Arrow'>
RAISED EXCEPTION: <type 'exceptions.OverflowError'> date value out of range
ERROR: (<type 'exceptions.OverflowError'>, OverflowError('date value out of range',), <traceback object at 0x10a460a28>)
TRACEBACK:
  File "/Users/alex/tstl/examples/arrow/sut.py", line 405705, in safely
    act[2]()
  File "/Users/alex/tstl/examples/arrow/sut.py", line 36249, in act976
    self.p_time[7] = self.p_time[4].to(self.p_zone[1])
  File "/Library/Frameworks/Python.framework/Versions/2.7/lib/python2.7/site-packages/arrow/arrow.py", line 510, in to
    dt = self._datetime.astimezone(tz)
FAILURE IS NEW, STORING; NOW 1 DISTINCT FAILURES
UNCAUGHT EXCEPTION
ERROR: (<type 'exceptions.ValueError'>, ValueError('year is out of range',), <traceback object at 0x10a47aef0>)
TRACEBACK:
  File "/Users/alex/tstl/examples/arrow/sut.py", line 405705, in safely
    act[2]()
  File "/Users/alex/tstl/examples/arrow/sut.py", line 303875, in act6761
    self.p_time[0].shift(years=self.p_val[6])
  File "/Library/Frameworks/Python.framework/Versions/2.7/lib/python2.7/site-packages/arrow/arrow.py", line 467, in shift
    current = self._datetime + relativedelta(**relative_kwargs)
  File "/Library/Frameworks/Python.framework/Versions/2.7/lib/python2.7/site-packages/dateutil/relativedelta.py", line 391, in __radd__
    return self.__add__(other)
  File "/Library/Frameworks/Python.framework/Versions/2.7/lib/python2.7/site-packages/dateutil/relativedelta.py", line 363, in __add__
    day = min(calendar.monthrange(year, month)[1],
  File "/Library/Frameworks/Python.framework/Versions/2.7/lib/python2.7/calendar.py", line 121, in monthrange
    day1 = weekday(year, month, 1)
  File "/Library/Frameworks/Python.framework/Versions/2.7/lib/python2.7/calendar.py", line 113, in weekday
    return datetime.date(year, month, day).weekday()
Original test has 85 steps

SAVING TEST AS failure.15020.test.1
FINAL VERSION OF TEST, WITH LOGGED REPLAY:
locale4 =  u'nn'                                                         # STEP 0
ACTION: locale4 =  u'nn' 
locale4 = None : <type 'NoneType'>
=> locale4 = u'nn' : <type 'unicode'>
==================================================
locale0 =  u'eo_xx'                                                      # STEP 1
ACTION: locale0 =  u'eo_xx' 
locale0 = None : <type 'NoneType'>
=> locale0 = u'eo_xx' : <type 'unicode'>
==================================================
locale2 =  u'en'                                                         # STEP 2
ACTION: locale2 =  u'en' 
locale2 = None : <type 'NoneType'>
=> locale2 = u'en' : <type 'unicode'>
==================================================
locale1 =  u'en_au'                                                      # STEP 3
ACTION: locale1 =  u'en_au' 
locale1 = None : <type 'NoneType'>
=> locale1 = u'en_au' : <type 'unicode'>
==================================================
val6 = 0                                                                 # STEP 4
ACTION: val6 = 0 
val6 = None : <type 'NoneType'>
=> val6 = 0 : <type 'int'>
==================================================
val3 = 0                                                                 # STEP 5
ACTION: val3 = 0 
val3 = None : <type 'NoneType'>
=> val3 = 0 : <type 'int'>
==================================================
locale3 =  u'rm'                                                         # STEP 6
ACTION: locale3 =  u'rm' 
locale3 = None : <type 'NoneType'>
=> locale3 = u'rm' : <type 'unicode'>
==================================================
zone3 = 'Europe/Rome'                                                    # STEP 7
ACTION: zone3 = 'Europe/Rome'  
zone3 = None : <type 'NoneType'>
=> zone3 = 'Europe/Rome' : <type 'str'>
==================================================
time1 = arrow.now(zone3)                                                 # STEP 8
ACTION: time1 = arrow.now(zone3) 
zone3 = 'Europe/Rome' : <type 'str'>
time1 = None : <type 'NoneType'>
=> time1 = <Arrow [2017-11-22T04:27:54.958465+01:00]> : <class 'arrow.arrow.Arrow'>
==================================================
time6 = time1.replace(tzinfo=zone3)                                      # STEP 9
ACTION: time6 = time1.replace(tzinfo=zone3) 
zone3 = 'Europe/Rome' : <type 'str'>
time1 = <Arrow [2017-11-22T04:27:54.958465+01:00]> : <class 'arrow.arrow.Arrow'>
time6 = None : <type 'NoneType'>
=> time6 = <Arrow [2017-11-22T04:27:54.958465+01:00]> : <class 'arrow.arrow.Arrow'>
==================================================
time1 = time1.replace(tzinfo=zone3)                                     # STEP 10
ACTION: time1 = time1.replace(tzinfo=zone3) 
zone3 = 'Europe/Rome' : <type 'str'>
time1 = <Arrow [2017-11-22T04:27:54.958465+01:00]> : <class 'arrow.arrow.Arrow'>
==================================================
time2 = time1.replace(minutes=val3)                                     # STEP 11
ACTION: time2 = time1.replace(minutes=val3) 
val3 = 0 : <type 'int'>
time1 = <Arrow [2017-11-22T04:27:54.958465+01:00]> : <class 'arrow.arrow.Arrow'>
time2 = None : <type 'NoneType'>
=> time2 = <Arrow [2017-11-22T04:27:54.958465+01:00]> : <class 'arrow.arrow.Arrow'>
==================================================
time1.shift(hours=val6)                                                 # STEP 12
ACTION: time1.shift(hours=val6) 
val6 = 0 : <type 'int'>
time1 = <Arrow [2017-11-22T04:27:54.958465+01:00]> : <class 'arrow.arrow.Arrow'>
==================================================
time2.shift(hours=val3)                                                 # STEP 13
ACTION: time2.shift(hours=val3) 
val3 = 0 : <type 'int'>
time2 = <Arrow [2017-11-22T04:27:54.958465+01:00]> : <class 'arrow.arrow.Arrow'>
==================================================
time4 = time1.replace(tzinfo=zone3)                                     # STEP 14
ACTION: time4 = time1.replace(tzinfo=zone3) 
zone3 = 'Europe/Rome' : <type 'str'>
time1 = <Arrow [2017-11-22T04:27:54.958465+01:00]> : <class 'arrow.arrow.Arrow'>
time4 = None : <type 'NoneType'>
=> time4 = <Arrow [2017-11-22T04:27:54.958465+01:00]> : <class 'arrow.arrow.Arrow'>
==================================================
time6.shift(months=val6)                                                # STEP 15
ACTION: time6.shift(months=val6) 
val6 = 0 : <type 'int'>
time6 = <Arrow [2017-11-22T04:27:54.958465+01:00]> : <class 'arrow.arrow.Arrow'>
==================================================
time7 = arrow.get(val3)                                                 # STEP 16
ACTION: time7 = arrow.get(val3) 
val3 = 0 : <type 'int'>
time7 = None : <type 'NoneType'>
=> time7 = <Arrow [1970-01-01T00:00:00+00:00]> : <class 'arrow.arrow.Arrow'>
==================================================
time1.shift(weeks=val6)                                                 # STEP 17
ACTION: time1.shift(weeks=val6) 
val6 = 0 : <type 'int'>
time1 = <Arrow [2017-11-22T04:27:54.958465+01:00]> : <class 'arrow.arrow.Arrow'>
==================================================
time0 = time6.replace(minutes=val3)                                     # STEP 18
ACTION: time0 = time6.replace(minutes=val3) 
val3 = 0 : <type 'int'>
time6 = <Arrow [2017-11-22T04:27:54.958465+01:00]> : <class 'arrow.arrow.Arrow'>
time0 = None : <type 'NoneType'>
=> time0 = <Arrow [2017-11-22T04:27:54.958465+01:00]> : <class 'arrow.arrow.Arrow'>
==================================================
zone1 = 'Europe/Rome'                                                   # STEP 19
ACTION: zone1 = 'Europe/Rome'  
zone1 = None : <type 'NoneType'>
=> zone1 = 'Europe/Rome' : <type 'str'>
==================================================
time6 = time7.replace(tzinfo=zone3)                                     # STEP 20
ACTION: time6 = time7.replace(tzinfo=zone3) 
zone3 = 'Europe/Rome' : <type 'str'>
time7 = <Arrow [1970-01-01T00:00:00+00:00]> : <class 'arrow.arrow.Arrow'>
time6 = <Arrow [2017-11-22T04:27:54.958465+01:00]> : <class 'arrow.arrow.Arrow'>
=> time6 = <Arrow [1970-01-01T00:00:00+01:00]> : <class 'arrow.arrow.Arrow'>
==================================================
time6.humanize(locale=locale2)                                          # STEP 21
ACTION: time6.humanize(locale=locale2) 
locale2 = u'en' : <type 'unicode'>
time6 = <Arrow [1970-01-01T00:00:00+01:00]> : <class 'arrow.arrow.Arrow'>
==================================================
time6 = arrow.now(zone3)                                                # STEP 22
ACTION: time6 = arrow.now(zone3) 
zone3 = 'Europe/Rome' : <type 'str'>
time6 = <Arrow [1970-01-01T00:00:00+01:00]> : <class 'arrow.arrow.Arrow'>
=> time6 = <Arrow [2017-11-22T04:27:54.970354+01:00]> : <class 'arrow.arrow.Arrow'>
==================================================
time7 = time4.replace(tzinfo=zone1)                                     # STEP 23
ACTION: time7 = time4.replace(tzinfo=zone1) 
zone1 = 'Europe/Rome' : <type 'str'>
time4 = <Arrow [2017-11-22T04:27:54.958465+01:00]> : <class 'arrow.arrow.Arrow'>
time7 = <Arrow [1970-01-01T00:00:00+00:00]> : <class 'arrow.arrow.Arrow'>
=> time7 = <Arrow [2017-11-22T04:27:54.958465+01:00]> : <class 'arrow.arrow.Arrow'>
==================================================
val6 -= 1                                                               # STEP 24
ACTION: val6 -= 1 
val6 = 0 : <type 'int'>
=> val6 = -1 : <type 'int'>
==================================================
time8 = time4.replace(minutes=val6)                                     # STEP 25
ACTION: time8 = time4.replace(minutes=val6) 
val6 = -1 : <type 'int'>
time4 = <Arrow [2017-11-22T04:27:54.958465+01:00]> : <class 'arrow.arrow.Arrow'>
time8 = None : <type 'NoneType'>
=> time8 = <Arrow [2017-11-22T04:26:54.958465+01:00]> : <class 'arrow.arrow.Arrow'>
==================================================
zone1 = 'Poland'                                                        # STEP 26
ACTION: zone1 = 'Poland'  
zone1 = 'Europe/Rome' : <type 'str'>
=> zone1 = 'Poland' : <type 'str'>
==================================================
locale2 =  u'de_de'                                                     # STEP 27
ACTION: locale2 =  u'de_de' 
locale2 = u'en' : <type 'unicode'>
=> locale2 = u'de_de' : <type 'unicode'>
==================================================
time6.humanize(locale=locale0)                                          # STEP 28
ACTION: time6.humanize(locale=locale0) 
locale0 = u'eo_xx' : <type 'unicode'>
time6 = <Arrow [2017-11-22T04:27:54.970354+01:00]> : <class 'arrow.arrow.Arrow'>
==================================================
time5 = time8.replace(minutes=val3)                                     # STEP 29
ACTION: time5 = time8.replace(minutes=val3) 
val3 = 0 : <type 'int'>
time8 = <Arrow [2017-11-22T04:26:54.958465+01:00]> : <class 'arrow.arrow.Arrow'>
time5 = None : <type 'NoneType'>
=> time5 = <Arrow [2017-11-22T04:26:54.958465+01:00]> : <class 'arrow.arrow.Arrow'>
==================================================
val3 += 1                                                               # STEP 30
ACTION: val3 += 1 
val3 = 0 : <type 'int'>
=> val3 = 1 : <type 'int'>
==================================================
zone4 = 'US/Mountain'                                                   # STEP 31
ACTION: zone4 = 'US/Mountain'  
zone4 = None : <type 'NoneType'>
=> zone4 = 'US/Mountain' : <type 'str'>
==================================================
time1 = time7.replace(month=val3)                                       # STEP 32
ACTION: time1 = time7.replace(month=val3) 
val3 = 1 : <type 'int'>
time7 = <Arrow [2017-11-22T04:27:54.958465+01:00]> : <class 'arrow.arrow.Arrow'>
time1 = <Arrow [2017-11-22T04:27:54.958465+01:00]> : <class 'arrow.arrow.Arrow'>
=> time1 = <Arrow [2017-01-22T04:27:54.958465+01:00]> : <class 'arrow.arrow.Arrow'>
==================================================
time6 = arrow.now(zone1)                                                # STEP 33
ACTION: time6 = arrow.now(zone1) 
zone1 = 'Poland' : <type 'str'>
time6 = <Arrow [2017-11-22T04:27:54.970354+01:00]> : <class 'arrow.arrow.Arrow'>
=> time6 = <Arrow [2017-11-22T04:27:54.977814+01:00]> : <class 'arrow.arrow.Arrow'>
==================================================
time7 = time1.replace(minutes=val3)                                     # STEP 34
ACTION: time7 = time1.replace(minutes=val3) 
val3 = 1 : <type 'int'>
time1 = <Arrow [2017-01-22T04:27:54.958465+01:00]> : <class 'arrow.arrow.Arrow'>
time7 = <Arrow [2017-11-22T04:27:54.958465+01:00]> : <class 'arrow.arrow.Arrow'>
=> time7 = <Arrow [2017-01-22T04:28:54.958465+01:00]> : <class 'arrow.arrow.Arrow'>
==================================================
time8 = time1.replace(year=val3)                                        # STEP 35
ACTION: time8 = time1.replace(year=val3) 
val3 = 1 : <type 'int'>
time1 = <Arrow [2017-01-22T04:27:54.958465+01:00]> : <class 'arrow.arrow.Arrow'>
time8 = <Arrow [2017-11-22T04:26:54.958465+01:00]> : <class 'arrow.arrow.Arrow'>
=> time8 = <Arrow [0001-01-22T04:27:54.958465+01:00]> : <class 'arrow.arrow.Arrow'>
==================================================
locale0 =  u'nn'                                                        # STEP 36
ACTION: locale0 =  u'nn' 
locale0 = u'eo_xx' : <type 'unicode'>
=> locale0 = u'nn' : <type 'unicode'>
==================================================
time4 = time4.replace(year=val3)                                        # STEP 37
ACTION: time4 = time4.replace(year=val3) 
val3 = 1 : <type 'int'>
time4 = <Arrow [2017-11-22T04:27:54.958465+01:00]> : <class 'arrow.arrow.Arrow'>
=> time4 = <Arrow [0001-11-22T04:27:54.958465+01:00]> : <class 'arrow.arrow.Arrow'>
==================================================
time9 = time4.replace(tzinfo=zone1)                                     # STEP 38
ACTION: time9 = time4.replace(tzinfo=zone1) 
zone1 = 'Poland' : <type 'str'>
time4 = <Arrow [0001-11-22T04:27:54.958465+01:00]> : <class 'arrow.arrow.Arrow'>
time9 = None : <type 'NoneType'>
=> time9 = <Arrow [0001-11-22T04:27:54.958465+01:24]> : <class 'arrow.arrow.Arrow'>
==================================================
time1 = time8.replace(tzinfo=zone4)                                     # STEP 39
ACTION: time1 = time8.replace(tzinfo=zone4) 
zone4 = 'US/Mountain' : <type 'str'>
time8 = <Arrow [0001-01-22T04:27:54.958465+01:00]> : <class 'arrow.arrow.Arrow'>
time1 = <Arrow [2017-01-22T04:27:54.958465+01:00]> : <class 'arrow.arrow.Arrow'>
=> time1 = <Arrow [0001-01-22T04:27:54.958465-07:00]> : <class 'arrow.arrow.Arrow'>
==================================================
time4.humanize(locale=locale0)                                          # STEP 40
ACTION: time4.humanize(locale=locale0) 
locale0 = u'nn' : <type 'unicode'>
time4 = <Arrow [0001-11-22T04:27:54.958465+01:00]> : <class 'arrow.arrow.Arrow'>
==================================================
time9.shift(seconds=val3)                                               # STEP 41
ACTION: time9.shift(seconds=val3) 
val3 = 1 : <type 'int'>
time9 = <Arrow [0001-11-22T04:27:54.958465+01:24]> : <class 'arrow.arrow.Arrow'>
==================================================
time5.shift(weeks=val3)                                                 # STEP 42
ACTION: time5.shift(weeks=val3) 
val3 = 1 : <type 'int'>
time5 = <Arrow [2017-11-22T04:26:54.958465+01:00]> : <class 'arrow.arrow.Arrow'>
==================================================
time8.humanize(locale=locale2)                                          # STEP 43
ACTION: time8.humanize(locale=locale2) 
locale2 = u'de_de' : <type 'unicode'>
time8 = <Arrow [0001-01-22T04:27:54.958465+01:00]> : <class 'arrow.arrow.Arrow'>
==================================================
time9 = time6.replace(minutes=val3)                                     # STEP 44
ACTION: time9 = time6.replace(minutes=val3) 
val3 = 1 : <type 'int'>
time6 = <Arrow [2017-11-22T04:27:54.977814+01:00]> : <class 'arrow.arrow.Arrow'>
time9 = <Arrow [0001-11-22T04:27:54.958465+01:24]> : <class 'arrow.arrow.Arrow'>
=> time9 = <Arrow [2017-11-22T04:28:54.977814+01:00]> : <class 'arrow.arrow.Arrow'>
==================================================
time6 = time0.replace(month=val3)                                       # STEP 45
ACTION: time6 = time0.replace(month=val3) 
val3 = 1 : <type 'int'>
time0 = <Arrow [2017-11-22T04:27:54.958465+01:00]> : <class 'arrow.arrow.Arrow'>
time6 = <Arrow [2017-11-22T04:27:54.977814+01:00]> : <class 'arrow.arrow.Arrow'>
=> time6 = <Arrow [2017-01-22T04:27:54.958465+01:00]> : <class 'arrow.arrow.Arrow'>
==================================================
locale2 =  u'az'                                                        # STEP 46
ACTION: locale2 =  u'az' 
locale2 = u'de_de' : <type 'unicode'>
=> locale2 = u'az' : <type 'unicode'>
==================================================
time5 = time0.replace(tzinfo=zone1)                                     # STEP 47
ACTION: time5 = time0.replace(tzinfo=zone1) 
zone1 = 'Poland' : <type 'str'>
time0 = <Arrow [2017-11-22T04:27:54.958465+01:00]> : <class 'arrow.arrow.Arrow'>
time5 = <Arrow [2017-11-22T04:26:54.958465+01:00]> : <class 'arrow.arrow.Arrow'>
=> time5 = <Arrow [2017-11-22T04:27:54.958465+01:00]> : <class 'arrow.arrow.Arrow'>
==================================================
time8 = time2.replace(minutes=val6)                                     # STEP 48
ACTION: time8 = time2.replace(minutes=val6) 
val6 = -1 : <type 'int'>
time2 = <Arrow [2017-11-22T04:27:54.958465+01:00]> : <class 'arrow.arrow.Arrow'>
time8 = <Arrow [0001-01-22T04:27:54.958465+01:00]> : <class 'arrow.arrow.Arrow'>
=> time8 = <Arrow [2017-11-22T04:26:54.958465+01:00]> : <class 'arrow.arrow.Arrow'>
==================================================
time3 = time4.replace(year=val3)                                        # STEP 49
ACTION: time3 = time4.replace(year=val3) 
val3 = 1 : <type 'int'>
time4 = <Arrow [0001-11-22T04:27:54.958465+01:00]> : <class 'arrow.arrow.Arrow'>
time3 = None : <type 'NoneType'>
=> time3 = <Arrow [0001-11-22T04:27:54.958465+01:00]> : <class 'arrow.arrow.Arrow'>
==================================================
time2 = time6.replace(year=val3)                                        # STEP 50
ACTION: time2 = time6.replace(year=val3) 
val3 = 1 : <type 'int'>
time6 = <Arrow [2017-01-22T04:27:54.958465+01:00]> : <class 'arrow.arrow.Arrow'>
time2 = <Arrow [2017-11-22T04:27:54.958465+01:00]> : <class 'arrow.arrow.Arrow'>
=> time2 = <Arrow [0001-01-22T04:27:54.958465+01:00]> : <class 'arrow.arrow.Arrow'>
==================================================
time6 = time4.replace(minutes=val6)                                     # STEP 51
ACTION: time6 = time4.replace(minutes=val6) 
val6 = -1 : <type 'int'>
time4 = <Arrow [0001-11-22T04:27:54.958465+01:00]> : <class 'arrow.arrow.Arrow'>
time6 = <Arrow [2017-01-22T04:27:54.958465+01:00]> : <class 'arrow.arrow.Arrow'>
=> time6 = <Arrow [0001-11-22T04:26:54.958465+01:00]> : <class 'arrow.arrow.Arrow'>
==================================================
time0 = time6.replace(year=val3)                                        # STEP 52
ACTION: time0 = time6.replace(year=val3) 
val3 = 1 : <type 'int'>
time6 = <Arrow [0001-11-22T04:26:54.958465+01:00]> : <class 'arrow.arrow.Arrow'>
time0 = <Arrow [2017-11-22T04:27:54.958465+01:00]> : <class 'arrow.arrow.Arrow'>
=> time0 = <Arrow [0001-11-22T04:26:54.958465+01:00]> : <class 'arrow.arrow.Arrow'>
==================================================
locale0 =  u'ja_jp'                                                     # STEP 53
ACTION: locale0 =  u'ja_jp' 
locale0 = u'nn' : <type 'unicode'>
=> locale0 = u'ja_jp' : <type 'unicode'>
==================================================
time6.shift(weeks=val6)                                                 # STEP 54
ACTION: time6.shift(weeks=val6) 
val6 = -1 : <type 'int'>
time6 = <Arrow [0001-11-22T04:26:54.958465+01:00]> : <class 'arrow.arrow.Arrow'>
==================================================
time6 = time0.replace(tzinfo=zone1)                                     # STEP 55
ACTION: time6 = time0.replace(tzinfo=zone1) 
zone1 = 'Poland' : <type 'str'>
time0 = <Arrow [0001-11-22T04:26:54.958465+01:00]> : <class 'arrow.arrow.Arrow'>
time6 = <Arrow [0001-11-22T04:26:54.958465+01:00]> : <class 'arrow.arrow.Arrow'>
=> time6 = <Arrow [0001-11-22T04:26:54.958465+01:24]> : <class 'arrow.arrow.Arrow'>
==================================================
time1.shift(years=val3)                                                 # STEP 56
ACTION: time1.shift(years=val3) 
val3 = 1 : <type 'int'>
time1 = <Arrow [0001-01-22T04:27:54.958465-07:00]> : <class 'arrow.arrow.Arrow'>
==================================================
time4 = time5.replace(month=val3)                                       # STEP 57
ACTION: time4 = time5.replace(month=val3) 
val3 = 1 : <type 'int'>
time5 = <Arrow [2017-11-22T04:27:54.958465+01:00]> : <class 'arrow.arrow.Arrow'>
time4 = <Arrow [0001-11-22T04:27:54.958465+01:00]> : <class 'arrow.arrow.Arrow'>
=> time4 = <Arrow [2017-01-22T04:27:54.958465+01:00]> : <class 'arrow.arrow.Arrow'>
==================================================
time5 = time7.replace(minutes=val6)                                     # STEP 58
ACTION: time5 = time7.replace(minutes=val6) 
val6 = -1 : <type 'int'>
time7 = <Arrow [2017-01-22T04:28:54.958465+01:00]> : <class 'arrow.arrow.Arrow'>
time5 = <Arrow [2017-11-22T04:27:54.958465+01:00]> : <class 'arrow.arrow.Arrow'>
=> time5 = <Arrow [2017-01-22T04:27:54.958465+01:00]> : <class 'arrow.arrow.Arrow'>
==================================================
time0 = time5.replace(minutes=val6)                                     # STEP 59
ACTION: time0 = time5.replace(minutes=val6) 
val6 = -1 : <type 'int'>
time5 = <Arrow [2017-01-22T04:27:54.958465+01:00]> : <class 'arrow.arrow.Arrow'>
time0 = <Arrow [0001-11-22T04:26:54.958465+01:00]> : <class 'arrow.arrow.Arrow'>
=> time0 = <Arrow [2017-01-22T04:26:54.958465+01:00]> : <class 'arrow.arrow.Arrow'>
==================================================
time4.shift(weeks=val6)                                                 # STEP 60
ACTION: time4.shift(weeks=val6) 
val6 = -1 : <type 'int'>
time4 = <Arrow [2017-01-22T04:27:54.958465+01:00]> : <class 'arrow.arrow.Arrow'>
==================================================
time4 = time1.replace(minutes=val6)                                     # STEP 61
ACTION: time4 = time1.replace(minutes=val6) 
val6 = -1 : <type 'int'>
time1 = <Arrow [0001-01-22T04:27:54.958465-07:00]> : <class 'arrow.arrow.Arrow'>
time4 = <Arrow [2017-01-22T04:27:54.958465+01:00]> : <class 'arrow.arrow.Arrow'>
=> time4 = <Arrow [0001-01-22T04:26:54.958465-07:00]> : <class 'arrow.arrow.Arrow'>
==================================================
time3.humanize(locale=locale3)                                          # STEP 62
ACTION: time3.humanize(locale=locale3) 
locale3 = u'rm' : <type 'unicode'>
time3 = <Arrow [0001-11-22T04:27:54.958465+01:00]> : <class 'arrow.arrow.Arrow'>
==================================================
zone4 = 'Africa/Cairo'                                                  # STEP 63
ACTION: zone4 = 'Africa/Cairo'  
zone4 = 'US/Mountain' : <type 'str'>
=> zone4 = 'Africa/Cairo' : <type 'str'>
==================================================
time5 = time1.replace(tzinfo=zone1)                                     # STEP 64
ACTION: time5 = time1.replace(tzinfo=zone1) 
zone1 = 'Poland' : <type 'str'>
time1 = <Arrow [0001-01-22T04:27:54.958465-07:00]> : <class 'arrow.arrow.Arrow'>
time5 = <Arrow [2017-01-22T04:27:54.958465+01:00]> : <class 'arrow.arrow.Arrow'>
=> time5 = <Arrow [0001-01-22T04:27:54.958465+01:24]> : <class 'arrow.arrow.Arrow'>
==================================================
time3.shift(months=val6)                                                # STEP 65
ACTION: time3.shift(months=val6) 
val6 = -1 : <type 'int'>
time3 = <Arrow [0001-11-22T04:27:54.958465+01:00]> : <class 'arrow.arrow.Arrow'>
==================================================
time3 = time0.replace(tzinfo=zone3)                                     # STEP 66
ACTION: time3 = time0.replace(tzinfo=zone3) 
zone3 = 'Europe/Rome' : <type 'str'>
time0 = <Arrow [2017-01-22T04:26:54.958465+01:00]> : <class 'arrow.arrow.Arrow'>
time3 = <Arrow [0001-11-22T04:27:54.958465+01:00]> : <class 'arrow.arrow.Arrow'>
=> time3 = <Arrow [2017-01-22T04:26:54.958465+01:00]> : <class 'arrow.arrow.Arrow'>
==================================================
val0 = 0                                                                # STEP 67
ACTION: val0 = 0 
val0 = None : <type 'NoneType'>
=> val0 = 0 : <type 'int'>
==================================================
time5.shift(hours=val0)                                                 # STEP 68
ACTION: time5.shift(hours=val0) 
val0 = 0 : <type 'int'>
time5 = <Arrow [0001-01-22T04:27:54.958465+01:24]> : <class 'arrow.arrow.Arrow'>
==================================================
time1 = time7.replace(minutes=val6)                                     # STEP 69
ACTION: time1 = time7.replace(minutes=val6) 
val6 = -1 : <type 'int'>
time7 = <Arrow [2017-01-22T04:28:54.958465+01:00]> : <class 'arrow.arrow.Arrow'>
time1 = <Arrow [0001-01-22T04:27:54.958465-07:00]> : <class 'arrow.arrow.Arrow'>
=> time1 = <Arrow [2017-01-22T04:27:54.958465+01:00]> : <class 'arrow.arrow.Arrow'>
==================================================
time6.shift(minutes=val6)                                               # STEP 70
ACTION: time6.shift(minutes=val6) 
val6 = -1 : <type 'int'>
time6 = <Arrow [0001-11-22T04:26:54.958465+01:24]> : <class 'arrow.arrow.Arrow'>
==================================================
time0 = time6.replace(month=val3)                                       # STEP 71
ACTION: time0 = time6.replace(month=val3) 
val3 = 1 : <type 'int'>
time6 = <Arrow [0001-11-22T04:26:54.958465+01:24]> : <class 'arrow.arrow.Arrow'>
time0 = <Arrow [2017-01-22T04:26:54.958465+01:00]> : <class 'arrow.arrow.Arrow'>
=> time0 = <Arrow [0001-01-22T04:26:54.958465+01:24]> : <class 'arrow.arrow.Arrow'>
==================================================
time5 = time8.replace(tzinfo=zone3)                                     # STEP 72
ACTION: time5 = time8.replace(tzinfo=zone3) 
zone3 = 'Europe/Rome' : <type 'str'>
time8 = <Arrow [2017-11-22T04:26:54.958465+01:00]> : <class 'arrow.arrow.Arrow'>
time5 = <Arrow [0001-01-22T04:27:54.958465+01:24]> : <class 'arrow.arrow.Arrow'>
=> time5 = <Arrow [2017-11-22T04:26:54.958465+01:00]> : <class 'arrow.arrow.Arrow'>
==================================================
time7 = time1.replace(minutes=val6)                                     # STEP 73
ACTION: time7 = time1.replace(minutes=val6) 
val6 = -1 : <type 'int'>
time1 = <Arrow [2017-01-22T04:27:54.958465+01:00]> : <class 'arrow.arrow.Arrow'>
time7 = <Arrow [2017-01-22T04:28:54.958465+01:00]> : <class 'arrow.arrow.Arrow'>
=> time7 = <Arrow [2017-01-22T04:26:54.958465+01:00]> : <class 'arrow.arrow.Arrow'>
==================================================
time6 = time2.replace(tzinfo=zone4)                                     # STEP 74
ACTION: time6 = time2.replace(tzinfo=zone4) 
zone4 = 'Africa/Cairo' : <type 'str'>
time2 = <Arrow [0001-01-22T04:27:54.958465+01:00]> : <class 'arrow.arrow.Arrow'>
time6 = <Arrow [0001-11-22T04:26:54.958465+01:24]> : <class 'arrow.arrow.Arrow'>
=> time6 = <Arrow [0001-01-22T04:27:54.958465+02:00]> : <class 'arrow.arrow.Arrow'>
==================================================
time6.shift(hours=val0)                                                 # STEP 75
ACTION: time6.shift(hours=val0) 
val0 = 0 : <type 'int'>
time6 = <Arrow [0001-01-22T04:27:54.958465+02:00]> : <class 'arrow.arrow.Arrow'>
==================================================
locale3 =  u'sl'                                                        # STEP 76
ACTION: locale3 =  u'sl' 
locale3 = u'rm' : <type 'unicode'>
=> locale3 = u'sl' : <type 'unicode'>
==================================================
time6 = time4.replace(tzinfo=zone1)                                     # STEP 77
ACTION: time6 = time4.replace(tzinfo=zone1) 
zone1 = 'Poland' : <type 'str'>
time4 = <Arrow [0001-01-22T04:26:54.958465-07:00]> : <class 'arrow.arrow.Arrow'>
time6 = <Arrow [0001-01-22T04:27:54.958465+02:00]> : <class 'arrow.arrow.Arrow'>
=> time6 = <Arrow [0001-01-22T04:26:54.958465+01:24]> : <class 'arrow.arrow.Arrow'>
==================================================
time1 = time7.replace(tzinfo=zone1)                                     # STEP 78
ACTION: time1 = time7.replace(tzinfo=zone1) 
zone1 = 'Poland' : <type 'str'>
time7 = <Arrow [2017-01-22T04:26:54.958465+01:00]> : <class 'arrow.arrow.Arrow'>
time1 = <Arrow [2017-01-22T04:27:54.958465+01:00]> : <class 'arrow.arrow.Arrow'>
=> time1 = <Arrow [2017-01-22T04:26:54.958465+01:00]> : <class 'arrow.arrow.Arrow'>
==================================================
time8 = arrow.get(val6)                                                 # STEP 79
ACTION: time8 = arrow.get(val6) 
val6 = -1 : <type 'int'>
time8 = <Arrow [2017-11-22T04:26:54.958465+01:00]> : <class 'arrow.arrow.Arrow'>
=> time8 = <Arrow [1969-12-31T23:59:59+00:00]> : <class 'arrow.arrow.Arrow'>
==================================================
zone4 = 'Poland'                                                        # STEP 80
ACTION: zone4 = 'Poland'  
zone4 = 'Africa/Cairo' : <type 'str'>
=> zone4 = 'Poland' : <type 'str'>
==================================================
time7 = arrow.now(zone4)                                                # STEP 81
ACTION: time7 = arrow.now(zone4) 
zone4 = 'Poland' : <type 'str'>
time7 = <Arrow [2017-01-22T04:26:54.958465+01:00]> : <class 'arrow.arrow.Arrow'>
=> time7 = <Arrow [2017-11-22T04:27:55.016640+01:00]> : <class 'arrow.arrow.Arrow'>
==================================================
time7.datetime                                                          # STEP 82
ACTION: time7.datetime 
time7 = <Arrow [2017-11-22T04:27:55.016640+01:00]> : <class 'arrow.arrow.Arrow'>
==================================================
time4 = time4.replace(tzinfo=zone4)                                     # STEP 83
ACTION: time4 = time4.replace(tzinfo=zone4) 
zone4 = 'Poland' : <type 'str'>
time4 = <Arrow [0001-01-22T04:26:54.958465-07:00]> : <class 'arrow.arrow.Arrow'>
=> time4 = <Arrow [0001-01-22T04:26:54.958465+01:24]> : <class 'arrow.arrow.Arrow'>
==================================================
time0.shift(years=val6)                                                 # STEP 84
ACTION: time0.shift(years=val6) 
val6 = -1 : <type 'int'>
time0 = <Arrow [0001-01-22T04:26:54.958465+01:24]> : <class 'arrow.arrow.Arrow'>
RAISED EXCEPTION: <type 'exceptions.ValueError'> year is out of range
ERROR: (<type 'exceptions.ValueError'>, ValueError('year is out of range',), <traceback object at 0x10a47acf8>)
TRACEBACK:
  File "/Users/alex/tstl/examples/arrow/sut.py", line 405705, in safely
    act[2]()
  File "/Users/alex/tstl/examples/arrow/sut.py", line 303875, in act6761
    self.p_time[0].shift(years=self.p_val[6])
  File "/Library/Frameworks/Python.framework/Versions/2.7/lib/python2.7/site-packages/arrow/arrow.py", line 467, in shift
    current = self._datetime + relativedelta(**relative_kwargs)
  File "/Library/Frameworks/Python.framework/Versions/2.7/lib/python2.7/site-packages/dateutil/relativedelta.py", line 391, in __radd__
    return self.__add__(other)
  File "/Library/Frameworks/Python.framework/Versions/2.7/lib/python2.7/site-packages/dateutil/relativedelta.py", line 363, in __add__
    day = min(calendar.monthrange(year, month)[1],
  File "/Library/Frameworks/Python.framework/Versions/2.7/lib/python2.7/calendar.py", line 121, in monthrange
    day1 = weekday(year, month, 1)
  File "/Library/Frameworks/Python.framework/Versions/2.7/lib/python2.7/calendar.py", line 113, in weekday
    return datetime.date(year, month, day).weekday()
FAILURE IS NEW, STORING; NOW 2 DISTINCT FAILURES
STOPPING TEST DUE TO TIMEOUT, TERMINATED AT LENGTH 48
STOPPING TESTING DUE TO TIMEOUT
21.9786729858 PERCENT COVERED
60.1797029972 TOTAL RUNTIME
443 EXECUTED
44193 TOTAL TEST OPERATIONS
29.3745346069 TIME SPENT EXECUTING TEST OPERATIONS
28.1880471706 TIME SPENT EVALUATING GUARDS AND CHOOSING ACTIONS
0.0285594463348 TIME SPENT CHECKING PROPERTIES
29.4030940533 TOTAL TIME SPENT RUNNING SUT
0.25509428978 TIME SPENT RESTARTING
0.0 TIME SPENT REDUCING TEST CASES
2 FAILED
0 REPEATS OF FAILURES
2 ACTUAL DISTINCT FAILURES

FAILURE 0
locale1 =  u'zh_tw'                                                      # STEP 0
locale3 =  u'nn'                                                         # STEP 1
locale0 =  u'el'                                                         # STEP 2
locale2 =  u'en_jp'                                                      # STEP 3
locale4 =  u'ml'                                                         # STEP 4
val6 = 0                                                                 # STEP 5
zone4 = 'US/Mountain'                                                    # STEP 6
val0 = 0                                                                 # STEP 7
time7 = arrow.now()                                                      # STEP 8
zone0 = 'US/Eastern'                                                     # STEP 9
zone1 = 'Poland'                                                        # STEP 10
time1 = arrow.get(val6)                                                 # STEP 11
time7.shift(months=val6)                                                # STEP 12
time3 = time1.to(zone1)                                                 # STEP 13
time0 = arrow.get(val0)                                                 # STEP 14
val5 = 0                                                                # STEP 15
time1.shift(months=val6)                                                # STEP 16
time9 = time1.to(zone1)                                                 # STEP 17
time1 = time1.to(zone1)                                                 # STEP 18
time8 = time7.to(zone4)                                                 # STEP 19
time7 = time3.to(zone0)                                                 # STEP 20
zone4 = 'Africa/Cairo'                                                  # STEP 21
time0.shift(years=val6)                                                 # STEP 22
time1.shift(years=val0)                                                 # STEP 23
time2 = time1.to(zone1)                                                 # STEP 24
time1.humanize(locale=locale2)                                          # STEP 25
time4 = time8.to(zone0)                                                 # STEP 26
time8 = time1.to(zone0)                                                 # STEP 27
time5 = time1.to(zone1)                                                 # STEP 28
zone1 = 'Australia/Brisbane'                                            # STEP 29
time0.humanize(locale=locale2)                                          # STEP 30
time7.humanize(locale=locale2)                                          # STEP 31
time5.shift(months=val6)                                                # STEP 32
time2.humanize(locale=locale1)                                          # STEP 33
time1 = time2.to(zone0)                                                 # STEP 34
locale1 =  u'be'                                                        # STEP 35
zone3 = 'US/Eastern'                                                    # STEP 36
locale2 =  u'nb_no'                                                     # STEP 37
val5 += 1                                                               # STEP 38
time7 = time7.replace(year=val5)                                        # STEP 39
val3 = 0                                                                # STEP 40
time2 = time2.to(zone1)                                                 # STEP 41
time4.shift(years=val6)                                                 # STEP 42
time7.shift(years=val6)                                                 # STEP 43
time2.shift(hours=val6)                                                 # STEP 44
time0 = time0.to(zone0)                                                 # STEP 45
time5 = time9.replace(year=val5)                                        # STEP 46
time9.humanize(locale=locale1)                                          # STEP 47
time4.shift(seconds=val6)                                               # STEP 48
time5.shift(seconds=val5)                                               # STEP 49
time5 = time7.replace(month=val5)                                       # STEP 50
time4 = time4.to(zone1)                                                 # STEP 51
time4.shift(months=val3)                                                # STEP 52
time9 = time0.replace(month=val5)                                       # STEP 53
time4 = time3.replace(year=val5)                                        # STEP 54
time7.humanize(locale=locale1)                                          # STEP 55
locale1 =  u'ar'                                                        # STEP 56
time3 = time5.replace(month=val5)                                       # STEP 57
time8.shift(seconds=val6)                                               # STEP 58
time7 = time4.to(zone1)                                                 # STEP 59
ERROR: (<type 'exceptions.OverflowError'>, OverflowError('date value out of range',), <traceback object at 0x10a460a28>)
TRACEBACK:
  File "/Users/alex/tstl/examples/arrow/sut.py", line 405705, in safely
    act[2]()
  File "/Users/alex/tstl/examples/arrow/sut.py", line 36249, in act976
    self.p_time[7] = self.p_time[4].to(self.p_zone[1])
  File "/Library/Frameworks/Python.framework/Versions/2.7/lib/python2.7/site-packages/arrow/arrow.py", line 510, in to
    dt = self._datetime.astimezone(tz)
FAILURE 1
locale4 =  u'nn'                                                         # STEP 0
locale0 =  u'eo_xx'                                                      # STEP 1
locale2 =  u'en'                                                         # STEP 2
locale1 =  u'en_au'                                                      # STEP 3
val6 = 0                                                                 # STEP 4
val3 = 0                                                                 # STEP 5
locale3 =  u'rm'                                                         # STEP 6
zone3 = 'Europe/Rome'                                                    # STEP 7
time1 = arrow.now(zone3)                                                 # STEP 8
time6 = time1.replace(tzinfo=zone3)                                      # STEP 9
time1 = time1.replace(tzinfo=zone3)                                     # STEP 10
time2 = time1.replace(minutes=val3)                                     # STEP 11
time1.shift(hours=val6)                                                 # STEP 12
time2.shift(hours=val3)                                                 # STEP 13
time4 = time1.replace(tzinfo=zone3)                                     # STEP 14
time6.shift(months=val6)                                                # STEP 15
time7 = arrow.get(val3)                                                 # STEP 16
time1.shift(weeks=val6)                                                 # STEP 17
time0 = time6.replace(minutes=val3)                                     # STEP 18
zone1 = 'Europe/Rome'                                                   # STEP 19
time6 = time7.replace(tzinfo=zone3)                                     # STEP 20
time6.humanize(locale=locale2)                                          # STEP 21
time6 = arrow.now(zone3)                                                # STEP 22
time7 = time4.replace(tzinfo=zone1)                                     # STEP 23
val6 -= 1                                                               # STEP 24
time8 = time4.replace(minutes=val6)                                     # STEP 25
zone1 = 'Poland'                                                        # STEP 26
locale2 =  u'de_de'                                                     # STEP 27
time6.humanize(locale=locale0)                                          # STEP 28
time5 = time8.replace(minutes=val3)                                     # STEP 29
val3 += 1                                                               # STEP 30
zone4 = 'US/Mountain'                                                   # STEP 31
time1 = time7.replace(month=val3)                                       # STEP 32
time6 = arrow.now(zone1)                                                # STEP 33
time7 = time1.replace(minutes=val3)                                     # STEP 34
time8 = time1.replace(year=val3)                                        # STEP 35
locale0 =  u'nn'                                                        # STEP 36
time4 = time4.replace(year=val3)                                        # STEP 37
time9 = time4.replace(tzinfo=zone1)                                     # STEP 38
time1 = time8.replace(tzinfo=zone4)                                     # STEP 39
time4.humanize(locale=locale0)                                          # STEP 40
time9.shift(seconds=val3)                                               # STEP 41
time5.shift(weeks=val3)                                                 # STEP 42
time8.humanize(locale=locale2)                                          # STEP 43
time9 = time6.replace(minutes=val3)                                     # STEP 44
time6 = time0.replace(month=val3)                                       # STEP 45
locale2 =  u'az'                                                        # STEP 46
time5 = time0.replace(tzinfo=zone1)                                     # STEP 47
time8 = time2.replace(minutes=val6)                                     # STEP 48
time3 = time4.replace(year=val3)                                        # STEP 49
time2 = time6.replace(year=val3)                                        # STEP 50
time6 = time4.replace(minutes=val6)                                     # STEP 51
time0 = time6.replace(year=val3)                                        # STEP 52
locale0 =  u'ja_jp'                                                     # STEP 53
time6.shift(weeks=val6)                                                 # STEP 54
time6 = time0.replace(tzinfo=zone1)                                     # STEP 55
time1.shift(years=val3)                                                 # STEP 56
time4 = time5.replace(month=val3)                                       # STEP 57
time5 = time7.replace(minutes=val6)                                     # STEP 58
time0 = time5.replace(minutes=val6)                                     # STEP 59
time4.shift(weeks=val6)                                                 # STEP 60
time4 = time1.replace(minutes=val6)                                     # STEP 61
time3.humanize(locale=locale3)                                          # STEP 62
zone4 = 'Africa/Cairo'                                                  # STEP 63
time5 = time1.replace(tzinfo=zone1)                                     # STEP 64
time3.shift(months=val6)                                                # STEP 65
time3 = time0.replace(tzinfo=zone3)                                     # STEP 66
val0 = 0                                                                # STEP 67
time5.shift(hours=val0)                                                 # STEP 68
time1 = time7.replace(minutes=val6)                                     # STEP 69
time6.shift(minutes=val6)                                               # STEP 70
time0 = time6.replace(month=val3)                                       # STEP 71
time5 = time8.replace(tzinfo=zone3)                                     # STEP 72
time7 = time1.replace(minutes=val6)                                     # STEP 73
time6 = time2.replace(tzinfo=zone4)                                     # STEP 74
time6.shift(hours=val0)                                                 # STEP 75
locale3 =  u'sl'                                                        # STEP 76
time6 = time4.replace(tzinfo=zone1)                                     # STEP 77
time1 = time7.replace(tzinfo=zone1)                                     # STEP 78
time8 = arrow.get(val6)                                                 # STEP 79
zone4 = 'Poland'                                                        # STEP 80
time7 = arrow.now(zone4)                                                # STEP 81
time7.datetime                                                          # STEP 82
time4 = time4.replace(tzinfo=zone4)                                     # STEP 83
time0.shift(years=val6)                                                 # STEP 84
ERROR: (<type 'exceptions.ValueError'>, ValueError('year is out of range',), <traceback object at 0x10a47acf8>)
TRACEBACK:
  File "/Users/alex/tstl/examples/arrow/sut.py", line 405705, in safely
    act[2]()
  File "/Users/alex/tstl/examples/arrow/sut.py", line 303875, in act6761
    self.p_time[0].shift(years=self.p_val[6])
  File "/Library/Frameworks/Python.framework/Versions/2.7/lib/python2.7/site-packages/arrow/arrow.py", line 467, in shift
    current = self._datetime + relativedelta(**relative_kwargs)
  File "/Library/Frameworks/Python.framework/Versions/2.7/lib/python2.7/site-packages/dateutil/relativedelta.py", line 391, in __radd__
    return self.__add__(other)
  File "/Library/Frameworks/Python.framework/Versions/2.7/lib/python2.7/site-packages/dateutil/relativedelta.py", line 363, in __add__
    day = min(calendar.monthrange(year, month)[1],
  File "/Library/Frameworks/Python.framework/Versions/2.7/lib/python2.7/calendar.py", line 121, in monthrange
    day1 = weekday(year, month, 1)
  File "/Library/Frameworks/Python.framework/Versions/2.7/lib/python2.7/calendar.py", line 113, in weekday
    return datetime.date(year, month, day).weekday()
338 BRANCHES COVERED
253 STATEMENTS COVERED
