Random testing using config=Config(noExceptionMatch=False, generalize=False, localize=False, speed='FAST', probs=None, LOCBaseline=0.2, noAlphaConvert=False, replayable=False, essentials=False, noCoverageExploit=False, quickTests=False, html=None, keepLast=False, stopWhenNoCoverage=None, generateLOC=None, computeFeatureStats=False, Pmutate=0.0, timeout=60, output='failure.15242.test', markov=None, noSwarmDependencies=False, startExploit=0.0, maxMustHitBranch=None, useHints=False, silentFail=False, highLowSwarm=None, maxMustHitStatement=None, progress=False, postCover=False, swarmLength=None, noCover=False, noEnumerateEnabled=False, full=True, swarmP=0.5, coverFile='coverage.out', markovP=1.0, swarmProbs=None, genDepth=None, exploitCeiling=0.1, logging=None, noCheck=False, throughput=False, uncaught=False, swarmSwitch=None, verbose=False, reducePool=False, exploit=None, fastQuickAnalysis=False, total=False, verboseExploit=False, swarm=True, sequenceP=1.0, biasLOC=None, timedProgress=30, relax=False, ddmin=False, stutter=None, readQuick=False, verboseActions=False, quickAnalysis=False, noReassign=False, sequenceSize=3, LOCProbs=False, sequencesFromTests=None, maxTests=-1, trackMaxCoverage=None, useQuickSequences=False, exploitBestHint=1, failedLogging=None, stopWhenStatements=None, greedyStutter=False, seed=None, stopWhenHitStatement=None, uniqueValuesAnalysis=False, normalize=False, startExploitStall=0, enumerateEnabled=False, internal=False, profile=False, multiple=True, stopWhenBranches=None, running=False, compareFails=False, Pcrossover=0.2, stopWhenHitBranch=None, depth=100, showActions=False)
UNCAUGHT EXCEPTION
ERROR: (<type 'exceptions.OverflowError'>, OverflowError('date value out of range',), <traceback object at 0x10a2dabd8>)
TRACEBACK:
  File "/Users/alex/tstl/examples/arrow/sut.py", line 405705, in safely
    act[2]()
  File "/Users/alex/tstl/examples/arrow/sut.py", line 27231, in act778
    self.p_time[3] = self.p_time[4].to(self.p_zone[3])
  File "/Library/Frameworks/Python.framework/Versions/2.7/lib/python2.7/site-packages/arrow/arrow.py", line 510, in to
    dt = self._datetime.astimezone(tz)
Original test has 53 steps

SAVING TEST AS failure.15242.test.0
FINAL VERSION OF TEST, WITH LOGGED REPLAY:
locale0 =  u'sl_si'                                                      # STEP 0
ACTION: locale0 =  u'sl_si' 
locale0 = None : <type 'NoneType'>
=> locale0 = u'sl_si' : <type 'unicode'>
==================================================
zone4 = 'US/Arizona'                                                     # STEP 1
ACTION: zone4 = 'US/Arizona'  
zone4 = None : <type 'NoneType'>
=> zone4 = 'US/Arizona' : <type 'str'>
==================================================
locale2 =  u'hu_hu'                                                      # STEP 2
ACTION: locale2 =  u'hu_hu' 
locale2 = None : <type 'NoneType'>
=> locale2 = u'hu_hu' : <type 'unicode'>
==================================================
locale1 =  u'az_az'                                                      # STEP 3
ACTION: locale1 =  u'az_az' 
locale1 = None : <type 'NoneType'>
=> locale1 = u'az_az' : <type 'unicode'>
==================================================
locale4 =  u'de_ch'                                                      # STEP 4
ACTION: locale4 =  u'de_ch' 
locale4 = None : <type 'NoneType'>
=> locale4 = u'de_ch' : <type 'unicode'>
==================================================
locale3 =  u'ua'                                                         # STEP 5
ACTION: locale3 =  u'ua' 
locale3 = None : <type 'NoneType'>
=> locale3 = u'ua' : <type 'unicode'>
==================================================
val8 = 0                                                                 # STEP 6
ACTION: val8 = 0 
val8 = None : <type 'NoneType'>
=> val8 = 0 : <type 'int'>
==================================================
zone0 = 'Africa/Cairo'                                                   # STEP 7
ACTION: zone0 = 'Africa/Cairo'  
zone0 = None : <type 'NoneType'>
=> zone0 = 'Africa/Cairo' : <type 'str'>
==================================================
zone3 = 'Etc/Greenwich'                                                  # STEP 8
ACTION: zone3 = 'Etc/Greenwich'  
zone3 = None : <type 'NoneType'>
=> zone3 = 'Etc/Greenwich' : <type 'str'>
==================================================
val7 = 0                                                                 # STEP 9
ACTION: val7 = 0 
val7 = None : <type 'NoneType'>
=> val7 = 0 : <type 'int'>
==================================================
zone2 = 'Australia/Brisbane'                                            # STEP 10
ACTION: zone2 = 'Australia/Brisbane'  
zone2 = None : <type 'NoneType'>
=> zone2 = 'Australia/Brisbane' : <type 'str'>
==================================================
time0 = arrow.get(val8)                                                 # STEP 11
ACTION: time0 = arrow.get(val8) 
val8 = 0 : <type 'int'>
time0 = None : <type 'NoneType'>
=> time0 = <Arrow [1970-01-01T00:00:00+00:00]> : <class 'arrow.arrow.Arrow'>
==================================================
time2 = time0.to(zone3)                                                 # STEP 12
ACTION: time2 = time0.to(zone3) 
zone3 = 'Etc/Greenwich' : <type 'str'>
time0 = <Arrow [1970-01-01T00:00:00+00:00]> : <class 'arrow.arrow.Arrow'>
time2 = None : <type 'NoneType'>
=> time2 = <Arrow [1970-01-01T00:00:00+00:00]> : <class 'arrow.arrow.Arrow'>
==================================================
time1 = time2.replace(tzinfo=zone2)                                     # STEP 13
ACTION: time1 = time2.replace(tzinfo=zone2) 
zone2 = 'Australia/Brisbane' : <type 'str'>
time2 = <Arrow [1970-01-01T00:00:00+00:00]> : <class 'arrow.arrow.Arrow'>
time1 = None : <type 'NoneType'>
=> time1 = <Arrow [1970-01-01T00:00:00+10:00]> : <class 'arrow.arrow.Arrow'>
==================================================
time3 = arrow.get(val8)                                                 # STEP 14
ACTION: time3 = arrow.get(val8) 
val8 = 0 : <type 'int'>
time3 = None : <type 'NoneType'>
=> time3 = <Arrow [1970-01-01T00:00:00+00:00]> : <class 'arrow.arrow.Arrow'>
==================================================
time1.humanize(locale=locale3)                                          # STEP 15
ACTION: time1.humanize(locale=locale3) 
locale3 = u'ua' : <type 'unicode'>
time1 = <Arrow [1970-01-01T00:00:00+10:00]> : <class 'arrow.arrow.Arrow'>
==================================================
time8 = time1.to(zone4)                                                 # STEP 16
ACTION: time8 = time1.to(zone4) 
zone4 = 'US/Arizona' : <type 'str'>
time1 = <Arrow [1970-01-01T00:00:00+10:00]> : <class 'arrow.arrow.Arrow'>
time8 = None : <type 'NoneType'>
=> time8 = <Arrow [1969-12-31T07:00:00-07:00]> : <class 'arrow.arrow.Arrow'>
==================================================
time4 = time0.replace(tzinfo=zone0)                                     # STEP 17
ACTION: time4 = time0.replace(tzinfo=zone0) 
zone0 = 'Africa/Cairo' : <type 'str'>
time0 = <Arrow [1970-01-01T00:00:00+00:00]> : <class 'arrow.arrow.Arrow'>
time4 = None : <type 'NoneType'>
=> time4 = <Arrow [1970-01-01T00:00:00+02:00]> : <class 'arrow.arrow.Arrow'>
==================================================
locale3 =  u'ca_ad'                                                     # STEP 18
ACTION: locale3 =  u'ca_ad' 
locale3 = u'ua' : <type 'unicode'>
=> locale3 = u'ca_ad' : <type 'unicode'>
==================================================
time2 = time4.to(zone0)                                                 # STEP 19
ACTION: time2 = time4.to(zone0) 
zone0 = 'Africa/Cairo' : <type 'str'>
time4 = <Arrow [1970-01-01T00:00:00+02:00]> : <class 'arrow.arrow.Arrow'>
time2 = <Arrow [1970-01-01T00:00:00+00:00]> : <class 'arrow.arrow.Arrow'>
=> time2 = <Arrow [1970-01-01T00:00:00+02:00]> : <class 'arrow.arrow.Arrow'>
==================================================
time1.shift(months=val7)                                                # STEP 20
ACTION: time1.shift(months=val7) 
val7 = 0 : <type 'int'>
time1 = <Arrow [1970-01-01T00:00:00+10:00]> : <class 'arrow.arrow.Arrow'>
==================================================
time1 = time0.to(zone3)                                                 # STEP 21
ACTION: time1 = time0.to(zone3) 
zone3 = 'Etc/Greenwich' : <type 'str'>
time0 = <Arrow [1970-01-01T00:00:00+00:00]> : <class 'arrow.arrow.Arrow'>
time1 = <Arrow [1970-01-01T00:00:00+10:00]> : <class 'arrow.arrow.Arrow'>
=> time1 = <Arrow [1970-01-01T00:00:00+00:00]> : <class 'arrow.arrow.Arrow'>
==================================================
time5 = time2.to(zone4)                                                 # STEP 22
ACTION: time5 = time2.to(zone4) 
zone4 = 'US/Arizona' : <type 'str'>
time2 = <Arrow [1970-01-01T00:00:00+02:00]> : <class 'arrow.arrow.Arrow'>
time5 = None : <type 'NoneType'>
=> time5 = <Arrow [1969-12-31T15:00:00-07:00]> : <class 'arrow.arrow.Arrow'>
==================================================
time0 = time1.replace(tzinfo=zone0)                                     # STEP 23
ACTION: time0 = time1.replace(tzinfo=zone0) 
zone0 = 'Africa/Cairo' : <type 'str'>
time1 = <Arrow [1970-01-01T00:00:00+00:00]> : <class 'arrow.arrow.Arrow'>
time0 = <Arrow [1970-01-01T00:00:00+00:00]> : <class 'arrow.arrow.Arrow'>
=> time0 = <Arrow [1970-01-01T00:00:00+02:00]> : <class 'arrow.arrow.Arrow'>
==================================================
time7 = time8.replace(tzinfo=zone2)                                     # STEP 24
ACTION: time7 = time8.replace(tzinfo=zone2) 
zone2 = 'Australia/Brisbane' : <type 'str'>
time8 = <Arrow [1969-12-31T07:00:00-07:00]> : <class 'arrow.arrow.Arrow'>
time7 = None : <type 'NoneType'>
=> time7 = <Arrow [1969-12-31T07:00:00+10:00]> : <class 'arrow.arrow.Arrow'>
==================================================
time2 = time8.replace(tzinfo=zone0)                                     # STEP 25
ACTION: time2 = time8.replace(tzinfo=zone0) 
zone0 = 'Africa/Cairo' : <type 'str'>
time8 = <Arrow [1969-12-31T07:00:00-07:00]> : <class 'arrow.arrow.Arrow'>
time2 = <Arrow [1970-01-01T00:00:00+02:00]> : <class 'arrow.arrow.Arrow'>
=> time2 = <Arrow [1969-12-31T07:00:00+02:00]> : <class 'arrow.arrow.Arrow'>
==================================================
time9 = time3.to(zone4)                                                 # STEP 26
ACTION: time9 = time3.to(zone4) 
zone4 = 'US/Arizona' : <type 'str'>
time3 = <Arrow [1970-01-01T00:00:00+00:00]> : <class 'arrow.arrow.Arrow'>
time9 = None : <type 'NoneType'>
=> time9 = <Arrow [1969-12-31T17:00:00-07:00]> : <class 'arrow.arrow.Arrow'>
==================================================
time4 = time4.replace(tzinfo=zone4)                                     # STEP 27
ACTION: time4 = time4.replace(tzinfo=zone4) 
zone4 = 'US/Arizona' : <type 'str'>
time4 = <Arrow [1970-01-01T00:00:00+02:00]> : <class 'arrow.arrow.Arrow'>
=> time4 = <Arrow [1970-01-01T00:00:00-07:00]> : <class 'arrow.arrow.Arrow'>
==================================================
time3 = time0.to(zone0)                                                 # STEP 28
ACTION: time3 = time0.to(zone0) 
zone0 = 'Africa/Cairo' : <type 'str'>
time0 = <Arrow [1970-01-01T00:00:00+02:00]> : <class 'arrow.arrow.Arrow'>
time3 = <Arrow [1970-01-01T00:00:00+00:00]> : <class 'arrow.arrow.Arrow'>
=> time3 = <Arrow [1970-01-01T00:00:00+02:00]> : <class 'arrow.arrow.Arrow'>
==================================================
time0 = time2.to(zone3)                                                 # STEP 29
ACTION: time0 = time2.to(zone3) 
zone3 = 'Etc/Greenwich' : <type 'str'>
time2 = <Arrow [1969-12-31T07:00:00+02:00]> : <class 'arrow.arrow.Arrow'>
time0 = <Arrow [1970-01-01T00:00:00+02:00]> : <class 'arrow.arrow.Arrow'>
=> time0 = <Arrow [1969-12-31T05:00:00+00:00]> : <class 'arrow.arrow.Arrow'>
==================================================
time8 = time1.to(zone2)                                                 # STEP 30
ACTION: time8 = time1.to(zone2) 
zone2 = 'Australia/Brisbane' : <type 'str'>
time1 = <Arrow [1970-01-01T00:00:00+00:00]> : <class 'arrow.arrow.Arrow'>
time8 = <Arrow [1969-12-31T07:00:00-07:00]> : <class 'arrow.arrow.Arrow'>
=> time8 = <Arrow [1970-01-01T10:00:00+10:00]> : <class 'arrow.arrow.Arrow'>
==================================================
time9.shift(minutes=val8)                                               # STEP 31
ACTION: time9.shift(minutes=val8) 
val8 = 0 : <type 'int'>
time9 = <Arrow [1969-12-31T17:00:00-07:00]> : <class 'arrow.arrow.Arrow'>
==================================================
val6 = 0                                                                # STEP 32
ACTION: val6 = 0 
val6 = None : <type 'NoneType'>
=> val6 = 0 : <type 'int'>
==================================================
time1 = time1.to(zone3)                                                 # STEP 33
ACTION: time1 = time1.to(zone3) 
zone3 = 'Etc/Greenwich' : <type 'str'>
time1 = <Arrow [1970-01-01T00:00:00+00:00]> : <class 'arrow.arrow.Arrow'>
==================================================
time6 = time2.replace(tzinfo=zone2)                                     # STEP 34
ACTION: time6 = time2.replace(tzinfo=zone2) 
zone2 = 'Australia/Brisbane' : <type 'str'>
time2 = <Arrow [1969-12-31T07:00:00+02:00]> : <class 'arrow.arrow.Arrow'>
time6 = None : <type 'NoneType'>
=> time6 = <Arrow [1969-12-31T07:00:00+10:00]> : <class 'arrow.arrow.Arrow'>
==================================================
time9 = time0.replace(tzinfo=zone0)                                     # STEP 35
ACTION: time9 = time0.replace(tzinfo=zone0) 
zone0 = 'Africa/Cairo' : <type 'str'>
time0 = <Arrow [1969-12-31T05:00:00+00:00]> : <class 'arrow.arrow.Arrow'>
time9 = <Arrow [1969-12-31T17:00:00-07:00]> : <class 'arrow.arrow.Arrow'>
=> time9 = <Arrow [1969-12-31T05:00:00+02:00]> : <class 'arrow.arrow.Arrow'>
==================================================
time2 = time4.replace(tzinfo=zone0)                                     # STEP 36
ACTION: time2 = time4.replace(tzinfo=zone0) 
zone0 = 'Africa/Cairo' : <type 'str'>
time4 = <Arrow [1970-01-01T00:00:00-07:00]> : <class 'arrow.arrow.Arrow'>
time2 = <Arrow [1969-12-31T07:00:00+02:00]> : <class 'arrow.arrow.Arrow'>
=> time2 = <Arrow [1970-01-01T00:00:00+02:00]> : <class 'arrow.arrow.Arrow'>
==================================================
time9.humanize(locale=locale1)                                          # STEP 37
ACTION: time9.humanize(locale=locale1) 
locale1 = u'az_az' : <type 'unicode'>
time9 = <Arrow [1969-12-31T05:00:00+02:00]> : <class 'arrow.arrow.Arrow'>
==================================================
time4 = time3.replace(tzinfo=zone0)                                     # STEP 38
ACTION: time4 = time3.replace(tzinfo=zone0) 
zone0 = 'Africa/Cairo' : <type 'str'>
time3 = <Arrow [1970-01-01T00:00:00+02:00]> : <class 'arrow.arrow.Arrow'>
time4 = <Arrow [1970-01-01T00:00:00-07:00]> : <class 'arrow.arrow.Arrow'>
=> time4 = <Arrow [1970-01-01T00:00:00+02:00]> : <class 'arrow.arrow.Arrow'>
==================================================
time9 = time5.to(zone3)                                                 # STEP 39
ACTION: time9 = time5.to(zone3) 
zone3 = 'Etc/Greenwich' : <type 'str'>
time5 = <Arrow [1969-12-31T15:00:00-07:00]> : <class 'arrow.arrow.Arrow'>
time9 = <Arrow [1969-12-31T05:00:00+02:00]> : <class 'arrow.arrow.Arrow'>
=> time9 = <Arrow [1969-12-31T22:00:00+00:00]> : <class 'arrow.arrow.Arrow'>
==================================================
time0 = time9.replace(tzinfo=zone0)                                     # STEP 40
ACTION: time0 = time9.replace(tzinfo=zone0) 
zone0 = 'Africa/Cairo' : <type 'str'>
time9 = <Arrow [1969-12-31T22:00:00+00:00]> : <class 'arrow.arrow.Arrow'>
time0 = <Arrow [1969-12-31T05:00:00+00:00]> : <class 'arrow.arrow.Arrow'>
=> time0 = <Arrow [1969-12-31T22:00:00+02:00]> : <class 'arrow.arrow.Arrow'>
==================================================
time9 = time3.to(zone3)                                                 # STEP 41
ACTION: time9 = time3.to(zone3) 
zone3 = 'Etc/Greenwich' : <type 'str'>
time3 = <Arrow [1970-01-01T00:00:00+02:00]> : <class 'arrow.arrow.Arrow'>
time9 = <Arrow [1969-12-31T22:00:00+00:00]> : <class 'arrow.arrow.Arrow'>
==================================================
zone2 = 'Poland'                                                        # STEP 42
ACTION: zone2 = 'Poland'  
zone2 = 'Australia/Brisbane' : <type 'str'>
=> zone2 = 'Poland' : <type 'str'>
==================================================
val6 += 1                                                               # STEP 43
ACTION: val6 += 1 
val6 = 0 : <type 'int'>
=> val6 = 1 : <type 'int'>
==================================================
time4.shift(seconds=val6)                                               # STEP 44
ACTION: time4.shift(seconds=val6) 
val6 = 1 : <type 'int'>
time4 = <Arrow [1970-01-01T00:00:00+02:00]> : <class 'arrow.arrow.Arrow'>
==================================================
time4.humanize(locale=locale1)                                          # STEP 45
ACTION: time4.humanize(locale=locale1) 
locale1 = u'az_az' : <type 'unicode'>
time4 = <Arrow [1970-01-01T00:00:00+02:00]> : <class 'arrow.arrow.Arrow'>
==================================================
time1.shift(minutes=val7)                                               # STEP 46
ACTION: time1.shift(minutes=val7) 
val7 = 0 : <type 'int'>
time1 = <Arrow [1970-01-01T00:00:00+00:00]> : <class 'arrow.arrow.Arrow'>
==================================================
time1 = time1.replace(year=val6)                                        # STEP 47
ACTION: time1 = time1.replace(year=val6) 
val6 = 1 : <type 'int'>
time1 = <Arrow [1970-01-01T00:00:00+00:00]> : <class 'arrow.arrow.Arrow'>
=> time1 = <Arrow [0001-01-01T00:00:00+00:00]> : <class 'arrow.arrow.Arrow'>
==================================================
time4.shift(seconds=val8)                                               # STEP 48
ACTION: time4.shift(seconds=val8) 
val8 = 0 : <type 'int'>
time4 = <Arrow [1970-01-01T00:00:00+02:00]> : <class 'arrow.arrow.Arrow'>
==================================================
time5 = time6.replace(year=val6)                                        # STEP 49
ACTION: time5 = time6.replace(year=val6) 
val6 = 1 : <type 'int'>
time6 = <Arrow [1969-12-31T07:00:00+10:00]> : <class 'arrow.arrow.Arrow'>
time5 = <Arrow [1969-12-31T15:00:00-07:00]> : <class 'arrow.arrow.Arrow'>
=> time5 = <Arrow [0001-12-31T07:00:00+10:00]> : <class 'arrow.arrow.Arrow'>
==================================================
time4 = time3.replace(year=val6)                                        # STEP 50
ACTION: time4 = time3.replace(year=val6) 
val6 = 1 : <type 'int'>
time3 = <Arrow [1970-01-01T00:00:00+02:00]> : <class 'arrow.arrow.Arrow'>
time4 = <Arrow [1970-01-01T00:00:00+02:00]> : <class 'arrow.arrow.Arrow'>
=> time4 = <Arrow [0001-01-01T00:00:00+02:00]> : <class 'arrow.arrow.Arrow'>
==================================================
locale1 =  u'en_jp'                                                     # STEP 51
ACTION: locale1 =  u'en_jp' 
locale1 = u'az_az' : <type 'unicode'>
=> locale1 = u'en_jp' : <type 'unicode'>
==================================================
time3 = time4.to(zone3)                                                 # STEP 52
ACTION: time3 = time4.to(zone3) 
zone3 = 'Etc/Greenwich' : <type 'str'>
time4 = <Arrow [0001-01-01T00:00:00+02:00]> : <class 'arrow.arrow.Arrow'>
time3 = <Arrow [1970-01-01T00:00:00+02:00]> : <class 'arrow.arrow.Arrow'>
RAISED EXCEPTION: <type 'exceptions.OverflowError'> date value out of range
ERROR: (<type 'exceptions.OverflowError'>, OverflowError('date value out of range',), <traceback object at 0x10a2e45a8>)
TRACEBACK:
  File "/Users/alex/tstl/examples/arrow/sut.py", line 405705, in safely
    act[2]()
  File "/Users/alex/tstl/examples/arrow/sut.py", line 27231, in act778
    self.p_time[3] = self.p_time[4].to(self.p_zone[3])
  File "/Library/Frameworks/Python.framework/Versions/2.7/lib/python2.7/site-packages/arrow/arrow.py", line 510, in to
    dt = self._datetime.astimezone(tz)
FAILURE IS NEW, STORING; NOW 1 DISTINCT FAILURES
UNCAUGHT EXCEPTION
ERROR: (<type 'exceptions.OverflowError'>, OverflowError('date value out of range',), <traceback object at 0x10a394710>)
TRACEBACK:
  File "/Users/alex/tstl/examples/arrow/sut.py", line 405705, in safely
    act[2]()
  File "/Users/alex/tstl/examples/arrow/sut.py", line 24209, in act711
    self.p_time[2] = self.p_time[1].to(self.p_zone[1])
  File "/Library/Frameworks/Python.framework/Versions/2.7/lib/python2.7/site-packages/arrow/arrow.py", line 510, in to
    dt = self._datetime.astimezone(tz)
  File "/Library/Frameworks/Python.framework/Versions/2.7/lib/python2.7/site-packages/dateutil/tz/tz.py", line 667, in fromutc
    dt_out = dt + datetime.timedelta(seconds=tti.offset)
Original test has 47 steps

SAVING TEST AS failure.15242.test.1
FINAL VERSION OF TEST, WITH LOGGED REPLAY:
locale3 =  u'cs'                                                         # STEP 0
ACTION: locale3 =  u'cs' 
locale3 = None : <type 'NoneType'>
=> locale3 = u'cs' : <type 'unicode'>
==================================================
zone1 = 'US/Mountain'                                                    # STEP 1
ACTION: zone1 = 'US/Mountain'  
zone1 = None : <type 'NoneType'>
=> zone1 = 'US/Mountain' : <type 'str'>
==================================================
locale0 =  u'rm_ch'                                                      # STEP 2
ACTION: locale0 =  u'rm_ch' 
locale0 = None : <type 'NoneType'>
=> locale0 = u'rm_ch' : <type 'unicode'>
==================================================
locale4 =  u'be_by'                                                      # STEP 3
ACTION: locale4 =  u'be_by' 
locale4 = None : <type 'NoneType'>
=> locale4 = u'be_by' : <type 'unicode'>
==================================================
locale2 =  u'ca_fr'                                                      # STEP 4
ACTION: locale2 =  u'ca_fr' 
locale2 = None : <type 'NoneType'>
=> locale2 = u'ca_fr' : <type 'unicode'>
==================================================
locale1 =  u'hu_hu'                                                      # STEP 5
ACTION: locale1 =  u'hu_hu' 
locale1 = None : <type 'NoneType'>
=> locale1 = u'hu_hu' : <type 'unicode'>
==================================================
val8 = 0                                                                 # STEP 6
ACTION: val8 = 0 
val8 = None : <type 'NoneType'>
=> val8 = 0 : <type 'int'>
==================================================
val4 = 0                                                                 # STEP 7
ACTION: val4 = 0 
val4 = None : <type 'NoneType'>
=> val4 = 0 : <type 'int'>
==================================================
time6 = arrow.get(val8)                                                  # STEP 8
ACTION: time6 = arrow.get(val8) 
val8 = 0 : <type 'int'>
time6 = None : <type 'NoneType'>
=> time6 = <Arrow [1970-01-01T00:00:00+00:00]> : <class 'arrow.arrow.Arrow'>
==================================================
time8 = arrow.get(val8)                                                  # STEP 9
ACTION: time8 = arrow.get(val8) 
val8 = 0 : <type 'int'>
time8 = None : <type 'NoneType'>
=> time8 = <Arrow [1970-01-01T00:00:00+00:00]> : <class 'arrow.arrow.Arrow'>
==================================================
val4 += 1                                                               # STEP 10
ACTION: val4 += 1 
val4 = 0 : <type 'int'>
=> val4 = 1 : <type 'int'>
==================================================
val0 = 0                                                                # STEP 11
ACTION: val0 = 0 
val0 = None : <type 'NoneType'>
=> val0 = 0 : <type 'int'>
==================================================
time8.datetime                                                          # STEP 12
ACTION: time8.datetime 
time8 = <Arrow [1970-01-01T00:00:00+00:00]> : <class 'arrow.arrow.Arrow'>
==================================================
time7 = time6.replace(year=val4)                                        # STEP 13
ACTION: time7 = time6.replace(year=val4) 
val4 = 1 : <type 'int'>
time6 = <Arrow [1970-01-01T00:00:00+00:00]> : <class 'arrow.arrow.Arrow'>
time7 = None : <type 'NoneType'>
=> time7 = <Arrow [0001-01-01T00:00:00+00:00]> : <class 'arrow.arrow.Arrow'>
==================================================
time4 = time7.replace(seconds=val4)                                     # STEP 14
ACTION: time4 = time7.replace(seconds=val4) 
val4 = 1 : <type 'int'>
time7 = <Arrow [0001-01-01T00:00:00+00:00]> : <class 'arrow.arrow.Arrow'>
time4 = None : <type 'NoneType'>
=> time4 = <Arrow [0001-01-01T00:00:01+00:00]> : <class 'arrow.arrow.Arrow'>
==================================================
time5 = time8.replace(seconds=val0)                                     # STEP 15
ACTION: time5 = time8.replace(seconds=val0) 
val0 = 0 : <type 'int'>
time8 = <Arrow [1970-01-01T00:00:00+00:00]> : <class 'arrow.arrow.Arrow'>
time5 = None : <type 'NoneType'>
=> time5 = <Arrow [1970-01-01T00:00:00+00:00]> : <class 'arrow.arrow.Arrow'>
==================================================
time0 = time7.replace(minutes=val4)                                     # STEP 16
ACTION: time0 = time7.replace(minutes=val4) 
val4 = 1 : <type 'int'>
time7 = <Arrow [0001-01-01T00:00:00+00:00]> : <class 'arrow.arrow.Arrow'>
time0 = None : <type 'NoneType'>
=> time0 = <Arrow [0001-01-01T00:01:00+00:00]> : <class 'arrow.arrow.Arrow'>
==================================================
time2 = time8.replace(hours=val4)                                       # STEP 17
ACTION: time2 = time8.replace(hours=val4) 
val4 = 1 : <type 'int'>
time8 = <Arrow [1970-01-01T00:00:00+00:00]> : <class 'arrow.arrow.Arrow'>
time2 = None : <type 'NoneType'>
=> time2 = <Arrow [1970-01-01T01:00:00+00:00]> : <class 'arrow.arrow.Arrow'>
==================================================
time6 = time2.replace(minutes=val0)                                     # STEP 18
ACTION: time6 = time2.replace(minutes=val0) 
val0 = 0 : <type 'int'>
time2 = <Arrow [1970-01-01T01:00:00+00:00]> : <class 'arrow.arrow.Arrow'>
time6 = <Arrow [1970-01-01T00:00:00+00:00]> : <class 'arrow.arrow.Arrow'>
=> time6 = <Arrow [1970-01-01T01:00:00+00:00]> : <class 'arrow.arrow.Arrow'>
==================================================
time8 = time4.replace(seconds=val0)                                     # STEP 19
ACTION: time8 = time4.replace(seconds=val0) 
val0 = 0 : <type 'int'>
time4 = <Arrow [0001-01-01T00:00:01+00:00]> : <class 'arrow.arrow.Arrow'>
time8 = <Arrow [1970-01-01T00:00:00+00:00]> : <class 'arrow.arrow.Arrow'>
=> time8 = <Arrow [0001-01-01T00:00:01+00:00]> : <class 'arrow.arrow.Arrow'>
==================================================
time8.shift(hours=val4)                                                 # STEP 20
ACTION: time8.shift(hours=val4) 
val4 = 1 : <type 'int'>
time8 = <Arrow [0001-01-01T00:00:01+00:00]> : <class 'arrow.arrow.Arrow'>
==================================================
time9 = time8.replace(seconds=val8)                                     # STEP 21
ACTION: time9 = time8.replace(seconds=val8) 
val8 = 0 : <type 'int'>
time8 = <Arrow [0001-01-01T00:00:01+00:00]> : <class 'arrow.arrow.Arrow'>
time9 = None : <type 'NoneType'>
=> time9 = <Arrow [0001-01-01T00:00:01+00:00]> : <class 'arrow.arrow.Arrow'>
==================================================
time8 = time4.replace(seconds=val4)                                     # STEP 22
ACTION: time8 = time4.replace(seconds=val4) 
val4 = 1 : <type 'int'>
time4 = <Arrow [0001-01-01T00:00:01+00:00]> : <class 'arrow.arrow.Arrow'>
time8 = <Arrow [0001-01-01T00:00:01+00:00]> : <class 'arrow.arrow.Arrow'>
=> time8 = <Arrow [0001-01-01T00:00:02+00:00]> : <class 'arrow.arrow.Arrow'>
==================================================
time2.shift(hours=val8)                                                 # STEP 23
ACTION: time2.shift(hours=val8) 
val8 = 0 : <type 'int'>
time2 = <Arrow [1970-01-01T01:00:00+00:00]> : <class 'arrow.arrow.Arrow'>
==================================================
time4 = arrow.get(val4)                                                 # STEP 24
ACTION: time4 = arrow.get(val4) 
val4 = 1 : <type 'int'>
time4 = <Arrow [0001-01-01T00:00:01+00:00]> : <class 'arrow.arrow.Arrow'>
=> time4 = <Arrow [1970-01-01T00:00:01+00:00]> : <class 'arrow.arrow.Arrow'>
==================================================
time3 = time0.replace(hours=val0)                                       # STEP 25
ACTION: time3 = time0.replace(hours=val0) 
val0 = 0 : <type 'int'>
time0 = <Arrow [0001-01-01T00:01:00+00:00]> : <class 'arrow.arrow.Arrow'>
time3 = None : <type 'NoneType'>
=> time3 = <Arrow [0001-01-01T00:01:00+00:00]> : <class 'arrow.arrow.Arrow'>
==================================================
time9.shift(hours=val4)                                                 # STEP 26
ACTION: time9.shift(hours=val4) 
val4 = 1 : <type 'int'>
time9 = <Arrow [0001-01-01T00:00:01+00:00]> : <class 'arrow.arrow.Arrow'>
==================================================
time1 = time9.replace(seconds=val8)                                     # STEP 27
ACTION: time1 = time9.replace(seconds=val8) 
val8 = 0 : <type 'int'>
time9 = <Arrow [0001-01-01T00:00:01+00:00]> : <class 'arrow.arrow.Arrow'>
time1 = None : <type 'NoneType'>
=> time1 = <Arrow [0001-01-01T00:00:01+00:00]> : <class 'arrow.arrow.Arrow'>
==================================================
time7 = time4.to(zone1)                                                 # STEP 28
ACTION: time7 = time4.to(zone1) 
zone1 = 'US/Mountain' : <type 'str'>
time4 = <Arrow [1970-01-01T00:00:01+00:00]> : <class 'arrow.arrow.Arrow'>
time7 = <Arrow [0001-01-01T00:00:00+00:00]> : <class 'arrow.arrow.Arrow'>
=> time7 = <Arrow [1969-12-31T17:00:01-07:00]> : <class 'arrow.arrow.Arrow'>
==================================================
time0.humanize(locale=locale2)                                          # STEP 29
ACTION: time0.humanize(locale=locale2) 
locale2 = u'ca_fr' : <type 'unicode'>
time0 = <Arrow [0001-01-01T00:01:00+00:00]> : <class 'arrow.arrow.Arrow'>
==================================================
time9.shift(hours=val0)                                                 # STEP 30
ACTION: time9.shift(hours=val0) 
val0 = 0 : <type 'int'>
time9 = <Arrow [0001-01-01T00:00:01+00:00]> : <class 'arrow.arrow.Arrow'>
==================================================
time2 = time2.replace(minutes=val4)                                     # STEP 31
ACTION: time2 = time2.replace(minutes=val4) 
val4 = 1 : <type 'int'>
time2 = <Arrow [1970-01-01T01:00:00+00:00]> : <class 'arrow.arrow.Arrow'>
=> time2 = <Arrow [1970-01-01T01:01:00+00:00]> : <class 'arrow.arrow.Arrow'>
==================================================
locale2 =  u'ml'                                                        # STEP 32
ACTION: locale2 =  u'ml' 
locale2 = u'ca_fr' : <type 'unicode'>
=> locale2 = u'ml' : <type 'unicode'>
==================================================
time0 = time2.replace(hours=val0)                                       # STEP 33
ACTION: time0 = time2.replace(hours=val0) 
val0 = 0 : <type 'int'>
time2 = <Arrow [1970-01-01T01:01:00+00:00]> : <class 'arrow.arrow.Arrow'>
time0 = <Arrow [0001-01-01T00:01:00+00:00]> : <class 'arrow.arrow.Arrow'>
=> time0 = <Arrow [1970-01-01T01:01:00+00:00]> : <class 'arrow.arrow.Arrow'>
==================================================
time9 = time0.replace(seconds=val8)                                     # STEP 34
ACTION: time9 = time0.replace(seconds=val8) 
val8 = 0 : <type 'int'>
time0 = <Arrow [1970-01-01T01:01:00+00:00]> : <class 'arrow.arrow.Arrow'>
time9 = <Arrow [0001-01-01T00:00:01+00:00]> : <class 'arrow.arrow.Arrow'>
=> time9 = <Arrow [1970-01-01T01:01:00+00:00]> : <class 'arrow.arrow.Arrow'>
==================================================
time9.format()                                                          # STEP 35
ACTION: time9.format() 
time9 = <Arrow [1970-01-01T01:01:00+00:00]> : <class 'arrow.arrow.Arrow'>
==================================================
time8.shift(seconds=val0)                                               # STEP 36
ACTION: time8.shift(seconds=val0) 
val0 = 0 : <type 'int'>
time8 = <Arrow [0001-01-01T00:00:02+00:00]> : <class 'arrow.arrow.Arrow'>
==================================================
time0 = time1.replace(minutes=val0)                                     # STEP 37
ACTION: time0 = time1.replace(minutes=val0) 
val0 = 0 : <type 'int'>
time1 = <Arrow [0001-01-01T00:00:01+00:00]> : <class 'arrow.arrow.Arrow'>
time0 = <Arrow [1970-01-01T01:01:00+00:00]> : <class 'arrow.arrow.Arrow'>
=> time0 = <Arrow [0001-01-01T00:00:01+00:00]> : <class 'arrow.arrow.Arrow'>
==================================================
time2 = time9.replace(hours=val0)                                       # STEP 38
ACTION: time2 = time9.replace(hours=val0) 
val0 = 0 : <type 'int'>
time9 = <Arrow [1970-01-01T01:01:00+00:00]> : <class 'arrow.arrow.Arrow'>
time2 = <Arrow [1970-01-01T01:01:00+00:00]> : <class 'arrow.arrow.Arrow'>
==================================================
time5.timestamp                                                         # STEP 39
ACTION: time5.timestamp 
time5 = <Arrow [1970-01-01T00:00:00+00:00]> : <class 'arrow.arrow.Arrow'>
==================================================
time5 = time4.replace(seconds=val8)                                     # STEP 40
ACTION: time5 = time4.replace(seconds=val8) 
val8 = 0 : <type 'int'>
time4 = <Arrow [1970-01-01T00:00:01+00:00]> : <class 'arrow.arrow.Arrow'>
time5 = <Arrow [1970-01-01T00:00:00+00:00]> : <class 'arrow.arrow.Arrow'>
=> time5 = <Arrow [1970-01-01T00:00:01+00:00]> : <class 'arrow.arrow.Arrow'>
==================================================
time8 = time2.to(zone1)                                                 # STEP 41
ACTION: time8 = time2.to(zone1) 
zone1 = 'US/Mountain' : <type 'str'>
time2 = <Arrow [1970-01-01T01:01:00+00:00]> : <class 'arrow.arrow.Arrow'>
time8 = <Arrow [0001-01-01T00:00:02+00:00]> : <class 'arrow.arrow.Arrow'>
=> time8 = <Arrow [1969-12-31T18:01:00-07:00]> : <class 'arrow.arrow.Arrow'>
==================================================
time9 = time8.replace(minutes=val8)                                     # STEP 42
ACTION: time9 = time8.replace(minutes=val8) 
val8 = 0 : <type 'int'>
time8 = <Arrow [1969-12-31T18:01:00-07:00]> : <class 'arrow.arrow.Arrow'>
time9 = <Arrow [1970-01-01T01:01:00+00:00]> : <class 'arrow.arrow.Arrow'>
=> time9 = <Arrow [1969-12-31T18:01:00-07:00]> : <class 'arrow.arrow.Arrow'>
==================================================
val4 = 0                                                                # STEP 43
ACTION: val4 = 0 
val4 = 1 : <type 'int'>
=> val4 = 0 : <type 'int'>
==================================================
time3.datetime                                                          # STEP 44
ACTION: time3.datetime 
time3 = <Arrow [0001-01-01T00:01:00+00:00]> : <class 'arrow.arrow.Arrow'>
==================================================
time4 = time6.replace(seconds=val8)                                     # STEP 45
ACTION: time4 = time6.replace(seconds=val8) 
val8 = 0 : <type 'int'>
time6 = <Arrow [1970-01-01T01:00:00+00:00]> : <class 'arrow.arrow.Arrow'>
time4 = <Arrow [1970-01-01T00:00:01+00:00]> : <class 'arrow.arrow.Arrow'>
=> time4 = <Arrow [1970-01-01T01:00:00+00:00]> : <class 'arrow.arrow.Arrow'>
==================================================
time2 = time1.to(zone1)                                                 # STEP 46
ACTION: time2 = time1.to(zone1) 
zone1 = 'US/Mountain' : <type 'str'>
time1 = <Arrow [0001-01-01T00:00:01+00:00]> : <class 'arrow.arrow.Arrow'>
time2 = <Arrow [1970-01-01T01:01:00+00:00]> : <class 'arrow.arrow.Arrow'>
RAISED EXCEPTION: <type 'exceptions.OverflowError'> date value out of range
ERROR: (<type 'exceptions.OverflowError'>, OverflowError('date value out of range',), <traceback object at 0x10a394758>)
TRACEBACK:
  File "/Users/alex/tstl/examples/arrow/sut.py", line 405705, in safely
    act[2]()
  File "/Users/alex/tstl/examples/arrow/sut.py", line 24209, in act711
    self.p_time[2] = self.p_time[1].to(self.p_zone[1])
  File "/Library/Frameworks/Python.framework/Versions/2.7/lib/python2.7/site-packages/arrow/arrow.py", line 510, in to
    dt = self._datetime.astimezone(tz)
  File "/Library/Frameworks/Python.framework/Versions/2.7/lib/python2.7/site-packages/dateutil/tz/tz.py", line 667, in fromutc
    dt_out = dt + datetime.timedelta(seconds=tti.offset)
FAILURE IS NEW, STORING; NOW 2 DISTINCT FAILURES
UNCAUGHT EXCEPTION
ERROR: (<type 'exceptions.OverflowError'>, OverflowError('date value out of range',), <traceback object at 0x10a3cc638>)
TRACEBACK:
  File "/Users/alex/tstl/examples/arrow/sut.py", line 405705, in safely
    act[2]()
  File "/Users/alex/tstl/examples/arrow/sut.py", line 32737, in act899
    self.p_time[5] = self.p_time[8].to(self.p_zone[4])
  File "/Library/Frameworks/Python.framework/Versions/2.7/lib/python2.7/site-packages/arrow/arrow.py", line 510, in to
    dt = self._datetime.astimezone(tz)
  File "/Library/Frameworks/Python.framework/Versions/2.7/lib/python2.7/site-packages/dateutil/tz/tz.py", line 667, in fromutc
    dt_out = dt + datetime.timedelta(seconds=tti.offset)
Original test has 30 steps

SAVING TEST AS failure.15242.test.2
FINAL VERSION OF TEST, WITH LOGGED REPLAY:
locale1 =  u'en_au'                                                      # STEP 0
ACTION: locale1 =  u'en_au' 
locale1 = None : <type 'NoneType'>
=> locale1 = u'en_au' : <type 'unicode'>
==================================================
zone4 = 'US/Eastern'                                                     # STEP 1
ACTION: zone4 = 'US/Eastern'  
zone4 = None : <type 'NoneType'>
=> zone4 = 'US/Eastern' : <type 'str'>
==================================================
locale4 =  u'ca_it'                                                      # STEP 2
ACTION: locale4 =  u'ca_it' 
locale4 = None : <type 'NoneType'>
=> locale4 = u'ca_it' : <type 'unicode'>
==================================================
locale2 =  u'he_il'                                                      # STEP 3
ACTION: locale2 =  u'he_il' 
locale2 = None : <type 'NoneType'>
=> locale2 = u'he_il' : <type 'unicode'>
==================================================
locale0 =  u'fr_fr'                                                      # STEP 4
ACTION: locale0 =  u'fr_fr' 
locale0 = None : <type 'NoneType'>
=> locale0 = u'fr_fr' : <type 'unicode'>
==================================================
locale3 =  u'fi_fi'                                                      # STEP 5
ACTION: locale3 =  u'fi_fi' 
locale3 = None : <type 'NoneType'>
=> locale3 = u'fi_fi' : <type 'unicode'>
==================================================
zone1 = 'Poland'                                                         # STEP 6
ACTION: zone1 = 'Poland'  
zone1 = None : <type 'NoneType'>
=> zone1 = 'Poland' : <type 'str'>
==================================================
val6 = 0                                                                 # STEP 7
ACTION: val6 = 0 
val6 = None : <type 'NoneType'>
=> val6 = 0 : <type 'int'>
==================================================
zone3 = 'Africa/Cairo'                                                   # STEP 8
ACTION: zone3 = 'Africa/Cairo'  
zone3 = None : <type 'NoneType'>
=> zone3 = 'Africa/Cairo' : <type 'str'>
==================================================
time9 = arrow.get(val6)                                                  # STEP 9
ACTION: time9 = arrow.get(val6) 
val6 = 0 : <type 'int'>
time9 = None : <type 'NoneType'>
=> time9 = <Arrow [1970-01-01T00:00:00+00:00]> : <class 'arrow.arrow.Arrow'>
==================================================
time9.shift(weeks=val6)                                                 # STEP 10
ACTION: time9.shift(weeks=val6) 
val6 = 0 : <type 'int'>
time9 = <Arrow [1970-01-01T00:00:00+00:00]> : <class 'arrow.arrow.Arrow'>
==================================================
time4 = arrow.get(val6)                                                 # STEP 11
ACTION: time4 = arrow.get(val6) 
val6 = 0 : <type 'int'>
time4 = None : <type 'NoneType'>
=> time4 = <Arrow [1970-01-01T00:00:00+00:00]> : <class 'arrow.arrow.Arrow'>
==================================================
time3 = arrow.get(val6)                                                 # STEP 12
ACTION: time3 = arrow.get(val6) 
val6 = 0 : <type 'int'>
time3 = None : <type 'NoneType'>
=> time3 = <Arrow [1970-01-01T00:00:00+00:00]> : <class 'arrow.arrow.Arrow'>
==================================================
time4.shift(minutes=val6)                                               # STEP 13
ACTION: time4.shift(minutes=val6) 
val6 = 0 : <type 'int'>
time4 = <Arrow [1970-01-01T00:00:00+00:00]> : <class 'arrow.arrow.Arrow'>
==================================================
time5 = time9.to(zone4)                                                 # STEP 14
ACTION: time5 = time9.to(zone4) 
zone4 = 'US/Eastern' : <type 'str'>
time9 = <Arrow [1970-01-01T00:00:00+00:00]> : <class 'arrow.arrow.Arrow'>
time5 = None : <type 'NoneType'>
=> time5 = <Arrow [1969-12-31T19:00:00-05:00]> : <class 'arrow.arrow.Arrow'>
==================================================
time4.humanize(locale=locale2)                                          # STEP 15
ACTION: time4.humanize(locale=locale2) 
locale2 = u'he_il' : <type 'unicode'>
time4 = <Arrow [1970-01-01T00:00:00+00:00]> : <class 'arrow.arrow.Arrow'>
==================================================
val6 += 1                                                               # STEP 16
ACTION: val6 += 1 
val6 = 0 : <type 'int'>
=> val6 = 1 : <type 'int'>
==================================================
locale2 =  u'ua'                                                        # STEP 17
ACTION: locale2 =  u'ua' 
locale2 = u'he_il' : <type 'unicode'>
=> locale2 = u'ua' : <type 'unicode'>
==================================================
time2 = time4.to(zone1)                                                 # STEP 18
ACTION: time2 = time4.to(zone1) 
zone1 = 'Poland' : <type 'str'>
time4 = <Arrow [1970-01-01T00:00:00+00:00]> : <class 'arrow.arrow.Arrow'>
time2 = None : <type 'NoneType'>
=> time2 = <Arrow [1970-01-01T01:00:00+01:00]> : <class 'arrow.arrow.Arrow'>
==================================================
zone1 = 'Australia/Brisbane'                                            # STEP 19
ACTION: zone1 = 'Australia/Brisbane'  
zone1 = 'Poland' : <type 'str'>
=> zone1 = 'Australia/Brisbane' : <type 'str'>
==================================================
time8 = time5.to(zone4)                                                 # STEP 20
ACTION: time8 = time5.to(zone4) 
zone4 = 'US/Eastern' : <type 'str'>
time5 = <Arrow [1969-12-31T19:00:00-05:00]> : <class 'arrow.arrow.Arrow'>
time8 = None : <type 'NoneType'>
=> time8 = <Arrow [1969-12-31T19:00:00-05:00]> : <class 'arrow.arrow.Arrow'>
==================================================
time6 = time8.to(zone3)                                                 # STEP 21
ACTION: time6 = time8.to(zone3) 
zone3 = 'Africa/Cairo' : <type 'str'>
time8 = <Arrow [1969-12-31T19:00:00-05:00]> : <class 'arrow.arrow.Arrow'>
time6 = None : <type 'NoneType'>
=> time6 = <Arrow [1970-01-01T02:00:00+02:00]> : <class 'arrow.arrow.Arrow'>
==================================================
time5 = time9.to(zone3)                                                 # STEP 22
ACTION: time5 = time9.to(zone3) 
zone3 = 'Africa/Cairo' : <type 'str'>
time9 = <Arrow [1970-01-01T00:00:00+00:00]> : <class 'arrow.arrow.Arrow'>
time5 = <Arrow [1969-12-31T19:00:00-05:00]> : <class 'arrow.arrow.Arrow'>
=> time5 = <Arrow [1970-01-01T02:00:00+02:00]> : <class 'arrow.arrow.Arrow'>
==================================================
time1 = time9.to(zone3)                                                 # STEP 23
ACTION: time1 = time9.to(zone3) 
zone3 = 'Africa/Cairo' : <type 'str'>
time9 = <Arrow [1970-01-01T00:00:00+00:00]> : <class 'arrow.arrow.Arrow'>
time1 = None : <type 'NoneType'>
=> time1 = <Arrow [1970-01-01T02:00:00+02:00]> : <class 'arrow.arrow.Arrow'>
==================================================
time7 = time5.to(zone1)                                                 # STEP 24
ACTION: time7 = time5.to(zone1) 
zone1 = 'Australia/Brisbane' : <type 'str'>
time5 = <Arrow [1970-01-01T02:00:00+02:00]> : <class 'arrow.arrow.Arrow'>
time7 = None : <type 'NoneType'>
=> time7 = <Arrow [1970-01-01T10:00:00+10:00]> : <class 'arrow.arrow.Arrow'>
==================================================
time2.shift(weeks=val6)                                                 # STEP 25
ACTION: time2.shift(weeks=val6) 
val6 = 1 : <type 'int'>
time2 = <Arrow [1970-01-01T01:00:00+01:00]> : <class 'arrow.arrow.Arrow'>
==================================================
time8 = time7.replace(year=val6)                                        # STEP 26
ACTION: time8 = time7.replace(year=val6) 
val6 = 1 : <type 'int'>
time7 = <Arrow [1970-01-01T10:00:00+10:00]> : <class 'arrow.arrow.Arrow'>
time8 = <Arrow [1969-12-31T19:00:00-05:00]> : <class 'arrow.arrow.Arrow'>
=> time8 = <Arrow [0001-01-01T10:00:00+10:00]> : <class 'arrow.arrow.Arrow'>
==================================================
time7 = time9.to(zone4)                                                 # STEP 27
ACTION: time7 = time9.to(zone4) 
zone4 = 'US/Eastern' : <type 'str'>
time9 = <Arrow [1970-01-01T00:00:00+00:00]> : <class 'arrow.arrow.Arrow'>
time7 = <Arrow [1970-01-01T10:00:00+10:00]> : <class 'arrow.arrow.Arrow'>
=> time7 = <Arrow [1969-12-31T19:00:00-05:00]> : <class 'arrow.arrow.Arrow'>
==================================================
time0 = time1.to(zone3)                                                 # STEP 28
ACTION: time0 = time1.to(zone3) 
zone3 = 'Africa/Cairo' : <type 'str'>
time1 = <Arrow [1970-01-01T02:00:00+02:00]> : <class 'arrow.arrow.Arrow'>
time0 = None : <type 'NoneType'>
=> time0 = <Arrow [1970-01-01T02:00:00+02:00]> : <class 'arrow.arrow.Arrow'>
==================================================
time5 = time8.to(zone4)                                                 # STEP 29
ACTION: time5 = time8.to(zone4) 
zone4 = 'US/Eastern' : <type 'str'>
time8 = <Arrow [0001-01-01T10:00:00+10:00]> : <class 'arrow.arrow.Arrow'>
time5 = <Arrow [1970-01-01T02:00:00+02:00]> : <class 'arrow.arrow.Arrow'>
RAISED EXCEPTION: <type 'exceptions.OverflowError'> date value out of range
ERROR: (<type 'exceptions.OverflowError'>, OverflowError('date value out of range',), <traceback object at 0x10a3bfbd8>)
TRACEBACK:
  File "/Users/alex/tstl/examples/arrow/sut.py", line 405705, in safely
    act[2]()
  File "/Users/alex/tstl/examples/arrow/sut.py", line 32737, in act899
    self.p_time[5] = self.p_time[8].to(self.p_zone[4])
  File "/Library/Frameworks/Python.framework/Versions/2.7/lib/python2.7/site-packages/arrow/arrow.py", line 510, in to
    dt = self._datetime.astimezone(tz)
  File "/Library/Frameworks/Python.framework/Versions/2.7/lib/python2.7/site-packages/dateutil/tz/tz.py", line 667, in fromutc
    dt_out = dt + datetime.timedelta(seconds=tti.offset)
FAILURE IS NEW, STORING; NOW 3 DISTINCT FAILURES
TEST #227 STEP #15 (0:00:30.000202) Tue Nov 21 20:40:43 2017 [ 257 stmts 344 branches ] (no cov+ for 42 tests) 22445 TOTAL ACTIONS (748.161630528/s)
UNCAUGHT EXCEPTION
ERROR: (<type 'exceptions.ValueError'>, ValueError('year is out of range',), <traceback object at 0x10a468e60>)
TRACEBACK:
  File "/Users/alex/tstl/examples/arrow/sut.py", line 405705, in safely
    act[2]()
  File "/Users/alex/tstl/examples/arrow/sut.py", line 306215, in act6821
    self.p_time[6].shift(years=self.p_val[6])
  File "/Library/Frameworks/Python.framework/Versions/2.7/lib/python2.7/site-packages/arrow/arrow.py", line 467, in shift
    current = self._datetime + relativedelta(**relative_kwargs)
  File "/Library/Frameworks/Python.framework/Versions/2.7/lib/python2.7/site-packages/dateutil/relativedelta.py", line 391, in __radd__
    return self.__add__(other)
  File "/Library/Frameworks/Python.framework/Versions/2.7/lib/python2.7/site-packages/dateutil/relativedelta.py", line 363, in __add__
    day = min(calendar.monthrange(year, month)[1],
  File "/Library/Frameworks/Python.framework/Versions/2.7/lib/python2.7/calendar.py", line 121, in monthrange
    day1 = weekday(year, month, 1)
  File "/Library/Frameworks/Python.framework/Versions/2.7/lib/python2.7/calendar.py", line 113, in weekday
    return datetime.date(year, month, day).weekday()
Original test has 62 steps

SAVING TEST AS failure.15242.test.3
FINAL VERSION OF TEST, WITH LOGGED REPLAY:
locale3 =  u'es_es'                                                      # STEP 0
ACTION: locale3 =  u'es_es' 
locale3 = None : <type 'NoneType'>
=> locale3 = u'es_es' : <type 'unicode'>
==================================================
locale4 =  u'en_us'                                                      # STEP 1
ACTION: locale4 =  u'en_us' 
locale4 = None : <type 'NoneType'>
=> locale4 = u'en_us' : <type 'unicode'>
==================================================
locale1 =  u'fr_fr'                                                      # STEP 2
ACTION: locale1 =  u'fr_fr' 
locale1 = None : <type 'NoneType'>
=> locale1 = u'fr_fr' : <type 'unicode'>
==================================================
locale2 =  u'bg'                                                         # STEP 3
ACTION: locale2 =  u'bg' 
locale2 = None : <type 'NoneType'>
=> locale2 = u'bg' : <type 'unicode'>
==================================================
zone3 = 'Europe/Rome'                                                    # STEP 4
ACTION: zone3 = 'Europe/Rome'  
zone3 = None : <type 'NoneType'>
=> zone3 = 'Europe/Rome' : <type 'str'>
==================================================
locale0 =  u'hu_hu'                                                      # STEP 5
ACTION: locale0 =  u'hu_hu' 
locale0 = None : <type 'NoneType'>
=> locale0 = u'hu_hu' : <type 'unicode'>
==================================================
val1 = 0                                                                 # STEP 6
ACTION: val1 = 0 
val1 = None : <type 'NoneType'>
=> val1 = 0 : <type 'int'>
==================================================
zone4 = 'US/Eastern'                                                     # STEP 7
ACTION: zone4 = 'US/Eastern'  
zone4 = None : <type 'NoneType'>
=> zone4 = 'US/Eastern' : <type 'str'>
==================================================
time2 = arrow.now(zone3)                                                 # STEP 8
ACTION: time2 = arrow.now(zone3) 
zone3 = 'Europe/Rome' : <type 'str'>
time2 = None : <type 'NoneType'>
=> time2 = <Arrow [2017-11-22T05:41:07.029771+01:00]> : <class 'arrow.arrow.Arrow'>
==================================================
val6 = 0                                                                 # STEP 9
ACTION: val6 = 0 
val6 = None : <type 'NoneType'>
=> val6 = 0 : <type 'int'>
==================================================
time8 = arrow.utcnow()                                                  # STEP 10
ACTION: time8 = arrow.utcnow() 
time8 = None : <type 'NoneType'>
=> time8 = <Arrow [2017-11-22T04:41:07.030865+00:00]> : <class 'arrow.arrow.Arrow'>
==================================================
zone2 = 'Africa/Cairo'                                                  # STEP 11
ACTION: zone2 = 'Africa/Cairo'  
zone2 = None : <type 'NoneType'>
=> zone2 = 'Africa/Cairo' : <type 'str'>
==================================================
time2.shift(hours=val1)                                                 # STEP 12
ACTION: time2.shift(hours=val1) 
val1 = 0 : <type 'int'>
time2 = <Arrow [2017-11-22T05:41:07.029771+01:00]> : <class 'arrow.arrow.Arrow'>
==================================================
time0 = arrow.now(zone3)                                                # STEP 13
ACTION: time0 = arrow.now(zone3) 
zone3 = 'Europe/Rome' : <type 'str'>
time0 = None : <type 'NoneType'>
=> time0 = <Arrow [2017-11-22T05:41:07.032972+01:00]> : <class 'arrow.arrow.Arrow'>
==================================================
time8.shift(months=val1)                                                # STEP 14
ACTION: time8.shift(months=val1) 
val1 = 0 : <type 'int'>
time8 = <Arrow [2017-11-22T04:41:07.030865+00:00]> : <class 'arrow.arrow.Arrow'>
==================================================
time8.shift(months=val6)                                                # STEP 15
ACTION: time8.shift(months=val6) 
val6 = 0 : <type 'int'>
time8 = <Arrow [2017-11-22T04:41:07.030865+00:00]> : <class 'arrow.arrow.Arrow'>
==================================================
time7 = time2.replace(minutes=val1)                                     # STEP 16
ACTION: time7 = time2.replace(minutes=val1) 
val1 = 0 : <type 'int'>
time2 = <Arrow [2017-11-22T05:41:07.029771+01:00]> : <class 'arrow.arrow.Arrow'>
time7 = None : <type 'NoneType'>
=> time7 = <Arrow [2017-11-22T05:41:07.029771+01:00]> : <class 'arrow.arrow.Arrow'>
==================================================
time0.humanize(locale=locale3)                                          # STEP 17
ACTION: time0.humanize(locale=locale3) 
locale3 = u'es_es' : <type 'unicode'>
time0 = <Arrow [2017-11-22T05:41:07.032972+01:00]> : <class 'arrow.arrow.Arrow'>
==================================================
locale3 =  u'pt'                                                        # STEP 18
ACTION: locale3 =  u'pt' 
locale3 = u'es_es' : <type 'unicode'>
=> locale3 = u'pt' : <type 'unicode'>
==================================================
time8 = arrow.now(zone2)                                                # STEP 19
ACTION: time8 = arrow.now(zone2) 
zone2 = 'Africa/Cairo' : <type 'str'>
time8 = <Arrow [2017-11-22T04:41:07.030865+00:00]> : <class 'arrow.arrow.Arrow'>
=> time8 = <Arrow [2017-11-22T06:41:07.037154+02:00]> : <class 'arrow.arrow.Arrow'>
==================================================
time9 = time7.replace(seconds=val1)                                     # STEP 20
ACTION: time9 = time7.replace(seconds=val1) 
val1 = 0 : <type 'int'>
time7 = <Arrow [2017-11-22T05:41:07.029771+01:00]> : <class 'arrow.arrow.Arrow'>
time9 = None : <type 'NoneType'>
=> time9 = <Arrow [2017-11-22T05:41:07.029771+01:00]> : <class 'arrow.arrow.Arrow'>
==================================================
time8.shift(years=val1)                                                 # STEP 21
ACTION: time8.shift(years=val1) 
val1 = 0 : <type 'int'>
time8 = <Arrow [2017-11-22T06:41:07.037154+02:00]> : <class 'arrow.arrow.Arrow'>
==================================================
time2 = time2.replace(minutes=val1)                                     # STEP 22
ACTION: time2 = time2.replace(minutes=val1) 
val1 = 0 : <type 'int'>
time2 = <Arrow [2017-11-22T05:41:07.029771+01:00]> : <class 'arrow.arrow.Arrow'>
==================================================
time4 = time7.replace(minutes=val6)                                     # STEP 23
ACTION: time4 = time7.replace(minutes=val6) 
val6 = 0 : <type 'int'>
time7 = <Arrow [2017-11-22T05:41:07.029771+01:00]> : <class 'arrow.arrow.Arrow'>
time4 = None : <type 'NoneType'>
=> time4 = <Arrow [2017-11-22T05:41:07.029771+01:00]> : <class 'arrow.arrow.Arrow'>
==================================================
time8 = time8.replace(seconds=val6)                                     # STEP 24
ACTION: time8 = time8.replace(seconds=val6) 
val6 = 0 : <type 'int'>
time8 = <Arrow [2017-11-22T06:41:07.037154+02:00]> : <class 'arrow.arrow.Arrow'>
==================================================
time5 = time4.replace(seconds=val1)                                     # STEP 25
ACTION: time5 = time4.replace(seconds=val1) 
val1 = 0 : <type 'int'>
time4 = <Arrow [2017-11-22T05:41:07.029771+01:00]> : <class 'arrow.arrow.Arrow'>
time5 = None : <type 'NoneType'>
=> time5 = <Arrow [2017-11-22T05:41:07.029771+01:00]> : <class 'arrow.arrow.Arrow'>
==================================================
val1 += 1                                                               # STEP 26
ACTION: val1 += 1 
val1 = 0 : <type 'int'>
=> val1 = 1 : <type 'int'>
==================================================
time4.year                                                              # STEP 27
ACTION: time4.year 
time4 = <Arrow [2017-11-22T05:41:07.029771+01:00]> : <class 'arrow.arrow.Arrow'>
==================================================
time1 = time5.replace(minutes=val6)                                     # STEP 28
ACTION: time1 = time5.replace(minutes=val6) 
val6 = 0 : <type 'int'>
time5 = <Arrow [2017-11-22T05:41:07.029771+01:00]> : <class 'arrow.arrow.Arrow'>
time1 = None : <type 'NoneType'>
=> time1 = <Arrow [2017-11-22T05:41:07.029771+01:00]> : <class 'arrow.arrow.Arrow'>
==================================================
time5.shift(months=val1)                                                # STEP 29
ACTION: time5.shift(months=val1) 
val1 = 1 : <type 'int'>
time5 = <Arrow [2017-11-22T05:41:07.029771+01:00]> : <class 'arrow.arrow.Arrow'>
==================================================
time7.timestamp                                                         # STEP 30
ACTION: time7.timestamp 
time7 = <Arrow [2017-11-22T05:41:07.029771+01:00]> : <class 'arrow.arrow.Arrow'>
==================================================
time0 = arrow.now(zone2)                                                # STEP 31
ACTION: time0 = arrow.now(zone2) 
zone2 = 'Africa/Cairo' : <type 'str'>
time0 = <Arrow [2017-11-22T05:41:07.032972+01:00]> : <class 'arrow.arrow.Arrow'>
=> time0 = <Arrow [2017-11-22T06:41:07.045302+02:00]> : <class 'arrow.arrow.Arrow'>
==================================================
zone2 = 'Africa/Cairo'                                                  # STEP 32
ACTION: zone2 = 'Africa/Cairo'  
zone2 = 'Africa/Cairo' : <type 'str'>
==================================================
time6 = time5.replace(minutes=val6)                                     # STEP 33
ACTION: time6 = time5.replace(minutes=val6) 
val6 = 0 : <type 'int'>
time5 = <Arrow [2017-11-22T05:41:07.029771+01:00]> : <class 'arrow.arrow.Arrow'>
time6 = None : <type 'NoneType'>
=> time6 = <Arrow [2017-11-22T05:41:07.029771+01:00]> : <class 'arrow.arrow.Arrow'>
==================================================
time6.humanize(locale=locale3)                                          # STEP 34
ACTION: time6.humanize(locale=locale3) 
locale3 = u'pt' : <type 'unicode'>
time6 = <Arrow [2017-11-22T05:41:07.029771+01:00]> : <class 'arrow.arrow.Arrow'>
==================================================
time6 = time9.replace(minutes=val1)                                     # STEP 35
ACTION: time6 = time9.replace(minutes=val1) 
val1 = 1 : <type 'int'>
time9 = <Arrow [2017-11-22T05:41:07.029771+01:00]> : <class 'arrow.arrow.Arrow'>
time6 = <Arrow [2017-11-22T05:41:07.029771+01:00]> : <class 'arrow.arrow.Arrow'>
=> time6 = <Arrow [2017-11-22T05:42:07.029771+01:00]> : <class 'arrow.arrow.Arrow'>
==================================================
locale3 =  u'th'                                                        # STEP 36
ACTION: locale3 =  u'th' 
locale3 = u'pt' : <type 'unicode'>
=> locale3 = u'th' : <type 'unicode'>
==================================================
time2.timestamp                                                         # STEP 37
ACTION: time2.timestamp 
time2 = <Arrow [2017-11-22T05:41:07.029771+01:00]> : <class 'arrow.arrow.Arrow'>
==================================================
time5.shift(years=val6)                                                 # STEP 38
ACTION: time5.shift(years=val6) 
val6 = 0 : <type 'int'>
time5 = <Arrow [2017-11-22T05:41:07.029771+01:00]> : <class 'arrow.arrow.Arrow'>
==================================================
time4 = time4.replace(seconds=val1)                                     # STEP 39
ACTION: time4 = time4.replace(seconds=val1) 
val1 = 1 : <type 'int'>
time4 = <Arrow [2017-11-22T05:41:07.029771+01:00]> : <class 'arrow.arrow.Arrow'>
=> time4 = <Arrow [2017-11-22T05:41:08.029771+01:00]> : <class 'arrow.arrow.Arrow'>
==================================================
time5 = time9.replace(seconds=val1)                                     # STEP 40
ACTION: time5 = time9.replace(seconds=val1) 
val1 = 1 : <type 'int'>
time9 = <Arrow [2017-11-22T05:41:07.029771+01:00]> : <class 'arrow.arrow.Arrow'>
time5 = <Arrow [2017-11-22T05:41:07.029771+01:00]> : <class 'arrow.arrow.Arrow'>
=> time5 = <Arrow [2017-11-22T05:41:08.029771+01:00]> : <class 'arrow.arrow.Arrow'>
==================================================
time9 = time9.replace(minutes=val1)                                     # STEP 41
ACTION: time9 = time9.replace(minutes=val1) 
val1 = 1 : <type 'int'>
time9 = <Arrow [2017-11-22T05:41:07.029771+01:00]> : <class 'arrow.arrow.Arrow'>
=> time9 = <Arrow [2017-11-22T05:42:07.029771+01:00]> : <class 'arrow.arrow.Arrow'>
==================================================
time7 = time4.replace(year=val1)                                        # STEP 42
ACTION: time7 = time4.replace(year=val1) 
val1 = 1 : <type 'int'>
time4 = <Arrow [2017-11-22T05:41:08.029771+01:00]> : <class 'arrow.arrow.Arrow'>
time7 = <Arrow [2017-11-22T05:41:07.029771+01:00]> : <class 'arrow.arrow.Arrow'>
=> time7 = <Arrow [0001-11-22T05:41:08.029771+01:00]> : <class 'arrow.arrow.Arrow'>
==================================================
time4 = time5.replace(seconds=val1)                                     # STEP 43
ACTION: time4 = time5.replace(seconds=val1) 
val1 = 1 : <type 'int'>
time5 = <Arrow [2017-11-22T05:41:08.029771+01:00]> : <class 'arrow.arrow.Arrow'>
time4 = <Arrow [2017-11-22T05:41:08.029771+01:00]> : <class 'arrow.arrow.Arrow'>
=> time4 = <Arrow [2017-11-22T05:41:09.029771+01:00]> : <class 'arrow.arrow.Arrow'>
==================================================
time2 = time5.replace(year=val1)                                        # STEP 44
ACTION: time2 = time5.replace(year=val1) 
val1 = 1 : <type 'int'>
time5 = <Arrow [2017-11-22T05:41:08.029771+01:00]> : <class 'arrow.arrow.Arrow'>
time2 = <Arrow [2017-11-22T05:41:07.029771+01:00]> : <class 'arrow.arrow.Arrow'>
=> time2 = <Arrow [0001-11-22T05:41:08.029771+01:00]> : <class 'arrow.arrow.Arrow'>
==================================================
time5 = arrow.now(zone4)                                                # STEP 45
ACTION: time5 = arrow.now(zone4) 
zone4 = 'US/Eastern' : <type 'str'>
time5 = <Arrow [2017-11-22T05:41:08.029771+01:00]> : <class 'arrow.arrow.Arrow'>
=> time5 = <Arrow [2017-11-21T23:41:07.055105-05:00]> : <class 'arrow.arrow.Arrow'>
==================================================
time0.shift(seconds=val6)                                               # STEP 46
ACTION: time0.shift(seconds=val6) 
val6 = 0 : <type 'int'>
time0 = <Arrow [2017-11-22T06:41:07.045302+02:00]> : <class 'arrow.arrow.Arrow'>
==================================================
time3 = time5.replace(minutes=val1)                                     # STEP 47
ACTION: time3 = time5.replace(minutes=val1) 
val1 = 1 : <type 'int'>
time5 = <Arrow [2017-11-21T23:41:07.055105-05:00]> : <class 'arrow.arrow.Arrow'>
time3 = None : <type 'NoneType'>
=> time3 = <Arrow [2017-11-21T23:42:07.055105-05:00]> : <class 'arrow.arrow.Arrow'>
==================================================
time5 = time0.replace(minutes=val1)                                     # STEP 48
ACTION: time5 = time0.replace(minutes=val1) 
val1 = 1 : <type 'int'>
time0 = <Arrow [2017-11-22T06:41:07.045302+02:00]> : <class 'arrow.arrow.Arrow'>
time5 = <Arrow [2017-11-21T23:41:07.055105-05:00]> : <class 'arrow.arrow.Arrow'>
=> time5 = <Arrow [2017-11-22T06:42:07.045302+02:00]> : <class 'arrow.arrow.Arrow'>
==================================================
time0 = time3.replace(seconds=val6)                                     # STEP 49
ACTION: time0 = time3.replace(seconds=val6) 
val6 = 0 : <type 'int'>
time3 = <Arrow [2017-11-21T23:42:07.055105-05:00]> : <class 'arrow.arrow.Arrow'>
time0 = <Arrow [2017-11-22T06:41:07.045302+02:00]> : <class 'arrow.arrow.Arrow'>
=> time0 = <Arrow [2017-11-21T23:42:07.055105-05:00]> : <class 'arrow.arrow.Arrow'>
==================================================
time5.shift(hours=val1)                                                 # STEP 50
ACTION: time5.shift(hours=val1) 
val1 = 1 : <type 'int'>
time5 = <Arrow [2017-11-22T06:42:07.045302+02:00]> : <class 'arrow.arrow.Arrow'>
==================================================
time3 = time0.replace(seconds=val6)                                     # STEP 51
ACTION: time3 = time0.replace(seconds=val6) 
val6 = 0 : <type 'int'>
time0 = <Arrow [2017-11-21T23:42:07.055105-05:00]> : <class 'arrow.arrow.Arrow'>
time3 = <Arrow [2017-11-21T23:42:07.055105-05:00]> : <class 'arrow.arrow.Arrow'>
==================================================
time5 = time0.replace(minutes=val1)                                     # STEP 52
ACTION: time5 = time0.replace(minutes=val1) 
val1 = 1 : <type 'int'>
time0 = <Arrow [2017-11-21T23:42:07.055105-05:00]> : <class 'arrow.arrow.Arrow'>
time5 = <Arrow [2017-11-22T06:42:07.045302+02:00]> : <class 'arrow.arrow.Arrow'>
=> time5 = <Arrow [2017-11-21T23:43:07.055105-05:00]> : <class 'arrow.arrow.Arrow'>
==================================================
time4.shift(weeks=val1)                                                 # STEP 53
ACTION: time4.shift(weeks=val1) 
val1 = 1 : <type 'int'>
time4 = <Arrow [2017-11-22T05:41:09.029771+01:00]> : <class 'arrow.arrow.Arrow'>
==================================================
time6.shift(weeks=val6)                                                 # STEP 54
ACTION: time6.shift(weeks=val6) 
val6 = 0 : <type 'int'>
time6 = <Arrow [2017-11-22T05:42:07.029771+01:00]> : <class 'arrow.arrow.Arrow'>
==================================================
time6.humanize(locale=locale4)                                          # STEP 55
ACTION: time6.humanize(locale=locale4) 
locale4 = u'en_us' : <type 'unicode'>
time6 = <Arrow [2017-11-22T05:42:07.029771+01:00]> : <class 'arrow.arrow.Arrow'>
==================================================
time5.shift(months=val6)                                                # STEP 56
ACTION: time5.shift(months=val6) 
val6 = 0 : <type 'int'>
time5 = <Arrow [2017-11-21T23:43:07.055105-05:00]> : <class 'arrow.arrow.Arrow'>
==================================================
locale4 =  u'el'                                                        # STEP 57
ACTION: locale4 =  u'el' 
locale4 = u'en_us' : <type 'unicode'>
=> locale4 = u'el' : <type 'unicode'>
==================================================
time4 = time1.replace(minutes=val6)                                     # STEP 58
ACTION: time4 = time1.replace(minutes=val6) 
val6 = 0 : <type 'int'>
time1 = <Arrow [2017-11-22T05:41:07.029771+01:00]> : <class 'arrow.arrow.Arrow'>
time4 = <Arrow [2017-11-22T05:41:09.029771+01:00]> : <class 'arrow.arrow.Arrow'>
=> time4 = <Arrow [2017-11-22T05:41:07.029771+01:00]> : <class 'arrow.arrow.Arrow'>
==================================================
val6 -= 1                                                               # STEP 59
ACTION: val6 -= 1 
val6 = 0 : <type 'int'>
=> val6 = -1 : <type 'int'>
==================================================
time6 = time2.replace(seconds=val1)                                     # STEP 60
ACTION: time6 = time2.replace(seconds=val1) 
val1 = 1 : <type 'int'>
time2 = <Arrow [0001-11-22T05:41:08.029771+01:00]> : <class 'arrow.arrow.Arrow'>
time6 = <Arrow [2017-11-22T05:42:07.029771+01:00]> : <class 'arrow.arrow.Arrow'>
=> time6 = <Arrow [0001-11-22T05:41:09.029771+01:00]> : <class 'arrow.arrow.Arrow'>
==================================================
time6.shift(years=val6)                                                 # STEP 61
ACTION: time6.shift(years=val6) 
val6 = -1 : <type 'int'>
time6 = <Arrow [0001-11-22T05:41:09.029771+01:00]> : <class 'arrow.arrow.Arrow'>
RAISED EXCEPTION: <type 'exceptions.ValueError'> year is out of range
ERROR: (<type 'exceptions.ValueError'>, ValueError('year is out of range',), <traceback object at 0x10a45dab8>)
TRACEBACK:
  File "/Users/alex/tstl/examples/arrow/sut.py", line 405705, in safely
    act[2]()
  File "/Users/alex/tstl/examples/arrow/sut.py", line 306215, in act6821
    self.p_time[6].shift(years=self.p_val[6])
  File "/Library/Frameworks/Python.framework/Versions/2.7/lib/python2.7/site-packages/arrow/arrow.py", line 467, in shift
    current = self._datetime + relativedelta(**relative_kwargs)
  File "/Library/Frameworks/Python.framework/Versions/2.7/lib/python2.7/site-packages/dateutil/relativedelta.py", line 391, in __radd__
    return self.__add__(other)
  File "/Library/Frameworks/Python.framework/Versions/2.7/lib/python2.7/site-packages/dateutil/relativedelta.py", line 363, in __add__
    day = min(calendar.monthrange(year, month)[1],
  File "/Library/Frameworks/Python.framework/Versions/2.7/lib/python2.7/calendar.py", line 121, in monthrange
    day1 = weekday(year, month, 1)
  File "/Library/Frameworks/Python.framework/Versions/2.7/lib/python2.7/calendar.py", line 113, in weekday
    return datetime.date(year, month, day).weekday()
FAILURE IS NEW, STORING; NOW 4 DISTINCT FAILURES
STOPPING TEST DUE TO TIMEOUT, TERMINATED AT LENGTH 60
STOPPING TESTING DUE TO TIMEOUT
22.3933649289 PERCENT COVERED
60.1962628365 TOTAL RUNTIME
448 EXECUTED
44552 TOTAL TEST OPERATIONS
29.4360718727 TIME SPENT EXECUTING TEST OPERATIONS
28.0743641853 TIME SPENT EVALUATING GUARDS AND CHOOSING ACTIONS
0.0287864208221 TIME SPENT CHECKING PROPERTIES
29.4648582935 TOTAL TIME SPENT RUNNING SUT
0.259359836578 TIME SPENT RESTARTING
0.0 TIME SPENT REDUCING TEST CASES
4 FAILED
0 REPEATS OF FAILURES
4 ACTUAL DISTINCT FAILURES

FAILURE 0
locale0 =  u'sl_si'                                                      # STEP 0
zone4 = 'US/Arizona'                                                     # STEP 1
locale2 =  u'hu_hu'                                                      # STEP 2
locale1 =  u'az_az'                                                      # STEP 3
locale4 =  u'de_ch'                                                      # STEP 4
locale3 =  u'ua'                                                         # STEP 5
val8 = 0                                                                 # STEP 6
zone0 = 'Africa/Cairo'                                                   # STEP 7
zone3 = 'Etc/Greenwich'                                                  # STEP 8
val7 = 0                                                                 # STEP 9
zone2 = 'Australia/Brisbane'                                            # STEP 10
time0 = arrow.get(val8)                                                 # STEP 11
time2 = time0.to(zone3)                                                 # STEP 12
time1 = time2.replace(tzinfo=zone2)                                     # STEP 13
time3 = arrow.get(val8)                                                 # STEP 14
time1.humanize(locale=locale3)                                          # STEP 15
time8 = time1.to(zone4)                                                 # STEP 16
time4 = time0.replace(tzinfo=zone0)                                     # STEP 17
locale3 =  u'ca_ad'                                                     # STEP 18
time2 = time4.to(zone0)                                                 # STEP 19
time1.shift(months=val7)                                                # STEP 20
time1 = time0.to(zone3)                                                 # STEP 21
time5 = time2.to(zone4)                                                 # STEP 22
time0 = time1.replace(tzinfo=zone0)                                     # STEP 23
time7 = time8.replace(tzinfo=zone2)                                     # STEP 24
time2 = time8.replace(tzinfo=zone0)                                     # STEP 25
time9 = time3.to(zone4)                                                 # STEP 26
time4 = time4.replace(tzinfo=zone4)                                     # STEP 27
time3 = time0.to(zone0)                                                 # STEP 28
time0 = time2.to(zone3)                                                 # STEP 29
time8 = time1.to(zone2)                                                 # STEP 30
time9.shift(minutes=val8)                                               # STEP 31
val6 = 0                                                                # STEP 32
time1 = time1.to(zone3)                                                 # STEP 33
time6 = time2.replace(tzinfo=zone2)                                     # STEP 34
time9 = time0.replace(tzinfo=zone0)                                     # STEP 35
time2 = time4.replace(tzinfo=zone0)                                     # STEP 36
time9.humanize(locale=locale1)                                          # STEP 37
time4 = time3.replace(tzinfo=zone0)                                     # STEP 38
time9 = time5.to(zone3)                                                 # STEP 39
time0 = time9.replace(tzinfo=zone0)                                     # STEP 40
time9 = time3.to(zone3)                                                 # STEP 41
zone2 = 'Poland'                                                        # STEP 42
val6 += 1                                                               # STEP 43
time4.shift(seconds=val6)                                               # STEP 44
time4.humanize(locale=locale1)                                          # STEP 45
time1.shift(minutes=val7)                                               # STEP 46
time1 = time1.replace(year=val6)                                        # STEP 47
time4.shift(seconds=val8)                                               # STEP 48
time5 = time6.replace(year=val6)                                        # STEP 49
time4 = time3.replace(year=val6)                                        # STEP 50
locale1 =  u'en_jp'                                                     # STEP 51
time3 = time4.to(zone3)                                                 # STEP 52
ERROR: (<type 'exceptions.OverflowError'>, OverflowError('date value out of range',), <traceback object at 0x10a2e45a8>)
TRACEBACK:
  File "/Users/alex/tstl/examples/arrow/sut.py", line 405705, in safely
    act[2]()
  File "/Users/alex/tstl/examples/arrow/sut.py", line 27231, in act778
    self.p_time[3] = self.p_time[4].to(self.p_zone[3])
  File "/Library/Frameworks/Python.framework/Versions/2.7/lib/python2.7/site-packages/arrow/arrow.py", line 510, in to
    dt = self._datetime.astimezone(tz)
FAILURE 1
locale3 =  u'cs'                                                         # STEP 0
zone1 = 'US/Mountain'                                                    # STEP 1
locale0 =  u'rm_ch'                                                      # STEP 2
locale4 =  u'be_by'                                                      # STEP 3
locale2 =  u'ca_fr'                                                      # STEP 4
locale1 =  u'hu_hu'                                                      # STEP 5
val8 = 0                                                                 # STEP 6
val4 = 0                                                                 # STEP 7
time6 = arrow.get(val8)                                                  # STEP 8
time8 = arrow.get(val8)                                                  # STEP 9
val4 += 1                                                               # STEP 10
val0 = 0                                                                # STEP 11
time8.datetime                                                          # STEP 12
time7 = time6.replace(year=val4)                                        # STEP 13
time4 = time7.replace(seconds=val4)                                     # STEP 14
time5 = time8.replace(seconds=val0)                                     # STEP 15
time0 = time7.replace(minutes=val4)                                     # STEP 16
time2 = time8.replace(hours=val4)                                       # STEP 17
time6 = time2.replace(minutes=val0)                                     # STEP 18
time8 = time4.replace(seconds=val0)                                     # STEP 19
time8.shift(hours=val4)                                                 # STEP 20
time9 = time8.replace(seconds=val8)                                     # STEP 21
time8 = time4.replace(seconds=val4)                                     # STEP 22
time2.shift(hours=val8)                                                 # STEP 23
time4 = arrow.get(val4)                                                 # STEP 24
time3 = time0.replace(hours=val0)                                       # STEP 25
time9.shift(hours=val4)                                                 # STEP 26
time1 = time9.replace(seconds=val8)                                     # STEP 27
time7 = time4.to(zone1)                                                 # STEP 28
time0.humanize(locale=locale2)                                          # STEP 29
time9.shift(hours=val0)                                                 # STEP 30
time2 = time2.replace(minutes=val4)                                     # STEP 31
locale2 =  u'ml'                                                        # STEP 32
time0 = time2.replace(hours=val0)                                       # STEP 33
time9 = time0.replace(seconds=val8)                                     # STEP 34
time9.format()                                                          # STEP 35
time8.shift(seconds=val0)                                               # STEP 36
time0 = time1.replace(minutes=val0)                                     # STEP 37
time2 = time9.replace(hours=val0)                                       # STEP 38
time5.timestamp                                                         # STEP 39
time5 = time4.replace(seconds=val8)                                     # STEP 40
time8 = time2.to(zone1)                                                 # STEP 41
time9 = time8.replace(minutes=val8)                                     # STEP 42
val4 = 0                                                                # STEP 43
time3.datetime                                                          # STEP 44
time4 = time6.replace(seconds=val8)                                     # STEP 45
time2 = time1.to(zone1)                                                 # STEP 46
ERROR: (<type 'exceptions.OverflowError'>, OverflowError('date value out of range',), <traceback object at 0x10a394758>)
TRACEBACK:
  File "/Users/alex/tstl/examples/arrow/sut.py", line 405705, in safely
    act[2]()
  File "/Users/alex/tstl/examples/arrow/sut.py", line 24209, in act711
    self.p_time[2] = self.p_time[1].to(self.p_zone[1])
  File "/Library/Frameworks/Python.framework/Versions/2.7/lib/python2.7/site-packages/arrow/arrow.py", line 510, in to
    dt = self._datetime.astimezone(tz)
  File "/Library/Frameworks/Python.framework/Versions/2.7/lib/python2.7/site-packages/dateutil/tz/tz.py", line 667, in fromutc
    dt_out = dt + datetime.timedelta(seconds=tti.offset)
FAILURE 2
locale1 =  u'en_au'                                                      # STEP 0
zone4 = 'US/Eastern'                                                     # STEP 1
locale4 =  u'ca_it'                                                      # STEP 2
locale2 =  u'he_il'                                                      # STEP 3
locale0 =  u'fr_fr'                                                      # STEP 4
locale3 =  u'fi_fi'                                                      # STEP 5
zone1 = 'Poland'                                                         # STEP 6
val6 = 0                                                                 # STEP 7
zone3 = 'Africa/Cairo'                                                   # STEP 8
time9 = arrow.get(val6)                                                  # STEP 9
time9.shift(weeks=val6)                                                 # STEP 10
time4 = arrow.get(val6)                                                 # STEP 11
time3 = arrow.get(val6)                                                 # STEP 12
time4.shift(minutes=val6)                                               # STEP 13
time5 = time9.to(zone4)                                                 # STEP 14
time4.humanize(locale=locale2)                                          # STEP 15
val6 += 1                                                               # STEP 16
locale2 =  u'ua'                                                        # STEP 17
time2 = time4.to(zone1)                                                 # STEP 18
zone1 = 'Australia/Brisbane'                                            # STEP 19
time8 = time5.to(zone4)                                                 # STEP 20
time6 = time8.to(zone3)                                                 # STEP 21
time5 = time9.to(zone3)                                                 # STEP 22
time1 = time9.to(zone3)                                                 # STEP 23
time7 = time5.to(zone1)                                                 # STEP 24
time2.shift(weeks=val6)                                                 # STEP 25
time8 = time7.replace(year=val6)                                        # STEP 26
time7 = time9.to(zone4)                                                 # STEP 27
time0 = time1.to(zone3)                                                 # STEP 28
time5 = time8.to(zone4)                                                 # STEP 29
ERROR: (<type 'exceptions.OverflowError'>, OverflowError('date value out of range',), <traceback object at 0x10a3bfbd8>)
TRACEBACK:
  File "/Users/alex/tstl/examples/arrow/sut.py", line 405705, in safely
    act[2]()
  File "/Users/alex/tstl/examples/arrow/sut.py", line 32737, in act899
    self.p_time[5] = self.p_time[8].to(self.p_zone[4])
  File "/Library/Frameworks/Python.framework/Versions/2.7/lib/python2.7/site-packages/arrow/arrow.py", line 510, in to
    dt = self._datetime.astimezone(tz)
  File "/Library/Frameworks/Python.framework/Versions/2.7/lib/python2.7/site-packages/dateutil/tz/tz.py", line 667, in fromutc
    dt_out = dt + datetime.timedelta(seconds=tti.offset)
FAILURE 3
locale3 =  u'es_es'                                                      # STEP 0
locale4 =  u'en_us'                                                      # STEP 1
locale1 =  u'fr_fr'                                                      # STEP 2
locale2 =  u'bg'                                                         # STEP 3
zone3 = 'Europe/Rome'                                                    # STEP 4
locale0 =  u'hu_hu'                                                      # STEP 5
val1 = 0                                                                 # STEP 6
zone4 = 'US/Eastern'                                                     # STEP 7
time2 = arrow.now(zone3)                                                 # STEP 8
val6 = 0                                                                 # STEP 9
time8 = arrow.utcnow()                                                  # STEP 10
zone2 = 'Africa/Cairo'                                                  # STEP 11
time2.shift(hours=val1)                                                 # STEP 12
time0 = arrow.now(zone3)                                                # STEP 13
time8.shift(months=val1)                                                # STEP 14
time8.shift(months=val6)                                                # STEP 15
time7 = time2.replace(minutes=val1)                                     # STEP 16
time0.humanize(locale=locale3)                                          # STEP 17
locale3 =  u'pt'                                                        # STEP 18
time8 = arrow.now(zone2)                                                # STEP 19
time9 = time7.replace(seconds=val1)                                     # STEP 20
time8.shift(years=val1)                                                 # STEP 21
time2 = time2.replace(minutes=val1)                                     # STEP 22
time4 = time7.replace(minutes=val6)                                     # STEP 23
time8 = time8.replace(seconds=val6)                                     # STEP 24
time5 = time4.replace(seconds=val1)                                     # STEP 25
val1 += 1                                                               # STEP 26
time4.year                                                              # STEP 27
time1 = time5.replace(minutes=val6)                                     # STEP 28
time5.shift(months=val1)                                                # STEP 29
time7.timestamp                                                         # STEP 30
time0 = arrow.now(zone2)                                                # STEP 31
zone2 = 'Africa/Cairo'                                                  # STEP 32
time6 = time5.replace(minutes=val6)                                     # STEP 33
time6.humanize(locale=locale3)                                          # STEP 34
time6 = time9.replace(minutes=val1)                                     # STEP 35
locale3 =  u'th'                                                        # STEP 36
time2.timestamp                                                         # STEP 37
time5.shift(years=val6)                                                 # STEP 38
time4 = time4.replace(seconds=val1)                                     # STEP 39
time5 = time9.replace(seconds=val1)                                     # STEP 40
time9 = time9.replace(minutes=val1)                                     # STEP 41
time7 = time4.replace(year=val1)                                        # STEP 42
time4 = time5.replace(seconds=val1)                                     # STEP 43
time2 = time5.replace(year=val1)                                        # STEP 44
time5 = arrow.now(zone4)                                                # STEP 45
time0.shift(seconds=val6)                                               # STEP 46
time3 = time5.replace(minutes=val1)                                     # STEP 47
time5 = time0.replace(minutes=val1)                                     # STEP 48
time0 = time3.replace(seconds=val6)                                     # STEP 49
time5.shift(hours=val1)                                                 # STEP 50
time3 = time0.replace(seconds=val6)                                     # STEP 51
time5 = time0.replace(minutes=val1)                                     # STEP 52
time4.shift(weeks=val1)                                                 # STEP 53
time6.shift(weeks=val6)                                                 # STEP 54
time6.humanize(locale=locale4)                                          # STEP 55
time5.shift(months=val6)                                                # STEP 56
locale4 =  u'el'                                                        # STEP 57
time4 = time1.replace(minutes=val6)                                     # STEP 58
val6 -= 1                                                               # STEP 59
time6 = time2.replace(seconds=val1)                                     # STEP 60
time6.shift(years=val6)                                                 # STEP 61
ERROR: (<type 'exceptions.ValueError'>, ValueError('year is out of range',), <traceback object at 0x10a45dab8>)
TRACEBACK:
  File "/Users/alex/tstl/examples/arrow/sut.py", line 405705, in safely
    act[2]()
  File "/Users/alex/tstl/examples/arrow/sut.py", line 306215, in act6821
    self.p_time[6].shift(years=self.p_val[6])
  File "/Library/Frameworks/Python.framework/Versions/2.7/lib/python2.7/site-packages/arrow/arrow.py", line 467, in shift
    current = self._datetime + relativedelta(**relative_kwargs)
  File "/Library/Frameworks/Python.framework/Versions/2.7/lib/python2.7/site-packages/dateutil/relativedelta.py", line 391, in __radd__
    return self.__add__(other)
  File "/Library/Frameworks/Python.framework/Versions/2.7/lib/python2.7/site-packages/dateutil/relativedelta.py", line 363, in __add__
    day = min(calendar.monthrange(year, month)[1],
  File "/Library/Frameworks/Python.framework/Versions/2.7/lib/python2.7/calendar.py", line 121, in monthrange
    day1 = weekday(year, month, 1)
  File "/Library/Frameworks/Python.framework/Versions/2.7/lib/python2.7/calendar.py", line 113, in weekday
    return datetime.date(year, month, day).weekday()
345 BRANCHES COVERED
257 STATEMENTS COVERED
