Random testing using config=Config(noExceptionMatch=False, generalize=False, localize=False, speed='FAST', probs=None, LOCBaseline=0.2, noAlphaConvert=False, replayable=False, essentials=False, noCoverageExploit=False, quickTests=False, html=None, keepLast=False, stopWhenNoCoverage=None, generateLOC=None, computeFeatureStats=False, Pmutate=0.0, timeout=60, output='failure.13859.test', markov=None, noSwarmDependencies=False, startExploit=0.0, maxMustHitBranch=None, useHints=False, silentFail=False, highLowSwarm=None, maxMustHitStatement=None, progress=False, postCover=False, swarmLength=None, noCover=False, noEnumerateEnabled=False, full=True, swarmP=0.5, coverFile='coverage.out', markovP=1.0, swarmProbs=None, genDepth=None, exploitCeiling=0.1, logging=None, noCheck=False, throughput=False, uncaught=False, swarmSwitch=None, verbose=False, reducePool=False, exploit=None, fastQuickAnalysis=False, total=False, verboseExploit=False, swarm=True, sequenceP=1.0, biasLOC=None, timedProgress=30, relax=False, ddmin=False, stutter=None, readQuick=False, verboseActions=False, quickAnalysis=False, noReassign=False, sequenceSize=3, LOCProbs=False, sequencesFromTests=None, maxTests=-1, trackMaxCoverage=None, useQuickSequences=False, exploitBestHint=1, failedLogging=None, stopWhenStatements=None, greedyStutter=False, seed=None, stopWhenHitStatement=None, uniqueValuesAnalysis=False, normalize=False, startExploitStall=0, enumerateEnabled=False, internal=False, profile=False, multiple=True, stopWhenBranches=None, running=False, compareFails=False, Pcrossover=0.2, stopWhenHitBranch=None, depth=100, showActions=False)
UNCAUGHT EXCEPTION
ERROR: (<type 'exceptions.OverflowError'>, OverflowError('date value out of range',), <traceback object at 0x10a477998>)
TRACEBACK:
  File "/Users/alex/tstl/examples/arrow/sut.py", line 405705, in safely
    act[2]()
  File "/Users/alex/tstl/examples/arrow/sut.py", line 31709, in act876
    self.p_time[5] = self.p_time[4].to(self.p_zone[1])
  File "/Library/Frameworks/Python.framework/Versions/2.7/lib/python2.7/site-packages/arrow/arrow.py", line 510, in to
    dt = self._datetime.astimezone(tz)
  File "/Library/Frameworks/Python.framework/Versions/2.7/lib/python2.7/site-packages/dateutil/tz/tz.py", line 667, in fromutc
    dt_out = dt + datetime.timedelta(seconds=tti.offset)
Original test has 50 steps

SAVING TEST AS failure.13859.test.0
FINAL VERSION OF TEST, WITH LOGGED REPLAY:
locale4 =  u'ca'                                                         # STEP 0
ACTION: locale4 =  u'ca' 
locale4 = None : <type 'NoneType'>
=> locale4 = u'ca' : <type 'unicode'>
==================================================
locale3 =  u'ko_kr'                                                      # STEP 1
ACTION: locale3 =  u'ko_kr' 
locale3 = None : <type 'NoneType'>
=> locale3 = u'ko_kr' : <type 'unicode'>
==================================================
locale0 = u'ar_eg'                                                       # STEP 2
ACTION: locale0 = u'ar_eg' 
locale0 = None : <type 'NoneType'>
=> locale0 = u'ar_eg' : <type 'unicode'>
==================================================
locale2 =  u'fr_fr'                                                      # STEP 3
ACTION: locale2 =  u'fr_fr' 
locale2 = None : <type 'NoneType'>
=> locale2 = u'fr_fr' : <type 'unicode'>
==================================================
locale1 =  u'fr_fr'                                                      # STEP 4
ACTION: locale1 =  u'fr_fr' 
locale1 = None : <type 'NoneType'>
=> locale1 = u'fr_fr' : <type 'unicode'>
==================================================
zone2 = 'Singapore'                                                      # STEP 5
ACTION: zone2 = 'Singapore'  
zone2 = None : <type 'NoneType'>
=> zone2 = 'Singapore' : <type 'str'>
==================================================
val6 = 0                                                                 # STEP 6
ACTION: val6 = 0 
val6 = None : <type 'NoneType'>
=> val6 = 0 : <type 'int'>
==================================================
zone1 = 'US/Arizona'                                                     # STEP 7
ACTION: zone1 = 'US/Arizona'  
zone1 = None : <type 'NoneType'>
=> zone1 = 'US/Arizona' : <type 'str'>
==================================================
time3 = arrow.get(val6)                                                  # STEP 8
ACTION: time3 = arrow.get(val6) 
val6 = 0 : <type 'int'>
time3 = None : <type 'NoneType'>
=> time3 = <Arrow [1970-01-01T00:00:00+00:00]> : <class 'arrow.arrow.Arrow'>
==================================================
time5 = time3.to(zone1)                                                  # STEP 9
ACTION: time5 = time3.to(zone1) 
zone1 = 'US/Arizona' : <type 'str'>
time3 = <Arrow [1970-01-01T00:00:00+00:00]> : <class 'arrow.arrow.Arrow'>
time5 = None : <type 'NoneType'>
=> time5 = <Arrow [1969-12-31T17:00:00-07:00]> : <class 'arrow.arrow.Arrow'>
==================================================
time8 = arrow.now(zone1)                                                # STEP 10
ACTION: time8 = arrow.now(zone1) 
zone1 = 'US/Arizona' : <type 'str'>
time8 = None : <type 'NoneType'>
=> time8 = <Arrow [2017-11-21T15:41:55.295242-07:00]> : <class 'arrow.arrow.Arrow'>
==================================================
time6 = time8.to(zone1)                                                 # STEP 11
ACTION: time6 = time8.to(zone1) 
zone1 = 'US/Arizona' : <type 'str'>
time8 = <Arrow [2017-11-21T15:41:55.295242-07:00]> : <class 'arrow.arrow.Arrow'>
time6 = None : <type 'NoneType'>
=> time6 = <Arrow [2017-11-21T15:41:55.295242-07:00]> : <class 'arrow.arrow.Arrow'>
==================================================
time9 = time3.replace(tzinfo=zone1)                                     # STEP 12
ACTION: time9 = time3.replace(tzinfo=zone1) 
zone1 = 'US/Arizona' : <type 'str'>
time3 = <Arrow [1970-01-01T00:00:00+00:00]> : <class 'arrow.arrow.Arrow'>
time9 = None : <type 'NoneType'>
=> time9 = <Arrow [1970-01-01T00:00:00-07:00]> : <class 'arrow.arrow.Arrow'>
==================================================
time4 = time8.replace(tzinfo=zone1)                                     # STEP 13
ACTION: time4 = time8.replace(tzinfo=zone1) 
zone1 = 'US/Arizona' : <type 'str'>
time8 = <Arrow [2017-11-21T15:41:55.295242-07:00]> : <class 'arrow.arrow.Arrow'>
time4 = None : <type 'NoneType'>
=> time4 = <Arrow [2017-11-21T15:41:55.295242-07:00]> : <class 'arrow.arrow.Arrow'>
==================================================
time7 = time5.to(zone1)                                                 # STEP 14
ACTION: time7 = time5.to(zone1) 
zone1 = 'US/Arizona' : <type 'str'>
time5 = <Arrow [1969-12-31T17:00:00-07:00]> : <class 'arrow.arrow.Arrow'>
time7 = None : <type 'NoneType'>
=> time7 = <Arrow [1969-12-31T17:00:00-07:00]> : <class 'arrow.arrow.Arrow'>
==================================================
time1 = time7.to(zone1)                                                 # STEP 15
ACTION: time1 = time7.to(zone1) 
zone1 = 'US/Arizona' : <type 'str'>
time7 = <Arrow [1969-12-31T17:00:00-07:00]> : <class 'arrow.arrow.Arrow'>
time1 = None : <type 'NoneType'>
=> time1 = <Arrow [1969-12-31T17:00:00-07:00]> : <class 'arrow.arrow.Arrow'>
==================================================
time9.humanize(locale=locale1)                                          # STEP 16
ACTION: time9.humanize(locale=locale1) 
locale1 = u'fr_fr' : <type 'unicode'>
time9 = <Arrow [1970-01-01T00:00:00-07:00]> : <class 'arrow.arrow.Arrow'>
==================================================
val9 = 0                                                                # STEP 17
ACTION: val9 = 0 
val9 = None : <type 'NoneType'>
=> val9 = 0 : <type 'int'>
==================================================
locale1 =  u'nn'                                                        # STEP 18
ACTION: locale1 =  u'nn' 
locale1 = u'fr_fr' : <type 'unicode'>
=> locale1 = u'nn' : <type 'unicode'>
==================================================
time6.humanize(locale=locale1)                                          # STEP 19
ACTION: time6.humanize(locale=locale1) 
locale1 = u'nn' : <type 'unicode'>
time6 = <Arrow [2017-11-21T15:41:55.295242-07:00]> : <class 'arrow.arrow.Arrow'>
==================================================
time8 = arrow.get(val9)                                                 # STEP 20
ACTION: time8 = arrow.get(val9) 
val9 = 0 : <type 'int'>
time8 = <Arrow [2017-11-21T15:41:55.295242-07:00]> : <class 'arrow.arrow.Arrow'>
=> time8 = <Arrow [1970-01-01T00:00:00+00:00]> : <class 'arrow.arrow.Arrow'>
==================================================
locale1 =  u'hi'                                                        # STEP 21
ACTION: locale1 =  u'hi' 
locale1 = u'nn' : <type 'unicode'>
=> locale1 = u'hi' : <type 'unicode'>
==================================================
time2 = time3.replace(tzinfo=zone2)                                     # STEP 22
ACTION: time2 = time3.replace(tzinfo=zone2) 
zone2 = 'Singapore' : <type 'str'>
time3 = <Arrow [1970-01-01T00:00:00+00:00]> : <class 'arrow.arrow.Arrow'>
time2 = None : <type 'NoneType'>
=> time2 = <Arrow [1970-01-01T00:00:00+07:30]> : <class 'arrow.arrow.Arrow'>
==================================================
time7 = time4.replace(tzinfo=zone1)                                     # STEP 23
ACTION: time7 = time4.replace(tzinfo=zone1) 
zone1 = 'US/Arizona' : <type 'str'>
time4 = <Arrow [2017-11-21T15:41:55.295242-07:00]> : <class 'arrow.arrow.Arrow'>
time7 = <Arrow [1969-12-31T17:00:00-07:00]> : <class 'arrow.arrow.Arrow'>
=> time7 = <Arrow [2017-11-21T15:41:55.295242-07:00]> : <class 'arrow.arrow.Arrow'>
==================================================
time8.humanize(locale=locale3)                                          # STEP 24
ACTION: time8.humanize(locale=locale3) 
locale3 = u'ko_kr' : <type 'unicode'>
time8 = <Arrow [1970-01-01T00:00:00+00:00]> : <class 'arrow.arrow.Arrow'>
==================================================
zone1 = 'Singapore'                                                     # STEP 25
ACTION: zone1 = 'Singapore'  
zone1 = 'US/Arizona' : <type 'str'>
=> zone1 = 'Singapore' : <type 'str'>
==================================================
time8 = time4.to(zone2)                                                 # STEP 26
ACTION: time8 = time4.to(zone2) 
zone2 = 'Singapore' : <type 'str'>
time4 = <Arrow [2017-11-21T15:41:55.295242-07:00]> : <class 'arrow.arrow.Arrow'>
time8 = <Arrow [1970-01-01T00:00:00+00:00]> : <class 'arrow.arrow.Arrow'>
=> time8 = <Arrow [2017-11-22T06:41:55.295242+08:00]> : <class 'arrow.arrow.Arrow'>
==================================================
locale3 =  u'ar'                                                        # STEP 27
ACTION: locale3 =  u'ar' 
locale3 = u'ko_kr' : <type 'unicode'>
=> locale3 = u'ar' : <type 'unicode'>
==================================================
time5 = time4.replace(tzinfo=zone2)                                     # STEP 28
ACTION: time5 = time4.replace(tzinfo=zone2) 
zone2 = 'Singapore' : <type 'str'>
time4 = <Arrow [2017-11-21T15:41:55.295242-07:00]> : <class 'arrow.arrow.Arrow'>
time5 = <Arrow [1969-12-31T17:00:00-07:00]> : <class 'arrow.arrow.Arrow'>
=> time5 = <Arrow [2017-11-21T15:41:55.295242+08:00]> : <class 'arrow.arrow.Arrow'>
==================================================
time3 = arrow.get(val9)                                                 # STEP 29
ACTION: time3 = arrow.get(val9) 
val9 = 0 : <type 'int'>
time3 = <Arrow [1970-01-01T00:00:00+00:00]> : <class 'arrow.arrow.Arrow'>
==================================================
time9 = time3.to(zone1)                                                 # STEP 30
ACTION: time9 = time3.to(zone1) 
zone1 = 'Singapore' : <type 'str'>
time3 = <Arrow [1970-01-01T00:00:00+00:00]> : <class 'arrow.arrow.Arrow'>
time9 = <Arrow [1970-01-01T00:00:00-07:00]> : <class 'arrow.arrow.Arrow'>
=> time9 = <Arrow [1970-01-01T07:30:00+07:30]> : <class 'arrow.arrow.Arrow'>
==================================================
time4 = time9.replace(tzinfo=zone2)                                     # STEP 31
ACTION: time4 = time9.replace(tzinfo=zone2) 
zone2 = 'Singapore' : <type 'str'>
time9 = <Arrow [1970-01-01T07:30:00+07:30]> : <class 'arrow.arrow.Arrow'>
time4 = <Arrow [2017-11-21T15:41:55.295242-07:00]> : <class 'arrow.arrow.Arrow'>
=> time4 = <Arrow [1970-01-01T07:30:00+07:30]> : <class 'arrow.arrow.Arrow'>
==================================================
val6 += 1                                                               # STEP 32
ACTION: val6 += 1 
val6 = 0 : <type 'int'>
=> val6 = 1 : <type 'int'>
==================================================
time6.year                                                              # STEP 33
ACTION: time6.year 
time6 = <Arrow [2017-11-21T15:41:55.295242-07:00]> : <class 'arrow.arrow.Arrow'>
==================================================
time6 = time6.to(zone2)                                                 # STEP 34
ACTION: time6 = time6.to(zone2) 
zone2 = 'Singapore' : <type 'str'>
time6 = <Arrow [2017-11-21T15:41:55.295242-07:00]> : <class 'arrow.arrow.Arrow'>
=> time6 = <Arrow [2017-11-22T06:41:55.295242+08:00]> : <class 'arrow.arrow.Arrow'>
==================================================
time0 = time4.to(zone2)                                                 # STEP 35
ACTION: time0 = time4.to(zone2) 
zone2 = 'Singapore' : <type 'str'>
time4 = <Arrow [1970-01-01T07:30:00+07:30]> : <class 'arrow.arrow.Arrow'>
time0 = None : <type 'NoneType'>
=> time0 = <Arrow [1970-01-01T07:30:00+07:30]> : <class 'arrow.arrow.Arrow'>
==================================================
time9 = time6.replace(year=val6)                                        # STEP 36
ACTION: time9 = time6.replace(year=val6) 
val6 = 1 : <type 'int'>
time6 = <Arrow [2017-11-22T06:41:55.295242+08:00]> : <class 'arrow.arrow.Arrow'>
time9 = <Arrow [1970-01-01T07:30:00+07:30]> : <class 'arrow.arrow.Arrow'>
=> time9 = <Arrow [0001-11-22T06:41:55.295242+06:55]> : <class 'arrow.arrow.Arrow'>
==================================================
zone3 = 'US/Arizona'                                                    # STEP 37
ACTION: zone3 = 'US/Arizona'  
zone3 = None : <type 'NoneType'>
=> zone3 = 'US/Arizona' : <type 'str'>
==================================================
zone4 = 'Etc/Greenwich'                                                 # STEP 38
ACTION: zone4 = 'Etc/Greenwich'  
zone4 = None : <type 'NoneType'>
=> zone4 = 'Etc/Greenwich' : <type 'str'>
==================================================
time3 = time1.to(zone4)                                                 # STEP 39
ACTION: time3 = time1.to(zone4) 
zone4 = 'Etc/Greenwich' : <type 'str'>
time1 = <Arrow [1969-12-31T17:00:00-07:00]> : <class 'arrow.arrow.Arrow'>
time3 = <Arrow [1970-01-01T00:00:00+00:00]> : <class 'arrow.arrow.Arrow'>
==================================================
time9.humanize(locale=locale2)                                          # STEP 40
ACTION: time9.humanize(locale=locale2) 
locale2 = u'fr_fr' : <type 'unicode'>
time9 = <Arrow [0001-11-22T06:41:55.295242+06:55]> : <class 'arrow.arrow.Arrow'>
==================================================
time4 = time0.replace(year=val6)                                        # STEP 41
ACTION: time4 = time0.replace(year=val6) 
val6 = 1 : <type 'int'>
time0 = <Arrow [1970-01-01T07:30:00+07:30]> : <class 'arrow.arrow.Arrow'>
time4 = <Arrow [1970-01-01T07:30:00+07:30]> : <class 'arrow.arrow.Arrow'>
=> time4 = <Arrow [0001-01-01T07:30:00+06:55]> : <class 'arrow.arrow.Arrow'>
==================================================
time9 = time1.to(zone4)                                                 # STEP 42
ACTION: time9 = time1.to(zone4) 
zone4 = 'Etc/Greenwich' : <type 'str'>
time1 = <Arrow [1969-12-31T17:00:00-07:00]> : <class 'arrow.arrow.Arrow'>
time9 = <Arrow [0001-11-22T06:41:55.295242+06:55]> : <class 'arrow.arrow.Arrow'>
=> time9 = <Arrow [1970-01-01T00:00:00+00:00]> : <class 'arrow.arrow.Arrow'>
==================================================
time0.format()                                                          # STEP 43
ACTION: time0.format() 
time0 = <Arrow [1970-01-01T07:30:00+07:30]> : <class 'arrow.arrow.Arrow'>
==================================================
time1.humanize(locale=locale2)                                          # STEP 44
ACTION: time1.humanize(locale=locale2) 
locale2 = u'fr_fr' : <type 'unicode'>
time1 = <Arrow [1969-12-31T17:00:00-07:00]> : <class 'arrow.arrow.Arrow'>
==================================================
zone1 = 'US/Arizona'                                                    # STEP 45
ACTION: zone1 = 'US/Arizona'  
zone1 = 'Singapore' : <type 'str'>
=> zone1 = 'US/Arizona' : <type 'str'>
==================================================
time6 = time5.replace(tzinfo=zone3)                                     # STEP 46
ACTION: time6 = time5.replace(tzinfo=zone3) 
zone3 = 'US/Arizona' : <type 'str'>
time5 = <Arrow [2017-11-21T15:41:55.295242+08:00]> : <class 'arrow.arrow.Arrow'>
time6 = <Arrow [2017-11-22T06:41:55.295242+08:00]> : <class 'arrow.arrow.Arrow'>
=> time6 = <Arrow [2017-11-21T15:41:55.295242-07:00]> : <class 'arrow.arrow.Arrow'>
==================================================
time0 = arrow.now(zone4)                                                # STEP 47
ACTION: time0 = arrow.now(zone4) 
zone4 = 'Etc/Greenwich' : <type 'str'>
time0 = <Arrow [1970-01-01T07:30:00+07:30]> : <class 'arrow.arrow.Arrow'>
=> time0 = <Arrow [2017-11-21T22:41:55.323170+00:00]> : <class 'arrow.arrow.Arrow'>
==================================================
zone4 = 'US/Arizona'                                                    # STEP 48
ACTION: zone4 = 'US/Arizona'  
zone4 = 'Etc/Greenwich' : <type 'str'>
=> zone4 = 'US/Arizona' : <type 'str'>
==================================================
time5 = time4.to(zone1)                                                 # STEP 49
ACTION: time5 = time4.to(zone1) 
zone1 = 'US/Arizona' : <type 'str'>
time4 = <Arrow [0001-01-01T07:30:00+06:55]> : <class 'arrow.arrow.Arrow'>
time5 = <Arrow [2017-11-21T15:41:55.295242+08:00]> : <class 'arrow.arrow.Arrow'>
RAISED EXCEPTION: <type 'exceptions.OverflowError'> date value out of range
ERROR: (<type 'exceptions.OverflowError'>, OverflowError('date value out of range',), <traceback object at 0x10a47ac20>)
TRACEBACK:
  File "/Users/alex/tstl/examples/arrow/sut.py", line 405705, in safely
    act[2]()
  File "/Users/alex/tstl/examples/arrow/sut.py", line 31709, in act876
    self.p_time[5] = self.p_time[4].to(self.p_zone[1])
  File "/Library/Frameworks/Python.framework/Versions/2.7/lib/python2.7/site-packages/arrow/arrow.py", line 510, in to
    dt = self._datetime.astimezone(tz)
  File "/Library/Frameworks/Python.framework/Versions/2.7/lib/python2.7/site-packages/dateutil/tz/tz.py", line 667, in fromutc
    dt_out = dt + datetime.timedelta(seconds=tti.offset)
FAILURE IS NEW, STORING; NOW 1 DISTINCT FAILURES
TEST #227 STEP #56 (0:00:30.000369) Tue Nov 21 14:42:02 2017 [ 251 stmts 333 branches ] (no cov+ for 9 tests) 22606 TOTAL ACTIONS (753.52406318/s)
UNCAUGHT EXCEPTION
ERROR: (<type 'exceptions.OverflowError'>, OverflowError('date value out of range',), <traceback object at 0x10a53e6c8>)
TRACEBACK:
  File "/Users/alex/tstl/examples/arrow/sut.py", line 405705, in safely
    act[2]()
  File "/Users/alex/tstl/examples/arrow/sut.py", line 34301, in act933
    self.p_time[6] = self.p_time[5].to(self.p_zone[3])
  File "/Library/Frameworks/Python.framework/Versions/2.7/lib/python2.7/site-packages/arrow/arrow.py", line 510, in to
    dt = self._datetime.astimezone(tz)
  File "/Library/Frameworks/Python.framework/Versions/2.7/lib/python2.7/site-packages/dateutil/tz/tz.py", line 667, in fromutc
    dt_out = dt + datetime.timedelta(seconds=tti.offset)
Original test has 42 steps

SAVING TEST AS failure.13859.test.1
FINAL VERSION OF TEST, WITH LOGGED REPLAY:
locale0 =  u'en_za'                                                      # STEP 0
ACTION: locale0 =  u'en_za' 
locale0 = None : <type 'NoneType'>
=> locale0 = u'en_za' : <type 'unicode'>
==================================================
locale1 =  u'tr_tr'                                                      # STEP 1
ACTION: locale1 =  u'tr_tr' 
locale1 = None : <type 'NoneType'>
=> locale1 = u'tr_tr' : <type 'unicode'>
==================================================
locale2 =  u'mk'                                                         # STEP 2
ACTION: locale2 =  u'mk' 
locale2 = None : <type 'NoneType'>
=> locale2 = u'mk' : <type 'unicode'>
==================================================
locale4 =  u'ua'                                                         # STEP 3
ACTION: locale4 =  u'ua' 
locale4 = None : <type 'NoneType'>
=> locale4 = u'ua' : <type 'unicode'>
==================================================
val6 = 0                                                                 # STEP 4
ACTION: val6 = 0 
val6 = None : <type 'NoneType'>
=> val6 = 0 : <type 'int'>
==================================================
locale3 =  u'zh_cn'                                                      # STEP 5
ACTION: locale3 =  u'zh_cn' 
locale3 = None : <type 'NoneType'>
=> locale3 = u'zh_cn' : <type 'unicode'>
==================================================
time0 = arrow.get(val6)                                                  # STEP 6
ACTION: time0 = arrow.get(val6) 
val6 = 0 : <type 'int'>
time0 = None : <type 'NoneType'>
=> time0 = <Arrow [1970-01-01T00:00:00+00:00]> : <class 'arrow.arrow.Arrow'>
==================================================
time0.year                                                               # STEP 7
ACTION: time0.year 
time0 = <Arrow [1970-01-01T00:00:00+00:00]> : <class 'arrow.arrow.Arrow'>
==================================================
zone3 = 'US/Mountain'                                                    # STEP 8
ACTION: zone3 = 'US/Mountain'  
zone3 = None : <type 'NoneType'>
=> zone3 = 'US/Mountain' : <type 'str'>
==================================================
val6 += 1                                                                # STEP 9
ACTION: val6 += 1 
val6 = 0 : <type 'int'>
=> val6 = 1 : <type 'int'>
==================================================
time4 = time0.replace(year=val6)                                        # STEP 10
ACTION: time4 = time0.replace(year=val6) 
val6 = 1 : <type 'int'>
time0 = <Arrow [1970-01-01T00:00:00+00:00]> : <class 'arrow.arrow.Arrow'>
time4 = None : <type 'NoneType'>
=> time4 = <Arrow [0001-01-01T00:00:00+00:00]> : <class 'arrow.arrow.Arrow'>
==================================================
time4.humanize(locale=locale2)                                          # STEP 11
ACTION: time4.humanize(locale=locale2) 
locale2 = u'mk' : <type 'unicode'>
time4 = <Arrow [0001-01-01T00:00:00+00:00]> : <class 'arrow.arrow.Arrow'>
==================================================
locale2 =  u'th_th'                                                     # STEP 12
ACTION: locale2 =  u'th_th' 
locale2 = u'mk' : <type 'unicode'>
=> locale2 = u'th_th' : <type 'unicode'>
==================================================
zone0 = 'Turkey'                                                        # STEP 13
ACTION: zone0 = 'Turkey'  
zone0 = None : <type 'NoneType'>
=> zone0 = 'Turkey' : <type 'str'>
==================================================
zone2 = 'Singapore'                                                     # STEP 14
ACTION: zone2 = 'Singapore'  
zone2 = None : <type 'NoneType'>
=> zone2 = 'Singapore' : <type 'str'>
==================================================
time1 = arrow.get(val6)                                                 # STEP 15
ACTION: time1 = arrow.get(val6) 
val6 = 1 : <type 'int'>
time1 = None : <type 'NoneType'>
=> time1 = <Arrow [1970-01-01T00:00:01+00:00]> : <class 'arrow.arrow.Arrow'>
==================================================
time7 = time0.to(zone2)                                                 # STEP 16
ACTION: time7 = time0.to(zone2) 
zone2 = 'Singapore' : <type 'str'>
time0 = <Arrow [1970-01-01T00:00:00+00:00]> : <class 'arrow.arrow.Arrow'>
time7 = None : <type 'NoneType'>
=> time7 = <Arrow [1970-01-01T07:30:00+07:30]> : <class 'arrow.arrow.Arrow'>
==================================================
time2 = time0.replace(year=val6)                                        # STEP 17
ACTION: time2 = time0.replace(year=val6) 
val6 = 1 : <type 'int'>
time0 = <Arrow [1970-01-01T00:00:00+00:00]> : <class 'arrow.arrow.Arrow'>
time2 = None : <type 'NoneType'>
=> time2 = <Arrow [0001-01-01T00:00:00+00:00]> : <class 'arrow.arrow.Arrow'>
==================================================
time9 = time1.replace(hours=val6)                                       # STEP 18
ACTION: time9 = time1.replace(hours=val6) 
val6 = 1 : <type 'int'>
time1 = <Arrow [1970-01-01T00:00:01+00:00]> : <class 'arrow.arrow.Arrow'>
time9 = None : <type 'NoneType'>
=> time9 = <Arrow [1970-01-01T01:00:01+00:00]> : <class 'arrow.arrow.Arrow'>
==================================================
time4 = time9.to(zone0)                                                 # STEP 19
ACTION: time4 = time9.to(zone0) 
zone0 = 'Turkey' : <type 'str'>
time9 = <Arrow [1970-01-01T01:00:01+00:00]> : <class 'arrow.arrow.Arrow'>
time4 = <Arrow [0001-01-01T00:00:00+00:00]> : <class 'arrow.arrow.Arrow'>
=> time4 = <Arrow [1970-01-01T03:00:01+02:00]> : <class 'arrow.arrow.Arrow'>
==================================================
time5 = time4.replace(year=val6)                                        # STEP 20
ACTION: time5 = time4.replace(year=val6) 
val6 = 1 : <type 'int'>
time4 = <Arrow [1970-01-01T03:00:01+02:00]> : <class 'arrow.arrow.Arrow'>
time5 = None : <type 'NoneType'>
=> time5 = <Arrow [0001-01-01T03:00:01+01:57]> : <class 'arrow.arrow.Arrow'>
==================================================
time1 = time4.to(zone0)                                                 # STEP 21
ACTION: time1 = time4.to(zone0) 
zone0 = 'Turkey' : <type 'str'>
time4 = <Arrow [1970-01-01T03:00:01+02:00]> : <class 'arrow.arrow.Arrow'>
time1 = <Arrow [1970-01-01T00:00:01+00:00]> : <class 'arrow.arrow.Arrow'>
=> time1 = <Arrow [1970-01-01T03:00:01+02:00]> : <class 'arrow.arrow.Arrow'>
==================================================
val5 = 0                                                                # STEP 22
ACTION: val5 = 0 
val5 = None : <type 'NoneType'>
=> val5 = 0 : <type 'int'>
==================================================
time0 = time5.to(zone0)                                                 # STEP 23
ACTION: time0 = time5.to(zone0) 
zone0 = 'Turkey' : <type 'str'>
time5 = <Arrow [0001-01-01T03:00:01+01:57]> : <class 'arrow.arrow.Arrow'>
time0 = <Arrow [1970-01-01T00:00:00+00:00]> : <class 'arrow.arrow.Arrow'>
=> time0 = <Arrow [0001-01-01T03:00:01+01:57]> : <class 'arrow.arrow.Arrow'>
==================================================
time9 = arrow.get(val6)                                                 # STEP 24
ACTION: time9 = arrow.get(val6) 
val6 = 1 : <type 'int'>
time9 = <Arrow [1970-01-01T01:00:01+00:00]> : <class 'arrow.arrow.Arrow'>
=> time9 = <Arrow [1970-01-01T00:00:01+00:00]> : <class 'arrow.arrow.Arrow'>
==================================================
time9.humanize(locale=locale1)                                          # STEP 25
ACTION: time9.humanize(locale=locale1) 
locale1 = u'tr_tr' : <type 'unicode'>
time9 = <Arrow [1970-01-01T00:00:01+00:00]> : <class 'arrow.arrow.Arrow'>
==================================================
time1.humanize(locale=locale4)                                          # STEP 26
ACTION: time1.humanize(locale=locale4) 
locale4 = u'ua' : <type 'unicode'>
time1 = <Arrow [1970-01-01T03:00:01+02:00]> : <class 'arrow.arrow.Arrow'>
==================================================
time7.year                                                              # STEP 27
ACTION: time7.year 
time7 = <Arrow [1970-01-01T07:30:00+07:30]> : <class 'arrow.arrow.Arrow'>
==================================================
time4 = time5.replace(hours=val6)                                       # STEP 28
ACTION: time4 = time5.replace(hours=val6) 
val6 = 1 : <type 'int'>
time5 = <Arrow [0001-01-01T03:00:01+01:57]> : <class 'arrow.arrow.Arrow'>
time4 = <Arrow [1970-01-01T03:00:01+02:00]> : <class 'arrow.arrow.Arrow'>
=> time4 = <Arrow [0001-01-01T04:00:01+01:57]> : <class 'arrow.arrow.Arrow'>
==================================================
val5 += 1                                                               # STEP 29
ACTION: val5 += 1 
val5 = 0 : <type 'int'>
=> val5 = 1 : <type 'int'>
==================================================
time8 = time1.replace(year=val5)                                        # STEP 30
ACTION: time8 = time1.replace(year=val5) 
val5 = 1 : <type 'int'>
time1 = <Arrow [1970-01-01T03:00:01+02:00]> : <class 'arrow.arrow.Arrow'>
time8 = None : <type 'NoneType'>
=> time8 = <Arrow [0001-01-01T03:00:01+01:57]> : <class 'arrow.arrow.Arrow'>
==================================================
locale4 =  u'vi_vn'                                                     # STEP 31
ACTION: locale4 =  u'vi_vn' 
locale4 = u'ua' : <type 'unicode'>
=> locale4 = u'vi_vn' : <type 'unicode'>
==================================================
time1 = time1.to(zone3)                                                 # STEP 32
ACTION: time1 = time1.to(zone3) 
zone3 = 'US/Mountain' : <type 'str'>
time1 = <Arrow [1970-01-01T03:00:01+02:00]> : <class 'arrow.arrow.Arrow'>
=> time1 = <Arrow [1969-12-31T18:00:01-07:00]> : <class 'arrow.arrow.Arrow'>
==================================================
time3 = time2.to(zone0)                                                 # STEP 33
ACTION: time3 = time2.to(zone0) 
zone0 = 'Turkey' : <type 'str'>
time2 = <Arrow [0001-01-01T00:00:00+00:00]> : <class 'arrow.arrow.Arrow'>
time3 = None : <type 'NoneType'>
=> time3 = <Arrow [0001-01-01T01:57:00+01:57]> : <class 'arrow.arrow.Arrow'>
==================================================
locale1 =  u'bn_in'                                                     # STEP 34
ACTION: locale1 =  u'bn_in' 
locale1 = u'tr_tr' : <type 'unicode'>
=> locale1 = u'bn_in' : <type 'unicode'>
==================================================
time9 = time5.replace(month=val5)                                       # STEP 35
ACTION: time9 = time5.replace(month=val5) 
val5 = 1 : <type 'int'>
time5 = <Arrow [0001-01-01T03:00:01+01:57]> : <class 'arrow.arrow.Arrow'>
time9 = <Arrow [1970-01-01T00:00:01+00:00]> : <class 'arrow.arrow.Arrow'>
=> time9 = <Arrow [0001-01-01T03:00:01+01:57]> : <class 'arrow.arrow.Arrow'>
==================================================
time2 = time8.replace(year=val5)                                        # STEP 36
ACTION: time2 = time8.replace(year=val5) 
val5 = 1 : <type 'int'>
time8 = <Arrow [0001-01-01T03:00:01+01:57]> : <class 'arrow.arrow.Arrow'>
time2 = <Arrow [0001-01-01T00:00:00+00:00]> : <class 'arrow.arrow.Arrow'>
=> time2 = <Arrow [0001-01-01T03:00:01+01:57]> : <class 'arrow.arrow.Arrow'>
==================================================
time7 = time7.to(zone2)                                                 # STEP 37
ACTION: time7 = time7.to(zone2) 
zone2 = 'Singapore' : <type 'str'>
time7 = <Arrow [1970-01-01T07:30:00+07:30]> : <class 'arrow.arrow.Arrow'>
==================================================
time8 = time4.to(zone0)                                                 # STEP 38
ACTION: time8 = time4.to(zone0) 
zone0 = 'Turkey' : <type 'str'>
time4 = <Arrow [0001-01-01T04:00:01+01:57]> : <class 'arrow.arrow.Arrow'>
time8 = <Arrow [0001-01-01T03:00:01+01:57]> : <class 'arrow.arrow.Arrow'>
=> time8 = <Arrow [0001-01-01T04:00:01+01:57]> : <class 'arrow.arrow.Arrow'>
==================================================
time1.shift(months=val5)                                                # STEP 39
ACTION: time1.shift(months=val5) 
val5 = 1 : <type 'int'>
time1 = <Arrow [1969-12-31T18:00:01-07:00]> : <class 'arrow.arrow.Arrow'>
==================================================
time4 = time1.replace(year=val5)                                        # STEP 40
ACTION: time4 = time1.replace(year=val5) 
val5 = 1 : <type 'int'>
time1 = <Arrow [1969-12-31T18:00:01-07:00]> : <class 'arrow.arrow.Arrow'>
time4 = <Arrow [0001-01-01T04:00:01+01:57]> : <class 'arrow.arrow.Arrow'>
=> time4 = <Arrow [0001-12-31T18:00:01-07:00]> : <class 'arrow.arrow.Arrow'>
==================================================
time6 = time5.to(zone3)                                                 # STEP 41
ACTION: time6 = time5.to(zone3) 
zone3 = 'US/Mountain' : <type 'str'>
time5 = <Arrow [0001-01-01T03:00:01+01:57]> : <class 'arrow.arrow.Arrow'>
time6 = None : <type 'NoneType'>
RAISED EXCEPTION: <type 'exceptions.OverflowError'> date value out of range
ERROR: (<type 'exceptions.OverflowError'>, OverflowError('date value out of range',), <traceback object at 0x10a536d40>)
TRACEBACK:
  File "/Users/alex/tstl/examples/arrow/sut.py", line 405705, in safely
    act[2]()
  File "/Users/alex/tstl/examples/arrow/sut.py", line 34301, in act933
    self.p_time[6] = self.p_time[5].to(self.p_zone[3])
  File "/Library/Frameworks/Python.framework/Versions/2.7/lib/python2.7/site-packages/arrow/arrow.py", line 510, in to
    dt = self._datetime.astimezone(tz)
  File "/Library/Frameworks/Python.framework/Versions/2.7/lib/python2.7/site-packages/dateutil/tz/tz.py", line 667, in fromutc
    dt_out = dt + datetime.timedelta(seconds=tti.offset)
FAILURE IS NEW, STORING; NOW 2 DISTINCT FAILURES
STOPPING TEST DUE TO TIMEOUT, TERMINATED AT LENGTH 77
STOPPING TESTING DUE TO TIMEOUT
22.3933649289 PERCENT COVERED
60.2154121399 TOTAL RUNTIME
451 EXECUTED
44969 TOTAL TEST OPERATIONS
29.6375730038 TIME SPENT EXECUTING TEST OPERATIONS
27.9429371357 TIME SPENT EVALUATING GUARDS AND CHOOSING ACTIONS
0.0289771556854 TIME SPENT CHECKING PROPERTIES
29.6665501595 TOTAL TIME SPENT RUNNING SUT
0.259555101395 TIME SPENT RESTARTING
0.0 TIME SPENT REDUCING TEST CASES
2 FAILED
0 REPEATS OF FAILURES
2 ACTUAL DISTINCT FAILURES

FAILURE 0
locale4 =  u'ca'                                                         # STEP 0
locale3 =  u'ko_kr'                                                      # STEP 1
locale0 = u'ar_eg'                                                       # STEP 2
locale2 =  u'fr_fr'                                                      # STEP 3
locale1 =  u'fr_fr'                                                      # STEP 4
zone2 = 'Singapore'                                                      # STEP 5
val6 = 0                                                                 # STEP 6
zone1 = 'US/Arizona'                                                     # STEP 7
time3 = arrow.get(val6)                                                  # STEP 8
time5 = time3.to(zone1)                                                  # STEP 9
time8 = arrow.now(zone1)                                                # STEP 10
time6 = time8.to(zone1)                                                 # STEP 11
time9 = time3.replace(tzinfo=zone1)                                     # STEP 12
time4 = time8.replace(tzinfo=zone1)                                     # STEP 13
time7 = time5.to(zone1)                                                 # STEP 14
time1 = time7.to(zone1)                                                 # STEP 15
time9.humanize(locale=locale1)                                          # STEP 16
val9 = 0                                                                # STEP 17
locale1 =  u'nn'                                                        # STEP 18
time6.humanize(locale=locale1)                                          # STEP 19
time8 = arrow.get(val9)                                                 # STEP 20
locale1 =  u'hi'                                                        # STEP 21
time2 = time3.replace(tzinfo=zone2)                                     # STEP 22
time7 = time4.replace(tzinfo=zone1)                                     # STEP 23
time8.humanize(locale=locale3)                                          # STEP 24
zone1 = 'Singapore'                                                     # STEP 25
time8 = time4.to(zone2)                                                 # STEP 26
locale3 =  u'ar'                                                        # STEP 27
time5 = time4.replace(tzinfo=zone2)                                     # STEP 28
time3 = arrow.get(val9)                                                 # STEP 29
time9 = time3.to(zone1)                                                 # STEP 30
time4 = time9.replace(tzinfo=zone2)                                     # STEP 31
val6 += 1                                                               # STEP 32
time6.year                                                              # STEP 33
time6 = time6.to(zone2)                                                 # STEP 34
time0 = time4.to(zone2)                                                 # STEP 35
time9 = time6.replace(year=val6)                                        # STEP 36
zone3 = 'US/Arizona'                                                    # STEP 37
zone4 = 'Etc/Greenwich'                                                 # STEP 38
time3 = time1.to(zone4)                                                 # STEP 39
time9.humanize(locale=locale2)                                          # STEP 40
time4 = time0.replace(year=val6)                                        # STEP 41
time9 = time1.to(zone4)                                                 # STEP 42
time0.format()                                                          # STEP 43
time1.humanize(locale=locale2)                                          # STEP 44
zone1 = 'US/Arizona'                                                    # STEP 45
time6 = time5.replace(tzinfo=zone3)                                     # STEP 46
time0 = arrow.now(zone4)                                                # STEP 47
zone4 = 'US/Arizona'                                                    # STEP 48
time5 = time4.to(zone1)                                                 # STEP 49
ERROR: (<type 'exceptions.OverflowError'>, OverflowError('date value out of range',), <traceback object at 0x10a47ac20>)
TRACEBACK:
  File "/Users/alex/tstl/examples/arrow/sut.py", line 405705, in safely
    act[2]()
  File "/Users/alex/tstl/examples/arrow/sut.py", line 31709, in act876
    self.p_time[5] = self.p_time[4].to(self.p_zone[1])
  File "/Library/Frameworks/Python.framework/Versions/2.7/lib/python2.7/site-packages/arrow/arrow.py", line 510, in to
    dt = self._datetime.astimezone(tz)
  File "/Library/Frameworks/Python.framework/Versions/2.7/lib/python2.7/site-packages/dateutil/tz/tz.py", line 667, in fromutc
    dt_out = dt + datetime.timedelta(seconds=tti.offset)
FAILURE 1
locale0 =  u'en_za'                                                      # STEP 0
locale1 =  u'tr_tr'                                                      # STEP 1
locale2 =  u'mk'                                                         # STEP 2
locale4 =  u'ua'                                                         # STEP 3
val6 = 0                                                                 # STEP 4
locale3 =  u'zh_cn'                                                      # STEP 5
time0 = arrow.get(val6)                                                  # STEP 6
time0.year                                                               # STEP 7
zone3 = 'US/Mountain'                                                    # STEP 8
val6 += 1                                                                # STEP 9
time4 = time0.replace(year=val6)                                        # STEP 10
time4.humanize(locale=locale2)                                          # STEP 11
locale2 =  u'th_th'                                                     # STEP 12
zone0 = 'Turkey'                                                        # STEP 13
zone2 = 'Singapore'                                                     # STEP 14
time1 = arrow.get(val6)                                                 # STEP 15
time7 = time0.to(zone2)                                                 # STEP 16
time2 = time0.replace(year=val6)                                        # STEP 17
time9 = time1.replace(hours=val6)                                       # STEP 18
time4 = time9.to(zone0)                                                 # STEP 19
time5 = time4.replace(year=val6)                                        # STEP 20
time1 = time4.to(zone0)                                                 # STEP 21
val5 = 0                                                                # STEP 22
time0 = time5.to(zone0)                                                 # STEP 23
time9 = arrow.get(val6)                                                 # STEP 24
time9.humanize(locale=locale1)                                          # STEP 25
time1.humanize(locale=locale4)                                          # STEP 26
time7.year                                                              # STEP 27
time4 = time5.replace(hours=val6)                                       # STEP 28
val5 += 1                                                               # STEP 29
time8 = time1.replace(year=val5)                                        # STEP 30
locale4 =  u'vi_vn'                                                     # STEP 31
time1 = time1.to(zone3)                                                 # STEP 32
time3 = time2.to(zone0)                                                 # STEP 33
locale1 =  u'bn_in'                                                     # STEP 34
time9 = time5.replace(month=val5)                                       # STEP 35
time2 = time8.replace(year=val5)                                        # STEP 36
time7 = time7.to(zone2)                                                 # STEP 37
time8 = time4.to(zone0)                                                 # STEP 38
time1.shift(months=val5)                                                # STEP 39
time4 = time1.replace(year=val5)                                        # STEP 40
time6 = time5.to(zone3)                                                 # STEP 41
ERROR: (<type 'exceptions.OverflowError'>, OverflowError('date value out of range',), <traceback object at 0x10a536d40>)
TRACEBACK:
  File "/Users/alex/tstl/examples/arrow/sut.py", line 405705, in safely
    act[2]()
  File "/Users/alex/tstl/examples/arrow/sut.py", line 34301, in act933
    self.p_time[6] = self.p_time[5].to(self.p_zone[3])
  File "/Library/Frameworks/Python.framework/Versions/2.7/lib/python2.7/site-packages/arrow/arrow.py", line 510, in to
    dt = self._datetime.astimezone(tz)
  File "/Library/Frameworks/Python.framework/Versions/2.7/lib/python2.7/site-packages/dateutil/tz/tz.py", line 667, in fromutc
    dt_out = dt + datetime.timedelta(seconds=tti.offset)
344 BRANCHES COVERED
257 STATEMENTS COVERED
