Random testing using config=Config(noExceptionMatch=False, generalize=False, localize=False, speed='FAST', probs=None, LOCBaseline=0.2, noAlphaConvert=False, replayable=False, essentials=False, noCoverageExploit=False, quickTests=False, html=None, keepLast=False, stopWhenNoCoverage=None, generateLOC=None, computeFeatureStats=False, Pmutate=0.0, timeout=60, output='failure.15160.test', markov=None, noSwarmDependencies=False, startExploit=0.0, maxMustHitBranch=None, useHints=False, silentFail=False, highLowSwarm=None, maxMustHitStatement=None, progress=False, postCover=False, swarmLength=None, noCover=False, noEnumerateEnabled=False, full=True, swarmP=0.5, coverFile='coverage.out', markovP=1.0, swarmProbs=None, genDepth=None, exploitCeiling=0.1, logging=None, noCheck=False, throughput=False, uncaught=False, swarmSwitch=None, verbose=False, reducePool=False, exploit=None, fastQuickAnalysis=False, total=False, verboseExploit=False, swarm=True, sequenceP=1.0, biasLOC=None, timedProgress=30, relax=False, ddmin=False, stutter=None, readQuick=False, verboseActions=False, quickAnalysis=False, noReassign=False, sequenceSize=3, LOCProbs=False, sequencesFromTests=None, maxTests=-1, trackMaxCoverage=None, useQuickSequences=False, exploitBestHint=1, failedLogging=None, stopWhenStatements=None, greedyStutter=False, seed=None, stopWhenHitStatement=None, uniqueValuesAnalysis=False, normalize=False, startExploitStall=0, enumerateEnabled=False, internal=False, profile=False, multiple=True, stopWhenBranches=None, running=False, compareFails=False, Pcrossover=0.2, stopWhenHitBranch=None, depth=100, showActions=False)
UNCAUGHT EXCEPTION
ERROR: (<type 'exceptions.OverflowError'>, OverflowError('date value out of range',), <traceback object at 0x10a9904d0>)
TRACEBACK:
  File "/Users/alex/tstl/examples/arrow/sut.py", line 405705, in safely
    act[2]()
  File "/Users/alex/tstl/examples/arrow/sut.py", line 196279, in act4391
    self.p_time[1] = self.p_time[3].replace(minutes=self.p_val[6])
  File "/Library/Frameworks/Python.framework/Versions/2.7/lib/python2.7/site-packages/arrow/arrow.py", line 429, in replace
    current += relativedelta(**relative_kwargs) # TODO: DEPRECATED
  File "/Library/Frameworks/Python.framework/Versions/2.7/lib/python2.7/site-packages/dateutil/relativedelta.py", line 391, in __radd__
    return self.__add__(other)
  File "/Library/Frameworks/Python.framework/Versions/2.7/lib/python2.7/site-packages/dateutil/relativedelta.py", line 378, in __add__
    microseconds=self.microseconds))
Original test has 61 steps

SAVING TEST AS failure.15160.test.0
FINAL VERSION OF TEST, WITH LOGGED REPLAY:
zone4 = 'Poland'                                                         # STEP 0
ACTION: zone4 = 'Poland'  
zone4 = None : <type 'NoneType'>
=> zone4 = 'Poland' : <type 'str'>
==================================================
time6 = arrow.now(zone4)                                                 # STEP 1
ACTION: time6 = arrow.now(zone4) 
zone4 = 'Poland' : <type 'str'>
time6 = None : <type 'NoneType'>
=> time6 = <Arrow [2017-11-22T05:16:02.691095+01:00]> : <class 'arrow.arrow.Arrow'>
==================================================
zone3 = 'Australia/Brisbane'                                             # STEP 2
ACTION: zone3 = 'Australia/Brisbane'  
zone3 = None : <type 'NoneType'>
=> zone3 = 'Australia/Brisbane' : <type 'str'>
==================================================
zone4 = 'US/Alaska'                                                      # STEP 3
ACTION: zone4 = 'US/Alaska'  
zone4 = 'Poland' : <type 'str'>
=> zone4 = 'US/Alaska' : <type 'str'>
==================================================
time1 = arrow.now(zone3)                                                 # STEP 4
ACTION: time1 = arrow.now(zone3) 
zone3 = 'Australia/Brisbane' : <type 'str'>
time1 = None : <type 'NoneType'>
=> time1 = <Arrow [2017-11-22T14:16:02.692799+10:00]> : <class 'arrow.arrow.Arrow'>
==================================================
time0 = arrow.utcnow()                                                   # STEP 5
ACTION: time0 = arrow.utcnow() 
time0 = None : <type 'NoneType'>
=> time0 = <Arrow [2017-11-22T04:16:02.693547+00:00]> : <class 'arrow.arrow.Arrow'>
==================================================
zone1 = 'US/Alaska'                                                      # STEP 6
ACTION: zone1 = 'US/Alaska'  
zone1 = None : <type 'NoneType'>
=> zone1 = 'US/Alaska' : <type 'str'>
==================================================
time2 = arrow.now(zone4)                                                 # STEP 7
ACTION: time2 = arrow.now(zone4) 
zone4 = 'US/Alaska' : <type 'str'>
time2 = None : <type 'NoneType'>
=> time2 = <Arrow [2017-11-21T19:16:02.694984-09:00]> : <class 'arrow.arrow.Arrow'>
==================================================
zone0 = 'Poland'                                                         # STEP 8
ACTION: zone0 = 'Poland'  
zone0 = None : <type 'NoneType'>
=> zone0 = 'Poland' : <type 'str'>
==================================================
zone4 = 'Singapore'                                                      # STEP 9
ACTION: zone4 = 'Singapore'  
zone4 = 'US/Alaska' : <type 'str'>
=> zone4 = 'Singapore' : <type 'str'>
==================================================
val6 = 0                                                                # STEP 10
ACTION: val6 = 0 
val6 = None : <type 'NoneType'>
=> val6 = 0 : <type 'int'>
==================================================
val6 -= 1                                                               # STEP 11
ACTION: val6 -= 1 
val6 = 0 : <type 'int'>
=> val6 = -1 : <type 'int'>
==================================================
time5 = time1.replace(hours=val6)                                       # STEP 12
ACTION: time5 = time1.replace(hours=val6) 
val6 = -1 : <type 'int'>
time1 = <Arrow [2017-11-22T14:16:02.692799+10:00]> : <class 'arrow.arrow.Arrow'>
time5 = None : <type 'NoneType'>
=> time5 = <Arrow [2017-11-22T13:16:02.692799+10:00]> : <class 'arrow.arrow.Arrow'>
==================================================
val2 = 0                                                                # STEP 13
ACTION: val2 = 0 
val2 = None : <type 'NoneType'>
=> val2 = 0 : <type 'int'>
==================================================
val9 = 0                                                                # STEP 14
ACTION: val9 = 0 
val9 = None : <type 'NoneType'>
=> val9 = 0 : <type 'int'>
==================================================
time9 = time6.replace(minutes=val9)                                     # STEP 15
ACTION: time9 = time6.replace(minutes=val9) 
val9 = 0 : <type 'int'>
time6 = <Arrow [2017-11-22T05:16:02.691095+01:00]> : <class 'arrow.arrow.Arrow'>
time9 = None : <type 'NoneType'>
=> time9 = <Arrow [2017-11-22T05:16:02.691095+01:00]> : <class 'arrow.arrow.Arrow'>
==================================================
time7 = time1.replace(minutes=val6)                                     # STEP 16
ACTION: time7 = time1.replace(minutes=val6) 
val6 = -1 : <type 'int'>
time1 = <Arrow [2017-11-22T14:16:02.692799+10:00]> : <class 'arrow.arrow.Arrow'>
time7 = None : <type 'NoneType'>
=> time7 = <Arrow [2017-11-22T14:15:02.692799+10:00]> : <class 'arrow.arrow.Arrow'>
==================================================
time3 = time1.replace(hours=val6)                                       # STEP 17
ACTION: time3 = time1.replace(hours=val6) 
val6 = -1 : <type 'int'>
time1 = <Arrow [2017-11-22T14:16:02.692799+10:00]> : <class 'arrow.arrow.Arrow'>
time3 = None : <type 'NoneType'>
=> time3 = <Arrow [2017-11-22T13:16:02.692799+10:00]> : <class 'arrow.arrow.Arrow'>
==================================================
time3.format()                                                          # STEP 18
ACTION: time3.format() 
time3 = <Arrow [2017-11-22T13:16:02.692799+10:00]> : <class 'arrow.arrow.Arrow'>
==================================================
time4 = time3.replace(hours=val6)                                       # STEP 19
ACTION: time4 = time3.replace(hours=val6) 
val6 = -1 : <type 'int'>
time3 = <Arrow [2017-11-22T13:16:02.692799+10:00]> : <class 'arrow.arrow.Arrow'>
time4 = None : <type 'NoneType'>
=> time4 = <Arrow [2017-11-22T12:16:02.692799+10:00]> : <class 'arrow.arrow.Arrow'>
==================================================
time3 = time0.replace(minutes=val2)                                     # STEP 20
ACTION: time3 = time0.replace(minutes=val2) 
val2 = 0 : <type 'int'>
time0 = <Arrow [2017-11-22T04:16:02.693547+00:00]> : <class 'arrow.arrow.Arrow'>
time3 = <Arrow [2017-11-22T13:16:02.692799+10:00]> : <class 'arrow.arrow.Arrow'>
=> time3 = <Arrow [2017-11-22T04:16:02.693547+00:00]> : <class 'arrow.arrow.Arrow'>
==================================================
time1 = time1.replace(hours=val2)                                       # STEP 21
ACTION: time1 = time1.replace(hours=val2) 
val2 = 0 : <type 'int'>
time1 = <Arrow [2017-11-22T14:16:02.692799+10:00]> : <class 'arrow.arrow.Arrow'>
==================================================
time2.shift(seconds=val2)                                               # STEP 22
ACTION: time2.shift(seconds=val2) 
val2 = 0 : <type 'int'>
time2 = <Arrow [2017-11-21T19:16:02.694984-09:00]> : <class 'arrow.arrow.Arrow'>
==================================================
time0 = time4.replace(minutes=val6)                                     # STEP 23
ACTION: time0 = time4.replace(minutes=val6) 
val6 = -1 : <type 'int'>
time4 = <Arrow [2017-11-22T12:16:02.692799+10:00]> : <class 'arrow.arrow.Arrow'>
time0 = <Arrow [2017-11-22T04:16:02.693547+00:00]> : <class 'arrow.arrow.Arrow'>
=> time0 = <Arrow [2017-11-22T12:15:02.692799+10:00]> : <class 'arrow.arrow.Arrow'>
==================================================
time2 = arrow.now(zone3)                                                # STEP 24
ACTION: time2 = arrow.now(zone3) 
zone3 = 'Australia/Brisbane' : <type 'str'>
time2 = <Arrow [2017-11-21T19:16:02.694984-09:00]> : <class 'arrow.arrow.Arrow'>
=> time2 = <Arrow [2017-11-22T14:16:02.706911+10:00]> : <class 'arrow.arrow.Arrow'>
==================================================
time1.shift(weeks=val6)                                                 # STEP 25
ACTION: time1.shift(weeks=val6) 
val6 = -1 : <type 'int'>
time1 = <Arrow [2017-11-22T14:16:02.692799+10:00]> : <class 'arrow.arrow.Arrow'>
==================================================
time0.shift(weeks=val2)                                                 # STEP 26
ACTION: time0.shift(weeks=val2) 
val2 = 0 : <type 'int'>
time0 = <Arrow [2017-11-22T12:15:02.692799+10:00]> : <class 'arrow.arrow.Arrow'>
==================================================
time0 = time5.replace(hours=val9)                                       # STEP 27
ACTION: time0 = time5.replace(hours=val9) 
val9 = 0 : <type 'int'>
time5 = <Arrow [2017-11-22T13:16:02.692799+10:00]> : <class 'arrow.arrow.Arrow'>
time0 = <Arrow [2017-11-22T12:15:02.692799+10:00]> : <class 'arrow.arrow.Arrow'>
=> time0 = <Arrow [2017-11-22T13:16:02.692799+10:00]> : <class 'arrow.arrow.Arrow'>
==================================================
time5.shift(minutes=val6)                                               # STEP 28
ACTION: time5.shift(minutes=val6) 
val6 = -1 : <type 'int'>
time5 = <Arrow [2017-11-22T13:16:02.692799+10:00]> : <class 'arrow.arrow.Arrow'>
==================================================
time5.shift(seconds=val2)                                               # STEP 29
ACTION: time5.shift(seconds=val2) 
val2 = 0 : <type 'int'>
time5 = <Arrow [2017-11-22T13:16:02.692799+10:00]> : <class 'arrow.arrow.Arrow'>
==================================================
time6 = time9.replace(minutes=val9)                                     # STEP 30
ACTION: time6 = time9.replace(minutes=val9) 
val9 = 0 : <type 'int'>
time9 = <Arrow [2017-11-22T05:16:02.691095+01:00]> : <class 'arrow.arrow.Arrow'>
time6 = <Arrow [2017-11-22T05:16:02.691095+01:00]> : <class 'arrow.arrow.Arrow'>
==================================================
time5 = time0.replace(minutes=val9)                                     # STEP 31
ACTION: time5 = time0.replace(minutes=val9) 
val9 = 0 : <type 'int'>
time0 = <Arrow [2017-11-22T13:16:02.692799+10:00]> : <class 'arrow.arrow.Arrow'>
time5 = <Arrow [2017-11-22T13:16:02.692799+10:00]> : <class 'arrow.arrow.Arrow'>
==================================================
time9 = time4.replace(hours=val2)                                       # STEP 32
ACTION: time9 = time4.replace(hours=val2) 
val2 = 0 : <type 'int'>
time4 = <Arrow [2017-11-22T12:16:02.692799+10:00]> : <class 'arrow.arrow.Arrow'>
time9 = <Arrow [2017-11-22T05:16:02.691095+01:00]> : <class 'arrow.arrow.Arrow'>
=> time9 = <Arrow [2017-11-22T12:16:02.692799+10:00]> : <class 'arrow.arrow.Arrow'>
==================================================
time8 = time0.replace(minutes=val9)                                     # STEP 33
ACTION: time8 = time0.replace(minutes=val9) 
val9 = 0 : <type 'int'>
time0 = <Arrow [2017-11-22T13:16:02.692799+10:00]> : <class 'arrow.arrow.Arrow'>
time8 = None : <type 'NoneType'>
=> time8 = <Arrow [2017-11-22T13:16:02.692799+10:00]> : <class 'arrow.arrow.Arrow'>
==================================================
time8.shift(weeks=val6)                                                 # STEP 34
ACTION: time8.shift(weeks=val6) 
val6 = -1 : <type 'int'>
time8 = <Arrow [2017-11-22T13:16:02.692799+10:00]> : <class 'arrow.arrow.Arrow'>
==================================================
time4 = time0.replace(minutes=val2)                                     # STEP 35
ACTION: time4 = time0.replace(minutes=val2) 
val2 = 0 : <type 'int'>
time0 = <Arrow [2017-11-22T13:16:02.692799+10:00]> : <class 'arrow.arrow.Arrow'>
time4 = <Arrow [2017-11-22T12:16:02.692799+10:00]> : <class 'arrow.arrow.Arrow'>
=> time4 = <Arrow [2017-11-22T13:16:02.692799+10:00]> : <class 'arrow.arrow.Arrow'>
==================================================
time1 = time5.replace(hours=val9)                                       # STEP 36
ACTION: time1 = time5.replace(hours=val9) 
val9 = 0 : <type 'int'>
time5 = <Arrow [2017-11-22T13:16:02.692799+10:00]> : <class 'arrow.arrow.Arrow'>
time1 = <Arrow [2017-11-22T14:16:02.692799+10:00]> : <class 'arrow.arrow.Arrow'>
=> time1 = <Arrow [2017-11-22T13:16:02.692799+10:00]> : <class 'arrow.arrow.Arrow'>
==================================================
time0.shift(minutes=val6)                                               # STEP 37
ACTION: time0.shift(minutes=val6) 
val6 = -1 : <type 'int'>
time0 = <Arrow [2017-11-22T13:16:02.692799+10:00]> : <class 'arrow.arrow.Arrow'>
==================================================
time4.shift(minutes=val2)                                               # STEP 38
ACTION: time4.shift(minutes=val2) 
val2 = 0 : <type 'int'>
time4 = <Arrow [2017-11-22T13:16:02.692799+10:00]> : <class 'arrow.arrow.Arrow'>
==================================================
time7.shift(hours=val9)                                                 # STEP 39
ACTION: time7.shift(hours=val9) 
val9 = 0 : <type 'int'>
time7 = <Arrow [2017-11-22T14:15:02.692799+10:00]> : <class 'arrow.arrow.Arrow'>
==================================================
time9.shift(minutes=val6)                                               # STEP 40
ACTION: time9.shift(minutes=val6) 
val6 = -1 : <type 'int'>
time9 = <Arrow [2017-11-22T12:16:02.692799+10:00]> : <class 'arrow.arrow.Arrow'>
==================================================
time8 = time3.replace(hours=val9)                                       # STEP 41
ACTION: time8 = time3.replace(hours=val9) 
val9 = 0 : <type 'int'>
time3 = <Arrow [2017-11-22T04:16:02.693547+00:00]> : <class 'arrow.arrow.Arrow'>
time8 = <Arrow [2017-11-22T13:16:02.692799+10:00]> : <class 'arrow.arrow.Arrow'>
=> time8 = <Arrow [2017-11-22T04:16:02.693547+00:00]> : <class 'arrow.arrow.Arrow'>
==================================================
time5 = arrow.get(val6)                                                 # STEP 42
ACTION: time5 = arrow.get(val6) 
val6 = -1 : <type 'int'>
time5 = <Arrow [2017-11-22T13:16:02.692799+10:00]> : <class 'arrow.arrow.Arrow'>
=> time5 = <Arrow [1969-12-31T23:59:59+00:00]> : <class 'arrow.arrow.Arrow'>
==================================================
time5.shift(minutes=val9)                                               # STEP 43
ACTION: time5.shift(minutes=val9) 
val9 = 0 : <type 'int'>
time5 = <Arrow [1969-12-31T23:59:59+00:00]> : <class 'arrow.arrow.Arrow'>
==================================================
val9 += 1                                                               # STEP 44
ACTION: val9 += 1 
val9 = 0 : <type 'int'>
=> val9 = 1 : <type 'int'>
==================================================
time0 = arrow.get(val2)                                                 # STEP 45
ACTION: time0 = arrow.get(val2) 
val2 = 0 : <type 'int'>
time0 = <Arrow [2017-11-22T13:16:02.692799+10:00]> : <class 'arrow.arrow.Arrow'>
=> time0 = <Arrow [1970-01-01T00:00:00+00:00]> : <class 'arrow.arrow.Arrow'>
==================================================
time1.shift(seconds=val9)                                               # STEP 46
ACTION: time1.shift(seconds=val9) 
val9 = 1 : <type 'int'>
time1 = <Arrow [2017-11-22T13:16:02.692799+10:00]> : <class 'arrow.arrow.Arrow'>
==================================================
time5 = time4.replace(minutes=val9)                                     # STEP 47
ACTION: time5 = time4.replace(minutes=val9) 
val9 = 1 : <type 'int'>
time4 = <Arrow [2017-11-22T13:16:02.692799+10:00]> : <class 'arrow.arrow.Arrow'>
time5 = <Arrow [1969-12-31T23:59:59+00:00]> : <class 'arrow.arrow.Arrow'>
=> time5 = <Arrow [2017-11-22T13:17:02.692799+10:00]> : <class 'arrow.arrow.Arrow'>
==================================================
time2.shift(hours=val6)                                                 # STEP 48
ACTION: time2.shift(hours=val6) 
val6 = -1 : <type 'int'>
time2 = <Arrow [2017-11-22T14:16:02.706911+10:00]> : <class 'arrow.arrow.Arrow'>
==================================================
time3 = time0.replace(year=val9)                                        # STEP 49
ACTION: time3 = time0.replace(year=val9) 
val9 = 1 : <type 'int'>
time0 = <Arrow [1970-01-01T00:00:00+00:00]> : <class 'arrow.arrow.Arrow'>
time3 = <Arrow [2017-11-22T04:16:02.693547+00:00]> : <class 'arrow.arrow.Arrow'>
=> time3 = <Arrow [0001-01-01T00:00:00+00:00]> : <class 'arrow.arrow.Arrow'>
==================================================
time1 = time2.replace(hours=val9)                                       # STEP 50
ACTION: time1 = time2.replace(hours=val9) 
val9 = 1 : <type 'int'>
time2 = <Arrow [2017-11-22T14:16:02.706911+10:00]> : <class 'arrow.arrow.Arrow'>
time1 = <Arrow [2017-11-22T13:16:02.692799+10:00]> : <class 'arrow.arrow.Arrow'>
=> time1 = <Arrow [2017-11-22T15:16:02.706911+10:00]> : <class 'arrow.arrow.Arrow'>
==================================================
time9.shift(seconds=val9)                                               # STEP 51
ACTION: time9.shift(seconds=val9) 
val9 = 1 : <type 'int'>
time9 = <Arrow [2017-11-22T12:16:02.692799+10:00]> : <class 'arrow.arrow.Arrow'>
==================================================
time2 = time7.replace(minutes=val2)                                     # STEP 52
ACTION: time2 = time7.replace(minutes=val2) 
val2 = 0 : <type 'int'>
time7 = <Arrow [2017-11-22T14:15:02.692799+10:00]> : <class 'arrow.arrow.Arrow'>
time2 = <Arrow [2017-11-22T14:16:02.706911+10:00]> : <class 'arrow.arrow.Arrow'>
=> time2 = <Arrow [2017-11-22T14:15:02.692799+10:00]> : <class 'arrow.arrow.Arrow'>
==================================================
time2.shift(hours=val9)                                                 # STEP 53
ACTION: time2.shift(hours=val9) 
val9 = 1 : <type 'int'>
time2 = <Arrow [2017-11-22T14:15:02.692799+10:00]> : <class 'arrow.arrow.Arrow'>
==================================================
time0 = time2.replace(hours=val9)                                       # STEP 54
ACTION: time0 = time2.replace(hours=val9) 
val9 = 1 : <type 'int'>
time2 = <Arrow [2017-11-22T14:15:02.692799+10:00]> : <class 'arrow.arrow.Arrow'>
time0 = <Arrow [1970-01-01T00:00:00+00:00]> : <class 'arrow.arrow.Arrow'>
=> time0 = <Arrow [2017-11-22T15:15:02.692799+10:00]> : <class 'arrow.arrow.Arrow'>
==================================================
val4 = 0                                                                # STEP 55
ACTION: val4 = 0 
val4 = None : <type 'NoneType'>
=> val4 = 0 : <type 'int'>
==================================================
time9 = time6.replace(hours=val2)                                       # STEP 56
ACTION: time9 = time6.replace(hours=val2) 
val2 = 0 : <type 'int'>
time6 = <Arrow [2017-11-22T05:16:02.691095+01:00]> : <class 'arrow.arrow.Arrow'>
time9 = <Arrow [2017-11-22T12:16:02.692799+10:00]> : <class 'arrow.arrow.Arrow'>
=> time9 = <Arrow [2017-11-22T05:16:02.691095+01:00]> : <class 'arrow.arrow.Arrow'>
==================================================
time6 = time3.replace(hours=val9)                                       # STEP 57
ACTION: time6 = time3.replace(hours=val9) 
val9 = 1 : <type 'int'>
time3 = <Arrow [0001-01-01T00:00:00+00:00]> : <class 'arrow.arrow.Arrow'>
time6 = <Arrow [2017-11-22T05:16:02.691095+01:00]> : <class 'arrow.arrow.Arrow'>
=> time6 = <Arrow [0001-01-01T01:00:00+00:00]> : <class 'arrow.arrow.Arrow'>
==================================================
time8.shift(hours=val4)                                                 # STEP 58
ACTION: time8.shift(hours=val4) 
val4 = 0 : <type 'int'>
time8 = <Arrow [2017-11-22T04:16:02.693547+00:00]> : <class 'arrow.arrow.Arrow'>
==================================================
time1.shift(weeks=val9)                                                 # STEP 59
ACTION: time1.shift(weeks=val9) 
val9 = 1 : <type 'int'>
time1 = <Arrow [2017-11-22T15:16:02.706911+10:00]> : <class 'arrow.arrow.Arrow'>
==================================================
time1 = time3.replace(minutes=val6)                                     # STEP 60
ACTION: time1 = time3.replace(minutes=val6) 
val6 = -1 : <type 'int'>
time3 = <Arrow [0001-01-01T00:00:00+00:00]> : <class 'arrow.arrow.Arrow'>
time1 = <Arrow [2017-11-22T15:16:02.706911+10:00]> : <class 'arrow.arrow.Arrow'>
RAISED EXCEPTION: <type 'exceptions.OverflowError'> date value out of range
ERROR: (<type 'exceptions.OverflowError'>, OverflowError('date value out of range',), <traceback object at 0x10a9a0170>)
TRACEBACK:
  File "/Users/alex/tstl/examples/arrow/sut.py", line 405705, in safely
    act[2]()
  File "/Users/alex/tstl/examples/arrow/sut.py", line 196279, in act4391
    self.p_time[1] = self.p_time[3].replace(minutes=self.p_val[6])
  File "/Library/Frameworks/Python.framework/Versions/2.7/lib/python2.7/site-packages/arrow/arrow.py", line 429, in replace
    current += relativedelta(**relative_kwargs) # TODO: DEPRECATED
  File "/Library/Frameworks/Python.framework/Versions/2.7/lib/python2.7/site-packages/dateutil/relativedelta.py", line 391, in __radd__
    return self.__add__(other)
  File "/Library/Frameworks/Python.framework/Versions/2.7/lib/python2.7/site-packages/dateutil/relativedelta.py", line 378, in __add__
    microseconds=self.microseconds))
FAILURE IS NEW, STORING; NOW 1 DISTINCT FAILURES
TEST #198 STEP #17 (0:00:30.000224) Tue Nov 21 20:16:24 2017 [ 251 stmts 333 branches ] (no cov+ for 104 tests) 19678 TOTAL ACTIONS (655.928433254/s)
UNCAUGHT EXCEPTION
ERROR: (<type 'exceptions.OverflowError'>, OverflowError('date value out of range',), <traceback object at 0x10ab259e0>)
TRACEBACK:
  File "/Users/alex/tstl/examples/arrow/sut.py", line 405705, in safely
    act[2]()
  File "/Users/alex/tstl/examples/arrow/sut.py", line 36157, in act974
    self.p_time[7] = self.p_time[3].to(self.p_zone[4])
  File "/Library/Frameworks/Python.framework/Versions/2.7/lib/python2.7/site-packages/arrow/arrow.py", line 510, in to
    dt = self._datetime.astimezone(tz)
  File "/Library/Frameworks/Python.framework/Versions/2.7/lib/python2.7/site-packages/dateutil/tz/tz.py", line 667, in fromutc
    dt_out = dt + datetime.timedelta(seconds=tti.offset)
Original test has 46 steps

SAVING TEST AS failure.15160.test.1
FINAL VERSION OF TEST, WITH LOGGED REPLAY:
locale4 =  u'fa_ir'                                                      # STEP 0
ACTION: locale4 =  u'fa_ir' 
locale4 = None : <type 'NoneType'>
=> locale4 = u'fa_ir' : <type 'unicode'>
==================================================
locale1 =  u'fi'                                                         # STEP 1
ACTION: locale1 =  u'fi' 
locale1 = None : <type 'NoneType'>
=> locale1 = u'fi' : <type 'unicode'>
==================================================
locale2 =  u'ca_it'                                                      # STEP 2
ACTION: locale2 =  u'ca_it' 
locale2 = None : <type 'NoneType'>
=> locale2 = u'ca_it' : <type 'unicode'>
==================================================
locale0 =  u'zh_cn'                                                      # STEP 3
ACTION: locale0 =  u'zh_cn' 
locale0 = None : <type 'NoneType'>
=> locale0 = u'zh_cn' : <type 'unicode'>
==================================================
locale3 =  u'de_at'                                                      # STEP 4
ACTION: locale3 =  u'de_at' 
locale3 = None : <type 'NoneType'>
=> locale3 = u'de_at' : <type 'unicode'>
==================================================
zone2 = 'US/Mountain'                                                    # STEP 5
ACTION: zone2 = 'US/Mountain'  
zone2 = None : <type 'NoneType'>
=> zone2 = 'US/Mountain' : <type 'str'>
==================================================
zone4 = 'Poland'                                                         # STEP 6
ACTION: zone4 = 'Poland'  
zone4 = None : <type 'NoneType'>
=> zone4 = 'Poland' : <type 'str'>
==================================================
val7 = 0                                                                 # STEP 7
ACTION: val7 = 0 
val7 = None : <type 'NoneType'>
=> val7 = 0 : <type 'int'>
==================================================
time5 = arrow.get(val7)                                                  # STEP 8
ACTION: time5 = arrow.get(val7) 
val7 = 0 : <type 'int'>
time5 = None : <type 'NoneType'>
=> time5 = <Arrow [1970-01-01T00:00:00+00:00]> : <class 'arrow.arrow.Arrow'>
==================================================
time3 = time5.to(zone4)                                                  # STEP 9
ACTION: time3 = time5.to(zone4) 
zone4 = 'Poland' : <type 'str'>
time5 = <Arrow [1970-01-01T00:00:00+00:00]> : <class 'arrow.arrow.Arrow'>
time3 = None : <type 'NoneType'>
=> time3 = <Arrow [1970-01-01T01:00:00+01:00]> : <class 'arrow.arrow.Arrow'>
==================================================
time5.humanize(locale=locale0)                                          # STEP 10
ACTION: time5.humanize(locale=locale0) 
locale0 = u'zh_cn' : <type 'unicode'>
time5 = <Arrow [1970-01-01T00:00:00+00:00]> : <class 'arrow.arrow.Arrow'>
==================================================
locale0 =  u'ru_ru'                                                     # STEP 11
ACTION: locale0 =  u'ru_ru' 
locale0 = u'zh_cn' : <type 'unicode'>
=> locale0 = u'ru_ru' : <type 'unicode'>
==================================================
time9 = arrow.now(zone2)                                                # STEP 12
ACTION: time9 = arrow.now(zone2) 
zone2 = 'US/Mountain' : <type 'str'>
time9 = None : <type 'NoneType'>
=> time9 = <Arrow [2017-11-21T21:16:31.740907-07:00]> : <class 'arrow.arrow.Arrow'>
==================================================
time1 = arrow.get(val7)                                                 # STEP 13
ACTION: time1 = arrow.get(val7) 
val7 = 0 : <type 'int'>
time1 = None : <type 'NoneType'>
=> time1 = <Arrow [1970-01-01T00:00:00+00:00]> : <class 'arrow.arrow.Arrow'>
==================================================
time5 = time1.replace(minutes=val7)                                     # STEP 14
ACTION: time5 = time1.replace(minutes=val7) 
val7 = 0 : <type 'int'>
time1 = <Arrow [1970-01-01T00:00:00+00:00]> : <class 'arrow.arrow.Arrow'>
time5 = <Arrow [1970-01-01T00:00:00+00:00]> : <class 'arrow.arrow.Arrow'>
==================================================
time2 = time5.to(zone4)                                                 # STEP 15
ACTION: time2 = time5.to(zone4) 
zone4 = 'Poland' : <type 'str'>
time5 = <Arrow [1970-01-01T00:00:00+00:00]> : <class 'arrow.arrow.Arrow'>
time2 = None : <type 'NoneType'>
=> time2 = <Arrow [1970-01-01T01:00:00+01:00]> : <class 'arrow.arrow.Arrow'>
==================================================
zone3 = 'Poland'                                                        # STEP 16
ACTION: zone3 = 'Poland'  
zone3 = None : <type 'NoneType'>
=> zone3 = 'Poland' : <type 'str'>
==================================================
time0 = time1.to(zone2)                                                 # STEP 17
ACTION: time0 = time1.to(zone2) 
zone2 = 'US/Mountain' : <type 'str'>
time1 = <Arrow [1970-01-01T00:00:00+00:00]> : <class 'arrow.arrow.Arrow'>
time0 = None : <type 'NoneType'>
=> time0 = <Arrow [1969-12-31T17:00:00-07:00]> : <class 'arrow.arrow.Arrow'>
==================================================
val7 += 1                                                               # STEP 18
ACTION: val7 += 1 
val7 = 0 : <type 'int'>
=> val7 = 1 : <type 'int'>
==================================================
time2.humanize(locale=locale4)                                          # STEP 19
ACTION: time2.humanize(locale=locale4) 
locale4 = u'fa_ir' : <type 'unicode'>
time2 = <Arrow [1970-01-01T01:00:00+01:00]> : <class 'arrow.arrow.Arrow'>
==================================================
time2.shift(minutes=val7)                                               # STEP 20
ACTION: time2.shift(minutes=val7) 
val7 = 1 : <type 'int'>
time2 = <Arrow [1970-01-01T01:00:00+01:00]> : <class 'arrow.arrow.Arrow'>
==================================================
time1 = time0.replace(minutes=val7)                                     # STEP 21
ACTION: time1 = time0.replace(minutes=val7) 
val7 = 1 : <type 'int'>
time0 = <Arrow [1969-12-31T17:00:00-07:00]> : <class 'arrow.arrow.Arrow'>
time1 = <Arrow [1970-01-01T00:00:00+00:00]> : <class 'arrow.arrow.Arrow'>
=> time1 = <Arrow [1969-12-31T17:01:00-07:00]> : <class 'arrow.arrow.Arrow'>
==================================================
locale4 =  u'fr_fr'                                                     # STEP 22
ACTION: locale4 =  u'fr_fr' 
locale4 = u'fa_ir' : <type 'unicode'>
=> locale4 = u'fr_fr' : <type 'unicode'>
==================================================
time6 = time0.replace(year=val7)                                        # STEP 23
ACTION: time6 = time0.replace(year=val7) 
val7 = 1 : <type 'int'>
time0 = <Arrow [1969-12-31T17:00:00-07:00]> : <class 'arrow.arrow.Arrow'>
time6 = None : <type 'NoneType'>
=> time6 = <Arrow [0001-12-31T17:00:00-07:00]> : <class 'arrow.arrow.Arrow'>
==================================================
time0 = arrow.now(zone3)                                                # STEP 24
ACTION: time0 = arrow.now(zone3) 
zone3 = 'Poland' : <type 'str'>
time0 = <Arrow [1969-12-31T17:00:00-07:00]> : <class 'arrow.arrow.Arrow'>
=> time0 = <Arrow [2017-11-22T05:16:31.753305+01:00]> : <class 'arrow.arrow.Arrow'>
==================================================
time8 = time6.to(zone3)                                                 # STEP 25
ACTION: time8 = time6.to(zone3) 
zone3 = 'Poland' : <type 'str'>
time6 = <Arrow [0001-12-31T17:00:00-07:00]> : <class 'arrow.arrow.Arrow'>
time8 = None : <type 'NoneType'>
=> time8 = <Arrow [0002-01-01T01:24:00+01:24]> : <class 'arrow.arrow.Arrow'>
==================================================
time4 = time9.to(zone4)                                                 # STEP 26
ACTION: time4 = time9.to(zone4) 
zone4 = 'Poland' : <type 'str'>
time9 = <Arrow [2017-11-21T21:16:31.740907-07:00]> : <class 'arrow.arrow.Arrow'>
time4 = None : <type 'NoneType'>
=> time4 = <Arrow [2017-11-22T05:16:31.740907+01:00]> : <class 'arrow.arrow.Arrow'>
==================================================
time9 = time6.to(zone4)                                                 # STEP 27
ACTION: time9 = time6.to(zone4) 
zone4 = 'Poland' : <type 'str'>
time6 = <Arrow [0001-12-31T17:00:00-07:00]> : <class 'arrow.arrow.Arrow'>
time9 = <Arrow [2017-11-21T21:16:31.740907-07:00]> : <class 'arrow.arrow.Arrow'>
=> time9 = <Arrow [0002-01-01T01:24:00+01:24]> : <class 'arrow.arrow.Arrow'>
==================================================
time5 = time3.replace(minutes=val7)                                     # STEP 28
ACTION: time5 = time3.replace(minutes=val7) 
val7 = 1 : <type 'int'>
time3 = <Arrow [1970-01-01T01:00:00+01:00]> : <class 'arrow.arrow.Arrow'>
time5 = <Arrow [1970-01-01T00:00:00+00:00]> : <class 'arrow.arrow.Arrow'>
=> time5 = <Arrow [1970-01-01T01:01:00+01:00]> : <class 'arrow.arrow.Arrow'>
==================================================
time6 = time4.replace(minutes=val7)                                     # STEP 29
ACTION: time6 = time4.replace(minutes=val7) 
val7 = 1 : <type 'int'>
time4 = <Arrow [2017-11-22T05:16:31.740907+01:00]> : <class 'arrow.arrow.Arrow'>
time6 = <Arrow [0001-12-31T17:00:00-07:00]> : <class 'arrow.arrow.Arrow'>
=> time6 = <Arrow [2017-11-22T05:17:31.740907+01:00]> : <class 'arrow.arrow.Arrow'>
==================================================
time7 = time9.to(zone2)                                                 # STEP 30
ACTION: time7 = time9.to(zone2) 
zone2 = 'US/Mountain' : <type 'str'>
time9 = <Arrow [0002-01-01T01:24:00+01:24]> : <class 'arrow.arrow.Arrow'>
time7 = None : <type 'NoneType'>
=> time7 = <Arrow [0001-12-31T17:00:00-07:00]> : <class 'arrow.arrow.Arrow'>
==================================================
zone2 = 'Poland'                                                        # STEP 31
ACTION: zone2 = 'Poland'  
zone2 = 'US/Mountain' : <type 'str'>
=> zone2 = 'Poland' : <type 'str'>
==================================================
time9 = time5.to(zone2)                                                 # STEP 32
ACTION: time9 = time5.to(zone2) 
zone2 = 'Poland' : <type 'str'>
time5 = <Arrow [1970-01-01T01:01:00+01:00]> : <class 'arrow.arrow.Arrow'>
time9 = <Arrow [0002-01-01T01:24:00+01:24]> : <class 'arrow.arrow.Arrow'>
=> time9 = <Arrow [1970-01-01T01:01:00+01:00]> : <class 'arrow.arrow.Arrow'>
==================================================
time4 = time2.to(zone3)                                                 # STEP 33
ACTION: time4 = time2.to(zone3) 
zone3 = 'Poland' : <type 'str'>
time2 = <Arrow [1970-01-01T01:00:00+01:00]> : <class 'arrow.arrow.Arrow'>
time4 = <Arrow [2017-11-22T05:16:31.740907+01:00]> : <class 'arrow.arrow.Arrow'>
=> time4 = <Arrow [1970-01-01T01:00:00+01:00]> : <class 'arrow.arrow.Arrow'>
==================================================
zone4 = 'US/Mountain'                                                   # STEP 34
ACTION: zone4 = 'US/Mountain'  
zone4 = 'Poland' : <type 'str'>
=> zone4 = 'US/Mountain' : <type 'str'>
==================================================
time3.year                                                              # STEP 35
ACTION: time3.year 
time3 = <Arrow [1970-01-01T01:00:00+01:00]> : <class 'arrow.arrow.Arrow'>
==================================================
time5 = arrow.now(zone2)                                                # STEP 36
ACTION: time5 = arrow.now(zone2) 
zone2 = 'Poland' : <type 'str'>
time5 = <Arrow [1970-01-01T01:01:00+01:00]> : <class 'arrow.arrow.Arrow'>
=> time5 = <Arrow [2017-11-22T05:16:31.767375+01:00]> : <class 'arrow.arrow.Arrow'>
==================================================
time9.timestamp                                                         # STEP 37
ACTION: time9.timestamp 
time9 = <Arrow [1970-01-01T01:01:00+01:00]> : <class 'arrow.arrow.Arrow'>
==================================================
time9 = time8.replace(year=val7)                                        # STEP 38
ACTION: time9 = time8.replace(year=val7) 
val7 = 1 : <type 'int'>
time8 = <Arrow [0002-01-01T01:24:00+01:24]> : <class 'arrow.arrow.Arrow'>
time9 = <Arrow [1970-01-01T01:01:00+01:00]> : <class 'arrow.arrow.Arrow'>
=> time9 = <Arrow [0001-01-01T01:24:00+01:24]> : <class 'arrow.arrow.Arrow'>
==================================================
time7.timestamp                                                         # STEP 39
ACTION: time7.timestamp 
time7 = <Arrow [0001-12-31T17:00:00-07:00]> : <class 'arrow.arrow.Arrow'>
==================================================
time2 = time7.to(zone4)                                                 # STEP 40
ACTION: time2 = time7.to(zone4) 
zone4 = 'US/Mountain' : <type 'str'>
time7 = <Arrow [0001-12-31T17:00:00-07:00]> : <class 'arrow.arrow.Arrow'>
time2 = <Arrow [1970-01-01T01:00:00+01:00]> : <class 'arrow.arrow.Arrow'>
=> time2 = <Arrow [0001-12-31T17:00:00-07:00]> : <class 'arrow.arrow.Arrow'>
==================================================
time3 = time8.replace(year=val7)                                        # STEP 41
ACTION: time3 = time8.replace(year=val7) 
val7 = 1 : <type 'int'>
time8 = <Arrow [0002-01-01T01:24:00+01:24]> : <class 'arrow.arrow.Arrow'>
time3 = <Arrow [1970-01-01T01:00:00+01:00]> : <class 'arrow.arrow.Arrow'>
=> time3 = <Arrow [0001-01-01T01:24:00+01:24]> : <class 'arrow.arrow.Arrow'>
==================================================
time8 = time6.to(zone2)                                                 # STEP 42
ACTION: time8 = time6.to(zone2) 
zone2 = 'Poland' : <type 'str'>
time6 = <Arrow [2017-11-22T05:17:31.740907+01:00]> : <class 'arrow.arrow.Arrow'>
time8 = <Arrow [0002-01-01T01:24:00+01:24]> : <class 'arrow.arrow.Arrow'>
=> time8 = <Arrow [2017-11-22T05:17:31.740907+01:00]> : <class 'arrow.arrow.Arrow'>
==================================================
zone4 = 'US/Mountain'                                                   # STEP 43
ACTION: zone4 = 'US/Mountain'  
zone4 = 'US/Mountain' : <type 'str'>
==================================================
val5 = 0                                                                # STEP 44
ACTION: val5 = 0 
val5 = None : <type 'NoneType'>
=> val5 = 0 : <type 'int'>
==================================================
time7 = time3.to(zone4)                                                 # STEP 45
ACTION: time7 = time3.to(zone4) 
zone4 = 'US/Mountain' : <type 'str'>
time3 = <Arrow [0001-01-01T01:24:00+01:24]> : <class 'arrow.arrow.Arrow'>
time7 = <Arrow [0001-12-31T17:00:00-07:00]> : <class 'arrow.arrow.Arrow'>
RAISED EXCEPTION: <type 'exceptions.OverflowError'> date value out of range
ERROR: (<type 'exceptions.OverflowError'>, OverflowError('date value out of range',), <traceback object at 0x10ab2e488>)
TRACEBACK:
  File "/Users/alex/tstl/examples/arrow/sut.py", line 405705, in safely
    act[2]()
  File "/Users/alex/tstl/examples/arrow/sut.py", line 36157, in act974
    self.p_time[7] = self.p_time[3].to(self.p_zone[4])
  File "/Library/Frameworks/Python.framework/Versions/2.7/lib/python2.7/site-packages/arrow/arrow.py", line 510, in to
    dt = self._datetime.astimezone(tz)
  File "/Library/Frameworks/Python.framework/Versions/2.7/lib/python2.7/site-packages/dateutil/tz/tz.py", line 667, in fromutc
    dt_out = dt + datetime.timedelta(seconds=tti.offset)
FAILURE IS NEW, STORING; NOW 2 DISTINCT FAILURES
UNCAUGHT EXCEPTION
ERROR: (<type 'exceptions.OverflowError'>, OverflowError('date value out of range',), <traceback object at 0x10ab6dab8>)
TRACEBACK:
  File "/Users/alex/tstl/examples/arrow/sut.py", line 405705, in safely
    act[2]()
  File "/Users/alex/tstl/examples/arrow/sut.py", line 26709, in act766
    self.p_time[3] = self.p_time[2].to(self.p_zone[1])
  File "/Library/Frameworks/Python.framework/Versions/2.7/lib/python2.7/site-packages/arrow/arrow.py", line 510, in to
    dt = self._datetime.astimezone(tz)
  File "/Library/Frameworks/Python.framework/Versions/2.7/lib/python2.7/site-packages/dateutil/tz/tz.py", line 667, in fromutc
    dt_out = dt + datetime.timedelta(seconds=tti.offset)
Original test has 89 steps

SAVING TEST AS failure.15160.test.2
FINAL VERSION OF TEST, WITH LOGGED REPLAY:
locale3 =  u'en_au'                                                      # STEP 0
ACTION: locale3 =  u'en_au' 
locale3 = None : <type 'NoneType'>
=> locale3 = u'en_au' : <type 'unicode'>
==================================================
locale0 =  u'rm'                                                         # STEP 1
ACTION: locale0 =  u'rm' 
locale0 = None : <type 'NoneType'>
=> locale0 = u'rm' : <type 'unicode'>
==================================================
locale4 =  u'nn'                                                         # STEP 2
ACTION: locale4 =  u'nn' 
locale4 = None : <type 'NoneType'>
=> locale4 = u'nn' : <type 'unicode'>
==================================================
locale1 =  u'zh_tw'                                                      # STEP 3
ACTION: locale1 =  u'zh_tw' 
locale1 = None : <type 'NoneType'>
=> locale1 = u'zh_tw' : <type 'unicode'>
==================================================
locale2 =  u'en_be'                                                      # STEP 4
ACTION: locale2 =  u'en_be' 
locale2 = None : <type 'NoneType'>
=> locale2 = u'en_be' : <type 'unicode'>
==================================================
time3 = arrow.utcnow()                                                   # STEP 5
ACTION: time3 = arrow.utcnow() 
time3 = None : <type 'NoneType'>
=> time3 = <Arrow [2017-11-22T04:16:40.546150+00:00]> : <class 'arrow.arrow.Arrow'>
==================================================
zone1 = 'Etc/Greenwich'                                                  # STEP 6
ACTION: zone1 = 'Etc/Greenwich'  
zone1 = None : <type 'NoneType'>
=> zone1 = 'Etc/Greenwich' : <type 'str'>
==================================================
time3.timestamp                                                          # STEP 7
ACTION: time3.timestamp 
time3 = <Arrow [2017-11-22T04:16:40.546150+00:00]> : <class 'arrow.arrow.Arrow'>
==================================================
val1 = 0                                                                 # STEP 8
ACTION: val1 = 0 
val1 = None : <type 'NoneType'>
=> val1 = 0 : <type 'int'>
==================================================
time1 = arrow.now()                                                      # STEP 9
ACTION: time1 = arrow.now() 
time1 = None : <type 'NoneType'>
=> time1 = <Arrow [2017-11-21T20:16:40.548100-08:00]> : <class 'arrow.arrow.Arrow'>
==================================================
time4 = time1.replace(seconds=val1)                                     # STEP 10
ACTION: time4 = time1.replace(seconds=val1) 
val1 = 0 : <type 'int'>
time1 = <Arrow [2017-11-21T20:16:40.548100-08:00]> : <class 'arrow.arrow.Arrow'>
time4 = None : <type 'NoneType'>
=> time4 = <Arrow [2017-11-21T20:16:40.548100-08:00]> : <class 'arrow.arrow.Arrow'>
==================================================
time3.humanize(locale=locale0)                                          # STEP 11
ACTION: time3.humanize(locale=locale0) 
locale0 = u'rm' : <type 'unicode'>
time3 = <Arrow [2017-11-22T04:16:40.546150+00:00]> : <class 'arrow.arrow.Arrow'>
==================================================
locale0 =  u'en'                                                        # STEP 12
ACTION: locale0 =  u'en' 
locale0 = u'rm' : <type 'unicode'>
=> locale0 = u'en' : <type 'unicode'>
==================================================
time1 = time3.to(zone1)                                                 # STEP 13
ACTION: time1 = time3.to(zone1) 
zone1 = 'Etc/Greenwich' : <type 'str'>
time3 = <Arrow [2017-11-22T04:16:40.546150+00:00]> : <class 'arrow.arrow.Arrow'>
time1 = <Arrow [2017-11-21T20:16:40.548100-08:00]> : <class 'arrow.arrow.Arrow'>
=> time1 = <Arrow [2017-11-22T04:16:40.546150+00:00]> : <class 'arrow.arrow.Arrow'>
==================================================
time4.humanize(locale=locale3)                                          # STEP 14
ACTION: time4.humanize(locale=locale3) 
locale3 = u'en_au' : <type 'unicode'>
time4 = <Arrow [2017-11-21T20:16:40.548100-08:00]> : <class 'arrow.arrow.Arrow'>
==================================================
time0 = time3.to(zone1)                                                 # STEP 15
ACTION: time0 = time3.to(zone1) 
zone1 = 'Etc/Greenwich' : <type 'str'>
time3 = <Arrow [2017-11-22T04:16:40.546150+00:00]> : <class 'arrow.arrow.Arrow'>
time0 = None : <type 'NoneType'>
=> time0 = <Arrow [2017-11-22T04:16:40.546150+00:00]> : <class 'arrow.arrow.Arrow'>
==================================================
time7 = time4.replace(seconds=val1)                                     # STEP 16
ACTION: time7 = time4.replace(seconds=val1) 
val1 = 0 : <type 'int'>
time4 = <Arrow [2017-11-21T20:16:40.548100-08:00]> : <class 'arrow.arrow.Arrow'>
time7 = None : <type 'NoneType'>
=> time7 = <Arrow [2017-11-21T20:16:40.548100-08:00]> : <class 'arrow.arrow.Arrow'>
==================================================
time1.format()                                                          # STEP 17
ACTION: time1.format() 
time1 = <Arrow [2017-11-22T04:16:40.546150+00:00]> : <class 'arrow.arrow.Arrow'>
==================================================
time3 = arrow.get(val1)                                                 # STEP 18
ACTION: time3 = arrow.get(val1) 
val1 = 0 : <type 'int'>
time3 = <Arrow [2017-11-22T04:16:40.546150+00:00]> : <class 'arrow.arrow.Arrow'>
=> time3 = <Arrow [1970-01-01T00:00:00+00:00]> : <class 'arrow.arrow.Arrow'>
==================================================
time1.humanize(locale=locale4)                                          # STEP 19
ACTION: time1.humanize(locale=locale4) 
locale4 = u'nn' : <type 'unicode'>
time1 = <Arrow [2017-11-22T04:16:40.546150+00:00]> : <class 'arrow.arrow.Arrow'>
==================================================
time0.shift(seconds=val1)                                               # STEP 20
ACTION: time0.shift(seconds=val1) 
val1 = 0 : <type 'int'>
time0 = <Arrow [2017-11-22T04:16:40.546150+00:00]> : <class 'arrow.arrow.Arrow'>
==================================================
time4 = time0.to(zone1)                                                 # STEP 21
ACTION: time4 = time0.to(zone1) 
zone1 = 'Etc/Greenwich' : <type 'str'>
time0 = <Arrow [2017-11-22T04:16:40.546150+00:00]> : <class 'arrow.arrow.Arrow'>
time4 = <Arrow [2017-11-21T20:16:40.548100-08:00]> : <class 'arrow.arrow.Arrow'>
=> time4 = <Arrow [2017-11-22T04:16:40.546150+00:00]> : <class 'arrow.arrow.Arrow'>
==================================================
time9 = time3.to(zone1)                                                 # STEP 22
ACTION: time9 = time3.to(zone1) 
zone1 = 'Etc/Greenwich' : <type 'str'>
time3 = <Arrow [1970-01-01T00:00:00+00:00]> : <class 'arrow.arrow.Arrow'>
time9 = None : <type 'NoneType'>
=> time9 = <Arrow [1970-01-01T00:00:00+00:00]> : <class 'arrow.arrow.Arrow'>
==================================================
locale3 =  u'vi'                                                        # STEP 23
ACTION: locale3 =  u'vi' 
locale3 = u'en_au' : <type 'unicode'>
=> locale3 = u'vi' : <type 'unicode'>
==================================================
locale4 =  u'ca_it'                                                     # STEP 24
ACTION: locale4 =  u'ca_it' 
locale4 = u'nn' : <type 'unicode'>
=> locale4 = u'ca_it' : <type 'unicode'>
==================================================
time1.format()                                                          # STEP 25
ACTION: time1.format() 
time1 = <Arrow [2017-11-22T04:16:40.546150+00:00]> : <class 'arrow.arrow.Arrow'>
==================================================
time2 = time9.replace(seconds=val1)                                     # STEP 26
ACTION: time2 = time9.replace(seconds=val1) 
val1 = 0 : <type 'int'>
time9 = <Arrow [1970-01-01T00:00:00+00:00]> : <class 'arrow.arrow.Arrow'>
time2 = None : <type 'NoneType'>
=> time2 = <Arrow [1970-01-01T00:00:00+00:00]> : <class 'arrow.arrow.Arrow'>
==================================================
time4.timestamp                                                         # STEP 27
ACTION: time4.timestamp 
time4 = <Arrow [2017-11-22T04:16:40.546150+00:00]> : <class 'arrow.arrow.Arrow'>
==================================================
val3 = 0                                                                # STEP 28
ACTION: val3 = 0 
val3 = None : <type 'NoneType'>
=> val3 = 0 : <type 'int'>
==================================================
time3 = time1.replace(seconds=val1)                                     # STEP 29
ACTION: time3 = time1.replace(seconds=val1) 
val1 = 0 : <type 'int'>
time1 = <Arrow [2017-11-22T04:16:40.546150+00:00]> : <class 'arrow.arrow.Arrow'>
time3 = <Arrow [1970-01-01T00:00:00+00:00]> : <class 'arrow.arrow.Arrow'>
=> time3 = <Arrow [2017-11-22T04:16:40.546150+00:00]> : <class 'arrow.arrow.Arrow'>
==================================================
time7.shift(hours=val1)                                                 # STEP 30
ACTION: time7.shift(hours=val1) 
val1 = 0 : <type 'int'>
time7 = <Arrow [2017-11-21T20:16:40.548100-08:00]> : <class 'arrow.arrow.Arrow'>
==================================================
time0.shift(hours=val1)                                                 # STEP 31
ACTION: time0.shift(hours=val1) 
val1 = 0 : <type 'int'>
time0 = <Arrow [2017-11-22T04:16:40.546150+00:00]> : <class 'arrow.arrow.Arrow'>
==================================================
time5 = time4.to(zone1)                                                 # STEP 32
ACTION: time5 = time4.to(zone1) 
zone1 = 'Etc/Greenwich' : <type 'str'>
time4 = <Arrow [2017-11-22T04:16:40.546150+00:00]> : <class 'arrow.arrow.Arrow'>
time5 = None : <type 'NoneType'>
=> time5 = <Arrow [2017-11-22T04:16:40.546150+00:00]> : <class 'arrow.arrow.Arrow'>
==================================================
time1 = arrow.get(val3)                                                 # STEP 33
ACTION: time1 = arrow.get(val3) 
val3 = 0 : <type 'int'>
time1 = <Arrow [2017-11-22T04:16:40.546150+00:00]> : <class 'arrow.arrow.Arrow'>
=> time1 = <Arrow [1970-01-01T00:00:00+00:00]> : <class 'arrow.arrow.Arrow'>
==================================================
time3.shift(hours=val3)                                                 # STEP 34
ACTION: time3.shift(hours=val3) 
val3 = 0 : <type 'int'>
time3 = <Arrow [2017-11-22T04:16:40.546150+00:00]> : <class 'arrow.arrow.Arrow'>
==================================================
time6 = time7.replace(seconds=val1)                                     # STEP 35
ACTION: time6 = time7.replace(seconds=val1) 
val1 = 0 : <type 'int'>
time7 = <Arrow [2017-11-21T20:16:40.548100-08:00]> : <class 'arrow.arrow.Arrow'>
time6 = None : <type 'NoneType'>
=> time6 = <Arrow [2017-11-21T20:16:40.548100-08:00]> : <class 'arrow.arrow.Arrow'>
==================================================
time3 = time4.to(zone1)                                                 # STEP 36
ACTION: time3 = time4.to(zone1) 
zone1 = 'Etc/Greenwich' : <type 'str'>
time4 = <Arrow [2017-11-22T04:16:40.546150+00:00]> : <class 'arrow.arrow.Arrow'>
time3 = <Arrow [2017-11-22T04:16:40.546150+00:00]> : <class 'arrow.arrow.Arrow'>
==================================================
time0.shift(weeks=val3)                                                 # STEP 37
ACTION: time0.shift(weeks=val3) 
val3 = 0 : <type 'int'>
time0 = <Arrow [2017-11-22T04:16:40.546150+00:00]> : <class 'arrow.arrow.Arrow'>
==================================================
time1.timestamp                                                         # STEP 38
ACTION: time1.timestamp 
time1 = <Arrow [1970-01-01T00:00:00+00:00]> : <class 'arrow.arrow.Arrow'>
==================================================
val9 = 0                                                                # STEP 39
ACTION: val9 = 0 
val9 = None : <type 'NoneType'>
=> val9 = 0 : <type 'int'>
==================================================
time8 = time1.replace(seconds=val3)                                     # STEP 40
ACTION: time8 = time1.replace(seconds=val3) 
val3 = 0 : <type 'int'>
time1 = <Arrow [1970-01-01T00:00:00+00:00]> : <class 'arrow.arrow.Arrow'>
time8 = None : <type 'NoneType'>
=> time8 = <Arrow [1970-01-01T00:00:00+00:00]> : <class 'arrow.arrow.Arrow'>
==================================================
time0 = arrow.get(val3)                                                 # STEP 41
ACTION: time0 = arrow.get(val3) 
val3 = 0 : <type 'int'>
time0 = <Arrow [2017-11-22T04:16:40.546150+00:00]> : <class 'arrow.arrow.Arrow'>
=> time0 = <Arrow [1970-01-01T00:00:00+00:00]> : <class 'arrow.arrow.Arrow'>
==================================================
time3.humanize(locale=locale1)                                          # STEP 42
ACTION: time3.humanize(locale=locale1) 
locale1 = u'zh_tw' : <type 'unicode'>
time3 = <Arrow [2017-11-22T04:16:40.546150+00:00]> : <class 'arrow.arrow.Arrow'>
==================================================
time3 = time2.replace(seconds=val1)                                     # STEP 43
ACTION: time3 = time2.replace(seconds=val1) 
val1 = 0 : <type 'int'>
time2 = <Arrow [1970-01-01T00:00:00+00:00]> : <class 'arrow.arrow.Arrow'>
time3 = <Arrow [2017-11-22T04:16:40.546150+00:00]> : <class 'arrow.arrow.Arrow'>
=> time3 = <Arrow [1970-01-01T00:00:00+00:00]> : <class 'arrow.arrow.Arrow'>
==================================================
time8.humanize(locale=locale4)                                          # STEP 44
ACTION: time8.humanize(locale=locale4) 
locale4 = u'ca_it' : <type 'unicode'>
time8 = <Arrow [1970-01-01T00:00:00+00:00]> : <class 'arrow.arrow.Arrow'>
==================================================
time8 = time3.replace(seconds=val3)                                     # STEP 45
ACTION: time8 = time3.replace(seconds=val3) 
val3 = 0 : <type 'int'>
time3 = <Arrow [1970-01-01T00:00:00+00:00]> : <class 'arrow.arrow.Arrow'>
time8 = <Arrow [1970-01-01T00:00:00+00:00]> : <class 'arrow.arrow.Arrow'>
==================================================
locale4 =  u'ca_it'                                                     # STEP 46
ACTION: locale4 =  u'ca_it' 
locale4 = u'ca_it' : <type 'unicode'>
==================================================
time7.humanize(locale=locale1)                                          # STEP 47
ACTION: time7.humanize(locale=locale1) 
locale1 = u'zh_tw' : <type 'unicode'>
time7 = <Arrow [2017-11-21T20:16:40.548100-08:00]> : <class 'arrow.arrow.Arrow'>
==================================================
time8.shift(seconds=val3)                                               # STEP 48
ACTION: time8.shift(seconds=val3) 
val3 = 0 : <type 'int'>
time8 = <Arrow [1970-01-01T00:00:00+00:00]> : <class 'arrow.arrow.Arrow'>
==================================================
time3 = time0.to(zone1)                                                 # STEP 49
ACTION: time3 = time0.to(zone1) 
zone1 = 'Etc/Greenwich' : <type 'str'>
time0 = <Arrow [1970-01-01T00:00:00+00:00]> : <class 'arrow.arrow.Arrow'>
time3 = <Arrow [1970-01-01T00:00:00+00:00]> : <class 'arrow.arrow.Arrow'>
==================================================
time2 = time9.replace(seconds=val9)                                     # STEP 50
ACTION: time2 = time9.replace(seconds=val9) 
val9 = 0 : <type 'int'>
time9 = <Arrow [1970-01-01T00:00:00+00:00]> : <class 'arrow.arrow.Arrow'>
time2 = <Arrow [1970-01-01T00:00:00+00:00]> : <class 'arrow.arrow.Arrow'>
==================================================
locale1 =  u'bg_bg'                                                     # STEP 51
ACTION: locale1 =  u'bg_bg' 
locale1 = u'zh_tw' : <type 'unicode'>
=> locale1 = u'bg_bg' : <type 'unicode'>
==================================================
zone1 = 'US/Eastern'                                                    # STEP 52
ACTION: zone1 = 'US/Eastern'  
zone1 = 'Etc/Greenwich' : <type 'str'>
=> zone1 = 'US/Eastern' : <type 'str'>
==================================================
time9 = time8.replace(seconds=val3)                                     # STEP 53
ACTION: time9 = time8.replace(seconds=val3) 
val3 = 0 : <type 'int'>
time8 = <Arrow [1970-01-01T00:00:00+00:00]> : <class 'arrow.arrow.Arrow'>
time9 = <Arrow [1970-01-01T00:00:00+00:00]> : <class 'arrow.arrow.Arrow'>
==================================================
time4.shift(hours=val9)                                                 # STEP 54
ACTION: time4.shift(hours=val9) 
val9 = 0 : <type 'int'>
time4 = <Arrow [2017-11-22T04:16:40.546150+00:00]> : <class 'arrow.arrow.Arrow'>
==================================================
time4.timestamp                                                         # STEP 55
ACTION: time4.timestamp 
time4 = <Arrow [2017-11-22T04:16:40.546150+00:00]> : <class 'arrow.arrow.Arrow'>
==================================================
time8.shift(hours=val1)                                                 # STEP 56
ACTION: time8.shift(hours=val1) 
val1 = 0 : <type 'int'>
time8 = <Arrow [1970-01-01T00:00:00+00:00]> : <class 'arrow.arrow.Arrow'>
==================================================
val3 += 1                                                               # STEP 57
ACTION: val3 += 1 
val3 = 0 : <type 'int'>
=> val3 = 1 : <type 'int'>
==================================================
time7 = time0.replace(seconds=val9)                                     # STEP 58
ACTION: time7 = time0.replace(seconds=val9) 
val9 = 0 : <type 'int'>
time0 = <Arrow [1970-01-01T00:00:00+00:00]> : <class 'arrow.arrow.Arrow'>
time7 = <Arrow [2017-11-21T20:16:40.548100-08:00]> : <class 'arrow.arrow.Arrow'>
=> time7 = <Arrow [1970-01-01T00:00:00+00:00]> : <class 'arrow.arrow.Arrow'>
==================================================
time7.datetime                                                          # STEP 59
ACTION: time7.datetime 
time7 = <Arrow [1970-01-01T00:00:00+00:00]> : <class 'arrow.arrow.Arrow'>
==================================================
time2.shift(hours=val3)                                                 # STEP 60
ACTION: time2.shift(hours=val3) 
val3 = 1 : <type 'int'>
time2 = <Arrow [1970-01-01T00:00:00+00:00]> : <class 'arrow.arrow.Arrow'>
==================================================
time0 = time6.replace(seconds=val3)                                     # STEP 61
ACTION: time0 = time6.replace(seconds=val3) 
val3 = 1 : <type 'int'>
time6 = <Arrow [2017-11-21T20:16:40.548100-08:00]> : <class 'arrow.arrow.Arrow'>
time0 = <Arrow [1970-01-01T00:00:00+00:00]> : <class 'arrow.arrow.Arrow'>
=> time0 = <Arrow [2017-11-21T20:16:41.548100-08:00]> : <class 'arrow.arrow.Arrow'>
==================================================
time6 = time7.to(zone1)                                                 # STEP 62
ACTION: time6 = time7.to(zone1) 
zone1 = 'US/Eastern' : <type 'str'>
time7 = <Arrow [1970-01-01T00:00:00+00:00]> : <class 'arrow.arrow.Arrow'>
time6 = <Arrow [2017-11-21T20:16:40.548100-08:00]> : <class 'arrow.arrow.Arrow'>
=> time6 = <Arrow [1969-12-31T19:00:00-05:00]> : <class 'arrow.arrow.Arrow'>
==================================================
time6.format()                                                          # STEP 63
ACTION: time6.format() 
time6 = <Arrow [1969-12-31T19:00:00-05:00]> : <class 'arrow.arrow.Arrow'>
==================================================
time5.datetime                                                          # STEP 64
ACTION: time5.datetime 
time5 = <Arrow [2017-11-22T04:16:40.546150+00:00]> : <class 'arrow.arrow.Arrow'>
==================================================
time7 = time3.replace(seconds=val3)                                     # STEP 65
ACTION: time7 = time3.replace(seconds=val3) 
val3 = 1 : <type 'int'>
time3 = <Arrow [1970-01-01T00:00:00+00:00]> : <class 'arrow.arrow.Arrow'>
time7 = <Arrow [1970-01-01T00:00:00+00:00]> : <class 'arrow.arrow.Arrow'>
=> time7 = <Arrow [1970-01-01T00:00:01+00:00]> : <class 'arrow.arrow.Arrow'>
==================================================
time1.shift(seconds=val1)                                               # STEP 66
ACTION: time1.shift(seconds=val1) 
val1 = 0 : <type 'int'>
time1 = <Arrow [1970-01-01T00:00:00+00:00]> : <class 'arrow.arrow.Arrow'>
==================================================
time8 = time1.to(zone1)                                                 # STEP 67
ACTION: time8 = time1.to(zone1) 
zone1 = 'US/Eastern' : <type 'str'>
time1 = <Arrow [1970-01-01T00:00:00+00:00]> : <class 'arrow.arrow.Arrow'>
time8 = <Arrow [1970-01-01T00:00:00+00:00]> : <class 'arrow.arrow.Arrow'>
=> time8 = <Arrow [1969-12-31T19:00:00-05:00]> : <class 'arrow.arrow.Arrow'>
==================================================
time6 = time7.replace(seconds=val1)                                     # STEP 68
ACTION: time6 = time7.replace(seconds=val1) 
val1 = 0 : <type 'int'>
time7 = <Arrow [1970-01-01T00:00:01+00:00]> : <class 'arrow.arrow.Arrow'>
time6 = <Arrow [1969-12-31T19:00:00-05:00]> : <class 'arrow.arrow.Arrow'>
=> time6 = <Arrow [1970-01-01T00:00:01+00:00]> : <class 'arrow.arrow.Arrow'>
==================================================
zone1 = 'US/Mountain'                                                   # STEP 69
ACTION: zone1 = 'US/Mountain'  
zone1 = 'US/Eastern' : <type 'str'>
=> zone1 = 'US/Mountain' : <type 'str'>
==================================================
time7 = time2.to(zone1)                                                 # STEP 70
ACTION: time7 = time2.to(zone1) 
zone1 = 'US/Mountain' : <type 'str'>
time2 = <Arrow [1970-01-01T00:00:00+00:00]> : <class 'arrow.arrow.Arrow'>
time7 = <Arrow [1970-01-01T00:00:01+00:00]> : <class 'arrow.arrow.Arrow'>
=> time7 = <Arrow [1969-12-31T17:00:00-07:00]> : <class 'arrow.arrow.Arrow'>
==================================================
time6.humanize(locale=locale1)                                          # STEP 71
ACTION: time6.humanize(locale=locale1) 
locale1 = u'bg_bg' : <type 'unicode'>
time6 = <Arrow [1970-01-01T00:00:01+00:00]> : <class 'arrow.arrow.Arrow'>
==================================================
time6.shift(weeks=val3)                                                 # STEP 72
ACTION: time6.shift(weeks=val3) 
val3 = 1 : <type 'int'>
time6 = <Arrow [1970-01-01T00:00:01+00:00]> : <class 'arrow.arrow.Arrow'>
==================================================
time5 = time6.replace(seconds=val3)                                     # STEP 73
ACTION: time5 = time6.replace(seconds=val3) 
val3 = 1 : <type 'int'>
time6 = <Arrow [1970-01-01T00:00:01+00:00]> : <class 'arrow.arrow.Arrow'>
time5 = <Arrow [2017-11-22T04:16:40.546150+00:00]> : <class 'arrow.arrow.Arrow'>
=> time5 = <Arrow [1970-01-01T00:00:02+00:00]> : <class 'arrow.arrow.Arrow'>
==================================================
locale1 =  u'es_es'                                                     # STEP 74
ACTION: locale1 =  u'es_es' 
locale1 = u'bg_bg' : <type 'unicode'>
=> locale1 = u'es_es' : <type 'unicode'>
==================================================
time4 = time6.replace(year=val3)                                        # STEP 75
ACTION: time4 = time6.replace(year=val3) 
val3 = 1 : <type 'int'>
time6 = <Arrow [1970-01-01T00:00:01+00:00]> : <class 'arrow.arrow.Arrow'>
time4 = <Arrow [2017-11-22T04:16:40.546150+00:00]> : <class 'arrow.arrow.Arrow'>
=> time4 = <Arrow [0001-01-01T00:00:01+00:00]> : <class 'arrow.arrow.Arrow'>
==================================================
time3 = time2.replace(seconds=val1)                                     # STEP 76
ACTION: time3 = time2.replace(seconds=val1) 
val1 = 0 : <type 'int'>
time2 = <Arrow [1970-01-01T00:00:00+00:00]> : <class 'arrow.arrow.Arrow'>
time3 = <Arrow [1970-01-01T00:00:00+00:00]> : <class 'arrow.arrow.Arrow'>
==================================================
time7.timestamp                                                         # STEP 77
ACTION: time7.timestamp 
time7 = <Arrow [1969-12-31T17:00:00-07:00]> : <class 'arrow.arrow.Arrow'>
==================================================
time1.humanize(locale=locale3)                                          # STEP 78
ACTION: time1.humanize(locale=locale3) 
locale3 = u'vi' : <type 'unicode'>
time1 = <Arrow [1970-01-01T00:00:00+00:00]> : <class 'arrow.arrow.Arrow'>
==================================================
zone3 = 'US/Arizona'                                                    # STEP 79
ACTION: zone3 = 'US/Arizona'  
zone3 = None : <type 'NoneType'>
=> zone3 = 'US/Arizona' : <type 'str'>
==================================================
locale3 =  u'eu'                                                        # STEP 80
ACTION: locale3 =  u'eu' 
locale3 = u'vi' : <type 'unicode'>
=> locale3 = u'eu' : <type 'unicode'>
==================================================
time2 = time2.replace(year=val3)                                        # STEP 81
ACTION: time2 = time2.replace(year=val3) 
val3 = 1 : <type 'int'>
time2 = <Arrow [1970-01-01T00:00:00+00:00]> : <class 'arrow.arrow.Arrow'>
=> time2 = <Arrow [0001-01-01T00:00:00+00:00]> : <class 'arrow.arrow.Arrow'>
==================================================
time7 = time7.to(zone3)                                                 # STEP 82
ACTION: time7 = time7.to(zone3) 
zone3 = 'US/Arizona' : <type 'str'>
time7 = <Arrow [1969-12-31T17:00:00-07:00]> : <class 'arrow.arrow.Arrow'>
==================================================
time6.timestamp                                                         # STEP 83
ACTION: time6.timestamp 
time6 = <Arrow [1970-01-01T00:00:01+00:00]> : <class 'arrow.arrow.Arrow'>
==================================================
time6 = arrow.get(val1)                                                 # STEP 84
ACTION: time6 = arrow.get(val1) 
val1 = 0 : <type 'int'>
time6 = <Arrow [1970-01-01T00:00:01+00:00]> : <class 'arrow.arrow.Arrow'>
=> time6 = <Arrow [1970-01-01T00:00:00+00:00]> : <class 'arrow.arrow.Arrow'>
==================================================
val0 = 0                                                                # STEP 85
ACTION: val0 = 0 
val0 = None : <type 'NoneType'>
=> val0 = 0 : <type 'int'>
==================================================
time3.shift(seconds=val0)                                               # STEP 86
ACTION: time3.shift(seconds=val0) 
val0 = 0 : <type 'int'>
time3 = <Arrow [1970-01-01T00:00:00+00:00]> : <class 'arrow.arrow.Arrow'>
==================================================
time5.shift(months=val1)                                                # STEP 87
ACTION: time5.shift(months=val1) 
val1 = 0 : <type 'int'>
time5 = <Arrow [1970-01-01T00:00:02+00:00]> : <class 'arrow.arrow.Arrow'>
==================================================
time3 = time2.to(zone1)                                                 # STEP 88
ACTION: time3 = time2.to(zone1) 
zone1 = 'US/Mountain' : <type 'str'>
time2 = <Arrow [0001-01-01T00:00:00+00:00]> : <class 'arrow.arrow.Arrow'>
time3 = <Arrow [1970-01-01T00:00:00+00:00]> : <class 'arrow.arrow.Arrow'>
RAISED EXCEPTION: <type 'exceptions.OverflowError'> date value out of range
ERROR: (<type 'exceptions.OverflowError'>, OverflowError('date value out of range',), <traceback object at 0x10ab78bd8>)
TRACEBACK:
  File "/Users/alex/tstl/examples/arrow/sut.py", line 405705, in safely
    act[2]()
  File "/Users/alex/tstl/examples/arrow/sut.py", line 26709, in act766
    self.p_time[3] = self.p_time[2].to(self.p_zone[1])
  File "/Library/Frameworks/Python.framework/Versions/2.7/lib/python2.7/site-packages/arrow/arrow.py", line 510, in to
    dt = self._datetime.astimezone(tz)
  File "/Library/Frameworks/Python.framework/Versions/2.7/lib/python2.7/site-packages/dateutil/tz/tz.py", line 667, in fromutc
    dt_out = dt + datetime.timedelta(seconds=tti.offset)
FAILURE IS NEW, STORING; NOW 3 DISTINCT FAILURES
STOPPING TEST DUE TO TIMEOUT, TERMINATED AT LENGTH 80
STOPPING TESTING DUE TO TIMEOUT
21.9786729858 PERCENT COVERED
60.1998360157 TOTAL RUNTIME
399 EXECUTED
39776 TOTAL TEST OPERATIONS
29.5903236866 TIME SPENT EXECUTING TEST OPERATIONS
27.9333846569 TIME SPENT EVALUATING GUARDS AND CHOOSING ACTIONS
0.0287945270538 TIME SPENT CHECKING PROPERTIES
29.6191182137 TOTAL TIME SPENT RUNNING SUT
0.278646707535 TIME SPENT RESTARTING
0.0 TIME SPENT REDUCING TEST CASES
3 FAILED
0 REPEATS OF FAILURES
3 ACTUAL DISTINCT FAILURES

FAILURE 0
zone4 = 'Poland'                                                         # STEP 0
time6 = arrow.now(zone4)                                                 # STEP 1
zone3 = 'Australia/Brisbane'                                             # STEP 2
zone4 = 'US/Alaska'                                                      # STEP 3
time1 = arrow.now(zone3)                                                 # STEP 4
time0 = arrow.utcnow()                                                   # STEP 5
zone1 = 'US/Alaska'                                                      # STEP 6
time2 = arrow.now(zone4)                                                 # STEP 7
zone0 = 'Poland'                                                         # STEP 8
zone4 = 'Singapore'                                                      # STEP 9
val6 = 0                                                                # STEP 10
val6 -= 1                                                               # STEP 11
time5 = time1.replace(hours=val6)                                       # STEP 12
val2 = 0                                                                # STEP 13
val9 = 0                                                                # STEP 14
time9 = time6.replace(minutes=val9)                                     # STEP 15
time7 = time1.replace(minutes=val6)                                     # STEP 16
time3 = time1.replace(hours=val6)                                       # STEP 17
time3.format()                                                          # STEP 18
time4 = time3.replace(hours=val6)                                       # STEP 19
time3 = time0.replace(minutes=val2)                                     # STEP 20
time1 = time1.replace(hours=val2)                                       # STEP 21
time2.shift(seconds=val2)                                               # STEP 22
time0 = time4.replace(minutes=val6)                                     # STEP 23
time2 = arrow.now(zone3)                                                # STEP 24
time1.shift(weeks=val6)                                                 # STEP 25
time0.shift(weeks=val2)                                                 # STEP 26
time0 = time5.replace(hours=val9)                                       # STEP 27
time5.shift(minutes=val6)                                               # STEP 28
time5.shift(seconds=val2)                                               # STEP 29
time6 = time9.replace(minutes=val9)                                     # STEP 30
time5 = time0.replace(minutes=val9)                                     # STEP 31
time9 = time4.replace(hours=val2)                                       # STEP 32
time8 = time0.replace(minutes=val9)                                     # STEP 33
time8.shift(weeks=val6)                                                 # STEP 34
time4 = time0.replace(minutes=val2)                                     # STEP 35
time1 = time5.replace(hours=val9)                                       # STEP 36
time0.shift(minutes=val6)                                               # STEP 37
time4.shift(minutes=val2)                                               # STEP 38
time7.shift(hours=val9)                                                 # STEP 39
time9.shift(minutes=val6)                                               # STEP 40
time8 = time3.replace(hours=val9)                                       # STEP 41
time5 = arrow.get(val6)                                                 # STEP 42
time5.shift(minutes=val9)                                               # STEP 43
val9 += 1                                                               # STEP 44
time0 = arrow.get(val2)                                                 # STEP 45
time1.shift(seconds=val9)                                               # STEP 46
time5 = time4.replace(minutes=val9)                                     # STEP 47
time2.shift(hours=val6)                                                 # STEP 48
time3 = time0.replace(year=val9)                                        # STEP 49
time1 = time2.replace(hours=val9)                                       # STEP 50
time9.shift(seconds=val9)                                               # STEP 51
time2 = time7.replace(minutes=val2)                                     # STEP 52
time2.shift(hours=val9)                                                 # STEP 53
time0 = time2.replace(hours=val9)                                       # STEP 54
val4 = 0                                                                # STEP 55
time9 = time6.replace(hours=val2)                                       # STEP 56
time6 = time3.replace(hours=val9)                                       # STEP 57
time8.shift(hours=val4)                                                 # STEP 58
time1.shift(weeks=val9)                                                 # STEP 59
time1 = time3.replace(minutes=val6)                                     # STEP 60
ERROR: (<type 'exceptions.OverflowError'>, OverflowError('date value out of range',), <traceback object at 0x10a9a0170>)
TRACEBACK:
  File "/Users/alex/tstl/examples/arrow/sut.py", line 405705, in safely
    act[2]()
  File "/Users/alex/tstl/examples/arrow/sut.py", line 196279, in act4391
    self.p_time[1] = self.p_time[3].replace(minutes=self.p_val[6])
  File "/Library/Frameworks/Python.framework/Versions/2.7/lib/python2.7/site-packages/arrow/arrow.py", line 429, in replace
    current += relativedelta(**relative_kwargs) # TODO: DEPRECATED
  File "/Library/Frameworks/Python.framework/Versions/2.7/lib/python2.7/site-packages/dateutil/relativedelta.py", line 391, in __radd__
    return self.__add__(other)
  File "/Library/Frameworks/Python.framework/Versions/2.7/lib/python2.7/site-packages/dateutil/relativedelta.py", line 378, in __add__
    microseconds=self.microseconds))
FAILURE 1
locale4 =  u'fa_ir'                                                      # STEP 0
locale1 =  u'fi'                                                         # STEP 1
locale2 =  u'ca_it'                                                      # STEP 2
locale0 =  u'zh_cn'                                                      # STEP 3
locale3 =  u'de_at'                                                      # STEP 4
zone2 = 'US/Mountain'                                                    # STEP 5
zone4 = 'Poland'                                                         # STEP 6
val7 = 0                                                                 # STEP 7
time5 = arrow.get(val7)                                                  # STEP 8
time3 = time5.to(zone4)                                                  # STEP 9
time5.humanize(locale=locale0)                                          # STEP 10
locale0 =  u'ru_ru'                                                     # STEP 11
time9 = arrow.now(zone2)                                                # STEP 12
time1 = arrow.get(val7)                                                 # STEP 13
time5 = time1.replace(minutes=val7)                                     # STEP 14
time2 = time5.to(zone4)                                                 # STEP 15
zone3 = 'Poland'                                                        # STEP 16
time0 = time1.to(zone2)                                                 # STEP 17
val7 += 1                                                               # STEP 18
time2.humanize(locale=locale4)                                          # STEP 19
time2.shift(minutes=val7)                                               # STEP 20
time1 = time0.replace(minutes=val7)                                     # STEP 21
locale4 =  u'fr_fr'                                                     # STEP 22
time6 = time0.replace(year=val7)                                        # STEP 23
time0 = arrow.now(zone3)                                                # STEP 24
time8 = time6.to(zone3)                                                 # STEP 25
time4 = time9.to(zone4)                                                 # STEP 26
time9 = time6.to(zone4)                                                 # STEP 27
time5 = time3.replace(minutes=val7)                                     # STEP 28
time6 = time4.replace(minutes=val7)                                     # STEP 29
time7 = time9.to(zone2)                                                 # STEP 30
zone2 = 'Poland'                                                        # STEP 31
time9 = time5.to(zone2)                                                 # STEP 32
time4 = time2.to(zone3)                                                 # STEP 33
zone4 = 'US/Mountain'                                                   # STEP 34
time3.year                                                              # STEP 35
time5 = arrow.now(zone2)                                                # STEP 36
time9.timestamp                                                         # STEP 37
time9 = time8.replace(year=val7)                                        # STEP 38
time7.timestamp                                                         # STEP 39
time2 = time7.to(zone4)                                                 # STEP 40
time3 = time8.replace(year=val7)                                        # STEP 41
time8 = time6.to(zone2)                                                 # STEP 42
zone4 = 'US/Mountain'                                                   # STEP 43
val5 = 0                                                                # STEP 44
time7 = time3.to(zone4)                                                 # STEP 45
ERROR: (<type 'exceptions.OverflowError'>, OverflowError('date value out of range',), <traceback object at 0x10ab2e488>)
TRACEBACK:
  File "/Users/alex/tstl/examples/arrow/sut.py", line 405705, in safely
    act[2]()
  File "/Users/alex/tstl/examples/arrow/sut.py", line 36157, in act974
    self.p_time[7] = self.p_time[3].to(self.p_zone[4])
  File "/Library/Frameworks/Python.framework/Versions/2.7/lib/python2.7/site-packages/arrow/arrow.py", line 510, in to
    dt = self._datetime.astimezone(tz)
  File "/Library/Frameworks/Python.framework/Versions/2.7/lib/python2.7/site-packages/dateutil/tz/tz.py", line 667, in fromutc
    dt_out = dt + datetime.timedelta(seconds=tti.offset)
FAILURE 2
locale3 =  u'en_au'                                                      # STEP 0
locale0 =  u'rm'                                                         # STEP 1
locale4 =  u'nn'                                                         # STEP 2
locale1 =  u'zh_tw'                                                      # STEP 3
locale2 =  u'en_be'                                                      # STEP 4
time3 = arrow.utcnow()                                                   # STEP 5
zone1 = 'Etc/Greenwich'                                                  # STEP 6
time3.timestamp                                                          # STEP 7
val1 = 0                                                                 # STEP 8
time1 = arrow.now()                                                      # STEP 9
time4 = time1.replace(seconds=val1)                                     # STEP 10
time3.humanize(locale=locale0)                                          # STEP 11
locale0 =  u'en'                                                        # STEP 12
time1 = time3.to(zone1)                                                 # STEP 13
time4.humanize(locale=locale3)                                          # STEP 14
time0 = time3.to(zone1)                                                 # STEP 15
time7 = time4.replace(seconds=val1)                                     # STEP 16
time1.format()                                                          # STEP 17
time3 = arrow.get(val1)                                                 # STEP 18
time1.humanize(locale=locale4)                                          # STEP 19
time0.shift(seconds=val1)                                               # STEP 20
time4 = time0.to(zone1)                                                 # STEP 21
time9 = time3.to(zone1)                                                 # STEP 22
locale3 =  u'vi'                                                        # STEP 23
locale4 =  u'ca_it'                                                     # STEP 24
time1.format()                                                          # STEP 25
time2 = time9.replace(seconds=val1)                                     # STEP 26
time4.timestamp                                                         # STEP 27
val3 = 0                                                                # STEP 28
time3 = time1.replace(seconds=val1)                                     # STEP 29
time7.shift(hours=val1)                                                 # STEP 30
time0.shift(hours=val1)                                                 # STEP 31
time5 = time4.to(zone1)                                                 # STEP 32
time1 = arrow.get(val3)                                                 # STEP 33
time3.shift(hours=val3)                                                 # STEP 34
time6 = time7.replace(seconds=val1)                                     # STEP 35
time3 = time4.to(zone1)                                                 # STEP 36
time0.shift(weeks=val3)                                                 # STEP 37
time1.timestamp                                                         # STEP 38
val9 = 0                                                                # STEP 39
time8 = time1.replace(seconds=val3)                                     # STEP 40
time0 = arrow.get(val3)                                                 # STEP 41
time3.humanize(locale=locale1)                                          # STEP 42
time3 = time2.replace(seconds=val1)                                     # STEP 43
time8.humanize(locale=locale4)                                          # STEP 44
time8 = time3.replace(seconds=val3)                                     # STEP 45
locale4 =  u'ca_it'                                                     # STEP 46
time7.humanize(locale=locale1)                                          # STEP 47
time8.shift(seconds=val3)                                               # STEP 48
time3 = time0.to(zone1)                                                 # STEP 49
time2 = time9.replace(seconds=val9)                                     # STEP 50
locale1 =  u'bg_bg'                                                     # STEP 51
zone1 = 'US/Eastern'                                                    # STEP 52
time9 = time8.replace(seconds=val3)                                     # STEP 53
time4.shift(hours=val9)                                                 # STEP 54
time4.timestamp                                                         # STEP 55
time8.shift(hours=val1)                                                 # STEP 56
val3 += 1                                                               # STEP 57
time7 = time0.replace(seconds=val9)                                     # STEP 58
time7.datetime                                                          # STEP 59
time2.shift(hours=val3)                                                 # STEP 60
time0 = time6.replace(seconds=val3)                                     # STEP 61
time6 = time7.to(zone1)                                                 # STEP 62
time6.format()                                                          # STEP 63
time5.datetime                                                          # STEP 64
time7 = time3.replace(seconds=val3)                                     # STEP 65
time1.shift(seconds=val1)                                               # STEP 66
time8 = time1.to(zone1)                                                 # STEP 67
time6 = time7.replace(seconds=val1)                                     # STEP 68
zone1 = 'US/Mountain'                                                   # STEP 69
time7 = time2.to(zone1)                                                 # STEP 70
time6.humanize(locale=locale1)                                          # STEP 71
time6.shift(weeks=val3)                                                 # STEP 72
time5 = time6.replace(seconds=val3)                                     # STEP 73
locale1 =  u'es_es'                                                     # STEP 74
time4 = time6.replace(year=val3)                                        # STEP 75
time3 = time2.replace(seconds=val1)                                     # STEP 76
time7.timestamp                                                         # STEP 77
time1.humanize(locale=locale3)                                          # STEP 78
zone3 = 'US/Arizona'                                                    # STEP 79
locale3 =  u'eu'                                                        # STEP 80
time2 = time2.replace(year=val3)                                        # STEP 81
time7 = time7.to(zone3)                                                 # STEP 82
time6.timestamp                                                         # STEP 83
time6 = arrow.get(val1)                                                 # STEP 84
val0 = 0                                                                # STEP 85
time3.shift(seconds=val0)                                               # STEP 86
time5.shift(months=val1)                                                # STEP 87
time3 = time2.to(zone1)                                                 # STEP 88
ERROR: (<type 'exceptions.OverflowError'>, OverflowError('date value out of range',), <traceback object at 0x10ab78bd8>)
TRACEBACK:
  File "/Users/alex/tstl/examples/arrow/sut.py", line 405705, in safely
    act[2]()
  File "/Users/alex/tstl/examples/arrow/sut.py", line 26709, in act766
    self.p_time[3] = self.p_time[2].to(self.p_zone[1])
  File "/Library/Frameworks/Python.framework/Versions/2.7/lib/python2.7/site-packages/arrow/arrow.py", line 510, in to
    dt = self._datetime.astimezone(tz)
  File "/Library/Frameworks/Python.framework/Versions/2.7/lib/python2.7/site-packages/dateutil/tz/tz.py", line 667, in fromutc
    dt_out = dt + datetime.timedelta(seconds=tti.offset)
338 BRANCHES COVERED
253 STATEMENTS COVERED
