Random testing using config=Config(noExceptionMatch=False, generalize=False, localize=False, speed='FAST', probs=None, LOCBaseline=0.2, noAlphaConvert=False, replayable=False, essentials=False, noCoverageExploit=False, quickTests=False, html=None, keepLast=False, stopWhenNoCoverage=None, generateLOC=None, computeFeatureStats=False, Pmutate=0.0, timeout=60, output='failure.13367.test', markov=None, noSwarmDependencies=False, startExploit=0.0, maxMustHitBranch=None, useHints=False, silentFail=False, highLowSwarm=None, maxMustHitStatement=None, progress=False, postCover=False, swarmLength=None, noCover=False, noEnumerateEnabled=False, full=True, swarmP=0.5, coverFile='coverage.out', markovP=1.0, swarmProbs=None, genDepth=None, exploitCeiling=0.1, logging=None, noCheck=False, throughput=False, uncaught=False, swarmSwitch=None, verbose=False, reducePool=False, exploit=None, fastQuickAnalysis=False, total=False, verboseExploit=False, swarm=True, sequenceP=1.0, biasLOC=None, timedProgress=30, relax=False, ddmin=False, stutter=None, readQuick=False, verboseActions=False, quickAnalysis=False, noReassign=False, sequenceSize=3, LOCProbs=False, sequencesFromTests=None, maxTests=-1, trackMaxCoverage=None, useQuickSequences=False, exploitBestHint=1, failedLogging=None, stopWhenStatements=None, greedyStutter=False, seed=None, stopWhenHitStatement=None, uniqueValuesAnalysis=False, normalize=False, startExploitStall=0, enumerateEnabled=False, internal=False, profile=False, multiple=True, stopWhenBranches=None, running=False, compareFails=False, Pcrossover=0.2, stopWhenHitBranch=None, depth=100, showActions=False)
TEST #209 STEP #18 (0:00:30.000206) Tue Nov 21 12:52:43 2017 [ 245 stmts 323 branches ] (no cov+ for 110 tests) 20818 TOTAL ACTIONS (693.928568504/s)
UNCAUGHT EXCEPTION
ERROR: (<type 'exceptions.OverflowError'>, OverflowError('date value out of range',), <traceback object at 0x10a541d40>)
TRACEBACK:
  File "/Users/alex/tstl/examples/arrow/sut.py", line 405705, in safely
    act[2]()
  File "/Users/alex/tstl/examples/arrow/sut.py", line 35007, in act949
    self.p_time[6] = self.p_time[8].to(self.p_zone[4])
  File "/Library/Frameworks/Python.framework/Versions/2.7/lib/python2.7/site-packages/arrow/arrow.py", line 510, in to
    dt = self._datetime.astimezone(tz)
  File "/Library/Frameworks/Python.framework/Versions/2.7/lib/python2.7/site-packages/dateutil/tz/tz.py", line 667, in fromutc
    dt_out = dt + datetime.timedelta(seconds=tti.offset)
Original test has 95 steps

SAVING TEST AS failure.13367.test.0
FINAL VERSION OF TEST, WITH LOGGED REPLAY:
locale3 =  u'en_jp'                                                      # STEP 0
ACTION: locale3 =  u'en_jp' 
locale3 = None : <type 'NoneType'>
=> locale3 = u'en_jp' : <type 'unicode'>
==================================================
locale2 =  u'bg'                                                         # STEP 1
ACTION: locale2 =  u'bg' 
locale2 = None : <type 'NoneType'>
=> locale2 = u'bg' : <type 'unicode'>
==================================================
locale4 =  u'en'                                                         # STEP 2
ACTION: locale4 =  u'en' 
locale4 = None : <type 'NoneType'>
=> locale4 = u'en' : <type 'unicode'>
==================================================
locale0 =  u'nb'                                                         # STEP 3
ACTION: locale0 =  u'nb' 
locale0 = None : <type 'NoneType'>
=> locale0 = u'nb' : <type 'unicode'>
==================================================
locale1 =  u'de_ch'                                                      # STEP 4
ACTION: locale1 =  u'de_ch' 
locale1 = None : <type 'NoneType'>
=> locale1 = u'de_ch' : <type 'unicode'>
==================================================
val1 = 0                                                                 # STEP 5
ACTION: val1 = 0 
val1 = None : <type 'NoneType'>
=> val1 = 0 : <type 'int'>
==================================================
time0 = arrow.get(val1)                                                  # STEP 6
ACTION: time0 = arrow.get(val1) 
val1 = 0 : <type 'int'>
time0 = None : <type 'NoneType'>
=> time0 = <Arrow [1970-01-01T00:00:00+00:00]> : <class 'arrow.arrow.Arrow'>
==================================================
time4 = arrow.get(val1)                                                  # STEP 7
ACTION: time4 = arrow.get(val1) 
val1 = 0 : <type 'int'>
time4 = None : <type 'NoneType'>
=> time4 = <Arrow [1970-01-01T00:00:00+00:00]> : <class 'arrow.arrow.Arrow'>
==================================================
zone0 = 'Singapore'                                                      # STEP 8
ACTION: zone0 = 'Singapore'  
zone0 = None : <type 'NoneType'>
=> zone0 = 'Singapore' : <type 'str'>
==================================================
zone4 = 'US/Alaska'                                                      # STEP 9
ACTION: zone4 = 'US/Alaska'  
zone4 = None : <type 'NoneType'>
=> zone4 = 'US/Alaska' : <type 'str'>
==================================================
time4.humanize(locale=locale2)                                          # STEP 10
ACTION: time4.humanize(locale=locale2) 
locale2 = u'bg' : <type 'unicode'>
time4 = <Arrow [1970-01-01T00:00:00+00:00]> : <class 'arrow.arrow.Arrow'>
==================================================
locale2 =  u'zh'                                                        # STEP 11
ACTION: locale2 =  u'zh' 
locale2 = u'bg' : <type 'unicode'>
=> locale2 = u'zh' : <type 'unicode'>
==================================================
time5 = arrow.utcnow()                                                  # STEP 12
ACTION: time5 = arrow.utcnow() 
time5 = None : <type 'NoneType'>
=> time5 = <Arrow [2017-11-21T20:53:09.649503+00:00]> : <class 'arrow.arrow.Arrow'>
==================================================
time2 = time4.to(zone0)                                                 # STEP 13
ACTION: time2 = time4.to(zone0) 
zone0 = 'Singapore' : <type 'str'>
time4 = <Arrow [1970-01-01T00:00:00+00:00]> : <class 'arrow.arrow.Arrow'>
time2 = None : <type 'NoneType'>
=> time2 = <Arrow [1970-01-01T07:30:00+07:30]> : <class 'arrow.arrow.Arrow'>
==================================================
time7 = time4.to(zone0)                                                 # STEP 14
ACTION: time7 = time4.to(zone0) 
zone0 = 'Singapore' : <type 'str'>
time4 = <Arrow [1970-01-01T00:00:00+00:00]> : <class 'arrow.arrow.Arrow'>
time7 = None : <type 'NoneType'>
=> time7 = <Arrow [1970-01-01T07:30:00+07:30]> : <class 'arrow.arrow.Arrow'>
==================================================
time5.datetime                                                          # STEP 15
ACTION: time5.datetime 
time5 = <Arrow [2017-11-21T20:53:09.649503+00:00]> : <class 'arrow.arrow.Arrow'>
==================================================
time3 = arrow.get(val1)                                                 # STEP 16
ACTION: time3 = arrow.get(val1) 
val1 = 0 : <type 'int'>
time3 = None : <type 'NoneType'>
=> time3 = <Arrow [1970-01-01T00:00:00+00:00]> : <class 'arrow.arrow.Arrow'>
==================================================
time9 = time2.replace(seconds=val1)                                     # STEP 17
ACTION: time9 = time2.replace(seconds=val1) 
val1 = 0 : <type 'int'>
time2 = <Arrow [1970-01-01T07:30:00+07:30]> : <class 'arrow.arrow.Arrow'>
time9 = None : <type 'NoneType'>
=> time9 = <Arrow [1970-01-01T07:30:00+07:30]> : <class 'arrow.arrow.Arrow'>
==================================================
time5 = time2.to(zone4)                                                 # STEP 18
ACTION: time5 = time2.to(zone4) 
zone4 = 'US/Alaska' : <type 'str'>
time2 = <Arrow [1970-01-01T07:30:00+07:30]> : <class 'arrow.arrow.Arrow'>
time5 = <Arrow [2017-11-21T20:53:09.649503+00:00]> : <class 'arrow.arrow.Arrow'>
=> time5 = <Arrow [1969-12-31T14:00:00-10:00]> : <class 'arrow.arrow.Arrow'>
==================================================
time2 = time5.replace(seconds=val1)                                     # STEP 19
ACTION: time2 = time5.replace(seconds=val1) 
val1 = 0 : <type 'int'>
time5 = <Arrow [1969-12-31T14:00:00-10:00]> : <class 'arrow.arrow.Arrow'>
time2 = <Arrow [1970-01-01T07:30:00+07:30]> : <class 'arrow.arrow.Arrow'>
=> time2 = <Arrow [1969-12-31T14:00:00-10:00]> : <class 'arrow.arrow.Arrow'>
==================================================
time0.shift(months=val1)                                                # STEP 20
ACTION: time0.shift(months=val1) 
val1 = 0 : <type 'int'>
time0 = <Arrow [1970-01-01T00:00:00+00:00]> : <class 'arrow.arrow.Arrow'>
==================================================
time6 = time9.to(zone4)                                                 # STEP 21
ACTION: time6 = time9.to(zone4) 
zone4 = 'US/Alaska' : <type 'str'>
time9 = <Arrow [1970-01-01T07:30:00+07:30]> : <class 'arrow.arrow.Arrow'>
time6 = None : <type 'NoneType'>
=> time6 = <Arrow [1969-12-31T14:00:00-10:00]> : <class 'arrow.arrow.Arrow'>
==================================================
time9.year                                                              # STEP 22
ACTION: time9.year 
time9 = <Arrow [1970-01-01T07:30:00+07:30]> : <class 'arrow.arrow.Arrow'>
==================================================
time6.humanize(locale=locale2)                                          # STEP 23
ACTION: time6.humanize(locale=locale2) 
locale2 = u'zh' : <type 'unicode'>
time6 = <Arrow [1969-12-31T14:00:00-10:00]> : <class 'arrow.arrow.Arrow'>
==================================================
time5 = time5.to(zone0)                                                 # STEP 24
ACTION: time5 = time5.to(zone0) 
zone0 = 'Singapore' : <type 'str'>
time5 = <Arrow [1969-12-31T14:00:00-10:00]> : <class 'arrow.arrow.Arrow'>
=> time5 = <Arrow [1970-01-01T07:30:00+07:30]> : <class 'arrow.arrow.Arrow'>
==================================================
locale2 =  u'da_dk'                                                     # STEP 25
ACTION: locale2 =  u'da_dk' 
locale2 = u'zh' : <type 'unicode'>
=> locale2 = u'da_dk' : <type 'unicode'>
==================================================
time9.humanize(locale=locale3)                                          # STEP 26
ACTION: time9.humanize(locale=locale3) 
locale3 = u'en_jp' : <type 'unicode'>
time9 = <Arrow [1970-01-01T07:30:00+07:30]> : <class 'arrow.arrow.Arrow'>
==================================================
locale3 =  u'ca_ad'                                                     # STEP 27
ACTION: locale3 =  u'ca_ad' 
locale3 = u'en_jp' : <type 'unicode'>
=> locale3 = u'ca_ad' : <type 'unicode'>
==================================================
time5.humanize(locale=locale3)                                          # STEP 28
ACTION: time5.humanize(locale=locale3) 
locale3 = u'ca_ad' : <type 'unicode'>
time5 = <Arrow [1970-01-01T07:30:00+07:30]> : <class 'arrow.arrow.Arrow'>
==================================================
time7.humanize(locale=locale1)                                          # STEP 29
ACTION: time7.humanize(locale=locale1) 
locale1 = u'de_ch' : <type 'unicode'>
time7 = <Arrow [1970-01-01T07:30:00+07:30]> : <class 'arrow.arrow.Arrow'>
==================================================
time7 = time4.replace(seconds=val1)                                     # STEP 30
ACTION: time7 = time4.replace(seconds=val1) 
val1 = 0 : <type 'int'>
time4 = <Arrow [1970-01-01T00:00:00+00:00]> : <class 'arrow.arrow.Arrow'>
time7 = <Arrow [1970-01-01T07:30:00+07:30]> : <class 'arrow.arrow.Arrow'>
=> time7 = <Arrow [1970-01-01T00:00:00+00:00]> : <class 'arrow.arrow.Arrow'>
==================================================
time1 = time2.to(zone4)                                                 # STEP 31
ACTION: time1 = time2.to(zone4) 
zone4 = 'US/Alaska' : <type 'str'>
time2 = <Arrow [1969-12-31T14:00:00-10:00]> : <class 'arrow.arrow.Arrow'>
time1 = None : <type 'NoneType'>
=> time1 = <Arrow [1969-12-31T14:00:00-10:00]> : <class 'arrow.arrow.Arrow'>
==================================================
locale3 =  u'zh_tw'                                                     # STEP 32
ACTION: locale3 =  u'zh_tw' 
locale3 = u'ca_ad' : <type 'unicode'>
=> locale3 = u'zh_tw' : <type 'unicode'>
==================================================
locale1 =  u'ca_it'                                                     # STEP 33
ACTION: locale1 =  u'ca_it' 
locale1 = u'de_ch' : <type 'unicode'>
=> locale1 = u'ca_it' : <type 'unicode'>
==================================================
time5 = time5.to(zone4)                                                 # STEP 34
ACTION: time5 = time5.to(zone4) 
zone4 = 'US/Alaska' : <type 'str'>
time5 = <Arrow [1970-01-01T07:30:00+07:30]> : <class 'arrow.arrow.Arrow'>
=> time5 = <Arrow [1969-12-31T14:00:00-10:00]> : <class 'arrow.arrow.Arrow'>
==================================================
time8 = time9.replace(seconds=val1)                                     # STEP 35
ACTION: time8 = time9.replace(seconds=val1) 
val1 = 0 : <type 'int'>
time9 = <Arrow [1970-01-01T07:30:00+07:30]> : <class 'arrow.arrow.Arrow'>
time8 = None : <type 'NoneType'>
=> time8 = <Arrow [1970-01-01T07:30:00+07:30]> : <class 'arrow.arrow.Arrow'>
==================================================
time2 = time5.replace(seconds=val1)                                     # STEP 36
ACTION: time2 = time5.replace(seconds=val1) 
val1 = 0 : <type 'int'>
time5 = <Arrow [1969-12-31T14:00:00-10:00]> : <class 'arrow.arrow.Arrow'>
time2 = <Arrow [1969-12-31T14:00:00-10:00]> : <class 'arrow.arrow.Arrow'>
==================================================
time0 = time7.to(zone4)                                                 # STEP 37
ACTION: time0 = time7.to(zone4) 
zone4 = 'US/Alaska' : <type 'str'>
time7 = <Arrow [1970-01-01T00:00:00+00:00]> : <class 'arrow.arrow.Arrow'>
time0 = <Arrow [1970-01-01T00:00:00+00:00]> : <class 'arrow.arrow.Arrow'>
=> time0 = <Arrow [1969-12-31T14:00:00-10:00]> : <class 'arrow.arrow.Arrow'>
==================================================
time8.humanize(locale=locale4)                                          # STEP 38
ACTION: time8.humanize(locale=locale4) 
locale4 = u'en' : <type 'unicode'>
time8 = <Arrow [1970-01-01T07:30:00+07:30]> : <class 'arrow.arrow.Arrow'>
==================================================
time7.datetime                                                          # STEP 39
ACTION: time7.datetime 
time7 = <Arrow [1970-01-01T00:00:00+00:00]> : <class 'arrow.arrow.Arrow'>
==================================================
time6 = time6.to(zone0)                                                 # STEP 40
ACTION: time6 = time6.to(zone0) 
zone0 = 'Singapore' : <type 'str'>
time6 = <Arrow [1969-12-31T14:00:00-10:00]> : <class 'arrow.arrow.Arrow'>
=> time6 = <Arrow [1970-01-01T07:30:00+07:30]> : <class 'arrow.arrow.Arrow'>
==================================================
locale4 =  u'cs'                                                        # STEP 41
ACTION: locale4 =  u'cs' 
locale4 = u'en' : <type 'unicode'>
=> locale4 = u'cs' : <type 'unicode'>
==================================================
time8.humanize(locale=locale1)                                          # STEP 42
ACTION: time8.humanize(locale=locale1) 
locale1 = u'ca_it' : <type 'unicode'>
time8 = <Arrow [1970-01-01T07:30:00+07:30]> : <class 'arrow.arrow.Arrow'>
==================================================
time8 = time8.to(zone4)                                                 # STEP 43
ACTION: time8 = time8.to(zone4) 
zone4 = 'US/Alaska' : <type 'str'>
time8 = <Arrow [1970-01-01T07:30:00+07:30]> : <class 'arrow.arrow.Arrow'>
=> time8 = <Arrow [1969-12-31T14:00:00-10:00]> : <class 'arrow.arrow.Arrow'>
==================================================
time7 = time5.to(zone0)                                                 # STEP 44
ACTION: time7 = time5.to(zone0) 
zone0 = 'Singapore' : <type 'str'>
time5 = <Arrow [1969-12-31T14:00:00-10:00]> : <class 'arrow.arrow.Arrow'>
time7 = <Arrow [1970-01-01T00:00:00+00:00]> : <class 'arrow.arrow.Arrow'>
=> time7 = <Arrow [1970-01-01T07:30:00+07:30]> : <class 'arrow.arrow.Arrow'>
==================================================
time8.format()                                                          # STEP 45
ACTION: time8.format() 
time8 = <Arrow [1969-12-31T14:00:00-10:00]> : <class 'arrow.arrow.Arrow'>
==================================================
time4 = time5.to(zone0)                                                 # STEP 46
ACTION: time4 = time5.to(zone0) 
zone0 = 'Singapore' : <type 'str'>
time5 = <Arrow [1969-12-31T14:00:00-10:00]> : <class 'arrow.arrow.Arrow'>
time4 = <Arrow [1970-01-01T00:00:00+00:00]> : <class 'arrow.arrow.Arrow'>
=> time4 = <Arrow [1970-01-01T07:30:00+07:30]> : <class 'arrow.arrow.Arrow'>
==================================================
time8.shift(weeks=val1)                                                 # STEP 47
ACTION: time8.shift(weeks=val1) 
val1 = 0 : <type 'int'>
time8 = <Arrow [1969-12-31T14:00:00-10:00]> : <class 'arrow.arrow.Arrow'>
==================================================
locale1 =  u'ro_ro'                                                     # STEP 48
ACTION: locale1 =  u'ro_ro' 
locale1 = u'ca_it' : <type 'unicode'>
=> locale1 = u'ro_ro' : <type 'unicode'>
==================================================
time9 = time5.replace(seconds=val1)                                     # STEP 49
ACTION: time9 = time5.replace(seconds=val1) 
val1 = 0 : <type 'int'>
time5 = <Arrow [1969-12-31T14:00:00-10:00]> : <class 'arrow.arrow.Arrow'>
time9 = <Arrow [1970-01-01T07:30:00+07:30]> : <class 'arrow.arrow.Arrow'>
=> time9 = <Arrow [1969-12-31T14:00:00-10:00]> : <class 'arrow.arrow.Arrow'>
==================================================
time7.humanize(locale=locale0)                                          # STEP 50
ACTION: time7.humanize(locale=locale0) 
locale0 = u'nb' : <type 'unicode'>
time7 = <Arrow [1970-01-01T07:30:00+07:30]> : <class 'arrow.arrow.Arrow'>
==================================================
time3.format()                                                          # STEP 51
ACTION: time3.format() 
time3 = <Arrow [1970-01-01T00:00:00+00:00]> : <class 'arrow.arrow.Arrow'>
==================================================
locale0 =  u'nb'                                                        # STEP 52
ACTION: locale0 =  u'nb' 
locale0 = u'nb' : <type 'unicode'>
==================================================
time9.humanize(locale=locale3)                                          # STEP 53
ACTION: time9.humanize(locale=locale3) 
locale3 = u'zh_tw' : <type 'unicode'>
time9 = <Arrow [1969-12-31T14:00:00-10:00]> : <class 'arrow.arrow.Arrow'>
==================================================
time8 = time4.to(zone4)                                                 # STEP 54
ACTION: time8 = time4.to(zone4) 
zone4 = 'US/Alaska' : <type 'str'>
time4 = <Arrow [1970-01-01T07:30:00+07:30]> : <class 'arrow.arrow.Arrow'>
time8 = <Arrow [1969-12-31T14:00:00-10:00]> : <class 'arrow.arrow.Arrow'>
==================================================
time1.year                                                              # STEP 55
ACTION: time1.year 
time1 = <Arrow [1969-12-31T14:00:00-10:00]> : <class 'arrow.arrow.Arrow'>
==================================================
time4 = time4.to(zone0)                                                 # STEP 56
ACTION: time4 = time4.to(zone0) 
zone0 = 'Singapore' : <type 'str'>
time4 = <Arrow [1970-01-01T07:30:00+07:30]> : <class 'arrow.arrow.Arrow'>
==================================================
time5 = time6.to(zone4)                                                 # STEP 57
ACTION: time5 = time6.to(zone4) 
zone4 = 'US/Alaska' : <type 'str'>
time6 = <Arrow [1970-01-01T07:30:00+07:30]> : <class 'arrow.arrow.Arrow'>
time5 = <Arrow [1969-12-31T14:00:00-10:00]> : <class 'arrow.arrow.Arrow'>
==================================================
time1.shift(weeks=val1)                                                 # STEP 58
ACTION: time1.shift(weeks=val1) 
val1 = 0 : <type 'int'>
time1 = <Arrow [1969-12-31T14:00:00-10:00]> : <class 'arrow.arrow.Arrow'>
==================================================
time7.shift(months=val1)                                                # STEP 59
ACTION: time7.shift(months=val1) 
val1 = 0 : <type 'int'>
time7 = <Arrow [1970-01-01T07:30:00+07:30]> : <class 'arrow.arrow.Arrow'>
==================================================
time2.humanize(locale=locale1)                                          # STEP 60
ACTION: time2.humanize(locale=locale1) 
locale1 = u'ro_ro' : <type 'unicode'>
time2 = <Arrow [1969-12-31T14:00:00-10:00]> : <class 'arrow.arrow.Arrow'>
==================================================
time6 = time7.to(zone4)                                                 # STEP 61
ACTION: time6 = time7.to(zone4) 
zone4 = 'US/Alaska' : <type 'str'>
time7 = <Arrow [1970-01-01T07:30:00+07:30]> : <class 'arrow.arrow.Arrow'>
time6 = <Arrow [1970-01-01T07:30:00+07:30]> : <class 'arrow.arrow.Arrow'>
=> time6 = <Arrow [1969-12-31T14:00:00-10:00]> : <class 'arrow.arrow.Arrow'>
==================================================
locale1 =  u'ru'                                                        # STEP 62
ACTION: locale1 =  u'ru' 
locale1 = u'ro_ro' : <type 'unicode'>
=> locale1 = u'ru' : <type 'unicode'>
==================================================
time9 = time2.replace(seconds=val1)                                     # STEP 63
ACTION: time9 = time2.replace(seconds=val1) 
val1 = 0 : <type 'int'>
time2 = <Arrow [1969-12-31T14:00:00-10:00]> : <class 'arrow.arrow.Arrow'>
time9 = <Arrow [1969-12-31T14:00:00-10:00]> : <class 'arrow.arrow.Arrow'>
==================================================
val1 += 1                                                               # STEP 64
ACTION: val1 += 1 
val1 = 0 : <type 'int'>
=> val1 = 1 : <type 'int'>
==================================================
locale3 =  u'is'                                                        # STEP 65
ACTION: locale3 =  u'is' 
locale3 = u'zh_tw' : <type 'unicode'>
=> locale3 = u'is' : <type 'unicode'>
==================================================
time7 = time1.to(zone0)                                                 # STEP 66
ACTION: time7 = time1.to(zone0) 
zone0 = 'Singapore' : <type 'str'>
time1 = <Arrow [1969-12-31T14:00:00-10:00]> : <class 'arrow.arrow.Arrow'>
time7 = <Arrow [1970-01-01T07:30:00+07:30]> : <class 'arrow.arrow.Arrow'>
==================================================
time2 = time5.to(zone0)                                                 # STEP 67
ACTION: time2 = time5.to(zone0) 
zone0 = 'Singapore' : <type 'str'>
time5 = <Arrow [1969-12-31T14:00:00-10:00]> : <class 'arrow.arrow.Arrow'>
time2 = <Arrow [1969-12-31T14:00:00-10:00]> : <class 'arrow.arrow.Arrow'>
=> time2 = <Arrow [1970-01-01T07:30:00+07:30]> : <class 'arrow.arrow.Arrow'>
==================================================
val6 = 0                                                                # STEP 68
ACTION: val6 = 0 
val6 = None : <type 'NoneType'>
=> val6 = 0 : <type 'int'>
==================================================
time3 = time3.replace(year=val1)                                        # STEP 69
ACTION: time3 = time3.replace(year=val1) 
val1 = 1 : <type 'int'>
time3 = <Arrow [1970-01-01T00:00:00+00:00]> : <class 'arrow.arrow.Arrow'>
=> time3 = <Arrow [0001-01-01T00:00:00+00:00]> : <class 'arrow.arrow.Arrow'>
==================================================
time5 = time8.to(zone4)                                                 # STEP 70
ACTION: time5 = time8.to(zone4) 
zone4 = 'US/Alaska' : <type 'str'>
time8 = <Arrow [1969-12-31T14:00:00-10:00]> : <class 'arrow.arrow.Arrow'>
time5 = <Arrow [1969-12-31T14:00:00-10:00]> : <class 'arrow.arrow.Arrow'>
==================================================
time5.humanize(locale=locale2)                                          # STEP 71
ACTION: time5.humanize(locale=locale2) 
locale2 = u'da_dk' : <type 'unicode'>
time5 = <Arrow [1969-12-31T14:00:00-10:00]> : <class 'arrow.arrow.Arrow'>
==================================================
time1 = time3.replace(month=val1)                                       # STEP 72
ACTION: time1 = time3.replace(month=val1) 
val1 = 1 : <type 'int'>
time3 = <Arrow [0001-01-01T00:00:00+00:00]> : <class 'arrow.arrow.Arrow'>
time1 = <Arrow [1969-12-31T14:00:00-10:00]> : <class 'arrow.arrow.Arrow'>
=> time1 = <Arrow [0001-01-01T00:00:00+00:00]> : <class 'arrow.arrow.Arrow'>
==================================================
time8 = time3.replace(seconds=val6)                                     # STEP 73
ACTION: time8 = time3.replace(seconds=val6) 
val6 = 0 : <type 'int'>
time3 = <Arrow [0001-01-01T00:00:00+00:00]> : <class 'arrow.arrow.Arrow'>
time8 = <Arrow [1969-12-31T14:00:00-10:00]> : <class 'arrow.arrow.Arrow'>
=> time8 = <Arrow [0001-01-01T00:00:00+00:00]> : <class 'arrow.arrow.Arrow'>
==================================================
time3.shift(weeks=val1)                                                 # STEP 74
ACTION: time3.shift(weeks=val1) 
val1 = 1 : <type 'int'>
time3 = <Arrow [0001-01-01T00:00:00+00:00]> : <class 'arrow.arrow.Arrow'>
==================================================
time5.shift(weeks=val1)                                                 # STEP 75
ACTION: time5.shift(weeks=val1) 
val1 = 1 : <type 'int'>
time5 = <Arrow [1969-12-31T14:00:00-10:00]> : <class 'arrow.arrow.Arrow'>
==================================================
locale2 =  u'cs'                                                        # STEP 76
ACTION: locale2 =  u'cs' 
locale2 = u'da_dk' : <type 'unicode'>
=> locale2 = u'cs' : <type 'unicode'>
==================================================
time9.humanize(locale=locale1)                                          # STEP 77
ACTION: time9.humanize(locale=locale1) 
locale1 = u'ru' : <type 'unicode'>
time9 = <Arrow [1969-12-31T14:00:00-10:00]> : <class 'arrow.arrow.Arrow'>
==================================================
locale1 =  u'sv'                                                        # STEP 78
ACTION: locale1 =  u'sv' 
locale1 = u'ru' : <type 'unicode'>
=> locale1 = u'sv' : <type 'unicode'>
==================================================
time4.humanize(locale=locale0)                                          # STEP 79
ACTION: time4.humanize(locale=locale0) 
locale0 = u'nb' : <type 'unicode'>
time4 = <Arrow [1970-01-01T07:30:00+07:30]> : <class 'arrow.arrow.Arrow'>
==================================================
time9 = time4.to(zone4)                                                 # STEP 80
ACTION: time9 = time4.to(zone4) 
zone4 = 'US/Alaska' : <type 'str'>
time4 = <Arrow [1970-01-01T07:30:00+07:30]> : <class 'arrow.arrow.Arrow'>
time9 = <Arrow [1969-12-31T14:00:00-10:00]> : <class 'arrow.arrow.Arrow'>
==================================================
locale0 =  u'uk_ua'                                                     # STEP 81
ACTION: locale0 =  u'uk_ua' 
locale0 = u'nb' : <type 'unicode'>
=> locale0 = u'uk_ua' : <type 'unicode'>
==================================================
val6 = 0                                                                # STEP 82
ACTION: val6 = 0 
val6 = 0 : <type 'int'>
==================================================
zone3 = 'US/Arizona'                                                    # STEP 83
ACTION: zone3 = 'US/Arizona'  
zone3 = None : <type 'NoneType'>
=> zone3 = 'US/Arizona' : <type 'str'>
==================================================
time5 = time4.to(zone4)                                                 # STEP 84
ACTION: time5 = time4.to(zone4) 
zone4 = 'US/Alaska' : <type 'str'>
time4 = <Arrow [1970-01-01T07:30:00+07:30]> : <class 'arrow.arrow.Arrow'>
time5 = <Arrow [1969-12-31T14:00:00-10:00]> : <class 'arrow.arrow.Arrow'>
==================================================
time3 = time3.replace(month=val1)                                       # STEP 85
ACTION: time3 = time3.replace(month=val1) 
val1 = 1 : <type 'int'>
time3 = <Arrow [0001-01-01T00:00:00+00:00]> : <class 'arrow.arrow.Arrow'>
==================================================
time4 = time7.replace(year=val1)                                        # STEP 86
ACTION: time4 = time7.replace(year=val1) 
val1 = 1 : <type 'int'>
time7 = <Arrow [1970-01-01T07:30:00+07:30]> : <class 'arrow.arrow.Arrow'>
time4 = <Arrow [1970-01-01T07:30:00+07:30]> : <class 'arrow.arrow.Arrow'>
=> time4 = <Arrow [0001-01-01T07:30:00+06:55]> : <class 'arrow.arrow.Arrow'>
==================================================
time7 = time6.replace(year=val1)                                        # STEP 87
ACTION: time7 = time6.replace(year=val1) 
val1 = 1 : <type 'int'>
time6 = <Arrow [1969-12-31T14:00:00-10:00]> : <class 'arrow.arrow.Arrow'>
time7 = <Arrow [1970-01-01T07:30:00+07:30]> : <class 'arrow.arrow.Arrow'>
=> time7 = <Arrow [0001-12-31T14:00:00-10:00]> : <class 'arrow.arrow.Arrow'>
==================================================
time0.humanize(locale=locale1)                                          # STEP 88
ACTION: time0.humanize(locale=locale1) 
locale1 = u'sv' : <type 'unicode'>
time0 = <Arrow [1969-12-31T14:00:00-10:00]> : <class 'arrow.arrow.Arrow'>
==================================================
time6 = time0.to(zone0)                                                 # STEP 89
ACTION: time6 = time0.to(zone0) 
zone0 = 'Singapore' : <type 'str'>
time0 = <Arrow [1969-12-31T14:00:00-10:00]> : <class 'arrow.arrow.Arrow'>
time6 = <Arrow [1969-12-31T14:00:00-10:00]> : <class 'arrow.arrow.Arrow'>
=> time6 = <Arrow [1970-01-01T07:30:00+07:30]> : <class 'arrow.arrow.Arrow'>
==================================================
locale1 =  u'ua'                                                        # STEP 90
ACTION: locale1 =  u'ua' 
locale1 = u'sv' : <type 'unicode'>
=> locale1 = u'ua' : <type 'unicode'>
==================================================
time6.humanize(locale=locale2)                                          # STEP 91
ACTION: time6.humanize(locale=locale2) 
locale2 = u'cs' : <type 'unicode'>
time6 = <Arrow [1970-01-01T07:30:00+07:30]> : <class 'arrow.arrow.Arrow'>
==================================================
locale2 =  u'ja_jp'                                                     # STEP 92
ACTION: locale2 =  u'ja_jp' 
locale2 = u'cs' : <type 'unicode'>
=> locale2 = u'ja_jp' : <type 'unicode'>
==================================================
zone0 = 'Singapore'                                                     # STEP 93
ACTION: zone0 = 'Singapore'  
zone0 = 'Singapore' : <type 'str'>
==================================================
time6 = time8.to(zone4)                                                 # STEP 94
ACTION: time6 = time8.to(zone4) 
zone4 = 'US/Alaska' : <type 'str'>
time8 = <Arrow [0001-01-01T00:00:00+00:00]> : <class 'arrow.arrow.Arrow'>
time6 = <Arrow [1970-01-01T07:30:00+07:30]> : <class 'arrow.arrow.Arrow'>
RAISED EXCEPTION: <type 'exceptions.OverflowError'> date value out of range
ERROR: (<type 'exceptions.OverflowError'>, OverflowError('date value out of range',), <traceback object at 0x10a5403b0>)
TRACEBACK:
  File "/Users/alex/tstl/examples/arrow/sut.py", line 405705, in safely
    act[2]()
  File "/Users/alex/tstl/examples/arrow/sut.py", line 35007, in act949
    self.p_time[6] = self.p_time[8].to(self.p_zone[4])
  File "/Library/Frameworks/Python.framework/Versions/2.7/lib/python2.7/site-packages/arrow/arrow.py", line 510, in to
    dt = self._datetime.astimezone(tz)
  File "/Library/Frameworks/Python.framework/Versions/2.7/lib/python2.7/site-packages/dateutil/tz/tz.py", line 667, in fromutc
    dt_out = dt + datetime.timedelta(seconds=tti.offset)
FAILURE IS NEW, STORING; NOW 1 DISTINCT FAILURES
STOPPING TEST DUE TO TIMEOUT, TERMINATED AT LENGTH 23
STOPPING TESTING DUE TO TIMEOUT
22.2156398104 PERCENT COVERED
60.2249281406 TOTAL RUNTIME
408 EXECUTED
40718 TOTAL TEST OPERATIONS
29.363294363 TIME SPENT EXECUTING TEST OPERATIONS
28.2391119003 TIME SPENT EVALUATING GUARDS AND CHOOSING ACTIONS
0.0291411876678 TIME SPENT CHECKING PROPERTIES
29.3924355507 TOTAL TIME SPENT RUNNING SUT
0.277937412262 TIME SPENT RESTARTING
0.0 TIME SPENT REDUCING TEST CASES
1 FAILED
0 REPEATS OF FAILURES
1 ACTUAL DISTINCT FAILURES

FAILURE 0
locale3 =  u'en_jp'                                                      # STEP 0
locale2 =  u'bg'                                                         # STEP 1
locale4 =  u'en'                                                         # STEP 2
locale0 =  u'nb'                                                         # STEP 3
locale1 =  u'de_ch'                                                      # STEP 4
val1 = 0                                                                 # STEP 5
time0 = arrow.get(val1)                                                  # STEP 6
time4 = arrow.get(val1)                                                  # STEP 7
zone0 = 'Singapore'                                                      # STEP 8
zone4 = 'US/Alaska'                                                      # STEP 9
time4.humanize(locale=locale2)                                          # STEP 10
locale2 =  u'zh'                                                        # STEP 11
time5 = arrow.utcnow()                                                  # STEP 12
time2 = time4.to(zone0)                                                 # STEP 13
time7 = time4.to(zone0)                                                 # STEP 14
time5.datetime                                                          # STEP 15
time3 = arrow.get(val1)                                                 # STEP 16
time9 = time2.replace(seconds=val1)                                     # STEP 17
time5 = time2.to(zone4)                                                 # STEP 18
time2 = time5.replace(seconds=val1)                                     # STEP 19
time0.shift(months=val1)                                                # STEP 20
time6 = time9.to(zone4)                                                 # STEP 21
time9.year                                                              # STEP 22
time6.humanize(locale=locale2)                                          # STEP 23
time5 = time5.to(zone0)                                                 # STEP 24
locale2 =  u'da_dk'                                                     # STEP 25
time9.humanize(locale=locale3)                                          # STEP 26
locale3 =  u'ca_ad'                                                     # STEP 27
time5.humanize(locale=locale3)                                          # STEP 28
time7.humanize(locale=locale1)                                          # STEP 29
time7 = time4.replace(seconds=val1)                                     # STEP 30
time1 = time2.to(zone4)                                                 # STEP 31
locale3 =  u'zh_tw'                                                     # STEP 32
locale1 =  u'ca_it'                                                     # STEP 33
time5 = time5.to(zone4)                                                 # STEP 34
time8 = time9.replace(seconds=val1)                                     # STEP 35
time2 = time5.replace(seconds=val1)                                     # STEP 36
time0 = time7.to(zone4)                                                 # STEP 37
time8.humanize(locale=locale4)                                          # STEP 38
time7.datetime                                                          # STEP 39
time6 = time6.to(zone0)                                                 # STEP 40
locale4 =  u'cs'                                                        # STEP 41
time8.humanize(locale=locale1)                                          # STEP 42
time8 = time8.to(zone4)                                                 # STEP 43
time7 = time5.to(zone0)                                                 # STEP 44
time8.format()                                                          # STEP 45
time4 = time5.to(zone0)                                                 # STEP 46
time8.shift(weeks=val1)                                                 # STEP 47
locale1 =  u'ro_ro'                                                     # STEP 48
time9 = time5.replace(seconds=val1)                                     # STEP 49
time7.humanize(locale=locale0)                                          # STEP 50
time3.format()                                                          # STEP 51
locale0 =  u'nb'                                                        # STEP 52
time9.humanize(locale=locale3)                                          # STEP 53
time8 = time4.to(zone4)                                                 # STEP 54
time1.year                                                              # STEP 55
time4 = time4.to(zone0)                                                 # STEP 56
time5 = time6.to(zone4)                                                 # STEP 57
time1.shift(weeks=val1)                                                 # STEP 58
time7.shift(months=val1)                                                # STEP 59
time2.humanize(locale=locale1)                                          # STEP 60
time6 = time7.to(zone4)                                                 # STEP 61
locale1 =  u'ru'                                                        # STEP 62
time9 = time2.replace(seconds=val1)                                     # STEP 63
val1 += 1                                                               # STEP 64
locale3 =  u'is'                                                        # STEP 65
time7 = time1.to(zone0)                                                 # STEP 66
time2 = time5.to(zone0)                                                 # STEP 67
val6 = 0                                                                # STEP 68
time3 = time3.replace(year=val1)                                        # STEP 69
time5 = time8.to(zone4)                                                 # STEP 70
time5.humanize(locale=locale2)                                          # STEP 71
time1 = time3.replace(month=val1)                                       # STEP 72
time8 = time3.replace(seconds=val6)                                     # STEP 73
time3.shift(weeks=val1)                                                 # STEP 74
time5.shift(weeks=val1)                                                 # STEP 75
locale2 =  u'cs'                                                        # STEP 76
time9.humanize(locale=locale1)                                          # STEP 77
locale1 =  u'sv'                                                        # STEP 78
time4.humanize(locale=locale0)                                          # STEP 79
time9 = time4.to(zone4)                                                 # STEP 80
locale0 =  u'uk_ua'                                                     # STEP 81
val6 = 0                                                                # STEP 82
zone3 = 'US/Arizona'                                                    # STEP 83
time5 = time4.to(zone4)                                                 # STEP 84
time3 = time3.replace(month=val1)                                       # STEP 85
time4 = time7.replace(year=val1)                                        # STEP 86
time7 = time6.replace(year=val1)                                        # STEP 87
time0.humanize(locale=locale1)                                          # STEP 88
time6 = time0.to(zone0)                                                 # STEP 89
locale1 =  u'ua'                                                        # STEP 90
time6.humanize(locale=locale2)                                          # STEP 91
locale2 =  u'ja_jp'                                                     # STEP 92
zone0 = 'Singapore'                                                     # STEP 93
time6 = time8.to(zone4)                                                 # STEP 94
ERROR: (<type 'exceptions.OverflowError'>, OverflowError('date value out of range',), <traceback object at 0x10a5403b0>)
TRACEBACK:
  File "/Users/alex/tstl/examples/arrow/sut.py", line 405705, in safely
    act[2]()
  File "/Users/alex/tstl/examples/arrow/sut.py", line 35007, in act949
    self.p_time[6] = self.p_time[8].to(self.p_zone[4])
  File "/Library/Frameworks/Python.framework/Versions/2.7/lib/python2.7/site-packages/arrow/arrow.py", line 510, in to
    dt = self._datetime.astimezone(tz)
  File "/Library/Frameworks/Python.framework/Versions/2.7/lib/python2.7/site-packages/dateutil/tz/tz.py", line 667, in fromutc
    dt_out = dt + datetime.timedelta(seconds=tti.offset)
341 BRANCHES COVERED
255 STATEMENTS COVERED
