Random testing using config=Config(noExceptionMatch=False, generalize=False, localize=False, speed='FAST', probs=None, LOCBaseline=0.2, noAlphaConvert=False, replayable=False, essentials=False, noCoverageExploit=False, quickTests=False, html=None, keepLast=False, stopWhenNoCoverage=None, generateLOC=None, computeFeatureStats=False, Pmutate=0.0, timeout=60, output='failure.14706.test', markov=None, noSwarmDependencies=False, startExploit=0.0, maxMustHitBranch=None, useHints=False, silentFail=False, highLowSwarm=None, maxMustHitStatement=None, progress=False, postCover=False, swarmLength=None, noCover=False, noEnumerateEnabled=False, full=True, swarmP=0.5, coverFile='coverage.out', markovP=1.0, swarmProbs=None, genDepth=None, exploitCeiling=0.1, logging=None, noCheck=False, throughput=False, uncaught=False, swarmSwitch=None, verbose=False, reducePool=False, exploit=None, fastQuickAnalysis=False, total=False, verboseExploit=False, swarm=True, sequenceP=1.0, biasLOC=None, timedProgress=30, relax=False, ddmin=False, stutter=None, readQuick=False, verboseActions=False, quickAnalysis=False, noReassign=False, sequenceSize=3, LOCProbs=False, sequencesFromTests=None, maxTests=-1, trackMaxCoverage=None, useQuickSequences=False, exploitBestHint=1, failedLogging=None, stopWhenStatements=None, greedyStutter=False, seed=None, stopWhenHitStatement=None, uniqueValuesAnalysis=False, normalize=False, startExploitStall=0, enumerateEnabled=False, internal=False, profile=False, multiple=True, stopWhenBranches=None, running=False, compareFails=False, Pcrossover=0.2, stopWhenHitBranch=None, depth=100, showActions=False)
UNCAUGHT EXCEPTION
ERROR: (<type 'exceptions.OverflowError'>, OverflowError('date value out of range',), <traceback object at 0x109928ab8>)
TRACEBACK:
  File "/Users/alex/tstl/examples/arrow/sut.py", line 405705, in safely
    act[2]()
  File "/Users/alex/tstl/examples/arrow/sut.py", line 24915, in act727
    self.p_time[2] = self.p_time[4].to(self.p_zone[2])
  File "/Library/Frameworks/Python.framework/Versions/2.7/lib/python2.7/site-packages/arrow/arrow.py", line 510, in to
    dt = self._datetime.astimezone(tz)
  File "/Library/Frameworks/Python.framework/Versions/2.7/lib/python2.7/site-packages/dateutil/tz/tz.py", line 667, in fromutc
    dt_out = dt + datetime.timedelta(seconds=tti.offset)
Original test has 37 steps

SAVING TEST AS failure.14706.test.0
FINAL VERSION OF TEST, WITH LOGGED REPLAY:
locale3 =  u'bn_in'                                                      # STEP 0
ACTION: locale3 =  u'bn_in' 
locale3 = None : <type 'NoneType'>
=> locale3 = u'bn_in' : <type 'unicode'>
==================================================
locale4 =  u'fr'                                                         # STEP 1
ACTION: locale4 =  u'fr' 
locale4 = None : <type 'NoneType'>
=> locale4 = u'fr' : <type 'unicode'>
==================================================
val3 = 0                                                                 # STEP 2
ACTION: val3 = 0 
val3 = None : <type 'NoneType'>
=> val3 = 0 : <type 'int'>
==================================================
locale2 =  u'nl_nl'                                                      # STEP 3
ACTION: locale2 =  u'nl_nl' 
locale2 = None : <type 'NoneType'>
=> locale2 = u'nl_nl' : <type 'unicode'>
==================================================
locale0 =  u'pt'                                                         # STEP 4
ACTION: locale0 =  u'pt' 
locale0 = None : <type 'NoneType'>
=> locale0 = u'pt' : <type 'unicode'>
==================================================
zone4 = 'US/Eastern'                                                     # STEP 5
ACTION: zone4 = 'US/Eastern'  
zone4 = None : <type 'NoneType'>
=> zone4 = 'US/Eastern' : <type 'str'>
==================================================
locale1 =  u'sk'                                                         # STEP 6
ACTION: locale1 =  u'sk' 
locale1 = None : <type 'NoneType'>
=> locale1 = u'sk' : <type 'unicode'>
==================================================
zone1 = 'Europe/Rome'                                                    # STEP 7
ACTION: zone1 = 'Europe/Rome'  
zone1 = None : <type 'NoneType'>
=> zone1 = 'Europe/Rome' : <type 'str'>
==================================================
zone0 = 'Australia/Brisbane'                                             # STEP 8
ACTION: zone0 = 'Australia/Brisbane'  
zone0 = None : <type 'NoneType'>
=> zone0 = 'Australia/Brisbane' : <type 'str'>
==================================================
val3 += 1                                                                # STEP 9
ACTION: val3 += 1 
val3 = 0 : <type 'int'>
=> val3 = 1 : <type 'int'>
==================================================
zone3 = 'Asia/Samarkand'                                                # STEP 10
ACTION: zone3 = 'Asia/Samarkand'  
zone3 = None : <type 'NoneType'>
=> zone3 = 'Asia/Samarkand' : <type 'str'>
==================================================
zone2 = 'US/Pacific'                                                    # STEP 11
ACTION: zone2 = 'US/Pacific'  
zone2 = None : <type 'NoneType'>
=> zone2 = 'US/Pacific' : <type 'str'>
==================================================
time3 = arrow.get(val3)                                                 # STEP 12
ACTION: time3 = arrow.get(val3) 
val3 = 1 : <type 'int'>
time3 = None : <type 'NoneType'>
=> time3 = <Arrow [1970-01-01T00:00:01+00:00]> : <class 'arrow.arrow.Arrow'>
==================================================
time1 = time3.to(zone3)                                                 # STEP 13
ACTION: time1 = time3.to(zone3) 
zone3 = 'Asia/Samarkand' : <type 'str'>
time3 = <Arrow [1970-01-01T00:00:01+00:00]> : <class 'arrow.arrow.Arrow'>
time1 = None : <type 'NoneType'>
=> time1 = <Arrow [1970-01-01T05:00:01+05:00]> : <class 'arrow.arrow.Arrow'>
==================================================
time4 = time1.replace(seconds=val3)                                     # STEP 14
ACTION: time4 = time1.replace(seconds=val3) 
val3 = 1 : <type 'int'>
time1 = <Arrow [1970-01-01T05:00:01+05:00]> : <class 'arrow.arrow.Arrow'>
time4 = None : <type 'NoneType'>
=> time4 = <Arrow [1970-01-01T05:00:02+05:00]> : <class 'arrow.arrow.Arrow'>
==================================================
time5 = time1.replace(seconds=val3)                                     # STEP 15
ACTION: time5 = time1.replace(seconds=val3) 
val3 = 1 : <type 'int'>
time1 = <Arrow [1970-01-01T05:00:01+05:00]> : <class 'arrow.arrow.Arrow'>
time5 = None : <type 'NoneType'>
=> time5 = <Arrow [1970-01-01T05:00:02+05:00]> : <class 'arrow.arrow.Arrow'>
==================================================
time3 = time4.replace(tzinfo=zone4)                                     # STEP 16
ACTION: time3 = time4.replace(tzinfo=zone4) 
zone4 = 'US/Eastern' : <type 'str'>
time4 = <Arrow [1970-01-01T05:00:02+05:00]> : <class 'arrow.arrow.Arrow'>
time3 = <Arrow [1970-01-01T00:00:01+00:00]> : <class 'arrow.arrow.Arrow'>
=> time3 = <Arrow [1970-01-01T05:00:02-05:00]> : <class 'arrow.arrow.Arrow'>
==================================================
time7 = time3.replace(year=val3)                                        # STEP 17
ACTION: time7 = time3.replace(year=val3) 
val3 = 1 : <type 'int'>
time3 = <Arrow [1970-01-01T05:00:02-05:00]> : <class 'arrow.arrow.Arrow'>
time7 = None : <type 'NoneType'>
=> time7 = <Arrow [0001-01-01T05:00:02-05:00]> : <class 'arrow.arrow.Arrow'>
==================================================
time8 = time3.to(zone4)                                                 # STEP 18
ACTION: time8 = time3.to(zone4) 
zone4 = 'US/Eastern' : <type 'str'>
time3 = <Arrow [1970-01-01T05:00:02-05:00]> : <class 'arrow.arrow.Arrow'>
time8 = None : <type 'NoneType'>
=> time8 = <Arrow [1970-01-01T05:00:02-05:00]> : <class 'arrow.arrow.Arrow'>
==================================================
time0 = time1.to(zone3)                                                 # STEP 19
ACTION: time0 = time1.to(zone3) 
zone3 = 'Asia/Samarkand' : <type 'str'>
time1 = <Arrow [1970-01-01T05:00:01+05:00]> : <class 'arrow.arrow.Arrow'>
time0 = None : <type 'NoneType'>
=> time0 = <Arrow [1970-01-01T05:00:01+05:00]> : <class 'arrow.arrow.Arrow'>
==================================================
time4 = time0.replace(seconds=val3)                                     # STEP 20
ACTION: time4 = time0.replace(seconds=val3) 
val3 = 1 : <type 'int'>
time0 = <Arrow [1970-01-01T05:00:01+05:00]> : <class 'arrow.arrow.Arrow'>
time4 = <Arrow [1970-01-01T05:00:02+05:00]> : <class 'arrow.arrow.Arrow'>
==================================================
time2 = time5.replace(tzinfo=zone1)                                     # STEP 21
ACTION: time2 = time5.replace(tzinfo=zone1) 
zone1 = 'Europe/Rome' : <type 'str'>
time5 = <Arrow [1970-01-01T05:00:02+05:00]> : <class 'arrow.arrow.Arrow'>
time2 = None : <type 'NoneType'>
=> time2 = <Arrow [1970-01-01T05:00:02+01:00]> : <class 'arrow.arrow.Arrow'>
==================================================
time6 = time2.replace(tzinfo=zone3)                                     # STEP 22
ACTION: time6 = time2.replace(tzinfo=zone3) 
zone3 = 'Asia/Samarkand' : <type 'str'>
time2 = <Arrow [1970-01-01T05:00:02+01:00]> : <class 'arrow.arrow.Arrow'>
time6 = None : <type 'NoneType'>
=> time6 = <Arrow [1970-01-01T05:00:02+05:00]> : <class 'arrow.arrow.Arrow'>
==================================================
time2 = time0.replace(tzinfo=zone0)                                     # STEP 23
ACTION: time2 = time0.replace(tzinfo=zone0) 
zone0 = 'Australia/Brisbane' : <type 'str'>
time0 = <Arrow [1970-01-01T05:00:01+05:00]> : <class 'arrow.arrow.Arrow'>
time2 = <Arrow [1970-01-01T05:00:02+01:00]> : <class 'arrow.arrow.Arrow'>
=> time2 = <Arrow [1970-01-01T05:00:01+10:00]> : <class 'arrow.arrow.Arrow'>
==================================================
time9 = time3.replace(month=val3)                                       # STEP 24
ACTION: time9 = time3.replace(month=val3) 
val3 = 1 : <type 'int'>
time3 = <Arrow [1970-01-01T05:00:02-05:00]> : <class 'arrow.arrow.Arrow'>
time9 = None : <type 'NoneType'>
=> time9 = <Arrow [1970-01-01T05:00:02-05:00]> : <class 'arrow.arrow.Arrow'>
==================================================
zone1 = 'US/Pacific'                                                    # STEP 25
ACTION: zone1 = 'US/Pacific'  
zone1 = 'Europe/Rome' : <type 'str'>
=> zone1 = 'US/Pacific' : <type 'str'>
==================================================
time3 = time3.to(zone0)                                                 # STEP 26
ACTION: time3 = time3.to(zone0) 
zone0 = 'Australia/Brisbane' : <type 'str'>
time3 = <Arrow [1970-01-01T05:00:02-05:00]> : <class 'arrow.arrow.Arrow'>
=> time3 = <Arrow [1970-01-01T20:00:02+10:00]> : <class 'arrow.arrow.Arrow'>
==================================================
time1 = time6.replace(tzinfo=zone2)                                     # STEP 27
ACTION: time1 = time6.replace(tzinfo=zone2) 
zone2 = 'US/Pacific' : <type 'str'>
time6 = <Arrow [1970-01-01T05:00:02+05:00]> : <class 'arrow.arrow.Arrow'>
time1 = <Arrow [1970-01-01T05:00:01+05:00]> : <class 'arrow.arrow.Arrow'>
=> time1 = <Arrow [1970-01-01T05:00:02-08:00]> : <class 'arrow.arrow.Arrow'>
==================================================
time0 = time1.to(zone1)                                                 # STEP 28
ACTION: time0 = time1.to(zone1) 
zone1 = 'US/Pacific' : <type 'str'>
time1 = <Arrow [1970-01-01T05:00:02-08:00]> : <class 'arrow.arrow.Arrow'>
time0 = <Arrow [1970-01-01T05:00:01+05:00]> : <class 'arrow.arrow.Arrow'>
=> time0 = <Arrow [1970-01-01T05:00:02-08:00]> : <class 'arrow.arrow.Arrow'>
==================================================
time5 = time2.replace(tzinfo=zone4)                                     # STEP 29
ACTION: time5 = time2.replace(tzinfo=zone4) 
zone4 = 'US/Eastern' : <type 'str'>
time2 = <Arrow [1970-01-01T05:00:01+10:00]> : <class 'arrow.arrow.Arrow'>
time5 = <Arrow [1970-01-01T05:00:02+05:00]> : <class 'arrow.arrow.Arrow'>
=> time5 = <Arrow [1970-01-01T05:00:01-05:00]> : <class 'arrow.arrow.Arrow'>
==================================================
time1 = time4.to(zone3)                                                 # STEP 30
ACTION: time1 = time4.to(zone3) 
zone3 = 'Asia/Samarkand' : <type 'str'>
time4 = <Arrow [1970-01-01T05:00:02+05:00]> : <class 'arrow.arrow.Arrow'>
time1 = <Arrow [1970-01-01T05:00:02-08:00]> : <class 'arrow.arrow.Arrow'>
=> time1 = <Arrow [1970-01-01T05:00:02+05:00]> : <class 'arrow.arrow.Arrow'>
==================================================
time4 = time4.replace(year=val3)                                        # STEP 31
ACTION: time4 = time4.replace(year=val3) 
val3 = 1 : <type 'int'>
time4 = <Arrow [1970-01-01T05:00:02+05:00]> : <class 'arrow.arrow.Arrow'>
=> time4 = <Arrow [0001-01-01T05:00:02+04:28]> : <class 'arrow.arrow.Arrow'>
==================================================
time2 = time9.replace(month=val3)                                       # STEP 32
ACTION: time2 = time9.replace(month=val3) 
val3 = 1 : <type 'int'>
time9 = <Arrow [1970-01-01T05:00:02-05:00]> : <class 'arrow.arrow.Arrow'>
time2 = <Arrow [1970-01-01T05:00:01+10:00]> : <class 'arrow.arrow.Arrow'>
=> time2 = <Arrow [1970-01-01T05:00:02-05:00]> : <class 'arrow.arrow.Arrow'>
==================================================
time6 = time2.replace(tzinfo=zone0)                                     # STEP 33
ACTION: time6 = time2.replace(tzinfo=zone0) 
zone0 = 'Australia/Brisbane' : <type 'str'>
time2 = <Arrow [1970-01-01T05:00:02-05:00]> : <class 'arrow.arrow.Arrow'>
time6 = <Arrow [1970-01-01T05:00:02+05:00]> : <class 'arrow.arrow.Arrow'>
=> time6 = <Arrow [1970-01-01T05:00:02+10:00]> : <class 'arrow.arrow.Arrow'>
==================================================
time2 = time0.to(zone3)                                                 # STEP 34
ACTION: time2 = time0.to(zone3) 
zone3 = 'Asia/Samarkand' : <type 'str'>
time0 = <Arrow [1970-01-01T05:00:02-08:00]> : <class 'arrow.arrow.Arrow'>
time2 = <Arrow [1970-01-01T05:00:02-05:00]> : <class 'arrow.arrow.Arrow'>
=> time2 = <Arrow [1970-01-01T18:00:02+05:00]> : <class 'arrow.arrow.Arrow'>
==================================================
time0 = time2.to(zone4)                                                 # STEP 35
ACTION: time0 = time2.to(zone4) 
zone4 = 'US/Eastern' : <type 'str'>
time2 = <Arrow [1970-01-01T18:00:02+05:00]> : <class 'arrow.arrow.Arrow'>
time0 = <Arrow [1970-01-01T05:00:02-08:00]> : <class 'arrow.arrow.Arrow'>
=> time0 = <Arrow [1970-01-01T08:00:02-05:00]> : <class 'arrow.arrow.Arrow'>
==================================================
time2 = time4.to(zone2)                                                 # STEP 36
ACTION: time2 = time4.to(zone2) 
zone2 = 'US/Pacific' : <type 'str'>
time4 = <Arrow [0001-01-01T05:00:02+04:28]> : <class 'arrow.arrow.Arrow'>
time2 = <Arrow [1970-01-01T18:00:02+05:00]> : <class 'arrow.arrow.Arrow'>
RAISED EXCEPTION: <type 'exceptions.OverflowError'> date value out of range
ERROR: (<type 'exceptions.OverflowError'>, OverflowError('date value out of range',), <traceback object at 0x109928ef0>)
TRACEBACK:
  File "/Users/alex/tstl/examples/arrow/sut.py", line 405705, in safely
    act[2]()
  File "/Users/alex/tstl/examples/arrow/sut.py", line 24915, in act727
    self.p_time[2] = self.p_time[4].to(self.p_zone[2])
  File "/Library/Frameworks/Python.framework/Versions/2.7/lib/python2.7/site-packages/arrow/arrow.py", line 510, in to
    dt = self._datetime.astimezone(tz)
  File "/Library/Frameworks/Python.framework/Versions/2.7/lib/python2.7/site-packages/dateutil/tz/tz.py", line 667, in fromutc
    dt_out = dt + datetime.timedelta(seconds=tti.offset)
FAILURE IS NEW, STORING; NOW 1 DISTINCT FAILURES
UNCAUGHT EXCEPTION
ERROR: (<type 'exceptions.OverflowError'>, OverflowError('date value out of range',), <traceback object at 0x109a70248>)
TRACEBACK:
  File "/Users/alex/tstl/examples/arrow/sut.py", line 405705, in safely
    act[2]()
  File "/Users/alex/tstl/examples/arrow/sut.py", line 21663, in act655
    self.p_time[1] = self.p_time[0].to(self.p_zone[0])
  File "/Library/Frameworks/Python.framework/Versions/2.7/lib/python2.7/site-packages/arrow/arrow.py", line 510, in to
    dt = self._datetime.astimezone(tz)
  File "/Library/Frameworks/Python.framework/Versions/2.7/lib/python2.7/site-packages/dateutil/tz/tz.py", line 667, in fromutc
    dt_out = dt + datetime.timedelta(seconds=tti.offset)
Original test has 78 steps

SAVING TEST AS failure.14706.test.1
FINAL VERSION OF TEST, WITH LOGGED REPLAY:
zone3 = 'US/Mountain'                                                    # STEP 0
ACTION: zone3 = 'US/Mountain'  
zone3 = None : <type 'NoneType'>
=> zone3 = 'US/Mountain' : <type 'str'>
==================================================
time2 = arrow.now()                                                      # STEP 1
ACTION: time2 = arrow.now() 
time2 = None : <type 'NoneType'>
=> time2 = <Arrow [2017-11-21T17:50:16.189246-08:00]> : <class 'arrow.arrow.Arrow'>
==================================================
time5 = arrow.now()                                                      # STEP 2
ACTION: time5 = arrow.now() 
time5 = None : <type 'NoneType'>
=> time5 = <Arrow [2017-11-21T17:50:16.190212-08:00]> : <class 'arrow.arrow.Arrow'>
==================================================
time7 = time2.to(zone3)                                                  # STEP 3
ACTION: time7 = time2.to(zone3) 
zone3 = 'US/Mountain' : <type 'str'>
time2 = <Arrow [2017-11-21T17:50:16.189246-08:00]> : <class 'arrow.arrow.Arrow'>
time7 = None : <type 'NoneType'>
=> time7 = <Arrow [2017-11-21T18:50:16.189246-07:00]> : <class 'arrow.arrow.Arrow'>
==================================================
time3 = time2.to(zone3)                                                  # STEP 4
ACTION: time3 = time2.to(zone3) 
zone3 = 'US/Mountain' : <type 'str'>
time2 = <Arrow [2017-11-21T17:50:16.189246-08:00]> : <class 'arrow.arrow.Arrow'>
time3 = None : <type 'NoneType'>
=> time3 = <Arrow [2017-11-21T18:50:16.189246-07:00]> : <class 'arrow.arrow.Arrow'>
==================================================
time5.format()                                                           # STEP 5
ACTION: time5.format() 
time5 = <Arrow [2017-11-21T17:50:16.190212-08:00]> : <class 'arrow.arrow.Arrow'>
==================================================
zone4 = 'US/Pacific'                                                     # STEP 6
ACTION: zone4 = 'US/Pacific'  
zone4 = None : <type 'NoneType'>
=> zone4 = 'US/Pacific' : <type 'str'>
==================================================
time4 = time5.to(zone3)                                                  # STEP 7
ACTION: time4 = time5.to(zone3) 
zone3 = 'US/Mountain' : <type 'str'>
time5 = <Arrow [2017-11-21T17:50:16.190212-08:00]> : <class 'arrow.arrow.Arrow'>
time4 = None : <type 'NoneType'>
=> time4 = <Arrow [2017-11-21T18:50:16.190212-07:00]> : <class 'arrow.arrow.Arrow'>
==================================================
time5.format()                                                           # STEP 8
ACTION: time5.format() 
time5 = <Arrow [2017-11-21T17:50:16.190212-08:00]> : <class 'arrow.arrow.Arrow'>
==================================================
time5 = time3.to(zone3)                                                  # STEP 9
ACTION: time5 = time3.to(zone3) 
zone3 = 'US/Mountain' : <type 'str'>
time3 = <Arrow [2017-11-21T18:50:16.189246-07:00]> : <class 'arrow.arrow.Arrow'>
time5 = <Arrow [2017-11-21T17:50:16.190212-08:00]> : <class 'arrow.arrow.Arrow'>
=> time5 = <Arrow [2017-11-21T18:50:16.189246-07:00]> : <class 'arrow.arrow.Arrow'>
==================================================
time1 = time2.to(zone3)                                                 # STEP 10
ACTION: time1 = time2.to(zone3) 
zone3 = 'US/Mountain' : <type 'str'>
time2 = <Arrow [2017-11-21T17:50:16.189246-08:00]> : <class 'arrow.arrow.Arrow'>
time1 = None : <type 'NoneType'>
=> time1 = <Arrow [2017-11-21T18:50:16.189246-07:00]> : <class 'arrow.arrow.Arrow'>
==================================================
zone1 = 'Australia/Brisbane'                                            # STEP 11
ACTION: zone1 = 'Australia/Brisbane'  
zone1 = None : <type 'NoneType'>
=> zone1 = 'Australia/Brisbane' : <type 'str'>
==================================================
time5.format()                                                          # STEP 12
ACTION: time5.format() 
time5 = <Arrow [2017-11-21T18:50:16.189246-07:00]> : <class 'arrow.arrow.Arrow'>
==================================================
time3 = time7.to(zone1)                                                 # STEP 13
ACTION: time3 = time7.to(zone1) 
zone1 = 'Australia/Brisbane' : <type 'str'>
time7 = <Arrow [2017-11-21T18:50:16.189246-07:00]> : <class 'arrow.arrow.Arrow'>
time3 = <Arrow [2017-11-21T18:50:16.189246-07:00]> : <class 'arrow.arrow.Arrow'>
=> time3 = <Arrow [2017-11-22T11:50:16.189246+10:00]> : <class 'arrow.arrow.Arrow'>
==================================================
time2 = time4.to(zone3)                                                 # STEP 14
ACTION: time2 = time4.to(zone3) 
zone3 = 'US/Mountain' : <type 'str'>
time4 = <Arrow [2017-11-21T18:50:16.190212-07:00]> : <class 'arrow.arrow.Arrow'>
time2 = <Arrow [2017-11-21T17:50:16.189246-08:00]> : <class 'arrow.arrow.Arrow'>
=> time2 = <Arrow [2017-11-21T18:50:16.190212-07:00]> : <class 'arrow.arrow.Arrow'>
==================================================
time9 = time4.to(zone1)                                                 # STEP 15
ACTION: time9 = time4.to(zone1) 
zone1 = 'Australia/Brisbane' : <type 'str'>
time4 = <Arrow [2017-11-21T18:50:16.190212-07:00]> : <class 'arrow.arrow.Arrow'>
time9 = None : <type 'NoneType'>
=> time9 = <Arrow [2017-11-22T11:50:16.190212+10:00]> : <class 'arrow.arrow.Arrow'>
==================================================
time9.format()                                                          # STEP 16
ACTION: time9.format() 
time9 = <Arrow [2017-11-22T11:50:16.190212+10:00]> : <class 'arrow.arrow.Arrow'>
==================================================
time8 = time5.to(zone3)                                                 # STEP 17
ACTION: time8 = time5.to(zone3) 
zone3 = 'US/Mountain' : <type 'str'>
time5 = <Arrow [2017-11-21T18:50:16.189246-07:00]> : <class 'arrow.arrow.Arrow'>
time8 = None : <type 'NoneType'>
=> time8 = <Arrow [2017-11-21T18:50:16.189246-07:00]> : <class 'arrow.arrow.Arrow'>
==================================================
time1.format()                                                          # STEP 18
ACTION: time1.format() 
time1 = <Arrow [2017-11-21T18:50:16.189246-07:00]> : <class 'arrow.arrow.Arrow'>
==================================================
time7 = time8.to(zone3)                                                 # STEP 19
ACTION: time7 = time8.to(zone3) 
zone3 = 'US/Mountain' : <type 'str'>
time8 = <Arrow [2017-11-21T18:50:16.189246-07:00]> : <class 'arrow.arrow.Arrow'>
time7 = <Arrow [2017-11-21T18:50:16.189246-07:00]> : <class 'arrow.arrow.Arrow'>
==================================================
time9.format()                                                          # STEP 20
ACTION: time9.format() 
time9 = <Arrow [2017-11-22T11:50:16.190212+10:00]> : <class 'arrow.arrow.Arrow'>
==================================================
zone3 = 'Australia/Brisbane'                                            # STEP 21
ACTION: zone3 = 'Australia/Brisbane'  
zone3 = 'US/Mountain' : <type 'str'>
=> zone3 = 'Australia/Brisbane' : <type 'str'>
==================================================
time2.format()                                                          # STEP 22
ACTION: time2.format() 
time2 = <Arrow [2017-11-21T18:50:16.190212-07:00]> : <class 'arrow.arrow.Arrow'>
==================================================
time0 = time5.to(zone3)                                                 # STEP 23
ACTION: time0 = time5.to(zone3) 
zone3 = 'Australia/Brisbane' : <type 'str'>
time5 = <Arrow [2017-11-21T18:50:16.189246-07:00]> : <class 'arrow.arrow.Arrow'>
time0 = None : <type 'NoneType'>
=> time0 = <Arrow [2017-11-22T11:50:16.189246+10:00]> : <class 'arrow.arrow.Arrow'>
==================================================
time4 = time9.to(zone3)                                                 # STEP 24
ACTION: time4 = time9.to(zone3) 
zone3 = 'Australia/Brisbane' : <type 'str'>
time9 = <Arrow [2017-11-22T11:50:16.190212+10:00]> : <class 'arrow.arrow.Arrow'>
time4 = <Arrow [2017-11-21T18:50:16.190212-07:00]> : <class 'arrow.arrow.Arrow'>
=> time4 = <Arrow [2017-11-22T11:50:16.190212+10:00]> : <class 'arrow.arrow.Arrow'>
==================================================
time8 = time3.to(zone3)                                                 # STEP 25
ACTION: time8 = time3.to(zone3) 
zone3 = 'Australia/Brisbane' : <type 'str'>
time3 = <Arrow [2017-11-22T11:50:16.189246+10:00]> : <class 'arrow.arrow.Arrow'>
time8 = <Arrow [2017-11-21T18:50:16.189246-07:00]> : <class 'arrow.arrow.Arrow'>
=> time8 = <Arrow [2017-11-22T11:50:16.189246+10:00]> : <class 'arrow.arrow.Arrow'>
==================================================
time5 = time7.to(zone4)                                                 # STEP 26
ACTION: time5 = time7.to(zone4) 
zone4 = 'US/Pacific' : <type 'str'>
time7 = <Arrow [2017-11-21T18:50:16.189246-07:00]> : <class 'arrow.arrow.Arrow'>
time5 = <Arrow [2017-11-21T18:50:16.189246-07:00]> : <class 'arrow.arrow.Arrow'>
=> time5 = <Arrow [2017-11-21T17:50:16.189246-08:00]> : <class 'arrow.arrow.Arrow'>
==================================================
time2 = time8.to(zone4)                                                 # STEP 27
ACTION: time2 = time8.to(zone4) 
zone4 = 'US/Pacific' : <type 'str'>
time8 = <Arrow [2017-11-22T11:50:16.189246+10:00]> : <class 'arrow.arrow.Arrow'>
time2 = <Arrow [2017-11-21T18:50:16.190212-07:00]> : <class 'arrow.arrow.Arrow'>
=> time2 = <Arrow [2017-11-21T17:50:16.189246-08:00]> : <class 'arrow.arrow.Arrow'>
==================================================
time8 = time2.to(zone4)                                                 # STEP 28
ACTION: time8 = time2.to(zone4) 
zone4 = 'US/Pacific' : <type 'str'>
time2 = <Arrow [2017-11-21T17:50:16.189246-08:00]> : <class 'arrow.arrow.Arrow'>
time8 = <Arrow [2017-11-22T11:50:16.189246+10:00]> : <class 'arrow.arrow.Arrow'>
=> time8 = <Arrow [2017-11-21T17:50:16.189246-08:00]> : <class 'arrow.arrow.Arrow'>
==================================================
time9 = time0.to(zone4)                                                 # STEP 29
ACTION: time9 = time0.to(zone4) 
zone4 = 'US/Pacific' : <type 'str'>
time0 = <Arrow [2017-11-22T11:50:16.189246+10:00]> : <class 'arrow.arrow.Arrow'>
time9 = <Arrow [2017-11-22T11:50:16.190212+10:00]> : <class 'arrow.arrow.Arrow'>
=> time9 = <Arrow [2017-11-21T17:50:16.189246-08:00]> : <class 'arrow.arrow.Arrow'>
==================================================
val7 = 0                                                                # STEP 30
ACTION: val7 = 0 
val7 = None : <type 'NoneType'>
=> val7 = 0 : <type 'int'>
==================================================
time0 = time5.to(zone4)                                                 # STEP 31
ACTION: time0 = time5.to(zone4) 
zone4 = 'US/Pacific' : <type 'str'>
time5 = <Arrow [2017-11-21T17:50:16.189246-08:00]> : <class 'arrow.arrow.Arrow'>
time0 = <Arrow [2017-11-22T11:50:16.189246+10:00]> : <class 'arrow.arrow.Arrow'>
=> time0 = <Arrow [2017-11-21T17:50:16.189246-08:00]> : <class 'arrow.arrow.Arrow'>
==================================================
time6 = time2.to(zone1)                                                 # STEP 32
ACTION: time6 = time2.to(zone1) 
zone1 = 'Australia/Brisbane' : <type 'str'>
time2 = <Arrow [2017-11-21T17:50:16.189246-08:00]> : <class 'arrow.arrow.Arrow'>
time6 = None : <type 'NoneType'>
=> time6 = <Arrow [2017-11-22T11:50:16.189246+10:00]> : <class 'arrow.arrow.Arrow'>
==================================================
time3 = time0.replace(seconds=val7)                                     # STEP 33
ACTION: time3 = time0.replace(seconds=val7) 
val7 = 0 : <type 'int'>
time0 = <Arrow [2017-11-21T17:50:16.189246-08:00]> : <class 'arrow.arrow.Arrow'>
time3 = <Arrow [2017-11-22T11:50:16.189246+10:00]> : <class 'arrow.arrow.Arrow'>
=> time3 = <Arrow [2017-11-21T17:50:16.189246-08:00]> : <class 'arrow.arrow.Arrow'>
==================================================
val7 += 1                                                               # STEP 34
ACTION: val7 += 1 
val7 = 0 : <type 'int'>
=> val7 = 1 : <type 'int'>
==================================================
time1 = time9.replace(minutes=val7)                                     # STEP 35
ACTION: time1 = time9.replace(minutes=val7) 
val7 = 1 : <type 'int'>
time9 = <Arrow [2017-11-21T17:50:16.189246-08:00]> : <class 'arrow.arrow.Arrow'>
time1 = <Arrow [2017-11-21T18:50:16.189246-07:00]> : <class 'arrow.arrow.Arrow'>
=> time1 = <Arrow [2017-11-21T17:51:16.189246-08:00]> : <class 'arrow.arrow.Arrow'>
==================================================
time0 = time2.to(zone4)                                                 # STEP 36
ACTION: time0 = time2.to(zone4) 
zone4 = 'US/Pacific' : <type 'str'>
time2 = <Arrow [2017-11-21T17:50:16.189246-08:00]> : <class 'arrow.arrow.Arrow'>
time0 = <Arrow [2017-11-21T17:50:16.189246-08:00]> : <class 'arrow.arrow.Arrow'>
==================================================
time9 = arrow.get(val7)                                                 # STEP 37
ACTION: time9 = arrow.get(val7) 
val7 = 1 : <type 'int'>
time9 = <Arrow [2017-11-21T17:50:16.189246-08:00]> : <class 'arrow.arrow.Arrow'>
=> time9 = <Arrow [1970-01-01T00:00:01+00:00]> : <class 'arrow.arrow.Arrow'>
==================================================
time7 = time4.replace(seconds=val7)                                     # STEP 38
ACTION: time7 = time4.replace(seconds=val7) 
val7 = 1 : <type 'int'>
time4 = <Arrow [2017-11-22T11:50:16.190212+10:00]> : <class 'arrow.arrow.Arrow'>
time7 = <Arrow [2017-11-21T18:50:16.189246-07:00]> : <class 'arrow.arrow.Arrow'>
=> time7 = <Arrow [2017-11-22T11:50:17.190212+10:00]> : <class 'arrow.arrow.Arrow'>
==================================================
time5.shift(hours=val7)                                                 # STEP 39
ACTION: time5.shift(hours=val7) 
val7 = 1 : <type 'int'>
time5 = <Arrow [2017-11-21T17:50:16.189246-08:00]> : <class 'arrow.arrow.Arrow'>
==================================================
time4 = time6.replace(year=val7)                                        # STEP 40
ACTION: time4 = time6.replace(year=val7) 
val7 = 1 : <type 'int'>
time6 = <Arrow [2017-11-22T11:50:16.189246+10:00]> : <class 'arrow.arrow.Arrow'>
time4 = <Arrow [2017-11-22T11:50:16.190212+10:00]> : <class 'arrow.arrow.Arrow'>
=> time4 = <Arrow [0001-11-22T11:50:16.189246+10:00]> : <class 'arrow.arrow.Arrow'>
==================================================
time5 = time3.replace(year=val7)                                        # STEP 41
ACTION: time5 = time3.replace(year=val7) 
val7 = 1 : <type 'int'>
time3 = <Arrow [2017-11-21T17:50:16.189246-08:00]> : <class 'arrow.arrow.Arrow'>
time5 = <Arrow [2017-11-21T17:50:16.189246-08:00]> : <class 'arrow.arrow.Arrow'>
=> time5 = <Arrow [0001-11-21T17:50:16.189246-08:00]> : <class 'arrow.arrow.Arrow'>
==================================================
time3 = time4.replace(minutes=val7)                                     # STEP 42
ACTION: time3 = time4.replace(minutes=val7) 
val7 = 1 : <type 'int'>
time4 = <Arrow [0001-11-22T11:50:16.189246+10:00]> : <class 'arrow.arrow.Arrow'>
time3 = <Arrow [2017-11-21T17:50:16.189246-08:00]> : <class 'arrow.arrow.Arrow'>
=> time3 = <Arrow [0001-11-22T11:51:16.189246+10:00]> : <class 'arrow.arrow.Arrow'>
==================================================
zone4 = 'Asia/Samarkand'                                                # STEP 43
ACTION: zone4 = 'Asia/Samarkand'  
zone4 = 'US/Pacific' : <type 'str'>
=> zone4 = 'Asia/Samarkand' : <type 'str'>
==================================================
time5.shift(weeks=val7)                                                 # STEP 44
ACTION: time5.shift(weeks=val7) 
val7 = 1 : <type 'int'>
time5 = <Arrow [0001-11-21T17:50:16.189246-08:00]> : <class 'arrow.arrow.Arrow'>
==================================================
time2 = time3.replace(minutes=val7)                                     # STEP 45
ACTION: time2 = time3.replace(minutes=val7) 
val7 = 1 : <type 'int'>
time3 = <Arrow [0001-11-22T11:51:16.189246+10:00]> : <class 'arrow.arrow.Arrow'>
time2 = <Arrow [2017-11-21T17:50:16.189246-08:00]> : <class 'arrow.arrow.Arrow'>
=> time2 = <Arrow [0001-11-22T11:52:16.189246+10:00]> : <class 'arrow.arrow.Arrow'>
==================================================
time6 = time9.to(zone3)                                                 # STEP 46
ACTION: time6 = time9.to(zone3) 
zone3 = 'Australia/Brisbane' : <type 'str'>
time9 = <Arrow [1970-01-01T00:00:01+00:00]> : <class 'arrow.arrow.Arrow'>
time6 = <Arrow [2017-11-22T11:50:16.189246+10:00]> : <class 'arrow.arrow.Arrow'>
=> time6 = <Arrow [1970-01-01T10:00:01+10:00]> : <class 'arrow.arrow.Arrow'>
==================================================
time4 = time2.to(zone1)                                                 # STEP 47
ACTION: time4 = time2.to(zone1) 
zone1 = 'Australia/Brisbane' : <type 'str'>
time2 = <Arrow [0001-11-22T11:52:16.189246+10:00]> : <class 'arrow.arrow.Arrow'>
time4 = <Arrow [0001-11-22T11:50:16.189246+10:00]> : <class 'arrow.arrow.Arrow'>
=> time4 = <Arrow [0001-11-22T11:52:16.189246+10:00]> : <class 'arrow.arrow.Arrow'>
==================================================
zone1 = 'Africa/Cairo'                                                  # STEP 48
ACTION: zone1 = 'Africa/Cairo'  
zone1 = 'Australia/Brisbane' : <type 'str'>
=> zone1 = 'Africa/Cairo' : <type 'str'>
==================================================
time5 = time9.to(zone3)                                                 # STEP 49
ACTION: time5 = time9.to(zone3) 
zone3 = 'Australia/Brisbane' : <type 'str'>
time9 = <Arrow [1970-01-01T00:00:01+00:00]> : <class 'arrow.arrow.Arrow'>
time5 = <Arrow [0001-11-21T17:50:16.189246-08:00]> : <class 'arrow.arrow.Arrow'>
=> time5 = <Arrow [1970-01-01T10:00:01+10:00]> : <class 'arrow.arrow.Arrow'>
==================================================
time9 = time4.to(zone3)                                                 # STEP 50
ACTION: time9 = time4.to(zone3) 
zone3 = 'Australia/Brisbane' : <type 'str'>
time4 = <Arrow [0001-11-22T11:52:16.189246+10:00]> : <class 'arrow.arrow.Arrow'>
time9 = <Arrow [1970-01-01T00:00:01+00:00]> : <class 'arrow.arrow.Arrow'>
=> time9 = <Arrow [0001-11-22T11:52:16.189246+10:00]> : <class 'arrow.arrow.Arrow'>
==================================================
time0.shift(weeks=val7)                                                 # STEP 51
ACTION: time0.shift(weeks=val7) 
val7 = 1 : <type 'int'>
time0 = <Arrow [2017-11-21T17:50:16.189246-08:00]> : <class 'arrow.arrow.Arrow'>
==================================================
time0 = time2.replace(seconds=val7)                                     # STEP 52
ACTION: time0 = time2.replace(seconds=val7) 
val7 = 1 : <type 'int'>
time2 = <Arrow [0001-11-22T11:52:16.189246+10:00]> : <class 'arrow.arrow.Arrow'>
time0 = <Arrow [2017-11-21T17:50:16.189246-08:00]> : <class 'arrow.arrow.Arrow'>
=> time0 = <Arrow [0001-11-22T11:52:17.189246+10:00]> : <class 'arrow.arrow.Arrow'>
==================================================
time2 = time6.to(zone1)                                                 # STEP 53
ACTION: time2 = time6.to(zone1) 
zone1 = 'Africa/Cairo' : <type 'str'>
time6 = <Arrow [1970-01-01T10:00:01+10:00]> : <class 'arrow.arrow.Arrow'>
time2 = <Arrow [0001-11-22T11:52:16.189246+10:00]> : <class 'arrow.arrow.Arrow'>
=> time2 = <Arrow [1970-01-01T02:00:01+02:00]> : <class 'arrow.arrow.Arrow'>
==================================================
time3 = time0.replace(year=val7)                                        # STEP 54
ACTION: time3 = time0.replace(year=val7) 
val7 = 1 : <type 'int'>
time0 = <Arrow [0001-11-22T11:52:17.189246+10:00]> : <class 'arrow.arrow.Arrow'>
time3 = <Arrow [0001-11-22T11:51:16.189246+10:00]> : <class 'arrow.arrow.Arrow'>
=> time3 = <Arrow [0001-11-22T11:52:17.189246+10:00]> : <class 'arrow.arrow.Arrow'>
==================================================
time0 = time2.to(zone1)                                                 # STEP 55
ACTION: time0 = time2.to(zone1) 
zone1 = 'Africa/Cairo' : <type 'str'>
time2 = <Arrow [1970-01-01T02:00:01+02:00]> : <class 'arrow.arrow.Arrow'>
time0 = <Arrow [0001-11-22T11:52:17.189246+10:00]> : <class 'arrow.arrow.Arrow'>
=> time0 = <Arrow [1970-01-01T02:00:01+02:00]> : <class 'arrow.arrow.Arrow'>
==================================================
time2 = time7.replace(minutes=val7)                                     # STEP 56
ACTION: time2 = time7.replace(minutes=val7) 
val7 = 1 : <type 'int'>
time7 = <Arrow [2017-11-22T11:50:17.190212+10:00]> : <class 'arrow.arrow.Arrow'>
time2 = <Arrow [1970-01-01T02:00:01+02:00]> : <class 'arrow.arrow.Arrow'>
=> time2 = <Arrow [2017-11-22T11:51:17.190212+10:00]> : <class 'arrow.arrow.Arrow'>
==================================================
time6 = time3.replace(year=val7)                                        # STEP 57
ACTION: time6 = time3.replace(year=val7) 
val7 = 1 : <type 'int'>
time3 = <Arrow [0001-11-22T11:52:17.189246+10:00]> : <class 'arrow.arrow.Arrow'>
time6 = <Arrow [1970-01-01T10:00:01+10:00]> : <class 'arrow.arrow.Arrow'>
=> time6 = <Arrow [0001-11-22T11:52:17.189246+10:00]> : <class 'arrow.arrow.Arrow'>
==================================================
time5.shift(weeks=val7)                                                 # STEP 58
ACTION: time5.shift(weeks=val7) 
val7 = 1 : <type 'int'>
time5 = <Arrow [1970-01-01T10:00:01+10:00]> : <class 'arrow.arrow.Arrow'>
==================================================
time8.datetime                                                          # STEP 59
ACTION: time8.datetime 
time8 = <Arrow [2017-11-21T17:50:16.189246-08:00]> : <class 'arrow.arrow.Arrow'>
==================================================
time4 = time5.replace(year=val7)                                        # STEP 60
ACTION: time4 = time5.replace(year=val7) 
val7 = 1 : <type 'int'>
time5 = <Arrow [1970-01-01T10:00:01+10:00]> : <class 'arrow.arrow.Arrow'>
time4 = <Arrow [0001-11-22T11:52:16.189246+10:00]> : <class 'arrow.arrow.Arrow'>
=> time4 = <Arrow [0001-01-01T10:00:01+10:00]> : <class 'arrow.arrow.Arrow'>
==================================================
zone3 = 'US/Mountain'                                                   # STEP 61
ACTION: zone3 = 'US/Mountain'  
zone3 = 'Australia/Brisbane' : <type 'str'>
=> zone3 = 'US/Mountain' : <type 'str'>
==================================================
time1.shift(hours=val7)                                                 # STEP 62
ACTION: time1.shift(hours=val7) 
val7 = 1 : <type 'int'>
time1 = <Arrow [2017-11-21T17:51:16.189246-08:00]> : <class 'arrow.arrow.Arrow'>
==================================================
time8 = time6.replace(minutes=val7)                                     # STEP 63
ACTION: time8 = time6.replace(minutes=val7) 
val7 = 1 : <type 'int'>
time6 = <Arrow [0001-11-22T11:52:17.189246+10:00]> : <class 'arrow.arrow.Arrow'>
time8 = <Arrow [2017-11-21T17:50:16.189246-08:00]> : <class 'arrow.arrow.Arrow'>
=> time8 = <Arrow [0001-11-22T11:53:17.189246+10:00]> : <class 'arrow.arrow.Arrow'>
==================================================
val3 = 0                                                                # STEP 64
ACTION: val3 = 0 
val3 = None : <type 'NoneType'>
=> val3 = 0 : <type 'int'>
==================================================
time6.shift(hours=val7)                                                 # STEP 65
ACTION: time6.shift(hours=val7) 
val7 = 1 : <type 'int'>
time6 = <Arrow [0001-11-22T11:52:17.189246+10:00]> : <class 'arrow.arrow.Arrow'>
==================================================
time1 = time4.to(zone1)                                                 # STEP 66
ACTION: time1 = time4.to(zone1) 
zone1 = 'Africa/Cairo' : <type 'str'>
time4 = <Arrow [0001-01-01T10:00:01+10:00]> : <class 'arrow.arrow.Arrow'>
time1 = <Arrow [2017-11-21T17:51:16.189246-08:00]> : <class 'arrow.arrow.Arrow'>
=> time1 = <Arrow [0001-01-01T02:00:01+02:00]> : <class 'arrow.arrow.Arrow'>
==================================================
time3 = time0.to(zone1)                                                 # STEP 67
ACTION: time3 = time0.to(zone1) 
zone1 = 'Africa/Cairo' : <type 'str'>
time0 = <Arrow [1970-01-01T02:00:01+02:00]> : <class 'arrow.arrow.Arrow'>
time3 = <Arrow [0001-11-22T11:52:17.189246+10:00]> : <class 'arrow.arrow.Arrow'>
=> time3 = <Arrow [1970-01-01T02:00:01+02:00]> : <class 'arrow.arrow.Arrow'>
==================================================
time4 = time5.to(zone3)                                                 # STEP 68
ACTION: time4 = time5.to(zone3) 
zone3 = 'US/Mountain' : <type 'str'>
time5 = <Arrow [1970-01-01T10:00:01+10:00]> : <class 'arrow.arrow.Arrow'>
time4 = <Arrow [0001-01-01T10:00:01+10:00]> : <class 'arrow.arrow.Arrow'>
=> time4 = <Arrow [1969-12-31T17:00:01-07:00]> : <class 'arrow.arrow.Arrow'>
==================================================
time5 = time5.replace(year=val7)                                        # STEP 69
ACTION: time5 = time5.replace(year=val7) 
val7 = 1 : <type 'int'>
time5 = <Arrow [1970-01-01T10:00:01+10:00]> : <class 'arrow.arrow.Arrow'>
=> time5 = <Arrow [0001-01-01T10:00:01+10:00]> : <class 'arrow.arrow.Arrow'>
==================================================
zone0 = 'US/Mountain'                                                   # STEP 70
ACTION: zone0 = 'US/Mountain'  
zone0 = None : <type 'NoneType'>
=> zone0 = 'US/Mountain' : <type 'str'>
==================================================
time7 = time3.replace(seconds=val3)                                     # STEP 71
ACTION: time7 = time3.replace(seconds=val3) 
val3 = 0 : <type 'int'>
time3 = <Arrow [1970-01-01T02:00:01+02:00]> : <class 'arrow.arrow.Arrow'>
time7 = <Arrow [2017-11-22T11:50:17.190212+10:00]> : <class 'arrow.arrow.Arrow'>
=> time7 = <Arrow [1970-01-01T02:00:01+02:00]> : <class 'arrow.arrow.Arrow'>
==================================================
time8.datetime                                                          # STEP 72
ACTION: time8.datetime 
time8 = <Arrow [0001-11-22T11:53:17.189246+10:00]> : <class 'arrow.arrow.Arrow'>
==================================================
time6 = time3.to(zone3)                                                 # STEP 73
ACTION: time6 = time3.to(zone3) 
zone3 = 'US/Mountain' : <type 'str'>
time3 = <Arrow [1970-01-01T02:00:01+02:00]> : <class 'arrow.arrow.Arrow'>
time6 = <Arrow [0001-11-22T11:52:17.189246+10:00]> : <class 'arrow.arrow.Arrow'>
=> time6 = <Arrow [1969-12-31T17:00:01-07:00]> : <class 'arrow.arrow.Arrow'>
==================================================
time0 = time1.to(zone1)                                                 # STEP 74
ACTION: time0 = time1.to(zone1) 
zone1 = 'Africa/Cairo' : <type 'str'>
time1 = <Arrow [0001-01-01T02:00:01+02:00]> : <class 'arrow.arrow.Arrow'>
time0 = <Arrow [1970-01-01T02:00:01+02:00]> : <class 'arrow.arrow.Arrow'>
=> time0 = <Arrow [0001-01-01T02:00:01+02:00]> : <class 'arrow.arrow.Arrow'>
==================================================
zone1 = 'US/Pacific'                                                    # STEP 75
ACTION: zone1 = 'US/Pacific'  
zone1 = 'Africa/Cairo' : <type 'str'>
=> zone1 = 'US/Pacific' : <type 'str'>
==================================================
time8 = time1.to(zone4)                                                 # STEP 76
ACTION: time8 = time1.to(zone4) 
zone4 = 'Asia/Samarkand' : <type 'str'>
time1 = <Arrow [0001-01-01T02:00:01+02:00]> : <class 'arrow.arrow.Arrow'>
time8 = <Arrow [0001-11-22T11:53:17.189246+10:00]> : <class 'arrow.arrow.Arrow'>
=> time8 = <Arrow [0001-01-01T04:28:01+04:28]> : <class 'arrow.arrow.Arrow'>
==================================================
time1 = time0.to(zone0)                                                 # STEP 77
ACTION: time1 = time0.to(zone0) 
zone0 = 'US/Mountain' : <type 'str'>
time0 = <Arrow [0001-01-01T02:00:01+02:00]> : <class 'arrow.arrow.Arrow'>
time1 = <Arrow [0001-01-01T02:00:01+02:00]> : <class 'arrow.arrow.Arrow'>
RAISED EXCEPTION: <type 'exceptions.OverflowError'> date value out of range
ERROR: (<type 'exceptions.OverflowError'>, OverflowError('date value out of range',), <traceback object at 0x109a70ef0>)
TRACEBACK:
  File "/Users/alex/tstl/examples/arrow/sut.py", line 405705, in safely
    act[2]()
  File "/Users/alex/tstl/examples/arrow/sut.py", line 21663, in act655
    self.p_time[1] = self.p_time[0].to(self.p_zone[0])
  File "/Library/Frameworks/Python.framework/Versions/2.7/lib/python2.7/site-packages/arrow/arrow.py", line 510, in to
    dt = self._datetime.astimezone(tz)
  File "/Library/Frameworks/Python.framework/Versions/2.7/lib/python2.7/site-packages/dateutil/tz/tz.py", line 667, in fromutc
    dt_out = dt + datetime.timedelta(seconds=tti.offset)
FAILURE IS NEW, STORING; NOW 2 DISTINCT FAILURES
TEST #225 STEP #81 (0:00:30.000327) Tue Nov 21 17:50:32 2017 [ 253 stmts 337 branches ] (no cov+ for 115 tests) 22396 TOTAL ACTIONS (746.525193464/s)
UNCAUGHT EXCEPTION
ERROR: (<type 'exceptions.OverflowError'>, OverflowError('date value out of range',), <traceback object at 0x109b55320>)
TRACEBACK:
  File "/Users/alex/tstl/examples/arrow/sut.py", line 405705, in safely
    act[2]()
  File "/Users/alex/tstl/examples/arrow/sut.py", line 202015, in act4517
    self.p_time[2] = self.p_time[6].replace(minutes=self.p_val[2])
  File "/Library/Frameworks/Python.framework/Versions/2.7/lib/python2.7/site-packages/arrow/arrow.py", line 429, in replace
    current += relativedelta(**relative_kwargs) # TODO: DEPRECATED
  File "/Library/Frameworks/Python.framework/Versions/2.7/lib/python2.7/site-packages/dateutil/relativedelta.py", line 391, in __radd__
    return self.__add__(other)
  File "/Library/Frameworks/Python.framework/Versions/2.7/lib/python2.7/site-packages/dateutil/relativedelta.py", line 378, in __add__
    microseconds=self.microseconds))
Original test has 52 steps

SAVING TEST AS failure.14706.test.2
FINAL VERSION OF TEST, WITH LOGGED REPLAY:
locale3 =  u'zh_tw'                                                      # STEP 0
ACTION: locale3 =  u'zh_tw' 
locale3 = None : <type 'NoneType'>
=> locale3 = u'zh_tw' : <type 'unicode'>
==================================================
locale1 =  u'ja_jp'                                                      # STEP 1
ACTION: locale1 =  u'ja_jp' 
locale1 = None : <type 'NoneType'>
=> locale1 = u'ja_jp' : <type 'unicode'>
==================================================
locale2 =  u'en_gb'                                                      # STEP 2
ACTION: locale2 =  u'en_gb' 
locale2 = None : <type 'NoneType'>
=> locale2 = u'en_gb' : <type 'unicode'>
==================================================
locale4 =  u'de_de'                                                      # STEP 3
ACTION: locale4 =  u'de_de' 
locale4 = None : <type 'NoneType'>
=> locale4 = u'de_de' : <type 'unicode'>
==================================================
locale0 =  u'hu'                                                         # STEP 4
ACTION: locale0 =  u'hu' 
locale0 = None : <type 'NoneType'>
=> locale0 = u'hu' : <type 'unicode'>
==================================================
val1 = 0                                                                 # STEP 5
ACTION: val1 = 0 
val1 = None : <type 'NoneType'>
=> val1 = 0 : <type 'int'>
==================================================
val9 = 0                                                                 # STEP 6
ACTION: val9 = 0 
val9 = None : <type 'NoneType'>
=> val9 = 0 : <type 'int'>
==================================================
val2 = 0                                                                 # STEP 7
ACTION: val2 = 0 
val2 = None : <type 'NoneType'>
=> val2 = 0 : <type 'int'>
==================================================
zone2 = 'US/Pacific'                                                     # STEP 8
ACTION: zone2 = 'US/Pacific'  
zone2 = None : <type 'NoneType'>
=> zone2 = 'US/Pacific' : <type 'str'>
==================================================
val2 -= 1                                                                # STEP 9
ACTION: val2 -= 1 
val2 = 0 : <type 'int'>
=> val2 = -1 : <type 'int'>
==================================================
time0 = arrow.get(val2)                                                 # STEP 10
ACTION: time0 = arrow.get(val2) 
val2 = -1 : <type 'int'>
time0 = None : <type 'NoneType'>
=> time0 = <Arrow [1969-12-31T23:59:59+00:00]> : <class 'arrow.arrow.Arrow'>
==================================================
time9 = arrow.get(val1)                                                 # STEP 11
ACTION: time9 = arrow.get(val1) 
val1 = 0 : <type 'int'>
time9 = None : <type 'NoneType'>
=> time9 = <Arrow [1970-01-01T00:00:00+00:00]> : <class 'arrow.arrow.Arrow'>
==================================================
time7 = time9.replace(minutes=val9)                                     # STEP 12
ACTION: time7 = time9.replace(minutes=val9) 
val9 = 0 : <type 'int'>
time9 = <Arrow [1970-01-01T00:00:00+00:00]> : <class 'arrow.arrow.Arrow'>
time7 = None : <type 'NoneType'>
=> time7 = <Arrow [1970-01-01T00:00:00+00:00]> : <class 'arrow.arrow.Arrow'>
==================================================
time3 = time9.replace(minutes=val9)                                     # STEP 13
ACTION: time3 = time9.replace(minutes=val9) 
val9 = 0 : <type 'int'>
time9 = <Arrow [1970-01-01T00:00:00+00:00]> : <class 'arrow.arrow.Arrow'>
time3 = None : <type 'NoneType'>
=> time3 = <Arrow [1970-01-01T00:00:00+00:00]> : <class 'arrow.arrow.Arrow'>
==================================================
time3.year                                                              # STEP 14
ACTION: time3.year 
time3 = <Arrow [1970-01-01T00:00:00+00:00]> : <class 'arrow.arrow.Arrow'>
==================================================
time9 = time0.replace(minutes=val9)                                     # STEP 15
ACTION: time9 = time0.replace(minutes=val9) 
val9 = 0 : <type 'int'>
time0 = <Arrow [1969-12-31T23:59:59+00:00]> : <class 'arrow.arrow.Arrow'>
time9 = <Arrow [1970-01-01T00:00:00+00:00]> : <class 'arrow.arrow.Arrow'>
=> time9 = <Arrow [1969-12-31T23:59:59+00:00]> : <class 'arrow.arrow.Arrow'>
==================================================
time3 = time0.replace(minutes=val2)                                     # STEP 16
ACTION: time3 = time0.replace(minutes=val2) 
val2 = -1 : <type 'int'>
time0 = <Arrow [1969-12-31T23:59:59+00:00]> : <class 'arrow.arrow.Arrow'>
time3 = <Arrow [1970-01-01T00:00:00+00:00]> : <class 'arrow.arrow.Arrow'>
=> time3 = <Arrow [1969-12-31T23:58:59+00:00]> : <class 'arrow.arrow.Arrow'>
==================================================
time0.shift(seconds=val1)                                               # STEP 17
ACTION: time0.shift(seconds=val1) 
val1 = 0 : <type 'int'>
time0 = <Arrow [1969-12-31T23:59:59+00:00]> : <class 'arrow.arrow.Arrow'>
==================================================
zone1 = 'Singapore'                                                     # STEP 18
ACTION: zone1 = 'Singapore'  
zone1 = None : <type 'NoneType'>
=> zone1 = 'Singapore' : <type 'str'>
==================================================
time7.shift(seconds=val2)                                               # STEP 19
ACTION: time7.shift(seconds=val2) 
val2 = -1 : <type 'int'>
time7 = <Arrow [1970-01-01T00:00:00+00:00]> : <class 'arrow.arrow.Arrow'>
==================================================
time6 = time7.replace(minutes=val9)                                     # STEP 20
ACTION: time6 = time7.replace(minutes=val9) 
val9 = 0 : <type 'int'>
time7 = <Arrow [1970-01-01T00:00:00+00:00]> : <class 'arrow.arrow.Arrow'>
time6 = None : <type 'NoneType'>
=> time6 = <Arrow [1970-01-01T00:00:00+00:00]> : <class 'arrow.arrow.Arrow'>
==================================================
time7 = time7.replace(minutes=val1)                                     # STEP 21
ACTION: time7 = time7.replace(minutes=val1) 
val1 = 0 : <type 'int'>
time7 = <Arrow [1970-01-01T00:00:00+00:00]> : <class 'arrow.arrow.Arrow'>
==================================================
time3.humanize(locale=locale0)                                          # STEP 22
ACTION: time3.humanize(locale=locale0) 
locale0 = u'hu' : <type 'unicode'>
time3 = <Arrow [1969-12-31T23:58:59+00:00]> : <class 'arrow.arrow.Arrow'>
==================================================
locale0 =  u'ro_ro'                                                     # STEP 23
ACTION: locale0 =  u'ro_ro' 
locale0 = u'hu' : <type 'unicode'>
=> locale0 = u'ro_ro' : <type 'unicode'>
==================================================
time3 = time7.replace(minutes=val1)                                     # STEP 24
ACTION: time3 = time7.replace(minutes=val1) 
val1 = 0 : <type 'int'>
time7 = <Arrow [1970-01-01T00:00:00+00:00]> : <class 'arrow.arrow.Arrow'>
time3 = <Arrow [1969-12-31T23:58:59+00:00]> : <class 'arrow.arrow.Arrow'>
=> time3 = <Arrow [1970-01-01T00:00:00+00:00]> : <class 'arrow.arrow.Arrow'>
==================================================
val8 = 0                                                                # STEP 25
ACTION: val8 = 0 
val8 = None : <type 'NoneType'>
=> val8 = 0 : <type 'int'>
==================================================
time9.shift(seconds=val2)                                               # STEP 26
ACTION: time9.shift(seconds=val2) 
val2 = -1 : <type 'int'>
time9 = <Arrow [1969-12-31T23:59:59+00:00]> : <class 'arrow.arrow.Arrow'>
==================================================
time9.year                                                              # STEP 27
ACTION: time9.year 
time9 = <Arrow [1969-12-31T23:59:59+00:00]> : <class 'arrow.arrow.Arrow'>
==================================================
time1 = time3.replace(minutes=val9)                                     # STEP 28
ACTION: time1 = time3.replace(minutes=val9) 
val9 = 0 : <type 'int'>
time3 = <Arrow [1970-01-01T00:00:00+00:00]> : <class 'arrow.arrow.Arrow'>
time1 = None : <type 'NoneType'>
=> time1 = <Arrow [1970-01-01T00:00:00+00:00]> : <class 'arrow.arrow.Arrow'>
==================================================
time0.humanize(locale=locale1)                                          # STEP 29
ACTION: time0.humanize(locale=locale1) 
locale1 = u'ja_jp' : <type 'unicode'>
time0 = <Arrow [1969-12-31T23:59:59+00:00]> : <class 'arrow.arrow.Arrow'>
==================================================
val6 = 0                                                                # STEP 30
ACTION: val6 = 0 
val6 = None : <type 'NoneType'>
=> val6 = 0 : <type 'int'>
==================================================
locale1 =  u'fr_fr'                                                     # STEP 31
ACTION: locale1 =  u'fr_fr' 
locale1 = u'ja_jp' : <type 'unicode'>
=> locale1 = u'fr_fr' : <type 'unicode'>
==================================================
time3 = time3.replace(minutes=val1)                                     # STEP 32
ACTION: time3 = time3.replace(minutes=val1) 
val1 = 0 : <type 'int'>
time3 = <Arrow [1970-01-01T00:00:00+00:00]> : <class 'arrow.arrow.Arrow'>
==================================================
time4 = time9.replace(minutes=val6)                                     # STEP 33
ACTION: time4 = time9.replace(minutes=val6) 
val6 = 0 : <type 'int'>
time9 = <Arrow [1969-12-31T23:59:59+00:00]> : <class 'arrow.arrow.Arrow'>
time4 = None : <type 'NoneType'>
=> time4 = <Arrow [1969-12-31T23:59:59+00:00]> : <class 'arrow.arrow.Arrow'>
==================================================
time2 = time1.replace(minutes=val1)                                     # STEP 34
ACTION: time2 = time1.replace(minutes=val1) 
val1 = 0 : <type 'int'>
time1 = <Arrow [1970-01-01T00:00:00+00:00]> : <class 'arrow.arrow.Arrow'>
time2 = None : <type 'NoneType'>
=> time2 = <Arrow [1970-01-01T00:00:00+00:00]> : <class 'arrow.arrow.Arrow'>
==================================================
time0 = time0.replace(minutes=val6)                                     # STEP 35
ACTION: time0 = time0.replace(minutes=val6) 
val6 = 0 : <type 'int'>
time0 = <Arrow [1969-12-31T23:59:59+00:00]> : <class 'arrow.arrow.Arrow'>
==================================================
val6 += 1                                                               # STEP 36
ACTION: val6 += 1 
val6 = 0 : <type 'int'>
=> val6 = 1 : <type 'int'>
==================================================
time5 = time6.replace(minutes=val9)                                     # STEP 37
ACTION: time5 = time6.replace(minutes=val9) 
val9 = 0 : <type 'int'>
time6 = <Arrow [1970-01-01T00:00:00+00:00]> : <class 'arrow.arrow.Arrow'>
time5 = None : <type 'NoneType'>
=> time5 = <Arrow [1970-01-01T00:00:00+00:00]> : <class 'arrow.arrow.Arrow'>
==================================================
time8 = time1.replace(minutes=val8)                                     # STEP 38
ACTION: time8 = time1.replace(minutes=val8) 
val8 = 0 : <type 'int'>
time1 = <Arrow [1970-01-01T00:00:00+00:00]> : <class 'arrow.arrow.Arrow'>
time8 = None : <type 'NoneType'>
=> time8 = <Arrow [1970-01-01T00:00:00+00:00]> : <class 'arrow.arrow.Arrow'>
==================================================
time6.humanize(locale=locale1)                                          # STEP 39
ACTION: time6.humanize(locale=locale1) 
locale1 = u'fr_fr' : <type 'unicode'>
time6 = <Arrow [1970-01-01T00:00:00+00:00]> : <class 'arrow.arrow.Arrow'>
==================================================
time6 = time5.replace(minutes=val8)                                     # STEP 40
ACTION: time6 = time5.replace(minutes=val8) 
val8 = 0 : <type 'int'>
time5 = <Arrow [1970-01-01T00:00:00+00:00]> : <class 'arrow.arrow.Arrow'>
time6 = <Arrow [1970-01-01T00:00:00+00:00]> : <class 'arrow.arrow.Arrow'>
==================================================
time1 = time4.replace(minutes=val8)                                     # STEP 41
ACTION: time1 = time4.replace(minutes=val8) 
val8 = 0 : <type 'int'>
time4 = <Arrow [1969-12-31T23:59:59+00:00]> : <class 'arrow.arrow.Arrow'>
time1 = <Arrow [1970-01-01T00:00:00+00:00]> : <class 'arrow.arrow.Arrow'>
=> time1 = <Arrow [1969-12-31T23:59:59+00:00]> : <class 'arrow.arrow.Arrow'>
==================================================
time7 = time8.replace(minutes=val2)                                     # STEP 42
ACTION: time7 = time8.replace(minutes=val2) 
val2 = -1 : <type 'int'>
time8 = <Arrow [1970-01-01T00:00:00+00:00]> : <class 'arrow.arrow.Arrow'>
time7 = <Arrow [1970-01-01T00:00:00+00:00]> : <class 'arrow.arrow.Arrow'>
=> time7 = <Arrow [1969-12-31T23:59:00+00:00]> : <class 'arrow.arrow.Arrow'>
==================================================
time4 = time6.replace(minutes=val9)                                     # STEP 43
ACTION: time4 = time6.replace(minutes=val9) 
val9 = 0 : <type 'int'>
time6 = <Arrow [1970-01-01T00:00:00+00:00]> : <class 'arrow.arrow.Arrow'>
time4 = <Arrow [1969-12-31T23:59:59+00:00]> : <class 'arrow.arrow.Arrow'>
=> time4 = <Arrow [1970-01-01T00:00:00+00:00]> : <class 'arrow.arrow.Arrow'>
==================================================
locale1 =  u'sk_sk'                                                     # STEP 44
ACTION: locale1 =  u'sk_sk' 
locale1 = u'fr_fr' : <type 'unicode'>
=> locale1 = u'sk_sk' : <type 'unicode'>
==================================================
time8 = time0.replace(minutes=val6)                                     # STEP 45
ACTION: time8 = time0.replace(minutes=val6) 
val6 = 1 : <type 'int'>
time0 = <Arrow [1969-12-31T23:59:59+00:00]> : <class 'arrow.arrow.Arrow'>
time8 = <Arrow [1970-01-01T00:00:00+00:00]> : <class 'arrow.arrow.Arrow'>
=> time8 = <Arrow [1970-01-01T00:00:59+00:00]> : <class 'arrow.arrow.Arrow'>
==================================================
time9 = time1.replace(minutes=val1)                                     # STEP 46
ACTION: time9 = time1.replace(minutes=val1) 
val1 = 0 : <type 'int'>
time1 = <Arrow [1969-12-31T23:59:59+00:00]> : <class 'arrow.arrow.Arrow'>
time9 = <Arrow [1969-12-31T23:59:59+00:00]> : <class 'arrow.arrow.Arrow'>
==================================================
time6 = time5.replace(year=val6)                                        # STEP 47
ACTION: time6 = time5.replace(year=val6) 
val6 = 1 : <type 'int'>
time5 = <Arrow [1970-01-01T00:00:00+00:00]> : <class 'arrow.arrow.Arrow'>
time6 = <Arrow [1970-01-01T00:00:00+00:00]> : <class 'arrow.arrow.Arrow'>
=> time6 = <Arrow [0001-01-01T00:00:00+00:00]> : <class 'arrow.arrow.Arrow'>
==================================================
time5 = time9.replace(minutes=val8)                                     # STEP 48
ACTION: time5 = time9.replace(minutes=val8) 
val8 = 0 : <type 'int'>
time9 = <Arrow [1969-12-31T23:59:59+00:00]> : <class 'arrow.arrow.Arrow'>
time5 = <Arrow [1970-01-01T00:00:00+00:00]> : <class 'arrow.arrow.Arrow'>
=> time5 = <Arrow [1969-12-31T23:59:59+00:00]> : <class 'arrow.arrow.Arrow'>
==================================================
time6.humanize(locale=locale2)                                          # STEP 49
ACTION: time6.humanize(locale=locale2) 
locale2 = u'en_gb' : <type 'unicode'>
time6 = <Arrow [0001-01-01T00:00:00+00:00]> : <class 'arrow.arrow.Arrow'>
==================================================
time9 = time2.replace(minutes=val2)                                     # STEP 50
ACTION: time9 = time2.replace(minutes=val2) 
val2 = -1 : <type 'int'>
time2 = <Arrow [1970-01-01T00:00:00+00:00]> : <class 'arrow.arrow.Arrow'>
time9 = <Arrow [1969-12-31T23:59:59+00:00]> : <class 'arrow.arrow.Arrow'>
=> time9 = <Arrow [1969-12-31T23:59:00+00:00]> : <class 'arrow.arrow.Arrow'>
==================================================
time2 = time6.replace(minutes=val2)                                     # STEP 51
ACTION: time2 = time6.replace(minutes=val2) 
val2 = -1 : <type 'int'>
time6 = <Arrow [0001-01-01T00:00:00+00:00]> : <class 'arrow.arrow.Arrow'>
time2 = <Arrow [1970-01-01T00:00:00+00:00]> : <class 'arrow.arrow.Arrow'>
RAISED EXCEPTION: <type 'exceptions.OverflowError'> date value out of range
ERROR: (<type 'exceptions.OverflowError'>, OverflowError('date value out of range',), <traceback object at 0x109b66d40>)
TRACEBACK:
  File "/Users/alex/tstl/examples/arrow/sut.py", line 405705, in safely
    act[2]()
  File "/Users/alex/tstl/examples/arrow/sut.py", line 202015, in act4517
    self.p_time[2] = self.p_time[6].replace(minutes=self.p_val[2])
  File "/Library/Frameworks/Python.framework/Versions/2.7/lib/python2.7/site-packages/arrow/arrow.py", line 429, in replace
    current += relativedelta(**relative_kwargs) # TODO: DEPRECATED
  File "/Library/Frameworks/Python.framework/Versions/2.7/lib/python2.7/site-packages/dateutil/relativedelta.py", line 391, in __radd__
    return self.__add__(other)
  File "/Library/Frameworks/Python.framework/Versions/2.7/lib/python2.7/site-packages/dateutil/relativedelta.py", line 378, in __add__
    microseconds=self.microseconds))
FAILURE IS NEW, STORING; NOW 3 DISTINCT FAILURES
STOPPING TEST DUE TO TIMEOUT, TERMINATED AT LENGTH 2
STOPPING TESTING DUE TO TIMEOUT
22.0971563981 PERCENT COVERED
60.1993041039 TOTAL RUNTIME
442 EXECUTED
43969 TOTAL TEST OPERATIONS
29.2853674889 TIME SPENT EXECUTING TEST OPERATIONS
28.2728490829 TIME SPENT EVALUATING GUARDS AND CHOOSING ACTIONS
0.0279874801636 TIME SPENT CHECKING PROPERTIES
29.313354969 TOTAL TIME SPENT RUNNING SUT
0.256869316101 TIME SPENT RESTARTING
0.0 TIME SPENT REDUCING TEST CASES
3 FAILED
0 REPEATS OF FAILURES
3 ACTUAL DISTINCT FAILURES

FAILURE 0
locale3 =  u'bn_in'                                                      # STEP 0
locale4 =  u'fr'                                                         # STEP 1
val3 = 0                                                                 # STEP 2
locale2 =  u'nl_nl'                                                      # STEP 3
locale0 =  u'pt'                                                         # STEP 4
zone4 = 'US/Eastern'                                                     # STEP 5
locale1 =  u'sk'                                                         # STEP 6
zone1 = 'Europe/Rome'                                                    # STEP 7
zone0 = 'Australia/Brisbane'                                             # STEP 8
val3 += 1                                                                # STEP 9
zone3 = 'Asia/Samarkand'                                                # STEP 10
zone2 = 'US/Pacific'                                                    # STEP 11
time3 = arrow.get(val3)                                                 # STEP 12
time1 = time3.to(zone3)                                                 # STEP 13
time4 = time1.replace(seconds=val3)                                     # STEP 14
time5 = time1.replace(seconds=val3)                                     # STEP 15
time3 = time4.replace(tzinfo=zone4)                                     # STEP 16
time7 = time3.replace(year=val3)                                        # STEP 17
time8 = time3.to(zone4)                                                 # STEP 18
time0 = time1.to(zone3)                                                 # STEP 19
time4 = time0.replace(seconds=val3)                                     # STEP 20
time2 = time5.replace(tzinfo=zone1)                                     # STEP 21
time6 = time2.replace(tzinfo=zone3)                                     # STEP 22
time2 = time0.replace(tzinfo=zone0)                                     # STEP 23
time9 = time3.replace(month=val3)                                       # STEP 24
zone1 = 'US/Pacific'                                                    # STEP 25
time3 = time3.to(zone0)                                                 # STEP 26
time1 = time6.replace(tzinfo=zone2)                                     # STEP 27
time0 = time1.to(zone1)                                                 # STEP 28
time5 = time2.replace(tzinfo=zone4)                                     # STEP 29
time1 = time4.to(zone3)                                                 # STEP 30
time4 = time4.replace(year=val3)                                        # STEP 31
time2 = time9.replace(month=val3)                                       # STEP 32
time6 = time2.replace(tzinfo=zone0)                                     # STEP 33
time2 = time0.to(zone3)                                                 # STEP 34
time0 = time2.to(zone4)                                                 # STEP 35
time2 = time4.to(zone2)                                                 # STEP 36
ERROR: (<type 'exceptions.OverflowError'>, OverflowError('date value out of range',), <traceback object at 0x109928ef0>)
TRACEBACK:
  File "/Users/alex/tstl/examples/arrow/sut.py", line 405705, in safely
    act[2]()
  File "/Users/alex/tstl/examples/arrow/sut.py", line 24915, in act727
    self.p_time[2] = self.p_time[4].to(self.p_zone[2])
  File "/Library/Frameworks/Python.framework/Versions/2.7/lib/python2.7/site-packages/arrow/arrow.py", line 510, in to
    dt = self._datetime.astimezone(tz)
  File "/Library/Frameworks/Python.framework/Versions/2.7/lib/python2.7/site-packages/dateutil/tz/tz.py", line 667, in fromutc
    dt_out = dt + datetime.timedelta(seconds=tti.offset)
FAILURE 1
zone3 = 'US/Mountain'                                                    # STEP 0
time2 = arrow.now()                                                      # STEP 1
time5 = arrow.now()                                                      # STEP 2
time7 = time2.to(zone3)                                                  # STEP 3
time3 = time2.to(zone3)                                                  # STEP 4
time5.format()                                                           # STEP 5
zone4 = 'US/Pacific'                                                     # STEP 6
time4 = time5.to(zone3)                                                  # STEP 7
time5.format()                                                           # STEP 8
time5 = time3.to(zone3)                                                  # STEP 9
time1 = time2.to(zone3)                                                 # STEP 10
zone1 = 'Australia/Brisbane'                                            # STEP 11
time5.format()                                                          # STEP 12
time3 = time7.to(zone1)                                                 # STEP 13
time2 = time4.to(zone3)                                                 # STEP 14
time9 = time4.to(zone1)                                                 # STEP 15
time9.format()                                                          # STEP 16
time8 = time5.to(zone3)                                                 # STEP 17
time1.format()                                                          # STEP 18
time7 = time8.to(zone3)                                                 # STEP 19
time9.format()                                                          # STEP 20
zone3 = 'Australia/Brisbane'                                            # STEP 21
time2.format()                                                          # STEP 22
time0 = time5.to(zone3)                                                 # STEP 23
time4 = time9.to(zone3)                                                 # STEP 24
time8 = time3.to(zone3)                                                 # STEP 25
time5 = time7.to(zone4)                                                 # STEP 26
time2 = time8.to(zone4)                                                 # STEP 27
time8 = time2.to(zone4)                                                 # STEP 28
time9 = time0.to(zone4)                                                 # STEP 29
val7 = 0                                                                # STEP 30
time0 = time5.to(zone4)                                                 # STEP 31
time6 = time2.to(zone1)                                                 # STEP 32
time3 = time0.replace(seconds=val7)                                     # STEP 33
val7 += 1                                                               # STEP 34
time1 = time9.replace(minutes=val7)                                     # STEP 35
time0 = time2.to(zone4)                                                 # STEP 36
time9 = arrow.get(val7)                                                 # STEP 37
time7 = time4.replace(seconds=val7)                                     # STEP 38
time5.shift(hours=val7)                                                 # STEP 39
time4 = time6.replace(year=val7)                                        # STEP 40
time5 = time3.replace(year=val7)                                        # STEP 41
time3 = time4.replace(minutes=val7)                                     # STEP 42
zone4 = 'Asia/Samarkand'                                                # STEP 43
time5.shift(weeks=val7)                                                 # STEP 44
time2 = time3.replace(minutes=val7)                                     # STEP 45
time6 = time9.to(zone3)                                                 # STEP 46
time4 = time2.to(zone1)                                                 # STEP 47
zone1 = 'Africa/Cairo'                                                  # STEP 48
time5 = time9.to(zone3)                                                 # STEP 49
time9 = time4.to(zone3)                                                 # STEP 50
time0.shift(weeks=val7)                                                 # STEP 51
time0 = time2.replace(seconds=val7)                                     # STEP 52
time2 = time6.to(zone1)                                                 # STEP 53
time3 = time0.replace(year=val7)                                        # STEP 54
time0 = time2.to(zone1)                                                 # STEP 55
time2 = time7.replace(minutes=val7)                                     # STEP 56
time6 = time3.replace(year=val7)                                        # STEP 57
time5.shift(weeks=val7)                                                 # STEP 58
time8.datetime                                                          # STEP 59
time4 = time5.replace(year=val7)                                        # STEP 60
zone3 = 'US/Mountain'                                                   # STEP 61
time1.shift(hours=val7)                                                 # STEP 62
time8 = time6.replace(minutes=val7)                                     # STEP 63
val3 = 0                                                                # STEP 64
time6.shift(hours=val7)                                                 # STEP 65
time1 = time4.to(zone1)                                                 # STEP 66
time3 = time0.to(zone1)                                                 # STEP 67
time4 = time5.to(zone3)                                                 # STEP 68
time5 = time5.replace(year=val7)                                        # STEP 69
zone0 = 'US/Mountain'                                                   # STEP 70
time7 = time3.replace(seconds=val3)                                     # STEP 71
time8.datetime                                                          # STEP 72
time6 = time3.to(zone3)                                                 # STEP 73
time0 = time1.to(zone1)                                                 # STEP 74
zone1 = 'US/Pacific'                                                    # STEP 75
time8 = time1.to(zone4)                                                 # STEP 76
time1 = time0.to(zone0)                                                 # STEP 77
ERROR: (<type 'exceptions.OverflowError'>, OverflowError('date value out of range',), <traceback object at 0x109a70ef0>)
TRACEBACK:
  File "/Users/alex/tstl/examples/arrow/sut.py", line 405705, in safely
    act[2]()
  File "/Users/alex/tstl/examples/arrow/sut.py", line 21663, in act655
    self.p_time[1] = self.p_time[0].to(self.p_zone[0])
  File "/Library/Frameworks/Python.framework/Versions/2.7/lib/python2.7/site-packages/arrow/arrow.py", line 510, in to
    dt = self._datetime.astimezone(tz)
  File "/Library/Frameworks/Python.framework/Versions/2.7/lib/python2.7/site-packages/dateutil/tz/tz.py", line 667, in fromutc
    dt_out = dt + datetime.timedelta(seconds=tti.offset)
FAILURE 2
locale3 =  u'zh_tw'                                                      # STEP 0
locale1 =  u'ja_jp'                                                      # STEP 1
locale2 =  u'en_gb'                                                      # STEP 2
locale4 =  u'de_de'                                                      # STEP 3
locale0 =  u'hu'                                                         # STEP 4
val1 = 0                                                                 # STEP 5
val9 = 0                                                                 # STEP 6
val2 = 0                                                                 # STEP 7
zone2 = 'US/Pacific'                                                     # STEP 8
val2 -= 1                                                                # STEP 9
time0 = arrow.get(val2)                                                 # STEP 10
time9 = arrow.get(val1)                                                 # STEP 11
time7 = time9.replace(minutes=val9)                                     # STEP 12
time3 = time9.replace(minutes=val9)                                     # STEP 13
time3.year                                                              # STEP 14
time9 = time0.replace(minutes=val9)                                     # STEP 15
time3 = time0.replace(minutes=val2)                                     # STEP 16
time0.shift(seconds=val1)                                               # STEP 17
zone1 = 'Singapore'                                                     # STEP 18
time7.shift(seconds=val2)                                               # STEP 19
time6 = time7.replace(minutes=val9)                                     # STEP 20
time7 = time7.replace(minutes=val1)                                     # STEP 21
time3.humanize(locale=locale0)                                          # STEP 22
locale0 =  u'ro_ro'                                                     # STEP 23
time3 = time7.replace(minutes=val1)                                     # STEP 24
val8 = 0                                                                # STEP 25
time9.shift(seconds=val2)                                               # STEP 26
time9.year                                                              # STEP 27
time1 = time3.replace(minutes=val9)                                     # STEP 28
time0.humanize(locale=locale1)                                          # STEP 29
val6 = 0                                                                # STEP 30
locale1 =  u'fr_fr'                                                     # STEP 31
time3 = time3.replace(minutes=val1)                                     # STEP 32
time4 = time9.replace(minutes=val6)                                     # STEP 33
time2 = time1.replace(minutes=val1)                                     # STEP 34
time0 = time0.replace(minutes=val6)                                     # STEP 35
val6 += 1                                                               # STEP 36
time5 = time6.replace(minutes=val9)                                     # STEP 37
time8 = time1.replace(minutes=val8)                                     # STEP 38
time6.humanize(locale=locale1)                                          # STEP 39
time6 = time5.replace(minutes=val8)                                     # STEP 40
time1 = time4.replace(minutes=val8)                                     # STEP 41
time7 = time8.replace(minutes=val2)                                     # STEP 42
time4 = time6.replace(minutes=val9)                                     # STEP 43
locale1 =  u'sk_sk'                                                     # STEP 44
time8 = time0.replace(minutes=val6)                                     # STEP 45
time9 = time1.replace(minutes=val1)                                     # STEP 46
time6 = time5.replace(year=val6)                                        # STEP 47
time5 = time9.replace(minutes=val8)                                     # STEP 48
time6.humanize(locale=locale2)                                          # STEP 49
time9 = time2.replace(minutes=val2)                                     # STEP 50
time2 = time6.replace(minutes=val2)                                     # STEP 51
ERROR: (<type 'exceptions.OverflowError'>, OverflowError('date value out of range',), <traceback object at 0x109b66d40>)
TRACEBACK:
  File "/Users/alex/tstl/examples/arrow/sut.py", line 405705, in safely
    act[2]()
  File "/Users/alex/tstl/examples/arrow/sut.py", line 202015, in act4517
    self.p_time[2] = self.p_time[6].replace(minutes=self.p_val[2])
  File "/Library/Frameworks/Python.framework/Versions/2.7/lib/python2.7/site-packages/arrow/arrow.py", line 429, in replace
    current += relativedelta(**relative_kwargs) # TODO: DEPRECATED
  File "/Library/Frameworks/Python.framework/Versions/2.7/lib/python2.7/site-packages/dateutil/relativedelta.py", line 391, in __radd__
    return self.__add__(other)
  File "/Library/Frameworks/Python.framework/Versions/2.7/lib/python2.7/site-packages/dateutil/relativedelta.py", line 378, in __add__
    microseconds=self.microseconds))
340 BRANCHES COVERED
254 STATEMENTS COVERED
