Random testing using config=Config(noExceptionMatch=False, generalize=False, localize=False, speed='FAST', probs=None, LOCBaseline=0.2, noAlphaConvert=False, replayable=False, essentials=False, noCoverageExploit=False, quickTests=False, html=None, keepLast=False, stopWhenNoCoverage=None, generateLOC=None, computeFeatureStats=False, Pmutate=0.0, timeout=60, output='failure.14723.test', markov=None, noSwarmDependencies=False, startExploit=0.0, maxMustHitBranch=None, useHints=False, silentFail=False, highLowSwarm=None, maxMustHitStatement=None, progress=False, postCover=False, swarmLength=None, noCover=False, noEnumerateEnabled=False, full=True, swarmP=0.5, coverFile='coverage.out', markovP=1.0, swarmProbs=None, genDepth=None, exploitCeiling=0.1, logging=None, noCheck=False, throughput=False, uncaught=False, swarmSwitch=None, verbose=False, reducePool=False, exploit=None, fastQuickAnalysis=False, total=False, verboseExploit=False, swarm=True, sequenceP=1.0, biasLOC=None, timedProgress=30, relax=False, ddmin=False, stutter=None, readQuick=False, verboseActions=False, quickAnalysis=False, noReassign=False, sequenceSize=3, LOCProbs=False, sequencesFromTests=None, maxTests=-1, trackMaxCoverage=None, useQuickSequences=False, exploitBestHint=1, failedLogging=None, stopWhenStatements=None, greedyStutter=False, seed=None, stopWhenHitStatement=None, uniqueValuesAnalysis=False, normalize=False, startExploitStall=0, enumerateEnabled=False, internal=False, profile=False, multiple=True, stopWhenBranches=None, running=False, compareFails=False, Pcrossover=0.2, stopWhenHitBranch=None, depth=100, showActions=False)
UNCAUGHT EXCEPTION
ERROR: (<type 'exceptions.OverflowError'>, OverflowError('date value out of range',), <traceback object at 0x108cbfb00>)
TRACEBACK:
  File "/Users/alex/tstl/examples/arrow/sut.py", line 405705, in safely
    act[2]()
  File "/Users/alex/tstl/examples/arrow/sut.py", line 40145, in act1062
    self.p_time[9] = self.p_time[1].to(self.p_zone[2])
  File "/Library/Frameworks/Python.framework/Versions/2.7/lib/python2.7/site-packages/arrow/arrow.py", line 510, in to
    dt = self._datetime.astimezone(tz)
  File "/Library/Frameworks/Python.framework/Versions/2.7/lib/python2.7/site-packages/dateutil/tz/tz.py", line 667, in fromutc
    dt_out = dt + datetime.timedelta(seconds=tti.offset)
Original test has 93 steps

SAVING TEST AS failure.14723.test.0
FINAL VERSION OF TEST, WITH LOGGED REPLAY:
locale2 =  u'eo'                                                         # STEP 0
ACTION: locale2 =  u'eo' 
locale2 = None : <type 'NoneType'>
=> locale2 = u'eo' : <type 'unicode'>
==================================================
locale4 =  u'vi_vn'                                                      # STEP 1
ACTION: locale4 =  u'vi_vn' 
locale4 = None : <type 'NoneType'>
=> locale4 = u'vi_vn' : <type 'unicode'>
==================================================
locale0 =  u'sk_sk'                                                      # STEP 2
ACTION: locale0 =  u'sk_sk' 
locale0 = None : <type 'NoneType'>
=> locale0 = u'sk_sk' : <type 'unicode'>
==================================================
locale3 =  u'el_gr'                                                      # STEP 3
ACTION: locale3 =  u'el_gr' 
locale3 = None : <type 'NoneType'>
=> locale3 = u'el_gr' : <type 'unicode'>
==================================================
val5 = 0                                                                 # STEP 4
ACTION: val5 = 0 
val5 = None : <type 'NoneType'>
=> val5 = 0 : <type 'int'>
==================================================
zone3 = 'Australia/Brisbane'                                             # STEP 5
ACTION: zone3 = 'Australia/Brisbane'  
zone3 = None : <type 'NoneType'>
=> zone3 = 'Australia/Brisbane' : <type 'str'>
==================================================
val5 += 1                                                                # STEP 6
ACTION: val5 += 1 
val5 = 0 : <type 'int'>
=> val5 = 1 : <type 'int'>
==================================================
locale1 =  u'bn_in'                                                      # STEP 7
ACTION: locale1 =  u'bn_in' 
locale1 = None : <type 'NoneType'>
=> locale1 = u'bn_in' : <type 'unicode'>
==================================================
time7 = arrow.now()                                                      # STEP 8
ACTION: time7 = arrow.now() 
time7 = None : <type 'NoneType'>
=> time7 = <Arrow [2017-11-21T17:56:07.921558-08:00]> : <class 'arrow.arrow.Arrow'>
==================================================
zone4 = 'Asia/Samarkand'                                                 # STEP 9
ACTION: zone4 = 'Asia/Samarkand'  
zone4 = None : <type 'NoneType'>
=> zone4 = 'Asia/Samarkand' : <type 'str'>
==================================================
time1 = time7.to(zone4)                                                 # STEP 10
ACTION: time1 = time7.to(zone4) 
zone4 = 'Asia/Samarkand' : <type 'str'>
time7 = <Arrow [2017-11-21T17:56:07.921558-08:00]> : <class 'arrow.arrow.Arrow'>
time1 = None : <type 'NoneType'>
=> time1 = <Arrow [2017-11-22T06:56:07.921558+05:00]> : <class 'arrow.arrow.Arrow'>
==================================================
zone0 = 'US/Alaska'                                                     # STEP 11
ACTION: zone0 = 'US/Alaska'  
zone0 = None : <type 'NoneType'>
=> zone0 = 'US/Alaska' : <type 'str'>
==================================================
time7.format()                                                          # STEP 12
ACTION: time7.format() 
time7 = <Arrow [2017-11-21T17:56:07.921558-08:00]> : <class 'arrow.arrow.Arrow'>
==================================================
time8 = arrow.utcnow()                                                  # STEP 13
ACTION: time8 = arrow.utcnow() 
time8 = None : <type 'NoneType'>
=> time8 = <Arrow [2017-11-22T01:56:07.924816+00:00]> : <class 'arrow.arrow.Arrow'>
==================================================
time6 = time7.to(zone0)                                                 # STEP 14
ACTION: time6 = time7.to(zone0) 
zone0 = 'US/Alaska' : <type 'str'>
time7 = <Arrow [2017-11-21T17:56:07.921558-08:00]> : <class 'arrow.arrow.Arrow'>
time6 = None : <type 'NoneType'>
=> time6 = <Arrow [2017-11-21T16:56:07.921558-09:00]> : <class 'arrow.arrow.Arrow'>
==================================================
zone4 = 'Poland'                                                        # STEP 15
ACTION: zone4 = 'Poland'  
zone4 = 'Asia/Samarkand' : <type 'str'>
=> zone4 = 'Poland' : <type 'str'>
==================================================
val8 = 0                                                                # STEP 16
ACTION: val8 = 0 
val8 = None : <type 'NoneType'>
=> val8 = 0 : <type 'int'>
==================================================
time4 = time8.to(zone4)                                                 # STEP 17
ACTION: time4 = time8.to(zone4) 
zone4 = 'Poland' : <type 'str'>
time8 = <Arrow [2017-11-22T01:56:07.924816+00:00]> : <class 'arrow.arrow.Arrow'>
time4 = None : <type 'NoneType'>
=> time4 = <Arrow [2017-11-22T02:56:07.924816+01:00]> : <class 'arrow.arrow.Arrow'>
==================================================
time0 = arrow.get(val8)                                                 # STEP 18
ACTION: time0 = arrow.get(val8) 
val8 = 0 : <type 'int'>
time0 = None : <type 'NoneType'>
=> time0 = <Arrow [1970-01-01T00:00:00+00:00]> : <class 'arrow.arrow.Arrow'>
==================================================
time6.humanize(locale=locale4)                                          # STEP 19
ACTION: time6.humanize(locale=locale4) 
locale4 = u'vi_vn' : <type 'unicode'>
time6 = <Arrow [2017-11-21T16:56:07.921558-09:00]> : <class 'arrow.arrow.Arrow'>
==================================================
time5 = time4.to(zone0)                                                 # STEP 20
ACTION: time5 = time4.to(zone0) 
zone0 = 'US/Alaska' : <type 'str'>
time4 = <Arrow [2017-11-22T02:56:07.924816+01:00]> : <class 'arrow.arrow.Arrow'>
time5 = None : <type 'NoneType'>
=> time5 = <Arrow [2017-11-21T16:56:07.924816-09:00]> : <class 'arrow.arrow.Arrow'>
==================================================
time2 = arrow.get(val5)                                                 # STEP 21
ACTION: time2 = arrow.get(val5) 
val5 = 1 : <type 'int'>
time2 = None : <type 'NoneType'>
=> time2 = <Arrow [1970-01-01T00:00:01+00:00]> : <class 'arrow.arrow.Arrow'>
==================================================
time6 = time4.to(zone3)                                                 # STEP 22
ACTION: time6 = time4.to(zone3) 
zone3 = 'Australia/Brisbane' : <type 'str'>
time4 = <Arrow [2017-11-22T02:56:07.924816+01:00]> : <class 'arrow.arrow.Arrow'>
time6 = <Arrow [2017-11-21T16:56:07.921558-09:00]> : <class 'arrow.arrow.Arrow'>
=> time6 = <Arrow [2017-11-22T11:56:07.924816+10:00]> : <class 'arrow.arrow.Arrow'>
==================================================
time7.humanize(locale=locale2)                                          # STEP 23
ACTION: time7.humanize(locale=locale2) 
locale2 = u'eo' : <type 'unicode'>
time7 = <Arrow [2017-11-21T17:56:07.921558-08:00]> : <class 'arrow.arrow.Arrow'>
==================================================
zone0 = 'Poland'                                                        # STEP 24
ACTION: zone0 = 'Poland'  
zone0 = 'US/Alaska' : <type 'str'>
=> zone0 = 'Poland' : <type 'str'>
==================================================
time8 = arrow.utcnow()                                                  # STEP 25
ACTION: time8 = arrow.utcnow() 
time8 = <Arrow [2017-11-22T01:56:07.924816+00:00]> : <class 'arrow.arrow.Arrow'>
=> time8 = <Arrow [2017-11-22T01:56:07.934448+00:00]> : <class 'arrow.arrow.Arrow'>
==================================================
time9 = time0.to(zone3)                                                 # STEP 26
ACTION: time9 = time0.to(zone3) 
zone3 = 'Australia/Brisbane' : <type 'str'>
time0 = <Arrow [1970-01-01T00:00:00+00:00]> : <class 'arrow.arrow.Arrow'>
time9 = None : <type 'NoneType'>
=> time9 = <Arrow [1970-01-01T10:00:00+10:00]> : <class 'arrow.arrow.Arrow'>
==================================================
locale2 =  u'mr'                                                        # STEP 27
ACTION: locale2 =  u'mr' 
locale2 = u'eo' : <type 'unicode'>
=> locale2 = u'mr' : <type 'unicode'>
==================================================
time0 = time4.to(zone3)                                                 # STEP 28
ACTION: time0 = time4.to(zone3) 
zone3 = 'Australia/Brisbane' : <type 'str'>
time4 = <Arrow [2017-11-22T02:56:07.924816+01:00]> : <class 'arrow.arrow.Arrow'>
time0 = <Arrow [1970-01-01T00:00:00+00:00]> : <class 'arrow.arrow.Arrow'>
=> time0 = <Arrow [2017-11-22T11:56:07.924816+10:00]> : <class 'arrow.arrow.Arrow'>
==================================================
time3 = time9.replace(year=val5)                                        # STEP 29
ACTION: time3 = time9.replace(year=val5) 
val5 = 1 : <type 'int'>
time9 = <Arrow [1970-01-01T10:00:00+10:00]> : <class 'arrow.arrow.Arrow'>
time3 = None : <type 'NoneType'>
=> time3 = <Arrow [0001-01-01T10:00:00+10:00]> : <class 'arrow.arrow.Arrow'>
==================================================
locale4 =  u'bg'                                                        # STEP 30
ACTION: locale4 =  u'bg' 
locale4 = u'vi_vn' : <type 'unicode'>
=> locale4 = u'bg' : <type 'unicode'>
==================================================
zone4 = 'US/Arizona'                                                    # STEP 31
ACTION: zone4 = 'US/Arizona'  
zone4 = 'Poland' : <type 'str'>
=> zone4 = 'US/Arizona' : <type 'str'>
==================================================
time6.humanize(locale=locale0)                                          # STEP 32
ACTION: time6.humanize(locale=locale0) 
locale0 = u'sk_sk' : <type 'unicode'>
time6 = <Arrow [2017-11-22T11:56:07.924816+10:00]> : <class 'arrow.arrow.Arrow'>
==================================================
time3.humanize(locale=locale4)                                          # STEP 33
ACTION: time3.humanize(locale=locale4) 
locale4 = u'bg' : <type 'unicode'>
time3 = <Arrow [0001-01-01T10:00:00+10:00]> : <class 'arrow.arrow.Arrow'>
==================================================
time4 = time4.to(zone3)                                                 # STEP 34
ACTION: time4 = time4.to(zone3) 
zone3 = 'Australia/Brisbane' : <type 'str'>
time4 = <Arrow [2017-11-22T02:56:07.924816+01:00]> : <class 'arrow.arrow.Arrow'>
=> time4 = <Arrow [2017-11-22T11:56:07.924816+10:00]> : <class 'arrow.arrow.Arrow'>
==================================================
time9 = time7.to(zone4)                                                 # STEP 35
ACTION: time9 = time7.to(zone4) 
zone4 = 'US/Arizona' : <type 'str'>
time7 = <Arrow [2017-11-21T17:56:07.921558-08:00]> : <class 'arrow.arrow.Arrow'>
time9 = <Arrow [1970-01-01T10:00:00+10:00]> : <class 'arrow.arrow.Arrow'>
=> time9 = <Arrow [2017-11-21T18:56:07.921558-07:00]> : <class 'arrow.arrow.Arrow'>
==================================================
time1.format()                                                          # STEP 36
ACTION: time1.format() 
time1 = <Arrow [2017-11-22T06:56:07.921558+05:00]> : <class 'arrow.arrow.Arrow'>
==================================================
locale0 =  u'sv'                                                        # STEP 37
ACTION: locale0 =  u'sv' 
locale0 = u'sk_sk' : <type 'unicode'>
=> locale0 = u'sv' : <type 'unicode'>
==================================================
time1.humanize(locale=locale0)                                          # STEP 38
ACTION: time1.humanize(locale=locale0) 
locale0 = u'sv' : <type 'unicode'>
time1 = <Arrow [2017-11-22T06:56:07.921558+05:00]> : <class 'arrow.arrow.Arrow'>
==================================================
time1 = time2.replace(year=val5)                                        # STEP 39
ACTION: time1 = time2.replace(year=val5) 
val5 = 1 : <type 'int'>
time2 = <Arrow [1970-01-01T00:00:01+00:00]> : <class 'arrow.arrow.Arrow'>
time1 = <Arrow [2017-11-22T06:56:07.921558+05:00]> : <class 'arrow.arrow.Arrow'>
=> time1 = <Arrow [0001-01-01T00:00:01+00:00]> : <class 'arrow.arrow.Arrow'>
==================================================
time7 = time6.to(zone0)                                                 # STEP 40
ACTION: time7 = time6.to(zone0) 
zone0 = 'Poland' : <type 'str'>
time6 = <Arrow [2017-11-22T11:56:07.924816+10:00]> : <class 'arrow.arrow.Arrow'>
time7 = <Arrow [2017-11-21T17:56:07.921558-08:00]> : <class 'arrow.arrow.Arrow'>
=> time7 = <Arrow [2017-11-22T02:56:07.924816+01:00]> : <class 'arrow.arrow.Arrow'>
==================================================
time3 = time8.to(zone4)                                                 # STEP 41
ACTION: time3 = time8.to(zone4) 
zone4 = 'US/Arizona' : <type 'str'>
time8 = <Arrow [2017-11-22T01:56:07.934448+00:00]> : <class 'arrow.arrow.Arrow'>
time3 = <Arrow [0001-01-01T10:00:00+10:00]> : <class 'arrow.arrow.Arrow'>
=> time3 = <Arrow [2017-11-21T18:56:07.934448-07:00]> : <class 'arrow.arrow.Arrow'>
==================================================
time9.format()                                                          # STEP 42
ACTION: time9.format() 
time9 = <Arrow [2017-11-21T18:56:07.921558-07:00]> : <class 'arrow.arrow.Arrow'>
==================================================
zone3 = 'US/Arizona'                                                    # STEP 43
ACTION: zone3 = 'US/Arizona'  
zone3 = 'Australia/Brisbane' : <type 'str'>
=> zone3 = 'US/Arizona' : <type 'str'>
==================================================
time9.humanize(locale=locale3)                                          # STEP 44
ACTION: time9.humanize(locale=locale3) 
locale3 = u'el_gr' : <type 'unicode'>
time9 = <Arrow [2017-11-21T18:56:07.921558-07:00]> : <class 'arrow.arrow.Arrow'>
==================================================
locale4 =  u'tr'                                                        # STEP 45
ACTION: locale4 =  u'tr' 
locale4 = u'bg' : <type 'unicode'>
=> locale4 = u'tr' : <type 'unicode'>
==================================================
time3.humanize(locale=locale1)                                          # STEP 46
ACTION: time3.humanize(locale=locale1) 
locale1 = u'bn_in' : <type 'unicode'>
time3 = <Arrow [2017-11-21T18:56:07.934448-07:00]> : <class 'arrow.arrow.Arrow'>
==================================================
locale0 =  u'pt_pt'                                                     # STEP 47
ACTION: locale0 =  u'pt_pt' 
locale0 = u'sv' : <type 'unicode'>
=> locale0 = u'pt_pt' : <type 'unicode'>
==================================================
time8 = arrow.get(val8)                                                 # STEP 48
ACTION: time8 = arrow.get(val8) 
val8 = 0 : <type 'int'>
time8 = <Arrow [2017-11-22T01:56:07.934448+00:00]> : <class 'arrow.arrow.Arrow'>
=> time8 = <Arrow [1970-01-01T00:00:00+00:00]> : <class 'arrow.arrow.Arrow'>
==================================================
time6 = time1.replace(year=val5)                                        # STEP 49
ACTION: time6 = time1.replace(year=val5) 
val5 = 1 : <type 'int'>
time1 = <Arrow [0001-01-01T00:00:01+00:00]> : <class 'arrow.arrow.Arrow'>
time6 = <Arrow [2017-11-22T11:56:07.924816+10:00]> : <class 'arrow.arrow.Arrow'>
=> time6 = <Arrow [0001-01-01T00:00:01+00:00]> : <class 'arrow.arrow.Arrow'>
==================================================
zone4 = 'Turkey'                                                        # STEP 50
ACTION: zone4 = 'Turkey'  
zone4 = 'US/Arizona' : <type 'str'>
=> zone4 = 'Turkey' : <type 'str'>
==================================================
time3 = time2.to(zone4)                                                 # STEP 51
ACTION: time3 = time2.to(zone4) 
zone4 = 'Turkey' : <type 'str'>
time2 = <Arrow [1970-01-01T00:00:01+00:00]> : <class 'arrow.arrow.Arrow'>
time3 = <Arrow [2017-11-21T18:56:07.934448-07:00]> : <class 'arrow.arrow.Arrow'>
=> time3 = <Arrow [1970-01-01T02:00:01+02:00]> : <class 'arrow.arrow.Arrow'>
==================================================
locale1 =  u'is_is'                                                     # STEP 52
ACTION: locale1 =  u'is_is' 
locale1 = u'bn_in' : <type 'unicode'>
=> locale1 = u'is_is' : <type 'unicode'>
==================================================
locale3 =  u'rm_ch'                                                     # STEP 53
ACTION: locale3 =  u'rm_ch' 
locale3 = u'el_gr' : <type 'unicode'>
=> locale3 = u'rm_ch' : <type 'unicode'>
==================================================
time2 = time2.to(zone0)                                                 # STEP 54
ACTION: time2 = time2.to(zone0) 
zone0 = 'Poland' : <type 'str'>
time2 = <Arrow [1970-01-01T00:00:01+00:00]> : <class 'arrow.arrow.Arrow'>
=> time2 = <Arrow [1970-01-01T01:00:01+01:00]> : <class 'arrow.arrow.Arrow'>
==================================================
time9 = time9.to(zone3)                                                 # STEP 55
ACTION: time9 = time9.to(zone3) 
zone3 = 'US/Arizona' : <type 'str'>
time9 = <Arrow [2017-11-21T18:56:07.921558-07:00]> : <class 'arrow.arrow.Arrow'>
==================================================
time2.humanize(locale=locale0)                                          # STEP 56
ACTION: time2.humanize(locale=locale0) 
locale0 = u'pt_pt' : <type 'unicode'>
time2 = <Arrow [1970-01-01T01:00:01+01:00]> : <class 'arrow.arrow.Arrow'>
==================================================
locale0 =  u'ro_ro'                                                     # STEP 57
ACTION: locale0 =  u'ro_ro' 
locale0 = u'pt_pt' : <type 'unicode'>
=> locale0 = u'ro_ro' : <type 'unicode'>
==================================================
time2 = time2.to(zone0)                                                 # STEP 58
ACTION: time2 = time2.to(zone0) 
zone0 = 'Poland' : <type 'str'>
time2 = <Arrow [1970-01-01T01:00:01+01:00]> : <class 'arrow.arrow.Arrow'>
==================================================
time0.format()                                                          # STEP 59
ACTION: time0.format() 
time0 = <Arrow [2017-11-22T11:56:07.924816+10:00]> : <class 'arrow.arrow.Arrow'>
==================================================
zone3 = 'Australia/Brisbane'                                            # STEP 60
ACTION: zone3 = 'Australia/Brisbane'  
zone3 = 'US/Arizona' : <type 'str'>
=> zone3 = 'Australia/Brisbane' : <type 'str'>
==================================================
time1 = arrow.now()                                                     # STEP 61
ACTION: time1 = arrow.now() 
time1 = <Arrow [0001-01-01T00:00:01+00:00]> : <class 'arrow.arrow.Arrow'>
=> time1 = <Arrow [2017-11-21T17:56:07.961446-08:00]> : <class 'arrow.arrow.Arrow'>
==================================================
time0 = time7.to(zone0)                                                 # STEP 62
ACTION: time0 = time7.to(zone0) 
zone0 = 'Poland' : <type 'str'>
time7 = <Arrow [2017-11-22T02:56:07.924816+01:00]> : <class 'arrow.arrow.Arrow'>
time0 = <Arrow [2017-11-22T11:56:07.924816+10:00]> : <class 'arrow.arrow.Arrow'>
=> time0 = <Arrow [2017-11-22T02:56:07.924816+01:00]> : <class 'arrow.arrow.Arrow'>
==================================================
time9.humanize(locale=locale3)                                          # STEP 63
ACTION: time9.humanize(locale=locale3) 
locale3 = u'rm_ch' : <type 'unicode'>
time9 = <Arrow [2017-11-21T18:56:07.921558-07:00]> : <class 'arrow.arrow.Arrow'>
==================================================
time4.humanize(locale=locale3)                                          # STEP 64
ACTION: time4.humanize(locale=locale3) 
locale3 = u'rm_ch' : <type 'unicode'>
time4 = <Arrow [2017-11-22T11:56:07.924816+10:00]> : <class 'arrow.arrow.Arrow'>
==================================================
locale3 =  u'mk'                                                        # STEP 65
ACTION: locale3 =  u'mk' 
locale3 = u'rm_ch' : <type 'unicode'>
=> locale3 = u'mk' : <type 'unicode'>
==================================================
val8 += 1                                                               # STEP 66
ACTION: val8 += 1 
val8 = 0 : <type 'int'>
=> val8 = 1 : <type 'int'>
==================================================
time4 = time6.to(zone0)                                                 # STEP 67
ACTION: time4 = time6.to(zone0) 
zone0 = 'Poland' : <type 'str'>
time6 = <Arrow [0001-01-01T00:00:01+00:00]> : <class 'arrow.arrow.Arrow'>
time4 = <Arrow [2017-11-22T11:56:07.924816+10:00]> : <class 'arrow.arrow.Arrow'>
=> time4 = <Arrow [0001-01-01T01:24:01+01:24]> : <class 'arrow.arrow.Arrow'>
==================================================
time7 = time4.replace(year=val8)                                        # STEP 68
ACTION: time7 = time4.replace(year=val8) 
val8 = 1 : <type 'int'>
time4 = <Arrow [0001-01-01T01:24:01+01:24]> : <class 'arrow.arrow.Arrow'>
time7 = <Arrow [2017-11-22T02:56:07.924816+01:00]> : <class 'arrow.arrow.Arrow'>
=> time7 = <Arrow [0001-01-01T01:24:01+01:24]> : <class 'arrow.arrow.Arrow'>
==================================================
zone0 = 'US/Arizona'                                                    # STEP 69
ACTION: zone0 = 'US/Arizona'  
zone0 = 'Poland' : <type 'str'>
=> zone0 = 'US/Arizona' : <type 'str'>
==================================================
time3.humanize(locale=locale1)                                          # STEP 70
ACTION: time3.humanize(locale=locale1) 
locale1 = u'is_is' : <type 'unicode'>
time3 = <Arrow [1970-01-01T02:00:01+02:00]> : <class 'arrow.arrow.Arrow'>
==================================================
time4 = time1.replace(year=val8)                                        # STEP 71
ACTION: time4 = time1.replace(year=val8) 
val8 = 1 : <type 'int'>
time1 = <Arrow [2017-11-21T17:56:07.961446-08:00]> : <class 'arrow.arrow.Arrow'>
time4 = <Arrow [0001-01-01T01:24:01+01:24]> : <class 'arrow.arrow.Arrow'>
=> time4 = <Arrow [0001-11-21T17:56:07.961446-08:00]> : <class 'arrow.arrow.Arrow'>
==================================================
zone4 = 'Europe/Rome'                                                   # STEP 72
ACTION: zone4 = 'Europe/Rome'  
zone4 = 'Turkey' : <type 'str'>
=> zone4 = 'Europe/Rome' : <type 'str'>
==================================================
time9 = time6.replace(year=val5)                                        # STEP 73
ACTION: time9 = time6.replace(year=val5) 
val5 = 1 : <type 'int'>
time6 = <Arrow [0001-01-01T00:00:01+00:00]> : <class 'arrow.arrow.Arrow'>
time9 = <Arrow [2017-11-21T18:56:07.921558-07:00]> : <class 'arrow.arrow.Arrow'>
=> time9 = <Arrow [0001-01-01T00:00:01+00:00]> : <class 'arrow.arrow.Arrow'>
==================================================
time1 = arrow.get(val5)                                                 # STEP 74
ACTION: time1 = arrow.get(val5) 
val5 = 1 : <type 'int'>
time1 = <Arrow [2017-11-21T17:56:07.961446-08:00]> : <class 'arrow.arrow.Arrow'>
=> time1 = <Arrow [1970-01-01T00:00:01+00:00]> : <class 'arrow.arrow.Arrow'>
==================================================
time3.humanize(locale=locale2)                                          # STEP 75
ACTION: time3.humanize(locale=locale2) 
locale2 = u'mr' : <type 'unicode'>
time3 = <Arrow [1970-01-01T02:00:01+02:00]> : <class 'arrow.arrow.Arrow'>
==================================================
locale2 =  u'ca_ad'                                                     # STEP 76
ACTION: locale2 =  u'ca_ad' 
locale2 = u'mr' : <type 'unicode'>
=> locale2 = u'ca_ad' : <type 'unicode'>
==================================================
locale1 =  u'tl'                                                        # STEP 77
ACTION: locale1 =  u'tl' 
locale1 = u'is_is' : <type 'unicode'>
=> locale1 = u'tl' : <type 'unicode'>
==================================================
time3 = arrow.get(val5)                                                 # STEP 78
ACTION: time3 = arrow.get(val5) 
val5 = 1 : <type 'int'>
time3 = <Arrow [1970-01-01T02:00:01+02:00]> : <class 'arrow.arrow.Arrow'>
=> time3 = <Arrow [1970-01-01T00:00:01+00:00]> : <class 'arrow.arrow.Arrow'>
==================================================
time1.humanize(locale=locale2)                                          # STEP 79
ACTION: time1.humanize(locale=locale2) 
locale2 = u'ca_ad' : <type 'unicode'>
time1 = <Arrow [1970-01-01T00:00:01+00:00]> : <class 'arrow.arrow.Arrow'>
==================================================
zone2 = 'US/Alaska'                                                     # STEP 80
ACTION: zone2 = 'US/Alaska'  
zone2 = None : <type 'NoneType'>
=> zone2 = 'US/Alaska' : <type 'str'>
==================================================
locale2 =  u'fi_fi'                                                     # STEP 81
ACTION: locale2 =  u'fi_fi' 
locale2 = u'ca_ad' : <type 'unicode'>
=> locale2 = u'fi_fi' : <type 'unicode'>
==================================================
time7.humanize(locale=locale0)                                          # STEP 82
ACTION: time7.humanize(locale=locale0) 
locale0 = u'ro_ro' : <type 'unicode'>
time7 = <Arrow [0001-01-01T01:24:01+01:24]> : <class 'arrow.arrow.Arrow'>
==================================================
time9.datetime                                                          # STEP 83
ACTION: time9.datetime 
time9 = <Arrow [0001-01-01T00:00:01+00:00]> : <class 'arrow.arrow.Arrow'>
==================================================
time7 = time5.to(zone3)                                                 # STEP 84
ACTION: time7 = time5.to(zone3) 
zone3 = 'Australia/Brisbane' : <type 'str'>
time5 = <Arrow [2017-11-21T16:56:07.924816-09:00]> : <class 'arrow.arrow.Arrow'>
time7 = <Arrow [0001-01-01T01:24:01+01:24]> : <class 'arrow.arrow.Arrow'>
=> time7 = <Arrow [2017-11-22T11:56:07.924816+10:00]> : <class 'arrow.arrow.Arrow'>
==================================================
time5 = time1.to(zone0)                                                 # STEP 85
ACTION: time5 = time1.to(zone0) 
zone0 = 'US/Arizona' : <type 'str'>
time1 = <Arrow [1970-01-01T00:00:01+00:00]> : <class 'arrow.arrow.Arrow'>
time5 = <Arrow [2017-11-21T16:56:07.924816-09:00]> : <class 'arrow.arrow.Arrow'>
=> time5 = <Arrow [1969-12-31T17:00:01-07:00]> : <class 'arrow.arrow.Arrow'>
==================================================
locale0 =  u'de_at'                                                     # STEP 86
ACTION: locale0 =  u'de_at' 
locale0 = u'ro_ro' : <type 'unicode'>
=> locale0 = u'de_at' : <type 'unicode'>
==================================================
time1 = time3.replace(year=val5)                                        # STEP 87
ACTION: time1 = time3.replace(year=val5) 
val5 = 1 : <type 'int'>
time3 = <Arrow [1970-01-01T00:00:01+00:00]> : <class 'arrow.arrow.Arrow'>
time1 = <Arrow [1970-01-01T00:00:01+00:00]> : <class 'arrow.arrow.Arrow'>
=> time1 = <Arrow [0001-01-01T00:00:01+00:00]> : <class 'arrow.arrow.Arrow'>
==================================================
time3 = time2.replace(year=val5)                                        # STEP 88
ACTION: time3 = time2.replace(year=val5) 
val5 = 1 : <type 'int'>
time2 = <Arrow [1970-01-01T01:00:01+01:00]> : <class 'arrow.arrow.Arrow'>
time3 = <Arrow [1970-01-01T00:00:01+00:00]> : <class 'arrow.arrow.Arrow'>
=> time3 = <Arrow [0001-01-01T01:00:01+01:24]> : <class 'arrow.arrow.Arrow'>
==================================================
time4.timestamp                                                         # STEP 89
ACTION: time4.timestamp 
time4 = <Arrow [0001-11-21T17:56:07.961446-08:00]> : <class 'arrow.arrow.Arrow'>
==================================================
zone1 = 'Poland'                                                        # STEP 90
ACTION: zone1 = 'Poland'  
zone1 = None : <type 'NoneType'>
=> zone1 = 'Poland' : <type 'str'>
==================================================
time1.datetime                                                          # STEP 91
ACTION: time1.datetime 
time1 = <Arrow [0001-01-01T00:00:01+00:00]> : <class 'arrow.arrow.Arrow'>
==================================================
time9 = time1.to(zone2)                                                 # STEP 92
ACTION: time9 = time1.to(zone2) 
zone2 = 'US/Alaska' : <type 'str'>
time1 = <Arrow [0001-01-01T00:00:01+00:00]> : <class 'arrow.arrow.Arrow'>
time9 = <Arrow [0001-01-01T00:00:01+00:00]> : <class 'arrow.arrow.Arrow'>
RAISED EXCEPTION: <type 'exceptions.OverflowError'> date value out of range
ERROR: (<type 'exceptions.OverflowError'>, OverflowError('date value out of range',), <traceback object at 0x108823248>)
TRACEBACK:
  File "/Users/alex/tstl/examples/arrow/sut.py", line 405705, in safely
    act[2]()
  File "/Users/alex/tstl/examples/arrow/sut.py", line 40145, in act1062
    self.p_time[9] = self.p_time[1].to(self.p_zone[2])
  File "/Library/Frameworks/Python.framework/Versions/2.7/lib/python2.7/site-packages/arrow/arrow.py", line 510, in to
    dt = self._datetime.astimezone(tz)
  File "/Library/Frameworks/Python.framework/Versions/2.7/lib/python2.7/site-packages/dateutil/tz/tz.py", line 667, in fromutc
    dt_out = dt + datetime.timedelta(seconds=tti.offset)
FAILURE IS NEW, STORING; NOW 1 DISTINCT FAILURES
TEST #227 STEP #69 (0:00:30.000838) Tue Nov 21 17:56:36 2017 [ 249 stmts 331 branches ] (no cov+ for 98 tests) 22662 TOTAL ACTIONS (755.378898709/s)
UNCAUGHT EXCEPTION
ERROR: (<type 'exceptions.ValueError'>, ValueError('year is out of range',), <traceback object at 0x109b27830>)
TRACEBACK:
  File "/Users/alex/tstl/examples/arrow/sut.py", line 405705, in safely
    act[2]()
  File "/Users/alex/tstl/examples/arrow/sut.py", line 310037, in act6919
    self.p_time[6].shift(months=self.p_val[4])
  File "/Library/Frameworks/Python.framework/Versions/2.7/lib/python2.7/site-packages/arrow/arrow.py", line 467, in shift
    current = self._datetime + relativedelta(**relative_kwargs)
  File "/Library/Frameworks/Python.framework/Versions/2.7/lib/python2.7/site-packages/dateutil/relativedelta.py", line 391, in __radd__
    return self.__add__(other)
  File "/Library/Frameworks/Python.framework/Versions/2.7/lib/python2.7/site-packages/dateutil/relativedelta.py", line 363, in __add__
    day = min(calendar.monthrange(year, month)[1],
  File "/Library/Frameworks/Python.framework/Versions/2.7/lib/python2.7/calendar.py", line 121, in monthrange
    day1 = weekday(year, month, 1)
  File "/Library/Frameworks/Python.framework/Versions/2.7/lib/python2.7/calendar.py", line 113, in weekday
    return datetime.date(year, month, day).weekday()
Original test has 74 steps

SAVING TEST AS failure.14723.test.1
FINAL VERSION OF TEST, WITH LOGGED REPLAY:
locale3 =  u'tr'                                                         # STEP 0
ACTION: locale3 =  u'tr' 
locale3 = None : <type 'NoneType'>
=> locale3 = u'tr' : <type 'unicode'>
==================================================
locale2 =  u'tl'                                                         # STEP 1
ACTION: locale2 =  u'tl' 
locale2 = None : <type 'NoneType'>
=> locale2 = u'tl' : <type 'unicode'>
==================================================
locale4 =  u'ja_jp'                                                      # STEP 2
ACTION: locale4 =  u'ja_jp' 
locale4 = None : <type 'NoneType'>
=> locale4 = u'ja_jp' : <type 'unicode'>
==================================================
locale0 =  u'ml'                                                         # STEP 3
ACTION: locale0 =  u'ml' 
locale0 = None : <type 'NoneType'>
=> locale0 = u'ml' : <type 'unicode'>
==================================================
zone3 = 'US/Pacific'                                                     # STEP 4
ACTION: zone3 = 'US/Pacific'  
zone3 = None : <type 'NoneType'>
=> zone3 = 'US/Pacific' : <type 'str'>
==================================================
locale1 =  u'ca_ad'                                                      # STEP 5
ACTION: locale1 =  u'ca_ad' 
locale1 = None : <type 'NoneType'>
=> locale1 = u'ca_ad' : <type 'unicode'>
==================================================
val9 = 0                                                                 # STEP 6
ACTION: val9 = 0 
val9 = None : <type 'NoneType'>
=> val9 = 0 : <type 'int'>
==================================================
zone4 = 'US/Eastern'                                                     # STEP 7
ACTION: zone4 = 'US/Eastern'  
zone4 = None : <type 'NoneType'>
=> zone4 = 'US/Eastern' : <type 'str'>
==================================================
time5 = arrow.now(zone4)                                                 # STEP 8
ACTION: time5 = arrow.now(zone4) 
zone4 = 'US/Eastern' : <type 'str'>
time5 = None : <type 'NoneType'>
=> time5 = <Arrow [2017-11-21T20:56:45.809828-05:00]> : <class 'arrow.arrow.Arrow'>
==================================================
val4 = 0                                                                 # STEP 9
ACTION: val4 = 0 
val4 = None : <type 'NoneType'>
=> val4 = 0 : <type 'int'>
==================================================
zone2 = 'Poland'                                                        # STEP 10
ACTION: zone2 = 'Poland'  
zone2 = None : <type 'NoneType'>
=> zone2 = 'Poland' : <type 'str'>
==================================================
val4 -= 1                                                               # STEP 11
ACTION: val4 -= 1 
val4 = 0 : <type 'int'>
=> val4 = -1 : <type 'int'>
==================================================
time0 = arrow.now()                                                     # STEP 12
ACTION: time0 = arrow.now() 
time0 = None : <type 'NoneType'>
=> time0 = <Arrow [2017-11-21T17:56:45.811568-08:00]> : <class 'arrow.arrow.Arrow'>
==================================================
time5.shift(weeks=val9)                                                 # STEP 13
ACTION: time5.shift(weeks=val9) 
val9 = 0 : <type 'int'>
time5 = <Arrow [2017-11-21T20:56:45.809828-05:00]> : <class 'arrow.arrow.Arrow'>
==================================================
val4 += 1                                                               # STEP 14
ACTION: val4 += 1 
val4 = -1 : <type 'int'>
=> val4 = 0 : <type 'int'>
==================================================
time5 = arrow.now()                                                     # STEP 15
ACTION: time5 = arrow.now() 
time5 = <Arrow [2017-11-21T20:56:45.809828-05:00]> : <class 'arrow.arrow.Arrow'>
=> time5 = <Arrow [2017-11-21T17:56:45.813263-08:00]> : <class 'arrow.arrow.Arrow'>
==================================================
zone1 = 'US/Eastern'                                                    # STEP 16
ACTION: zone1 = 'US/Eastern'  
zone1 = None : <type 'NoneType'>
=> zone1 = 'US/Eastern' : <type 'str'>
==================================================
val6 = 0                                                                # STEP 17
ACTION: val6 = 0 
val6 = None : <type 'NoneType'>
=> val6 = 0 : <type 'int'>
==================================================
time0.humanize(locale=locale2)                                          # STEP 18
ACTION: time0.humanize(locale=locale2) 
locale2 = u'tl' : <type 'unicode'>
time0 = <Arrow [2017-11-21T17:56:45.811568-08:00]> : <class 'arrow.arrow.Arrow'>
==================================================
time6 = arrow.get(val4)                                                 # STEP 19
ACTION: time6 = arrow.get(val4) 
val4 = 0 : <type 'int'>
time6 = None : <type 'NoneType'>
=> time6 = <Arrow [1970-01-01T00:00:00+00:00]> : <class 'arrow.arrow.Arrow'>
==================================================
time5.shift(minutes=val9)                                               # STEP 20
ACTION: time5.shift(minutes=val9) 
val9 = 0 : <type 'int'>
time5 = <Arrow [2017-11-21T17:56:45.813263-08:00]> : <class 'arrow.arrow.Arrow'>
==================================================
zone0 = 'US/Pacific'                                                    # STEP 21
ACTION: zone0 = 'US/Pacific'  
zone0 = None : <type 'NoneType'>
=> zone0 = 'US/Pacific' : <type 'str'>
==================================================
time3 = arrow.get(val9)                                                 # STEP 22
ACTION: time3 = arrow.get(val9) 
val9 = 0 : <type 'int'>
time3 = None : <type 'NoneType'>
=> time3 = <Arrow [1970-01-01T00:00:00+00:00]> : <class 'arrow.arrow.Arrow'>
==================================================
locale2 =  u'fa_ir'                                                     # STEP 23
ACTION: locale2 =  u'fa_ir' 
locale2 = u'tl' : <type 'unicode'>
=> locale2 = u'fa_ir' : <type 'unicode'>
==================================================
time8 = arrow.get(val4)                                                 # STEP 24
ACTION: time8 = arrow.get(val4) 
val4 = 0 : <type 'int'>
time8 = None : <type 'NoneType'>
=> time8 = <Arrow [1970-01-01T00:00:00+00:00]> : <class 'arrow.arrow.Arrow'>
==================================================
time0.shift(hours=val6)                                                 # STEP 25
ACTION: time0.shift(hours=val6) 
val6 = 0 : <type 'int'>
time0 = <Arrow [2017-11-21T17:56:45.811568-08:00]> : <class 'arrow.arrow.Arrow'>
==================================================
time2 = arrow.get(val6)                                                 # STEP 26
ACTION: time2 = arrow.get(val6) 
val6 = 0 : <type 'int'>
time2 = None : <type 'NoneType'>
=> time2 = <Arrow [1970-01-01T00:00:00+00:00]> : <class 'arrow.arrow.Arrow'>
==================================================
time8.humanize(locale=locale3)                                          # STEP 27
ACTION: time8.humanize(locale=locale3) 
locale3 = u'tr' : <type 'unicode'>
time8 = <Arrow [1970-01-01T00:00:00+00:00]> : <class 'arrow.arrow.Arrow'>
==================================================
locale3 =  u'nb'                                                        # STEP 28
ACTION: locale3 =  u'nb' 
locale3 = u'tr' : <type 'unicode'>
=> locale3 = u'nb' : <type 'unicode'>
==================================================
time2.shift(hours=val9)                                                 # STEP 29
ACTION: time2.shift(hours=val9) 
val9 = 0 : <type 'int'>
time2 = <Arrow [1970-01-01T00:00:00+00:00]> : <class 'arrow.arrow.Arrow'>
==================================================
time5.humanize(locale=locale4)                                          # STEP 30
ACTION: time5.humanize(locale=locale4) 
locale4 = u'ja_jp' : <type 'unicode'>
time5 = <Arrow [2017-11-21T17:56:45.813263-08:00]> : <class 'arrow.arrow.Arrow'>
==================================================
locale4 =  u'eo'                                                        # STEP 31
ACTION: locale4 =  u'eo' 
locale4 = u'ja_jp' : <type 'unicode'>
=> locale4 = u'eo' : <type 'unicode'>
==================================================
time2.timestamp                                                         # STEP 32
ACTION: time2.timestamp 
time2 = <Arrow [1970-01-01T00:00:00+00:00]> : <class 'arrow.arrow.Arrow'>
==================================================
time0 = arrow.now(zone3)                                                # STEP 33
ACTION: time0 = arrow.now(zone3) 
zone3 = 'US/Pacific' : <type 'str'>
time0 = <Arrow [2017-11-21T17:56:45.811568-08:00]> : <class 'arrow.arrow.Arrow'>
=> time0 = <Arrow [2017-11-21T17:56:45.827140-08:00]> : <class 'arrow.arrow.Arrow'>
==================================================
time2 = arrow.now()                                                     # STEP 34
ACTION: time2 = arrow.now() 
time2 = <Arrow [1970-01-01T00:00:00+00:00]> : <class 'arrow.arrow.Arrow'>
=> time2 = <Arrow [2017-11-21T17:56:45.827999-08:00]> : <class 'arrow.arrow.Arrow'>
==================================================
time6.humanize(locale=locale4)                                          # STEP 35
ACTION: time6.humanize(locale=locale4) 
locale4 = u'eo' : <type 'unicode'>
time6 = <Arrow [1970-01-01T00:00:00+00:00]> : <class 'arrow.arrow.Arrow'>
==================================================
locale4 =  u'fr_fr'                                                     # STEP 36
ACTION: locale4 =  u'fr_fr' 
locale4 = u'eo' : <type 'unicode'>
=> locale4 = u'fr_fr' : <type 'unicode'>
==================================================
time2.shift(weeks=val4)                                                 # STEP 37
ACTION: time2.shift(weeks=val4) 
val4 = 0 : <type 'int'>
time2 = <Arrow [2017-11-21T17:56:45.827999-08:00]> : <class 'arrow.arrow.Arrow'>
==================================================
time5.shift(minutes=val9)                                               # STEP 38
ACTION: time5.shift(minutes=val9) 
val9 = 0 : <type 'int'>
time5 = <Arrow [2017-11-21T17:56:45.813263-08:00]> : <class 'arrow.arrow.Arrow'>
==================================================
time6.humanize(locale=locale2)                                          # STEP 39
ACTION: time6.humanize(locale=locale2) 
locale2 = u'fa_ir' : <type 'unicode'>
time6 = <Arrow [1970-01-01T00:00:00+00:00]> : <class 'arrow.arrow.Arrow'>
==================================================
time2.humanize(locale=locale4)                                          # STEP 40
ACTION: time2.humanize(locale=locale4) 
locale4 = u'fr_fr' : <type 'unicode'>
time2 = <Arrow [2017-11-21T17:56:45.827999-08:00]> : <class 'arrow.arrow.Arrow'>
==================================================
locale2 =  u'nl'                                                        # STEP 41
ACTION: locale2 =  u'nl' 
locale2 = u'fa_ir' : <type 'unicode'>
=> locale2 = u'nl' : <type 'unicode'>
==================================================
locale4 =  u'zh_cn'                                                     # STEP 42
ACTION: locale4 =  u'zh_cn' 
locale4 = u'fr_fr' : <type 'unicode'>
=> locale4 = u'zh_cn' : <type 'unicode'>
==================================================
time8.shift(months=val4)                                                # STEP 43
ACTION: time8.shift(months=val4) 
val4 = 0 : <type 'int'>
time8 = <Arrow [1970-01-01T00:00:00+00:00]> : <class 'arrow.arrow.Arrow'>
==================================================
val9 += 1                                                               # STEP 44
ACTION: val9 += 1 
val9 = 0 : <type 'int'>
=> val9 = 1 : <type 'int'>
==================================================
val4 -= 1                                                               # STEP 45
ACTION: val4 -= 1 
val4 = 0 : <type 'int'>
=> val4 = -1 : <type 'int'>
==================================================
time0.shift(minutes=val9)                                               # STEP 46
ACTION: time0.shift(minutes=val9) 
val9 = 1 : <type 'int'>
time0 = <Arrow [2017-11-21T17:56:45.827140-08:00]> : <class 'arrow.arrow.Arrow'>
==================================================
time2 = arrow.now(zone0)                                                # STEP 47
ACTION: time2 = arrow.now(zone0) 
zone0 = 'US/Pacific' : <type 'str'>
time2 = <Arrow [2017-11-21T17:56:45.827999-08:00]> : <class 'arrow.arrow.Arrow'>
=> time2 = <Arrow [2017-11-21T17:56:45.835964-08:00]> : <class 'arrow.arrow.Arrow'>
==================================================
time9 = time3.replace(year=val9)                                        # STEP 48
ACTION: time9 = time3.replace(year=val9) 
val9 = 1 : <type 'int'>
time3 = <Arrow [1970-01-01T00:00:00+00:00]> : <class 'arrow.arrow.Arrow'>
time9 = None : <type 'NoneType'>
=> time9 = <Arrow [0001-01-01T00:00:00+00:00]> : <class 'arrow.arrow.Arrow'>
==================================================
time3 = arrow.now(zone0)                                                # STEP 49
ACTION: time3 = arrow.now(zone0) 
zone0 = 'US/Pacific' : <type 'str'>
time3 = <Arrow [1970-01-01T00:00:00+00:00]> : <class 'arrow.arrow.Arrow'>
=> time3 = <Arrow [2017-11-21T17:56:45.837926-08:00]> : <class 'arrow.arrow.Arrow'>
==================================================
time6.shift(hours=val6)                                                 # STEP 50
ACTION: time6.shift(hours=val6) 
val6 = 0 : <type 'int'>
time6 = <Arrow [1970-01-01T00:00:00+00:00]> : <class 'arrow.arrow.Arrow'>
==================================================
time3.shift(minutes=val9)                                               # STEP 51
ACTION: time3.shift(minutes=val9) 
val9 = 1 : <type 'int'>
time3 = <Arrow [2017-11-21T17:56:45.837926-08:00]> : <class 'arrow.arrow.Arrow'>
==================================================
time5.shift(minutes=val9)                                               # STEP 52
ACTION: time5.shift(minutes=val9) 
val9 = 1 : <type 'int'>
time5 = <Arrow [2017-11-21T17:56:45.813263-08:00]> : <class 'arrow.arrow.Arrow'>
==================================================
time6 = time8.replace(year=val9)                                        # STEP 53
ACTION: time6 = time8.replace(year=val9) 
val9 = 1 : <type 'int'>
time8 = <Arrow [1970-01-01T00:00:00+00:00]> : <class 'arrow.arrow.Arrow'>
time6 = <Arrow [1970-01-01T00:00:00+00:00]> : <class 'arrow.arrow.Arrow'>
=> time6 = <Arrow [0001-01-01T00:00:00+00:00]> : <class 'arrow.arrow.Arrow'>
==================================================
time7 = time0.replace(month=val9)                                       # STEP 54
ACTION: time7 = time0.replace(month=val9) 
val9 = 1 : <type 'int'>
time0 = <Arrow [2017-11-21T17:56:45.827140-08:00]> : <class 'arrow.arrow.Arrow'>
time7 = None : <type 'NoneType'>
=> time7 = <Arrow [2017-01-21T17:56:45.827140-08:00]> : <class 'arrow.arrow.Arrow'>
==================================================
time3.humanize(locale=locale2)                                          # STEP 55
ACTION: time3.humanize(locale=locale2) 
locale2 = u'nl' : <type 'unicode'>
time3 = <Arrow [2017-11-21T17:56:45.837926-08:00]> : <class 'arrow.arrow.Arrow'>
==================================================
zone4 = 'Singapore'                                                     # STEP 56
ACTION: zone4 = 'Singapore'  
zone4 = 'US/Eastern' : <type 'str'>
=> zone4 = 'Singapore' : <type 'str'>
==================================================
locale2 =  u'nn'                                                        # STEP 57
ACTION: locale2 =  u'nn' 
locale2 = u'nl' : <type 'unicode'>
=> locale2 = u'nn' : <type 'unicode'>
==================================================
time2.shift(hours=val4)                                                 # STEP 58
ACTION: time2.shift(hours=val4) 
val4 = -1 : <type 'int'>
time2 = <Arrow [2017-11-21T17:56:45.835964-08:00]> : <class 'arrow.arrow.Arrow'>
==================================================
time3.timestamp                                                         # STEP 59
ACTION: time3.timestamp 
time3 = <Arrow [2017-11-21T17:56:45.837926-08:00]> : <class 'arrow.arrow.Arrow'>
==================================================
time3.shift(weeks=val9)                                                 # STEP 60
ACTION: time3.shift(weeks=val9) 
val9 = 1 : <type 'int'>
time3 = <Arrow [2017-11-21T17:56:45.837926-08:00]> : <class 'arrow.arrow.Arrow'>
==================================================
time7.shift(months=val4)                                                # STEP 61
ACTION: time7.shift(months=val4) 
val4 = -1 : <type 'int'>
time7 = <Arrow [2017-01-21T17:56:45.827140-08:00]> : <class 'arrow.arrow.Arrow'>
==================================================
time4 = arrow.now(zone3)                                                # STEP 62
ACTION: time4 = arrow.now(zone3) 
zone3 = 'US/Pacific' : <type 'str'>
time4 = None : <type 'NoneType'>
=> time4 = <Arrow [2017-11-21T17:56:45.846537-08:00]> : <class 'arrow.arrow.Arrow'>
==================================================
time6.humanize(locale=locale4)                                          # STEP 63
ACTION: time6.humanize(locale=locale4) 
locale4 = u'zh_cn' : <type 'unicode'>
time6 = <Arrow [0001-01-01T00:00:00+00:00]> : <class 'arrow.arrow.Arrow'>
==================================================
locale4 =  u'sl_si'                                                     # STEP 64
ACTION: locale4 =  u'sl_si' 
locale4 = u'zh_cn' : <type 'unicode'>
=> locale4 = u'sl_si' : <type 'unicode'>
==================================================
time4.shift(minutes=val9)                                               # STEP 65
ACTION: time4.shift(minutes=val9) 
val9 = 1 : <type 'int'>
time4 = <Arrow [2017-11-21T17:56:45.846537-08:00]> : <class 'arrow.arrow.Arrow'>
==================================================
time0.shift(hours=val6)                                                 # STEP 66
ACTION: time0.shift(hours=val6) 
val6 = 0 : <type 'int'>
time0 = <Arrow [2017-11-21T17:56:45.827140-08:00]> : <class 'arrow.arrow.Arrow'>
==================================================
time8 = arrow.get(val6)                                                 # STEP 67
ACTION: time8 = arrow.get(val6) 
val6 = 0 : <type 'int'>
time8 = <Arrow [1970-01-01T00:00:00+00:00]> : <class 'arrow.arrow.Arrow'>
==================================================
time2.shift(weeks=val9)                                                 # STEP 68
ACTION: time2.shift(weeks=val9) 
val9 = 1 : <type 'int'>
time2 = <Arrow [2017-11-21T17:56:45.835964-08:00]> : <class 'arrow.arrow.Arrow'>
==================================================
time0 = time4.replace(year=val9)                                        # STEP 69
ACTION: time0 = time4.replace(year=val9) 
val9 = 1 : <type 'int'>
time4 = <Arrow [2017-11-21T17:56:45.846537-08:00]> : <class 'arrow.arrow.Arrow'>
time0 = <Arrow [2017-11-21T17:56:45.827140-08:00]> : <class 'arrow.arrow.Arrow'>
=> time0 = <Arrow [0001-11-21T17:56:45.846537-08:00]> : <class 'arrow.arrow.Arrow'>
==================================================
time3 = time9.replace(year=val9)                                        # STEP 70
ACTION: time3 = time9.replace(year=val9) 
val9 = 1 : <type 'int'>
time9 = <Arrow [0001-01-01T00:00:00+00:00]> : <class 'arrow.arrow.Arrow'>
time3 = <Arrow [2017-11-21T17:56:45.837926-08:00]> : <class 'arrow.arrow.Arrow'>
=> time3 = <Arrow [0001-01-01T00:00:00+00:00]> : <class 'arrow.arrow.Arrow'>
==================================================
time7 = arrow.now(zone2)                                                # STEP 71
ACTION: time7 = arrow.now(zone2) 
zone2 = 'Poland' : <type 'str'>
time7 = <Arrow [2017-01-21T17:56:45.827140-08:00]> : <class 'arrow.arrow.Arrow'>
=> time7 = <Arrow [2017-11-22T02:56:45.853023+01:00]> : <class 'arrow.arrow.Arrow'>
==================================================
time2.format()                                                          # STEP 72
ACTION: time2.format() 
time2 = <Arrow [2017-11-21T17:56:45.835964-08:00]> : <class 'arrow.arrow.Arrow'>
==================================================
time6.shift(months=val4)                                                # STEP 73
ACTION: time6.shift(months=val4) 
val4 = -1 : <type 'int'>
time6 = <Arrow [0001-01-01T00:00:00+00:00]> : <class 'arrow.arrow.Arrow'>
RAISED EXCEPTION: <type 'exceptions.ValueError'> year is out of range
ERROR: (<type 'exceptions.ValueError'>, ValueError('year is out of range',), <traceback object at 0x109b3cc20>)
TRACEBACK:
  File "/Users/alex/tstl/examples/arrow/sut.py", line 405705, in safely
    act[2]()
  File "/Users/alex/tstl/examples/arrow/sut.py", line 310037, in act6919
    self.p_time[6].shift(months=self.p_val[4])
  File "/Library/Frameworks/Python.framework/Versions/2.7/lib/python2.7/site-packages/arrow/arrow.py", line 467, in shift
    current = self._datetime + relativedelta(**relative_kwargs)
  File "/Library/Frameworks/Python.framework/Versions/2.7/lib/python2.7/site-packages/dateutil/relativedelta.py", line 391, in __radd__
    return self.__add__(other)
  File "/Library/Frameworks/Python.framework/Versions/2.7/lib/python2.7/site-packages/dateutil/relativedelta.py", line 363, in __add__
    day = min(calendar.monthrange(year, month)[1],
  File "/Library/Frameworks/Python.framework/Versions/2.7/lib/python2.7/calendar.py", line 121, in monthrange
    day1 = weekday(year, month, 1)
  File "/Library/Frameworks/Python.framework/Versions/2.7/lib/python2.7/calendar.py", line 113, in weekday
    return datetime.date(year, month, day).weekday()
FAILURE IS NEW, STORING; NOW 2 DISTINCT FAILURES
STOPPING TEST DUE TO TIMEOUT, TERMINATED AT LENGTH 50
STOPPING TESTING DUE TO TIMEOUT
22.0379146919 PERCENT COVERED
60.1742079258 TOTAL RUNTIME
460 EXECUTED
45917 TOTAL TEST OPERATIONS
30.3809356689 TIME SPENT EXECUTING TEST OPERATIONS
27.1035885811 TIME SPENT EVALUATING GUARDS AND CHOOSING ACTIONS
0.0301022529602 TIME SPENT CHECKING PROPERTIES
30.4110379219 TOTAL TIME SPENT RUNNING SUT
0.266777038574 TIME SPENT RESTARTING
0.0 TIME SPENT REDUCING TEST CASES
2 FAILED
0 REPEATS OF FAILURES
2 ACTUAL DISTINCT FAILURES

FAILURE 0
locale2 =  u'eo'                                                         # STEP 0
locale4 =  u'vi_vn'                                                      # STEP 1
locale0 =  u'sk_sk'                                                      # STEP 2
locale3 =  u'el_gr'                                                      # STEP 3
val5 = 0                                                                 # STEP 4
zone3 = 'Australia/Brisbane'                                             # STEP 5
val5 += 1                                                                # STEP 6
locale1 =  u'bn_in'                                                      # STEP 7
time7 = arrow.now()                                                      # STEP 8
zone4 = 'Asia/Samarkand'                                                 # STEP 9
time1 = time7.to(zone4)                                                 # STEP 10
zone0 = 'US/Alaska'                                                     # STEP 11
time7.format()                                                          # STEP 12
time8 = arrow.utcnow()                                                  # STEP 13
time6 = time7.to(zone0)                                                 # STEP 14
zone4 = 'Poland'                                                        # STEP 15
val8 = 0                                                                # STEP 16
time4 = time8.to(zone4)                                                 # STEP 17
time0 = arrow.get(val8)                                                 # STEP 18
time6.humanize(locale=locale4)                                          # STEP 19
time5 = time4.to(zone0)                                                 # STEP 20
time2 = arrow.get(val5)                                                 # STEP 21
time6 = time4.to(zone3)                                                 # STEP 22
time7.humanize(locale=locale2)                                          # STEP 23
zone0 = 'Poland'                                                        # STEP 24
time8 = arrow.utcnow()                                                  # STEP 25
time9 = time0.to(zone3)                                                 # STEP 26
locale2 =  u'mr'                                                        # STEP 27
time0 = time4.to(zone3)                                                 # STEP 28
time3 = time9.replace(year=val5)                                        # STEP 29
locale4 =  u'bg'                                                        # STEP 30
zone4 = 'US/Arizona'                                                    # STEP 31
time6.humanize(locale=locale0)                                          # STEP 32
time3.humanize(locale=locale4)                                          # STEP 33
time4 = time4.to(zone3)                                                 # STEP 34
time9 = time7.to(zone4)                                                 # STEP 35
time1.format()                                                          # STEP 36
locale0 =  u'sv'                                                        # STEP 37
time1.humanize(locale=locale0)                                          # STEP 38
time1 = time2.replace(year=val5)                                        # STEP 39
time7 = time6.to(zone0)                                                 # STEP 40
time3 = time8.to(zone4)                                                 # STEP 41
time9.format()                                                          # STEP 42
zone3 = 'US/Arizona'                                                    # STEP 43
time9.humanize(locale=locale3)                                          # STEP 44
locale4 =  u'tr'                                                        # STEP 45
time3.humanize(locale=locale1)                                          # STEP 46
locale0 =  u'pt_pt'                                                     # STEP 47
time8 = arrow.get(val8)                                                 # STEP 48
time6 = time1.replace(year=val5)                                        # STEP 49
zone4 = 'Turkey'                                                        # STEP 50
time3 = time2.to(zone4)                                                 # STEP 51
locale1 =  u'is_is'                                                     # STEP 52
locale3 =  u'rm_ch'                                                     # STEP 53
time2 = time2.to(zone0)                                                 # STEP 54
time9 = time9.to(zone3)                                                 # STEP 55
time2.humanize(locale=locale0)                                          # STEP 56
locale0 =  u'ro_ro'                                                     # STEP 57
time2 = time2.to(zone0)                                                 # STEP 58
time0.format()                                                          # STEP 59
zone3 = 'Australia/Brisbane'                                            # STEP 60
time1 = arrow.now()                                                     # STEP 61
time0 = time7.to(zone0)                                                 # STEP 62
time9.humanize(locale=locale3)                                          # STEP 63
time4.humanize(locale=locale3)                                          # STEP 64
locale3 =  u'mk'                                                        # STEP 65
val8 += 1                                                               # STEP 66
time4 = time6.to(zone0)                                                 # STEP 67
time7 = time4.replace(year=val8)                                        # STEP 68
zone0 = 'US/Arizona'                                                    # STEP 69
time3.humanize(locale=locale1)                                          # STEP 70
time4 = time1.replace(year=val8)                                        # STEP 71
zone4 = 'Europe/Rome'                                                   # STEP 72
time9 = time6.replace(year=val5)                                        # STEP 73
time1 = arrow.get(val5)                                                 # STEP 74
time3.humanize(locale=locale2)                                          # STEP 75
locale2 =  u'ca_ad'                                                     # STEP 76
locale1 =  u'tl'                                                        # STEP 77
time3 = arrow.get(val5)                                                 # STEP 78
time1.humanize(locale=locale2)                                          # STEP 79
zone2 = 'US/Alaska'                                                     # STEP 80
locale2 =  u'fi_fi'                                                     # STEP 81
time7.humanize(locale=locale0)                                          # STEP 82
time9.datetime                                                          # STEP 83
time7 = time5.to(zone3)                                                 # STEP 84
time5 = time1.to(zone0)                                                 # STEP 85
locale0 =  u'de_at'                                                     # STEP 86
time1 = time3.replace(year=val5)                                        # STEP 87
time3 = time2.replace(year=val5)                                        # STEP 88
time4.timestamp                                                         # STEP 89
zone1 = 'Poland'                                                        # STEP 90
time1.datetime                                                          # STEP 91
time9 = time1.to(zone2)                                                 # STEP 92
ERROR: (<type 'exceptions.OverflowError'>, OverflowError('date value out of range',), <traceback object at 0x108823248>)
TRACEBACK:
  File "/Users/alex/tstl/examples/arrow/sut.py", line 405705, in safely
    act[2]()
  File "/Users/alex/tstl/examples/arrow/sut.py", line 40145, in act1062
    self.p_time[9] = self.p_time[1].to(self.p_zone[2])
  File "/Library/Frameworks/Python.framework/Versions/2.7/lib/python2.7/site-packages/arrow/arrow.py", line 510, in to
    dt = self._datetime.astimezone(tz)
  File "/Library/Frameworks/Python.framework/Versions/2.7/lib/python2.7/site-packages/dateutil/tz/tz.py", line 667, in fromutc
    dt_out = dt + datetime.timedelta(seconds=tti.offset)
FAILURE 1
locale3 =  u'tr'                                                         # STEP 0
locale2 =  u'tl'                                                         # STEP 1
locale4 =  u'ja_jp'                                                      # STEP 2
locale0 =  u'ml'                                                         # STEP 3
zone3 = 'US/Pacific'                                                     # STEP 4
locale1 =  u'ca_ad'                                                      # STEP 5
val9 = 0                                                                 # STEP 6
zone4 = 'US/Eastern'                                                     # STEP 7
time5 = arrow.now(zone4)                                                 # STEP 8
val4 = 0                                                                 # STEP 9
zone2 = 'Poland'                                                        # STEP 10
val4 -= 1                                                               # STEP 11
time0 = arrow.now()                                                     # STEP 12
time5.shift(weeks=val9)                                                 # STEP 13
val4 += 1                                                               # STEP 14
time5 = arrow.now()                                                     # STEP 15
zone1 = 'US/Eastern'                                                    # STEP 16
val6 = 0                                                                # STEP 17
time0.humanize(locale=locale2)                                          # STEP 18
time6 = arrow.get(val4)                                                 # STEP 19
time5.shift(minutes=val9)                                               # STEP 20
zone0 = 'US/Pacific'                                                    # STEP 21
time3 = arrow.get(val9)                                                 # STEP 22
locale2 =  u'fa_ir'                                                     # STEP 23
time8 = arrow.get(val4)                                                 # STEP 24
time0.shift(hours=val6)                                                 # STEP 25
time2 = arrow.get(val6)                                                 # STEP 26
time8.humanize(locale=locale3)                                          # STEP 27
locale3 =  u'nb'                                                        # STEP 28
time2.shift(hours=val9)                                                 # STEP 29
time5.humanize(locale=locale4)                                          # STEP 30
locale4 =  u'eo'                                                        # STEP 31
time2.timestamp                                                         # STEP 32
time0 = arrow.now(zone3)                                                # STEP 33
time2 = arrow.now()                                                     # STEP 34
time6.humanize(locale=locale4)                                          # STEP 35
locale4 =  u'fr_fr'                                                     # STEP 36
time2.shift(weeks=val4)                                                 # STEP 37
time5.shift(minutes=val9)                                               # STEP 38
time6.humanize(locale=locale2)                                          # STEP 39
time2.humanize(locale=locale4)                                          # STEP 40
locale2 =  u'nl'                                                        # STEP 41
locale4 =  u'zh_cn'                                                     # STEP 42
time8.shift(months=val4)                                                # STEP 43
val9 += 1                                                               # STEP 44
val4 -= 1                                                               # STEP 45
time0.shift(minutes=val9)                                               # STEP 46
time2 = arrow.now(zone0)                                                # STEP 47
time9 = time3.replace(year=val9)                                        # STEP 48
time3 = arrow.now(zone0)                                                # STEP 49
time6.shift(hours=val6)                                                 # STEP 50
time3.shift(minutes=val9)                                               # STEP 51
time5.shift(minutes=val9)                                               # STEP 52
time6 = time8.replace(year=val9)                                        # STEP 53
time7 = time0.replace(month=val9)                                       # STEP 54
time3.humanize(locale=locale2)                                          # STEP 55
zone4 = 'Singapore'                                                     # STEP 56
locale2 =  u'nn'                                                        # STEP 57
time2.shift(hours=val4)                                                 # STEP 58
time3.timestamp                                                         # STEP 59
time3.shift(weeks=val9)                                                 # STEP 60
time7.shift(months=val4)                                                # STEP 61
time4 = arrow.now(zone3)                                                # STEP 62
time6.humanize(locale=locale4)                                          # STEP 63
locale4 =  u'sl_si'                                                     # STEP 64
time4.shift(minutes=val9)                                               # STEP 65
time0.shift(hours=val6)                                                 # STEP 66
time8 = arrow.get(val6)                                                 # STEP 67
time2.shift(weeks=val9)                                                 # STEP 68
time0 = time4.replace(year=val9)                                        # STEP 69
time3 = time9.replace(year=val9)                                        # STEP 70
time7 = arrow.now(zone2)                                                # STEP 71
time2.format()                                                          # STEP 72
time6.shift(months=val4)                                                # STEP 73
ERROR: (<type 'exceptions.ValueError'>, ValueError('year is out of range',), <traceback object at 0x109b3cc20>)
TRACEBACK:
  File "/Users/alex/tstl/examples/arrow/sut.py", line 405705, in safely
    act[2]()
  File "/Users/alex/tstl/examples/arrow/sut.py", line 310037, in act6919
    self.p_time[6].shift(months=self.p_val[4])
  File "/Library/Frameworks/Python.framework/Versions/2.7/lib/python2.7/site-packages/arrow/arrow.py", line 467, in shift
    current = self._datetime + relativedelta(**relative_kwargs)
  File "/Library/Frameworks/Python.framework/Versions/2.7/lib/python2.7/site-packages/dateutil/relativedelta.py", line 391, in __radd__
    return self.__add__(other)
  File "/Library/Frameworks/Python.framework/Versions/2.7/lib/python2.7/site-packages/dateutil/relativedelta.py", line 363, in __add__
    day = min(calendar.monthrange(year, month)[1],
  File "/Library/Frameworks/Python.framework/Versions/2.7/lib/python2.7/calendar.py", line 121, in monthrange
    day1 = weekday(year, month, 1)
  File "/Library/Frameworks/Python.framework/Versions/2.7/lib/python2.7/calendar.py", line 113, in weekday
    return datetime.date(year, month, day).weekday()
339 BRANCHES COVERED
253 STATEMENTS COVERED
