Random testing using config=Config(swarmSwitch=None, verbose=False, reducePool=False, failedLogging=None, exploitBestHint=1, greedyStutter=False, exploit=0.8, seed=None, generalize=False, useHints=False, localize=False, total=False, speed='FAST', probs=None, normalize=False, verboseExploit=False, highLowSwarm=None, replayable=False, essentials=False, noCoverageExploit=False, quickTests=False, relax=False, internal=False, uniqueValuesAnalysis=False, swarm=False, html=None, fastQuickAnalysis=False, progress=False, swarmLength=None, profile=False, LOCBaseline=0.2, full=True, multiple=True, timedProgress=30, silentFail=False, stopWhenStatements=None, swarmP=0.5, stopWhenBranches=None, noAlphaConvert=False, coverFile='coverage.out', readQuick=False, verboseActions=False, running=False, computeFeatureStats=False, compareFails=False, swarmProbs=None, output='failure.14392.test', genDepth=None, Pcrossover=0.2, quickAnalysis=False, noReassign=False, exploitCeiling=0.1, logging=None, LOCProbs=False, noCheck=False, maxTests=-1, keep=False, noExceptionMatch=False, Pmutate=0.8, depth=100, showActions=False, throughput=False, noCover=False, timeout=60, stutter=None, uncaught=False, markov=None, startExploit=0)
UNCAUGHT EXCEPTION
ERROR: (<type 'exceptions.AssertionError'>, AssertionError(), <traceback object at 0x1039f9a70>)
TRACEBACK:
  File "/Users/alex/tstl/examples/hypothesis_heaps/sut.py", line 7453, in safely
    act[2]()
  File "/Users/alex/tstl/examples/hypothesis_heaps/sut.py", line 5100, in act148
    assert (min(self.p_heap[0]) == heaps.heappop(self.p_heap[0]))
Original test has 70 steps

SAVING TEST AS failure.14392.test.0
FINAL VERSION OF TEST, WITH LOGGED REPLAY:
int0 = 15                                                                # STEP 0
ACTION: int0 = 15 
int0 = None : <type 'NoneType'>
=> int0 = 15 : <type 'int'>
==================================================
int4 = 3                                                                 # STEP 1
ACTION: int4 = 3 
int4 = None : <type 'NoneType'>
=> int4 = 3 : <type 'int'>
==================================================
int1 = 18                                                                # STEP 2
ACTION: int1 = 18 
int1 = None : <type 'NoneType'>
=> int1 = 18 : <type 'int'>
==================================================
int3 = 9                                                                 # STEP 3
ACTION: int3 = 9 
int3 = None : <type 'NoneType'>
=> int3 = 9 : <type 'int'>
==================================================
int2 = 15                                                                # STEP 4
ACTION: int2 = 15 
int2 = None : <type 'NoneType'>
=> int2 = 15 : <type 'int'>
==================================================
heap2 = heaps.heapnew()                                                  # STEP 5
ACTION: heap2 = heaps.heapnew() 
heap2 = None : <type 'NoneType'>
=> heap2 = [] : <type 'list'>
==================================================
heaps.heappush(heap2,int1)                                               # STEP 6
ACTION: heaps.heappush(heap2,int1) 
int1 = 18 : <type 'int'>
heap2 = [] : <type 'list'>
=> heap2 = [18] : <type 'list'>
==================================================
int1 = 8                                                                 # STEP 7
ACTION: int1 = 8 
int1 = 18 : <type 'int'>
=> int1 = 8 : <type 'int'>
==================================================
heaps.heappush(heap2,int0)                                               # STEP 8
ACTION: heaps.heappush(heap2,int0) 
int0 = 15 : <type 'int'>
heap2 = [18] : <type 'list'>
=> heap2 = [15, 18] : <type 'list'>
==================================================
int0 = 20                                                                # STEP 9
ACTION: int0 = 20 
int0 = 15 : <type 'int'>
=> int0 = 20 : <type 'int'>
==================================================
heaps.heappush(heap2,int4)                                              # STEP 10
ACTION: heaps.heappush(heap2,int4) 
int4 = 3 : <type 'int'>
heap2 = [15, 18] : <type 'list'>
=> heap2 = [3, 18, 15] : <type 'list'>
==================================================
int4 = 11                                                               # STEP 11
ACTION: int4 = 11 
int4 = 3 : <type 'int'>
=> int4 = 11 : <type 'int'>
==================================================
heap1 = heaps.heapmerge(heap2,heap2)                                    # STEP 12
ACTION: heap1 = heaps.heapmerge(heap2,heap2) 
heap2 = [3, 18, 15] : <type 'list'>
heap1 = None : <type 'NoneType'>
=> heap1 = [3, 3, 18, 15, 18, 15] : <type 'list'>
==================================================
heaps.heappush(heap1,int4)                                              # STEP 13
ACTION: heaps.heappush(heap1,int4) 
int4 = 11 : <type 'int'>
heap1 = [3, 3, 18, 15, 18, 15] : <type 'list'>
=> heap1 = [3, 3, 11, 15, 18, 15, 18] : <type 'list'>
==================================================
int4 = 19                                                               # STEP 14
ACTION: int4 = 19 
int4 = 11 : <type 'int'>
=> int4 = 19 : <type 'int'>
==================================================
heaps.heappush(heap2,int2)                                              # STEP 15
ACTION: heaps.heappush(heap2,int2) 
int2 = 15 : <type 'int'>
heap2 = [3, 18, 15] : <type 'list'>
=> heap2 = [3, 15, 15, 18] : <type 'list'>
==================================================
heaps.heappop(heap1)                                                    # STEP 16
ACTION: heaps.heappop(heap1) 
heap1 = [3, 3, 11, 15, 18, 15, 18] : <type 'list'>
=> heap1 = [3, 15, 11, 18, 18, 15] : <type 'list'>
==================================================
heaps.heappush(heap1,int3)                                              # STEP 17
ACTION: heaps.heappush(heap1,int3) 
int3 = 9 : <type 'int'>
heap1 = [3, 15, 11, 18, 18, 15] : <type 'list'>
=> heap1 = [3, 15, 9, 18, 18, 15, 11] : <type 'list'>
==================================================
int2 = 8                                                                # STEP 18
ACTION: int2 = 8 
int2 = 15 : <type 'int'>
=> int2 = 8 : <type 'int'>
==================================================
int3 = 10                                                               # STEP 19
ACTION: int3 = 10 
int3 = 9 : <type 'int'>
=> int3 = 10 : <type 'int'>
==================================================
heap0 = heaps.heapnew()                                                 # STEP 20
ACTION: heap0 = heaps.heapnew() 
heap0 = None : <type 'NoneType'>
=> heap0 = [] : <type 'list'>
==================================================
heaps.heappush(heap0,int0)                                              # STEP 21
ACTION: heaps.heappush(heap0,int0) 
int0 = 20 : <type 'int'>
heap0 = [] : <type 'list'>
=> heap0 = [20] : <type 'list'>
==================================================
heaps.heappush(heap2,int3)                                              # STEP 22
ACTION: heaps.heappush(heap2,int3) 
int3 = 10 : <type 'int'>
heap2 = [3, 15, 15, 18] : <type 'list'>
=> heap2 = [3, 10, 15, 18, 15] : <type 'list'>
==================================================
heap1 = heaps.heapmerge(heap0,heap1)                                    # STEP 23
ACTION: heap1 = heaps.heapmerge(heap0,heap1) 
heap0 = [20] : <type 'list'>
heap1 = [3, 15, 9, 18, 18, 15, 11] : <type 'list'>
=> heap1 = [3, 15, 9, 18, 18, 15, 11, 20] : <type 'list'>
==================================================
heap0 = heaps.heapmerge(heap0,heap2)                                    # STEP 24
ACTION: heap0 = heaps.heapmerge(heap0,heap2) 
heap0 = [20] : <type 'list'>
heap2 = [3, 10, 15, 18, 15] : <type 'list'>
=> heap0 = [3, 10, 15, 18, 15, 20] : <type 'list'>
==================================================
heaps.heappush(heap0,int0)                                              # STEP 25
ACTION: heaps.heappush(heap0,int0) 
int0 = 20 : <type 'int'>
heap0 = [3, 10, 15, 18, 15, 20] : <type 'list'>
=> heap0 = [3, 10, 15, 18, 15, 20, 20] : <type 'list'>
==================================================
heaps.heappush(heap1,int4)                                              # STEP 26
ACTION: heaps.heappush(heap1,int4) 
int4 = 19 : <type 'int'>
heap1 = [3, 15, 9, 18, 18, 15, 11, 20] : <type 'list'>
=> heap1 = [3, 15, 9, 18, 18, 15, 11, 20, 19] : <type 'list'>
==================================================
heaps.heappush(heap1,int1)                                              # STEP 27
ACTION: heaps.heappush(heap1,int1) 
int1 = 8 : <type 'int'>
heap1 = [3, 15, 9, 18, 18, 15, 11, 20, 19] : <type 'list'>
=> heap1 = [3, 8, 9, 18, 15, 15, 11, 20, 19, 18] : <type 'list'>
==================================================
heaps.heappush(heap1,int4)                                              # STEP 28
ACTION: heaps.heappush(heap1,int4) 
int4 = 19 : <type 'int'>
heap1 = [3, 8, 9, 18, 15, 15, 11, 20, 19, 18] : <type 'list'>
=> heap1 = [3, 8, 9, 18, 15, 15, 11, 20, 19, 18, 19] : <type 'list'>
==================================================
heap1 = heaps.heapmerge(heap0,heap0)                                    # STEP 29
ACTION: heap1 = heaps.heapmerge(heap0,heap0) 
heap0 = [3, 10, 15, 18, 15, 20, 20] : <type 'list'>
heap1 = [3, 8, 9, 18, 15, 15, 11, 20, 19, 18, 19] : <type 'list'>
=> heap1 = [3, 3, 10, 10, 15, 15, 18, 15, 18, 15, 20, 20, 20, 20] : <type 'list'>
==================================================
int4 = 15                                                               # STEP 30
ACTION: int4 = 15 
int4 = 19 : <type 'int'>
=> int4 = 15 : <type 'int'>
==================================================
int1 = 16                                                               # STEP 31
ACTION: int1 = 16 
int1 = 8 : <type 'int'>
=> int1 = 16 : <type 'int'>
==================================================
int0 = 18                                                               # STEP 32
ACTION: int0 = 18 
int0 = 20 : <type 'int'>
=> int0 = 18 : <type 'int'>
==================================================
heap2 = heaps.heapmerge(heap0,heap0)                                    # STEP 33
ACTION: heap2 = heaps.heapmerge(heap0,heap0) 
heap0 = [3, 10, 15, 18, 15, 20, 20] : <type 'list'>
heap2 = [3, 10, 15, 18, 15] : <type 'list'>
=> heap2 = [3, 3, 10, 10, 15, 15, 18, 15, 18, 15, 20, 20, 20, 20] : <type 'list'>
==================================================
heaps.heappop(heap0)                                                    # STEP 34
ACTION: heaps.heappop(heap0) 
heap0 = [3, 10, 15, 18, 15, 20, 20] : <type 'list'>
=> heap0 = [10, 15, 15, 18, 20, 20] : <type 'list'>
==================================================
heaps.heappop(heap2)                                                    # STEP 35
ACTION: heaps.heappop(heap2) 
heap2 = [3, 3, 10, 10, 15, 15, 18, 15, 18, 15, 20, 20, 20, 20] : <type 'list'>
=> heap2 = [3, 10, 10, 15, 15, 15, 18, 20, 18, 15, 20, 20, 20] : <type 'list'>
==================================================
int3 = 1                                                                # STEP 36
ACTION: int3 = 1 
int3 = 10 : <type 'int'>
=> int3 = 1 : <type 'int'>
==================================================
heap0 = heaps.heapmerge(heap1,heap0)                                    # STEP 37
ACTION: heap0 = heaps.heapmerge(heap1,heap0) 
heap1 = [3, 3, 10, 10, 15, 15, 18, 15, 18, 15, 20, 20, 20, 20] : <type 'list'>
heap0 = [10, 15, 15, 18, 20, 20] : <type 'list'>
=> heap0 = [3, 3, 10, 10, 10, 15, 15, 15, 15, 18, 15, 18, 15, 18, 20, 20, 20, 20, 20, 20] : <type 'list'>
==================================================
heap2 = heaps.heapmerge(heap0,heap2)                                    # STEP 38
ACTION: heap2 = heaps.heapmerge(heap0,heap2) 
heap0 = [3, 3, 10, 10, 10, 15, 15, 15, 15, 18, 15, 18, 15, 18, 20, 20, 20, 20, 20, 20] : <type 'list'>
heap2 = [3, 10, 10, 15, 15, 15, 18, 20, 18, 15, 20, 20, 20] : <type 'list'>
=> heap2 = [3, 3, 3, 10, 10, 10, 10, 10, 15, 15, 15, 15, 15, 15, 15, 18, 15, 18, 15, 18, 18, 20, 20, 20, 20, 20, 20, 20, 18, 15, 20, 20, 20] : <type 'list'>
==================================================
heaps.heappush(heap2,int1)                                              # STEP 39
ACTION: heaps.heappush(heap2,int1) 
int1 = 16 : <type 'int'>
heap2 = [3, 3, 3, 10, 10, 10, 10, 10, 15, 15, 15, 15, 15, 15, 15, 18, 15, 18, 15, 18, 18, 20, 20, 20, 20, 20, 20, 20, 18, 15, 20, 20, 20] : <type 'list'>
=> heap2 = [3, 3, 3, 10, 10, 10, 10, 10, 15, 15, 15, 15, 15, 15, 15, 18, 15, 18, 15, 18, 18, 20, 20, 20, 20, 20, 20, 20, 18, 15, 20, 20, 20, 16] : <type 'list'>
==================================================
heaps.heappush(heap1,int0)                                              # STEP 40
ACTION: heaps.heappush(heap1,int0) 
int0 = 18 : <type 'int'>
heap1 = [3, 3, 10, 10, 15, 15, 18, 15, 18, 15, 20, 20, 20, 20] : <type 'list'>
=> heap1 = [3, 3, 10, 10, 15, 15, 18, 15, 18, 15, 20, 20, 20, 20, 18] : <type 'list'>
==================================================
heap1 = heaps.heapmerge(heap1,heap2)                                    # STEP 41
ACTION: heap1 = heaps.heapmerge(heap1,heap2) 
heap1 = [3, 3, 10, 10, 15, 15, 18, 15, 18, 15, 20, 20, 20, 20, 18] : <type 'list'>
heap2 = [3, 3, 3, 10, 10, 10, 10, 10, 15, 15, 15, 15, 15, 15, 15, 18, 15, 18, 15, 18, 18, 20, 20, 20, 20, 20, 20, 20, 18, 15, 20, 20, 20, 16] : <type 'list'>
=> heap1 = [3, 3, 3, 3, 3, 10, 10, 10, 10, 10, 10, 10, 15, 15, 15, 15, 15, 15, 15, 15, 15, 18, 15, 18, 15, 18, 15, 18, 15, 18, 18, 20, 20, 20, 20, 18, 20, 20, 20, 20, 20, 20, 20, 18, 15, 20, 20, 20, 16] : <type 'list'>
==================================================
heap2 = heaps.heapnew()                                                 # STEP 42
ACTION: heap2 = heaps.heapnew() 
heap2 = [3, 3, 3, 10, 10, 10, 10, 10, 15, 15, 15, 15, 15, 15, 15, 18, 15, 18, 15, 18, 18, 20, 20, 20, 20, 20, 20, 20, 18, 15, 20, 20, 20, 16] : <type 'list'>
=> heap2 = [] : <type 'list'>
==================================================
int0 = 2                                                                # STEP 43
ACTION: int0 = 2 
int0 = 18 : <type 'int'>
=> int0 = 2 : <type 'int'>
==================================================
heaps.heappush(heap2,int0)                                              # STEP 44
ACTION: heaps.heappush(heap2,int0) 
int0 = 2 : <type 'int'>
heap2 = [] : <type 'list'>
=> heap2 = [2] : <type 'list'>
==================================================
heaps.heappush(heap0,int2)                                              # STEP 45
ACTION: heaps.heappush(heap0,int2) 
int2 = 8 : <type 'int'>
heap0 = [3, 3, 10, 10, 10, 15, 15, 15, 15, 18, 15, 18, 15, 18, 20, 20, 20, 20, 20, 20] : <type 'list'>
=> heap0 = [3, 3, 10, 10, 8, 15, 15, 15, 15, 10, 15, 18, 15, 18, 20, 20, 20, 20, 20, 20, 18] : <type 'list'>
==================================================
heap2 = heaps.heapmerge(heap1,heap2)                                    # STEP 46
ACTION: heap2 = heaps.heapmerge(heap1,heap2) 
heap1 = [3, 3, 3, 3, 3, 10, 10, 10, 10, 10, 10, 10, 15, 15, 15, 15, 15, 15, 15, 15, 15, 18, 15, 18, 15, 18, 15, 18, 15, 18, 18, 20, 20, 20, 20, 18, 20, 20, 20, 20, 20, 20, 20, 18, 15, 20, 20, 20, 16] : <type 'list'>
heap2 = [2] : <type 'list'>
=> heap2 = [2, 3, 3, 3, 3, 3, 10, 10, 10, 10, 10, 10, 10, 15, 15, 15, 15, 15, 15, 15, 15, 15, 18, 15, 18, 15, 18, 15, 18, 15, 18, 18, 20, 20, 20, 20, 18, 20, 20, 20, 20, 20, 20, 20, 18, 15, 20, 20, 20, 16] : <type 'list'>
==================================================
heap1 = heaps.heapmerge(heap1,heap0)                                    # STEP 47
ACTION: heap1 = heaps.heapmerge(heap1,heap0) 
heap1 = [3, 3, 3, 3, 3, 10, 10, 10, 10, 10, 10, 10, 15, 15, 15, 15, 15, 15, 15, 15, 15, 18, 15, 18, 15, 18, 15, 18, 15, 18, 18, 20, 20, 20, 20, 18, 20, 20, 20, 20, 20, 20, 20, 18, 15, 20, 20, 20, 16] : <type 'list'>
heap0 = [3, 3, 10, 10, 8, 15, 15, 15, 15, 10, 15, 18, 15, 18, 20, 20, 20, 20, 20, 20, 18] : <type 'list'>
=> heap1 = [3, 3, 3, 3, 3, 3, 3, 10, 10, 10, 10, 10, 10, 10, 10, 10, 8, 15, 15, 15, 15, 15, 15, 15, 15, 15, 15, 15, 15, 15, 10, 15, 18, 15, 18, 15, 18, 15, 18, 15, 18, 18, 18, 15, 18, 20, 20, 20, 20, 18, 20, 20, 20, 20, 20, 20, 20, 18, 15, 20, 20, 20, 16, 20, 20, 20, 20, 20, 20, 18] : <type 'list'>
==================================================
heaps.heappop(heap1)                                                    # STEP 48
ACTION: heaps.heappop(heap1) 
heap1 = [3, 3, 3, 3, 3, 3, 3, 10, 10, 10, 10, 10, 10, 10, 10, 10, 8, 15, 15, 15, 15, 15, 15, 15, 15, 15, 15, 15, 15, 15, 10, 15, 18, 15, 18, 15, 18, 15, 18, 15, 18, 18, 18, 15, 18, 20, 20, 20, 20, 18, 20, 20, 20, 20, 20, 20, 20, 18, 15, 20, 20, 20, 16, 20, 20, 20, 20, 20, 20, 18] : <type 'list'>
=> heap1 = [3, 3, 3, 10, 3, 3, 3, 8, 10, 10, 10, 10, 10, 10, 10, 10, 15, 15, 15, 15, 15, 15, 15, 15, 15, 15, 15, 15, 15, 15, 10, 15, 18, 18, 18, 15, 18, 15, 18, 15, 18, 18, 18, 15, 18, 20, 20, 20, 20, 18, 20, 20, 20, 20, 20, 20, 20, 18, 15, 20, 20, 20, 16, 20, 20, 20, 20, 20, 20] : <type 'list'>
==================================================
heaps.heappush(heap2,int2)                                              # STEP 49
ACTION: heaps.heappush(heap2,int2) 
int2 = 8 : <type 'int'>
heap2 = [2, 3, 3, 3, 3, 3, 10, 10, 10, 10, 10, 10, 10, 15, 15, 15, 15, 15, 15, 15, 15, 15, 18, 15, 18, 15, 18, 15, 18, 15, 18, 18, 20, 20, 20, 20, 18, 20, 20, 20, 20, 20, 20, 20, 18, 15, 20, 20, 20, 16] : <type 'list'>
=> heap2 = [2, 3, 3, 3, 3, 3, 10, 10, 10, 10, 10, 8, 10, 15, 15, 15, 15, 15, 15, 15, 15, 15, 18, 15, 10, 15, 18, 15, 18, 15, 18, 18, 20, 20, 20, 20, 18, 20, 20, 20, 20, 20, 20, 20, 18, 15, 20, 20, 20, 16, 18] : <type 'list'>
==================================================
heaps.heappush(heap2,int0)                                              # STEP 50
ACTION: heaps.heappush(heap2,int0) 
int0 = 2 : <type 'int'>
heap2 = [2, 3, 3, 3, 3, 3, 10, 10, 10, 10, 10, 8, 10, 15, 15, 15, 15, 15, 15, 15, 15, 15, 18, 15, 10, 15, 18, 15, 18, 15, 18, 18, 20, 20, 20, 20, 18, 20, 20, 20, 20, 20, 20, 20, 18, 15, 20, 20, 20, 16, 18] : <type 'list'>
=> heap2 = [2, 3, 2, 3, 3, 3, 10, 10, 10, 10, 10, 8, 3, 15, 15, 15, 15, 15, 15, 15, 15, 15, 18, 15, 10, 10, 18, 15, 18, 15, 18, 18, 20, 20, 20, 20, 18, 20, 20, 20, 20, 20, 20, 20, 18, 15, 20, 20, 20, 16, 18, 15] : <type 'list'>
==================================================
heap2 = heaps.heapmerge(heap1,heap2)                                    # STEP 51
ACTION: heap2 = heaps.heapmerge(heap1,heap2) 
heap1 = [3, 3, 3, 10, 3, 3, 3, 8, 10, 10, 10, 10, 10, 10, 10, 10, 15, 15, 15, 15, 15, 15, 15, 15, 15, 15, 15, 15, 15, 15, 10, 15, 18, 18, 18, 15, 18, 15, 18, 15, 18, 18, 18, 15, 18, 20, 20, 20, 20, 18, 20, 20, 20, 20, 20, 20, 20, 18, 15, 20, 20, 20, 16, 20, 20, 20, 20, 20, 20] : <type 'list'>
heap2 = [2, 3, 2, 3, 3, 3, 10, 10, 10, 10, 10, 8, 3, 15, 15, 15, 15, 15, 15, 15, 15, 15, 18, 15, 10, 10, 18, 15, 18, 15, 18, 18, 20, 20, 20, 20, 18, 20, 20, 20, 20, 20, 20, 20, 18, 15, 20, 20, 20, 16, 18, 15] : <type 'list'>
=> heap2 = [2, 3, 3, 3, 3, 2, 3, 3, 3, 10, 3, 3, 3, 8, 10, 10, 10, 10, 10, 10, 10, 10, 10, 10, 10, 10, 10, 8, 3, 15, 15, 15, 15, 15, 15, 15, 15, 15, 15, 15, 15, 15, 15, 10, 15, 15, 15, 15, 15, 15, 15, 15, 15, 15, 18, 18, 18, 15, 18, 15, 18, 15, 18, 18, 18, 15, 18, 18, 15, 10, 10, 18, 15, 18, 15, 18, 18, 20, 20, 20, 20, 18, 20, 20, 20, 20, 20, 20, 20, 18, 15, 20, 20, 20, 16, 20, 20, 20, 20, 20, 20, 20, 20, 20, 20, 18, 20, 20, 20, 20, 20, 20, 20, 18, 15, 20, 20, 20, 16, 18, 15] : <type 'list'>
==================================================
int2 = 8                                                                # STEP 52
ACTION: int2 = 8 
int2 = 8 : <type 'int'>
==================================================
int1 = 15                                                               # STEP 53
ACTION: int1 = 15 
int1 = 16 : <type 'int'>
=> int1 = 15 : <type 'int'>
==================================================
heap0 = heaps.heapmerge(heap1,heap2)                                    # STEP 54
ACTION: heap0 = heaps.heapmerge(heap1,heap2) 
heap1 = [3, 3, 3, 10, 3, 3, 3, 8, 10, 10, 10, 10, 10, 10, 10, 10, 15, 15, 15, 15, 15, 15, 15, 15, 15, 15, 15, 15, 15, 15, 10, 15, 18, 18, 18, 15, 18, 15, 18, 15, 18, 18, 18, 15, 18, 20, 20, 20, 20, 18, 20, 20, 20, 20, 20, 20, 20, 18, 15, 20, 20, 20, 16, 20, 20, 20, 20, 20, 20] : <type 'list'>
heap2 = [2, 3, 3, 3, 3, 2, 3, 3, 3, 10, 3, 3, 3, 8, 10, 10, 10, 10, 10, 10, 10, 10, 10, 10, 10, 10, 10, 8, 3, 15, 15, 15, 15, 15, 15, 15, 15, 15, 15, 15, 15, 15, 15, 10, 15, 15, 15, 15, 15, 15, 15, 15, 15, 15, 18, 18, 18, 15, 18, 15, 18, 15, 18, 18, 18, 15, 18, 18, 15, 10, 10, 18, 15, 18, 15, 18, 18, 20, 20, 20, 20, 18, 20, 20, 20, 20, 20, 20, 20, 18, 15, 20, 20, 20, 16, 20, 20, 20, 20, 20, 20, 20, 20, 20, 20, 18, 20, 20, 20, 20, 20, 20, 20, 18, 15, 20, 20, 20, 16, 18, 15] : <type 'list'>
heap0 = [3, 3, 10, 10, 8, 15, 15, 15, 15, 10, 15, 18, 15, 18, 20, 20, 20, 20, 20, 20, 18] : <type 'list'>
=> heap0 = [2, 3, 3, 3, 3, 3, 3, 3, 2, 3, 3, 3, 10, 3, 3, 3, 8, 10, 10, 10, 10, 10, 10, 10, 10, 10, 3, 3, 3, 8, 10, 10, 10, 10, 10, 10, 10, 10, 10, 10, 10, 10, 10, 8, 3, 15, 15, 15, 15, 15, 15, 15, 15, 15, 15, 15, 15, 15, 15, 10, 15, 15, 15, 15, 15, 15, 15, 15, 15, 15, 15, 15, 15, 15, 15, 10, 15, 15, 15, 15, 15, 15, 15, 15, 15, 15, 18, 18, 18, 15, 18, 15, 18, 15, 18, 18, 18, 15, 18, 18, 18, 18, 15, 18, 15, 18, 15, 18, 18, 18, 15, 18, 18, 15, 10, 10, 18, 15, 18, 15, 18, 18, 20, 20, 20, 20, 18, 20, 20, 20, 20, 20, 20, 20, 18, 15, 20, 20, 20, 16, 20, 20, 20, 20, 20, 20, 20, 20, 20, 20, 18, 20, 20, 20, 20, 20, 20, 20, 18, 15, 20, 20, 20, 16, 20, 20, 20, 20, 20, 20, 20, 20, 20, 20, 18, 20, 20, 20, 20, 20, 20, 20, 18, 15, 20, 20, 20, 16, 18, 15] : <type 'list'>
==================================================
heaps.heappush(heap2,int1)                                              # STEP 55
ACTION: heaps.heappush(heap2,int1) 
int1 = 15 : <type 'int'>
heap2 = [2, 3, 3, 3, 3, 2, 3, 3, 3, 10, 3, 3, 3, 8, 10, 10, 10, 10, 10, 10, 10, 10, 10, 10, 10, 10, 10, 8, 3, 15, 15, 15, 15, 15, 15, 15, 15, 15, 15, 15, 15, 15, 15, 10, 15, 15, 15, 15, 15, 15, 15, 15, 15, 15, 18, 18, 18, 15, 18, 15, 18, 15, 18, 18, 18, 15, 18, 18, 15, 10, 10, 18, 15, 18, 15, 18, 18, 20, 20, 20, 20, 18, 20, 20, 20, 20, 20, 20, 20, 18, 15, 20, 20, 20, 16, 20, 20, 20, 20, 20, 20, 20, 20, 20, 20, 18, 20, 20, 20, 20, 20, 20, 20, 18, 15, 20, 20, 20, 16, 18, 15] : <type 'list'>
=> heap2 = [2, 3, 3, 3, 3, 2, 3, 3, 3, 10, 3, 3, 3, 8, 10, 10, 10, 10, 10, 10, 10, 10, 10, 10, 10, 10, 10, 8, 3, 15, 15, 15, 15, 15, 15, 15, 15, 15, 15, 15, 15, 15, 15, 10, 15, 15, 15, 15, 15, 15, 15, 15, 15, 15, 18, 18, 18, 15, 18, 15, 15, 15, 18, 18, 18, 15, 18, 18, 15, 10, 10, 18, 15, 18, 15, 18, 18, 20, 20, 20, 20, 18, 20, 20, 20, 20, 20, 20, 20, 18, 15, 20, 20, 20, 16, 20, 20, 20, 20, 20, 20, 20, 20, 20, 20, 18, 20, 20, 20, 20, 20, 20, 20, 18, 15, 20, 20, 20, 16, 18, 15, 18] : <type 'list'>
==================================================
int1 = 4                                                                # STEP 56
ACTION: int1 = 4 
int1 = 15 : <type 'int'>
=> int1 = 4 : <type 'int'>
==================================================
int0 = 12                                                               # STEP 57
ACTION: int0 = 12 
int0 = 2 : <type 'int'>
=> int0 = 12 : <type 'int'>
==================================================
heap2 = heaps.heapmerge(heap1,heap0)                                    # STEP 58
ACTION: heap2 = heaps.heapmerge(heap1,heap0) 
heap1 = [3, 3, 3, 10, 3, 3, 3, 8, 10, 10, 10, 10, 10, 10, 10, 10, 15, 15, 15, 15, 15, 15, 15, 15, 15, 15, 15, 15, 15, 15, 10, 15, 18, 18, 18, 15, 18, 15, 18, 15, 18, 18, 18, 15, 18, 20, 20, 20, 20, 18, 20, 20, 20, 20, 20, 20, 20, 18, 15, 20, 20, 20, 16, 20, 20, 20, 20, 20, 20] : <type 'list'>
heap0 = [2, 3, 3, 3, 3, 3, 3, 3, 2, 3, 3, 3, 10, 3, 3, 3, 8, 10, 10, 10, 10, 10, 10, 10, 10, 10, 3, 3, 3, 8, 10, 10, 10, 10, 10, 10, 10, 10, 10, 10, 10, 10, 10, 8, 3, 15, 15, 15, 15, 15, 15, 15, 15, 15, 15, 15, 15, 15, 15, 10, 15, 15, 15, 15, 15, 15, 15, 15, 15, 15, 15, 15, 15, 15, 15, 10, 15, 15, 15, 15, 15, 15, 15, 15, 15, 15, 18, 18, 18, 15, 18, 15, 18, 15, 18, 18, 18, 15, 18, 18, 18, 18, 15, 18, 15, 18, 15, 18, 18, 18, 15, 18, 18, 15, 10, 10, 18, 15, 18, 15, 18, 18, 20, 20, 20, 20, 18, 20, 20, 20, 20, 20, 20, 20, 18, 15, 20, 20, 20, 16, 20, 20, 20, 20, 20, 20, 20, 20, 20, 20, 18, 20, 20, 20, 20, 20, 20, 20, 18, 15, 20, 20, 20, 16, 20, 20, 20, 20, 20, 20, 20, 20, 20, 20, 18, 20, 20, 20, 20, 20, 20, 20, 18, 15, 20, 20, 20, 16, 18, 15] : <type 'list'>
heap2 = [2, 3, 3, 3, 3, 2, 3, 3, 3, 10, 3, 3, 3, 8, 10, 10, 10, 10, 10, 10, 10, 10, 10, 10, 10, 10, 10, 8, 3, 15, 15, 15, 15, 15, 15, 15, 15, 15, 15, 15, 15, 15, 15, 10, 15, 15, 15, 15, 15, 15, 15, 15, 15, 15, 18, 18, 18, 15, 18, 15, 15, 15, 18, 18, 18, 15, 18, 18, 15, 10, 10, 18, 15, 18, 15, 18, 18, 20, 20, 20, 20, 18, 20, 20, 20, 20, 20, 20, 20, 18, 15, 20, 20, 20, 16, 20, 20, 20, 20, 20, 20, 20, 20, 20, 20, 18, 20, 20, 20, 20, 20, 20, 20, 18, 15, 20, 20, 20, 16, 18, 15, 18] : <type 'list'>
=> heap2 = [2, 3, 3, 3, 3, 3, 3, 3, 3, 3, 3, 2, 3, 3, 3, 10, 3, 3, 3, 8, 10, 10, 10, 10, 10, 10, 10, 10, 10, 3, 3, 3, 8, 10, 10, 10, 10, 10, 10, 10, 10, 10, 3, 3, 3, 8, 10, 10, 10, 10, 10, 10, 10, 10, 10, 10, 10, 10, 10, 8, 3, 15, 15, 15, 15, 15, 15, 15, 15, 15, 15, 15, 15, 15, 15, 10, 15, 15, 15, 15, 15, 15, 15, 15, 15, 15, 15, 15, 15, 15, 15, 10, 15, 15, 15, 15, 15, 15, 15, 15, 15, 15, 15, 15, 15, 15, 15, 10, 15, 15, 15, 15, 15, 15, 15, 15, 15, 15, 18, 18, 18, 15, 18, 15, 18, 15, 18, 18, 18, 15, 18, 18, 18, 18, 15, 18, 15, 18, 15, 18, 18, 18, 15, 18, 18, 18, 18, 15, 18, 15, 18, 15, 18, 18, 18, 15, 18, 18, 15, 10, 10, 18, 15, 18, 15, 18, 18, 20, 20, 20, 20, 18, 20, 20, 20, 20, 20, 20, 20, 18, 15, 20, 20, 20, 16, 20, 20, 20, 20, 20, 20, 20, 20, 20, 20, 18, 20, 20, 20, 20, 20, 20, 20, 18, 15, 20, 20, 20, 16, 20, 20, 20, 20, 20, 20, 20, 20, 20, 20, 18, 20, 20, 20, 20, 20, 20, 20, 18, 15, 20, 20, 20, 16, 20, 20, 20, 20, 20, 20, 20, 20, 20, 20, 18, 20, 20, 20, 20, 20, 20, 20, 18, 15, 20, 20, 20, 16, 18, 15] : <type 'list'>
==================================================
heaps.heappush(heap1,int1)                                              # STEP 59
ACTION: heaps.heappush(heap1,int1) 
int1 = 4 : <type 'int'>
heap1 = [3, 3, 3, 10, 3, 3, 3, 8, 10, 10, 10, 10, 10, 10, 10, 10, 15, 15, 15, 15, 15, 15, 15, 15, 15, 15, 15, 15, 15, 15, 10, 15, 18, 18, 18, 15, 18, 15, 18, 15, 18, 18, 18, 15, 18, 20, 20, 20, 20, 18, 20, 20, 20, 20, 20, 20, 20, 18, 15, 20, 20, 20, 16, 20, 20, 20, 20, 20, 20] : <type 'list'>
=> heap1 = [3, 3, 3, 4, 3, 3, 3, 10, 10, 10, 10, 10, 10, 10, 10, 10, 8, 15, 15, 15, 15, 15, 15, 15, 15, 15, 15, 15, 15, 15, 10, 15, 18, 18, 15, 15, 18, 15, 18, 15, 18, 18, 18, 15, 18, 20, 20, 20, 20, 18, 20, 20, 20, 20, 20, 20, 20, 18, 15, 20, 20, 20, 16, 20, 20, 20, 20, 20, 20, 18] : <type 'list'>
==================================================
int1 = 14                                                               # STEP 60
ACTION: int1 = 14 
int1 = 4 : <type 'int'>
=> int1 = 14 : <type 'int'>
==================================================
heap0 = heaps.heapmerge(heap2,heap0)                                    # STEP 61
ACTION: heap0 = heaps.heapmerge(heap2,heap0) 
heap2 = [2, 3, 3, 3, 3, 3, 3, 3, 3, 3, 3, 2, 3, 3, 3, 10, 3, 3, 3, 8, 10, 10, 10, 10, 10, 10, 10, 10, 10, 3, 3, 3, 8, 10, 10, 10, 10, 10, 10, 10, 10, 10, 3, 3, 3, 8, 10, 10, 10, 10, 10, 10, 10, 10, 10, 10, 10, 10, 10, 8, 3, 15, 15, 15, 15, 15, 15, 15, 15, 15, 15, 15, 15, 15, 15, 10, 15, 15, 15, 15, 15, 15, 15, 15, 15, 15, 15, 15, 15, 15, 15, 10, 15, 15, 15, 15, 15, 15, 15, 15, 15, 15, 15, 15, 15, 15, 15, 10, 15, 15, 15, 15, 15, 15, 15, 15, 15, 15, 18, 18, 18, 15, 18, 15, 18, 15, 18, 18, 18, 15, 18, 18, 18, 18, 15, 18, 15, 18, 15, 18, 18, 18, 15, 18, 18, 18, 18, 15, 18, 15, 18, 15, 18, 18, 18, 15, 18, 18, 15, 10, 10, 18, 15, 18, 15, 18, 18, 20, 20, 20, 20, 18, 20, 20, 20, 20, 20, 20, 20, 18, 15, 20, 20, 20, 16, 20, 20, 20, 20, 20, 20, 20, 20, 20, 20, 18, 20, 20, 20, 20, 20, 20, 20, 18, 15, 20, 20, 20, 16, 20, 20, 20, 20, 20, 20, 20, 20, 20, 20, 18, 20, 20, 20, 20, 20, 20, 20, 18, 15, 20, 20, 20, 16, 20, 20, 20, 20, 20, 20, 20, 20, 20, 20, 18, 20, 20, 20, 20, 20, 20, 20, 18, 15, 20, 20, 20, 16, 18, 15] : <type 'list'>
heap0 = [2, 3, 3, 3, 3, 3, 3, 3, 2, 3, 3, 3, 10, 3, 3, 3, 8, 10, 10, 10, 10, 10, 10, 10, 10, 10, 3, 3, 3, 8, 10, 10, 10, 10, 10, 10, 10, 10, 10, 10, 10, 10, 10, 8, 3, 15, 15, 15, 15, 15, 15, 15, 15, 15, 15, 15, 15, 15, 15, 10, 15, 15, 15, 15, 15, 15, 15, 15, 15, 15, 15, 15, 15, 15, 15, 10, 15, 15, 15, 15, 15, 15, 15, 15, 15, 15, 18, 18, 18, 15, 18, 15, 18, 15, 18, 18, 18, 15, 18, 18, 18, 18, 15, 18, 15, 18, 15, 18, 18, 18, 15, 18, 18, 15, 10, 10, 18, 15, 18, 15, 18, 18, 20, 20, 20, 20, 18, 20, 20, 20, 20, 20, 20, 20, 18, 15, 20, 20, 20, 16, 20, 20, 20, 20, 20, 20, 20, 20, 20, 20, 18, 20, 20, 20, 20, 20, 20, 20, 18, 15, 20, 20, 20, 16, 20, 20, 20, 20, 20, 20, 20, 20, 20, 20, 18, 20, 20, 20, 20, 20, 20, 20, 18, 15, 20, 20, 20, 16, 18, 15] : <type 'list'>
=> heap0 = [2, 2, 3, 3, 3, 3, 3, 3, 3, 3, 3, 3, 2, 3, 3, 3, 3, 3, 3, 3, 3, 3, 3, 2, 3, 3, 3, 10, 3, 3, 3, 8, 10, 10, 10, 10, 10, 10, 10, 10, 10, 3, 3, 3, 8, 10, 10, 10, 10, 10, 10, 10, 10, 10, 3, 3, 3, 8, 10, 10, 10, 10, 10, 10, 10, 10, 10, 10, 10, 10, 10, 8, 3, 10, 3, 3, 3, 8, 10, 10, 10, 10, 10, 10, 10, 10, 10, 3, 3, 3, 8, 10, 10, 10, 10, 10, 10, 10, 10, 10, 10, 10, 10, 10, 8, 3, 15, 15, 15, 15, 15, 15, 15, 15, 15, 15, 15, 15, 15, 15, 10, 15, 15, 15, 15, 15, 15, 15, 15, 15, 15, 15, 15, 15, 15, 15, 10, 15, 15, 15, 15, 15, 15, 15, 15, 15, 15, 15, 15, 15, 15, 15, 10, 15, 15, 15, 15, 15, 15, 15, 15, 15, 15, 15, 15, 15, 15, 15, 15, 15, 15, 15, 15, 15, 15, 15, 15, 10, 15, 15, 15, 15, 15, 15, 15, 15, 15, 15, 15, 15, 15, 15, 15, 10, 15, 15, 15, 15, 15, 15, 15, 15, 15, 15, 18, 18, 18, 15, 18, 15, 18, 15, 18, 18, 18, 15, 18, 18, 18, 18, 15, 18, 15, 18, 15, 18, 18, 18, 15, 18, 18, 18, 18, 15, 18, 15, 18, 15, 18, 18, 18, 15, 18, 18, 15, 10, 10, 18, 15, 18, 15, 18, 18, 18, 18, 18, 15, 18, 15, 18, 15, 18, 18, 18, 15, 18, 18, 18, 18, 15, 18, 15, 18, 15, 18, 18, 18, 15, 18, 18, 15, 10, 10, 18, 15, 18, 15, 18, 18, 20, 20, 20, 20, 18, 20, 20, 20, 20, 20, 20, 20, 18, 15, 20, 20, 20, 16, 20, 20, 20, 20, 20, 20, 20, 20, 20, 20, 18, 20, 20, 20, 20, 20, 20, 20, 18, 15, 20, 20, 20, 16, 20, 20, 20, 20, 20, 20, 20, 20, 20, 20, 18, 20, 20, 20, 20, 20, 20, 20, 18, 15, 20, 20, 20, 16, 20, 20, 20, 20, 20, 20, 20, 20, 20, 20, 18, 20, 20, 20, 20, 20, 20, 20, 18, 15, 20, 20, 20, 16, 18, 15, 20, 20, 20, 20, 18, 20, 20, 20, 20, 20, 20, 20, 18, 15, 20, 20, 20, 16, 20, 20, 20, 20, 20, 20, 20, 20, 20, 20, 18, 20, 20, 20, 20, 20, 20, 20, 18, 15, 20, 20, 20, 16, 20, 20, 20, 20, 20, 20, 20, 20, 20, 20, 18, 20, 20, 20, 20, 20, 20, 20, 18, 15, 20, 20, 20, 16, 18, 15] : <type 'list'>
==================================================
heaps.heappush(heap1,int1)                                              # STEP 62
ACTION: heaps.heappush(heap1,int1) 
int1 = 14 : <type 'int'>
heap1 = [3, 3, 3, 4, 3, 3, 3, 10, 10, 10, 10, 10, 10, 10, 10, 10, 8, 15, 15, 15, 15, 15, 15, 15, 15, 15, 15, 15, 15, 15, 10, 15, 18, 18, 15, 15, 18, 15, 18, 15, 18, 18, 18, 15, 18, 20, 20, 20, 20, 18, 20, 20, 20, 20, 20, 20, 20, 18, 15, 20, 20, 20, 16, 20, 20, 20, 20, 20, 20, 18] : <type 'list'>
=> heap1 = [3, 3, 3, 4, 3, 3, 3, 10, 10, 10, 10, 10, 10, 10, 10, 10, 8, 15, 15, 15, 15, 15, 15, 15, 15, 15, 15, 15, 15, 15, 10, 15, 18, 18, 14, 15, 18, 15, 18, 15, 18, 18, 18, 15, 18, 20, 20, 20, 20, 18, 20, 20, 20, 20, 20, 20, 20, 18, 15, 20, 20, 20, 16, 20, 20, 20, 20, 20, 20, 18, 15] : <type 'list'>
==================================================
assert (min(heap0) == heaps.heappop(heap0))                             # STEP 63
ACTION: assert (min(heap0) == heaps.heappop(heap0)) 
heap0 = [2, 2, 3, 3, 3, 3, 3, 3, 3, 3, 3, 3, 2, 3, 3, 3, 3, 3, 3, 3, 3, 3, 3, 2, 3, 3, 3, 10, 3, 3, 3, 8, 10, 10, 10, 10, 10, 10, 10, 10, 10, 3, 3, 3, 8, 10, 10, 10, 10, 10, 10, 10, 10, 10, 3, 3, 3, 8, 10, 10, 10, 10, 10, 10, 10, 10, 10, 10, 10, 10, 10, 8, 3, 10, 3, 3, 3, 8, 10, 10, 10, 10, 10, 10, 10, 10, 10, 3, 3, 3, 8, 10, 10, 10, 10, 10, 10, 10, 10, 10, 10, 10, 10, 10, 8, 3, 15, 15, 15, 15, 15, 15, 15, 15, 15, 15, 15, 15, 15, 15, 10, 15, 15, 15, 15, 15, 15, 15, 15, 15, 15, 15, 15, 15, 15, 15, 10, 15, 15, 15, 15, 15, 15, 15, 15, 15, 15, 15, 15, 15, 15, 15, 10, 15, 15, 15, 15, 15, 15, 15, 15, 15, 15, 15, 15, 15, 15, 15, 15, 15, 15, 15, 15, 15, 15, 15, 15, 10, 15, 15, 15, 15, 15, 15, 15, 15, 15, 15, 15, 15, 15, 15, 15, 10, 15, 15, 15, 15, 15, 15, 15, 15, 15, 15, 18, 18, 18, 15, 18, 15, 18, 15, 18, 18, 18, 15, 18, 18, 18, 18, 15, 18, 15, 18, 15, 18, 18, 18, 15, 18, 18, 18, 18, 15, 18, 15, 18, 15, 18, 18, 18, 15, 18, 18, 15, 10, 10, 18, 15, 18, 15, 18, 18, 18, 18, 18, 15, 18, 15, 18, 15, 18, 18, 18, 15, 18, 18, 18, 18, 15, 18, 15, 18, 15, 18, 18, 18, 15, 18, 18, 15, 10, 10, 18, 15, 18, 15, 18, 18, 20, 20, 20, 20, 18, 20, 20, 20, 20, 20, 20, 20, 18, 15, 20, 20, 20, 16, 20, 20, 20, 20, 20, 20, 20, 20, 20, 20, 18, 20, 20, 20, 20, 20, 20, 20, 18, 15, 20, 20, 20, 16, 20, 20, 20, 20, 20, 20, 20, 20, 20, 20, 18, 20, 20, 20, 20, 20, 20, 20, 18, 15, 20, 20, 20, 16, 20, 20, 20, 20, 20, 20, 20, 20, 20, 20, 18, 20, 20, 20, 20, 20, 20, 20, 18, 15, 20, 20, 20, 16, 18, 15, 20, 20, 20, 20, 18, 20, 20, 20, 20, 20, 20, 20, 18, 15, 20, 20, 20, 16, 20, 20, 20, 20, 20, 20, 20, 20, 20, 20, 18, 20, 20, 20, 20, 20, 20, 20, 18, 15, 20, 20, 20, 16, 20, 20, 20, 20, 20, 20, 20, 20, 20, 20, 18, 20, 20, 20, 20, 20, 20, 20, 18, 15, 20, 20, 20, 16, 18, 15] : <type 'list'>
=> heap0 = [2, 3, 3, 3, 3, 3, 3, 3, 3, 3, 3, 3, 2, 3, 3, 8, 3, 3, 3, 3, 3, 3, 3, 2, 3, 3, 3, 10, 3, 3, 3, 10, 10, 10, 10, 10, 10, 10, 10, 10, 10, 3, 3, 3, 8, 10, 10, 10, 10, 10, 10, 10, 10, 10, 3, 3, 3, 8, 10, 10, 10, 10, 10, 15, 10, 10, 10, 10, 10, 10, 10, 8, 3, 10, 3, 3, 3, 8, 10, 10, 10, 10, 10, 10, 10, 10, 10, 3, 3, 3, 8, 10, 10, 10, 10, 10, 10, 10, 10, 10, 10, 10, 10, 10, 8, 3, 15, 15, 15, 15, 15, 15, 15, 15, 15, 15, 15, 15, 15, 15, 10, 15, 15, 15, 15, 15, 15, 15, 15, 15, 15, 15, 15, 15, 15, 15, 10, 15, 15, 15, 15, 15, 15, 15, 15, 15, 15, 15, 15, 15, 15, 15, 10, 15, 15, 15, 15, 15, 15, 15, 15, 15, 15, 15, 15, 15, 15, 15, 15, 15, 15, 15, 15, 15, 15, 15, 15, 10, 15, 15, 15, 15, 15, 15, 15, 15, 15, 15, 15, 15, 15, 15, 15, 10, 15, 15, 15, 15, 15, 15, 15, 15, 15, 15, 18, 18, 18, 15, 18, 15, 18, 15, 18, 18, 18, 15, 18, 18, 18, 18, 15, 18, 15, 18, 15, 18, 18, 18, 15, 18, 18, 18, 18, 15, 18, 15, 18, 15, 18, 18, 18, 15, 18, 18, 15, 10, 10, 18, 15, 18, 15, 18, 18, 18, 18, 18, 15, 18, 15, 18, 15, 18, 18, 18, 15, 18, 18, 18, 18, 15, 18, 15, 18, 15, 18, 18, 18, 15, 18, 18, 15, 10, 10, 18, 15, 18, 15, 18, 18, 20, 20, 20, 20, 18, 20, 20, 20, 20, 20, 20, 20, 18, 15, 20, 20, 20, 16, 20, 20, 20, 20, 20, 20, 20, 20, 20, 20, 18, 20, 20, 20, 20, 20, 20, 20, 18, 15, 20, 20, 20, 16, 20, 20, 20, 20, 20, 20, 20, 20, 20, 20, 18, 20, 20, 20, 20, 20, 20, 20, 18, 15, 20, 20, 20, 16, 20, 20, 20, 20, 20, 20, 20, 20, 20, 20, 18, 20, 20, 20, 20, 20, 20, 20, 18, 15, 20, 20, 20, 16, 18, 15, 20, 20, 20, 20, 18, 20, 20, 20, 20, 20, 20, 20, 18, 15, 20, 20, 20, 16, 20, 20, 20, 20, 20, 20, 20, 20, 20, 20, 18, 20, 20, 20, 20, 20, 20, 20, 18, 15, 20, 20, 20, 16, 20, 20, 20, 20, 20, 20, 20, 20, 20, 20, 18, 20, 20, 20, 20, 20, 20, 20, 18, 15, 20, 20, 20, 16, 18] : <type 'list'>
==================================================
heap2 = heaps.heapmerge(heap0,heap1)                                    # STEP 64
ACTION: heap2 = heaps.heapmerge(heap0,heap1) 
heap0 = [2, 3, 3, 3, 3, 3, 3, 3, 3, 3, 3, 3, 2, 3, 3, 8, 3, 3, 3, 3, 3, 3, 3, 2, 3, 3, 3, 10, 3, 3, 3, 10, 10, 10, 10, 10, 10, 10, 10, 10, 10, 3, 3, 3, 8, 10, 10, 10, 10, 10, 10, 10, 10, 10, 3, 3, 3, 8, 10, 10, 10, 10, 10, 15, 10, 10, 10, 10, 10, 10, 10, 8, 3, 10, 3, 3, 3, 8, 10, 10, 10, 10, 10, 10, 10, 10, 10, 3, 3, 3, 8, 10, 10, 10, 10, 10, 10, 10, 10, 10, 10, 10, 10, 10, 8, 3, 15, 15, 15, 15, 15, 15, 15, 15, 15, 15, 15, 15, 15, 15, 10, 15, 15, 15, 15, 15, 15, 15, 15, 15, 15, 15, 15, 15, 15, 15, 10, 15, 15, 15, 15, 15, 15, 15, 15, 15, 15, 15, 15, 15, 15, 15, 10, 15, 15, 15, 15, 15, 15, 15, 15, 15, 15, 15, 15, 15, 15, 15, 15, 15, 15, 15, 15, 15, 15, 15, 15, 10, 15, 15, 15, 15, 15, 15, 15, 15, 15, 15, 15, 15, 15, 15, 15, 10, 15, 15, 15, 15, 15, 15, 15, 15, 15, 15, 18, 18, 18, 15, 18, 15, 18, 15, 18, 18, 18, 15, 18, 18, 18, 18, 15, 18, 15, 18, 15, 18, 18, 18, 15, 18, 18, 18, 18, 15, 18, 15, 18, 15, 18, 18, 18, 15, 18, 18, 15, 10, 10, 18, 15, 18, 15, 18, 18, 18, 18, 18, 15, 18, 15, 18, 15, 18, 18, 18, 15, 18, 18, 18, 18, 15, 18, 15, 18, 15, 18, 18, 18, 15, 18, 18, 15, 10, 10, 18, 15, 18, 15, 18, 18, 20, 20, 20, 20, 18, 20, 20, 20, 20, 20, 20, 20, 18, 15, 20, 20, 20, 16, 20, 20, 20, 20, 20, 20, 20, 20, 20, 20, 18, 20, 20, 20, 20, 20, 20, 20, 18, 15, 20, 20, 20, 16, 20, 20, 20, 20, 20, 20, 20, 20, 20, 20, 18, 20, 20, 20, 20, 20, 20, 20, 18, 15, 20, 20, 20, 16, 20, 20, 20, 20, 20, 20, 20, 20, 20, 20, 18, 20, 20, 20, 20, 20, 20, 20, 18, 15, 20, 20, 20, 16, 18, 15, 20, 20, 20, 20, 18, 20, 20, 20, 20, 20, 20, 20, 18, 15, 20, 20, 20, 16, 20, 20, 20, 20, 20, 20, 20, 20, 20, 20, 18, 20, 20, 20, 20, 20, 20, 20, 18, 15, 20, 20, 20, 16, 20, 20, 20, 20, 20, 20, 20, 20, 20, 20, 18, 20, 20, 20, 20, 20, 20, 20, 18, 15, 20, 20, 20, 16, 18] : <type 'list'>
heap1 = [3, 3, 3, 4, 3, 3, 3, 10, 10, 10, 10, 10, 10, 10, 10, 10, 8, 15, 15, 15, 15, 15, 15, 15, 15, 15, 15, 15, 15, 15, 10, 15, 18, 18, 14, 15, 18, 15, 18, 15, 18, 18, 18, 15, 18, 20, 20, 20, 20, 18, 20, 20, 20, 20, 20, 20, 20, 18, 15, 20, 20, 20, 16, 20, 20, 20, 20, 20, 20, 18, 15] : <type 'list'>
heap2 = [2, 3, 3, 3, 3, 3, 3, 3, 3, 3, 3, 2, 3, 3, 3, 10, 3, 3, 3, 8, 10, 10, 10, 10, 10, 10, 10, 10, 10, 3, 3, 3, 8, 10, 10, 10, 10, 10, 10, 10, 10, 10, 3, 3, 3, 8, 10, 10, 10, 10, 10, 10, 10, 10, 10, 10, 10, 10, 10, 8, 3, 15, 15, 15, 15, 15, 15, 15, 15, 15, 15, 15, 15, 15, 15, 10, 15, 15, 15, 15, 15, 15, 15, 15, 15, 15, 15, 15, 15, 15, 15, 10, 15, 15, 15, 15, 15, 15, 15, 15, 15, 15, 15, 15, 15, 15, 15, 10, 15, 15, 15, 15, 15, 15, 15, 15, 15, 15, 18, 18, 18, 15, 18, 15, 18, 15, 18, 18, 18, 15, 18, 18, 18, 18, 15, 18, 15, 18, 15, 18, 18, 18, 15, 18, 18, 18, 18, 15, 18, 15, 18, 15, 18, 18, 18, 15, 18, 18, 15, 10, 10, 18, 15, 18, 15, 18, 18, 20, 20, 20, 20, 18, 20, 20, 20, 20, 20, 20, 20, 18, 15, 20, 20, 20, 16, 20, 20, 20, 20, 20, 20, 20, 20, 20, 20, 18, 20, 20, 20, 20, 20, 20, 20, 18, 15, 20, 20, 20, 16, 20, 20, 20, 20, 20, 20, 20, 20, 20, 20, 18, 20, 20, 20, 20, 20, 20, 20, 18, 15, 20, 20, 20, 16, 20, 20, 20, 20, 20, 20, 20, 20, 20, 20, 18, 20, 20, 20, 20, 20, 20, 20, 18, 15, 20, 20, 20, 16, 18, 15] : <type 'list'>
=> heap2 = [2, 3, 3, 3, 3, 3, 3, 3, 3, 3, 3, 3, 2, 3, 3, 3, 3, 3, 4, 3, 3, 3, 8, 3, 3, 3, 3, 3, 3, 3, 2, 3, 3, 3, 10, 3, 3, 3, 10, 10, 10, 10, 10, 10, 10, 10, 10, 10, 3, 3, 3, 8, 10, 10, 10, 10, 10, 10, 10, 10, 10, 3, 3, 3, 8, 10, 10, 10, 10, 10, 10, 10, 10, 10, 10, 10, 10, 10, 10, 8, 15, 10, 10, 10, 10, 10, 10, 10, 8, 3, 10, 3, 3, 3, 8, 10, 10, 10, 10, 10, 10, 10, 10, 10, 3, 3, 3, 8, 10, 10, 10, 10, 10, 10, 10, 10, 10, 10, 10, 10, 10, 8, 3, 15, 15, 15, 15, 15, 15, 15, 15, 15, 15, 15, 15, 15, 15, 10, 15, 15, 15, 15, 15, 15, 15, 15, 15, 15, 15, 15, 15, 15, 15, 10, 15, 15, 15, 15, 15, 15, 15, 15, 15, 15, 15, 15, 15, 15, 15, 10, 15, 15, 15, 15, 15, 15, 15, 15, 15, 15, 15, 15, 15, 15, 15, 15, 15, 15, 15, 15, 15, 15, 15, 15, 10, 15, 15, 15, 15, 15, 15, 15, 15, 15, 15, 15, 15, 15, 15, 15, 10, 15, 15, 15, 15, 15, 15, 15, 15, 15, 15, 15, 15, 15, 15, 15, 15, 15, 15, 15, 15, 15, 15, 15, 10, 15, 18, 18, 18, 15, 18, 15, 18, 15, 18, 18, 18, 15, 18, 18, 18, 18, 15, 18, 15, 18, 15, 18, 18, 18, 15, 18, 18, 18, 18, 15, 18, 15, 18, 15, 18, 18, 18, 15, 18, 18, 15, 10, 10, 18, 15, 18, 15, 18, 18, 18, 18, 18, 15, 18, 15, 18, 15, 18, 18, 18, 15, 18, 18, 18, 18, 15, 18, 15, 18, 15, 18, 18, 18, 15, 18, 18, 15, 10, 10, 18, 15, 18, 15, 18, 18, 18, 18, 14, 15, 18, 15, 18, 15, 18, 18, 18, 15, 18, 20, 20, 20, 20, 18, 20, 20, 20, 20, 20, 20, 20, 18, 15, 20, 20, 20, 16, 20, 20, 20, 20, 20, 20, 20, 20, 20, 20, 18, 20, 20, 20, 20, 20, 20, 20, 18, 15, 20, 20, 20, 16, 20, 20, 20, 20, 20, 20, 20, 20, 20, 20, 18, 20, 20, 20, 20, 20, 20, 20, 18, 15, 20, 20, 20, 16, 20, 20, 20, 20, 20, 20, 20, 20, 20, 20, 18, 20, 20, 20, 20, 20, 20, 20, 18, 15, 20, 20, 20, 16, 18, 15, 20, 20, 20, 20, 18, 20, 20, 20, 20, 20, 20, 20, 18, 15, 20, 20, 20, 16, 20, 20, 20, 20, 20, 20, 20, 20, 20, 20, 18, 20, 20, 20, 20, 20, 20, 20, 18, 15, 20, 20, 20, 16, 20, 20, 20, 20, 20, 20, 20, 20, 20, 20, 18, 20, 20, 20, 20, 20, 20, 20, 18, 15, 20, 20, 20, 16, 18, 20, 20, 20, 20, 18, 20, 20, 20, 20, 20, 20, 20, 18, 15, 20, 20, 20, 16, 20, 20, 20, 20, 20, 20, 18, 15] : <type 'list'>
==================================================
heaps.heappop(heap0)                                                    # STEP 65
ACTION: heaps.heappop(heap0) 
heap0 = [2, 3, 3, 3, 3, 3, 3, 3, 3, 3, 3, 3, 2, 3, 3, 8, 3, 3, 3, 3, 3, 3, 3, 2, 3, 3, 3, 10, 3, 3, 3, 10, 10, 10, 10, 10, 10, 10, 10, 10, 10, 3, 3, 3, 8, 10, 10, 10, 10, 10, 10, 10, 10, 10, 3, 3, 3, 8, 10, 10, 10, 10, 10, 15, 10, 10, 10, 10, 10, 10, 10, 8, 3, 10, 3, 3, 3, 8, 10, 10, 10, 10, 10, 10, 10, 10, 10, 3, 3, 3, 8, 10, 10, 10, 10, 10, 10, 10, 10, 10, 10, 10, 10, 10, 8, 3, 15, 15, 15, 15, 15, 15, 15, 15, 15, 15, 15, 15, 15, 15, 10, 15, 15, 15, 15, 15, 15, 15, 15, 15, 15, 15, 15, 15, 15, 15, 10, 15, 15, 15, 15, 15, 15, 15, 15, 15, 15, 15, 15, 15, 15, 15, 10, 15, 15, 15, 15, 15, 15, 15, 15, 15, 15, 15, 15, 15, 15, 15, 15, 15, 15, 15, 15, 15, 15, 15, 15, 10, 15, 15, 15, 15, 15, 15, 15, 15, 15, 15, 15, 15, 15, 15, 15, 10, 15, 15, 15, 15, 15, 15, 15, 15, 15, 15, 18, 18, 18, 15, 18, 15, 18, 15, 18, 18, 18, 15, 18, 18, 18, 18, 15, 18, 15, 18, 15, 18, 18, 18, 15, 18, 18, 18, 18, 15, 18, 15, 18, 15, 18, 18, 18, 15, 18, 18, 15, 10, 10, 18, 15, 18, 15, 18, 18, 18, 18, 18, 15, 18, 15, 18, 15, 18, 18, 18, 15, 18, 18, 18, 18, 15, 18, 15, 18, 15, 18, 18, 18, 15, 18, 18, 15, 10, 10, 18, 15, 18, 15, 18, 18, 20, 20, 20, 20, 18, 20, 20, 20, 20, 20, 20, 20, 18, 15, 20, 20, 20, 16, 20, 20, 20, 20, 20, 20, 20, 20, 20, 20, 18, 20, 20, 20, 20, 20, 20, 20, 18, 15, 20, 20, 20, 16, 20, 20, 20, 20, 20, 20, 20, 20, 20, 20, 18, 20, 20, 20, 20, 20, 20, 20, 18, 15, 20, 20, 20, 16, 20, 20, 20, 20, 20, 20, 20, 20, 20, 20, 18, 20, 20, 20, 20, 20, 20, 20, 18, 15, 20, 20, 20, 16, 18, 15, 20, 20, 20, 20, 18, 20, 20, 20, 20, 20, 20, 20, 18, 15, 20, 20, 20, 16, 20, 20, 20, 20, 20, 20, 20, 20, 20, 20, 18, 20, 20, 20, 20, 20, 20, 20, 18, 15, 20, 20, 20, 16, 20, 20, 20, 20, 20, 20, 20, 20, 20, 20, 18, 20, 20, 20, 20, 20, 20, 20, 18, 15, 20, 20, 20, 16, 18] : <type 'list'>
=> heap0 = [3, 3, 3, 3, 3, 3, 3, 3, 3, 3, 3, 3, 2, 3, 3, 8, 10, 3, 3, 3, 3, 3, 3, 2, 3, 3, 3, 10, 3, 3, 3, 10, 10, 10, 10, 10, 10, 10, 10, 10, 10, 3, 3, 3, 8, 10, 10, 10, 10, 10, 10, 10, 10, 10, 3, 3, 3, 8, 10, 10, 10, 10, 10, 15, 10, 10, 10, 10, 10, 10, 10, 8, 3, 10, 3, 3, 3, 8, 10, 10, 10, 10, 10, 10, 10, 10, 10, 3, 3, 3, 8, 10, 10, 10, 10, 10, 10, 10, 10, 10, 10, 10, 10, 10, 8, 3, 15, 15, 15, 15, 15, 15, 15, 15, 15, 15, 15, 15, 15, 15, 10, 15, 15, 15, 15, 15, 15, 15, 15, 15, 15, 15, 15, 15, 15, 15, 15, 15, 15, 15, 15, 15, 15, 15, 15, 15, 15, 15, 15, 15, 15, 15, 10, 15, 15, 15, 15, 15, 15, 15, 15, 15, 15, 15, 15, 15, 15, 15, 15, 15, 15, 15, 15, 15, 15, 15, 15, 10, 15, 15, 15, 15, 15, 15, 15, 15, 15, 15, 15, 15, 15, 15, 15, 10, 15, 15, 15, 15, 15, 15, 15, 15, 15, 15, 18, 18, 18, 15, 18, 15, 18, 15, 18, 18, 18, 15, 18, 18, 18, 18, 15, 18, 15, 18, 15, 18, 18, 18, 15, 18, 18, 18, 18, 15, 18, 15, 18, 15, 18, 18, 18, 15, 18, 18, 15, 10, 10, 18, 15, 18, 15, 18, 18, 18, 18, 18, 15, 18, 15, 18, 15, 18, 18, 18, 15, 18, 18, 18, 18, 15, 18, 15, 18, 18, 18, 18, 18, 15, 18, 18, 15, 10, 10, 18, 15, 18, 15, 18, 18, 20, 20, 20, 20, 18, 20, 20, 20, 20, 20, 20, 20, 18, 15, 20, 20, 20, 16, 20, 20, 20, 20, 20, 20, 20, 20, 20, 20, 18, 20, 20, 20, 20, 20, 20, 20, 18, 15, 20, 20, 20, 16, 20, 20, 20, 20, 20, 20, 20, 20, 20, 20, 18, 20, 20, 20, 20, 20, 20, 20, 18, 15, 20, 20, 20, 16, 20, 20, 20, 20, 20, 20, 20, 20, 20, 20, 18, 20, 20, 20, 20, 20, 20, 20, 18, 15, 20, 20, 20, 16, 18, 15, 20, 20, 20, 20, 18, 20, 20, 20, 20, 20, 20, 20, 18, 15, 20, 20, 20, 16, 20, 20, 20, 20, 20, 20, 20, 20, 20, 20, 18, 20, 20, 20, 20, 20, 20, 20, 18, 15, 20, 20, 20, 16, 20, 20, 20, 20, 20, 20, 20, 20, 20, 20, 18, 20, 20, 20, 20, 20, 20, 20, 18, 15, 20, 20, 20, 16] : <type 'list'>
==================================================
heaps.heappush(heap0,int0)                                              # STEP 66
ACTION: heaps.heappush(heap0,int0) 
int0 = 12 : <type 'int'>
heap0 = [3, 3, 3, 3, 3, 3, 3, 3, 3, 3, 3, 3, 2, 3, 3, 8, 10, 3, 3, 3, 3, 3, 3, 2, 3, 3, 3, 10, 3, 3, 3, 10, 10, 10, 10, 10, 10, 10, 10, 10, 10, 3, 3, 3, 8, 10, 10, 10, 10, 10, 10, 10, 10, 10, 3, 3, 3, 8, 10, 10, 10, 10, 10, 15, 10, 10, 10, 10, 10, 10, 10, 8, 3, 10, 3, 3, 3, 8, 10, 10, 10, 10, 10, 10, 10, 10, 10, 3, 3, 3, 8, 10, 10, 10, 10, 10, 10, 10, 10, 10, 10, 10, 10, 10, 8, 3, 15, 15, 15, 15, 15, 15, 15, 15, 15, 15, 15, 15, 15, 15, 10, 15, 15, 15, 15, 15, 15, 15, 15, 15, 15, 15, 15, 15, 15, 15, 15, 15, 15, 15, 15, 15, 15, 15, 15, 15, 15, 15, 15, 15, 15, 15, 10, 15, 15, 15, 15, 15, 15, 15, 15, 15, 15, 15, 15, 15, 15, 15, 15, 15, 15, 15, 15, 15, 15, 15, 15, 10, 15, 15, 15, 15, 15, 15, 15, 15, 15, 15, 15, 15, 15, 15, 15, 10, 15, 15, 15, 15, 15, 15, 15, 15, 15, 15, 18, 18, 18, 15, 18, 15, 18, 15, 18, 18, 18, 15, 18, 18, 18, 18, 15, 18, 15, 18, 15, 18, 18, 18, 15, 18, 18, 18, 18, 15, 18, 15, 18, 15, 18, 18, 18, 15, 18, 18, 15, 10, 10, 18, 15, 18, 15, 18, 18, 18, 18, 18, 15, 18, 15, 18, 15, 18, 18, 18, 15, 18, 18, 18, 18, 15, 18, 15, 18, 18, 18, 18, 18, 15, 18, 18, 15, 10, 10, 18, 15, 18, 15, 18, 18, 20, 20, 20, 20, 18, 20, 20, 20, 20, 20, 20, 20, 18, 15, 20, 20, 20, 16, 20, 20, 20, 20, 20, 20, 20, 20, 20, 20, 18, 20, 20, 20, 20, 20, 20, 20, 18, 15, 20, 20, 20, 16, 20, 20, 20, 20, 20, 20, 20, 20, 20, 20, 18, 20, 20, 20, 20, 20, 20, 20, 18, 15, 20, 20, 20, 16, 20, 20, 20, 20, 20, 20, 20, 20, 20, 20, 18, 20, 20, 20, 20, 20, 20, 20, 18, 15, 20, 20, 20, 16, 18, 15, 20, 20, 20, 20, 18, 20, 20, 20, 20, 20, 20, 20, 18, 15, 20, 20, 20, 16, 20, 20, 20, 20, 20, 20, 20, 20, 20, 20, 18, 20, 20, 20, 20, 20, 20, 20, 18, 15, 20, 20, 20, 16, 20, 20, 20, 20, 20, 20, 20, 20, 20, 20, 18, 20, 20, 20, 20, 20, 20, 20, 18, 15, 20, 20, 20, 16] : <type 'list'>
=> heap0 = [3, 3, 3, 3, 3, 3, 3, 3, 3, 3, 3, 3, 2, 3, 3, 8, 10, 3, 3, 3, 3, 3, 3, 2, 3, 3, 3, 10, 3, 3, 3, 10, 10, 10, 10, 10, 10, 10, 10, 10, 10, 3, 3, 3, 8, 10, 10, 10, 10, 10, 10, 10, 10, 10, 3, 3, 3, 8, 10, 10, 10, 10, 10, 15, 10, 10, 10, 10, 10, 10, 10, 8, 3, 10, 3, 3, 3, 8, 10, 10, 10, 10, 10, 10, 10, 10, 10, 3, 3, 3, 8, 10, 10, 10, 10, 10, 10, 10, 10, 10, 10, 10, 10, 10, 8, 3, 15, 15, 15, 15, 15, 12, 15, 15, 15, 15, 15, 15, 15, 15, 10, 15, 15, 15, 15, 15, 15, 15, 15, 15, 15, 15, 15, 15, 15, 15, 15, 15, 15, 15, 15, 15, 15, 15, 15, 15, 15, 15, 15, 15, 15, 15, 10, 15, 15, 15, 15, 15, 15, 15, 15, 15, 15, 15, 15, 15, 15, 15, 15, 15, 15, 15, 15, 15, 15, 15, 15, 10, 15, 15, 15, 15, 15, 15, 15, 15, 15, 15, 15, 15, 15, 15, 15, 10, 15, 15, 15, 15, 15, 15, 15, 15, 15, 15, 18, 18, 18, 15, 18, 15, 18, 15, 18, 18, 18, 15, 18, 18, 18, 18, 15, 18, 15, 15, 15, 18, 18, 18, 15, 18, 18, 18, 18, 15, 18, 15, 18, 15, 18, 18, 18, 15, 18, 18, 15, 10, 10, 18, 15, 18, 15, 18, 18, 18, 18, 18, 15, 18, 15, 18, 15, 18, 18, 18, 15, 18, 18, 18, 18, 15, 18, 15, 18, 18, 18, 18, 18, 15, 18, 18, 15, 10, 10, 18, 15, 18, 15, 18, 18, 20, 20, 20, 20, 18, 20, 20, 20, 20, 20, 20, 20, 18, 15, 20, 20, 20, 16, 20, 20, 20, 20, 20, 20, 20, 20, 20, 20, 18, 20, 20, 20, 20, 20, 20, 20, 18, 15, 20, 20, 20, 16, 20, 20, 20, 20, 20, 20, 20, 20, 20, 20, 18, 20, 20, 20, 20, 20, 20, 20, 18, 15, 20, 20, 20, 16, 20, 20, 20, 20, 20, 20, 20, 20, 20, 20, 18, 20, 20, 20, 20, 20, 20, 20, 18, 15, 20, 20, 20, 16, 18, 15, 20, 20, 20, 20, 18, 20, 20, 20, 20, 20, 20, 20, 18, 15, 20, 20, 20, 16, 20, 20, 20, 20, 20, 20, 20, 20, 20, 20, 18, 20, 20, 20, 20, 20, 20, 20, 18, 15, 20, 20, 20, 16, 20, 20, 20, 20, 20, 20, 20, 20, 20, 20, 18, 20, 20, 20, 20, 20, 20, 20, 18, 15, 20, 20, 20, 16, 18] : <type 'list'>
==================================================
heap1 = heaps.heapmerge(heap1,heap2)                                    # STEP 67
ACTION: heap1 = heaps.heapmerge(heap1,heap2) 
heap1 = [3, 3, 3, 4, 3, 3, 3, 10, 10, 10, 10, 10, 10, 10, 10, 10, 8, 15, 15, 15, 15, 15, 15, 15, 15, 15, 15, 15, 15, 15, 10, 15, 18, 18, 14, 15, 18, 15, 18, 15, 18, 18, 18, 15, 18, 20, 20, 20, 20, 18, 20, 20, 20, 20, 20, 20, 20, 18, 15, 20, 20, 20, 16, 20, 20, 20, 20, 20, 20, 18, 15] : <type 'list'>
heap2 = [2, 3, 3, 3, 3, 3, 3, 3, 3, 3, 3, 3, 2, 3, 3, 3, 3, 3, 4, 3, 3, 3, 8, 3, 3, 3, 3, 3, 3, 3, 2, 3, 3, 3, 10, 3, 3, 3, 10, 10, 10, 10, 10, 10, 10, 10, 10, 10, 3, 3, 3, 8, 10, 10, 10, 10, 10, 10, 10, 10, 10, 3, 3, 3, 8, 10, 10, 10, 10, 10, 10, 10, 10, 10, 10, 10, 10, 10, 10, 8, 15, 10, 10, 10, 10, 10, 10, 10, 8, 3, 10, 3, 3, 3, 8, 10, 10, 10, 10, 10, 10, 10, 10, 10, 3, 3, 3, 8, 10, 10, 10, 10, 10, 10, 10, 10, 10, 10, 10, 10, 10, 8, 3, 15, 15, 15, 15, 15, 15, 15, 15, 15, 15, 15, 15, 15, 15, 10, 15, 15, 15, 15, 15, 15, 15, 15, 15, 15, 15, 15, 15, 15, 15, 10, 15, 15, 15, 15, 15, 15, 15, 15, 15, 15, 15, 15, 15, 15, 15, 10, 15, 15, 15, 15, 15, 15, 15, 15, 15, 15, 15, 15, 15, 15, 15, 15, 15, 15, 15, 15, 15, 15, 15, 15, 10, 15, 15, 15, 15, 15, 15, 15, 15, 15, 15, 15, 15, 15, 15, 15, 10, 15, 15, 15, 15, 15, 15, 15, 15, 15, 15, 15, 15, 15, 15, 15, 15, 15, 15, 15, 15, 15, 15, 15, 10, 15, 18, 18, 18, 15, 18, 15, 18, 15, 18, 18, 18, 15, 18, 18, 18, 18, 15, 18, 15, 18, 15, 18, 18, 18, 15, 18, 18, 18, 18, 15, 18, 15, 18, 15, 18, 18, 18, 15, 18, 18, 15, 10, 10, 18, 15, 18, 15, 18, 18, 18, 18, 18, 15, 18, 15, 18, 15, 18, 18, 18, 15, 18, 18, 18, 18, 15, 18, 15, 18, 15, 18, 18, 18, 15, 18, 18, 15, 10, 10, 18, 15, 18, 15, 18, 18, 18, 18, 14, 15, 18, 15, 18, 15, 18, 18, 18, 15, 18, 20, 20, 20, 20, 18, 20, 20, 20, 20, 20, 20, 20, 18, 15, 20, 20, 20, 16, 20, 20, 20, 20, 20, 20, 20, 20, 20, 20, 18, 20, 20, 20, 20, 20, 20, 20, 18, 15, 20, 20, 20, 16, 20, 20, 20, 20, 20, 20, 20, 20, 20, 20, 18, 20, 20, 20, 20, 20, 20, 20, 18, 15, 20, 20, 20, 16, 20, 20, 20, 20, 20, 20, 20, 20, 20, 20, 18, 20, 20, 20, 20, 20, 20, 20, 18, 15, 20, 20, 20, 16, 18, 15, 20, 20, 20, 20, 18, 20, 20, 20, 20, 20, 20, 20, 18, 15, 20, 20, 20, 16, 20, 20, 20, 20, 20, 20, 20, 20, 20, 20, 18, 20, 20, 20, 20, 20, 20, 20, 18, 15, 20, 20, 20, 16, 20, 20, 20, 20, 20, 20, 20, 20, 20, 20, 18, 20, 20, 20, 20, 20, 20, 20, 18, 15, 20, 20, 20, 16, 18, 20, 20, 20, 20, 18, 20, 20, 20, 20, 20, 20, 20, 18, 15, 20, 20, 20, 16, 20, 20, 20, 20, 20, 20, 18, 15] : <type 'list'>
=> heap1 = [2, 3, 3, 3, 3, 3, 3, 3, 3, 3, 3, 3, 3, 3, 3, 2, 3, 3, 3, 3, 3, 4, 3, 3, 3, 4, 3, 3, 3, 8, 3, 3, 3, 3, 3, 3, 3, 2, 3, 3, 3, 10, 10, 10, 10, 10, 10, 10, 10, 10, 8, 10, 3, 3, 3, 10, 10, 10, 10, 10, 10, 10, 10, 10, 10, 3, 3, 3, 8, 10, 10, 10, 10, 10, 10, 10, 10, 10, 3, 3, 3, 8, 10, 10, 10, 10, 10, 10, 10, 10, 10, 10, 10, 10, 10, 10, 8, 15, 15, 15, 15, 15, 15, 15, 15, 15, 15, 15, 15, 15, 10, 15, 15, 10, 10, 10, 10, 10, 10, 10, 8, 3, 10, 3, 3, 3, 8, 10, 10, 10, 10, 10, 10, 10, 10, 10, 3, 3, 3, 8, 10, 10, 10, 10, 10, 10, 10, 10, 10, 10, 10, 10, 10, 8, 3, 15, 15, 15, 15, 15, 15, 15, 15, 15, 15, 15, 15, 15, 15, 10, 15, 15, 15, 15, 15, 15, 15, 15, 15, 15, 15, 15, 15, 15, 15, 10, 15, 15, 15, 15, 15, 15, 15, 15, 15, 15, 15, 15, 15, 15, 15, 10, 15, 15, 15, 15, 15, 15, 15, 15, 15, 15, 15, 15, 15, 15, 15, 15, 15, 15, 15, 15, 15, 15, 15, 15, 10, 15, 15, 15, 15, 15, 15, 15, 15, 15, 15, 15, 15, 15, 15, 15, 10, 15, 15, 15, 15, 15, 15, 15, 15, 15, 15, 15, 15, 15, 15, 15, 15, 15, 15, 15, 15, 15, 15, 15, 10, 15, 18, 18, 14, 15, 18, 15, 18, 15, 18, 18, 18, 15, 18, 18, 18, 18, 15, 18, 15, 18, 15, 18, 18, 18, 15, 18, 18, 18, 18, 15, 18, 15, 18, 15, 18, 18, 18, 15, 18, 18, 18, 18, 15, 18, 15, 18, 15, 18, 18, 18, 15, 18, 18, 15, 10, 10, 18, 15, 18, 15, 18, 18, 18, 18, 18, 15, 18, 15, 18, 15, 18, 18, 18, 15, 18, 18, 18, 18, 15, 18, 15, 18, 15, 18, 18, 18, 15, 18, 18, 15, 10, 10, 18, 15, 18, 15, 18, 18, 18, 18, 14, 15, 18, 15, 18, 15, 18, 18, 18, 15, 18, 20, 20, 20, 20, 18, 20, 20, 20, 20, 20, 20, 20, 18, 15, 20, 20, 20, 16, 20, 20, 20, 20, 20, 20, 18, 15, 20, 20, 20, 20, 18, 20, 20, 20, 20, 20, 20, 20, 18, 15, 20, 20, 20, 16, 20, 20, 20, 20, 20, 20, 20, 20, 20, 20, 18, 20, 20, 20, 20, 20, 20, 20, 18, 15, 20, 20, 20, 16, 20, 20, 20, 20, 20, 20, 20, 20, 20, 20, 18, 20, 20, 20, 20, 20, 20, 20, 18, 15, 20, 20, 20, 16, 20, 20, 20, 20, 20, 20, 20, 20, 20, 20, 18, 20, 20, 20, 20, 20, 20, 20, 18, 15, 20, 20, 20, 16, 18, 15, 20, 20, 20, 20, 18, 20, 20, 20, 20, 20, 20, 20, 18, 15, 20, 20, 20, 16, 20, 20, 20, 20, 20, 20, 20, 20, 20, 20, 18, 20, 20, 20, 20, 20, 20, 20, 18, 15, 20, 20, 20, 16, 20, 20, 20, 20, 20, 20, 20, 20, 20, 20, 18, 20, 20, 20, 20, 20, 20, 20, 18, 15, 20, 20, 20, 16, 18, 20, 20, 20, 20, 18, 20, 20, 20, 20, 20, 20, 20, 18, 15, 20, 20, 20, 16, 20, 20, 20, 20, 20, 20, 18, 15] : <type 'list'>
==================================================
heaps.heappop(heap0)                                                    # STEP 68
ACTION: heaps.heappop(heap0) 
heap0 = [3, 3, 3, 3, 3, 3, 3, 3, 3, 3, 3, 3, 2, 3, 3, 8, 10, 3, 3, 3, 3, 3, 3, 2, 3, 3, 3, 10, 3, 3, 3, 10, 10, 10, 10, 10, 10, 10, 10, 10, 10, 3, 3, 3, 8, 10, 10, 10, 10, 10, 10, 10, 10, 10, 3, 3, 3, 8, 10, 10, 10, 10, 10, 15, 10, 10, 10, 10, 10, 10, 10, 8, 3, 10, 3, 3, 3, 8, 10, 10, 10, 10, 10, 10, 10, 10, 10, 3, 3, 3, 8, 10, 10, 10, 10, 10, 10, 10, 10, 10, 10, 10, 10, 10, 8, 3, 15, 15, 15, 15, 15, 12, 15, 15, 15, 15, 15, 15, 15, 15, 10, 15, 15, 15, 15, 15, 15, 15, 15, 15, 15, 15, 15, 15, 15, 15, 15, 15, 15, 15, 15, 15, 15, 15, 15, 15, 15, 15, 15, 15, 15, 15, 10, 15, 15, 15, 15, 15, 15, 15, 15, 15, 15, 15, 15, 15, 15, 15, 15, 15, 15, 15, 15, 15, 15, 15, 15, 10, 15, 15, 15, 15, 15, 15, 15, 15, 15, 15, 15, 15, 15, 15, 15, 10, 15, 15, 15, 15, 15, 15, 15, 15, 15, 15, 18, 18, 18, 15, 18, 15, 18, 15, 18, 18, 18, 15, 18, 18, 18, 18, 15, 18, 15, 15, 15, 18, 18, 18, 15, 18, 18, 18, 18, 15, 18, 15, 18, 15, 18, 18, 18, 15, 18, 18, 15, 10, 10, 18, 15, 18, 15, 18, 18, 18, 18, 18, 15, 18, 15, 18, 15, 18, 18, 18, 15, 18, 18, 18, 18, 15, 18, 15, 18, 18, 18, 18, 18, 15, 18, 18, 15, 10, 10, 18, 15, 18, 15, 18, 18, 20, 20, 20, 20, 18, 20, 20, 20, 20, 20, 20, 20, 18, 15, 20, 20, 20, 16, 20, 20, 20, 20, 20, 20, 20, 20, 20, 20, 18, 20, 20, 20, 20, 20, 20, 20, 18, 15, 20, 20, 20, 16, 20, 20, 20, 20, 20, 20, 20, 20, 20, 20, 18, 20, 20, 20, 20, 20, 20, 20, 18, 15, 20, 20, 20, 16, 20, 20, 20, 20, 20, 20, 20, 20, 20, 20, 18, 20, 20, 20, 20, 20, 20, 20, 18, 15, 20, 20, 20, 16, 18, 15, 20, 20, 20, 20, 18, 20, 20, 20, 20, 20, 20, 20, 18, 15, 20, 20, 20, 16, 20, 20, 20, 20, 20, 20, 20, 20, 20, 20, 18, 20, 20, 20, 20, 20, 20, 20, 18, 15, 20, 20, 20, 16, 20, 20, 20, 20, 20, 20, 20, 20, 20, 20, 18, 20, 20, 20, 20, 20, 20, 20, 18, 15, 20, 20, 20, 16, 18] : <type 'list'>
=> heap0 = [3, 3, 3, 3, 3, 3, 3, 8, 3, 3, 3, 3, 2, 3, 3, 10, 10, 3, 3, 3, 3, 3, 3, 2, 3, 3, 3, 10, 3, 3, 3, 10, 10, 10, 10, 10, 10, 10, 10, 10, 10, 3, 3, 3, 8, 10, 10, 10, 10, 10, 10, 10, 10, 10, 3, 3, 3, 8, 10, 10, 10, 10, 10, 15, 15, 10, 10, 10, 10, 10, 10, 8, 3, 10, 3, 3, 3, 8, 10, 10, 10, 10, 10, 10, 10, 10, 10, 3, 3, 3, 8, 10, 10, 10, 10, 10, 10, 10, 10, 10, 10, 10, 10, 10, 8, 3, 15, 15, 15, 15, 15, 12, 15, 15, 15, 15, 15, 15, 15, 15, 10, 15, 15, 15, 15, 15, 15, 15, 15, 15, 15, 15, 15, 15, 15, 15, 15, 15, 15, 15, 15, 15, 15, 15, 15, 15, 15, 15, 15, 15, 15, 15, 10, 15, 15, 15, 15, 15, 15, 15, 15, 15, 15, 15, 15, 15, 15, 15, 15, 15, 15, 15, 15, 15, 15, 15, 15, 10, 15, 15, 15, 15, 15, 15, 15, 15, 15, 15, 15, 15, 15, 15, 15, 10, 15, 15, 15, 15, 15, 15, 15, 15, 15, 15, 18, 18, 18, 15, 18, 15, 18, 15, 18, 18, 18, 15, 18, 18, 18, 18, 15, 18, 15, 15, 15, 18, 18, 18, 15, 18, 18, 18, 18, 15, 18, 15, 18, 15, 18, 18, 18, 15, 18, 18, 15, 10, 10, 18, 15, 18, 15, 18, 18, 18, 18, 18, 15, 18, 15, 18, 18, 18, 18, 18, 15, 18, 18, 18, 18, 15, 18, 15, 18, 18, 18, 18, 18, 15, 18, 18, 15, 10, 10, 18, 15, 18, 15, 18, 18, 20, 20, 20, 20, 18, 20, 20, 20, 20, 20, 20, 20, 18, 15, 20, 20, 20, 16, 20, 20, 20, 20, 20, 20, 20, 20, 20, 20, 18, 20, 20, 20, 20, 20, 20, 20, 18, 15, 20, 20, 20, 16, 20, 20, 20, 20, 20, 20, 20, 20, 20, 20, 18, 20, 20, 20, 20, 20, 20, 20, 18, 15, 20, 20, 20, 16, 20, 20, 20, 20, 20, 20, 20, 20, 20, 20, 18, 20, 20, 20, 20, 20, 20, 20, 18, 15, 20, 20, 20, 16, 18, 15, 20, 20, 20, 20, 18, 20, 20, 20, 20, 20, 20, 20, 18, 15, 20, 20, 20, 16, 20, 20, 20, 20, 20, 20, 20, 20, 20, 20, 18, 20, 20, 20, 20, 20, 20, 20, 18, 15, 20, 20, 20, 16, 20, 20, 20, 20, 20, 20, 20, 20, 20, 20, 18, 20, 20, 20, 20, 20, 20, 20, 18, 15, 20, 20, 20, 16] : <type 'list'>
==================================================
assert (min(heap0) == heaps.heappop(heap0))                             # STEP 69
ACTION: assert (min(heap0) == heaps.heappop(heap0)) 
heap0 = [3, 3, 3, 3, 3, 3, 3, 8, 3, 3, 3, 3, 2, 3, 3, 10, 10, 3, 3, 3, 3, 3, 3, 2, 3, 3, 3, 10, 3, 3, 3, 10, 10, 10, 10, 10, 10, 10, 10, 10, 10, 3, 3, 3, 8, 10, 10, 10, 10, 10, 10, 10, 10, 10, 3, 3, 3, 8, 10, 10, 10, 10, 10, 15, 15, 10, 10, 10, 10, 10, 10, 8, 3, 10, 3, 3, 3, 8, 10, 10, 10, 10, 10, 10, 10, 10, 10, 3, 3, 3, 8, 10, 10, 10, 10, 10, 10, 10, 10, 10, 10, 10, 10, 10, 8, 3, 15, 15, 15, 15, 15, 12, 15, 15, 15, 15, 15, 15, 15, 15, 10, 15, 15, 15, 15, 15, 15, 15, 15, 15, 15, 15, 15, 15, 15, 15, 15, 15, 15, 15, 15, 15, 15, 15, 15, 15, 15, 15, 15, 15, 15, 15, 10, 15, 15, 15, 15, 15, 15, 15, 15, 15, 15, 15, 15, 15, 15, 15, 15, 15, 15, 15, 15, 15, 15, 15, 15, 10, 15, 15, 15, 15, 15, 15, 15, 15, 15, 15, 15, 15, 15, 15, 15, 10, 15, 15, 15, 15, 15, 15, 15, 15, 15, 15, 18, 18, 18, 15, 18, 15, 18, 15, 18, 18, 18, 15, 18, 18, 18, 18, 15, 18, 15, 15, 15, 18, 18, 18, 15, 18, 18, 18, 18, 15, 18, 15, 18, 15, 18, 18, 18, 15, 18, 18, 15, 10, 10, 18, 15, 18, 15, 18, 18, 18, 18, 18, 15, 18, 15, 18, 18, 18, 18, 18, 15, 18, 18, 18, 18, 15, 18, 15, 18, 18, 18, 18, 18, 15, 18, 18, 15, 10, 10, 18, 15, 18, 15, 18, 18, 20, 20, 20, 20, 18, 20, 20, 20, 20, 20, 20, 20, 18, 15, 20, 20, 20, 16, 20, 20, 20, 20, 20, 20, 20, 20, 20, 20, 18, 20, 20, 20, 20, 20, 20, 20, 18, 15, 20, 20, 20, 16, 20, 20, 20, 20, 20, 20, 20, 20, 20, 20, 18, 20, 20, 20, 20, 20, 20, 20, 18, 15, 20, 20, 20, 16, 20, 20, 20, 20, 20, 20, 20, 20, 20, 20, 18, 20, 20, 20, 20, 20, 20, 20, 18, 15, 20, 20, 20, 16, 18, 15, 20, 20, 20, 20, 18, 20, 20, 20, 20, 20, 20, 20, 18, 15, 20, 20, 20, 16, 20, 20, 20, 20, 20, 20, 20, 20, 20, 20, 18, 20, 20, 20, 20, 20, 20, 20, 18, 15, 20, 20, 20, 16, 20, 20, 20, 20, 20, 20, 20, 20, 20, 20, 18, 20, 20, 20, 20, 20, 20, 20, 18, 15, 20, 20, 20, 16] : <type 'list'>
RAISED EXCEPTION: <type 'exceptions.AssertionError'> 
=> heap0 = [3, 3, 3, 3, 3, 3, 3, 8, 3, 3, 3, 3, 2, 3, 3, 10, 10, 10, 3, 3, 3, 3, 3, 2, 3, 3, 3, 10, 3, 3, 3, 10, 10, 10, 10, 3, 10, 10, 10, 10, 10, 3, 3, 3, 8, 10, 10, 10, 10, 10, 10, 10, 10, 10, 3, 3, 3, 8, 10, 10, 10, 10, 10, 15, 15, 10, 10, 10, 10, 10, 10, 8, 15, 10, 3, 3, 3, 8, 10, 10, 10, 10, 10, 10, 10, 10, 10, 3, 3, 3, 8, 10, 10, 10, 10, 10, 10, 10, 10, 10, 10, 10, 10, 10, 8, 3, 15, 15, 15, 15, 15, 12, 15, 15, 15, 15, 15, 15, 15, 15, 10, 15, 15, 15, 15, 15, 15, 15, 15, 15, 15, 15, 15, 15, 15, 15, 15, 15, 15, 15, 15, 15, 15, 15, 15, 16, 15, 15, 15, 15, 15, 15, 10, 15, 15, 15, 15, 15, 15, 15, 15, 15, 15, 15, 15, 15, 15, 15, 15, 15, 15, 15, 15, 15, 15, 15, 15, 10, 15, 15, 15, 15, 15, 15, 15, 15, 15, 15, 15, 15, 15, 15, 15, 10, 15, 15, 15, 15, 15, 15, 15, 15, 15, 15, 18, 18, 18, 15, 18, 15, 18, 15, 18, 18, 18, 15, 18, 18, 18, 18, 15, 18, 15, 15, 15, 18, 18, 18, 15, 18, 18, 18, 18, 15, 18, 15, 18, 15, 18, 18, 18, 15, 18, 18, 15, 10, 10, 18, 15, 18, 15, 18, 18, 18, 18, 18, 15, 18, 15, 18, 18, 18, 18, 18, 15, 18, 18, 18, 18, 15, 18, 15, 18, 18, 18, 18, 18, 15, 18, 18, 15, 10, 10, 18, 15, 18, 15, 18, 18, 20, 20, 20, 20, 18, 20, 20, 20, 20, 20, 20, 20, 18, 15, 20, 20, 20, 16, 20, 20, 20, 20, 20, 20, 20, 20, 20, 20, 18, 20, 20, 20, 20, 20, 20, 20, 18, 15, 20, 20, 20, 16, 20, 20, 20, 20, 20, 20, 20, 20, 20, 20, 18, 20, 20, 20, 20, 20, 20, 20, 18, 15, 20, 20, 20, 16, 20, 20, 20, 20, 20, 20, 20, 20, 20, 20, 18, 20, 20, 20, 20, 20, 20, 20, 18, 15, 20, 20, 20, 16, 18, 15, 20, 20, 20, 20, 18, 20, 20, 20, 20, 20, 20, 20, 18, 15, 20, 20, 20, 16, 20, 20, 20, 20, 20, 20, 20, 20, 20, 20, 18, 20, 20, 20, 20, 20, 20, 20, 18, 15, 20, 20, 20, 16, 20, 20, 20, 20, 20, 20, 20, 20, 20, 20, 18, 20, 20, 20, 20, 20, 20, 20, 18, 15, 20, 20, 20] : <type 'list'>
ERROR: (<type 'exceptions.AssertionError'>, AssertionError(), <traceback object at 0x1039d57e8>)
TRACEBACK:
  File "/Users/alex/tstl/examples/hypothesis_heaps/sut.py", line 7453, in safely
    act[2]()
  File "/Users/alex/tstl/examples/hypothesis_heaps/sut.py", line 5100, in act148
    assert (min(self.p_heap[0]) == heaps.heappop(self.p_heap[0]))
FAILURE IS NEW, STORING; NOW 1 DISTINCT FAILURES
TEST #10 STEP #24 (0:00:30.009786) Sun Apr 30 04:00:35 2017 [ 41 stmts 58 branches ]
STOPPING TEST DUE TO TIMEOUT, TERMINATED AT LENGTH 22
STOPPING TESTING DUE TO TIMEOUT
15.6186612576 PERCENT COVERED
60.0800309181 TOTAL RUNTIME
19 EXECUTED
1792 TOTAL TEST OPERATIONS
29.7156164646 TIME SPENT EXECUTING TEST OPERATIONS
0.0694167613983 TIME SPENT EVALUATING GUARDS AND CHOOSING ACTIONS
29.0268235207 TIME SPENT CHECKING PROPERTIES
58.7424399853 TOTAL TIME SPENT RUNNING SUT
0.0135502815247 TIME SPENT RESTARTING
0.0 TIME SPENT REDUCING TEST CASES
1 FAILED
0 REPEATS OF FAILURES
1 ACTUAL DISTINCT FAILURES

FAILURE 0
int0 = 15                                                                # STEP 0
int4 = 3                                                                 # STEP 1
int1 = 18                                                                # STEP 2
int3 = 9                                                                 # STEP 3
int2 = 15                                                                # STEP 4
heap2 = heaps.heapnew()                                                  # STEP 5
heaps.heappush(heap2,int1)                                               # STEP 6
int1 = 8                                                                 # STEP 7
heaps.heappush(heap2,int0)                                               # STEP 8
int0 = 20                                                                # STEP 9
heaps.heappush(heap2,int4)                                              # STEP 10
int4 = 11                                                               # STEP 11
heap1 = heaps.heapmerge(heap2,heap2)                                    # STEP 12
heaps.heappush(heap1,int4)                                              # STEP 13
int4 = 19                                                               # STEP 14
heaps.heappush(heap2,int2)                                              # STEP 15
heaps.heappop(heap1)                                                    # STEP 16
heaps.heappush(heap1,int3)                                              # STEP 17
int2 = 8                                                                # STEP 18
int3 = 10                                                               # STEP 19
heap0 = heaps.heapnew()                                                 # STEP 20
heaps.heappush(heap0,int0)                                              # STEP 21
heaps.heappush(heap2,int3)                                              # STEP 22
heap1 = heaps.heapmerge(heap0,heap1)                                    # STEP 23
heap0 = heaps.heapmerge(heap0,heap2)                                    # STEP 24
heaps.heappush(heap0,int0)                                              # STEP 25
heaps.heappush(heap1,int4)                                              # STEP 26
heaps.heappush(heap1,int1)                                              # STEP 27
heaps.heappush(heap1,int4)                                              # STEP 28
heap1 = heaps.heapmerge(heap0,heap0)                                    # STEP 29
int4 = 15                                                               # STEP 30
int1 = 16                                                               # STEP 31
int0 = 18                                                               # STEP 32
heap2 = heaps.heapmerge(heap0,heap0)                                    # STEP 33
heaps.heappop(heap0)                                                    # STEP 34
heaps.heappop(heap2)                                                    # STEP 35
int3 = 1                                                                # STEP 36
heap0 = heaps.heapmerge(heap1,heap0)                                    # STEP 37
heap2 = heaps.heapmerge(heap0,heap2)                                    # STEP 38
heaps.heappush(heap2,int1)                                              # STEP 39
heaps.heappush(heap1,int0)                                              # STEP 40
heap1 = heaps.heapmerge(heap1,heap2)                                    # STEP 41
heap2 = heaps.heapnew()                                                 # STEP 42
int0 = 2                                                                # STEP 43
heaps.heappush(heap2,int0)                                              # STEP 44
heaps.heappush(heap0,int2)                                              # STEP 45
heap2 = heaps.heapmerge(heap1,heap2)                                    # STEP 46
heap1 = heaps.heapmerge(heap1,heap0)                                    # STEP 47
heaps.heappop(heap1)                                                    # STEP 48
heaps.heappush(heap2,int2)                                              # STEP 49
heaps.heappush(heap2,int0)                                              # STEP 50
heap2 = heaps.heapmerge(heap1,heap2)                                    # STEP 51
int2 = 8                                                                # STEP 52
int1 = 15                                                               # STEP 53
heap0 = heaps.heapmerge(heap1,heap2)                                    # STEP 54
heaps.heappush(heap2,int1)                                              # STEP 55
int1 = 4                                                                # STEP 56
int0 = 12                                                               # STEP 57
heap2 = heaps.heapmerge(heap1,heap0)                                    # STEP 58
heaps.heappush(heap1,int1)                                              # STEP 59
int1 = 14                                                               # STEP 60
heap0 = heaps.heapmerge(heap2,heap0)                                    # STEP 61
heaps.heappush(heap1,int1)                                              # STEP 62
assert (min(heap0) == heaps.heappop(heap0))                             # STEP 63
heap2 = heaps.heapmerge(heap0,heap1)                                    # STEP 64
heaps.heappop(heap0)                                                    # STEP 65
heaps.heappush(heap0,int0)                                              # STEP 66
heap1 = heaps.heapmerge(heap1,heap2)                                    # STEP 67
heaps.heappop(heap0)                                                    # STEP 68
assert (min(heap0) == heaps.heappop(heap0))                             # STEP 69
ERROR: (<type 'exceptions.AssertionError'>, AssertionError(), <traceback object at 0x1039d57e8>)
TRACEBACK:
  File "/Users/alex/tstl/examples/hypothesis_heaps/sut.py", line 7453, in safely
    act[2]()
  File "/Users/alex/tstl/examples/hypothesis_heaps/sut.py", line 5100, in act148
    assert (min(self.p_heap[0]) == heaps.heappop(self.p_heap[0]))
58 BRANCHES COVERED
41 STATEMENTS COVERED
