Random testing using config=Config(swarmSwitch=None, verbose=False, reducePool=False, failedLogging=None, exploitBestHint=1, greedyStutter=False, exploit=None, seed=None, generalize=False, useHints=False, localize=False, total=False, speed='FAST', probs='locsample.probs', normalize=False, verboseExploit=False, highLowSwarm=None, replayable=False, essentials=False, noCoverageExploit=False, quickTests=False, relax=False, internal=False, uniqueValuesAnalysis=False, swarm=False, html=None, fastQuickAnalysis=False, progress=False, swarmLength=None, profile=False, LOCBaseline=0.2, full=True, multiple=True, timedProgress=30, silentFail=False, stopWhenStatements=None, swarmP=0.5, stopWhenBranches=None, noAlphaConvert=False, coverFile='coverage.out', readQuick=False, verboseActions=False, running=False, computeFeatureStats=False, compareFails=False, swarmProbs=None, output='failure.99881.test', genDepth=None, Pcrossover=0.2, quickAnalysis=False, noReassign=False, exploitCeiling=0.1, logging=None, LOCProbs=False, noCheck=False, maxTests=-1, keep=False, noExceptionMatch=False, Pmutate=0.0, depth=100, showActions=False, throughput=False, noCover=False, timeout=60, stutter=None, uncaught=False, markov=None, startExploit=0)
TEST #14 STEP #86 (0:00:30.006946) Fri Apr 28 05:12:12 2017 [ 41 stmts 58 branches ]
UNCAUGHT EXCEPTION
ERROR: (<type 'exceptions.AssertionError'>, AssertionError(), <traceback object at 0x10469c518>)
TRACEBACK:
  File "/Users/alex/tstl/examples/hypothesis_heaps/sut.py", line 7453, in safely
    act[2]()
  File "/Users/alex/tstl/examples/hypothesis_heaps/sut.py", line 5135, in act149
    assert (min(self.p_heap[1]) == heaps.heappop(self.p_heap[1]))
Original test has 98 steps

SAVING TEST AS failure.99881.test.0
FINAL VERSION OF TEST, WITH LOGGED REPLAY:
int1 = 6                                                                 # STEP 0
ACTION: int1 = 6 
int1 = None : <type 'NoneType'>
=> int1 = 6 : <type 'int'>
==================================================
int0 = 12                                                                # STEP 1
ACTION: int0 = 12 
int0 = None : <type 'NoneType'>
=> int0 = 12 : <type 'int'>
==================================================
int2 = 1                                                                 # STEP 2
ACTION: int2 = 1 
int2 = None : <type 'NoneType'>
=> int2 = 1 : <type 'int'>
==================================================
int3 = 6                                                                 # STEP 3
ACTION: int3 = 6 
int3 = None : <type 'NoneType'>
=> int3 = 6 : <type 'int'>
==================================================
heap2 = heaps.heapnew()                                                  # STEP 4
ACTION: heap2 = heaps.heapnew() 
heap2 = None : <type 'NoneType'>
=> heap2 = [] : <type 'list'>
==================================================
heaps.heappop(heap2)                                                     # STEP 5
ACTION: heaps.heappop(heap2) 
heap2 = [] : <type 'list'>
RAISED EXPECTED EXCEPTION: <type 'exceptions.ValueError'> Empty heap
==================================================
heaps.heappush(heap2,int2)                                               # STEP 6
ACTION: heaps.heappush(heap2,int2) 
int2 = 1 : <type 'int'>
heap2 = [] : <type 'list'>
=> heap2 = [1] : <type 'list'>
==================================================
int2 = 3                                                                 # STEP 7
ACTION: int2 = 3 
int2 = 1 : <type 'int'>
=> int2 = 3 : <type 'int'>
==================================================
heap2 = heaps.heapmerge(heap2,heap2)                                     # STEP 8
ACTION: heap2 = heaps.heapmerge(heap2,heap2) 
heap2 = [1] : <type 'list'>
=> heap2 = [1, 1] : <type 'list'>
==================================================
heap1 = heaps.heapmerge(heap2,heap2)                                     # STEP 9
ACTION: heap1 = heaps.heapmerge(heap2,heap2) 
heap2 = [1, 1] : <type 'list'>
heap1 = None : <type 'NoneType'>
=> heap1 = [1, 1, 1, 1] : <type 'list'>
==================================================
heap0 = heaps.heapmerge(heap2,heap1)                                    # STEP 10
ACTION: heap0 = heaps.heapmerge(heap2,heap1) 
heap2 = [1, 1] : <type 'list'>
heap1 = [1, 1, 1, 1] : <type 'list'>
heap0 = None : <type 'NoneType'>
=> heap0 = [1, 1, 1, 1, 1, 1] : <type 'list'>
==================================================
int4 = 4                                                                # STEP 11
ACTION: int4 = 4 
int4 = None : <type 'NoneType'>
=> int4 = 4 : <type 'int'>
==================================================
heaps.heappop(heap1)                                                    # STEP 12
ACTION: heaps.heappop(heap1) 
heap1 = [1, 1, 1, 1] : <type 'list'>
=> heap1 = [1, 1, 1] : <type 'list'>
==================================================
heap1 = heaps.heapnew()                                                 # STEP 13
ACTION: heap1 = heaps.heapnew() 
heap1 = [1, 1, 1] : <type 'list'>
=> heap1 = [] : <type 'list'>
==================================================
assert (min(heap0) == heaps.heappop(heap0))                             # STEP 14
ACTION: assert (min(heap0) == heaps.heappop(heap0)) 
heap0 = [1, 1, 1, 1, 1, 1] : <type 'list'>
=> heap0 = [1, 1, 1, 1, 1] : <type 'list'>
==================================================
heaps.heappop(heap2)                                                    # STEP 15
ACTION: heaps.heappop(heap2) 
heap2 = [1, 1] : <type 'list'>
=> heap2 = [1] : <type 'list'>
==================================================
heaps.heappush(heap2,int4)                                              # STEP 16
ACTION: heaps.heappush(heap2,int4) 
int4 = 4 : <type 'int'>
heap2 = [1] : <type 'list'>
=> heap2 = [1, 4] : <type 'list'>
==================================================
heaps.heappop(heap2)                                                    # STEP 17
ACTION: heaps.heappop(heap2) 
heap2 = [1, 4] : <type 'list'>
=> heap2 = [4] : <type 'list'>
==================================================
int4 = 1                                                                # STEP 18
ACTION: int4 = 1 
int4 = 4 : <type 'int'>
=> int4 = 1 : <type 'int'>
==================================================
heaps.heappush(heap1,int3)                                              # STEP 19
ACTION: heaps.heappush(heap1,int3) 
int3 = 6 : <type 'int'>
heap1 = [] : <type 'list'>
=> heap1 = [6] : <type 'list'>
==================================================
assert (min(heap2) == heaps.heappop(heap2))                             # STEP 20
ACTION: assert (min(heap2) == heaps.heappop(heap2)) 
heap2 = [4] : <type 'list'>
=> heap2 = [] : <type 'list'>
==================================================
assert (min(heap0) == heaps.heappop(heap0))                             # STEP 21
ACTION: assert (min(heap0) == heaps.heappop(heap0)) 
heap0 = [1, 1, 1, 1, 1] : <type 'list'>
=> heap0 = [1, 1, 1, 1] : <type 'list'>
==================================================
heaps.heappop(heap0)                                                    # STEP 22
ACTION: heaps.heappop(heap0) 
heap0 = [1, 1, 1, 1] : <type 'list'>
=> heap0 = [1, 1, 1] : <type 'list'>
==================================================
int3 = 10                                                               # STEP 23
ACTION: int3 = 10 
int3 = 6 : <type 'int'>
=> int3 = 10 : <type 'int'>
==================================================
assert (min(heap1) == heaps.heappop(heap1))                             # STEP 24
ACTION: assert (min(heap1) == heaps.heappop(heap1)) 
heap1 = [6] : <type 'list'>
=> heap1 = [] : <type 'list'>
==================================================
heaps.heappush(heap2,int0)                                              # STEP 25
ACTION: heaps.heappush(heap2,int0) 
int0 = 12 : <type 'int'>
heap2 = [] : <type 'list'>
=> heap2 = [12] : <type 'list'>
==================================================
heaps.heappop(heap2)                                                    # STEP 26
ACTION: heaps.heappop(heap2) 
heap2 = [12] : <type 'list'>
=> heap2 = [] : <type 'list'>
==================================================
heaps.heappush(heap2,int1)                                              # STEP 27
ACTION: heaps.heappush(heap2,int1) 
int1 = 6 : <type 'int'>
heap2 = [] : <type 'list'>
=> heap2 = [6] : <type 'list'>
==================================================
heaps.heappop(heap1)                                                    # STEP 28
ACTION: heaps.heappop(heap1) 
heap1 = [] : <type 'list'>
RAISED EXPECTED EXCEPTION: <type 'exceptions.ValueError'> Empty heap
==================================================
int0 = 4                                                                # STEP 29
ACTION: int0 = 4 
int0 = 12 : <type 'int'>
=> int0 = 4 : <type 'int'>
==================================================
heaps.heappush(heap0,int0)                                              # STEP 30
ACTION: heaps.heappush(heap0,int0) 
int0 = 4 : <type 'int'>
heap0 = [1, 1, 1] : <type 'list'>
=> heap0 = [1, 1, 1, 4] : <type 'list'>
==================================================
heap1 = heaps.heapmerge(heap0,heap0)                                    # STEP 31
ACTION: heap1 = heaps.heapmerge(heap0,heap0) 
heap0 = [1, 1, 1, 4] : <type 'list'>
heap1 = [] : <type 'list'>
=> heap1 = [1, 1, 1, 1, 1, 1, 4, 4] : <type 'list'>
==================================================
assert (min(heap2) == heaps.heappop(heap2))                             # STEP 32
ACTION: assert (min(heap2) == heaps.heappop(heap2)) 
heap2 = [6] : <type 'list'>
=> heap2 = [] : <type 'list'>
==================================================
heaps.heappop(heap0)                                                    # STEP 33
ACTION: heaps.heappop(heap0) 
heap0 = [1, 1, 1, 4] : <type 'list'>
=> heap0 = [1, 4, 1] : <type 'list'>
==================================================
int0 = 8                                                                # STEP 34
ACTION: int0 = 8 
int0 = 4 : <type 'int'>
=> int0 = 8 : <type 'int'>
==================================================
assert (min(heap0) == heaps.heappop(heap0))                             # STEP 35
ACTION: assert (min(heap0) == heaps.heappop(heap0)) 
heap0 = [1, 4, 1] : <type 'list'>
=> heap0 = [1, 4] : <type 'list'>
==================================================
int1 = 2                                                                # STEP 36
ACTION: int1 = 2 
int1 = 6 : <type 'int'>
=> int1 = 2 : <type 'int'>
==================================================
heaps.heappush(heap1,int3)                                              # STEP 37
ACTION: heaps.heappush(heap1,int3) 
int3 = 10 : <type 'int'>
heap1 = [1, 1, 1, 1, 1, 1, 4, 4] : <type 'list'>
=> heap1 = [1, 1, 1, 1, 1, 1, 4, 4, 10] : <type 'list'>
==================================================
heap2 = heaps.heapmerge(heap1,heap1)                                    # STEP 38
ACTION: heap2 = heaps.heapmerge(heap1,heap1) 
heap1 = [1, 1, 1, 1, 1, 1, 4, 4, 10] : <type 'list'>
heap2 = [] : <type 'list'>
=> heap2 = [1, 1, 1, 1, 1, 1, 1, 1, 1, 1, 1, 1, 4, 4, 4, 4, 10, 10] : <type 'list'>
==================================================
int3 = 12                                                               # STEP 39
ACTION: int3 = 12 
int3 = 10 : <type 'int'>
=> int3 = 12 : <type 'int'>
==================================================
heaps.heappop(heap1)                                                    # STEP 40
ACTION: heaps.heappop(heap1) 
heap1 = [1, 1, 1, 1, 1, 1, 4, 4, 10] : <type 'list'>
=> heap1 = [1, 1, 1, 4, 1, 1, 4, 10] : <type 'list'>
==================================================
heaps.heappop(heap2)                                                    # STEP 41
ACTION: heaps.heappop(heap2) 
heap2 = [1, 1, 1, 1, 1, 1, 1, 1, 1, 1, 1, 1, 4, 4, 4, 4, 10, 10] : <type 'list'>
=> heap2 = [1, 1, 1, 1, 1, 1, 1, 4, 1, 1, 1, 1, 4, 4, 4, 10, 10] : <type 'list'>
==================================================
assert (min(heap1) == heaps.heappop(heap1))                             # STEP 42
ACTION: assert (min(heap1) == heaps.heappop(heap1)) 
heap1 = [1, 1, 1, 4, 1, 1, 4, 10] : <type 'list'>
=> heap1 = [1, 1, 1, 4, 10, 1, 4] : <type 'list'>
==================================================
heaps.heappop(heap2)                                                    # STEP 43
ACTION: heaps.heappop(heap2) 
heap2 = [1, 1, 1, 1, 1, 1, 1, 4, 1, 1, 1, 1, 4, 4, 4, 10, 10] : <type 'list'>
=> heap2 = [1, 1, 1, 1, 1, 1, 1, 4, 10, 1, 1, 1, 4, 4, 4, 10] : <type 'list'>
==================================================
assert (min(heap0) == heaps.heappop(heap0))                             # STEP 44
ACTION: assert (min(heap0) == heaps.heappop(heap0)) 
heap0 = [1, 4] : <type 'list'>
=> heap0 = [4] : <type 'list'>
==================================================
heaps.heappop(heap2)                                                    # STEP 45
ACTION: heaps.heappop(heap2) 
heap2 = [1, 1, 1, 1, 1, 1, 1, 4, 10, 1, 1, 1, 4, 4, 4, 10] : <type 'list'>
=> heap2 = [1, 1, 1, 4, 1, 1, 1, 10, 10, 1, 1, 1, 4, 4, 4] : <type 'list'>
==================================================
assert (min(heap2) == heaps.heappop(heap2))                             # STEP 46
ACTION: assert (min(heap2) == heaps.heappop(heap2)) 
heap2 = [1, 1, 1, 4, 1, 1, 1, 10, 10, 1, 1, 1, 4, 4, 4] : <type 'list'>
=> heap2 = [1, 1, 1, 4, 1, 1, 1, 10, 10, 4, 1, 1, 4, 4] : <type 'list'>
==================================================
heaps.heappop(heap0)                                                    # STEP 47
ACTION: heaps.heappop(heap0) 
heap0 = [4] : <type 'list'>
=> heap0 = [] : <type 'list'>
==================================================
heaps.heappush(heap1,int1)                                              # STEP 48
ACTION: heaps.heappush(heap1,int1) 
int1 = 2 : <type 'int'>
heap1 = [1, 1, 1, 4, 10, 1, 4] : <type 'list'>
=> heap1 = [1, 1, 1, 2, 10, 1, 4, 4] : <type 'list'>
==================================================
int1 = 3                                                                # STEP 49
ACTION: int1 = 3 
int1 = 2 : <type 'int'>
=> int1 = 3 : <type 'int'>
==================================================
heap2 = heaps.heapmerge(heap0,heap0)                                    # STEP 50
ACTION: heap2 = heaps.heapmerge(heap0,heap0) 
heap0 = [] : <type 'list'>
heap2 = [1, 1, 1, 4, 1, 1, 1, 10, 10, 4, 1, 1, 4, 4] : <type 'list'>
=> heap2 = [] : <type 'list'>
==================================================
heaps.heappop(heap1)                                                    # STEP 51
ACTION: heaps.heappop(heap1) 
heap1 = [1, 1, 1, 2, 10, 1, 4, 4] : <type 'list'>
=> heap1 = [1, 2, 1, 4, 10, 1, 4] : <type 'list'>
==================================================
heaps.heappop(heap1)                                                    # STEP 52
ACTION: heaps.heappop(heap1) 
heap1 = [1, 2, 1, 4, 10, 1, 4] : <type 'list'>
=> heap1 = [1, 2, 1, 4, 10, 4] : <type 'list'>
==================================================
heaps.heappop(heap2)                                                    # STEP 53
ACTION: heaps.heappop(heap2) 
heap2 = [] : <type 'list'>
RAISED EXPECTED EXCEPTION: <type 'exceptions.ValueError'> Empty heap
==================================================
heap1 = heaps.heapmerge(heap1,heap1)                                    # STEP 54
ACTION: heap1 = heaps.heapmerge(heap1,heap1) 
heap1 = [1, 2, 1, 4, 10, 4] : <type 'list'>
=> heap1 = [1, 1, 2, 1, 2, 1, 4, 4, 10, 4, 10, 4] : <type 'list'>
==================================================
assert (min(heap1) == heaps.heappop(heap1))                             # STEP 55
ACTION: assert (min(heap1) == heaps.heappop(heap1)) 
heap1 = [1, 1, 2, 1, 2, 1, 4, 4, 10, 4, 10, 4] : <type 'list'>
=> heap1 = [1, 1, 2, 4, 2, 1, 4, 4, 10, 4, 10] : <type 'list'>
==================================================
heaps.heappop(heap0)                                                    # STEP 56
ACTION: heaps.heappop(heap0) 
heap0 = [] : <type 'list'>
RAISED EXPECTED EXCEPTION: <type 'exceptions.ValueError'> Empty heap
==================================================
heap0 = heaps.heapmerge(heap2,heap2)                                    # STEP 57
ACTION: heap0 = heaps.heapmerge(heap2,heap2) 
heap2 = [] : <type 'list'>
heap0 = [] : <type 'list'>
==================================================
heap2 = heaps.heapmerge(heap0,heap0)                                    # STEP 58
ACTION: heap2 = heaps.heapmerge(heap0,heap0) 
heap0 = [] : <type 'list'>
heap2 = [] : <type 'list'>
==================================================
heap1 = heaps.heapmerge(heap1,heap1)                                    # STEP 59
ACTION: heap1 = heaps.heapmerge(heap1,heap1) 
heap1 = [1, 1, 2, 4, 2, 1, 4, 4, 10, 4, 10] : <type 'list'>
=> heap1 = [1, 1, 1, 1, 2, 2, 4, 2, 1, 4, 4, 4, 2, 1, 4, 4, 10, 4, 10, 10, 4, 10] : <type 'list'>
==================================================
heap0 = heaps.heapmerge(heap0,heap0)                                    # STEP 60
ACTION: heap0 = heaps.heapmerge(heap0,heap0) 
heap0 = [] : <type 'list'>
==================================================
heaps.heappop(heap0)                                                    # STEP 61
ACTION: heaps.heappop(heap0) 
heap0 = [] : <type 'list'>
RAISED EXPECTED EXCEPTION: <type 'exceptions.ValueError'> Empty heap
==================================================
heap0 = heaps.heapmerge(heap0,heap1)                                    # STEP 62
ACTION: heap0 = heaps.heapmerge(heap0,heap1) 
heap0 = [] : <type 'list'>
heap1 = [1, 1, 1, 1, 2, 2, 4, 2, 1, 4, 4, 4, 2, 1, 4, 4, 10, 4, 10, 10, 4, 10] : <type 'list'>
=> heap0 = [1, 1, 1, 1, 2, 2, 4, 2, 1, 4, 4, 4, 2, 1, 4, 4, 10, 4, 10, 10, 4, 10] : <type 'list'>
==================================================
assert (min(heap0) == heaps.heappop(heap0))                             # STEP 63
ACTION: assert (min(heap0) == heaps.heappop(heap0)) 
heap0 = [1, 1, 1, 1, 2, 2, 4, 2, 1, 4, 4, 4, 2, 1, 4, 4, 10, 4, 10, 10, 4, 10] : <type 'list'>
=> heap0 = [1, 1, 1, 1, 2, 2, 4, 2, 4, 4, 4, 4, 2, 1, 4, 4, 10, 10, 10, 10, 4] : <type 'list'>
==================================================
heap0 = heaps.heapmerge(heap2,heap2)                                    # STEP 64
ACTION: heap0 = heaps.heapmerge(heap2,heap2) 
heap2 = [] : <type 'list'>
heap0 = [1, 1, 1, 1, 2, 2, 4, 2, 4, 4, 4, 4, 2, 1, 4, 4, 10, 10, 10, 10, 4] : <type 'list'>
=> heap0 = [] : <type 'list'>
==================================================
heaps.heappush(heap0,int0)                                              # STEP 65
ACTION: heaps.heappush(heap0,int0) 
int0 = 8 : <type 'int'>
heap0 = [] : <type 'list'>
=> heap0 = [8] : <type 'list'>
==================================================
heap0 = heaps.heapmerge(heap0,heap1)                                    # STEP 66
ACTION: heap0 = heaps.heapmerge(heap0,heap1) 
heap0 = [8] : <type 'list'>
heap1 = [1, 1, 1, 1, 2, 2, 4, 2, 1, 4, 4, 4, 2, 1, 4, 4, 10, 4, 10, 10, 4, 10] : <type 'list'>
=> heap0 = [1, 1, 1, 1, 2, 2, 4, 2, 1, 4, 4, 4, 2, 1, 4, 4, 8, 10, 4, 10, 10, 4, 10] : <type 'list'>
==================================================
assert (min(heap0) == heaps.heappop(heap0))                             # STEP 67
ACTION: assert (min(heap0) == heaps.heappop(heap0)) 
heap0 = [1, 1, 1, 1, 2, 2, 4, 2, 1, 4, 4, 4, 2, 1, 4, 4, 8, 10, 4, 10, 10, 4, 10] : <type 'list'>
=> heap0 = [1, 1, 1, 1, 2, 2, 4, 2, 4, 4, 4, 4, 2, 1, 4, 4, 8, 10, 10, 10, 10, 4] : <type 'list'>
==================================================
assert (min(heap0) == heaps.heappop(heap0))                             # STEP 68
ACTION: assert (min(heap0) == heaps.heappop(heap0)) 
heap0 = [1, 1, 1, 1, 2, 2, 4, 2, 4, 4, 4, 4, 2, 1, 4, 4, 8, 10, 10, 10, 10, 4] : <type 'list'>
=> heap0 = [1, 1, 1, 2, 2, 2, 4, 4, 4, 4, 4, 4, 2, 1, 4, 4, 8, 10, 10, 10, 10] : <type 'list'>
==================================================
int0 = 7                                                                # STEP 69
ACTION: int0 = 7 
int0 = 8 : <type 'int'>
=> int0 = 7 : <type 'int'>
==================================================
assert (min(heap0) == heaps.heappop(heap0))                             # STEP 70
ACTION: assert (min(heap0) == heaps.heappop(heap0)) 
heap0 = [1, 1, 1, 2, 2, 2, 4, 4, 4, 4, 4, 4, 2, 1, 4, 4, 8, 10, 10, 10, 10] : <type 'list'>
=> heap0 = [1, 2, 1, 4, 2, 2, 4, 4, 4, 4, 4, 4, 2, 1, 4, 10, 8, 10, 10, 10] : <type 'list'>
==================================================
assert (min(heap0) == heaps.heappop(heap0))                             # STEP 71
ACTION: assert (min(heap0) == heaps.heappop(heap0)) 
heap0 = [1, 2, 1, 4, 2, 2, 4, 4, 4, 4, 4, 4, 2, 1, 4, 10, 8, 10, 10, 10] : <type 'list'>
=> heap0 = [1, 2, 2, 4, 2, 2, 4, 4, 4, 4, 4, 4, 10, 1, 4, 10, 8, 10, 10] : <type 'list'>
==================================================
heaps.heappush(heap1,int1)                                              # STEP 72
ACTION: heaps.heappush(heap1,int1) 
int1 = 3 : <type 'int'>
heap1 = [1, 1, 1, 1, 2, 2, 4, 2, 1, 4, 4, 4, 2, 1, 4, 4, 10, 4, 10, 10, 4, 10] : <type 'list'>
=> heap1 = [1, 1, 1, 1, 2, 2, 4, 2, 1, 4, 3, 4, 2, 1, 4, 4, 10, 4, 10, 10, 4, 10, 4] : <type 'list'>
==================================================
heap0 = heaps.heapmerge(heap2,heap0)                                    # STEP 73
ACTION: heap0 = heaps.heapmerge(heap2,heap0) 
heap2 = [] : <type 'list'>
heap0 = [1, 2, 2, 4, 2, 2, 4, 4, 4, 4, 4, 4, 10, 1, 4, 10, 8, 10, 10] : <type 'list'>
==================================================
assert (min(heap1) == heaps.heappop(heap1))                             # STEP 74
ACTION: assert (min(heap1) == heaps.heappop(heap1)) 
heap1 = [1, 1, 1, 1, 2, 2, 4, 2, 1, 4, 3, 4, 2, 1, 4, 4, 10, 4, 10, 10, 4, 10, 4] : <type 'list'>
=> heap1 = [1, 1, 1, 1, 2, 2, 4, 2, 4, 4, 3, 4, 2, 1, 4, 4, 10, 4, 10, 10, 4, 10] : <type 'list'>
==================================================
heaps.heappop(heap2)                                                    # STEP 75
ACTION: heaps.heappop(heap2) 
heap2 = [] : <type 'list'>
RAISED EXPECTED EXCEPTION: <type 'exceptions.ValueError'> Empty heap
==================================================
heaps.heappush(heap0,int2)                                              # STEP 76
ACTION: heaps.heappush(heap0,int2) 
int2 = 3 : <type 'int'>
heap0 = [1, 2, 2, 4, 2, 2, 4, 4, 4, 4, 4, 4, 10, 1, 4, 10, 8, 10, 10] : <type 'list'>
=> heap0 = [1, 2, 2, 4, 2, 2, 4, 4, 4, 3, 4, 4, 10, 1, 4, 10, 8, 10, 10, 4] : <type 'list'>
==================================================
heap0 = heaps.heapmerge(heap1,heap0)                                    # STEP 77
ACTION: heap0 = heaps.heapmerge(heap1,heap0) 
heap1 = [1, 1, 1, 1, 2, 2, 4, 2, 4, 4, 3, 4, 2, 1, 4, 4, 10, 4, 10, 10, 4, 10] : <type 'list'>
heap0 = [1, 2, 2, 4, 2, 2, 4, 4, 4, 3, 4, 4, 10, 1, 4, 10, 8, 10, 10, 4] : <type 'list'>
=> heap0 = [1, 1, 1, 1, 1, 2, 2, 2, 2, 4, 2, 4, 4, 3, 4, 2, 1, 4, 4, 4, 2, 2, 4, 4, 4, 3, 4, 4, 10, 4, 10, 10, 4, 10, 10, 1, 4, 10, 8, 10, 10, 4] : <type 'list'>
==================================================
assert (min(heap1) == heaps.heappop(heap1))                             # STEP 78
ACTION: assert (min(heap1) == heaps.heappop(heap1)) 
heap1 = [1, 1, 1, 1, 2, 2, 4, 2, 4, 4, 3, 4, 2, 1, 4, 4, 10, 4, 10, 10, 4, 10] : <type 'list'>
=> heap1 = [1, 1, 1, 2, 2, 2, 4, 4, 4, 4, 3, 4, 2, 1, 4, 10, 10, 4, 10, 10, 4] : <type 'list'>
==================================================
assert (min(heap1) == heaps.heappop(heap1))                             # STEP 79
ACTION: assert (min(heap1) == heaps.heappop(heap1)) 
heap1 = [1, 1, 1, 2, 2, 2, 4, 4, 4, 4, 3, 4, 2, 1, 4, 10, 10, 4, 10, 10, 4] : <type 'list'>
=> heap1 = [1, 2, 1, 4, 2, 2, 4, 4, 4, 4, 3, 4, 2, 1, 4, 10, 10, 4, 10, 10] : <type 'list'>
==================================================
heap2 = heaps.heapmerge(heap1,heap0)                                    # STEP 80
ACTION: heap2 = heaps.heapmerge(heap1,heap0) 
heap1 = [1, 2, 1, 4, 2, 2, 4, 4, 4, 4, 3, 4, 2, 1, 4, 10, 10, 4, 10, 10] : <type 'list'>
heap0 = [1, 1, 1, 1, 1, 2, 2, 2, 2, 4, 2, 4, 4, 3, 4, 2, 1, 4, 4, 4, 2, 2, 4, 4, 4, 3, 4, 4, 10, 4, 10, 10, 4, 10, 10, 1, 4, 10, 8, 10, 10, 4] : <type 'list'>
heap2 = [] : <type 'list'>
=> heap2 = [1, 1, 1, 1, 1, 1, 2, 1, 2, 2, 2, 2, 4, 2, 2, 4, 4, 4, 4, 3, 4, 2, 1, 4, 4, 2, 4, 4, 3, 4, 2, 1, 4, 4, 4, 2, 2, 4, 4, 4, 3, 4, 4, 10, 10, 4, 10, 10, 10, 4, 10, 10, 4, 10, 10, 1, 4, 10, 8, 10, 10, 4] : <type 'list'>
==================================================
heaps.heappush(heap0,int2)                                              # STEP 81
ACTION: heaps.heappush(heap0,int2) 
int2 = 3 : <type 'int'>
heap0 = [1, 1, 1, 1, 1, 2, 2, 2, 2, 4, 2, 4, 4, 3, 4, 2, 1, 4, 4, 4, 2, 2, 4, 4, 4, 3, 4, 4, 10, 4, 10, 10, 4, 10, 10, 1, 4, 10, 8, 10, 10, 4] : <type 'list'>
=> heap0 = [1, 1, 1, 1, 1, 2, 2, 2, 2, 4, 2, 4, 4, 3, 4, 2, 1, 4, 4, 4, 2, 2, 4, 4, 4, 3, 4, 4, 10, 4, 10, 10, 4, 10, 10, 1, 4, 10, 8, 10, 10, 4, 3] : <type 'list'>
==================================================
heaps.heappop(heap1)                                                    # STEP 82
ACTION: heaps.heappop(heap1) 
heap1 = [1, 2, 1, 4, 2, 2, 4, 4, 4, 4, 3, 4, 2, 1, 4, 10, 10, 4, 10, 10] : <type 'list'>
=> heap1 = [1, 2, 2, 4, 2, 2, 4, 4, 4, 4, 3, 4, 10, 1, 4, 10, 10, 4, 10] : <type 'list'>
==================================================
assert (min(heap2) == heaps.heappop(heap2))                             # STEP 83
ACTION: assert (min(heap2) == heaps.heappop(heap2)) 
heap2 = [1, 1, 1, 1, 1, 1, 2, 1, 2, 2, 2, 2, 4, 2, 2, 4, 4, 4, 4, 3, 4, 2, 1, 4, 4, 2, 4, 4, 3, 4, 2, 1, 4, 4, 4, 2, 2, 4, 4, 4, 3, 4, 4, 10, 10, 4, 10, 10, 10, 4, 10, 10, 4, 10, 10, 1, 4, 10, 8, 10, 10, 4] : <type 'list'>
=> heap2 = [1, 1, 1, 1, 1, 1, 2, 4, 2, 2, 2, 2, 4, 2, 2, 4, 4, 4, 4, 3, 4, 2, 1, 4, 4, 2, 4, 4, 3, 4, 2, 1, 4, 4, 4, 2, 2, 4, 4, 4, 3, 4, 4, 10, 10, 4, 10, 10, 10, 4, 10, 10, 4, 10, 10, 1, 4, 10, 8, 10, 10] : <type 'list'>
==================================================
assert (min(heap2) == heaps.heappop(heap2))                             # STEP 84
ACTION: assert (min(heap2) == heaps.heappop(heap2)) 
heap2 = [1, 1, 1, 1, 1, 1, 2, 4, 2, 2, 2, 2, 4, 2, 2, 4, 4, 4, 4, 3, 4, 2, 1, 4, 4, 2, 4, 4, 3, 4, 2, 1, 4, 4, 4, 2, 2, 4, 4, 4, 3, 4, 4, 10, 10, 4, 10, 10, 10, 4, 10, 10, 4, 10, 10, 1, 4, 10, 8, 10, 10] : <type 'list'>
=> heap2 = [1, 1, 1, 2, 1, 1, 2, 4, 4, 2, 2, 2, 4, 2, 2, 4, 4, 2, 4, 3, 4, 2, 1, 4, 4, 2, 4, 4, 3, 4, 2, 1, 4, 4, 4, 10, 2, 4, 4, 4, 3, 4, 4, 10, 10, 4, 10, 10, 10, 4, 10, 10, 4, 10, 10, 1, 4, 10, 8, 10] : <type 'list'>
==================================================
heaps.heappop(heap0)                                                    # STEP 85
ACTION: heaps.heappop(heap0) 
heap0 = [1, 1, 1, 1, 1, 2, 2, 2, 2, 4, 2, 4, 4, 3, 4, 2, 1, 4, 4, 4, 2, 2, 4, 4, 4, 3, 4, 4, 10, 4, 10, 10, 4, 10, 10, 1, 4, 10, 8, 10, 10, 4, 3] : <type 'list'>
=> heap0 = [1, 1, 1, 2, 1, 2, 2, 1, 2, 4, 2, 4, 4, 3, 4, 2, 3, 4, 4, 4, 2, 2, 4, 4, 4, 3, 4, 4, 10, 4, 10, 10, 4, 10, 10, 1, 4, 10, 8, 10, 10, 4] : <type 'list'>
==================================================
heaps.heappop(heap0)                                                    # STEP 86
ACTION: heaps.heappop(heap0) 
heap0 = [1, 1, 1, 2, 1, 2, 2, 1, 2, 4, 2, 4, 4, 3, 4, 2, 3, 4, 4, 4, 2, 2, 4, 4, 4, 3, 4, 4, 10, 4, 10, 10, 4, 10, 10, 1, 4, 10, 8, 10, 10, 4] : <type 'list'>
=> heap0 = [1, 1, 1, 2, 2, 2, 2, 1, 2, 4, 2, 4, 4, 3, 4, 2, 3, 4, 4, 4, 2, 4, 4, 4, 4, 3, 4, 4, 10, 4, 10, 10, 4, 10, 10, 1, 4, 10, 8, 10, 10] : <type 'list'>
==================================================
heaps.heappush(heap0,int0)                                              # STEP 87
ACTION: heaps.heappush(heap0,int0) 
int0 = 7 : <type 'int'>
heap0 = [1, 1, 1, 2, 2, 2, 2, 1, 2, 4, 2, 4, 4, 3, 4, 2, 3, 4, 4, 4, 2, 4, 4, 4, 4, 3, 4, 4, 10, 4, 10, 10, 4, 10, 10, 1, 4, 10, 8, 10, 10] : <type 'list'>
=> heap0 = [1, 1, 1, 2, 2, 2, 2, 1, 2, 4, 2, 4, 4, 3, 4, 2, 3, 4, 4, 4, 2, 4, 4, 4, 4, 3, 4, 4, 10, 4, 10, 10, 4, 10, 10, 1, 4, 10, 8, 10, 10, 7] : <type 'list'>
==================================================
heaps.heappop(heap0)                                                    # STEP 88
ACTION: heaps.heappop(heap0) 
heap0 = [1, 1, 1, 2, 2, 2, 2, 1, 2, 4, 2, 4, 4, 3, 4, 2, 3, 4, 4, 4, 2, 4, 4, 4, 4, 3, 4, 4, 10, 4, 10, 10, 4, 10, 10, 1, 4, 10, 8, 10, 10, 7] : <type 'list'>
=> heap0 = [1, 2, 1, 1, 2, 2, 2, 2, 2, 4, 2, 4, 4, 3, 4, 4, 3, 4, 4, 4, 2, 4, 4, 4, 4, 3, 4, 4, 10, 4, 10, 10, 7, 10, 10, 1, 4, 10, 8, 10, 10] : <type 'list'>
==================================================
assert (min(heap0) == heaps.heappop(heap0))                             # STEP 89
ACTION: assert (min(heap0) == heaps.heappop(heap0)) 
heap0 = [1, 2, 1, 1, 2, 2, 2, 2, 2, 4, 2, 4, 4, 3, 4, 4, 3, 4, 4, 4, 2, 4, 4, 4, 4, 3, 4, 4, 10, 4, 10, 10, 7, 10, 10, 1, 4, 10, 8, 10, 10] : <type 'list'>
=> heap0 = [1, 2, 2, 1, 2, 4, 2, 2, 2, 4, 2, 4, 4, 3, 4, 4, 3, 4, 4, 4, 2, 4, 4, 10, 4, 3, 4, 4, 10, 4, 10, 10, 7, 10, 10, 1, 4, 10, 8, 10] : <type 'list'>
==================================================
heaps.heappop(heap1)                                                    # STEP 90
ACTION: heaps.heappop(heap1) 
heap1 = [1, 2, 2, 4, 2, 2, 4, 4, 4, 4, 3, 4, 10, 1, 4, 10, 10, 4, 10] : <type 'list'>
=> heap1 = [2, 2, 2, 4, 3, 2, 4, 4, 4, 4, 10, 4, 10, 1, 4, 10, 10, 4] : <type 'list'>
==================================================
heap2 = heaps.heapmerge(heap1,heap1)                                    # STEP 91
ACTION: heap2 = heaps.heapmerge(heap1,heap1) 
heap1 = [2, 2, 2, 4, 3, 2, 4, 4, 4, 4, 10, 4, 10, 1, 4, 10, 10, 4] : <type 'list'>
heap2 = [1, 1, 1, 2, 1, 1, 2, 4, 4, 2, 2, 2, 4, 2, 2, 4, 4, 2, 4, 3, 4, 2, 1, 4, 4, 2, 4, 4, 3, 4, 2, 1, 4, 4, 4, 10, 2, 4, 4, 4, 3, 4, 4, 10, 10, 4, 10, 10, 10, 4, 10, 10, 4, 10, 10, 1, 4, 10, 8, 10] : <type 'list'>
=> heap2 = [2, 2, 2, 2, 2, 2, 4, 3, 2, 4, 4, 4, 4, 4, 3, 2, 4, 4, 4, 4, 10, 4, 10, 1, 4, 10, 10, 4, 10, 4, 10, 1, 4, 10, 10, 4] : <type 'list'>
==================================================
heaps.heappop(heap2)                                                    # STEP 92
ACTION: heaps.heappop(heap2) 
heap2 = [2, 2, 2, 2, 2, 2, 4, 3, 2, 4, 4, 4, 4, 4, 3, 2, 4, 4, 4, 4, 10, 4, 10, 1, 4, 10, 10, 4, 10, 4, 10, 1, 4, 10, 10, 4] : <type 'list'>
=> heap2 = [2, 2, 2, 2, 2, 2, 4, 3, 4, 4, 4, 4, 4, 4, 3, 2, 4, 4, 4, 4, 10, 4, 10, 1, 4, 10, 10, 4, 10, 4, 10, 1, 4, 10, 10] : <type 'list'>
==================================================
heaps.heappush(heap0,int0)                                              # STEP 93
ACTION: heaps.heappush(heap0,int0) 
int0 = 7 : <type 'int'>
heap0 = [1, 2, 2, 1, 2, 4, 2, 2, 2, 4, 2, 4, 4, 3, 4, 4, 3, 4, 4, 4, 2, 4, 4, 10, 4, 3, 4, 4, 10, 4, 10, 10, 7, 10, 10, 1, 4, 10, 8, 10] : <type 'list'>
=> heap0 = [1, 2, 2, 1, 2, 4, 2, 2, 2, 4, 2, 4, 4, 3, 4, 4, 3, 4, 4, 4, 2, 4, 4, 10, 4, 3, 4, 4, 10, 4, 10, 10, 7, 10, 10, 1, 4, 10, 8, 10, 7] : <type 'list'>
==================================================
heap2 = heaps.heapmerge(heap0,heap2)                                    # STEP 94
ACTION: heap2 = heaps.heapmerge(heap0,heap2) 
heap0 = [1, 2, 2, 1, 2, 4, 2, 2, 2, 4, 2, 4, 4, 3, 4, 4, 3, 4, 4, 4, 2, 4, 4, 10, 4, 3, 4, 4, 10, 4, 10, 10, 7, 10, 10, 1, 4, 10, 8, 10, 7] : <type 'list'>
heap2 = [2, 2, 2, 2, 2, 2, 4, 3, 4, 4, 4, 4, 4, 4, 3, 2, 4, 4, 4, 4, 10, 4, 10, 1, 4, 10, 10, 4, 10, 4, 10, 1, 4, 10, 10] : <type 'list'>
=> heap2 = [1, 2, 2, 1, 2, 2, 2, 2, 2, 2, 2, 4, 2, 2, 2, 4, 2, 4, 4, 3, 4, 4, 3, 4, 4, 4, 2, 4, 4, 4, 3, 4, 4, 4, 4, 4, 4, 3, 2, 4, 4, 4, 4, 10, 4, 3, 4, 4, 10, 4, 10, 10, 7, 10, 10, 1, 4, 10, 8, 10, 7, 10, 4, 10, 1, 4, 10, 10, 4, 10, 4, 10, 1, 4, 10, 10] : <type 'list'>
==================================================
heap0 = heaps.heapmerge(heap0,heap0)                                    # STEP 95
ACTION: heap0 = heaps.heapmerge(heap0,heap0) 
heap0 = [1, 2, 2, 1, 2, 4, 2, 2, 2, 4, 2, 4, 4, 3, 4, 4, 3, 4, 4, 4, 2, 4, 4, 10, 4, 3, 4, 4, 10, 4, 10, 10, 7, 10, 10, 1, 4, 10, 8, 10, 7] : <type 'list'>
=> heap0 = [1, 1, 2, 2, 1, 2, 2, 2, 1, 2, 4, 2, 2, 2, 4, 2, 4, 4, 3, 4, 4, 3, 4, 4, 4, 2, 4, 4, 4, 2, 2, 2, 4, 2, 4, 4, 3, 4, 4, 3, 4, 4, 4, 2, 4, 4, 10, 4, 3, 4, 4, 10, 4, 10, 10, 7, 10, 10, 1, 4, 10, 8, 10, 7, 10, 4, 3, 4, 4, 10, 4, 10, 10, 7, 10, 10, 1, 4, 10, 8, 10, 7] : <type 'list'>
==================================================
assert (min(heap2) == heaps.heappop(heap2))                             # STEP 96
ACTION: assert (min(heap2) == heaps.heappop(heap2)) 
heap2 = [1, 2, 2, 1, 2, 2, 2, 2, 2, 2, 2, 4, 2, 2, 2, 4, 2, 4, 4, 3, 4, 4, 3, 4, 4, 4, 2, 4, 4, 4, 3, 4, 4, 4, 4, 4, 4, 3, 2, 4, 4, 4, 4, 10, 4, 3, 4, 4, 10, 4, 10, 10, 7, 10, 10, 1, 4, 10, 8, 10, 7, 10, 4, 10, 1, 4, 10, 10, 4, 10, 4, 10, 1, 4, 10, 10] : <type 'list'>
=> heap2 = [2, 1, 2, 2, 2, 2, 2, 2, 2, 2, 2, 4, 2, 2, 2, 4, 4, 4, 4, 3, 4, 4, 3, 4, 4, 4, 2, 4, 4, 4, 3, 4, 4, 4, 4, 4, 4, 3, 2, 4, 4, 4, 4, 10, 4, 3, 4, 4, 10, 4, 10, 10, 7, 10, 10, 1, 4, 10, 8, 10, 7, 10, 4, 10, 1, 4, 10, 10, 10, 10, 4, 10, 1, 4, 10] : <type 'list'>
==================================================
assert (min(heap1) == heaps.heappop(heap1))                             # STEP 97
ACTION: assert (min(heap1) == heaps.heappop(heap1)) 
heap1 = [2, 2, 2, 4, 3, 2, 4, 4, 4, 4, 10, 4, 10, 1, 4, 10, 10, 4] : <type 'list'>
RAISED EXCEPTION: <type 'exceptions.AssertionError'> 
=> heap1 = [2, 3, 2, 4, 4, 2, 4, 4, 4, 4, 10, 4, 10, 1, 4, 10, 10] : <type 'list'>
ERROR: (<type 'exceptions.AssertionError'>, AssertionError(), <traceback object at 0x1046a4cb0>)
TRACEBACK:
  File "/Users/alex/tstl/examples/hypothesis_heaps/sut.py", line 7453, in safely
    act[2]()
  File "/Users/alex/tstl/examples/hypothesis_heaps/sut.py", line 5135, in act149
    assert (min(self.p_heap[1]) == heaps.heappop(self.p_heap[1]))
FAILURE IS NEW, STORING; NOW 1 DISTINCT FAILURES
STOPPING TEST DUE TO TIMEOUT, TERMINATED AT LENGTH 2
STOPPING TESTING DUE TO TIMEOUT
16.3120567376 PERCENT COVERED
60.0617499352 TOTAL RUNTIME
28 EXECUTED
2700 TOTAL TEST OPERATIONS
29.2550718784 TIME SPENT EXECUTING TEST OPERATIONS
0.371063709259 TIME SPENT EVALUATING GUARDS AND CHOOSING ACTIONS
29.2749145031 TIME SPENT CHECKING PROPERTIES
58.5299863815 TOTAL TIME SPENT RUNNING SUT
0.0127484798431 TIME SPENT RESTARTING
0.0 TIME SPENT REDUCING TEST CASES
1 FAILED
0 REPEATS OF FAILURES
1 ACTUAL DISTINCT FAILURES

FAILURE 0
int1 = 6                                                                 # STEP 0
int0 = 12                                                                # STEP 1
int2 = 1                                                                 # STEP 2
int3 = 6                                                                 # STEP 3
heap2 = heaps.heapnew()                                                  # STEP 4
heaps.heappop(heap2)                                                     # STEP 5
heaps.heappush(heap2,int2)                                               # STEP 6
int2 = 3                                                                 # STEP 7
heap2 = heaps.heapmerge(heap2,heap2)                                     # STEP 8
heap1 = heaps.heapmerge(heap2,heap2)                                     # STEP 9
heap0 = heaps.heapmerge(heap2,heap1)                                    # STEP 10
int4 = 4                                                                # STEP 11
heaps.heappop(heap1)                                                    # STEP 12
heap1 = heaps.heapnew()                                                 # STEP 13
assert (min(heap0) == heaps.heappop(heap0))                             # STEP 14
heaps.heappop(heap2)                                                    # STEP 15
heaps.heappush(heap2,int4)                                              # STEP 16
heaps.heappop(heap2)                                                    # STEP 17
int4 = 1                                                                # STEP 18
heaps.heappush(heap1,int3)                                              # STEP 19
assert (min(heap2) == heaps.heappop(heap2))                             # STEP 20
assert (min(heap0) == heaps.heappop(heap0))                             # STEP 21
heaps.heappop(heap0)                                                    # STEP 22
int3 = 10                                                               # STEP 23
assert (min(heap1) == heaps.heappop(heap1))                             # STEP 24
heaps.heappush(heap2,int0)                                              # STEP 25
heaps.heappop(heap2)                                                    # STEP 26
heaps.heappush(heap2,int1)                                              # STEP 27
heaps.heappop(heap1)                                                    # STEP 28
int0 = 4                                                                # STEP 29
heaps.heappush(heap0,int0)                                              # STEP 30
heap1 = heaps.heapmerge(heap0,heap0)                                    # STEP 31
assert (min(heap2) == heaps.heappop(heap2))                             # STEP 32
heaps.heappop(heap0)                                                    # STEP 33
int0 = 8                                                                # STEP 34
assert (min(heap0) == heaps.heappop(heap0))                             # STEP 35
int1 = 2                                                                # STEP 36
heaps.heappush(heap1,int3)                                              # STEP 37
heap2 = heaps.heapmerge(heap1,heap1)                                    # STEP 38
int3 = 12                                                               # STEP 39
heaps.heappop(heap1)                                                    # STEP 40
heaps.heappop(heap2)                                                    # STEP 41
assert (min(heap1) == heaps.heappop(heap1))                             # STEP 42
heaps.heappop(heap2)                                                    # STEP 43
assert (min(heap0) == heaps.heappop(heap0))                             # STEP 44
heaps.heappop(heap2)                                                    # STEP 45
assert (min(heap2) == heaps.heappop(heap2))                             # STEP 46
heaps.heappop(heap0)                                                    # STEP 47
heaps.heappush(heap1,int1)                                              # STEP 48
int1 = 3                                                                # STEP 49
heap2 = heaps.heapmerge(heap0,heap0)                                    # STEP 50
heaps.heappop(heap1)                                                    # STEP 51
heaps.heappop(heap1)                                                    # STEP 52
heaps.heappop(heap2)                                                    # STEP 53
heap1 = heaps.heapmerge(heap1,heap1)                                    # STEP 54
assert (min(heap1) == heaps.heappop(heap1))                             # STEP 55
heaps.heappop(heap0)                                                    # STEP 56
heap0 = heaps.heapmerge(heap2,heap2)                                    # STEP 57
heap2 = heaps.heapmerge(heap0,heap0)                                    # STEP 58
heap1 = heaps.heapmerge(heap1,heap1)                                    # STEP 59
heap0 = heaps.heapmerge(heap0,heap0)                                    # STEP 60
heaps.heappop(heap0)                                                    # STEP 61
heap0 = heaps.heapmerge(heap0,heap1)                                    # STEP 62
assert (min(heap0) == heaps.heappop(heap0))                             # STEP 63
heap0 = heaps.heapmerge(heap2,heap2)                                    # STEP 64
heaps.heappush(heap0,int0)                                              # STEP 65
heap0 = heaps.heapmerge(heap0,heap1)                                    # STEP 66
assert (min(heap0) == heaps.heappop(heap0))                             # STEP 67
assert (min(heap0) == heaps.heappop(heap0))                             # STEP 68
int0 = 7                                                                # STEP 69
assert (min(heap0) == heaps.heappop(heap0))                             # STEP 70
assert (min(heap0) == heaps.heappop(heap0))                             # STEP 71
heaps.heappush(heap1,int1)                                              # STEP 72
heap0 = heaps.heapmerge(heap2,heap0)                                    # STEP 73
assert (min(heap1) == heaps.heappop(heap1))                             # STEP 74
heaps.heappop(heap2)                                                    # STEP 75
heaps.heappush(heap0,int2)                                              # STEP 76
heap0 = heaps.heapmerge(heap1,heap0)                                    # STEP 77
assert (min(heap1) == heaps.heappop(heap1))                             # STEP 78
assert (min(heap1) == heaps.heappop(heap1))                             # STEP 79
heap2 = heaps.heapmerge(heap1,heap0)                                    # STEP 80
heaps.heappush(heap0,int2)                                              # STEP 81
heaps.heappop(heap1)                                                    # STEP 82
assert (min(heap2) == heaps.heappop(heap2))                             # STEP 83
assert (min(heap2) == heaps.heappop(heap2))                             # STEP 84
heaps.heappop(heap0)                                                    # STEP 85
heaps.heappop(heap0)                                                    # STEP 86
heaps.heappush(heap0,int0)                                              # STEP 87
heaps.heappop(heap0)                                                    # STEP 88
assert (min(heap0) == heaps.heappop(heap0))                             # STEP 89
heaps.heappop(heap1)                                                    # STEP 90
heap2 = heaps.heapmerge(heap1,heap1)                                    # STEP 91
heaps.heappop(heap2)                                                    # STEP 92
heaps.heappush(heap0,int0)                                              # STEP 93
heap2 = heaps.heapmerge(heap0,heap2)                                    # STEP 94
heap0 = heaps.heapmerge(heap0,heap0)                                    # STEP 95
assert (min(heap2) == heaps.heappop(heap2))                             # STEP 96
assert (min(heap1) == heaps.heappop(heap1))                             # STEP 97
ERROR: (<type 'exceptions.AssertionError'>, AssertionError(), <traceback object at 0x1046a4cb0>)
TRACEBACK:
  File "/Users/alex/tstl/examples/hypothesis_heaps/sut.py", line 7453, in safely
    act[2]()
  File "/Users/alex/tstl/examples/hypothesis_heaps/sut.py", line 5135, in act149
    assert (min(self.p_heap[1]) == heaps.heappop(self.p_heap[1]))
58 BRANCHES COVERED
41 STATEMENTS COVERED
