Random testing using config=Config(swarmSwitch=None, verbose=False, reducePool=False, failedLogging=None, exploitBestHint=1, greedyStutter=False, exploit=0.8, seed=None, generalize=False, useHints=False, localize=False, total=False, speed='FAST', probs='locsample.probs', normalize=False, verboseExploit=False, highLowSwarm=None, replayable=False, essentials=False, noCoverageExploit=False, quickTests=False, relax=False, internal=False, uniqueValuesAnalysis=False, swarm=False, noReassign=False, html=None, fastQuickAnalysis=False, progress=False, swarmLength=None, profile=False, LOCBaseline=0.2, full=True, multiple=True, timedProgress=30, silentFail=False, stopWhenStatements=None, swarmP=0.5, stopWhenBranches=None, noAlphaConvert=False, coverFile='coverage.out', readQuick=False, verboseActions=False, running=False, computeFeatureStats=False, compareFails=False, swarmProbs=None, output='failure.69437.test', genDepth=None, Pcrossover=0.2, quickAnalysis=False, keepLast=False, exploitCeiling=0.1, logging=None, LOCProbs=False, noCheck=False, maxTests=-1, noExceptionMatch=False, Pmutate=0.8, depth=100, showActions=False, throughput=False, noCover=False, timeout=60, stutter=None, uncaught=False, markov=None, startExploit=0)
UNCAUGHT EXCEPTION
ERROR: (<type 'exceptions.AssertionError'>, AssertionError(), <traceback object at 0x103d96248>)
TRACEBACK:
  File "/Users/alex/tstl/examples/hypothesis_heaps/sut.py", line 7453, in safely
    act[2]()
  File "/Users/alex/tstl/examples/hypothesis_heaps/sut.py", line 5100, in act148
    assert (min(self.p_heap[0]) == heaps.heappop(self.p_heap[0]))
Original test has 79 steps

SAVING TEST AS failure.69437.test.0
FINAL VERSION OF TEST, WITH LOGGED REPLAY:
int4 = 14                                                                # STEP 0
ACTION: int4 = 14 
int4 = None : <type 'NoneType'>
=> int4 = 14 : <type 'int'>
==================================================
heap1 = heaps.heapnew()                                                  # STEP 1
ACTION: heap1 = heaps.heapnew() 
heap1 = None : <type 'NoneType'>
=> heap1 = [] : <type 'list'>
==================================================
int1 = 17                                                                # STEP 2
ACTION: int1 = 17 
int1 = None : <type 'NoneType'>
=> int1 = 17 : <type 'int'>
==================================================
heaps.heappush(heap1,int1)                                               # STEP 3
ACTION: heaps.heappush(heap1,int1) 
int1 = 17 : <type 'int'>
heap1 = [] : <type 'list'>
=> heap1 = [17] : <type 'list'>
==================================================
heap0 = heaps.heapmerge(heap1,heap1)                                     # STEP 4
ACTION: heap0 = heaps.heapmerge(heap1,heap1) 
heap1 = [17] : <type 'list'>
heap0 = None : <type 'NoneType'>
=> heap0 = [17, 17] : <type 'list'>
==================================================
heap2 = heaps.heapmerge(heap1,heap0)                                     # STEP 5
ACTION: heap2 = heaps.heapmerge(heap1,heap0) 
heap1 = [17] : <type 'list'>
heap0 = [17, 17] : <type 'list'>
heap2 = None : <type 'NoneType'>
=> heap2 = [17, 17, 17] : <type 'list'>
==================================================
heaps.heappush(heap1,int1)                                               # STEP 6
ACTION: heaps.heappush(heap1,int1) 
int1 = 17 : <type 'int'>
heap1 = [17] : <type 'list'>
=> heap1 = [17, 17] : <type 'list'>
==================================================
assert (min(heap2) == heaps.heappop(heap2))                              # STEP 7
ACTION: assert (min(heap2) == heaps.heappop(heap2)) 
heap2 = [17, 17, 17] : <type 'list'>
=> heap2 = [17, 17] : <type 'list'>
==================================================
heaps.heappop(heap0)                                                     # STEP 8
ACTION: heaps.heappop(heap0) 
heap0 = [17, 17] : <type 'list'>
=> heap0 = [17] : <type 'list'>
==================================================
assert (min(heap0) == heaps.heappop(heap0))                              # STEP 9
ACTION: assert (min(heap0) == heaps.heappop(heap0)) 
heap0 = [17] : <type 'list'>
=> heap0 = [] : <type 'list'>
==================================================
int3 = 4                                                                # STEP 10
ACTION: int3 = 4 
int3 = None : <type 'NoneType'>
=> int3 = 4 : <type 'int'>
==================================================
heaps.heappop(heap1)                                                    # STEP 11
ACTION: heaps.heappop(heap1) 
heap1 = [17, 17] : <type 'list'>
=> heap1 = [17] : <type 'list'>
==================================================
heap1 = heaps.heapmerge(heap2,heap2)                                    # STEP 12
ACTION: heap1 = heaps.heapmerge(heap2,heap2) 
heap2 = [17, 17] : <type 'list'>
heap1 = [17] : <type 'list'>
=> heap1 = [17, 17, 17, 17] : <type 'list'>
==================================================
int2 = 15                                                               # STEP 13
ACTION: int2 = 15 
int2 = None : <type 'NoneType'>
=> int2 = 15 : <type 'int'>
==================================================
heap2 = heaps.heapmerge(heap1,heap2)                                    # STEP 14
ACTION: heap2 = heaps.heapmerge(heap1,heap2) 
heap1 = [17, 17, 17, 17] : <type 'list'>
heap2 = [17, 17] : <type 'list'>
=> heap2 = [17, 17, 17, 17, 17, 17] : <type 'list'>
==================================================
int0 = 10                                                               # STEP 15
ACTION: int0 = 10 
int0 = None : <type 'NoneType'>
=> int0 = 10 : <type 'int'>
==================================================
assert (min(heap2) == heaps.heappop(heap2))                             # STEP 16
ACTION: assert (min(heap2) == heaps.heappop(heap2)) 
heap2 = [17, 17, 17, 17, 17, 17] : <type 'list'>
=> heap2 = [17, 17, 17, 17, 17] : <type 'list'>
==================================================
assert (min(heap1) == heaps.heappop(heap1))                             # STEP 17
ACTION: assert (min(heap1) == heaps.heappop(heap1)) 
heap1 = [17, 17, 17, 17] : <type 'list'>
=> heap1 = [17, 17, 17] : <type 'list'>
==================================================
heap1 = heaps.heapmerge(heap1,heap1)                                    # STEP 18
ACTION: heap1 = heaps.heapmerge(heap1,heap1) 
heap1 = [17, 17, 17] : <type 'list'>
=> heap1 = [17, 17, 17, 17, 17, 17] : <type 'list'>
==================================================
int1 = 1                                                                # STEP 19
ACTION: int1 = 1 
int1 = 17 : <type 'int'>
=> int1 = 1 : <type 'int'>
==================================================
heap0 = heaps.heapmerge(heap2,heap0)                                    # STEP 20
ACTION: heap0 = heaps.heapmerge(heap2,heap0) 
heap2 = [17, 17, 17, 17, 17] : <type 'list'>
heap0 = [] : <type 'list'>
=> heap0 = [17, 17, 17, 17, 17] : <type 'list'>
==================================================
heap2 = heaps.heapmerge(heap2,heap2)                                    # STEP 21
ACTION: heap2 = heaps.heapmerge(heap2,heap2) 
heap2 = [17, 17, 17, 17, 17] : <type 'list'>
=> heap2 = [17, 17, 17, 17, 17, 17, 17, 17, 17, 17] : <type 'list'>
==================================================
assert (min(heap1) == heaps.heappop(heap1))                             # STEP 22
ACTION: assert (min(heap1) == heaps.heappop(heap1)) 
heap1 = [17, 17, 17, 17, 17, 17] : <type 'list'>
=> heap1 = [17, 17, 17, 17, 17] : <type 'list'>
==================================================
heaps.heappop(heap1)                                                    # STEP 23
ACTION: heaps.heappop(heap1) 
heap1 = [17, 17, 17, 17, 17] : <type 'list'>
=> heap1 = [17, 17, 17, 17] : <type 'list'>
==================================================
heap1 = heaps.heapmerge(heap2,heap2)                                    # STEP 24
ACTION: heap1 = heaps.heapmerge(heap2,heap2) 
heap2 = [17, 17, 17, 17, 17, 17, 17, 17, 17, 17] : <type 'list'>
heap1 = [17, 17, 17, 17] : <type 'list'>
=> heap1 = [17, 17, 17, 17, 17, 17, 17, 17, 17, 17, 17, 17, 17, 17, 17, 17, 17, 17, 17, 17] : <type 'list'>
==================================================
assert (min(heap2) == heaps.heappop(heap2))                             # STEP 25
ACTION: assert (min(heap2) == heaps.heappop(heap2)) 
heap2 = [17, 17, 17, 17, 17, 17, 17, 17, 17, 17] : <type 'list'>
=> heap2 = [17, 17, 17, 17, 17, 17, 17, 17, 17] : <type 'list'>
==================================================
heaps.heappop(heap0)                                                    # STEP 26
ACTION: heaps.heappop(heap0) 
heap0 = [17, 17, 17, 17, 17] : <type 'list'>
=> heap0 = [17, 17, 17, 17] : <type 'list'>
==================================================
heaps.heappush(heap2,int2)                                              # STEP 27
ACTION: heaps.heappush(heap2,int2) 
int2 = 15 : <type 'int'>
heap2 = [17, 17, 17, 17, 17, 17, 17, 17, 17] : <type 'list'>
=> heap2 = [15, 17, 17, 17, 17, 17, 17, 17, 17, 17] : <type 'list'>
==================================================
int2 = 2                                                                # STEP 28
ACTION: int2 = 2 
int2 = 15 : <type 'int'>
=> int2 = 2 : <type 'int'>
==================================================
heap0 = heaps.heapmerge(heap2,heap0)                                    # STEP 29
ACTION: heap0 = heaps.heapmerge(heap2,heap0) 
heap2 = [15, 17, 17, 17, 17, 17, 17, 17, 17, 17] : <type 'list'>
heap0 = [17, 17, 17, 17] : <type 'list'>
=> heap0 = [15, 17, 17, 17, 17, 17, 17, 17, 17, 17, 17, 17, 17, 17] : <type 'list'>
==================================================
heaps.heappush(heap1,int4)                                              # STEP 30
ACTION: heaps.heappush(heap1,int4) 
int4 = 14 : <type 'int'>
heap1 = [17, 17, 17, 17, 17, 17, 17, 17, 17, 17, 17, 17, 17, 17, 17, 17, 17, 17, 17, 17] : <type 'list'>
=> heap1 = [14, 17, 17, 17, 17, 17, 17, 17, 17, 17, 17, 17, 17, 17, 17, 17, 17, 17, 17, 17, 17] : <type 'list'>
==================================================
assert (min(heap0) == heaps.heappop(heap0))                             # STEP 31
ACTION: assert (min(heap0) == heaps.heappop(heap0)) 
heap0 = [15, 17, 17, 17, 17, 17, 17, 17, 17, 17, 17, 17, 17, 17] : <type 'list'>
=> heap0 = [17, 17, 17, 17, 17, 17, 17, 17, 17, 17, 17, 17, 17] : <type 'list'>
==================================================
heaps.heappop(heap1)                                                    # STEP 32
ACTION: heaps.heappop(heap1) 
heap1 = [14, 17, 17, 17, 17, 17, 17, 17, 17, 17, 17, 17, 17, 17, 17, 17, 17, 17, 17, 17, 17] : <type 'list'>
=> heap1 = [17, 17, 17, 17, 17, 17, 17, 17, 17, 17, 17, 17, 17, 17, 17, 17, 17, 17, 17, 17] : <type 'list'>
==================================================
heap1 = heaps.heapmerge(heap2,heap2)                                    # STEP 33
ACTION: heap1 = heaps.heapmerge(heap2,heap2) 
heap2 = [15, 17, 17, 17, 17, 17, 17, 17, 17, 17] : <type 'list'>
heap1 = [17, 17, 17, 17, 17, 17, 17, 17, 17, 17, 17, 17, 17, 17, 17, 17, 17, 17, 17, 17] : <type 'list'>
=> heap1 = [15, 15, 17, 17, 17, 17, 17, 17, 17, 17, 17, 17, 17, 17, 17, 17, 17, 17, 17, 17] : <type 'list'>
==================================================
assert (min(heap0) == heaps.heappop(heap0))                             # STEP 34
ACTION: assert (min(heap0) == heaps.heappop(heap0)) 
heap0 = [17, 17, 17, 17, 17, 17, 17, 17, 17, 17, 17, 17, 17] : <type 'list'>
=> heap0 = [17, 17, 17, 17, 17, 17, 17, 17, 17, 17, 17, 17] : <type 'list'>
==================================================
heap0 = heaps.heapmerge(heap1,heap1)                                    # STEP 35
ACTION: heap0 = heaps.heapmerge(heap1,heap1) 
heap1 = [15, 15, 17, 17, 17, 17, 17, 17, 17, 17, 17, 17, 17, 17, 17, 17, 17, 17, 17, 17] : <type 'list'>
heap0 = [17, 17, 17, 17, 17, 17, 17, 17, 17, 17, 17, 17] : <type 'list'>
=> heap0 = [15, 15, 15, 15, 17, 17, 17, 17, 17, 17, 17, 17, 17, 17, 17, 17, 17, 17, 17, 17, 17, 17, 17, 17, 17, 17, 17, 17, 17, 17, 17, 17, 17, 17, 17, 17, 17, 17, 17, 17] : <type 'list'>
==================================================
heaps.heappush(heap1,int0)                                              # STEP 36
ACTION: heaps.heappush(heap1,int0) 
int0 = 10 : <type 'int'>
heap1 = [15, 15, 17, 17, 17, 17, 17, 17, 17, 17, 17, 17, 17, 17, 17, 17, 17, 17, 17, 17] : <type 'list'>
=> heap1 = [10, 15, 17, 17, 15, 17, 17, 17, 17, 17, 17, 17, 17, 17, 17, 17, 17, 17, 17, 17, 17] : <type 'list'>
==================================================
assert (min(heap2) == heaps.heappop(heap2))                             # STEP 37
ACTION: assert (min(heap2) == heaps.heappop(heap2)) 
heap2 = [15, 17, 17, 17, 17, 17, 17, 17, 17, 17] : <type 'list'>
=> heap2 = [17, 17, 17, 17, 17, 17, 17, 17, 17] : <type 'list'>
==================================================
heaps.heappop(heap0)                                                    # STEP 38
ACTION: heaps.heappop(heap0) 
heap0 = [15, 15, 15, 15, 17, 17, 17, 17, 17, 17, 17, 17, 17, 17, 17, 17, 17, 17, 17, 17, 17, 17, 17, 17, 17, 17, 17, 17, 17, 17, 17, 17, 17, 17, 17, 17, 17, 17, 17, 17] : <type 'list'>
=> heap0 = [15, 15, 15, 17, 17, 17, 17, 17, 17, 17, 17, 17, 17, 17, 17, 17, 17, 17, 17, 17, 17, 17, 17, 17, 17, 17, 17, 17, 17, 17, 17, 17, 17, 17, 17, 17, 17, 17, 17] : <type 'list'>
==================================================
heaps.heappop(heap0)                                                    # STEP 39
ACTION: heaps.heappop(heap0) 
heap0 = [15, 15, 15, 17, 17, 17, 17, 17, 17, 17, 17, 17, 17, 17, 17, 17, 17, 17, 17, 17, 17, 17, 17, 17, 17, 17, 17, 17, 17, 17, 17, 17, 17, 17, 17, 17, 17, 17, 17] : <type 'list'>
=> heap0 = [15, 17, 15, 17, 17, 17, 17, 17, 17, 17, 17, 17, 17, 17, 17, 17, 17, 17, 17, 17, 17, 17, 17, 17, 17, 17, 17, 17, 17, 17, 17, 17, 17, 17, 17, 17, 17, 17] : <type 'list'>
==================================================
int0 = 20                                                               # STEP 40
ACTION: int0 = 20 
int0 = 10 : <type 'int'>
=> int0 = 20 : <type 'int'>
==================================================
int4 = 13                                                               # STEP 41
ACTION: int4 = 13 
int4 = 14 : <type 'int'>
=> int4 = 13 : <type 'int'>
==================================================
heaps.heappush(heap2,int3)                                              # STEP 42
ACTION: heaps.heappush(heap2,int3) 
int3 = 4 : <type 'int'>
heap2 = [17, 17, 17, 17, 17, 17, 17, 17, 17] : <type 'list'>
=> heap2 = [4, 17, 17, 17, 17, 17, 17, 17, 17, 17] : <type 'list'>
==================================================
heaps.heappop(heap0)                                                    # STEP 43
ACTION: heaps.heappop(heap0) 
heap0 = [15, 17, 15, 17, 17, 17, 17, 17, 17, 17, 17, 17, 17, 17, 17, 17, 17, 17, 17, 17, 17, 17, 17, 17, 17, 17, 17, 17, 17, 17, 17, 17, 17, 17, 17, 17, 17, 17] : <type 'list'>
=> heap0 = [15, 17, 17, 17, 17, 17, 17, 17, 17, 17, 17, 17, 17, 17, 17, 17, 17, 17, 17, 17, 17, 17, 17, 17, 17, 17, 17, 17, 17, 17, 17, 17, 17, 17, 17, 17, 17] : <type 'list'>
==================================================
heaps.heappush(heap0,int3)                                              # STEP 44
ACTION: heaps.heappush(heap0,int3) 
int3 = 4 : <type 'int'>
heap0 = [15, 17, 17, 17, 17, 17, 17, 17, 17, 17, 17, 17, 17, 17, 17, 17, 17, 17, 17, 17, 17, 17, 17, 17, 17, 17, 17, 17, 17, 17, 17, 17, 17, 17, 17, 17, 17] : <type 'list'>
=> heap0 = [4, 15, 17, 17, 17, 17, 17, 17, 17, 17, 17, 17, 17, 17, 17, 17, 17, 17, 17, 17, 17, 17, 17, 17, 17, 17, 17, 17, 17, 17, 17, 17, 17, 17, 17, 17, 17, 17] : <type 'list'>
==================================================
heap1 = heaps.heapmerge(heap1,heap1)                                    # STEP 45
ACTION: heap1 = heaps.heapmerge(heap1,heap1) 
heap1 = [10, 15, 17, 17, 15, 17, 17, 17, 17, 17, 17, 17, 17, 17, 17, 17, 17, 17, 17, 17, 17] : <type 'list'>
=> heap1 = [10, 10, 15, 15, 17, 17, 15, 17, 17, 17, 17, 17, 17, 17, 17, 17, 17, 17, 17, 17, 17, 17, 17, 17, 17, 15, 17, 17, 17, 17, 17, 17, 17, 17, 17, 17, 17, 17, 17, 17, 17, 17] : <type 'list'>
==================================================
heaps.heappush(heap0,int0)                                              # STEP 46
ACTION: heaps.heappush(heap0,int0) 
int0 = 20 : <type 'int'>
heap0 = [4, 15, 17, 17, 17, 17, 17, 17, 17, 17, 17, 17, 17, 17, 17, 17, 17, 17, 17, 17, 17, 17, 17, 17, 17, 17, 17, 17, 17, 17, 17, 17, 17, 17, 17, 17, 17, 17] : <type 'list'>
=> heap0 = [4, 15, 17, 17, 17, 17, 17, 17, 17, 17, 17, 17, 17, 17, 17, 17, 17, 17, 17, 17, 17, 17, 17, 17, 17, 17, 17, 17, 17, 17, 17, 17, 17, 17, 17, 17, 17, 17, 20] : <type 'list'>
==================================================
heaps.heappop(heap1)                                                    # STEP 47
ACTION: heaps.heappop(heap1) 
heap1 = [10, 10, 15, 15, 17, 17, 15, 17, 17, 17, 17, 17, 17, 17, 17, 17, 17, 17, 17, 17, 17, 17, 17, 17, 17, 15, 17, 17, 17, 17, 17, 17, 17, 17, 17, 17, 17, 17, 17, 17, 17, 17] : <type 'list'>
=> heap1 = [10, 15, 15, 17, 17, 17, 15, 17, 17, 17, 17, 17, 17, 17, 17, 17, 17, 17, 17, 17, 17, 17, 17, 17, 17, 15, 17, 17, 17, 17, 17, 17, 17, 17, 17, 17, 17, 17, 17, 17, 17] : <type 'list'>
==================================================
assert (min(heap2) == heaps.heappop(heap2))                             # STEP 48
ACTION: assert (min(heap2) == heaps.heappop(heap2)) 
heap2 = [4, 17, 17, 17, 17, 17, 17, 17, 17, 17] : <type 'list'>
=> heap2 = [17, 17, 17, 17, 17, 17, 17, 17, 17] : <type 'list'>
==================================================
assert (min(heap1) == heaps.heappop(heap1))                             # STEP 49
ACTION: assert (min(heap1) == heaps.heappop(heap1)) 
heap1 = [10, 15, 15, 17, 17, 17, 15, 17, 17, 17, 17, 17, 17, 17, 17, 17, 17, 17, 17, 17, 17, 17, 17, 17, 17, 15, 17, 17, 17, 17, 17, 17, 17, 17, 17, 17, 17, 17, 17, 17, 17] : <type 'list'>
=> heap1 = [15, 17, 15, 17, 17, 17, 15, 17, 17, 17, 17, 17, 17, 17, 17, 17, 17, 17, 17, 17, 17, 17, 17, 17, 17, 15, 17, 17, 17, 17, 17, 17, 17, 17, 17, 17, 17, 17, 17, 17] : <type 'list'>
==================================================
assert (min(heap1) == heaps.heappop(heap1))                             # STEP 50
ACTION: assert (min(heap1) == heaps.heappop(heap1)) 
heap1 = [15, 17, 15, 17, 17, 17, 15, 17, 17, 17, 17, 17, 17, 17, 17, 17, 17, 17, 17, 17, 17, 17, 17, 17, 17, 15, 17, 17, 17, 17, 17, 17, 17, 17, 17, 17, 17, 17, 17, 17] : <type 'list'>
=> heap1 = [15, 17, 15, 17, 17, 17, 17, 17, 17, 17, 17, 17, 17, 17, 17, 17, 17, 17, 17, 17, 17, 17, 17, 17, 17, 15, 17, 17, 17, 17, 17, 17, 17, 17, 17, 17, 17, 17, 17] : <type 'list'>
==================================================
heaps.heappop(heap1)                                                    # STEP 51
ACTION: heaps.heappop(heap1) 
heap1 = [15, 17, 15, 17, 17, 17, 17, 17, 17, 17, 17, 17, 17, 17, 17, 17, 17, 17, 17, 17, 17, 17, 17, 17, 17, 15, 17, 17, 17, 17, 17, 17, 17, 17, 17, 17, 17, 17, 17] : <type 'list'>
=> heap1 = [15, 17, 17, 17, 17, 17, 17, 17, 17, 17, 17, 17, 17, 17, 17, 17, 17, 17, 17, 17, 17, 17, 17, 17, 17, 15, 17, 17, 17, 17, 17, 17, 17, 17, 17, 17, 17, 17] : <type 'list'>
==================================================
heaps.heappop(heap2)                                                    # STEP 52
ACTION: heaps.heappop(heap2) 
heap2 = [17, 17, 17, 17, 17, 17, 17, 17, 17] : <type 'list'>
=> heap2 = [17, 17, 17, 17, 17, 17, 17, 17] : <type 'list'>
==================================================
heap0 = heaps.heapmerge(heap0,heap0)                                    # STEP 53
ACTION: heap0 = heaps.heapmerge(heap0,heap0) 
heap0 = [4, 15, 17, 17, 17, 17, 17, 17, 17, 17, 17, 17, 17, 17, 17, 17, 17, 17, 17, 17, 17, 17, 17, 17, 17, 17, 17, 17, 17, 17, 17, 17, 17, 17, 17, 17, 17, 17, 20] : <type 'list'>
=> heap0 = [4, 4, 15, 15, 17, 17, 17, 17, 17, 17, 17, 17, 17, 17, 17, 17, 17, 17, 17, 17, 17, 17, 17, 17, 17, 17, 17, 17, 17, 17, 17, 17, 17, 17, 17, 17, 17, 17, 17, 17, 17, 17, 17, 17, 17, 17, 17, 17, 17, 17, 17, 17, 17, 17, 17, 17, 17, 17, 17, 17, 17, 17, 17, 17, 17, 17, 17, 17, 17, 17, 17, 17, 17, 17, 17, 17, 20, 20] : <type 'list'>
==================================================
heap1 = heaps.heapmerge(heap0,heap2)                                    # STEP 54
ACTION: heap1 = heaps.heapmerge(heap0,heap2) 
heap0 = [4, 4, 15, 15, 17, 17, 17, 17, 17, 17, 17, 17, 17, 17, 17, 17, 17, 17, 17, 17, 17, 17, 17, 17, 17, 17, 17, 17, 17, 17, 17, 17, 17, 17, 17, 17, 17, 17, 17, 17, 17, 17, 17, 17, 17, 17, 17, 17, 17, 17, 17, 17, 17, 17, 17, 17, 17, 17, 17, 17, 17, 17, 17, 17, 17, 17, 17, 17, 17, 17, 17, 17, 17, 17, 17, 17, 20, 20] : <type 'list'>
heap2 = [17, 17, 17, 17, 17, 17, 17, 17] : <type 'list'>
heap1 = [15, 17, 17, 17, 17, 17, 17, 17, 17, 17, 17, 17, 17, 17, 17, 17, 17, 17, 17, 17, 17, 17, 17, 17, 17, 15, 17, 17, 17, 17, 17, 17, 17, 17, 17, 17, 17, 17] : <type 'list'>
=> heap1 = [4, 4, 15, 15, 17, 17, 17, 17, 17, 17, 17, 17, 17, 17, 17, 17, 17, 17, 17, 17, 17, 17, 17, 17, 17, 17, 17, 17, 17, 17, 17, 17, 17, 17, 17, 17, 17, 17, 17, 17, 17, 17, 17, 17, 17, 17, 17, 17, 17, 17, 17, 17, 17, 17, 17, 17, 17, 17, 17, 17, 17, 17, 17, 17, 17, 17, 17, 17, 17, 17, 17, 17, 17, 17, 17, 17, 17, 17, 17, 17, 17, 17, 17, 17, 20, 20] : <type 'list'>
==================================================
assert (min(heap1) == heaps.heappop(heap1))                             # STEP 55
ACTION: assert (min(heap1) == heaps.heappop(heap1)) 
heap1 = [4, 4, 15, 15, 17, 17, 17, 17, 17, 17, 17, 17, 17, 17, 17, 17, 17, 17, 17, 17, 17, 17, 17, 17, 17, 17, 17, 17, 17, 17, 17, 17, 17, 17, 17, 17, 17, 17, 17, 17, 17, 17, 17, 17, 17, 17, 17, 17, 17, 17, 17, 17, 17, 17, 17, 17, 17, 17, 17, 17, 17, 17, 17, 17, 17, 17, 17, 17, 17, 17, 17, 17, 17, 17, 17, 17, 17, 17, 17, 17, 17, 17, 17, 17, 20, 20] : <type 'list'>
=> heap1 = [4, 15, 15, 17, 17, 17, 17, 17, 17, 17, 17, 17, 17, 17, 17, 17, 17, 17, 17, 17, 17, 17, 17, 17, 17, 17, 17, 17, 17, 17, 17, 17, 17, 17, 17, 17, 17, 17, 17, 17, 17, 17, 17, 17, 17, 17, 17, 17, 17, 17, 17, 17, 17, 17, 17, 17, 17, 17, 17, 17, 17, 17, 17, 20, 17, 17, 17, 17, 17, 17, 17, 17, 17, 17, 17, 17, 17, 17, 17, 17, 17, 17, 17, 17, 20] : <type 'list'>
==================================================
heaps.heappop(heap2)                                                    # STEP 56
ACTION: heaps.heappop(heap2) 
heap2 = [17, 17, 17, 17, 17, 17, 17, 17] : <type 'list'>
=> heap2 = [17, 17, 17, 17, 17, 17, 17] : <type 'list'>
==================================================
int0 = 1                                                                # STEP 57
ACTION: int0 = 1 
int0 = 20 : <type 'int'>
=> int0 = 1 : <type 'int'>
==================================================
assert (min(heap2) == heaps.heappop(heap2))                             # STEP 58
ACTION: assert (min(heap2) == heaps.heappop(heap2)) 
heap2 = [17, 17, 17, 17, 17, 17, 17] : <type 'list'>
=> heap2 = [17, 17, 17, 17, 17, 17] : <type 'list'>
==================================================
heap0 = heaps.heapmerge(heap2,heap1)                                    # STEP 59
ACTION: heap0 = heaps.heapmerge(heap2,heap1) 
heap2 = [17, 17, 17, 17, 17, 17] : <type 'list'>
heap1 = [4, 15, 15, 17, 17, 17, 17, 17, 17, 17, 17, 17, 17, 17, 17, 17, 17, 17, 17, 17, 17, 17, 17, 17, 17, 17, 17, 17, 17, 17, 17, 17, 17, 17, 17, 17, 17, 17, 17, 17, 17, 17, 17, 17, 17, 17, 17, 17, 17, 17, 17, 17, 17, 17, 17, 17, 17, 17, 17, 17, 17, 17, 17, 20, 17, 17, 17, 17, 17, 17, 17, 17, 17, 17, 17, 17, 17, 17, 17, 17, 17, 17, 17, 17, 20] : <type 'list'>
heap0 = [4, 4, 15, 15, 17, 17, 17, 17, 17, 17, 17, 17, 17, 17, 17, 17, 17, 17, 17, 17, 17, 17, 17, 17, 17, 17, 17, 17, 17, 17, 17, 17, 17, 17, 17, 17, 17, 17, 17, 17, 17, 17, 17, 17, 17, 17, 17, 17, 17, 17, 17, 17, 17, 17, 17, 17, 17, 17, 17, 17, 17, 17, 17, 17, 17, 17, 17, 17, 17, 17, 17, 17, 17, 17, 17, 17, 20, 20] : <type 'list'>
=> heap0 = [4, 15, 15, 17, 17, 17, 17, 17, 17, 17, 17, 17, 17, 17, 17, 17, 17, 17, 17, 17, 17, 17, 17, 17, 17, 17, 17, 17, 17, 17, 17, 17, 17, 17, 17, 17, 17, 17, 17, 17, 17, 17, 17, 17, 17, 17, 17, 17, 17, 17, 17, 17, 17, 17, 17, 17, 17, 17, 17, 17, 17, 17, 17, 17, 17, 17, 17, 17, 17, 20, 17, 17, 17, 17, 17, 17, 17, 17, 17, 17, 17, 17, 17, 17, 17, 17, 17, 17, 17, 17, 20] : <type 'list'>
==================================================
heaps.heappop(heap0)                                                    # STEP 60
ACTION: heaps.heappop(heap0) 
heap0 = [4, 15, 15, 17, 17, 17, 17, 17, 17, 17, 17, 17, 17, 17, 17, 17, 17, 17, 17, 17, 17, 17, 17, 17, 17, 17, 17, 17, 17, 17, 17, 17, 17, 17, 17, 17, 17, 17, 17, 17, 17, 17, 17, 17, 17, 17, 17, 17, 17, 17, 17, 17, 17, 17, 17, 17, 17, 17, 17, 17, 17, 17, 17, 17, 17, 17, 17, 17, 17, 20, 17, 17, 17, 17, 17, 17, 17, 17, 17, 17, 17, 17, 17, 17, 17, 17, 17, 17, 17, 17, 20] : <type 'list'>
=> heap0 = [15, 17, 15, 17, 17, 17, 17, 17, 17, 17, 17, 17, 17, 17, 17, 17, 17, 17, 17, 17, 17, 17, 17, 17, 17, 17, 17, 17, 17, 17, 17, 17, 17, 17, 17, 17, 17, 17, 17, 17, 17, 17, 17, 17, 17, 17, 17, 17, 17, 17, 17, 17, 17, 17, 17, 17, 17, 17, 17, 17, 17, 17, 17, 20, 17, 17, 17, 17, 17, 20, 17, 17, 17, 17, 17, 17, 17, 17, 17, 17, 17, 17, 17, 17, 17, 17, 17, 17, 17, 17] : <type 'list'>
==================================================
int3 = 8                                                                # STEP 61
ACTION: int3 = 8 
int3 = 4 : <type 'int'>
=> int3 = 8 : <type 'int'>
==================================================
assert (min(heap2) == heaps.heappop(heap2))                             # STEP 62
ACTION: assert (min(heap2) == heaps.heappop(heap2)) 
heap2 = [17, 17, 17, 17, 17, 17] : <type 'list'>
=> heap2 = [17, 17, 17, 17, 17] : <type 'list'>
==================================================
heaps.heappop(heap1)                                                    # STEP 63
ACTION: heaps.heappop(heap1) 
heap1 = [4, 15, 15, 17, 17, 17, 17, 17, 17, 17, 17, 17, 17, 17, 17, 17, 17, 17, 17, 17, 17, 17, 17, 17, 17, 17, 17, 17, 17, 17, 17, 17, 17, 17, 17, 17, 17, 17, 17, 17, 17, 17, 17, 17, 17, 17, 17, 17, 17, 17, 17, 17, 17, 17, 17, 17, 17, 17, 17, 17, 17, 17, 17, 20, 17, 17, 17, 17, 17, 17, 17, 17, 17, 17, 17, 17, 17, 17, 17, 17, 17, 17, 17, 17, 20] : <type 'list'>
=> heap1 = [15, 17, 15, 17, 17, 17, 17, 17, 17, 17, 17, 17, 17, 17, 17, 17, 17, 17, 17, 17, 17, 17, 17, 17, 17, 17, 17, 17, 17, 17, 17, 17, 17, 17, 17, 17, 17, 17, 17, 17, 17, 17, 17, 17, 17, 17, 17, 17, 17, 17, 17, 17, 17, 17, 17, 17, 17, 17, 17, 17, 17, 17, 17, 20, 20, 17, 17, 17, 17, 17, 17, 17, 17, 17, 17, 17, 17, 17, 17, 17, 17, 17, 17, 17] : <type 'list'>
==================================================
assert (min(heap2) == heaps.heappop(heap2))                             # STEP 64
ACTION: assert (min(heap2) == heaps.heappop(heap2)) 
heap2 = [17, 17, 17, 17, 17] : <type 'list'>
=> heap2 = [17, 17, 17, 17] : <type 'list'>
==================================================
heap0 = heaps.heapmerge(heap1,heap0)                                    # STEP 65
ACTION: heap0 = heaps.heapmerge(heap1,heap0) 
heap1 = [15, 17, 15, 17, 17, 17, 17, 17, 17, 17, 17, 17, 17, 17, 17, 17, 17, 17, 17, 17, 17, 17, 17, 17, 17, 17, 17, 17, 17, 17, 17, 17, 17, 17, 17, 17, 17, 17, 17, 17, 17, 17, 17, 17, 17, 17, 17, 17, 17, 17, 17, 17, 17, 17, 17, 17, 17, 17, 17, 17, 17, 17, 17, 20, 20, 17, 17, 17, 17, 17, 17, 17, 17, 17, 17, 17, 17, 17, 17, 17, 17, 17, 17, 17] : <type 'list'>
heap0 = [15, 17, 15, 17, 17, 17, 17, 17, 17, 17, 17, 17, 17, 17, 17, 17, 17, 17, 17, 17, 17, 17, 17, 17, 17, 17, 17, 17, 17, 17, 17, 17, 17, 17, 17, 17, 17, 17, 17, 17, 17, 17, 17, 17, 17, 17, 17, 17, 17, 17, 17, 17, 17, 17, 17, 17, 17, 17, 17, 17, 17, 17, 17, 20, 17, 17, 17, 17, 17, 20, 17, 17, 17, 17, 17, 17, 17, 17, 17, 17, 17, 17, 17, 17, 17, 17, 17, 17, 17, 17] : <type 'list'>
=> heap0 = [15, 15, 17, 15, 17, 17, 17, 17, 17, 17, 17, 17, 17, 17, 17, 17, 17, 17, 17, 17, 17, 17, 17, 17, 17, 17, 17, 17, 17, 17, 17, 17, 17, 17, 17, 17, 17, 17, 17, 17, 17, 17, 17, 17, 17, 17, 17, 17, 17, 17, 17, 17, 17, 17, 17, 17, 17, 17, 17, 17, 17, 17, 17, 17, 17, 15, 17, 17, 17, 17, 17, 17, 17, 17, 17, 17, 17, 17, 17, 17, 17, 17, 17, 17, 17, 17, 17, 17, 17, 17, 17, 17, 17, 17, 17, 17, 17, 17, 17, 17, 17, 17, 17, 17, 17, 17, 17, 17, 17, 17, 17, 17, 17, 17, 17, 17, 17, 17, 17, 17, 17, 17, 17, 17, 17, 17, 20, 20, 17, 17, 17, 17, 17, 17, 17, 17, 17, 17, 17, 17, 17, 17, 17, 17, 17, 17, 17, 20, 17, 17, 17, 17, 17, 20, 17, 17, 17, 17, 17, 17, 17, 17, 17, 17, 17, 17, 17, 17, 17, 17, 17, 17, 17, 17] : <type 'list'>
==================================================
assert (min(heap1) == heaps.heappop(heap1))                             # STEP 66
ACTION: assert (min(heap1) == heaps.heappop(heap1)) 
heap1 = [15, 17, 15, 17, 17, 17, 17, 17, 17, 17, 17, 17, 17, 17, 17, 17, 17, 17, 17, 17, 17, 17, 17, 17, 17, 17, 17, 17, 17, 17, 17, 17, 17, 17, 17, 17, 17, 17, 17, 17, 17, 17, 17, 17, 17, 17, 17, 17, 17, 17, 17, 17, 17, 17, 17, 17, 17, 17, 17, 17, 17, 17, 17, 20, 20, 17, 17, 17, 17, 17, 17, 17, 17, 17, 17, 17, 17, 17, 17, 17, 17, 17, 17, 17] : <type 'list'>
=> heap1 = [15, 17, 17, 17, 17, 17, 17, 17, 17, 17, 17, 17, 17, 17, 17, 17, 17, 17, 17, 17, 17, 17, 17, 17, 17, 17, 17, 17, 17, 17, 17, 17, 17, 17, 17, 17, 17, 17, 17, 17, 17, 17, 17, 17, 17, 17, 17, 17, 17, 17, 17, 17, 17, 17, 17, 17, 17, 17, 17, 17, 17, 17, 17, 20, 20, 17, 17, 17, 17, 17, 17, 17, 17, 17, 17, 17, 17, 17, 17, 17, 17, 17, 17] : <type 'list'>
==================================================
assert (min(heap2) == heaps.heappop(heap2))                             # STEP 67
ACTION: assert (min(heap2) == heaps.heappop(heap2)) 
heap2 = [17, 17, 17, 17] : <type 'list'>
=> heap2 = [17, 17, 17] : <type 'list'>
==================================================
assert (min(heap2) == heaps.heappop(heap2))                             # STEP 68
ACTION: assert (min(heap2) == heaps.heappop(heap2)) 
heap2 = [17, 17, 17] : <type 'list'>
=> heap2 = [17, 17] : <type 'list'>
==================================================
heaps.heappush(heap2,int3)                                              # STEP 69
ACTION: heaps.heappush(heap2,int3) 
int3 = 8 : <type 'int'>
heap2 = [17, 17] : <type 'list'>
=> heap2 = [8, 17, 17] : <type 'list'>
==================================================
heaps.heappop(heap2)                                                    # STEP 70
ACTION: heaps.heappop(heap2) 
heap2 = [8, 17, 17] : <type 'list'>
=> heap2 = [17, 17] : <type 'list'>
==================================================
heaps.heappush(heap2,int4)                                              # STEP 71
ACTION: heaps.heappush(heap2,int4) 
int4 = 13 : <type 'int'>
heap2 = [17, 17] : <type 'list'>
=> heap2 = [13, 17, 17] : <type 'list'>
==================================================
assert (min(heap0) == heaps.heappop(heap0))                             # STEP 72
ACTION: assert (min(heap0) == heaps.heappop(heap0)) 
heap0 = [15, 15, 17, 15, 17, 17, 17, 17, 17, 17, 17, 17, 17, 17, 17, 17, 17, 17, 17, 17, 17, 17, 17, 17, 17, 17, 17, 17, 17, 17, 17, 17, 17, 17, 17, 17, 17, 17, 17, 17, 17, 17, 17, 17, 17, 17, 17, 17, 17, 17, 17, 17, 17, 17, 17, 17, 17, 17, 17, 17, 17, 17, 17, 17, 17, 15, 17, 17, 17, 17, 17, 17, 17, 17, 17, 17, 17, 17, 17, 17, 17, 17, 17, 17, 17, 17, 17, 17, 17, 17, 17, 17, 17, 17, 17, 17, 17, 17, 17, 17, 17, 17, 17, 17, 17, 17, 17, 17, 17, 17, 17, 17, 17, 17, 17, 17, 17, 17, 17, 17, 17, 17, 17, 17, 17, 17, 20, 20, 17, 17, 17, 17, 17, 17, 17, 17, 17, 17, 17, 17, 17, 17, 17, 17, 17, 17, 17, 20, 17, 17, 17, 17, 17, 20, 17, 17, 17, 17, 17, 17, 17, 17, 17, 17, 17, 17, 17, 17, 17, 17, 17, 17, 17, 17] : <type 'list'>
=> heap0 = [15, 15, 17, 17, 17, 17, 17, 17, 17, 17, 17, 17, 17, 17, 17, 17, 17, 17, 17, 17, 17, 17, 17, 17, 17, 17, 17, 17, 17, 17, 17, 17, 17, 17, 17, 17, 17, 17, 17, 17, 17, 17, 17, 17, 17, 17, 17, 17, 17, 17, 17, 17, 17, 17, 17, 17, 17, 17, 17, 17, 17, 17, 17, 17, 17, 15, 17, 17, 17, 17, 17, 17, 17, 17, 17, 17, 17, 17, 17, 17, 17, 17, 17, 17, 17, 17, 17, 17, 17, 17, 17, 17, 17, 17, 17, 17, 17, 17, 17, 17, 17, 17, 17, 17, 17, 17, 17, 17, 17, 17, 17, 17, 17, 17, 17, 17, 17, 17, 17, 17, 17, 17, 17, 17, 17, 17, 20, 20, 17, 17, 17, 17, 17, 17, 17, 17, 17, 17, 17, 17, 17, 17, 17, 17, 17, 17, 17, 20, 17, 17, 17, 17, 17, 20, 17, 17, 17, 17, 17, 17, 17, 17, 17, 17, 17, 17, 17, 17, 17, 17, 17, 17, 17] : <type 'list'>
==================================================
heaps.heappop(heap0)                                                    # STEP 73
ACTION: heaps.heappop(heap0) 
heap0 = [15, 15, 17, 17, 17, 17, 17, 17, 17, 17, 17, 17, 17, 17, 17, 17, 17, 17, 17, 17, 17, 17, 17, 17, 17, 17, 17, 17, 17, 17, 17, 17, 17, 17, 17, 17, 17, 17, 17, 17, 17, 17, 17, 17, 17, 17, 17, 17, 17, 17, 17, 17, 17, 17, 17, 17, 17, 17, 17, 17, 17, 17, 17, 17, 17, 15, 17, 17, 17, 17, 17, 17, 17, 17, 17, 17, 17, 17, 17, 17, 17, 17, 17, 17, 17, 17, 17, 17, 17, 17, 17, 17, 17, 17, 17, 17, 17, 17, 17, 17, 17, 17, 17, 17, 17, 17, 17, 17, 17, 17, 17, 17, 17, 17, 17, 17, 17, 17, 17, 17, 17, 17, 17, 17, 17, 17, 20, 20, 17, 17, 17, 17, 17, 17, 17, 17, 17, 17, 17, 17, 17, 17, 17, 17, 17, 17, 17, 20, 17, 17, 17, 17, 17, 20, 17, 17, 17, 17, 17, 17, 17, 17, 17, 17, 17, 17, 17, 17, 17, 17, 17, 17, 17] : <type 'list'>
=> heap0 = [15, 17, 17, 17, 17, 17, 17, 17, 17, 17, 17, 17, 17, 17, 17, 17, 17, 17, 17, 17, 17, 17, 17, 17, 17, 17, 17, 17, 17, 17, 17, 17, 17, 17, 17, 17, 17, 17, 17, 17, 17, 17, 17, 17, 17, 17, 17, 17, 17, 17, 17, 17, 17, 17, 17, 17, 17, 17, 17, 17, 17, 17, 17, 17, 17, 15, 17, 17, 17, 17, 17, 17, 17, 17, 17, 17, 17, 17, 17, 17, 17, 17, 17, 17, 17, 17, 17, 17, 17, 17, 17, 17, 17, 17, 17, 17, 17, 17, 17, 17, 17, 17, 17, 17, 17, 17, 17, 17, 17, 17, 17, 17, 17, 17, 17, 17, 17, 17, 17, 17, 17, 17, 17, 17, 17, 17, 20, 20, 17, 17, 17, 17, 17, 17, 17, 17, 17, 17, 17, 17, 17, 17, 17, 17, 17, 17, 17, 20, 17, 17, 17, 17, 17, 20, 17, 17, 17, 17, 17, 17, 17, 17, 17, 17, 17, 17, 17, 17, 17, 17, 17, 17] : <type 'list'>
==================================================
heaps.heappop(heap2)                                                    # STEP 74
ACTION: heaps.heappop(heap2) 
heap2 = [13, 17, 17] : <type 'list'>
=> heap2 = [17, 17] : <type 'list'>
==================================================
assert (min(heap0) == heaps.heappop(heap0))                             # STEP 75
ACTION: assert (min(heap0) == heaps.heappop(heap0)) 
heap0 = [15, 17, 17, 17, 17, 17, 17, 17, 17, 17, 17, 17, 17, 17, 17, 17, 17, 17, 17, 17, 17, 17, 17, 17, 17, 17, 17, 17, 17, 17, 17, 17, 17, 17, 17, 17, 17, 17, 17, 17, 17, 17, 17, 17, 17, 17, 17, 17, 17, 17, 17, 17, 17, 17, 17, 17, 17, 17, 17, 17, 17, 17, 17, 17, 17, 15, 17, 17, 17, 17, 17, 17, 17, 17, 17, 17, 17, 17, 17, 17, 17, 17, 17, 17, 17, 17, 17, 17, 17, 17, 17, 17, 17, 17, 17, 17, 17, 17, 17, 17, 17, 17, 17, 17, 17, 17, 17, 17, 17, 17, 17, 17, 17, 17, 17, 17, 17, 17, 17, 17, 17, 17, 17, 17, 17, 17, 20, 20, 17, 17, 17, 17, 17, 17, 17, 17, 17, 17, 17, 17, 17, 17, 17, 17, 17, 17, 17, 20, 17, 17, 17, 17, 17, 20, 17, 17, 17, 17, 17, 17, 17, 17, 17, 17, 17, 17, 17, 17, 17, 17, 17, 17] : <type 'list'>
=> heap0 = [17, 17, 17, 17, 17, 17, 17, 17, 17, 17, 17, 17, 17, 17, 17, 17, 17, 17, 17, 17, 17, 17, 17, 17, 17, 17, 17, 17, 17, 17, 17, 17, 17, 17, 17, 17, 17, 17, 17, 17, 17, 17, 17, 17, 17, 17, 17, 17, 17, 17, 17, 17, 17, 17, 17, 17, 17, 17, 17, 17, 17, 17, 17, 17, 17, 15, 17, 17, 17, 17, 17, 17, 17, 17, 17, 17, 17, 17, 17, 17, 17, 17, 17, 17, 17, 17, 17, 17, 17, 17, 17, 17, 17, 17, 17, 17, 17, 17, 17, 17, 17, 17, 17, 17, 17, 17, 17, 17, 17, 17, 17, 17, 17, 17, 17, 17, 17, 17, 17, 17, 17, 17, 17, 17, 17, 17, 20, 20, 17, 17, 17, 17, 17, 17, 17, 17, 17, 17, 17, 17, 17, 17, 17, 17, 17, 17, 17, 20, 17, 17, 17, 17, 17, 20, 17, 17, 17, 17, 17, 17, 17, 17, 17, 17, 17, 17, 17, 17, 17, 17, 17] : <type 'list'>
==================================================
heap2 = heaps.heapmerge(heap1,heap2)                                    # STEP 76
ACTION: heap2 = heaps.heapmerge(heap1,heap2) 
heap1 = [15, 17, 17, 17, 17, 17, 17, 17, 17, 17, 17, 17, 17, 17, 17, 17, 17, 17, 17, 17, 17, 17, 17, 17, 17, 17, 17, 17, 17, 17, 17, 17, 17, 17, 17, 17, 17, 17, 17, 17, 17, 17, 17, 17, 17, 17, 17, 17, 17, 17, 17, 17, 17, 17, 17, 17, 17, 17, 17, 17, 17, 17, 17, 20, 20, 17, 17, 17, 17, 17, 17, 17, 17, 17, 17, 17, 17, 17, 17, 17, 17, 17, 17] : <type 'list'>
heap2 = [17, 17] : <type 'list'>
=> heap2 = [15, 17, 17, 17, 17, 17, 17, 17, 17, 17, 17, 17, 17, 17, 17, 17, 17, 17, 17, 17, 17, 17, 17, 17, 17, 17, 17, 17, 17, 17, 17, 17, 17, 17, 17, 17, 17, 17, 17, 17, 17, 17, 17, 17, 17, 17, 17, 17, 17, 17, 17, 17, 17, 17, 17, 17, 17, 17, 17, 17, 17, 17, 17, 17, 17, 20, 20, 17, 17, 17, 17, 17, 17, 17, 17, 17, 17, 17, 17, 17, 17, 17, 17, 17, 17] : <type 'list'>
==================================================
heaps.heappush(heap1,int4)                                              # STEP 77
ACTION: heaps.heappush(heap1,int4) 
int4 = 13 : <type 'int'>
heap1 = [15, 17, 17, 17, 17, 17, 17, 17, 17, 17, 17, 17, 17, 17, 17, 17, 17, 17, 17, 17, 17, 17, 17, 17, 17, 17, 17, 17, 17, 17, 17, 17, 17, 17, 17, 17, 17, 17, 17, 17, 17, 17, 17, 17, 17, 17, 17, 17, 17, 17, 17, 17, 17, 17, 17, 17, 17, 17, 17, 17, 17, 17, 17, 20, 20, 17, 17, 17, 17, 17, 17, 17, 17, 17, 17, 17, 17, 17, 17, 17, 17, 17, 17] : <type 'list'>
=> heap1 = [13, 15, 17, 17, 17, 17, 17, 17, 17, 17, 17, 17, 17, 17, 17, 17, 17, 17, 17, 17, 17, 17, 17, 17, 17, 17, 17, 17, 17, 17, 17, 17, 17, 17, 17, 17, 17, 17, 17, 17, 17, 17, 17, 17, 17, 17, 17, 17, 17, 17, 17, 17, 17, 17, 17, 17, 17, 17, 17, 17, 17, 17, 17, 20, 20, 17, 17, 17, 17, 17, 17, 17, 17, 17, 17, 17, 17, 17, 17, 17, 17, 17, 17, 17] : <type 'list'>
==================================================
assert (min(heap0) == heaps.heappop(heap0))                             # STEP 78
ACTION: assert (min(heap0) == heaps.heappop(heap0)) 
heap0 = [17, 17, 17, 17, 17, 17, 17, 17, 17, 17, 17, 17, 17, 17, 17, 17, 17, 17, 17, 17, 17, 17, 17, 17, 17, 17, 17, 17, 17, 17, 17, 17, 17, 17, 17, 17, 17, 17, 17, 17, 17, 17, 17, 17, 17, 17, 17, 17, 17, 17, 17, 17, 17, 17, 17, 17, 17, 17, 17, 17, 17, 17, 17, 17, 17, 15, 17, 17, 17, 17, 17, 17, 17, 17, 17, 17, 17, 17, 17, 17, 17, 17, 17, 17, 17, 17, 17, 17, 17, 17, 17, 17, 17, 17, 17, 17, 17, 17, 17, 17, 17, 17, 17, 17, 17, 17, 17, 17, 17, 17, 17, 17, 17, 17, 17, 17, 17, 17, 17, 17, 17, 17, 17, 17, 17, 17, 20, 20, 17, 17, 17, 17, 17, 17, 17, 17, 17, 17, 17, 17, 17, 17, 17, 17, 17, 17, 17, 20, 17, 17, 17, 17, 17, 20, 17, 17, 17, 17, 17, 17, 17, 17, 17, 17, 17, 17, 17, 17, 17, 17, 17] : <type 'list'>
RAISED EXCEPTION: <type 'exceptions.AssertionError'> 
=> heap0 = [17, 17, 17, 17, 17, 17, 17, 17, 17, 17, 17, 17, 17, 17, 17, 17, 17, 17, 17, 17, 17, 17, 17, 17, 17, 17, 17, 17, 17, 17, 17, 17, 17, 17, 17, 17, 17, 17, 17, 17, 17, 17, 17, 17, 17, 17, 17, 17, 17, 17, 17, 17, 17, 17, 17, 17, 17, 17, 17, 17, 17, 17, 17, 17, 17, 15, 17, 17, 17, 17, 17, 17, 17, 17, 17, 17, 17, 17, 17, 17, 17, 17, 17, 17, 17, 17, 17, 17, 17, 17, 17, 17, 17, 17, 17, 17, 17, 17, 17, 17, 17, 17, 17, 17, 17, 17, 17, 17, 17, 17, 17, 17, 17, 17, 17, 17, 17, 17, 17, 17, 17, 17, 17, 17, 17, 17, 20, 20, 17, 17, 17, 17, 17, 17, 17, 17, 17, 17, 17, 17, 17, 17, 17, 17, 17, 17, 17, 20, 17, 17, 17, 17, 17, 20, 17, 17, 17, 17, 17, 17, 17, 17, 17, 17, 17, 17, 17, 17, 17, 17] : <type 'list'>
ERROR: (<type 'exceptions.AssertionError'>, AssertionError(), <traceback object at 0x103da0ef0>)
TRACEBACK:
  File "/Users/alex/tstl/examples/hypothesis_heaps/sut.py", line 7453, in safely
    act[2]()
  File "/Users/alex/tstl/examples/hypothesis_heaps/sut.py", line 5100, in act148
    assert (min(self.p_heap[0]) == heaps.heappop(self.p_heap[0]))
FAILURE IS NEW, STORING; NOW 1 DISTINCT FAILURES
TEST #10 STEP #60 (0:00:30.027618) Tue May  2 19:30:22 2017 [ 41 stmts 58 branches ]
STOPPING TEST DUE TO TIMEOUT, TERMINATED AT LENGTH 15
STOPPING TESTING DUE TO TIMEOUT
16.8053244592 PERCENT COVERED
60.0473458767 TOTAL RUNTIME
20 EXECUTED
1894 TOTAL TEST OPERATIONS
29.2535858154 TIME SPENT EXECUTING TEST OPERATIONS
0.255909204483 TIME SPENT EVALUATING GUARDS AND CHOOSING ACTIONS
29.2320687771 TIME SPENT CHECKING PROPERTIES
58.4856545925 TOTAL TIME SPENT RUNNING SUT
0.0110886096954 TIME SPENT RESTARTING
0.0 TIME SPENT REDUCING TEST CASES
1 FAILED
0 REPEATS OF FAILURES
1 ACTUAL DISTINCT FAILURES

FAILURE 0
int4 = 14                                                                # STEP 0
heap1 = heaps.heapnew()                                                  # STEP 1
int1 = 17                                                                # STEP 2
heaps.heappush(heap1,int1)                                               # STEP 3
heap0 = heaps.heapmerge(heap1,heap1)                                     # STEP 4
heap2 = heaps.heapmerge(heap1,heap0)                                     # STEP 5
heaps.heappush(heap1,int1)                                               # STEP 6
assert (min(heap2) == heaps.heappop(heap2))                              # STEP 7
heaps.heappop(heap0)                                                     # STEP 8
assert (min(heap0) == heaps.heappop(heap0))                              # STEP 9
int3 = 4                                                                # STEP 10
heaps.heappop(heap1)                                                    # STEP 11
heap1 = heaps.heapmerge(heap2,heap2)                                    # STEP 12
int2 = 15                                                               # STEP 13
heap2 = heaps.heapmerge(heap1,heap2)                                    # STEP 14
int0 = 10                                                               # STEP 15
assert (min(heap2) == heaps.heappop(heap2))                             # STEP 16
assert (min(heap1) == heaps.heappop(heap1))                             # STEP 17
heap1 = heaps.heapmerge(heap1,heap1)                                    # STEP 18
int1 = 1                                                                # STEP 19
heap0 = heaps.heapmerge(heap2,heap0)                                    # STEP 20
heap2 = heaps.heapmerge(heap2,heap2)                                    # STEP 21
assert (min(heap1) == heaps.heappop(heap1))                             # STEP 22
heaps.heappop(heap1)                                                    # STEP 23
heap1 = heaps.heapmerge(heap2,heap2)                                    # STEP 24
assert (min(heap2) == heaps.heappop(heap2))                             # STEP 25
heaps.heappop(heap0)                                                    # STEP 26
heaps.heappush(heap2,int2)                                              # STEP 27
int2 = 2                                                                # STEP 28
heap0 = heaps.heapmerge(heap2,heap0)                                    # STEP 29
heaps.heappush(heap1,int4)                                              # STEP 30
assert (min(heap0) == heaps.heappop(heap0))                             # STEP 31
heaps.heappop(heap1)                                                    # STEP 32
heap1 = heaps.heapmerge(heap2,heap2)                                    # STEP 33
assert (min(heap0) == heaps.heappop(heap0))                             # STEP 34
heap0 = heaps.heapmerge(heap1,heap1)                                    # STEP 35
heaps.heappush(heap1,int0)                                              # STEP 36
assert (min(heap2) == heaps.heappop(heap2))                             # STEP 37
heaps.heappop(heap0)                                                    # STEP 38
heaps.heappop(heap0)                                                    # STEP 39
int0 = 20                                                               # STEP 40
int4 = 13                                                               # STEP 41
heaps.heappush(heap2,int3)                                              # STEP 42
heaps.heappop(heap0)                                                    # STEP 43
heaps.heappush(heap0,int3)                                              # STEP 44
heap1 = heaps.heapmerge(heap1,heap1)                                    # STEP 45
heaps.heappush(heap0,int0)                                              # STEP 46
heaps.heappop(heap1)                                                    # STEP 47
assert (min(heap2) == heaps.heappop(heap2))                             # STEP 48
assert (min(heap1) == heaps.heappop(heap1))                             # STEP 49
assert (min(heap1) == heaps.heappop(heap1))                             # STEP 50
heaps.heappop(heap1)                                                    # STEP 51
heaps.heappop(heap2)                                                    # STEP 52
heap0 = heaps.heapmerge(heap0,heap0)                                    # STEP 53
heap1 = heaps.heapmerge(heap0,heap2)                                    # STEP 54
assert (min(heap1) == heaps.heappop(heap1))                             # STEP 55
heaps.heappop(heap2)                                                    # STEP 56
int0 = 1                                                                # STEP 57
assert (min(heap2) == heaps.heappop(heap2))                             # STEP 58
heap0 = heaps.heapmerge(heap2,heap1)                                    # STEP 59
heaps.heappop(heap0)                                                    # STEP 60
int3 = 8                                                                # STEP 61
assert (min(heap2) == heaps.heappop(heap2))                             # STEP 62
heaps.heappop(heap1)                                                    # STEP 63
assert (min(heap2) == heaps.heappop(heap2))                             # STEP 64
heap0 = heaps.heapmerge(heap1,heap0)                                    # STEP 65
assert (min(heap1) == heaps.heappop(heap1))                             # STEP 66
assert (min(heap2) == heaps.heappop(heap2))                             # STEP 67
assert (min(heap2) == heaps.heappop(heap2))                             # STEP 68
heaps.heappush(heap2,int3)                                              # STEP 69
heaps.heappop(heap2)                                                    # STEP 70
heaps.heappush(heap2,int4)                                              # STEP 71
assert (min(heap0) == heaps.heappop(heap0))                             # STEP 72
heaps.heappop(heap0)                                                    # STEP 73
heaps.heappop(heap2)                                                    # STEP 74
assert (min(heap0) == heaps.heappop(heap0))                             # STEP 75
heap2 = heaps.heapmerge(heap1,heap2)                                    # STEP 76
heaps.heappush(heap1,int4)                                              # STEP 77
assert (min(heap0) == heaps.heappop(heap0))                             # STEP 78
ERROR: (<type 'exceptions.AssertionError'>, AssertionError(), <traceback object at 0x103da0ef0>)
TRACEBACK:
  File "/Users/alex/tstl/examples/hypothesis_heaps/sut.py", line 7453, in safely
    act[2]()
  File "/Users/alex/tstl/examples/hypothesis_heaps/sut.py", line 5100, in act148
    assert (min(self.p_heap[0]) == heaps.heappop(self.p_heap[0]))
58 BRANCHES COVERED
41 STATEMENTS COVERED
