Random testing using config=Config(swarmSwitch=None, verbose=False, reducePool=False, failedLogging=None, exploitBestHint=1, greedyStutter=False, exploit=None, seed=None, generalize=False, useHints=False, localize=False, total=False, speed='FAST', probs='locsample.probs', normalize=False, verboseExploit=False, highLowSwarm=None, replayable=False, essentials=False, noCoverageExploit=False, quickTests=False, relax=False, internal=False, uniqueValuesAnalysis=False, swarm=True, html=None, fastQuickAnalysis=False, progress=False, swarmLength=None, profile=False, LOCBaseline=0.2, full=True, multiple=True, timedProgress=30, silentFail=False, stopWhenStatements=None, swarmP=0.5, stopWhenBranches=None, noAlphaConvert=False, coverFile='coverage.out', readQuick=False, verboseActions=False, running=False, computeFeatureStats=False, compareFails=False, swarmProbs=None, output='failure.43973.test', genDepth=None, Pcrossover=0.2, quickAnalysis=False, noReassign=False, exploitCeiling=0.1, logging=None, LOCProbs=False, noCheck=False, maxTests=-1, keep=False, noExceptionMatch=False, Pmutate=0.0, depth=100, showActions=False, throughput=False, noCover=False, timeout=60, stutter=None, uncaught=False, markov=None, startExploit=0)
TEST #12 STEP #12 (0:00:30.016552) Mon May  1 02:59:15 2017 [ 41 stmts 58 branches ]
WARNING: DEADLOCK (NO ENABLED ACTIONS)
TERMINATING TEST DUE TO NO ENABLED ACTIONS
STOPPING TEST DUE TO TIMEOUT, TERMINATED AT LENGTH 7
STOPPING TESTING DUE TO TIMEOUT
16.1524500907 PERCENT COVERED
60.045568943 TOTAL RUNTIME
24 EXECUTED
2213 TOTAL TEST OPERATIONS
29.9112014771 TIME SPENT EXECUTING TEST OPERATIONS
0.259562015533 TIME SPENT EVALUATING GUARDS AND CHOOSING ACTIONS
29.7822802067 TIME SPENT CHECKING PROPERTIES
59.6934816837 TOTAL TIME SPENT RUNNING SUT
0.0113897323608 TIME SPENT RESTARTING
0.0 TIME SPENT REDUCING TEST CASES
0 FAILED
0 REPEATS OF FAILURES
0 ACTUAL DISTINCT FAILURES

58 BRANCHES COVERED
41 STATEMENTS COVERED
