Random testing using config=Config(swarmSwitch=None, verbose=False, reducePool=False, failedLogging=None, exploitBestHint=1, greedyStutter=False, exploit=None, seed=None, generalize=False, useHints=False, localize=False, total=False, speed='FAST', probs=None, normalize=False, verboseExploit=False, highLowSwarm=None, replayable=False, essentials=False, noCoverageExploit=False, quickTests=False, relax=False, internal=False, uniqueValuesAnalysis=False, swarm=False, html=None, fastQuickAnalysis=False, progress=False, swarmLength=None, profile=False, LOCBaseline=0.2, full=True, multiple=True, timedProgress=30, silentFail=False, stopWhenStatements=None, swarmP=0.5, stopWhenBranches=None, noAlphaConvert=False, coverFile='coverage.out', readQuick=False, verboseActions=False, running=False, computeFeatureStats=False, compareFails=False, swarmProbs=None, output='failure.99664.test', genDepth=None, Pcrossover=0.2, quickAnalysis=False, noReassign=False, exploitCeiling=0.1, logging=None, LOCProbs=False, noCheck=False, maxTests=-1, keep=False, noExceptionMatch=False, Pmutate=0.0, depth=100, showActions=False, throughput=False, noCover=False, timeout=60, stutter=None, uncaught=False, markov=None, startExploit=0)
UNCAUGHT EXCEPTION
ERROR: (<type 'exceptions.AssertionError'>, AssertionError(), <traceback object at 0x1034cf908>)
TRACEBACK:
  File "/Users/alex/tstl/examples/hypothesis_heaps/sut.py", line 7453, in safely
    act[2]()
  File "/Users/alex/tstl/examples/hypothesis_heaps/sut.py", line 5170, in act150
    assert (min(self.p_heap[2]) == heaps.heappop(self.p_heap[2]))
Original test has 60 steps

SAVING TEST AS failure.99664.test.0
FINAL VERSION OF TEST, WITH LOGGED REPLAY:
int2 = 20                                                                # STEP 0
ACTION: int2 = 20 
int2 = None : <type 'NoneType'>
=> int2 = 20 : <type 'int'>
==================================================
int4 = 15                                                                # STEP 1
ACTION: int4 = 15 
int4 = None : <type 'NoneType'>
=> int4 = 15 : <type 'int'>
==================================================
int0 = 20                                                                # STEP 2
ACTION: int0 = 20 
int0 = None : <type 'NoneType'>
=> int0 = 20 : <type 'int'>
==================================================
int3 = 4                                                                 # STEP 3
ACTION: int3 = 4 
int3 = None : <type 'NoneType'>
=> int3 = 4 : <type 'int'>
==================================================
int1 = 7                                                                 # STEP 4
ACTION: int1 = 7 
int1 = None : <type 'NoneType'>
=> int1 = 7 : <type 'int'>
==================================================
heap0 = heaps.heapnew()                                                  # STEP 5
ACTION: heap0 = heaps.heapnew() 
heap0 = None : <type 'NoneType'>
=> heap0 = [] : <type 'list'>
==================================================
heap1 = heaps.heapmerge(heap0,heap0)                                     # STEP 6
ACTION: heap1 = heaps.heapmerge(heap0,heap0) 
heap0 = [] : <type 'list'>
heap1 = None : <type 'NoneType'>
=> heap1 = [] : <type 'list'>
==================================================
heaps.heappush(heap0,int1)                                               # STEP 7
ACTION: heaps.heappush(heap0,int1) 
int1 = 7 : <type 'int'>
heap0 = [] : <type 'list'>
=> heap0 = [7] : <type 'list'>
==================================================
heap2 = heaps.heapnew()                                                  # STEP 8
ACTION: heap2 = heaps.heapnew() 
heap2 = None : <type 'NoneType'>
=> heap2 = [] : <type 'list'>
==================================================
heaps.heappush(heap1,int4)                                               # STEP 9
ACTION: heaps.heappush(heap1,int4) 
int4 = 15 : <type 'int'>
heap1 = [] : <type 'list'>
=> heap1 = [15] : <type 'list'>
==================================================
heap0 = heaps.heapmerge(heap0,heap2)                                    # STEP 10
ACTION: heap0 = heaps.heapmerge(heap0,heap2) 
heap0 = [7] : <type 'list'>
heap2 = [] : <type 'list'>
==================================================
assert (min(heap0) == heaps.heappop(heap0))                             # STEP 11
ACTION: assert (min(heap0) == heaps.heappop(heap0)) 
heap0 = [7] : <type 'list'>
=> heap0 = [] : <type 'list'>
==================================================
heap2 = heaps.heapmerge(heap0,heap0)                                    # STEP 12
ACTION: heap2 = heaps.heapmerge(heap0,heap0) 
heap0 = [] : <type 'list'>
heap2 = [] : <type 'list'>
==================================================
int1 = 12                                                               # STEP 13
ACTION: int1 = 12 
int1 = 7 : <type 'int'>
=> int1 = 12 : <type 'int'>
==================================================
heap1 = heaps.heapmerge(heap0,heap1)                                    # STEP 14
ACTION: heap1 = heaps.heapmerge(heap0,heap1) 
heap0 = [] : <type 'list'>
heap1 = [15] : <type 'list'>
==================================================
heaps.heappush(heap0,int0)                                              # STEP 15
ACTION: heaps.heappush(heap0,int0) 
int0 = 20 : <type 'int'>
heap0 = [] : <type 'list'>
=> heap0 = [20] : <type 'list'>
==================================================
int0 = 11                                                               # STEP 16
ACTION: int0 = 11 
int0 = 20 : <type 'int'>
=> int0 = 11 : <type 'int'>
==================================================
int4 = 18                                                               # STEP 17
ACTION: int4 = 18 
int4 = 15 : <type 'int'>
=> int4 = 18 : <type 'int'>
==================================================
heaps.heappop(heap1)                                                    # STEP 18
ACTION: heaps.heappop(heap1) 
heap1 = [15] : <type 'list'>
=> heap1 = [] : <type 'list'>
==================================================
heaps.heappush(heap2,int4)                                              # STEP 19
ACTION: heaps.heappush(heap2,int4) 
int4 = 18 : <type 'int'>
heap2 = [] : <type 'list'>
=> heap2 = [18] : <type 'list'>
==================================================
int4 = 1                                                                # STEP 20
ACTION: int4 = 1 
int4 = 18 : <type 'int'>
=> int4 = 1 : <type 'int'>
==================================================
heap0 = heaps.heapmerge(heap1,heap0)                                    # STEP 21
ACTION: heap0 = heaps.heapmerge(heap1,heap0) 
heap1 = [] : <type 'list'>
heap0 = [20] : <type 'list'>
==================================================
heaps.heappush(heap0,int3)                                              # STEP 22
ACTION: heaps.heappush(heap0,int3) 
int3 = 4 : <type 'int'>
heap0 = [20] : <type 'list'>
=> heap0 = [4, 20] : <type 'list'>
==================================================
heap1 = heaps.heapmerge(heap2,heap1)                                    # STEP 23
ACTION: heap1 = heaps.heapmerge(heap2,heap1) 
heap2 = [18] : <type 'list'>
heap1 = [] : <type 'list'>
=> heap1 = [18] : <type 'list'>
==================================================
int3 = 17                                                               # STEP 24
ACTION: int3 = 17 
int3 = 4 : <type 'int'>
=> int3 = 17 : <type 'int'>
==================================================
heaps.heappush(heap0,int4)                                              # STEP 25
ACTION: heaps.heappush(heap0,int4) 
int4 = 1 : <type 'int'>
heap0 = [4, 20] : <type 'list'>
=> heap0 = [1, 20, 4] : <type 'list'>
==================================================
int4 = 12                                                               # STEP 26
ACTION: int4 = 12 
int4 = 1 : <type 'int'>
=> int4 = 12 : <type 'int'>
==================================================
heap0 = heaps.heapmerge(heap2,heap0)                                    # STEP 27
ACTION: heap0 = heaps.heapmerge(heap2,heap0) 
heap2 = [18] : <type 'list'>
heap0 = [1, 20, 4] : <type 'list'>
=> heap0 = [1, 18, 20, 4] : <type 'list'>
==================================================
heaps.heappush(heap2,int0)                                              # STEP 28
ACTION: heaps.heappush(heap2,int0) 
int0 = 11 : <type 'int'>
heap2 = [18] : <type 'list'>
=> heap2 = [11, 18] : <type 'list'>
==================================================
int0 = 3                                                                # STEP 29
ACTION: int0 = 3 
int0 = 11 : <type 'int'>
=> int0 = 3 : <type 'int'>
==================================================
heaps.heappush(heap0,int1)                                              # STEP 30
ACTION: heaps.heappush(heap0,int1) 
int1 = 12 : <type 'int'>
heap0 = [1, 18, 20, 4] : <type 'list'>
=> heap0 = [1, 12, 20, 4, 18] : <type 'list'>
==================================================
heap2 = heaps.heapmerge(heap1,heap1)                                    # STEP 31
ACTION: heap2 = heaps.heapmerge(heap1,heap1) 
heap1 = [18] : <type 'list'>
heap2 = [11, 18] : <type 'list'>
=> heap2 = [18, 18] : <type 'list'>
==================================================
int1 = 8                                                                # STEP 32
ACTION: int1 = 8 
int1 = 12 : <type 'int'>
=> int1 = 8 : <type 'int'>
==================================================
heap1 = heaps.heapmerge(heap2,heap1)                                    # STEP 33
ACTION: heap1 = heaps.heapmerge(heap2,heap1) 
heap2 = [18, 18] : <type 'list'>
heap1 = [18] : <type 'list'>
=> heap1 = [18, 18, 18] : <type 'list'>
==================================================
assert (min(heap0) == heaps.heappop(heap0))                             # STEP 34
ACTION: assert (min(heap0) == heaps.heappop(heap0)) 
heap0 = [1, 12, 20, 4, 18] : <type 'list'>
=> heap0 = [12, 4, 20, 18] : <type 'list'>
==================================================
heap2 = heaps.heapmerge(heap0,heap0)                                    # STEP 35
ACTION: heap2 = heaps.heapmerge(heap0,heap0) 
heap0 = [12, 4, 20, 18] : <type 'list'>
heap2 = [18, 18] : <type 'list'>
=> heap2 = [12, 4, 12, 4, 20, 18, 20, 18] : <type 'list'>
==================================================
heaps.heappush(heap0,int1)                                              # STEP 36
ACTION: heaps.heappush(heap0,int1) 
int1 = 8 : <type 'int'>
heap0 = [12, 4, 20, 18] : <type 'list'>
=> heap0 = [12, 4, 20, 18, 8] : <type 'list'>
==================================================
int1 = 19                                                               # STEP 37
ACTION: int1 = 19 
int1 = 8 : <type 'int'>
=> int1 = 19 : <type 'int'>
==================================================
heaps.heappush(heap0,int1)                                              # STEP 38
ACTION: heaps.heappush(heap0,int1) 
int1 = 19 : <type 'int'>
heap0 = [12, 4, 20, 18, 8] : <type 'list'>
=> heap0 = [12, 4, 19, 18, 8, 20] : <type 'list'>
==================================================
int1 = 18                                                               # STEP 39
ACTION: int1 = 18 
int1 = 19 : <type 'int'>
=> int1 = 18 : <type 'int'>
==================================================
heap0 = heaps.heapmerge(heap1,heap1)                                    # STEP 40
ACTION: heap0 = heaps.heapmerge(heap1,heap1) 
heap1 = [18, 18, 18] : <type 'list'>
heap0 = [12, 4, 19, 18, 8, 20] : <type 'list'>
=> heap0 = [18, 18, 18, 18, 18, 18] : <type 'list'>
==================================================
heap1 = heaps.heapmerge(heap2,heap1)                                    # STEP 41
ACTION: heap1 = heaps.heapmerge(heap2,heap1) 
heap2 = [12, 4, 12, 4, 20, 18, 20, 18] : <type 'list'>
heap1 = [18, 18, 18] : <type 'list'>
=> heap1 = [12, 4, 12, 4, 18, 18, 18, 20, 18, 20, 18] : <type 'list'>
==================================================
heaps.heappop(heap0)                                                    # STEP 42
ACTION: heaps.heappop(heap0) 
heap0 = [18, 18, 18, 18, 18, 18] : <type 'list'>
=> heap0 = [18, 18, 18, 18, 18] : <type 'list'>
==================================================
heaps.heappush(heap2,int3)                                              # STEP 43
ACTION: heaps.heappush(heap2,int3) 
int3 = 17 : <type 'int'>
heap2 = [12, 4, 12, 4, 20, 18, 20, 18] : <type 'list'>
=> heap2 = [12, 4, 12, 4, 20, 18, 20, 18, 17] : <type 'list'>
==================================================
heaps.heappush(heap0,int2)                                              # STEP 44
ACTION: heaps.heappush(heap0,int2) 
int2 = 20 : <type 'int'>
heap0 = [18, 18, 18, 18, 18] : <type 'list'>
=> heap0 = [18, 18, 18, 18, 18, 20] : <type 'list'>
==================================================
heaps.heappush(heap2,int1)                                              # STEP 45
ACTION: heaps.heappush(heap2,int1) 
int1 = 18 : <type 'int'>
heap2 = [12, 4, 12, 4, 20, 18, 20, 18, 17] : <type 'list'>
=> heap2 = [12, 4, 12, 4, 18, 18, 20, 18, 17, 20] : <type 'list'>
==================================================
heaps.heappush(heap0,int4)                                              # STEP 46
ACTION: heaps.heappush(heap0,int4) 
int4 = 12 : <type 'int'>
heap0 = [18, 18, 18, 18, 18, 20] : <type 'list'>
=> heap0 = [12, 18, 18, 18, 18, 20, 18] : <type 'list'>
==================================================
heaps.heappush(heap2,int4)                                              # STEP 47
ACTION: heaps.heappush(heap2,int4) 
int4 = 12 : <type 'int'>
heap2 = [12, 4, 12, 4, 18, 18, 20, 18, 17, 20] : <type 'list'>
=> heap2 = [12, 4, 12, 4, 12, 18, 20, 18, 17, 20, 18] : <type 'list'>
==================================================
heap0 = heaps.heapmerge(heap1,heap1)                                    # STEP 48
ACTION: heap0 = heaps.heapmerge(heap1,heap1) 
heap1 = [12, 4, 12, 4, 18, 18, 18, 20, 18, 20, 18] : <type 'list'>
heap0 = [12, 18, 18, 18, 18, 20, 18] : <type 'list'>
=> heap0 = [12, 4, 12, 4, 12, 4, 12, 4, 18, 18, 18, 18, 18, 18, 20, 18, 20, 18, 20, 18, 20, 18] : <type 'list'>
==================================================
int1 = 16                                                               # STEP 49
ACTION: int1 = 16 
int1 = 18 : <type 'int'>
=> int1 = 16 : <type 'int'>
==================================================
int3 = 12                                                               # STEP 50
ACTION: int3 = 12 
int3 = 17 : <type 'int'>
=> int3 = 12 : <type 'int'>
==================================================
heaps.heappush(heap0,int2)                                              # STEP 51
ACTION: heaps.heappush(heap0,int2) 
int2 = 20 : <type 'int'>
heap0 = [12, 4, 12, 4, 12, 4, 12, 4, 18, 18, 18, 18, 18, 18, 20, 18, 20, 18, 20, 18, 20, 18] : <type 'list'>
=> heap0 = [12, 4, 12, 4, 12, 4, 12, 4, 18, 18, 18, 18, 18, 18, 20, 18, 20, 18, 20, 18, 20, 18, 20] : <type 'list'>
==================================================
int2 = 11                                                               # STEP 52
ACTION: int2 = 11 
int2 = 20 : <type 'int'>
=> int2 = 11 : <type 'int'>
==================================================
heap2 = heaps.heapmerge(heap2,heap2)                                    # STEP 53
ACTION: heap2 = heaps.heapmerge(heap2,heap2) 
heap2 = [12, 4, 12, 4, 12, 18, 20, 18, 17, 20, 18] : <type 'list'>
=> heap2 = [12, 4, 12, 4, 12, 12, 4, 12, 4, 12, 18, 18, 20, 18, 17, 20, 18, 20, 18, 17, 20, 18] : <type 'list'>
==================================================
heap0 = heaps.heapmerge(heap2,heap0)                                    # STEP 54
ACTION: heap0 = heaps.heapmerge(heap2,heap0) 
heap2 = [12, 4, 12, 4, 12, 12, 4, 12, 4, 12, 18, 18, 20, 18, 17, 20, 18, 20, 18, 17, 20, 18] : <type 'list'>
heap0 = [12, 4, 12, 4, 12, 4, 12, 4, 18, 18, 18, 18, 18, 18, 20, 18, 20, 18, 20, 18, 20, 18, 20] : <type 'list'>
=> heap0 = [12, 4, 12, 4, 12, 12, 4, 12, 4, 12, 12, 4, 12, 4, 12, 4, 12, 4, 18, 18, 18, 18, 18, 18, 18, 18, 20, 18, 17, 20, 18, 20, 18, 17, 20, 18, 20, 18, 20, 18, 20, 18, 20, 18, 20] : <type 'list'>
==================================================
heap2 = heaps.heapmerge(heap1,heap0)                                    # STEP 55
ACTION: heap2 = heaps.heapmerge(heap1,heap0) 
heap1 = [12, 4, 12, 4, 18, 18, 18, 20, 18, 20, 18] : <type 'list'>
heap0 = [12, 4, 12, 4, 12, 12, 4, 12, 4, 12, 12, 4, 12, 4, 12, 4, 12, 4, 18, 18, 18, 18, 18, 18, 18, 18, 20, 18, 17, 20, 18, 20, 18, 17, 20, 18, 20, 18, 20, 18, 20, 18, 20, 18, 20] : <type 'list'>
heap2 = [12, 4, 12, 4, 12, 12, 4, 12, 4, 12, 18, 18, 20, 18, 17, 20, 18, 20, 18, 17, 20, 18] : <type 'list'>
=> heap2 = [12, 4, 12, 4, 12, 4, 12, 4, 12, 12, 4, 12, 4, 12, 12, 4, 12, 4, 12, 4, 12, 4, 18, 18, 18, 18, 18, 18, 18, 18, 18, 18, 18, 20, 18, 20, 18, 20, 18, 17, 20, 18, 20, 18, 17, 20, 18, 20, 18, 20, 18, 20, 18, 20, 18, 20] : <type 'list'>
==================================================
heaps.heappush(heap2,int2)                                              # STEP 56
ACTION: heaps.heappush(heap2,int2) 
int2 = 11 : <type 'int'>
heap2 = [12, 4, 12, 4, 12, 4, 12, 4, 12, 12, 4, 12, 4, 12, 12, 4, 12, 4, 12, 4, 12, 4, 18, 18, 18, 18, 18, 18, 18, 18, 18, 18, 18, 20, 18, 20, 18, 20, 18, 17, 20, 18, 20, 18, 17, 20, 18, 20, 18, 20, 18, 20, 18, 20, 18, 20] : <type 'list'>
=> heap2 = [11, 4, 12, 4, 12, 4, 12, 4, 12, 12, 4, 12, 4, 12, 12, 4, 12, 4, 12, 4, 12, 4, 18, 18, 18, 18, 18, 12, 18, 18, 18, 18, 18, 20, 18, 20, 18, 20, 18, 17, 20, 18, 20, 18, 17, 20, 18, 20, 18, 20, 18, 20, 18, 20, 18, 20, 18] : <type 'list'>
==================================================
int4 = 16                                                               # STEP 57
ACTION: int4 = 16 
int4 = 12 : <type 'int'>
=> int4 = 16 : <type 'int'>
==================================================
int2 = 18                                                               # STEP 58
ACTION: int2 = 18 
int2 = 11 : <type 'int'>
=> int2 = 18 : <type 'int'>
==================================================
assert (min(heap2) == heaps.heappop(heap2))                             # STEP 59
ACTION: assert (min(heap2) == heaps.heappop(heap2)) 
heap2 = [11, 4, 12, 4, 12, 4, 12, 4, 12, 12, 4, 12, 4, 12, 12, 4, 12, 4, 12, 4, 12, 4, 18, 18, 18, 18, 18, 12, 18, 18, 18, 18, 18, 20, 18, 20, 18, 20, 18, 17, 20, 18, 20, 18, 17, 20, 18, 20, 18, 20, 18, 20, 18, 20, 18, 20, 18] : <type 'list'>
RAISED EXCEPTION: <type 'exceptions.AssertionError'> 
=> heap2 = [4, 4, 12, 4, 12, 4, 12, 4, 12, 12, 4, 12, 4, 12, 12, 18, 12, 4, 12, 4, 12, 4, 18, 18, 18, 18, 18, 12, 18, 18, 18, 18, 18, 20, 18, 20, 18, 20, 18, 17, 20, 18, 20, 18, 17, 20, 18, 20, 18, 20, 18, 20, 18, 20, 18, 20] : <type 'list'>
ERROR: (<type 'exceptions.AssertionError'>, AssertionError(), <traceback object at 0x103547200>)
TRACEBACK:
  File "/Users/alex/tstl/examples/hypothesis_heaps/sut.py", line 7453, in safely
    act[2]()
  File "/Users/alex/tstl/examples/hypothesis_heaps/sut.py", line 5170, in act150
    assert (min(self.p_heap[2]) == heaps.heappop(self.p_heap[2]))
FAILURE IS NEW, STORING; NOW 1 DISTINCT FAILURES
TEST #14 STEP #80 (0:00:30.002896) Fri Apr 28 04:33:55 2017 [ 41 stmts 58 branches ]
STOPPING TEST DUE TO TIMEOUT, TERMINATED AT LENGTH 22
STOPPING TESTING DUE TO TIMEOUT
16.3120567376 PERCENT COVERED
60.0648369789 TOTAL RUNTIME
28 EXECUTED
2682 TOTAL TEST OPERATIONS
30.2126228809 TIME SPENT EXECUTING TEST OPERATIONS
0.0945527553558 TIME SPENT EVALUATING GUARDS AND CHOOSING ACTIONS
28.9679431915 TIME SPENT CHECKING PROPERTIES
59.1805660725 TOTAL TIME SPENT RUNNING SUT
0.015102148056 TIME SPENT RESTARTING
0.0 TIME SPENT REDUCING TEST CASES
1 FAILED
0 REPEATS OF FAILURES
1 ACTUAL DISTINCT FAILURES

FAILURE 0
int2 = 20                                                                # STEP 0
int4 = 15                                                                # STEP 1
int0 = 20                                                                # STEP 2
int3 = 4                                                                 # STEP 3
int1 = 7                                                                 # STEP 4
heap0 = heaps.heapnew()                                                  # STEP 5
heap1 = heaps.heapmerge(heap0,heap0)                                     # STEP 6
heaps.heappush(heap0,int1)                                               # STEP 7
heap2 = heaps.heapnew()                                                  # STEP 8
heaps.heappush(heap1,int4)                                               # STEP 9
heap0 = heaps.heapmerge(heap0,heap2)                                    # STEP 10
assert (min(heap0) == heaps.heappop(heap0))                             # STEP 11
heap2 = heaps.heapmerge(heap0,heap0)                                    # STEP 12
int1 = 12                                                               # STEP 13
heap1 = heaps.heapmerge(heap0,heap1)                                    # STEP 14
heaps.heappush(heap0,int0)                                              # STEP 15
int0 = 11                                                               # STEP 16
int4 = 18                                                               # STEP 17
heaps.heappop(heap1)                                                    # STEP 18
heaps.heappush(heap2,int4)                                              # STEP 19
int4 = 1                                                                # STEP 20
heap0 = heaps.heapmerge(heap1,heap0)                                    # STEP 21
heaps.heappush(heap0,int3)                                              # STEP 22
heap1 = heaps.heapmerge(heap2,heap1)                                    # STEP 23
int3 = 17                                                               # STEP 24
heaps.heappush(heap0,int4)                                              # STEP 25
int4 = 12                                                               # STEP 26
heap0 = heaps.heapmerge(heap2,heap0)                                    # STEP 27
heaps.heappush(heap2,int0)                                              # STEP 28
int0 = 3                                                                # STEP 29
heaps.heappush(heap0,int1)                                              # STEP 30
heap2 = heaps.heapmerge(heap1,heap1)                                    # STEP 31
int1 = 8                                                                # STEP 32
heap1 = heaps.heapmerge(heap2,heap1)                                    # STEP 33
assert (min(heap0) == heaps.heappop(heap0))                             # STEP 34
heap2 = heaps.heapmerge(heap0,heap0)                                    # STEP 35
heaps.heappush(heap0,int1)                                              # STEP 36
int1 = 19                                                               # STEP 37
heaps.heappush(heap0,int1)                                              # STEP 38
int1 = 18                                                               # STEP 39
heap0 = heaps.heapmerge(heap1,heap1)                                    # STEP 40
heap1 = heaps.heapmerge(heap2,heap1)                                    # STEP 41
heaps.heappop(heap0)                                                    # STEP 42
heaps.heappush(heap2,int3)                                              # STEP 43
heaps.heappush(heap0,int2)                                              # STEP 44
heaps.heappush(heap2,int1)                                              # STEP 45
heaps.heappush(heap0,int4)                                              # STEP 46
heaps.heappush(heap2,int4)                                              # STEP 47
heap0 = heaps.heapmerge(heap1,heap1)                                    # STEP 48
int1 = 16                                                               # STEP 49
int3 = 12                                                               # STEP 50
heaps.heappush(heap0,int2)                                              # STEP 51
int2 = 11                                                               # STEP 52
heap2 = heaps.heapmerge(heap2,heap2)                                    # STEP 53
heap0 = heaps.heapmerge(heap2,heap0)                                    # STEP 54
heap2 = heaps.heapmerge(heap1,heap0)                                    # STEP 55
heaps.heappush(heap2,int2)                                              # STEP 56
int4 = 16                                                               # STEP 57
int2 = 18                                                               # STEP 58
assert (min(heap2) == heaps.heappop(heap2))                             # STEP 59
ERROR: (<type 'exceptions.AssertionError'>, AssertionError(), <traceback object at 0x103547200>)
TRACEBACK:
  File "/Users/alex/tstl/examples/hypothesis_heaps/sut.py", line 7453, in safely
    act[2]()
  File "/Users/alex/tstl/examples/hypothesis_heaps/sut.py", line 5170, in act150
    assert (min(self.p_heap[2]) == heaps.heappop(self.p_heap[2]))
58 BRANCHES COVERED
41 STATEMENTS COVERED
