Random testing using config=Config(swarmSwitch=None, verbose=False, reducePool=False, failedLogging=None, exploitBestHint=1, greedyStutter=False, exploit=None, seed=None, generalize=False, useHints=False, localize=False, total=False, speed='FAST', probs=None, normalize=False, verboseExploit=False, highLowSwarm=None, replayable=False, essentials=False, noCoverageExploit=False, quickTests=False, relax=False, internal=False, uniqueValuesAnalysis=False, swarm=True, html=None, fastQuickAnalysis=False, progress=False, swarmLength=None, profile=False, LOCBaseline=0.2, full=True, multiple=True, timedProgress=30, silentFail=False, stopWhenStatements=None, swarmP=0.5, stopWhenBranches=None, noAlphaConvert=False, coverFile='coverage.out', readQuick=False, verboseActions=False, running=False, computeFeatureStats=False, compareFails=False, swarmProbs=None, output='failure.167.test', genDepth=None, Pcrossover=0.2, quickAnalysis=False, noReassign=False, exploitCeiling=0.1, logging=None, LOCProbs=False, noCheck=False, maxTests=-1, keep=False, noExceptionMatch=False, Pmutate=0.0, depth=100, showActions=False, throughput=False, noCover=False, timeout=60, stutter=None, uncaught=False, markov=None, startExploit=0)
TEST #13 STEP #59 (0:00:30.013719) Fri Apr 28 05:41:23 2017 [ 41 stmts 58 branches ]
WARNING: DEADLOCK (NO ENABLED ACTIONS)
TERMINATING TEST DUE TO NO ENABLED ACTIONS
WARNING: DEADLOCK (NO ENABLED ACTIONS)
TERMINATING TEST DUE TO NO ENABLED ACTIONS
STOPPING TEST DUE TO TIMEOUT, TERMINATED AT LENGTH 48
STOPPING TESTING DUE TO TIMEOUT
16.3120567376 PERCENT COVERED
60.0390450954 TOTAL RUNTIME
28 EXECUTED
2556 TOTAL TEST OPERATIONS
29.971252203 TIME SPENT EXECUTING TEST OPERATIONS
0.0866737365723 TIME SPENT EVALUATING GUARDS AND CHOOSING ACTIONS
29.8856229782 TIME SPENT CHECKING PROPERTIES
59.8568751812 TOTAL TIME SPENT RUNNING SUT
0.0128185749054 TIME SPENT RESTARTING
0.0 TIME SPENT REDUCING TEST CASES
0 FAILED
0 REPEATS OF FAILURES
0 ACTUAL DISTINCT FAILURES

58 BRANCHES COVERED
41 STATEMENTS COVERED
