Random testing using config=Config(noExceptionMatch=False, generalize=False, localize=False, speed='FAST', probs=None, LOCBaseline=0.2, noAlphaConvert=False, replayable=False, essentials=False, noCoverageExploit=False, quickTests=False, html=None, keepLast=False, stopWhenNoCoverage=None, generateLOC=None, computeFeatureStats=False, Pmutate=0.8, timeout=60, output='failure.10514.test', markov=None, noSwarmDependencies=False, startExploit=0.0, maxMustHitBranch=None, useHints=False, silentFail=False, highLowSwarm=None, maxMustHitStatement=None, progress=False, postCover=False, swarmLength=None, noCover=False, noEnumerateEnabled=False, full=True, swarmP=0.5, coverFile='coverage.out', markovP=1.0, swarmProbs=None, genDepth=None, exploitCeiling=0.1, logging=None, noCheck=False, throughput=False, uncaught=False, swarmSwitch=None, verbose=False, reducePool=False, exploit=0.8, fastQuickAnalysis=False, total=False, verboseExploit=False, swarm=False, sequenceP=1.0, biasLOC=None, timedProgress=30, relax=False, ddmin=False, stutter=None, readQuick=False, verboseActions=False, quickAnalysis=False, noReassign=False, sequenceSize=3, LOCProbs=False, sequencesFromTests=None, maxTests=-1, trackMaxCoverage=None, useQuickSequences=False, exploitBestHint=1, failedLogging=None, stopWhenStatements=None, greedyStutter=False, seed=None, stopWhenHitStatement=None, uniqueValuesAnalysis=False, normalize=False, startExploitStall=0, enumerateEnabled=False, internal=False, profile=False, multiple=True, stopWhenBranches=None, running=False, compareFails=False, Pcrossover=0.2, stopWhenHitBranch=None, depth=100, showActions=False)
** STARTING EXPLOITATION OF TESTS AT TIME 0.661364078522 AFTER 0 TESTS WITH NO NEW COVERAGE **
TEST #26 STEP #93 (0:00:30.036708) Mon Nov 20 17:08:36 2017 [ 276 stmts 353 branches ] 2593 TOTAL ACTIONS (86.3277024213/s)
STOPPING TEST DUE TO TIMEOUT, TERMINATED AT LENGTH 5
STOPPING TESTING DUE TO TIMEOUT
16.944552152 PERCENT COVERED
60.215318203 TOTAL RUNTIME
55 EXECUTED
5405 TOTAL TEST OPERATIONS
2.09045267105 TIME SPENT EXECUTING TEST OPERATIONS
55.6236093044 TIME SPENT EVALUATING GUARDS AND CHOOSING ACTIONS
1.44165086746 TIME SPENT CHECKING PROPERTIES
3.53210353851 TOTAL TIME SPENT RUNNING SUT
0.501788139343 TIME SPENT RESTARTING
0.0 TIME SPENT REDUCING TEST CASES
0 FAILED
0 REPEATS OF FAILURES
0 ACTUAL DISTINCT FAILURES

418 BRANCHES COVERED
322 STATEMENTS COVERED
