Random testing using config=Config(noExceptionMatch=False, generalize=False, localize=False, speed='FAST', probs=None, LOCBaseline=0.2, noAlphaConvert=False, replayable=False, essentials=False, noCoverageExploit=False, quickTests=False, html=None, keepLast=False, stopWhenNoCoverage=None, generateLOC=None, computeFeatureStats=False, Pmutate=0.8, timeout=60, output='failure.11325.test', markov=None, noSwarmDependencies=False, startExploit=0.0, maxMustHitBranch=None, useHints=False, silentFail=False, highLowSwarm=None, maxMustHitStatement=None, progress=False, postCover=False, swarmLength=None, noCover=False, noEnumerateEnabled=False, full=True, swarmP=0.5, coverFile='coverage.out', markovP=1.0, swarmProbs=None, genDepth=None, exploitCeiling=0.1, logging=None, noCheck=False, throughput=False, uncaught=False, swarmSwitch=None, verbose=False, reducePool=False, exploit=0.8, fastQuickAnalysis=False, total=False, verboseExploit=False, swarm=False, sequenceP=1.0, biasLOC=None, timedProgress=30, relax=False, ddmin=False, stutter=None, readQuick=False, verboseActions=False, quickAnalysis=False, noReassign=False, sequenceSize=3, LOCProbs=False, sequencesFromTests=None, maxTests=-1, trackMaxCoverage=None, useQuickSequences=False, exploitBestHint=1, failedLogging=None, stopWhenStatements=None, greedyStutter=False, seed=None, stopWhenHitStatement=None, uniqueValuesAnalysis=False, normalize=False, startExploitStall=0, enumerateEnabled=False, internal=False, profile=False, multiple=True, stopWhenBranches=None, running=False, compareFails=False, Pcrossover=0.2, stopWhenHitBranch=None, depth=100, showActions=False)
** STARTING EXPLOITATION OF TESTS AT TIME 0.709069013596 AFTER 0 TESTS WITH NO NEW COVERAGE **
TEST #28 STEP #72 (0:00:30.001754) Mon Nov 20 21:32:38 2017 [ 340 stmts 444 branches ] 2772 TOTAL ACTIONS (92.3945978558/s)
STOPPING TEST DUE TO TIMEOUT, TERMINATED AT LENGTH 88
STOPPING TESTING DUE TO TIMEOUT
22.7607599845 PERCENT COVERED
60.32716012 TOTAL RUNTIME
54 EXECUTED
5388 TOTAL TEST OPERATIONS
2.40379166603 TIME SPENT EXECUTING TEST OPERATIONS
55.1545138359 TIME SPENT EVALUATING GUARDS AND CHOOSING ACTIONS
1.60999560356 TIME SPENT CHECKING PROPERTIES
4.01378726959 TOTAL TIME SPENT RUNNING SUT
0.544365644455 TIME SPENT RESTARTING
0.0 TIME SPENT REDUCING TEST CASES
0 FAILED
0 REPEATS OF FAILURES
0 ACTUAL DISTINCT FAILURES

561 BRANCHES COVERED
426 STATEMENTS COVERED
