Random testing using config=Config(noExceptionMatch=False, generalize=False, localize=False, speed='FAST', probs='locsample.probs', LOCBaseline=0.2, noAlphaConvert=False, replayable=False, essentials=False, noCoverageExploit=False, quickTests=False, html=None, keepLast=False, stopWhenNoCoverage=None, generateLOC=None, computeFeatureStats=False, Pmutate=0.8, timeout=60, output='failure.10552.test', markov=None, noSwarmDependencies=False, startExploit=0.0, maxMustHitBranch=None, useHints=False, silentFail=False, highLowSwarm=None, maxMustHitStatement=None, progress=False, postCover=False, swarmLength=None, noCover=False, noEnumerateEnabled=False, full=True, swarmP=0.5, coverFile='coverage.out', markovP=1.0, swarmProbs=None, genDepth=None, exploitCeiling=0.1, logging=None, noCheck=False, throughput=False, uncaught=False, swarmSwitch=None, verbose=False, reducePool=False, exploit=0.8, fastQuickAnalysis=False, total=False, verboseExploit=False, swarm=False, sequenceP=1.0, biasLOC=None, timedProgress=30, relax=False, ddmin=False, stutter=None, readQuick=False, verboseActions=False, quickAnalysis=False, noReassign=False, sequenceSize=3, LOCProbs=False, sequencesFromTests=None, maxTests=-1, trackMaxCoverage=None, useQuickSequences=False, exploitBestHint=1, failedLogging=None, stopWhenStatements=None, greedyStutter=False, seed=None, stopWhenHitStatement=None, uniqueValuesAnalysis=False, normalize=False, startExploitStall=0, enumerateEnabled=False, internal=False, profile=False, multiple=True, stopWhenBranches=None, running=False, compareFails=False, Pcrossover=0.2, stopWhenHitBranch=None, depth=100, showActions=False)
** STARTING EXPLOITATION OF TESTS AT TIME 0.670845985413 AFTER 0 TESTS WITH NO NEW COVERAGE **
TEST #13 STEP #0 (0:00:30.306176) Mon Nov 20 17:21:54 2017 [ 419 stmts 545 branches ] 1200 TOTAL ACTIONS (39.5958896989/s)
STOPPING TEST DUE TO TIMEOUT, TERMINATED AT LENGTH 25
STOPPING TESTING DUE TO TIMEOUT
24.1178751454 PERCENT COVERED
60.2374379635 TOTAL RUNTIME
24 EXECUTED
2325 TOTAL TEST OPERATIONS
1.44393229485 TIME SPENT EXECUTING TEST OPERATIONS
56.4136819839 TIME SPENT EVALUATING GUARDS AND CHOOSING ACTIONS
1.33359837532 TIME SPENT CHECKING PROPERTIES
2.77753067017 TOTAL TIME SPENT RUNNING SUT
0.496936798096 TIME SPENT RESTARTING
0.0 TIME SPENT REDUCING TEST CASES
0 FAILED
0 REPEATS OF FAILURES
0 ACTUAL DISTINCT FAILURES

601 BRANCHES COVERED
461 STATEMENTS COVERED
