Random testing using config=Config(noExceptionMatch=False, generalize=False, localize=False, speed='FAST', probs='locsample.probs', LOCBaseline=0.2, noAlphaConvert=False, replayable=False, essentials=False, noCoverageExploit=False, quickTests=False, html=None, keepLast=False, stopWhenNoCoverage=None, generateLOC=None, computeFeatureStats=False, Pmutate=0.8, timeout=60, output='failure.10891.test', markov=None, noSwarmDependencies=False, startExploit=0.0, maxMustHitBranch=None, useHints=False, silentFail=False, highLowSwarm=None, maxMustHitStatement=None, progress=False, postCover=False, swarmLength=None, noCover=False, noEnumerateEnabled=False, full=True, swarmP=0.5, coverFile='coverage.out', markovP=1.0, swarmProbs=None, genDepth=None, exploitCeiling=0.1, logging=None, noCheck=False, throughput=False, uncaught=False, swarmSwitch=None, verbose=False, reducePool=False, exploit=0.8, fastQuickAnalysis=False, total=False, verboseExploit=False, swarm=False, sequenceP=1.0, biasLOC=None, timedProgress=30, relax=False, ddmin=False, stutter=None, readQuick=False, verboseActions=False, quickAnalysis=False, noReassign=False, sequenceSize=3, LOCProbs=False, sequencesFromTests=None, maxTests=-1, trackMaxCoverage=None, useQuickSequences=False, exploitBestHint=1, failedLogging=None, stopWhenStatements=None, greedyStutter=False, seed=None, stopWhenHitStatement=None, uniqueValuesAnalysis=False, normalize=False, startExploitStall=0, enumerateEnabled=False, internal=False, profile=False, multiple=True, stopWhenBranches=None, running=False, compareFails=False, Pcrossover=0.2, stopWhenHitBranch=None, depth=100, showActions=False)
** STARTING EXPLOITATION OF TESTS AT TIME 0.661227941513 AFTER 0 TESTS WITH NO NEW COVERAGE **
TEST #11 STEP #26 (0:00:30.009372) Mon Nov 20 19:12:25 2017 [ 408 stmts 535 branches ] 1026 TOTAL ACTIONS (34.1893192613/s)
STOPPING TEST DUE TO TIMEOUT, TERMINATED AT LENGTH 69
STOPPING TESTING DUE TO TIMEOUT
24.0791004265 PERCENT COVERED
60.227132082 TOTAL RUNTIME
22 EXECUTED
2169 TOTAL TEST OPERATIONS
1.38615179062 TIME SPENT EXECUTING TEST OPERATIONS
56.514097929 TIME SPENT EVALUATING GUARDS AND CHOOSING ACTIONS
1.27259612083 TIME SPENT CHECKING PROPERTIES
2.65874791145 TOTAL TIME SPENT RUNNING SUT
0.485954761505 TIME SPENT RESTARTING
0.0 TIME SPENT REDUCING TEST CASES
0 FAILED
0 REPEATS OF FAILURES
0 ACTUAL DISTINCT FAILURES

601 BRANCHES COVERED
458 STATEMENTS COVERED
