Random testing using config=Config(noExceptionMatch=False, generalize=False, localize=False, speed='FAST', probs='locsample.probs', LOCBaseline=0.2, noAlphaConvert=False, replayable=False, essentials=False, noCoverageExploit=False, quickTests=False, html=None, keepLast=False, stopWhenNoCoverage=None, generateLOC=None, computeFeatureStats=False, Pmutate=0.8, timeout=60, output='failure.60981.test', markov=None, noSwarmDependencies=False, startExploit=0.0, maxMustHitBranch=None, useHints=False, silentFail=False, highLowSwarm=None, maxMustHitStatement=None, progress=False, postCover=False, swarmLength=None, noCover=False, noEnumerateEnabled=False, full=True, swarmP=0.5, coverFile='coverage.out', markovP=1.0, swarmProbs=None, genDepth=None, exploitCeiling=0.1, logging=None, noCheck=False, throughput=False, uncaught=False, swarmSwitch=None, verbose=False, reducePool=False, exploit=0.8, fastQuickAnalysis=False, total=False, verboseExploit=False, swarm=False, sequenceP=1.0, biasLOC=None, timedProgress=30, relax=False, ddmin=False, stutter=None, readQuick=False, verboseActions=False, quickAnalysis=False, noReassign=False, sequenceSize=3, LOCProbs=False, sequencesFromTests=None, maxTests=-1, trackMaxCoverage=None, useQuickSequences=False, exploitBestHint=1, failedLogging=None, stopWhenStatements=None, greedyStutter=False, seed=None, stopWhenHitStatement=None, uniqueValuesAnalysis=False, normalize=False, startExploitStall=0, enumerateEnabled=False, internal=False, profile=False, multiple=True, stopWhenBranches=None, running=False, compareFails=False, Pcrossover=0.2, stopWhenHitBranch=None, depth=100, showActions=False)
** STARTING EXPLOITATION OF TESTS AT TIME 0.835078954697 AFTER 0 TESTS WITH NO NEW COVERAGE **
TEST #8 STEP #14 (0:00:30.065548) Mon Nov 20 13:40:33 2017 [ 425 stmts 550 branches ] 714 TOTAL ACTIONS (23.7481120035/s)
STOPPING TEST DUE TO TIMEOUT, TERMINATED AT LENGTH 10
STOPPING TESTING DUE TO TIMEOUT
23.7689026755 PERCENT COVERED
60.3825950623 TOTAL RUNTIME
16 EXECUTED
1510 TOTAL TEST OPERATIONS
1.4655649662 TIME SPENT EXECUTING TEST OPERATIONS
56.3993206024 TIME SPENT EVALUATING GUARDS AND CHOOSING ACTIONS
1.24916577339 TIME SPENT CHECKING PROPERTIES
2.71473073959 TOTAL TIME SPENT RUNNING SUT
0.579479932785 TIME SPENT RESTARTING
0.0 TIME SPENT REDUCING TEST CASES
0 FAILED
0 REPEATS OF FAILURES
0 ACTUAL DISTINCT FAILURES

591 BRANCHES COVERED
455 STATEMENTS COVERED
