Random testing using config=Config(noExceptionMatch=False, generalize=False, localize=False, speed='FAST', probs='locsample.probs', LOCBaseline=0.2, noAlphaConvert=False, replayable=False, essentials=False, noCoverageExploit=False, quickTests=False, html=None, keepLast=False, stopWhenNoCoverage=None, generateLOC=None, computeFeatureStats=False, Pmutate=0.8, timeout=60, output='failure.10567.test', markov=None, noSwarmDependencies=False, startExploit=0.0, maxMustHitBranch=None, useHints=False, silentFail=False, highLowSwarm=None, maxMustHitStatement=None, progress=False, postCover=False, swarmLength=None, noCover=False, noEnumerateEnabled=False, full=True, swarmP=0.5, coverFile='coverage.out', markovP=1.0, swarmProbs=None, genDepth=None, exploitCeiling=0.1, logging=None, noCheck=False, throughput=False, uncaught=False, swarmSwitch=None, verbose=False, reducePool=False, exploit=0.8, fastQuickAnalysis=False, total=False, verboseExploit=False, swarm=False, sequenceP=1.0, biasLOC=None, timedProgress=30, relax=False, ddmin=False, stutter=None, readQuick=False, verboseActions=False, quickAnalysis=False, noReassign=False, sequenceSize=3, LOCProbs=False, sequencesFromTests=None, maxTests=-1, trackMaxCoverage=None, useQuickSequences=False, exploitBestHint=1, failedLogging=None, stopWhenStatements=None, greedyStutter=False, seed=None, stopWhenHitStatement=None, uniqueValuesAnalysis=False, normalize=False, startExploitStall=0, enumerateEnabled=False, internal=False, profile=False, multiple=True, stopWhenBranches=None, running=False, compareFails=False, Pcrossover=0.2, stopWhenHitBranch=None, depth=100, showActions=False)
** STARTING EXPLOITATION OF TESTS AT TIME 0.650123119354 AFTER 0 TESTS WITH NO NEW COVERAGE **
TEST #12 STEP #28 (0:00:30.000244) Mon Nov 20 17:28:02 2017 [ 344 stmts 455 branches ] 1128 TOTAL ACTIONS (37.5996940129/s)
STOPPING TEST DUE TO TIMEOUT, TERMINATED AT LENGTH 140
STOPPING TESTING DUE TO TIMEOUT
19.8138813494 PERCENT COVERED
60.208616972 TOTAL RUNTIME
24 EXECUTED
2362 TOTAL TEST OPERATIONS
1.51250863075 TIME SPENT EXECUTING TEST OPERATIONS
55.966989994 TIME SPENT EVALUATING GUARDS AND CHOOSING ACTIONS
1.42386054993 TIME SPENT CHECKING PROPERTIES
2.93636918068 TOTAL TIME SPENT RUNNING SUT
0.477009296417 TIME SPENT RESTARTING
0.0 TIME SPENT REDUCING TEST CASES
0 FAILED
0 REPEATS OF FAILURES
0 ACTUAL DISTINCT FAILURES

514 BRANCHES COVERED
389 STATEMENTS COVERED
