Random testing using config=Config(swarmSwitch=None, verbose=False, reducePool=False, failedLogging=None, exploitBestHint=1, greedyStutter=False, internal=False, exploit=0.8, seed=None, generalize=False, useHints=False, localize=False, total=False, speed='FAST', probs=None, normalize=False, verboseExploit=False, highLowSwarm=None, replayable=False, essentials=False, noCoverageExploit=False, quickTests=False, relax=False, enumerateEnabled=False, uniqueValuesAnalysis=False, swarm=False, noReassign=False, html=None, fastQuickAnalysis=False, progress=False, postCover=False, swarmLength=None, noSwarmDependencies=False, profile=False, LOCBaseline=0.2, noEnumerateEnabled=False, full=True, multiple=True, timedProgress=30, silentFail=True, stopWhenStatements=None, swarmP=0.5, stopWhenBranches=None, noAlphaConvert=False, coverFile='coverage.out', readQuick=False, verboseActions=False, running=False, computeFeatureStats=False, compareFails=False, swarmProbs=None, output='failure.35852.test', genDepth=None, Pcrossover=0.2, quickAnalysis=False, keepLast=False, exploitCeiling=0.1, logging=None, LOCProbs=False, noCheck=False, maxTests=-1, noExceptionMatch=False, Pmutate=0.8, depth=100, showActions=False, throughput=False, noCover=False, timeout=60, stutter=None, uncaught=False, markov=None, startExploit=0)
TEST #57 STEP #13 (0:00:30.001306) Tue Jul 25 12:04:37 2017 [ 1677 stmts 1831 branches ] 5613 TOTAL ACTIONS (187.091854913/s)
self.p_model[1] =  [G = 0, P = False]
self.p_model[1] =  [G = 0, P = False]
self.p_model[2] =  []
self.p_model[1] =  [G = 0, P = False]
self.p_model[1] =  [G = 0, P = False]
self.p_model[2] =  []
self.p_model[1] =  [G = 0, P = False]
self.p_model[1] =  [G = 0, P = False]
self.p_model[1] =  [G = 0, P = False]
self.p_model[1] =  [G = 0, P = False]
STOPPING TEST DUE TO TIMEOUT, TERMINATED AT LENGTH 126
STOPPING TESTING DUE TO TIMEOUT
16.9451450189 PERCENT COVERED
62.1108698845 TOTAL RUNTIME
107 EXECUTED
10692 TOTAL TEST OPERATIONS
29.974424839 TIME SPENT EXECUTING TEST OPERATIONS
23.6720511913 TIME SPENT EVALUATING GUARDS AND CHOOSING ACTIONS
0.016725063324 TIME SPENT CHECKING PROPERTIES
29.9911499023 TOTAL TIME SPENT RUNNING SUT
0.253202199936 TIME SPENT RESTARTING
0.0 TIME SPENT REDUCING TEST CASES
0 FAILED
0 REPEATS OF FAILURES
0 ACTUAL DISTINCT FAILURES

2195 BRANCHES COVERED
1928 STATEMENTS COVERED
