Random testing using config=Config(swarmSwitch=None, verbose=False, reducePool=False, failedLogging=None, exploitBestHint=1, greedyStutter=False, internal=False, exploit=0.8, seed=None, generalize=False, useHints=False, localize=False, total=False, speed='FAST', probs=None, normalize=False, verboseExploit=False, highLowSwarm=None, replayable=False, essentials=False, noCoverageExploit=False, quickTests=False, relax=False, enumerateEnabled=False, uniqueValuesAnalysis=False, swarm=False, noReassign=False, html=None, fastQuickAnalysis=False, progress=False, postCover=False, swarmLength=None, noSwarmDependencies=False, profile=False, LOCBaseline=0.2, noEnumerateEnabled=False, full=True, multiple=True, timedProgress=30, silentFail=True, stopWhenStatements=None, swarmP=0.5, stopWhenBranches=None, noAlphaConvert=False, coverFile='coverage.out', readQuick=False, verboseActions=False, running=False, computeFeatureStats=False, compareFails=False, swarmProbs=None, output='failure.43909.test', genDepth=None, Pcrossover=0.2, quickAnalysis=False, keepLast=False, exploitCeiling=0.1, logging=None, LOCProbs=False, noCheck=False, maxTests=-1, noExceptionMatch=False, Pmutate=0.8, depth=100, showActions=False, throughput=False, noCover=False, timeout=60, stutter=None, uncaught=False, markov=None, startExploit=0)
self.p_model[2] =  []
self.p_model[2] =  []
self.p_model[2] =  [P = True]
self.p_model[0] =  [P = True]
self.p_model[0] =  [P = True]
self.p_model[2] =  [P = True]
self.p_model[2] =  [P = True]
self.p_model[0] =  [P = True]
self.p_model[2] =  []
TEST #102 STEP #61 (0:00:30.001223) Wed Jul 26 03:32:24 2017 [ 1907 stmts 2161 branches ] 10161 TOTAL ACTIONS (338.686194599/s)
self.p_model[2] =  [P = True]
self.p_model[0] =  [P = True]
self.p_model[0] =  [P = True]
self.p_model[0] =  []
self.p_model[2] =  [P = True]
self.p_model[0] =  [P = True]
self.p_model[2] =  []
STOPPING TEST DUE TO TIMEOUT, TERMINATED AT LENGTH 12
STOPPING TESTING DUE TO TIMEOUT
16.7402269861 PERCENT COVERED
61.3471348286 TOTAL RUNTIME
207 EXECUTED
20612 TOTAL TEST OPERATIONS
30.4762353897 TIME SPENT EXECUTING TEST OPERATIONS
24.297113657 TIME SPENT EVALUATING GUARDS AND CHOOSING ACTIONS
0.0166265964508 TIME SPENT CHECKING PROPERTIES
30.4928619862 TOTAL TIME SPENT RUNNING SUT
0.258132219315 TIME SPENT RESTARTING
0.0 TIME SPENT REDUCING TEST CASES
0 FAILED
0 REPEATS OF FAILURES
0 ACTUAL DISTINCT FAILURES

2161 BRANCHES COVERED
1907 STATEMENTS COVERED
