Random testing using config=Config(swarmSwitch=None, verbose=False, reducePool=False, failedLogging=None, exploitBestHint=1, greedyStutter=False, internal=False, exploit=0.8, seed=None, generalize=False, useHints=False, localize=False, total=False, speed='FAST', probs=None, normalize=False, verboseExploit=False, highLowSwarm=None, replayable=False, essentials=False, noCoverageExploit=False, quickTests=False, relax=False, enumerateEnabled=False, uniqueValuesAnalysis=False, swarm=False, noReassign=False, html=None, fastQuickAnalysis=False, progress=False, postCover=False, swarmLength=None, noSwarmDependencies=False, profile=False, LOCBaseline=0.2, noEnumerateEnabled=False, full=True, multiple=True, timedProgress=30, silentFail=True, stopWhenStatements=None, swarmP=0.5, stopWhenBranches=None, noAlphaConvert=False, coverFile='coverage.out', readQuick=False, verboseActions=False, running=False, computeFeatureStats=False, compareFails=False, swarmProbs=None, output='failure.43576.test', genDepth=None, Pcrossover=0.2, quickAnalysis=False, keepLast=False, exploitCeiling=0.1, logging=None, LOCProbs=False, noCheck=False, maxTests=-1, noExceptionMatch=False, Pmutate=0.8, depth=100, showActions=False, throughput=False, noCover=False, timeout=60, stutter=None, uncaught=False, markov=None, startExploit=0)
TEST #83 STEP #84 (0:00:30.002277) Wed Jul 26 03:07:36 2017 [ 1681 stmts 1837 branches ] 8284 TOTAL ACTIONS (276.112377348/s)
self.p_model[1] =  []
self.p_model[2] =  []
self.p_model[1] =  []
self.p_model[2] =  []
self.p_model[0] =  []
self.p_model[0] =  []
self.p_model[2] =  []
self.p_model[1] =  []
self.p_model[1] =  [Q = True]
self.p_model[2] =  []
self.p_model[1] =  []
self.p_model[1] =  []
self.p_model[1] =  []
STOPPING TEST DUE TO TIMEOUT, TERMINATED AT LENGTH 142
STOPPING TESTING DUE TO TIMEOUT
16.7402269861 PERCENT COVERED
61.4455149174 TOTAL RUNTIME
171 EXECUTED
17099 TOTAL TEST OPERATIONS
31.1623973846 TIME SPENT EXECUTING TEST OPERATIONS
23.7010765076 TIME SPENT EVALUATING GUARDS AND CHOOSING ACTIONS
0.017281293869 TIME SPENT CHECKING PROPERTIES
31.1796786785 TOTAL TIME SPENT RUNNING SUT
0.249867916107 TIME SPENT RESTARTING
0.0 TIME SPENT REDUCING TEST CASES
0 FAILED
0 REPEATS OF FAILURES
0 ACTUAL DISTINCT FAILURES

2161 BRANCHES COVERED
1907 STATEMENTS COVERED
