Random testing using config=Config(swarmSwitch=None, verbose=False, reducePool=False, failedLogging=None, exploitBestHint=1, greedyStutter=False, internal=False, exploit=0.8, seed=None, generalize=False, useHints=False, localize=False, total=False, speed='FAST', probs=None, normalize=False, verboseExploit=False, highLowSwarm=None, replayable=False, essentials=False, noCoverageExploit=False, quickTests=False, relax=False, enumerateEnabled=False, uniqueValuesAnalysis=False, swarm=False, noReassign=False, html=None, fastQuickAnalysis=False, progress=False, postCover=False, swarmLength=None, noSwarmDependencies=False, profile=False, LOCBaseline=0.2, noEnumerateEnabled=False, full=True, multiple=True, timedProgress=30, silentFail=True, stopWhenStatements=None, swarmP=0.5, stopWhenBranches=None, noAlphaConvert=False, coverFile='coverage.out', readQuick=False, verboseActions=False, running=False, computeFeatureStats=False, compareFails=False, swarmProbs=None, output='failure.36807.test', genDepth=None, Pcrossover=0.2, quickAnalysis=False, keepLast=False, exploitCeiling=0.1, logging=None, LOCProbs=False, noCheck=False, maxTests=-1, noExceptionMatch=False, Pmutate=0.8, depth=100, showActions=False, throughput=False, noCover=False, timeout=60, stutter=None, uncaught=False, markov=None, startExploit=0)
self.p_model[2] =  []
self.p_model[2] =  []
self.p_model[2] =  []
self.p_model[1] =  []
self.p_model[2] =  []
self.p_model[1] =  []
self.p_model[0] =  []
self.p_model[1] =  []
TEST #69 STEP #64 (0:00:30.010973) Tue Jul 25 13:05:15 2017 [ 1758 stmts 1945 branches ] 6864 TOTAL ACTIONS (228.716343363/s)
self.p_model[2] =  []
self.p_model[2] =  []
self.p_model[1] =  []
self.p_model[2] =  []
self.p_model[2] =  []
self.p_model[2] =  []
self.p_model[1] =  []
self.p_model[2] =  []
self.p_model[2] =  [Q = False, E = 0]
self.p_model[0] =  []
self.p_model[2] =  [Q = True, E = -1]
STOPPING TEST DUE TO TIMEOUT, TERMINATED AT LENGTH 29
STOPPING TESTING DUE TO TIMEOUT
16.9293820933 PERCENT COVERED
61.4836819172 TOTAL RUNTIME
139 EXECUTED
13800 TOTAL TEST OPERATIONS
30.260948658 TIME SPENT EXECUTING TEST OPERATIONS
23.5862007141 TIME SPENT EVALUATING GUARDS AND CHOOSING ACTIONS
0.0188896656036 TIME SPENT CHECKING PROPERTIES
30.2798383236 TOTAL TIME SPENT RUNNING SUT
0.233418226242 TIME SPENT RESTARTING
0.0 TIME SPENT REDUCING TEST CASES
0 FAILED
0 REPEATS OF FAILURES
0 ACTUAL DISTINCT FAILURES

2193 BRANCHES COVERED
1927 STATEMENTS COVERED
