Random testing using config=Config(swarmSwitch=None, verbose=False, reducePool=False, failedLogging=None, exploitBestHint=1, greedyStutter=False, internal=False, exploit=0.8, seed=None, generalize=False, useHints=False, localize=False, total=False, speed='FAST', probs=None, normalize=False, verboseExploit=False, highLowSwarm=None, replayable=False, essentials=False, noCoverageExploit=False, quickTests=False, relax=False, enumerateEnabled=False, uniqueValuesAnalysis=False, swarm=False, noReassign=False, html=None, fastQuickAnalysis=False, progress=False, postCover=False, swarmLength=None, noSwarmDependencies=False, profile=False, LOCBaseline=0.2, noEnumerateEnabled=False, full=True, multiple=True, timedProgress=30, silentFail=True, stopWhenStatements=None, swarmP=0.5, stopWhenBranches=None, noAlphaConvert=False, coverFile='coverage.out', readQuick=False, verboseActions=False, running=False, computeFeatureStats=False, compareFails=False, swarmProbs=None, output='failure.43940.test', genDepth=None, Pcrossover=0.2, quickAnalysis=False, keepLast=False, exploitCeiling=0.1, logging=None, LOCProbs=False, noCheck=False, maxTests=-1, noExceptionMatch=False, Pmutate=0.8, depth=100, showActions=False, throughput=False, noCover=False, timeout=60, stutter=None, uncaught=False, markov=None, startExploit=0)
self.p_model[2] =  [Q = True]
self.p_model[2] =  [Q = True]
TEST #100 STEP #48 (0:00:30.001531) Wed Jul 26 03:38:36 2017 [ 1906 stmts 2159 branches ] 9948 TOTAL ACTIONS (331.583079474/s)
self.p_model[2] =  [Q = True]
self.p_model[2] =  [Q = True]
self.p_model[2] =  [Q = True]
STOPPING TEST DUE TO TIMEOUT, TERMINATED AT LENGTH 112
STOPPING TESTING DUE TO TIMEOUT
16.7244640605 PERCENT COVERED
61.3620009422 TOTAL RUNTIME
198 EXECUTED
19796 TOTAL TEST OPERATIONS
29.223064661 TIME SPENT EXECUTING TEST OPERATIONS
25.9075763226 TIME SPENT EVALUATING GUARDS AND CHOOSING ACTIONS
0.014009475708 TIME SPENT CHECKING PROPERTIES
29.2370741367 TOTAL TIME SPENT RUNNING SUT
0.26212310791 TIME SPENT RESTARTING
0.0 TIME SPENT REDUCING TEST CASES
0 FAILED
0 REPEATS OF FAILURES
0 ACTUAL DISTINCT FAILURES

2159 BRANCHES COVERED
1906 STATEMENTS COVERED
