Random testing using config=Config(swarmSwitch=None, verbose=False, reducePool=False, failedLogging=None, exploitBestHint=1, greedyStutter=False, internal=False, exploit=0.8, seed=None, generalize=False, useHints=False, localize=False, total=False, speed='FAST', probs=None, normalize=False, verboseExploit=False, highLowSwarm=None, replayable=False, essentials=False, noCoverageExploit=False, quickTests=False, relax=False, enumerateEnabled=False, uniqueValuesAnalysis=False, swarm=False, noReassign=False, html=None, fastQuickAnalysis=False, progress=False, postCover=False, swarmLength=None, noSwarmDependencies=False, profile=False, LOCBaseline=0.2, noEnumerateEnabled=False, full=True, multiple=True, timedProgress=30, silentFail=True, stopWhenStatements=None, swarmP=0.5, stopWhenBranches=None, noAlphaConvert=False, coverFile='coverage.out', readQuick=False, verboseActions=False, running=False, computeFeatureStats=False, compareFails=False, swarmProbs=None, output='failure.40919.test', genDepth=None, Pcrossover=0.2, quickAnalysis=False, keepLast=False, exploitCeiling=0.1, logging=None, LOCProbs=False, noCheck=False, maxTests=-1, noExceptionMatch=False, Pmutate=0.8, depth=100, showActions=False, throughput=False, noCover=False, timeout=60, stutter=None, uncaught=False, markov=None, startExploit=0)
self.p_model[2] =  []
TEST #70 STEP #50 (0:00:30.002361) Tue Jul 25 20:54:37 2017 [ 1754 stmts 1939 branches ] 6950 TOTAL ACTIONS (231.648435478/s)
self.p_model[2] =  []
self.p_model[0] =  []
self.p_model[2] =  []
self.p_model[2] =  []
self.p_model[1] =  []
self.p_model[2] =  []
self.p_model[0] =  []
self.p_model[2] =  [Q = False]
self.p_model[2] =  [Q = False]
self.p_model[2] =  []
self.p_model[0] =  []
STOPPING TEST DUE TO TIMEOUT, TERMINATED AT LENGTH 56
STOPPING TESTING DUE TO TIMEOUT
16.7559899117 PERCENT COVERED
61.5225100517 TOTAL RUNTIME
134 EXECUTED
13344 TOTAL TEST OPERATIONS
28.6054546833 TIME SPENT EXECUTING TEST OPERATIONS
26.2763810158 TIME SPENT EVALUATING GUARDS AND CHOOSING ACTIONS
0.0169634819031 TIME SPENT CHECKING PROPERTIES
28.6224181652 TOTAL TIME SPENT RUNNING SUT
0.226228713989 TIME SPENT RESTARTING
0.0 TIME SPENT REDUCING TEST CASES
0 FAILED
0 REPEATS OF FAILURES
0 ACTUAL DISTINCT FAILURES

2163 BRANCHES COVERED
1908 STATEMENTS COVERED
