Random testing using config=Config(swarmSwitch=None, verbose=False, reducePool=False, failedLogging=None, exploitBestHint=1, greedyStutter=False, internal=False, exploit=0.8, seed=None, generalize=False, useHints=False, localize=False, total=False, speed='FAST', probs=None, normalize=False, verboseExploit=False, highLowSwarm=None, replayable=False, essentials=False, noCoverageExploit=False, quickTests=False, relax=False, enumerateEnabled=False, uniqueValuesAnalysis=False, swarm=False, noReassign=False, html=None, fastQuickAnalysis=False, progress=False, postCover=False, swarmLength=None, noSwarmDependencies=False, profile=False, LOCBaseline=0.2, noEnumerateEnabled=False, full=True, multiple=True, timedProgress=30, silentFail=True, stopWhenStatements=None, swarmP=0.5, stopWhenBranches=None, noAlphaConvert=False, coverFile='coverage.out', readQuick=False, verboseActions=False, running=False, computeFeatureStats=False, compareFails=False, swarmProbs=None, output='failure.37448.test', genDepth=None, Pcrossover=0.2, quickAnalysis=False, keepLast=False, exploitCeiling=0.1, logging=None, LOCProbs=False, noCheck=False, maxTests=-1, noExceptionMatch=False, Pmutate=0.8, depth=100, showActions=False, throughput=False, noCover=False, timeout=60, stutter=None, uncaught=False, markov=None, startExploit=0)
self.p_model[0] =  []
self.p_model[2] =  []
self.p_model[0] =  []
TEST #76 STEP #0 (0:00:30.012367) Tue Jul 25 14:43:27 2017 [ 1753 stmts 1938 branches ] 7500 TOTAL ACTIONS (249.896984049/s)
self.p_model[0] =  []
self.p_model[0] =  [B = -7, F = -8]
self.p_model[2] =  []
self.p_model[1] =  [B = 2, F = 1]
self.p_model[1] =  [B = 2, F = 1]
self.p_model[0] =  []
STOPPING TEST DUE TO TIMEOUT, TERMINATED AT LENGTH 124
STOPPING TESTING DUE TO TIMEOUT
16.6062421185 PERCENT COVERED
61.4581551552 TOTAL RUNTIME
155 EXECUTED
15493 TOTAL TEST OPERATIONS
31.3426668644 TIME SPENT EXECUTING TEST OPERATIONS
22.6259953976 TIME SPENT EVALUATING GUARDS AND CHOOSING ACTIONS
0.0171265602112 TIME SPENT CHECKING PROPERTIES
31.3597934246 TOTAL TIME SPENT RUNNING SUT
0.233813762665 TIME SPENT RESTARTING
0.0 TIME SPENT REDUCING TEST CASES
0 FAILED
0 REPEATS OF FAILURES
0 ACTUAL DISTINCT FAILURES

2148 BRANCHES COVERED
1898 STATEMENTS COVERED
