Random testing using config=Config(swarmSwitch=None, verbose=False, reducePool=False, failedLogging=None, exploitBestHint=1, greedyStutter=False, internal=False, exploit=None, seed=None, generalize=False, useHints=False, localize=False, total=False, speed='FAST', probs='locsample.probs', normalize=False, verboseExploit=False, highLowSwarm=None, replayable=False, essentials=False, noCoverageExploit=False, quickTests=False, relax=False, enumerateEnabled=False, uniqueValuesAnalysis=False, swarm=False, noReassign=False, html=None, fastQuickAnalysis=False, progress=False, postCover=False, swarmLength=None, noSwarmDependencies=False, profile=False, LOCBaseline=0.2, noEnumerateEnabled=False, full=True, multiple=True, timedProgress=30, silentFail=True, stopWhenStatements=None, swarmP=0.5, stopWhenBranches=None, noAlphaConvert=False, coverFile='coverage.out', readQuick=False, verboseActions=False, running=False, computeFeatureStats=False, compareFails=False, swarmProbs=None, output='failure.36775.test', genDepth=None, Pcrossover=0.2, quickAnalysis=False, keepLast=False, exploitCeiling=0.1, logging=None, LOCProbs=False, noCheck=False, maxTests=-1, noExceptionMatch=False, Pmutate=0.0, depth=100, showActions=False, throughput=False, noCover=False, timeout=60, stutter=None, uncaught=False, markov=None, startExploit=0)
self.p_model[2] =  []
self.p_model[2] =  []
self.p_model[2] =  []
self.p_model[2] =  []
self.p_model[2] =  []
self.p_model[2] =  []
self.p_model[0] =  [A = 0]
self.p_model[1] =  [A = 0]
self.p_model[1] =  [A = 0]
self.p_model[0] =  [A = 0]
self.p_model[0] =  []
self.p_model[1] =  []
self.p_model[1] =  []
self.p_model[1] =  []
self.p_model[1] =  []
self.p_model[1] =  []
self.p_model[1] =  []
self.p_model[1] =  []
self.p_model[1] =  []
self.p_model[0] =  []
self.p_model[0] =  []
self.p_model[0] =  []
self.p_model[0] =  []
self.p_model[0] =  []
self.p_model[0] =  []
self.p_model[0] =  []
self.p_model[0] =  []
self.p_model[0] =  []
self.p_model[0] =  []
self.p_model[0] =  []
self.p_model[0] =  []
self.p_model[0] =  []
self.p_model[0] =  []
self.p_model[0] =  []
self.p_model[0] =  []
self.p_model[0] =  []
self.p_model[0] =  []
self.p_model[0] =  []
self.p_model[0] =  []
self.p_model[2] =  [Q = True]
self.p_model[2] =  [Q = True]
self.p_model[2] =  [Q = True]
self.p_model[2] =  [Q = True]
self.p_model[0] =  [Q = True]
self.p_model[1] =  []
self.p_model[1] =  []
self.p_model[1] =  []
self.p_model[1] =  []
self.p_model[2] =  []
self.p_model[2] =  []
self.p_model[0] =  []
self.p_model[0] =  []
self.p_model[0] =  []
self.p_model[0] =  []
self.p_model[0] =  []
self.p_model[0] =  []
self.p_model[0] =  []
self.p_model[0] =  []
self.p_model[0] =  []
self.p_model[0] =  []
self.p_model[1] =  [Q = True]
self.p_model[1] =  [S = True, Q = True]
self.p_model[1] =  [S = True, Q = True]
self.p_model[1] =  [S = True, Q = True]
self.p_model[2] =  []
self.p_model[2] =  []
self.p_model[2] =  []
self.p_model[2] =  []
self.p_model[1] =  []
self.p_model[2] =  []
self.p_model[1] =  []
self.p_model[1] =  []
self.p_model[2] =  []
self.p_model[2] =  []
self.p_model[2] =  []
self.p_model[2] =  []
self.p_model[2] =  []
self.p_model[2] =  []
self.p_model[2] =  []
self.p_model[2] =  []
TEST #17 STEP #58 (0:00:30.004468) Tue Jul 25 13:02:09 2017 [ 1927 stmts 2193 branches ] 1658 TOTAL ACTIONS (55.2584364704/s)
self.p_model[2] =  [Q = True]
self.p_model[2] =  [Q = True]
self.p_model[1] =  []
self.p_model[0] =  []
self.p_model[0] =  []
self.p_model[0] =  []
self.p_model[1] =  []
self.p_model[1] =  []
self.p_model[0] =  []
self.p_model[1] =  []
self.p_model[0] =  []
self.p_model[1] =  []
self.p_model[1] =  []
self.p_model[2] =  [R = True]
self.p_model[2] =  [G = 0, S = False]
self.p_model[2] =  [G = 0, S = False]
self.p_model[0] =  []
self.p_model[0] =  []
self.p_model[0] =  []
self.p_model[2] =  []
self.p_model[0] =  []
self.p_model[2] =  []
self.p_model[2] =  []
self.p_model[2] =  []
self.p_model[2] =  []
self.p_model[2] =  []
self.p_model[2] =  []
self.p_model[0] =  [E!31 = 2]
self.p_model[2] =  []
self.p_model[2] =  []
self.p_model[1] =  []
self.p_model[1] =  []
self.p_model[1] =  []
self.p_model[2] =  [R = False, Q = False]
self.p_model[2] =  [R = False, Q = False]
self.p_model[2] =  [R = False, Q = False]
self.p_model[2] =  [R = False, Q = False]
self.p_model[0] =  []
self.p_model[0] =  []
self.p_model[0] =  []
self.p_model[0] =  []
self.p_model[0] =  []
self.p_model[0] =  []
self.p_model[0] =  []
self.p_model[0] =  []
self.p_model[0] =  []
self.p_model[0] =  []
self.p_model[2] =  []
self.p_model[2] =  []
self.p_model[2] =  []
self.p_model[0] =  []
self.p_model[1] =  []
self.p_model[1] =  []
self.p_model[1] =  []
self.p_model[1] =  []
self.p_model[0] =  []
self.p_model[1] =  []
self.p_model[0] =  []
self.p_model[2] =  [R = False]
self.p_model[2] =  [R = False]
self.p_model[2] =  [R = False]
self.p_model[2] =  [R = False]
self.p_model[2] =  []
self.p_model[2] =  []
self.p_model[0] =  []
self.p_model[0] =  []
self.p_model[2] =  []
STOPPING TEST DUE TO TIMEOUT, TERMINATED AT LENGTH 38
STOPPING TESTING DUE TO TIMEOUT
16.9293820933 PERCENT COVERED
61.7401041985 TOTAL RUNTIME
32 EXECUTED
3138 TOTAL TEST OPERATIONS
9.02884578705 TIME SPENT EXECUTING TEST OPERATIONS
50.7283773422 TIME SPENT EVALUATING GUARDS AND CHOOSING ACTIONS
0.00510382652283 TIME SPENT CHECKING PROPERTIES
9.03394961357 TOTAL TIME SPENT RUNNING SUT
0.154953241348 TIME SPENT RESTARTING
0.0 TIME SPENT REDUCING TEST CASES
0 FAILED
0 REPEATS OF FAILURES
0 ACTUAL DISTINCT FAILURES

2193 BRANCHES COVERED
1927 STATEMENTS COVERED
