Random testing using config=Config(swarmSwitch=None, verbose=False, reducePool=False, failedLogging=None, exploitBestHint=1, greedyStutter=False, internal=False, exploit=0.8, seed=None, generalize=False, useHints=False, localize=False, total=False, speed='FAST', probs='locsample.probs', normalize=False, verboseExploit=False, highLowSwarm=None, replayable=False, essentials=False, noCoverageExploit=False, quickTests=False, relax=False, enumerateEnabled=False, uniqueValuesAnalysis=False, swarm=False, noReassign=False, html=None, fastQuickAnalysis=False, progress=False, postCover=False, swarmLength=None, noSwarmDependencies=False, profile=False, LOCBaseline=0.2, noEnumerateEnabled=False, full=True, multiple=True, timedProgress=30, silentFail=True, stopWhenStatements=None, swarmP=0.5, stopWhenBranches=None, noAlphaConvert=False, coverFile='coverage.out', readQuick=False, verboseActions=False, running=False, computeFeatureStats=False, compareFails=False, swarmProbs=None, output='failure.37540.test', genDepth=None, Pcrossover=0.2, quickAnalysis=False, keepLast=False, exploitCeiling=0.1, logging=None, LOCProbs=False, noCheck=False, maxTests=-1, noExceptionMatch=False, Pmutate=0.8, depth=100, showActions=False, throughput=False, noCover=False, timeout=60, stutter=None, uncaught=False, markov=None, startExploit=0)
self.p_model[1] =  []
self.p_model[1] =  []
self.p_model[1] =  []
self.p_model[1] =  []
self.p_model[1] =  []
self.p_model[1] =  []
self.p_model[1] =  []
self.p_model[1] =  []
self.p_model[1] =  []
self.p_model[1] =  []
self.p_model[1] =  []
self.p_model[1] =  []
self.p_model[1] =  []
self.p_model[1] =  []
self.p_model[1] =  []
self.p_model[2] =  []
self.p_model[0] =  [R = True]
self.p_model[0] =  [R = True]
self.p_model[2] =  []
self.p_model[0] =  [R = True]
self.p_model[0] =  [R = True]
self.p_model[2] =  []
self.p_model[0] =  [R = True]
self.p_model[1] =  []
self.p_model[1] =  []
self.p_model[1] =  []
self.p_model[1] =  [Q = False]
self.p_model[1] =  [Q = False]
self.p_model[1] =  [Q = False]
self.p_model[1] =  [Q = False]
self.p_model[1] =  [Q = False]
self.p_model[1] =  [Q = False]
self.p_model[1] =  []
self.p_model[1] =  []
self.p_model[1] =  []
self.p_model[2] =  []
self.p_model[2] =  []
self.p_model[2] =  []
self.p_model[2] =  []
self.p_model[2] =  []
self.p_model[2] =  []
self.p_model[2] =  []
self.p_model[2] =  []
self.p_model[1] =  [C = 0, R = False]
self.p_model[1] =  [C = 0, R = False]
self.p_model[2] =  []
self.p_model[2] =  []
self.p_model[1] =  [C = 0, R = False]
self.p_model[0] =  []
self.p_model[0] =  []
self.p_model[0] =  []
self.p_model[0] =  []
self.p_model[2] =  []
self.p_model[2] =  []
self.p_model[2] =  []
self.p_model[0] =  []
self.p_model[1] =  []
self.p_model[2] =  []
self.p_model[2] =  []
self.p_model[2] =  []
self.p_model[0] =  []
self.p_model[2] =  []
self.p_model[0] =  []
self.p_model[2] =  []
self.p_model[2] =  [H = 0, A = 0]
self.p_model[2] =  [H = 0, A = 0]
self.p_model[2] =  [H = 0, A = 0]
self.p_model[2] =  [H = 0, A = 0]
self.p_model[0] =  []
self.p_model[0] =  []
self.p_model[0] =  []
self.p_model[0] =  []
self.p_model[0] =  []
self.p_model[0] =  []
self.p_model[0] =  []
self.p_model[0] =  []
self.p_model[0] =  []
self.p_model[1] =  []
self.p_model[1] =  []
self.p_model[0] =  []
self.p_model[0] =  []
self.p_model[0] =  []
self.p_model[0] =  []
self.p_model[0] =  []
self.p_model[2] =  []
self.p_model[1] =  []
self.p_model[1] =  []
self.p_model[1] =  []
self.p_model[1] =  []
self.p_model[1] =  []
self.p_model[1] =  []
self.p_model[1] =  []
self.p_model[1] =  []
self.p_model[1] =  []
self.p_model[2] =  [Q = True]
self.p_model[1] =  []
self.p_model[1] =  []
self.p_model[2] =  [Q = True]
self.p_model[0] =  []
self.p_model[0] =  []
self.p_model[0] =  []
self.p_model[0] =  []
self.p_model[0] =  []
self.p_model[0] =  []
self.p_model[0] =  []
self.p_model[0] =  []
self.p_model[0] =  []
self.p_model[0] =  []
self.p_model[0] =  [T = True]
self.p_model[0] =  [T = True]
self.p_model[1] =  []
self.p_model[1] =  []
self.p_model[1] =  []
self.p_model[1] =  []
self.p_model[1] =  []
self.p_model[1] =  []
self.p_model[1] =  []
self.p_model[2] =  [F = 1]
TEST #18 STEP #89 (0:00:30.007301) Tue Jul 25 14:57:27 2017 [ 1928 stmts 2195 branches ] 1789 TOTAL ACTIONS (59.6188239158/s)
self.p_model[1] =  []
self.p_model[0] =  []
self.p_model[0] =  []
self.p_model[0] =  []
self.p_model[0] =  []
self.p_model[0] =  []
self.p_model[0] =  []
self.p_model[0] =  []
self.p_model[2] =  []
self.p_model[0] =  []
self.p_model[0] =  []
self.p_model[1] =  []
self.p_model[1] =  []
self.p_model[1] =  []
self.p_model[2] =  []
self.p_model[0] =  [Q = False]
self.p_model[1] =  []
self.p_model[1] =  []
self.p_model[1] =  []
self.p_model[1] =  []
self.p_model[0] =  []
self.p_model[0] =  []
self.p_model[1] =  []
self.p_model[1] =  []
self.p_model[0] =  []
self.p_model[1] =  []
self.p_model[1] =  []
self.p_model[0] =  []
self.p_model[0] =  []
self.p_model[0] =  []
self.p_model[1] =  []
self.p_model[0] =  []
self.p_model[0] =  []
self.p_model[0] =  []
self.p_model[0] =  []
self.p_model[0] =  []
self.p_model[2] =  []
self.p_model[1] =  [A = 0, D = -1]
self.p_model[1] =  [A = 0, D = -1]
self.p_model[2] =  []
self.p_model[2] =  []
self.p_model[2] =  [R = True]
self.p_model[0] =  []
self.p_model[2] =  [R = True]
self.p_model[2] =  [R = True]
self.p_model[1] =  []
self.p_model[0] =  []
self.p_model[0] =  []
self.p_model[2] =  [R = True]
self.p_model[2] =  [R = True]
self.p_model[1] =  []
self.p_model[1] =  []
self.p_model[1] =  []
self.p_model[1] =  []
self.p_model[1] =  []
self.p_model[1] =  []
self.p_model[1] =  []
self.p_model[1] =  []
self.p_model[1] =  []
self.p_model[1] =  []
self.p_model[0] =  []
self.p_model[0] =  []
self.p_model[0] =  []
self.p_model[0] =  []
self.p_model[0] =  []
self.p_model[0] =  []
self.p_model[0] =  []
self.p_model[1] =  []
self.p_model[0] =  []
self.p_model[0] =  []
self.p_model[0] =  []
self.p_model[0] =  []
self.p_model[1] =  [E = 2, P = False]
self.p_model[0] =  []
self.p_model[2] =  [E = 2, P = False]
self.p_model[0] =  [E!14 = -1, E!13 = 2, E = 2, P = False]
self.p_model[0] =  [E!14 = -1, E!13 = 2, E = 2, P = False]
self.p_model[0] =  [E!14 = -1, E!13 = 2, E = 2, P = False]
self.p_model[0] =  [E!14 = -1, E!13 = 2, E = 2, P = False]
self.p_model[0] =  [E!14 = -1, E!13 = 2, E = 2, P = False]
self.p_model[0] =  [E!14 = -1, E!13 = 2, E = 2, P = False]
self.p_model[1] =  []
self.p_model[2] =  [E = 2]
self.p_model[1] =  []
self.p_model[1] =  []
self.p_model[1] =  []
self.p_model[1] =  []
self.p_model[1] =  [E = 2, P = False]
self.p_model[2] =  [E!21 = 2, E!22 = 2, P = False]
self.p_model[2] =  [E!21 = 2, E!22 = 2, P = False]
self.p_model[2] =  [E = 3]
self.p_model[2] =  [E = 3]
self.p_model[2] =  [E = 3]
self.p_model[1] =  [C = 1, F = 1, E = 0]
self.p_model[2] =  [E = 3]
self.p_model[0] =  [E = 2, P = False]
self.p_model[0] =  [E = 2, P = False]
self.p_model[2] =  []
self.p_model[2] =  []
self.p_model[1] =  []
self.p_model[1] =  []
self.p_model[2] =  []
self.p_model[2] =  [E!56 = 0, P = True]
self.p_model[1] =  []
self.p_model[1] =  []
self.p_model[1] =  []
self.p_model[1] =  []
self.p_model[1] =  []
self.p_model[1] =  []
self.p_model[1] =  []
self.p_model[1] =  []
self.p_model[1] =  []
self.p_model[1] =  []
self.p_model[1] =  []
STOPPING TEST DUE TO TIMEOUT, TERMINATED AT LENGTH 119
STOPPING TESTING DUE TO TIMEOUT
16.9451450189 PERCENT COVERED
61.5019421577 TOTAL RUNTIME
35 EXECUTED
3464 TOTAL TEST OPERATIONS
9.14119338989 TIME SPENT EXECUTING TEST OPERATIONS
49.6919310093 TIME SPENT EVALUATING GUARDS AND CHOOSING ACTIONS
0.00547194480896 TIME SPENT CHECKING PROPERTIES
9.1466653347 TOTAL TIME SPENT RUNNING SUT
0.142677307129 TIME SPENT RESTARTING
0.0 TIME SPENT REDUCING TEST CASES
0 FAILED
0 REPEATS OF FAILURES
0 ACTUAL DISTINCT FAILURES

2195 BRANCHES COVERED
1928 STATEMENTS COVERED
