Random testing using config=Config(swarmSwitch=None, verbose=False, reducePool=False, failedLogging=None, exploitBestHint=1, greedyStutter=False, internal=False, exploit=None, seed=None, generalize=False, useHints=False, localize=False, total=False, speed='FAST', probs='locsample.probs', normalize=False, verboseExploit=False, highLowSwarm=None, replayable=False, essentials=False, noCoverageExploit=False, quickTests=False, relax=False, enumerateEnabled=False, uniqueValuesAnalysis=False, swarm=True, noReassign=False, html=None, fastQuickAnalysis=False, progress=False, postCover=False, swarmLength=None, noSwarmDependencies=False, profile=False, LOCBaseline=0.2, noEnumerateEnabled=False, full=True, multiple=True, timedProgress=30, silentFail=True, stopWhenStatements=None, swarmP=0.5, stopWhenBranches=None, noAlphaConvert=False, coverFile='coverage.out', readQuick=False, verboseActions=False, running=False, computeFeatureStats=False, compareFails=False, swarmProbs=None, output='failure.39992.test', genDepth=None, Pcrossover=0.2, quickAnalysis=False, keepLast=False, exploitCeiling=0.1, logging=None, LOCProbs=False, noCheck=False, maxTests=-1, noExceptionMatch=False, Pmutate=0.0, depth=100, showActions=False, throughput=False, noCover=False, timeout=60, stutter=None, uncaught=False, markov=None, startExploit=0)
self.p_model[1] =  []
self.p_model[0] =  []
self.p_model[2] =  []
self.p_model[0] =  []
self.p_model[2] =  []
self.p_model[2] =  []
self.p_model[2] =  []
self.p_model[0] =  []
self.p_model[2] =  []
self.p_model[0] =  []
self.p_model[2] =  []
self.p_model[0] =  []
self.p_model[0] =  []
self.p_model[0] =  []
self.p_model[0] =  []
self.p_model[0] =  []
self.p_model[0] =  []
self.p_model[0] =  []
self.p_model[0] =  []
self.p_model[1] =  []
self.p_model[1] =  []
self.p_model[0] =  []
self.p_model[0] =  []
self.p_model[2] =  []
self.p_model[1] =  []
self.p_model[0] =  []
self.p_model[0] =  []
self.p_model[1] =  []
self.p_model[1] =  []
self.p_model[2] =  []
self.p_model[2] =  []
self.p_model[1] =  []
self.p_model[1] =  []
self.p_model[2] =  []
self.p_model[1] =  []
self.p_model[1] =  []
self.p_model[1] =  []
self.p_model[1] =  []
self.p_model[1] =  []
self.p_model[1] =  []
self.p_model[1] =  []
self.p_model[1] =  []
self.p_model[0] =  []
self.p_model[1] =  []
self.p_model[1] =  []
self.p_model[0] =  []
self.p_model[0] =  []
self.p_model[1] =  []
self.p_model[1] =  []
self.p_model[0] =  []
self.p_model[0] =  []
self.p_model[1] =  []
self.p_model[0] =  []
self.p_model[1] =  []
self.p_model[2] =  []
self.p_model[0] =  []
self.p_model[2] =  []
self.p_model[2] =  []
self.p_model[0] =  []
self.p_model[2] =  []
self.p_model[0] =  [P = True]
self.p_model[0] =  [D = 0]
self.p_model[1] =  []
self.p_model[2] =  []
self.p_model[2] =  []
self.p_model[1] =  []
self.p_model[2] =  []
self.p_model[0] =  []
self.p_model[1] =  []
self.p_model[0] =  []
self.p_model[1] =  []
self.p_model[0] =  []
self.p_model[2] =  []
self.p_model[2] =  []
self.p_model[2] =  []
self.p_model[0] =  []
self.p_model[1] =  []
self.p_model[2] =  []
self.p_model[0] =  []
self.p_model[1] =  []
self.p_model[1] =  []
self.p_model[0] =  []
self.p_model[2] =  []
self.p_model[0] =  []
self.p_model[1] =  []
self.p_model[2] =  []
self.p_model[0] =  []
WARNING: DEADLOCK (NO ENABLED ACTIONS)
TERMINATING TEST DUE TO NO ENABLED ACTIONS, AT LENGTH 98
self.p_model[0] =  []
self.p_model[0] =  []
self.p_model[0] =  []
self.p_model[0] =  []
self.p_model[0] =  []
self.p_model[0] =  []
self.p_model[0] =  []
self.p_model[0] =  []
self.p_model[0] =  []
self.p_model[0] =  []
self.p_model[0] =  []
self.p_model[0] =  []
self.p_model[0] =  []
self.p_model[0] =  []
self.p_model[0] =  []
self.p_model[0] =  []
self.p_model[0] =  []
self.p_model[0] =  []
self.p_model[0] =  []
self.p_model[0] =  []
self.p_model[0] =  []
self.p_model[1] =  []
self.p_model[1] =  []
self.p_model[0] =  []
self.p_model[0] =  []
self.p_model[0] =  []
self.p_model[0] =  []
self.p_model[0] =  []
self.p_model[1] =  [Q = True]
self.p_model[2] =  [Q = True]
self.p_model[1] =  [Q = True]
self.p_model[2] =  [Q = True]
self.p_model[2] =  [Q = True]
self.p_model[2] =  []
self.p_model[1] =  []
self.p_model[1] =  []
self.p_model[0] =  []
self.p_model[1] =  []
self.p_model[0] =  []
self.p_model[2] =  []
self.p_model[1] =  []
self.p_model[1] =  []
self.p_model[0] =  []
self.p_model[2] =  []
self.p_model[1] =  []
self.p_model[0] =  []
self.p_model[1] =  []
self.p_model[0] =  []
self.p_model[1] =  []
self.p_model[2] =  []
TEST #21 STEP #74 (0:00:30.005599) Tue Jul 25 17:32:11 2017 [ 1923 stmts 2187 branches ] 2072 TOTAL ACTIONS (69.0537788793/s)
self.p_model[2] =  []
self.p_model[1] =  []
self.p_model[2] =  []
self.p_model[0] =  []
self.p_model[0] =  []
self.p_model[0] =  []
self.p_model[0] =  []
self.p_model[0] =  []
self.p_model[0] =  []
self.p_model[0] =  []
self.p_model[1] =  []
self.p_model[0] =  []
self.p_model[1] =  []
self.p_model[1] =  []
self.p_model[0] =  []
self.p_model[2] =  []
self.p_model[2] =  []
self.p_model[2] =  []
self.p_model[1] =  []
self.p_model[1] =  []
WARNING: DEADLOCK (NO ENABLED ACTIONS)
TERMINATING TEST DUE TO NO ENABLED ACTIONS, AT LENGTH 67
self.p_model[2] =  []
self.p_model[2] =  []
self.p_model[2] =  []
self.p_model[2] =  []
self.p_model[2] =  []
self.p_model[2] =  []
self.p_model[2] =  []
self.p_model[2] =  []
self.p_model[0] =  []
self.p_model[0] =  []
self.p_model[0] =  []
self.p_model[0] =  []
self.p_model[2] =  []
self.p_model[0] =  []
self.p_model[2] =  []
self.p_model[0] =  []
self.p_model[2] =  []
self.p_model[2] =  []
self.p_model[0] =  []
self.p_model[2] =  []
self.p_model[1] =  []
self.p_model[1] =  []
self.p_model[2] =  []
self.p_model[0] =  []
self.p_model[2] =  []
self.p_model[0] =  []
self.p_model[1] =  []
self.p_model[2] =  []
self.p_model[2] =  [S = True, G = -1, H = 0]
self.p_model[1] =  [S = True]
self.p_model[2] =  [S = True, G = -1, H = 0]
self.p_model[0] =  []
self.p_model[0] =  []
self.p_model[0] =  []
self.p_model[0] =  []
self.p_model[1] =  []
self.p_model[0] =  []
self.p_model[0] =  []
self.p_model[1] =  []
self.p_model[2] =  []
self.p_model[0] =  []
self.p_model[0] =  []
self.p_model[1] =  []
self.p_model[1] =  []
self.p_model[1] =  []
self.p_model[1] =  []
self.p_model[1] =  []
self.p_model[1] =  []
self.p_model[1] =  []
self.p_model[1] =  []
self.p_model[1] =  []
self.p_model[0] =  []
self.p_model[0] =  []
self.p_model[1] =  []
self.p_model[0] =  []
self.p_model[0] =  []
self.p_model[1] =  []
self.p_model[1] =  []
self.p_model[1] =  []
self.p_model[1] =  []
self.p_model[1] =  []
self.p_model[1] =  []
self.p_model[1] =  []
self.p_model[1] =  []
self.p_model[1] =  []
self.p_model[0] =  []
self.p_model[0] =  []
self.p_model[1] =  []
self.p_model[1] =  []
self.p_model[1] =  []
self.p_model[1] =  []
self.p_model[0] =  []
self.p_model[2] =  []
self.p_model[0] =  []
self.p_model[0] =  []
STOPPING TEST DUE TO TIMEOUT, TERMINATED AT LENGTH 67
STOPPING TESTING DUE TO TIMEOUT
16.9451450189 PERCENT COVERED
61.5353169441 TOTAL RUNTIME
43 EXECUTED
4232 TOTAL TEST OPERATIONS
10.6676359177 TIME SPENT EXECUTING TEST OPERATIONS
48.8498883247 TIME SPENT EVALUATING GUARDS AND CHOOSING ACTIONS
0.00645327568054 TIME SPENT CHECKING PROPERTIES
10.6740891933 TOTAL TIME SPENT RUNNING SUT
0.177408456802 TIME SPENT RESTARTING
0.0 TIME SPENT REDUCING TEST CASES
0 FAILED
0 REPEATS OF FAILURES
0 ACTUAL DISTINCT FAILURES

2195 BRANCHES COVERED
1928 STATEMENTS COVERED
