Random testing using config=Config(swarmSwitch=None, verbose=False, reducePool=False, failedLogging=None, exploitBestHint=1, greedyStutter=False, internal=False, exploit=None, seed=None, generalize=False, useHints=False, localize=False, total=False, speed='FAST', probs=None, normalize=False, verboseExploit=False, highLowSwarm=None, replayable=False, essentials=False, noCoverageExploit=False, quickTests=False, relax=False, enumerateEnabled=False, uniqueValuesAnalysis=False, swarm=False, noReassign=False, html=None, fastQuickAnalysis=False, progress=False, postCover=False, swarmLength=None, noSwarmDependencies=False, profile=False, LOCBaseline=0.2, noEnumerateEnabled=False, full=True, multiple=True, timedProgress=30, silentFail=True, stopWhenStatements=None, swarmP=0.5, stopWhenBranches=None, noAlphaConvert=False, coverFile='coverage.out', readQuick=False, verboseActions=False, running=False, computeFeatureStats=False, compareFails=False, swarmProbs=None, output='failure.40707.test', genDepth=None, Pcrossover=0.2, quickAnalysis=False, keepLast=False, exploitCeiling=0.1, logging=None, LOCProbs=False, noCheck=False, maxTests=-1, noExceptionMatch=False, Pmutate=0.0, depth=100, showActions=False, throughput=False, noCover=False, timeout=60, stutter=None, uncaught=False, markov=None, startExploit=0)
self.p_model[2] =  [R = True]
TEST #81 STEP #21 (0:00:30.003271) Tue Jul 25 20:07:45 2017 [ 1907 stmts 2160 branches ] 8021 TOTAL ACTIONS (267.337517049/s)
STOPPING TEST DUE TO TIMEOUT, TERMINATED AT LENGTH 96
STOPPING TESTING DUE TO TIMEOUT
16.7402269861 PERCENT COVERED
69.3100240231 TOTAL RUNTIME
137 EXECUTED
13696 TOTAL TEST OPERATIONS
28.5449917316 TIME SPENT EXECUTING TEST OPERATIONS
38.7870953083 TIME SPENT EVALUATING GUARDS AND CHOOSING ACTIONS
0.0193102359772 TIME SPENT CHECKING PROPERTIES
28.5643019676 TOTAL TIME SPENT RUNNING SUT
0.202854394913 TIME SPENT RESTARTING
0.0 TIME SPENT REDUCING TEST CASES
0 FAILED
0 REPEATS OF FAILURES
0 ACTUAL DISTINCT FAILURES

2161 BRANCHES COVERED
1907 STATEMENTS COVERED
