Random testing using config=Config(swarmSwitch=None, verbose=False, reducePool=False, failedLogging=None, exploitBestHint=1, greedyStutter=False, internal=False, exploit=None, seed=None, generalize=False, useHints=False, localize=False, total=False, speed='FAST', probs=None, normalize=False, verboseExploit=False, highLowSwarm=None, replayable=False, essentials=False, noCoverageExploit=False, quickTests=False, relax=False, enumerateEnabled=False, uniqueValuesAnalysis=False, swarm=False, noReassign=False, html=None, fastQuickAnalysis=False, progress=False, postCover=False, swarmLength=None, noSwarmDependencies=False, profile=False, LOCBaseline=0.2, noEnumerateEnabled=False, full=True, multiple=True, timedProgress=30, silentFail=True, stopWhenStatements=None, swarmP=0.5, stopWhenBranches=None, noAlphaConvert=False, coverFile='coverage.out', readQuick=False, verboseActions=False, running=False, computeFeatureStats=False, compareFails=False, swarmProbs=None, output='failure.39755.test', genDepth=None, Pcrossover=0.2, quickAnalysis=False, keepLast=False, exploitCeiling=0.1, logging=None, LOCProbs=False, noCheck=False, maxTests=-1, noExceptionMatch=False, Pmutate=0.0, depth=100, showActions=False, throughput=False, noCover=False, timeout=60, stutter=None, uncaught=False, markov=None, startExploit=0)
self.p_model[0] =  [T = True, C = 1]
self.p_model[1] =  [T = True, C = 1]
self.p_model[0] =  []
TEST #72 STEP #78 (0:00:30.002654) Tue Jul 25 16:52:34 2017 [ 1922 stmts 2186 branches ] 7178 TOTAL ACTIONS (239.245500812/s)
STOPPING TEST DUE TO TIMEOUT, TERMINATED AT LENGTH 2
STOPPING TESTING DUE TO TIMEOUT
16.8899747793 PERCENT COVERED
61.468059063 TOTAL RUNTIME
148 EXECUTED
14702 TOTAL TEST OPERATIONS
30.8547987938 TIME SPENT EXECUTING TEST OPERATIONS
28.614331007 TIME SPENT EVALUATING GUARDS AND CHOOSING ACTIONS
0.0196104049683 TIME SPENT CHECKING PROPERTIES
30.8744091988 TOTAL TIME SPENT RUNNING SUT
0.241831302643 TIME SPENT RESTARTING
0.0 TIME SPENT REDUCING TEST CASES
0 FAILED
0 REPEATS OF FAILURES
0 ACTUAL DISTINCT FAILURES

2188 BRANCHES COVERED
1923 STATEMENTS COVERED
