Random testing using config=Config(swarmSwitch=None, verbose=False, reducePool=False, failedLogging=None, exploitBestHint=1, greedyStutter=False, internal=False, exploit=None, seed=None, generalize=False, useHints=False, localize=False, total=False, speed='FAST', probs=None, normalize=False, verboseExploit=False, highLowSwarm=None, replayable=False, essentials=False, noCoverageExploit=False, quickTests=False, relax=False, enumerateEnabled=False, uniqueValuesAnalysis=False, swarm=False, noReassign=False, html=None, fastQuickAnalysis=False, progress=False, postCover=False, swarmLength=None, noSwarmDependencies=False, profile=False, LOCBaseline=0.2, noEnumerateEnabled=False, full=True, multiple=True, timedProgress=30, silentFail=True, stopWhenStatements=None, swarmP=0.5, stopWhenBranches=None, noAlphaConvert=False, coverFile='coverage.out', readQuick=False, verboseActions=False, running=False, computeFeatureStats=False, compareFails=False, swarmProbs=None, output='failure.40624.test', genDepth=None, Pcrossover=0.2, quickAnalysis=False, keepLast=False, exploitCeiling=0.1, logging=None, LOCProbs=False, noCheck=False, maxTests=-1, noExceptionMatch=False, Pmutate=0.0, depth=100, showActions=False, throughput=False, noCover=False, timeout=60, stutter=None, uncaught=False, markov=None, startExploit=0)
TEST #83 STEP #30 (0:00:30.004430) Tue Jul 25 19:49:28 2017 [ 1677 stmts 1830 branches ] 8230 TOTAL ACTIONS (274.292828917/s)
self.p_model[0] =  [R = True]
STOPPING TEST DUE TO TIMEOUT, TERMINATED AT LENGTH 74
STOPPING TESTING DUE TO TIMEOUT
16.6850567465 PERCENT COVERED
61.4658060074 TOTAL RUNTIME
160 EXECUTED
15974 TOTAL TEST OPERATIONS
32.6919429302 TIME SPENT EXECUTING TEST OPERATIONS
26.7689399719 TIME SPENT EVALUATING GUARDS AND CHOOSING ACTIONS
0.0210449695587 TIME SPENT CHECKING PROPERTIES
32.7129878998 TOTAL TIME SPENT RUNNING SUT
0.231764554977 TIME SPENT RESTARTING
0.0 TIME SPENT REDUCING TEST CASES
0 FAILED
0 REPEATS OF FAILURES
0 ACTUAL DISTINCT FAILURES

2154 BRANCHES COVERED
1902 STATEMENTS COVERED
