Random testing using config=Config(swarmSwitch=None, verbose=False, reducePool=False, failedLogging=None, exploitBestHint=1, greedyStutter=False, internal=False, exploit=None, seed=None, generalize=False, useHints=False, localize=False, total=False, speed='FAST', probs=None, normalize=False, verboseExploit=False, highLowSwarm=None, replayable=False, essentials=False, noCoverageExploit=False, quickTests=False, relax=False, enumerateEnabled=False, uniqueValuesAnalysis=False, swarm=False, noReassign=False, html=None, fastQuickAnalysis=False, progress=False, postCover=False, swarmLength=None, noSwarmDependencies=False, profile=False, LOCBaseline=0.2, noEnumerateEnabled=False, full=True, multiple=True, timedProgress=30, silentFail=True, stopWhenStatements=None, swarmP=0.5, stopWhenBranches=None, noAlphaConvert=False, coverFile='coverage.out', readQuick=False, verboseActions=False, running=False, computeFeatureStats=False, compareFails=False, swarmProbs=None, output='failure.40230.test', genDepth=None, Pcrossover=0.2, quickAnalysis=False, keepLast=False, exploitCeiling=0.1, logging=None, LOCProbs=False, noCheck=False, maxTests=-1, noExceptionMatch=False, Pmutate=0.0, depth=100, showActions=False, throughput=False, noCover=False, timeout=60, stutter=None, uncaught=False, markov=None, startExploit=0)
TEST #81 STEP #6 (0:00:30.000849) Tue Jul 25 18:23:56 2017 [ 1681 stmts 1836 branches ] 8006 TOTAL ACTIONS (266.859114478/s)
self.p_model[1] =  []
self.p_model[2] =  []
self.p_model[0] =  []
STOPPING TEST DUE TO TIMEOUT, TERMINATED AT LENGTH 3
STOPPING TESTING DUE TO TIMEOUT
15.1087641866 PERCENT COVERED
61.4216141701 TOTAL RUNTIME
159 EXECUTED
15803 TOTAL TEST OPERATIONS
32.7433793545 TIME SPENT EXECUTING TEST OPERATIONS
26.7255630493 TIME SPENT EVALUATING GUARDS AND CHOOSING ACTIONS
0.0218029022217 TIME SPENT CHECKING PROPERTIES
32.7651822567 TOTAL TIME SPENT RUNNING SUT
0.245676755905 TIME SPENT RESTARTING
0.0 TIME SPENT REDUCING TEST CASES
0 FAILED
0 REPEATS OF FAILURES
0 ACTUAL DISTINCT FAILURES

1938 BRANCHES COVERED
1753 STATEMENTS COVERED
