Random testing using config=Config(swarmSwitch=None, verbose=False, reducePool=False, failedLogging=None, exploitBestHint=1, greedyStutter=False, internal=False, exploit=None, seed=None, generalize=False, useHints=False, localize=False, total=False, speed='FAST', probs=None, normalize=False, verboseExploit=False, highLowSwarm=None, replayable=False, essentials=False, noCoverageExploit=False, quickTests=False, relax=False, enumerateEnabled=False, uniqueValuesAnalysis=False, swarm=False, noReassign=False, html=None, fastQuickAnalysis=False, progress=False, postCover=False, swarmLength=None, noSwarmDependencies=False, profile=False, LOCBaseline=0.2, noEnumerateEnabled=False, full=True, multiple=True, timedProgress=30, silentFail=True, stopWhenStatements=None, swarmP=0.5, stopWhenBranches=None, noAlphaConvert=False, coverFile='coverage.out', readQuick=False, verboseActions=False, running=False, computeFeatureStats=False, compareFails=False, swarmProbs=None, output='failure.39667.test', genDepth=None, Pcrossover=0.2, quickAnalysis=False, keepLast=False, exploitCeiling=0.1, logging=None, LOCProbs=False, noCheck=False, maxTests=-1, noExceptionMatch=False, Pmutate=0.0, depth=100, showActions=False, throughput=False, noCover=False, timeout=60, stutter=None, uncaught=False, markov=None, startExploit=0)
TEST #67 STEP #0 (0:00:30.001143) Tue Jul 25 16:33:21 2017 [ 1681 stmts 1836 branches ] 6600 TOTAL ACTIONS (219.991618476/s)
self.p_model[1] =  [T = False]
self.p_model[1] =  [T = False]
STOPPING TEST DUE TO TIMEOUT, TERMINATED AT LENGTH 17
STOPPING TESTING DUE TO TIMEOUT
16.6692938209 PERCENT COVERED
62.0350830555 TOTAL RUNTIME
126 EXECUTED
12517 TOTAL TEST OPERATIONS
31.470654726 TIME SPENT EXECUTING TEST OPERATIONS
27.9856646061 TIME SPENT EVALUATING GUARDS AND CHOOSING ACTIONS
0.0194940567017 TIME SPENT CHECKING PROPERTIES
31.4901487827 TOTAL TIME SPENT RUNNING SUT
0.232090950012 TIME SPENT RESTARTING
0.0 TIME SPENT REDUCING TEST CASES
0 FAILED
0 REPEATS OF FAILURES
0 ACTUAL DISTINCT FAILURES

2152 BRANCHES COVERED
1901 STATEMENTS COVERED
