Random testing using config=Config(swarmSwitch=None, verbose=False, reducePool=False, failedLogging=None, exploitBestHint=1, greedyStutter=False, internal=False, exploit=None, seed=None, generalize=False, useHints=False, localize=False, total=False, speed='FAST', probs=None, normalize=False, verboseExploit=False, highLowSwarm=None, replayable=False, essentials=False, noCoverageExploit=False, quickTests=False, relax=False, enumerateEnabled=False, uniqueValuesAnalysis=False, swarm=True, noReassign=False, html=None, fastQuickAnalysis=False, progress=False, postCover=False, swarmLength=None, noSwarmDependencies=False, profile=False, LOCBaseline=0.2, noEnumerateEnabled=False, full=True, multiple=True, timedProgress=30, silentFail=True, stopWhenStatements=None, swarmP=0.5, stopWhenBranches=None, noAlphaConvert=False, coverFile='coverage.out', readQuick=False, verboseActions=False, running=False, computeFeatureStats=False, compareFails=False, swarmProbs=None, output='failure.40748.test', genDepth=None, Pcrossover=0.2, quickAnalysis=False, keepLast=False, exploitCeiling=0.1, logging=None, LOCProbs=False, noCheck=False, maxTests=-1, noExceptionMatch=False, Pmutate=0.0, depth=100, showActions=False, throughput=False, noCover=False, timeout=60, stutter=None, uncaught=False, markov=None, startExploit=0)
self.p_model[1] =  [Q = True]
self.p_model[1] =  []
self.p_model[1] =  []
self.p_model[1] =  []
self.p_model[1] =  []
self.p_model[2] =  []
self.p_model[1] =  []
self.p_model[0] =  []
self.p_model[1] =  []
self.p_model[0] =  []
self.p_model[0] =  []
self.p_model[2] =  []
self.p_model[0] =  []
self.p_model[1] =  []
self.p_model[2] =  []
self.p_model[2] =  []
self.p_model[1] =  []
self.p_model[2] =  [G = -18, T = True]
self.p_model[0] =  []
self.p_model[1] =  []
self.p_model[0] =  []
self.p_model[1] =  []
self.p_model[2] =  []
self.p_model[0] =  []
self.p_model[2] =  []
self.p_model[2] =  []
self.p_model[1] =  []
self.p_model[0] =  []
self.p_model[1] =  []
self.p_model[1] =  []
self.p_model[0] =  []
self.p_model[1] =  []
self.p_model[2] =  []
self.p_model[0] =  []
self.p_model[0] =  []
self.p_model[1] =  []
self.p_model[2] =  []
self.p_model[2] =  []
self.p_model[2] =  []
self.p_model[1] =  []
self.p_model[0] =  []
self.p_model[0] =  []
self.p_model[2] =  []
self.p_model[2] =  []
self.p_model[2] =  []
self.p_model[2] =  []
self.p_model[1] =  []
self.p_model[0] =  []
self.p_model[1] =  []
self.p_model[1] =  []
self.p_model[1] =  []
self.p_model[1] =  []
self.p_model[1] =  []
self.p_model[1] =  []
self.p_model[0] =  []
self.p_model[0] =  []
self.p_model[0] =  []
self.p_model[2] =  []
self.p_model[1] =  []
self.p_model[2] =  []
self.p_model[0] =  []
self.p_model[0] =  []
self.p_model[0] =  []
self.p_model[2] =  []
self.p_model[1] =  []
self.p_model[0] =  []
self.p_model[0] =  []
self.p_model[1] =  []
self.p_model[1] =  []
TEST #83 STEP #24 (0:00:30.001270) Tue Jul 25 20:17:04 2017 [ 1927 stmts 2193 branches ] 8224 TOTAL ACTIONS (274.121728337/s)
self.p_model[2] =  []
self.p_model[0] =  []
self.p_model[0] =  []
self.p_model[1] =  []
self.p_model[1] =  []
self.p_model[0] =  []
self.p_model[1] =  []
self.p_model[0] =  []
self.p_model[0] =  []
self.p_model[0] =  []
self.p_model[0] =  []
self.p_model[2] =  []
self.p_model[1] =  []
self.p_model[0] =  []
self.p_model[2] =  []
self.p_model[2] =  []
self.p_model[0] =  [Q = True]
self.p_model[1] =  [Q = True]
self.p_model[0] =  []
STOPPING TEST DUE TO TIMEOUT, TERMINATED AT LENGTH 89
STOPPING TESTING DUE TO TIMEOUT
16.9293820933 PERCENT COVERED
61.5346300602 TOTAL RUNTIME
163 EXECUTED
16289 TOTAL TEST OPERATIONS
32.0816249847 TIME SPENT EXECUTING TEST OPERATIONS
26.4250452518 TIME SPENT EVALUATING GUARDS AND CHOOSING ACTIONS
0.0207619667053 TIME SPENT CHECKING PROPERTIES
32.1023869514 TOTAL TIME SPENT RUNNING SUT
0.365718364716 TIME SPENT RESTARTING
0.0 TIME SPENT REDUCING TEST CASES
0 FAILED
0 REPEATS OF FAILURES
0 ACTUAL DISTINCT FAILURES

2193 BRANCHES COVERED
1927 STATEMENTS COVERED
