Random testing using config=Config(swarmSwitch=None, verbose=False, reducePool=False, failedLogging=None, exploitBestHint=1, greedyStutter=False, internal=False, exploit=None, seed=None, generalize=False, useHints=False, localize=False, total=False, speed='FAST', probs=None, normalize=False, verboseExploit=False, highLowSwarm=None, replayable=False, essentials=False, noCoverageExploit=False, quickTests=False, relax=False, enumerateEnabled=False, uniqueValuesAnalysis=False, swarm=True, noReassign=False, html=None, fastQuickAnalysis=False, progress=False, postCover=False, swarmLength=None, noSwarmDependencies=False, profile=False, LOCBaseline=0.2, noEnumerateEnabled=False, full=True, multiple=True, timedProgress=30, silentFail=True, stopWhenStatements=None, swarmP=0.5, stopWhenBranches=None, noAlphaConvert=False, coverFile='coverage.out', readQuick=False, verboseActions=False, running=False, computeFeatureStats=False, compareFails=False, swarmProbs=None, output='failure.36831.test', genDepth=None, Pcrossover=0.2, quickAnalysis=False, keepLast=False, exploitCeiling=0.1, logging=None, LOCProbs=False, noCheck=False, maxTests=-1, noExceptionMatch=False, Pmutate=0.0, depth=100, showActions=False, throughput=False, noCover=False, timeout=60, stutter=None, uncaught=False, markov=None, startExploit=0)
self.p_model[0] =  []
self.p_model[0] =  []
self.p_model[0] =  []
self.p_model[1] =  []
self.p_model[2] =  []
self.p_model[0] =  []
self.p_model[1] =  []
self.p_model[0] =  []
self.p_model[1] =  []
self.p_model[1] =  []
self.p_model[1] =  []
self.p_model[1] =  []
self.p_model[1] =  [S = True, P = False]
self.p_model[2] =  []
WARNING: DEADLOCK (NO ENABLED ACTIONS)
TERMINATING TEST DUE TO NO ENABLED ACTIONS, AT LENGTH 57
self.p_model[1] =  []
self.p_model[0] =  []
self.p_model[1] =  []
self.p_model[1] =  []
self.p_model[1] =  []
self.p_model[0] =  []
self.p_model[0] =  []
self.p_model[0] =  []
self.p_model[1] =  []
self.p_model[0] =  []
self.p_model[2] =  []
self.p_model[0] =  []
self.p_model[2] =  []
self.p_model[0] =  []
self.p_model[2] =  []
self.p_model[2] =  []
self.p_model[1] =  []
self.p_model[2] =  []
self.p_model[0] =  []
TEST #83 STEP #38 (0:00:30.000566) Tue Jul 25 13:10:26 2017 [ 1911 stmts 2167 branches ] 8195 TOTAL ACTIONS (273.161512967/s)
self.p_model[1] =  [B = -16]
self.p_model[1] =  [B = -16]
self.p_model[0] =  []
self.p_model[0] =  []
self.p_model[2] =  []
self.p_model[1] =  []
self.p_model[2] =  []
self.p_model[2] =  []
self.p_model[0] =  []
self.p_model[0] =  []
self.p_model[0] =  []
self.p_model[2] =  []
self.p_model[2] =  []
self.p_model[1] =  []
self.p_model[0] =  []
self.p_model[1] =  []
self.p_model[2] =  []
self.p_model[1] =  []
self.p_model[2] =  []
self.p_model[1] =  []
self.p_model[1] =  [C = 0, G = 0, S = True, P = False]
self.p_model[2] =  [C = 0, G = 0, S = True, P = False]
self.p_model[1] =  [C = 0, G = 0, S = True, P = False]
self.p_model[0] =  []
self.p_model[1] =  []
self.p_model[2] =  []
self.p_model[0] =  []
self.p_model[2] =  []
self.p_model[2] =  []
self.p_model[2] =  []
self.p_model[2] =  []
self.p_model[0] =  []
self.p_model[2] =  [T = False]
WARNING: DEADLOCK (NO ENABLED ACTIONS)
TERMINATING TEST DUE TO NO ENABLED ACTIONS, AT LENGTH 83
STOPPING TEST DUE TO TIMEOUT, TERMINATED AT LENGTH 71
STOPPING TESTING DUE TO TIMEOUT
16.9451450189 PERCENT COVERED
61.517444849 TOTAL RUNTIME
174 EXECUTED
17311 TOTAL TEST OPERATIONS
34.4451868534 TIME SPENT EXECUTING TEST OPERATIONS
23.9206595421 TIME SPENT EVALUATING GUARDS AND CHOOSING ACTIONS
0.0213992595673 TIME SPENT CHECKING PROPERTIES
34.466586113 TOTAL TIME SPENT RUNNING SUT
0.392249822617 TIME SPENT RESTARTING
0.0 TIME SPENT REDUCING TEST CASES
0 FAILED
0 REPEATS OF FAILURES
0 ACTUAL DISTINCT FAILURES

2195 BRANCHES COVERED
1928 STATEMENTS COVERED
