Random testing using config=Config(swarmSwitch=None, verbose=False, reducePool=False, failedLogging=None, exploitBestHint=1, greedyStutter=False, internal=False, exploit=None, seed=None, generalize=False, useHints=False, localize=False, total=False, speed='FAST', probs=None, normalize=False, verboseExploit=False, highLowSwarm=None, replayable=False, essentials=False, noCoverageExploit=False, quickTests=False, relax=False, enumerateEnabled=False, uniqueValuesAnalysis=False, swarm=True, noReassign=False, html=None, fastQuickAnalysis=False, progress=False, postCover=False, swarmLength=None, noSwarmDependencies=False, profile=False, LOCBaseline=0.2, noEnumerateEnabled=False, full=True, multiple=True, timedProgress=30, silentFail=True, stopWhenStatements=None, swarmP=0.5, stopWhenBranches=None, noAlphaConvert=False, coverFile='coverage.out', readQuick=False, verboseActions=False, running=False, computeFeatureStats=False, compareFails=False, swarmProbs=None, output='failure.37557.test', genDepth=None, Pcrossover=0.2, quickAnalysis=False, keepLast=False, exploitCeiling=0.1, logging=None, LOCProbs=False, noCheck=False, maxTests=-1, noExceptionMatch=False, Pmutate=0.0, depth=100, showActions=False, throughput=False, noCover=False, timeout=60, stutter=None, uncaught=False, markov=None, startExploit=0)
self.p_model[0] =  [Q = True]
self.p_model[2] =  []
self.p_model[0] =  [P = True]
self.p_model[0] =  []
self.p_model[1] =  [P = False]
self.p_model[0] =  []
self.p_model[2] =  []
self.p_model[0] =  []
self.p_model[1] =  []
self.p_model[0] =  []
self.p_model[0] =  []
self.p_model[1] =  []
self.p_model[1] =  []
self.p_model[2] =  []
self.p_model[1] =  []
TEST #101 STEP #62 (0:00:30.001987) Tue Jul 25 15:00:34 2017 [ 1907 stmts 2161 branches ] 10062 TOTAL ACTIONS (335.37778703/s)
self.p_model[2] =  []
self.p_model[0] =  [R = True]
self.p_model[0] =  [R = True]
self.p_model[1] =  [R = True]
self.p_model[1] =  []
self.p_model[2] =  []
self.p_model[0] =  []
self.p_model[2] =  []
self.p_model[2] =  []
self.p_model[2] =  []
self.p_model[2] =  []
self.p_model[1] =  []
self.p_model[1] =  []
self.p_model[0] =  []
self.p_model[0] =  []
self.p_model[0] =  []
self.p_model[0] =  []
self.p_model[1] =  []
self.p_model[0] =  []
self.p_model[2] =  []
self.p_model[1] =  []
self.p_model[0] =  [R = True, P = True]
self.p_model[2] =  [R = True, P = True]
self.p_model[1] =  [S = False]
self.p_model[0] =  [S = True, R = True, Q = True]
STOPPING TEST DUE TO TIMEOUT, TERMINATED AT LENGTH 21
STOPPING TESTING DUE TO TIMEOUT
16.7796343001 PERCENT COVERED
61.4487051964 TOTAL RUNTIME
203 EXECUTED
20221 TOTAL TEST OPERATIONS
35.3336513042 TIME SPENT EXECUTING TEST OPERATIONS
23.0220601559 TIME SPENT EVALUATING GUARDS AND CHOOSING ACTIONS
0.0207357406616 TIME SPENT CHECKING PROPERTIES
35.3543870449 TOTAL TIME SPENT RUNNING SUT
0.389219760895 TIME SPENT RESTARTING
0.0 TIME SPENT REDUCING TEST CASES
0 FAILED
0 REPEATS OF FAILURES
0 ACTUAL DISTINCT FAILURES

2167 BRANCHES COVERED
1911 STATEMENTS COVERED
