Random testing using config=Config(swarmSwitch=None, verbose=False, reducePool=False, failedLogging=None, exploitBestHint=1, greedyStutter=False, internal=False, exploit=None, seed=None, generalize=False, useHints=False, localize=False, total=False, speed='FAST', probs=None, normalize=False, verboseExploit=False, highLowSwarm=None, replayable=False, essentials=False, noCoverageExploit=False, quickTests=False, relax=False, enumerateEnabled=False, uniqueValuesAnalysis=False, swarm=True, noReassign=False, html=None, fastQuickAnalysis=False, progress=False, postCover=False, swarmLength=None, noSwarmDependencies=False, profile=False, LOCBaseline=0.2, noEnumerateEnabled=False, full=True, multiple=True, timedProgress=30, silentFail=True, stopWhenStatements=None, swarmP=0.5, stopWhenBranches=None, noAlphaConvert=False, coverFile='coverage.out', readQuick=False, verboseActions=False, running=False, computeFeatureStats=False, compareFails=False, swarmProbs=None, output='failure.36974.test', genDepth=None, Pcrossover=0.2, quickAnalysis=False, keepLast=False, exploitCeiling=0.1, logging=None, LOCProbs=False, noCheck=False, maxTests=-1, noExceptionMatch=False, Pmutate=0.0, depth=100, showActions=False, throughput=False, noCover=False, timeout=60, stutter=None, uncaught=False, markov=None, startExploit=0)
self.p_model[1] =  []
self.p_model[0] =  []
self.p_model[2] =  []
self.p_model[0] =  [C = 0, S = True]
self.p_model[1] =  [C = 0, S = True]
self.p_model[1] =  []
self.p_model[2] =  []
self.p_model[0] =  []
self.p_model[2] =  []
self.p_model[0] =  []
self.p_model[2] =  []
self.p_model[2] =  []
self.p_model[0] =  []
self.p_model[0] =  []
self.p_model[2] =  []
self.p_model[2] =  []
self.p_model[0] =  [R = True]
self.p_model[0] =  [R = True]
self.p_model[1] =  [R = True]
self.p_model[1] =  [E = 0, D = 0, Q = True]
self.p_model[0] =  []
self.p_model[2] =  []
self.p_model[2] =  []
self.p_model[1] =  []
self.p_model[2] =  []
self.p_model[0] =  []
self.p_model[1] =  []
self.p_model[0] =  []
self.p_model[2] =  []
self.p_model[0] =  []
self.p_model[1] =  []
self.p_model[0] =  []
self.p_model[2] =  []
self.p_model[1] =  []
self.p_model[0] =  []
self.p_model[2] =  []
self.p_model[2] =  []
self.p_model[0] =  []
TEST #89 STEP #5 (0:00:30.005084) Tue Jul 25 13:41:41 2017 [ 1927 stmts 2192 branches ] 8805 TOTAL ACTIONS (293.450269591/s)
self.p_model[0] =  []
self.p_model[1] =  []
self.p_model[0] =  []
self.p_model[1] =  []
self.p_model[2] =  []
self.p_model[2] =  []
self.p_model[0] =  []
self.p_model[0] =  []
self.p_model[1] =  []
self.p_model[1] =  []
self.p_model[0] =  []
self.p_model[0] =  []
self.p_model[2] =  []
self.p_model[2] =  []
self.p_model[2] =  []
self.p_model[2] =  []
self.p_model[0] =  []
self.p_model[2] =  []
self.p_model[1] =  []
self.p_model[2] =  []
self.p_model[1] =  []
self.p_model[2] =  []
self.p_model[2] =  []
self.p_model[0] =  []
self.p_model[2] =  []
self.p_model[1] =  []
self.p_model[0] =  []
self.p_model[1] =  []
self.p_model[1] =  []
self.p_model[2] =  []
self.p_model[1] =  []
self.p_model[1] =  []
self.p_model[1] =  []
self.p_model[1] =  []
self.p_model[1] =  []
self.p_model[0] =  []
self.p_model[0] =  []
self.p_model[2] =  []
self.p_model[2] =  []
self.p_model[0] =  []
self.p_model[2] =  []
self.p_model[1] =  []
self.p_model[0] =  []
self.p_model[2] =  []
self.p_model[2] =  []
self.p_model[1] =  []
self.p_model[0] =  []
self.p_model[2] =  []
self.p_model[0] =  []
self.p_model[1] =  []
self.p_model[1] =  []
self.p_model[1] =  []
self.p_model[2] =  []
self.p_model[2] =  [R = True, F = -19]
STOPPING TEST DUE TO TIMEOUT, TERMINATED AT LENGTH 52
STOPPING TESTING DUE TO TIMEOUT
16.9293820933 PERCENT COVERED
61.4972200394 TOTAL RUNTIME
181 EXECUTED
18052 TOTAL TEST OPERATIONS
34.502196312 TIME SPENT EXECUTING TEST OPERATIONS
23.8820691109 TIME SPENT EVALUATING GUARDS AND CHOOSING ACTIONS
0.0231940746307 TIME SPENT CHECKING PROPERTIES
34.5253903866 TOTAL TIME SPENT RUNNING SUT
0.383585453033 TIME SPENT RESTARTING
0.0 TIME SPENT REDUCING TEST CASES
0 FAILED
0 REPEATS OF FAILURES
0 ACTUAL DISTINCT FAILURES

2193 BRANCHES COVERED
1927 STATEMENTS COVERED
