Random testing using config=Config(swarmSwitch=None, verbose=False, reducePool=False, failedLogging=None, exploitBestHint=1, greedyStutter=False, exploit=0.8, seed=None, generalize=False, useHints=False, localize=False, total=False, speed='FAST', probs=None, normalize=False, verboseExploit=False, highLowSwarm=None, replayable=False, essentials=False, noCoverageExploit=False, quickTests=False, relax=False, internal=False, uniqueValuesAnalysis=False, swarm=False, noReassign=False, html=None, fastQuickAnalysis=False, progress=False, swarmLength=None, profile=False, LOCBaseline=0.2, full=True, multiple=True, timedProgress=30, silentFail=False, stopWhenStatements=None, swarmP=0.5, stopWhenBranches=None, noAlphaConvert=False, coverFile='coverage.out', readQuick=False, verboseActions=False, running=False, computeFeatureStats=False, compareFails=False, swarmProbs=None, output='failure.90100.test', genDepth=None, Pcrossover=0.2, quickAnalysis=False, keepLast=False, exploitCeiling=0.1, logging=None, LOCProbs=False, noCheck=False, maxTests=-1, noExceptionMatch=False, Pmutate=0.8, depth=100, showActions=False, throughput=False, noCover=False, timeout=60, stutter=None, uncaught=False, markov=None, startExploit=0)
TEST #57 STEP #36 (0:00:30.001351) Sat May  6 17:23:43 2017 [ 76 stmts 97 branches ]
int main() {
goto l2;
l4: goto l2;
l3: goto l2;
l4: goto l2;
}

STOPPING TEST DUE TO TIMEOUT, TERMINATED AT LENGTH 17
STOPPING TESTING DUE TO TIMEOUT
6.36533832576 PERCENT COVERED
60.9179520607 TOTAL RUNTIME
115 EXECUTED
11417 TOTAL TEST OPERATIONS
43.4303100109 TIME SPENT EXECUTING TEST OPERATIONS
14.9582133293 TIME SPENT EVALUATING GUARDS AND CHOOSING ACTIONS
0.0161888599396 TIME SPENT CHECKING PROPERTIES
43.4464988708 TOTAL TIME SPENT RUNNING SUT
0.220602035522 TIME SPENT RESTARTING
0.0 TIME SPENT REDUCING TEST CASES
0 FAILED
0 REPEATS OF FAILURES
0 ACTUAL DISTINCT FAILURES

536 BRANCHES COVERED
433 STATEMENTS COVERED
