Random testing using config=Config(swarmSwitch=None, verbose=False, reducePool=False, failedLogging=None, exploitBestHint=1, greedyStutter=False, exploit=0.8, seed=None, generalize=False, useHints=False, localize=False, total=False, speed='FAST', probs='locsample.probs', normalize=False, verboseExploit=False, highLowSwarm=None, replayable=False, essentials=False, noCoverageExploit=False, quickTests=False, relax=False, internal=False, uniqueValuesAnalysis=False, swarm=False, noReassign=False, html=None, fastQuickAnalysis=False, progress=False, swarmLength=None, profile=False, LOCBaseline=0.2, full=True, multiple=True, timedProgress=30, silentFail=False, stopWhenStatements=None, swarmP=0.5, stopWhenBranches=None, noAlphaConvert=False, coverFile='coverage.out', readQuick=False, verboseActions=False, running=False, computeFeatureStats=False, compareFails=False, swarmProbs=None, output='failure.90718.test', genDepth=None, Pcrossover=0.2, quickAnalysis=False, keepLast=False, exploitCeiling=0.1, logging=None, LOCProbs=False, noCheck=False, maxTests=-1, noExceptionMatch=False, Pmutate=0.8, depth=100, showActions=False, throughput=False, noCover=False, timeout=60, stutter=None, uncaught=False, markov=None, startExploit=0)
int main() {
l1: b = -19;
}

int main() {
l1: b = -19;
}

int main() {
l1: b = -19;
}

int main() {
l1: b = -19;
}

TEST #28 STEP #80 (0:00:30.012658) Sat May  6 18:20:01 2017 [ 498 stmts 626 branches ]
STOPPING TEST DUE TO TIMEOUT, TERMINATED AT LENGTH 7
STOPPING TESTING DUE TO TIMEOUT
7.22540802823 PERCENT COVERED
60.8984730244 TOTAL RUNTIME
56 EXECUTED
5507 TOTAL TEST OPERATIONS
28.3639037609 TIME SPENT EXECUTING TEST OPERATIONS
31.3406186104 TIME SPENT EVALUATING GUARDS AND CHOOSING ACTIONS
0.00757908821106 TIME SPENT CHECKING PROPERTIES
28.3714828491 TOTAL TIME SPENT RUNNING SUT
0.112039804459 TIME SPENT RESTARTING
0.0 TIME SPENT REDUCING TEST CASES
0 FAILED
0 REPEATS OF FAILURES
0 ACTUAL DISTINCT FAILURES

626 BRANCHES COVERED
498 STATEMENTS COVERED
