Random testing using config=Config(swarmSwitch=None, verbose=False, reducePool=False, failedLogging=None, exploitBestHint=1, greedyStutter=False, exploit=0.8, seed=None, generalize=False, useHints=False, localize=False, total=False, speed='FAST', probs='locsample.probs', normalize=False, verboseExploit=False, highLowSwarm=None, replayable=False, essentials=False, noCoverageExploit=False, quickTests=False, relax=False, internal=False, uniqueValuesAnalysis=False, swarm=False, noReassign=False, html=None, fastQuickAnalysis=False, progress=False, swarmLength=None, profile=False, LOCBaseline=0.2, full=True, multiple=True, timedProgress=30, silentFail=False, stopWhenStatements=None, swarmP=0.5, stopWhenBranches=None, noAlphaConvert=False, coverFile='coverage.out', readQuick=False, verboseActions=False, running=False, computeFeatureStats=False, compareFails=False, swarmProbs=None, output='failure.89738.test', genDepth=None, Pcrossover=0.2, quickAnalysis=False, keepLast=False, exploitCeiling=0.1, logging=None, LOCProbs=False, noCheck=False, maxTests=-1, noExceptionMatch=False, Pmutate=0.8, depth=100, showActions=False, throughput=False, noCover=False, timeout=60, stutter=None, uncaught=False, markov=None, startExploit=0)
int main() {
l1: goto l1;
}

int main() {
l1: goto l1;
}

int main() {
l1: goto l1;
}

int main() {
l1: goto l1;
}

int main() {
l1: goto l1;
}

int main() {
l1: goto l1;
}

int main() {
l1: goto l1;
}

int main() {
l1: goto l1;
}

TEST #33 STEP #85 (0:00:30.004345) Sat May  6 16:51:13 2017 [ 453 stmts 567 branches ]
int main() {
l1: goto l1;
}

int main() {
l1: goto l1;
}

int main() {
l1: goto l1;
}

int main() {
l1: goto l1;
}

int main() {
l1: goto l1;
}

int main() {
l1: goto l1;
}

int main() {
l1: goto l1;
}


def main():
    goto = None
    while True:
        if (goto == 'l1'):
            goto = None
        if (goto is None):
            goto = 'l1'
            continue
            return ctypes_wrapped.c_int().value
        break


int main() {
l1: goto l1;
}

int main() {
l1: goto l1;
}

int main() {
l1: goto l1;
}

STOPPING TEST DUE TO TIMEOUT, TERMINATED AT LENGTH 84
STOPPING TESTING DUE TO TIMEOUT
12.0285147085 PERCENT COVERED
60.8539290428 TOTAL RUNTIME
66 EXECUTED
6584 TOTAL TEST OPERATIONS
21.5022649765 TIME SPENT EXECUTING TEST OPERATIONS
37.8087069988 TIME SPENT EVALUATING GUARDS AND CHOOSING ACTIONS
0.00908160209656 TIME SPENT CHECKING PROPERTIES
21.5113465786 TOTAL TIME SPENT RUNNING SUT
0.12603354454 TIME SPENT RESTARTING
0.0 TIME SPENT REDUCING TEST CASES
0 FAILED
0 REPEATS OF FAILURES
0 ACTUAL DISTINCT FAILURES

1118 BRANCHES COVERED
903 STATEMENTS COVERED
