Random testing using config=Config(swarmSwitch=None, verbose=False, reducePool=False, failedLogging=None, exploitBestHint=1, greedyStutter=False, exploit=None, seed=None, generalize=False, useHints=False, localize=False, total=False, speed='FAST', probs='locsample.probs', normalize=False, verboseExploit=False, highLowSwarm=None, replayable=False, essentials=False, noCoverageExploit=False, quickTests=False, relax=False, internal=False, uniqueValuesAnalysis=False, swarm=True, noReassign=False, html=None, fastQuickAnalysis=False, progress=False, swarmLength=None, profile=False, LOCBaseline=0.2, full=True, multiple=True, timedProgress=30, silentFail=False, stopWhenStatements=None, swarmP=0.5, stopWhenBranches=None, noAlphaConvert=False, coverFile='coverage.out', readQuick=False, verboseActions=False, running=False, computeFeatureStats=False, compareFails=False, swarmProbs=None, output='failure.90465.test', genDepth=None, Pcrossover=0.2, quickAnalysis=False, keepLast=False, exploitCeiling=0.1, logging=None, LOCProbs=False, noCheck=False, maxTests=-1, noExceptionMatch=False, Pmutate=0.0, depth=100, showActions=False, throughput=False, noCover=False, timeout=60, stutter=None, uncaught=False, markov=None, startExploit=0)
int main() {
l1: goto l3;
}

int main() {
l1: goto l3;
}

int main() {
l1: goto l3;
}

int main() {
l1: goto l3;
}

int main() {
l1: goto l3;
}

int main() {
l1: goto l3;
}

int main() {
l1: goto l3;
}

int main() {
l1: goto l3;
}

int main() {
l1: goto l3;
}

int main() {
l1: goto l3;
}

int main() {
l1: goto l3;
}

int main() {
l1: goto l3;
}

int main() {
l1: goto l3;
}

int main() {
l1: goto l3;
}

int main() {
l1: goto l3;
}

int main() {
l1: goto l3;
}

int main() {
l1: goto l3;
}

int main() {
l1: goto l3;
}

int main() {
l1: goto l3;
}

int main() {
l1: goto l3;
}

int main() {
l1: goto l3;
}

int main() {
l1: goto l3;
}

int main() {
l1: goto l3;
}

int main() {
l1: goto l3;
}

int main() {
goto l4;
}

int main() {
goto l4;
}

int main() {
goto l4;
}

int main() {
goto l4;
}

int main() {
goto l4;
}

int main() {
goto l4;
}

int main() {
goto l4;
}

int main() {
goto l4;
}

int main() {
goto l4;
}

int main() {
goto l4;
}

int main() {
goto l4;
}

int main() {
goto l4;
}

int main() {
goto l4;
}

int main() {
goto l4;
}

int main() {
goto l4;
}

int main() {
goto l4;
}

int main() {
goto l4;
}

int main() {
goto l4;
}

int main() {
goto l4;
}

int main() {
l4: goto l1;
}

int main() {
l4: goto l1;
}

int main() {
l4: goto l1;
}

int main() {
l4: goto l1;
}

int main() {
l4: goto l1;
}

int main() {
l4: goto l1;
}

int main() {
l4: goto l1;
}

int main() {
l4: goto l1;
}

int main() {
l4: goto l1;
}

int main() {
l4: goto l1;
}

int main() {
l4: goto l1;
}

int main() {
l4: goto l1;
}

int main() {
l4: goto l1;
}

int main() {
l4: goto l1;
}

int main() {
l4: goto l1;
}

int main() {
l4: goto l1;
}

int main() {
l4: goto l1;
}

int main() {
l4: goto l1;
}

int main() {
l4: goto l1;
}

int main() {
l4: goto l1;
}

int main() {
l4: goto l1;
}

int main() {
l4: goto l1;
}

int main() {
l4: goto l1;
}

int main() {
l4: goto l1;
}

int main() {
l4: goto l1;
}

int main() {
l4: goto l1;
}

int main() {
l4: goto l1;
}

int main() {
l4: goto l1;
}

int main() {
goto l1;
}

int main() {
goto l1;
}

int main() {
goto l1;
}

int main() {
goto l1;
}

int main() {
goto l1;
}

int main() {
goto l1;
}

int main() {
goto l1;
}

int main() {
goto l1;
}

int main() {
goto l1;
}

int main() {
goto l1;
}

int main() {
goto l1;
}

int main() {
goto l1;
}

int main() {
goto l1;
}

int main() {
goto l1;
}

int main() {
goto l1;
}

int main() {
goto l1;
}

int main() {
goto l1;
}

int main() {
goto l1;
}

int main() {
goto l1;
}

int main() {
goto l1;
}

int main() {
goto l1;
}

int main() {
goto l1;
}

int main() {
goto l1;
}

int main() {
goto l1;
}

int main() {
goto l1;
}

int main() {
goto l1;
}

int main() {
goto l1;
}

int main() {
goto l1;
}

int main() {
goto l1;
}

int main() {
goto l1;
}

int main() {
goto l1;
}

int main() {
goto l1;
}

int main() {
goto l1;
}

int main() {
goto l1;
}

TEST #30 STEP #70 (0:00:30.003897) Sat May  6 17:41:04 2017 [ 453 stmts 567 branches ]
STOPPING TEST DUE TO TIMEOUT, TERMINATED AT LENGTH 29
STOPPING TESTING DUE TO TIMEOUT
6.58138509043 PERCENT COVERED
60.8323888779 TOTAL RUNTIME
62 EXECUTED
6129 TOTAL TEST OPERATIONS
26.2854027748 TIME SPENT EXECUTING TEST OPERATIONS
33.1194324493 TIME SPENT EVALUATING GUARDS AND CHOOSING ACTIONS
0.0081582069397 TIME SPENT CHECKING PROPERTIES
26.2935609818 TOTAL TIME SPENT RUNNING SUT
0.129223585129 TIME SPENT RESTARTING
0.0 TIME SPENT REDUCING TEST CASES
0 FAILED
0 REPEATS OF FAILURES
0 ACTUAL DISTINCT FAILURES

567 BRANCHES COVERED
453 STATEMENTS COVERED
