Random testing using config=Config(swarmSwitch=None, verbose=False, reducePool=False, failedLogging=None, exploitBestHint=1, greedyStutter=False, exploit=None, seed=None, generalize=False, useHints=False, localize=False, total=False, speed='FAST', probs='locsample.probs', normalize=False, verboseExploit=False, highLowSwarm=None, replayable=False, essentials=False, noCoverageExploit=False, quickTests=False, relax=False, internal=False, uniqueValuesAnalysis=False, swarm=True, noReassign=False, html=None, fastQuickAnalysis=False, progress=False, swarmLength=None, profile=False, LOCBaseline=0.2, full=True, multiple=True, timedProgress=30, silentFail=False, stopWhenStatements=None, swarmP=0.5, stopWhenBranches=None, noAlphaConvert=False, coverFile='coverage.out', readQuick=False, verboseActions=False, running=False, computeFeatureStats=False, compareFails=False, swarmProbs=None, output='failure.90638.test', genDepth=None, Pcrossover=0.2, quickAnalysis=False, keepLast=False, exploitCeiling=0.1, logging=None, LOCProbs=False, noCheck=False, maxTests=-1, noExceptionMatch=False, Pmutate=0.0, depth=100, showActions=False, throughput=False, noCover=False, timeout=60, stutter=None, uncaught=False, markov=None, startExploit=0)
int main() {
goto l2;
goto l2;
}

int main() {
goto l2;
goto l2;
}

int main() {
goto l2;
goto l2;
}

int main() {
goto l2;
goto l2;
}

int main() {
goto l2;
goto l2;
}

int main() {
goto l2;
goto l2;
}

int main() {
goto l2;
goto l2;
}

int main() {
goto l2;
goto l2;
}

int main() {
goto l2;
goto l2;
}

int main() {
goto l2;
goto l2;
}

int main() {
goto l2;
goto l2;
}

int main() {
goto l2;
goto l2;
}

int main() {
goto l2;
goto l2;
}

int main() {
goto l2;
goto l2;
}

TEST #30 STEP #78 (0:00:30.007570) Sat May  6 18:07:37 2017 [ 369 stmts 462 branches ]
STOPPING TEST DUE TO TIMEOUT, TERMINATED AT LENGTH 77
STOPPING TESTING DUE TO TIMEOUT
5.44331715924 PERCENT COVERED
60.8510479927 TOTAL RUNTIME
60 EXECUTED
5977 TOTAL TEST OPERATIONS
28.6822578907 TIME SPENT EXECUTING TEST OPERATIONS
30.7506222725 TIME SPENT EVALUATING GUARDS AND CHOOSING ACTIONS
0.00814700126648 TIME SPENT CHECKING PROPERTIES
28.690404892 TOTAL TIME SPENT RUNNING SUT
0.119871139526 TIME SPENT RESTARTING
0.0 TIME SPENT REDUCING TEST CASES
0 FAILED
0 REPEATS OF FAILURES
0 ACTUAL DISTINCT FAILURES

462 BRANCHES COVERED
369 STATEMENTS COVERED
