Random testing using config=Config(swarmSwitch=None, verbose=False, reducePool=False, failedLogging=None, exploitBestHint=1, greedyStutter=False, exploit=None, seed=None, generalize=False, useHints=False, localize=False, total=False, speed='FAST', probs=None, normalize=False, verboseExploit=False, highLowSwarm=None, replayable=False, essentials=False, noCoverageExploit=False, quickTests=False, relax=False, internal=False, uniqueValuesAnalysis=False, swarm=False, noReassign=False, html=None, fastQuickAnalysis=False, progress=False, swarmLength=None, profile=False, LOCBaseline=0.2, full=True, multiple=True, timedProgress=30, silentFail=False, stopWhenStatements=None, swarmP=0.5, stopWhenBranches=None, noAlphaConvert=False, coverFile='coverage.out', readQuick=False, verboseActions=False, running=False, computeFeatureStats=False, compareFails=False, swarmProbs=None, output='failure.88835.test', genDepth=None, Pcrossover=0.2, quickAnalysis=False, keepLast=False, exploitCeiling=0.1, logging=None, LOCProbs=False, noCheck=False, maxTests=-1, noExceptionMatch=False, Pmutate=0.0, depth=100, showActions=False, throughput=False, noCover=False, timeout=60, stutter=None, uncaught=False, markov=None, startExploit=0)
TEST #128 STEP #49 (0:00:30.001718) Sat May  6 14:43:51 2017 [ 74 stmts 92 branches ]
int main() {
return -16;
}

int main() {
return -16;
}

STOPPING TEST DUE TO TIMEOUT, TERMINATED AT LENGTH 59
STOPPING TESTING DUE TO TIMEOUT
6.25056864707 PERCENT COVERED
60.7871608734 TOTAL RUNTIME
250 EXECUTED
24959 TOTAL TEST OPERATIONS
29.6577579975 TIME SPENT EXECUTING TEST OPERATIONS
29.5068416595 TIME SPENT EVALUATING GUARDS AND CHOOSING ACTIONS
0.0298128128052 TIME SPENT CHECKING PROPERTIES
29.6875708103 TOTAL TIME SPENT RUNNING SUT
0.440291166306 TIME SPENT RESTARTING
0.0 TIME SPENT REDUCING TEST CASES
0 FAILED
0 REPEATS OF FAILURES
0 ACTUAL DISTINCT FAILURES

532 BRANCHES COVERED
428 STATEMENTS COVERED
