Random testing using config=Config(swarmSwitch=None, verbose=False, reducePool=False, failedLogging=None, exploitBestHint=1, greedyStutter=False, exploit=None, seed=None, generalize=False, useHints=False, localize=False, total=False, speed='FAST', probs=None, normalize=False, verboseExploit=False, highLowSwarm=None, replayable=False, essentials=False, noCoverageExploit=False, quickTests=False, relax=False, internal=False, uniqueValuesAnalysis=False, swarm=True, noReassign=False, html=None, fastQuickAnalysis=False, progress=False, swarmLength=None, profile=False, LOCBaseline=0.2, full=True, multiple=True, timedProgress=30, silentFail=False, stopWhenStatements=None, swarmP=0.5, stopWhenBranches=None, noAlphaConvert=False, coverFile='coverage.out', readQuick=False, verboseActions=False, running=False, computeFeatureStats=False, compareFails=False, swarmProbs=None, output='failure.88865.test', genDepth=None, Pcrossover=0.2, quickAnalysis=False, keepLast=False, exploitCeiling=0.1, logging=None, LOCProbs=False, noCheck=False, maxTests=-1, noExceptionMatch=False, Pmutate=0.0, depth=100, showActions=False, throughput=False, noCover=False, timeout=60, stutter=None, uncaught=False, markov=None, startExploit=0)
WARNING: DEADLOCK (NO ENABLED ACTIONS)
TERMINATING TEST DUE TO NO ENABLED ACTIONS
int main() {
l3: goto l3;
}

int main() {
l3: goto l3;
}

TEST #120 STEP #78 (0:00:30.000934) Sat May  6 14:48:55 2017 [ 433 stmts 536 branches ]
WARNING: DEADLOCK (NO ENABLED ACTIONS)
TERMINATING TEST DUE TO NO ENABLED ACTIONS
int main() {
int a, b;
int a, b;
l4: d = -19;
}

WARNING: DEADLOCK (NO ENABLED ACTIONS)
TERMINATING TEST DUE TO NO ENABLED ACTIONS
STOPPING TEST DUE TO TIMEOUT, TERMINATED AT LENGTH 30
STOPPING TESTING DUE TO TIMEOUT
7.86097716313 PERCENT COVERED
60.827286005 TOTAL RUNTIME
241 EXECUTED
23980 TOTAL TEST OPERATIONS
31.377907753 TIME SPENT EXECUTING TEST OPERATIONS
26.5827524662 TIME SPENT EVALUATING GUARDS AND CHOOSING ACTIONS
0.0248472690582 TIME SPENT CHECKING PROPERTIES
31.402755022 TOTAL TIME SPENT RUNNING SUT
0.456231594086 TIME SPENT RESTARTING
0.0 TIME SPENT REDUCING TEST CASES
0 FAILED
0 REPEATS OF FAILURES
0 ACTUAL DISTINCT FAILURES

678 BRANCHES COVERED
537 STATEMENTS COVERED
