Random testing using config=Config(swarmSwitch=None, verbose=False, reducePool=False, failedLogging=None, exploitBestHint=1, greedyStutter=False, exploit=None, seed=None, generalize=False, useHints=False, localize=False, total=False, speed='FAST', probs=None, normalize=False, verboseExploit=False, highLowSwarm=None, replayable=False, essentials=False, noCoverageExploit=False, quickTests=False, relax=False, internal=False, uniqueValuesAnalysis=False, swarm=True, noReassign=False, html=None, fastQuickAnalysis=False, progress=False, swarmLength=None, profile=False, LOCBaseline=0.2, full=True, multiple=True, timedProgress=30, silentFail=False, stopWhenStatements=None, swarmP=0.5, stopWhenBranches=None, noAlphaConvert=False, coverFile='coverage.out', readQuick=False, verboseActions=False, running=False, computeFeatureStats=False, compareFails=False, swarmProbs=None, output='failure.89129.test', genDepth=None, Pcrossover=0.2, quickAnalysis=False, keepLast=False, exploitCeiling=0.1, logging=None, LOCProbs=False, noCheck=False, maxTests=-1, noExceptionMatch=False, Pmutate=0.0, depth=100, showActions=False, throughput=False, noCover=False, timeout=60, stutter=None, uncaught=False, markov=None, startExploit=0)
int main() {
l2: b = 7;
l2: a = -10;
}

TEST #90 STEP #90 (0:00:30.000795) Sat May  6 15:29:44 2017 [ 481 stmts 600 branches ]
STOPPING TEST DUE TO TIMEOUT, TERMINATED AT LENGTH 48
STOPPING TESTING DUE TO TIMEOUT
6.99663360932 PERCENT COVERED
60.8341960907 TOTAL RUNTIME
188 EXECUTED
18748 TOTAL TEST OPERATIONS
38.0621778965 TIME SPENT EXECUTING TEST OPERATIONS
20.372954607 TIME SPENT EVALUATING GUARDS AND CHOOSING ACTIONS
0.023149728775 TIME SPENT CHECKING PROPERTIES
38.0853276253 TOTAL TIME SPENT RUNNING SUT
0.349629163742 TIME SPENT RESTARTING
0.0 TIME SPENT REDUCING TEST CASES
0 FAILED
0 REPEATS OF FAILURES
0 ACTUAL DISTINCT FAILURES

600 BRANCHES COVERED
481 STATEMENTS COVERED
