Random testing using config=Config(swarmSwitch=None, verbose=False, reducePool=False, failedLogging=None, exploitBestHint=1, greedyStutter=False, exploit=None, seed=None, generalize=False, useHints=False, localize=False, total=False, speed='FAST', probs=None, normalize=False, verboseExploit=False, highLowSwarm=None, replayable=False, essentials=False, noCoverageExploit=False, quickTests=False, relax=False, internal=False, uniqueValuesAnalysis=False, swarm=True, noReassign=False, html=None, fastQuickAnalysis=False, progress=False, swarmLength=None, profile=False, LOCBaseline=0.2, full=True, multiple=True, timedProgress=30, silentFail=False, stopWhenStatements=None, swarmP=0.5, stopWhenBranches=None, noAlphaConvert=False, coverFile='coverage.out', readQuick=False, verboseActions=False, running=False, computeFeatureStats=False, compareFails=False, swarmProbs=None, output='failure.89006.test', genDepth=None, Pcrossover=0.2, quickAnalysis=False, keepLast=False, exploitCeiling=0.1, logging=None, LOCProbs=False, noCheck=False, maxTests=-1, noExceptionMatch=False, Pmutate=0.0, depth=100, showActions=False, throughput=False, noCover=False, timeout=60, stutter=None, uncaught=False, markov=None, startExploit=0)
int main() {
l1: goto l1;
}

TEST #108 STEP #6 (0:00:30.001128) Sat May  6 15:10:20 2017 [ 433 stmts 536 branches ]
STOPPING TEST DUE TO TIMEOUT, TERMINATED AT LENGTH 19
STOPPING TESTING DUE TO TIMEOUT
6.29606041307 PERCENT COVERED
60.7964549065 TOTAL RUNTIME
221 EXECUTED
22019 TOTAL TEST OPERATIONS
36.8472476006 TIME SPENT EXECUTING TEST OPERATIONS
21.3120336533 TIME SPENT EVALUATING GUARDS AND CHOOSING ACTIONS
0.0262012481689 TIME SPENT CHECKING PROPERTIES
36.8734488487 TOTAL TIME SPENT RUNNING SUT
0.407943725586 TIME SPENT RESTARTING
0.0 TIME SPENT REDUCING TEST CASES
0 FAILED
0 REPEATS OF FAILURES
0 ACTUAL DISTINCT FAILURES

536 BRANCHES COVERED
433 STATEMENTS COVERED
