Random testing using config=Config(swarmSwitch=None, verbose=False, reducePool=False, failedLogging=None, exploitBestHint=1, greedyStutter=False, exploit=None, seed=None, generalize=False, useHints=False, localize=False, total=False, speed='FAST', probs=None, normalize=False, verboseExploit=False, highLowSwarm=None, replayable=False, essentials=False, noCoverageExploit=False, quickTests=False, relax=False, internal=False, uniqueValuesAnalysis=False, swarm=True, noReassign=False, html=None, fastQuickAnalysis=False, progress=False, swarmLength=None, profile=False, LOCBaseline=0.2, full=True, multiple=True, timedProgress=30, silentFail=False, stopWhenStatements=None, swarmP=0.5, stopWhenBranches=None, noAlphaConvert=False, coverFile='coverage.out', readQuick=False, verboseActions=False, running=False, computeFeatureStats=False, compareFails=False, swarmProbs=None, output='failure.88813.test', genDepth=None, Pcrossover=0.2, quickAnalysis=False, keepLast=False, exploitCeiling=0.1, logging=None, LOCProbs=False, noCheck=False, maxTests=-1, noExceptionMatch=False, Pmutate=0.0, depth=100, showActions=False, throughput=False, noCover=False, timeout=60, stutter=None, uncaught=False, markov=None, startExploit=0)
int g(long d) {
l1: goto l4;
l1: goto l4;
}

int main() {
l1: goto l4;
l1: goto l4;
}

int main() {
l1: goto l1;
}

TEST #126 STEP #58 (0:00:30.000379) Sat May  6 14:40:46 2017 [ 457 stmts 569 branches ]
STOPPING TEST DUE TO TIMEOUT, TERMINATED AT LENGTH 86
STOPPING TESTING DUE TO TIMEOUT
6.70548630698 PERCENT COVERED
60.8230729103 TOTAL RUNTIME
260 EXECUTED
25986 TOTAL TEST OPERATIONS
30.1225073338 TIME SPENT EXECUTING TEST OPERATIONS
27.6937544346 TIME SPENT EVALUATING GUARDS AND CHOOSING ACTIONS
0.0264546871185 TIME SPENT CHECKING PROPERTIES
30.1489620209 TOTAL TIME SPENT RUNNING SUT
0.493255138397 TIME SPENT RESTARTING
0.0 TIME SPENT REDUCING TEST CASES
0 FAILED
0 REPEATS OF FAILURES
0 ACTUAL DISTINCT FAILURES

569 BRANCHES COVERED
457 STATEMENTS COVERED
