Random testing using config=Config(swarmSwitch=None, verbose=False, reducePool=False, failedLogging=None, exploitBestHint=1, greedyStutter=False, exploit=None, seed=None, generalize=False, useHints=False, localize=False, total=False, speed='FAST', probs=None, normalize=False, verboseExploit=False, highLowSwarm=None, replayable=False, essentials=False, noCoverageExploit=False, quickTests=False, relax=False, internal=False, uniqueValuesAnalysis=False, swarm=True, noReassign=False, html=None, fastQuickAnalysis=False, progress=False, swarmLength=None, profile=False, LOCBaseline=0.2, full=True, multiple=True, timedProgress=30, silentFail=False, stopWhenStatements=None, swarmP=0.5, stopWhenBranches=None, noAlphaConvert=False, coverFile='coverage.out', readQuick=False, verboseActions=False, running=False, computeFeatureStats=False, compareFails=False, swarmProbs=None, output='failure.88636.test', genDepth=None, Pcrossover=0.2, quickAnalysis=False, keepLast=False, exploitCeiling=0.1, logging=None, LOCProbs=False, noCheck=False, maxTests=-1, noExceptionMatch=False, Pmutate=0.0, depth=100, showActions=False, throughput=False, noCover=False, timeout=60, stutter=None, uncaught=False, markov=None, startExploit=0)
TEST #164 STEP #0 (0:00:30.003013) Sat May  6 14:21:22 2017 [ 76 stmts 97 branches ]
WARNING: DEADLOCK (NO ENABLED ACTIONS)
TERMINATING TEST DUE TO NO ENABLED ACTIONS
int main() {
l2: return -2;
l2: return -2;
}

int main() {
l2: return -2;
l2: return -2;
}

STOPPING TEST DUE TO TIMEOUT, TERMINATED AT LENGTH 44
STOPPING TESTING DUE TO TIMEOUT
7.0785187881 PERCENT COVERED
60.8261129856 TOTAL RUNTIME
320 EXECUTED
31931 TOTAL TEST OPERATIONS
25.4575650692 TIME SPENT EXECUTING TEST OPERATIONS
31.7952320576 TIME SPENT EVALUATING GUARDS AND CHOOSING ACTIONS
0.0311644077301 TIME SPENT CHECKING PROPERTIES
25.4887294769 TOTAL TIME SPENT RUNNING SUT
0.614823818207 TIME SPENT RESTARTING
0.0 TIME SPENT REDUCING TEST CASES
0 FAILED
0 REPEATS OF FAILURES
0 ACTUAL DISTINCT FAILURES

610 BRANCHES COVERED
487 STATEMENTS COVERED
