Random testing using config=Config(swarmSwitch=None, verbose=False, reducePool=False, failedLogging=None, exploitBestHint=1, greedyStutter=False, exploit=None, seed=None, generalize=False, useHints=False, localize=False, total=False, speed='FAST', probs=None, normalize=False, verboseExploit=False, highLowSwarm=None, replayable=False, essentials=False, noCoverageExploit=False, quickTests=False, relax=False, internal=False, uniqueValuesAnalysis=False, swarm=True, noReassign=False, html=None, fastQuickAnalysis=False, progress=False, swarmLength=None, profile=False, LOCBaseline=0.2, full=True, multiple=True, timedProgress=30, silentFail=False, stopWhenStatements=None, swarmP=0.5, stopWhenBranches=None, noAlphaConvert=False, coverFile='coverage.out', readQuick=False, verboseActions=False, running=False, computeFeatureStats=False, compareFails=False, swarmProbs=None, output='failure.89115.test', genDepth=None, Pcrossover=0.2, quickAnalysis=False, keepLast=False, exploitCeiling=0.1, logging=None, LOCProbs=False, noCheck=False, maxTests=-1, noExceptionMatch=False, Pmutate=0.0, depth=100, showActions=False, throughput=False, noCover=False, timeout=60, stutter=None, uncaught=False, markov=None, startExploit=0)
int main() {
l1: goto l1;
}

TEST #102 STEP #51 (0:00:30.000121) Sat May  6 15:27:41 2017 [ 433 stmts 536 branches ]
STOPPING TEST DUE TO TIMEOUT, TERMINATED AT LENGTH 88
STOPPING TESTING DUE TO TIMEOUT
6.29606041307 PERCENT COVERED
60.7913761139 TOTAL RUNTIME
197 EXECUTED
19688 TOTAL TEST OPERATIONS
38.7447280884 TIME SPENT EXECUTING TEST OPERATIONS
19.6420371532 TIME SPENT EVALUATING GUARDS AND CHOOSING ACTIONS
0.0240316390991 TIME SPENT CHECKING PROPERTIES
38.7687597275 TOTAL TIME SPENT RUNNING SUT
0.364707946777 TIME SPENT RESTARTING
0.0 TIME SPENT REDUCING TEST CASES
0 FAILED
0 REPEATS OF FAILURES
0 ACTUAL DISTINCT FAILURES

536 BRANCHES COVERED
433 STATEMENTS COVERED
