Random testing using config=Config(swarmSwitch=None, verbose=False, reducePool=False, failedLogging=None, exploitBestHint=1, greedyStutter=False, exploit=None, seed=None, generalize=False, useHints=False, localize=False, total=False, speed='FAST', probs=None, normalize=False, verboseExploit=False, highLowSwarm=None, replayable=False, essentials=False, noCoverageExploit=False, quickTests=False, relax=False, internal=False, uniqueValuesAnalysis=False, swarm=True, noReassign=False, html=None, fastQuickAnalysis=False, progress=False, swarmLength=None, profile=False, LOCBaseline=0.2, full=True, multiple=True, timedProgress=30, silentFail=False, stopWhenStatements=None, swarmP=0.5, stopWhenBranches=None, noAlphaConvert=False, coverFile='coverage.out', readQuick=False, verboseActions=False, running=False, computeFeatureStats=False, compareFails=False, swarmProbs=None, output='failure.88680.test', genDepth=None, Pcrossover=0.2, quickAnalysis=False, keepLast=False, exploitCeiling=0.1, logging=None, LOCProbs=False, noCheck=False, maxTests=-1, noExceptionMatch=False, Pmutate=0.0, depth=100, showActions=False, throughput=False, noCover=False, timeout=60, stutter=None, uncaught=False, markov=None, startExploit=0)
WARNING: DEADLOCK (NO ENABLED ACTIONS)
TERMINATING TEST DUE TO NO ENABLED ACTIONS
int main() {
long b[4] ;
l1: goto l1;
}

WARNING: DEADLOCK (NO ENABLED ACTIONS)
TERMINATING TEST DUE TO NO ENABLED ACTIONS
TEST #158 STEP #35 (0:00:30.001162) Sat May  6 14:23:25 2017 [ 489 stmts 607 branches ]
int main() {
l4: c = (7 + 7);
}

STOPPING TEST DUE TO TIMEOUT, TERMINATED AT LENGTH 26
STOPPING TESTING DUE TO TIMEOUT
7.5243380948 PERCENT COVERED
60.8355989456 TOTAL RUNTIME
310 EXECUTED
30870 TOTAL TEST OPERATIONS
26.3494520187 TIME SPENT EXECUTING TEST OPERATIONS
30.9598631859 TIME SPENT EVALUATING GUARDS AND CHOOSING ACTIONS
0.0323994159698 TIME SPENT CHECKING PROPERTIES
26.3818514347 TOTAL TIME SPENT RUNNING SUT
0.606746435165 TIME SPENT RESTARTING
0.0 TIME SPENT REDUCING TEST CASES
0 FAILED
0 REPEATS OF FAILURES
0 ACTUAL DISTINCT FAILURES

645 BRANCHES COVERED
517 STATEMENTS COVERED
