Random testing using config=Config(swarmSwitch=None, verbose=False, reducePool=False, failedLogging=None, exploitBestHint=1, greedyStutter=False, exploit=0.8, seed=None, generalize=False, useHints=False, localize=False, total=False, speed='FAST', probs=None, normalize=False, verboseExploit=False, highLowSwarm=None, replayable=False, essentials=False, noCoverageExploit=False, quickTests=False, relax=False, internal=False, uniqueValuesAnalysis=False, swarm=False, html=None, fastQuickAnalysis=False, progress=False, swarmLength=None, profile=False, LOCBaseline=0.2, full=True, multiple=True, timedProgress=30, silentFail=False, stopWhenStatements=None, swarmP=0.5, stopWhenBranches=None, noAlphaConvert=False, coverFile='coverage.out', readQuick=False, verboseActions=False, running=False, computeFeatureStats=False, compareFails=False, swarmProbs=None, output='failure.14857.test', genDepth=None, Pcrossover=0.2, quickAnalysis=False, noReassign=False, exploitCeiling=0.1, logging=None, LOCProbs=False, noCheck=False, maxTests=-1, keep=False, noExceptionMatch=False, Pmutate=0.8, depth=100, showActions=False, throughput=False, noCover=False, timeout=60, stutter=None, uncaught=False, markov=None, startExploit=0)
TEST #3 STEP #77 (0:00:30.094532) Sun Apr 30 05:10:52 2017 [ 151 stmts 202 branches ]
  14 [2:0]
-- < 3 [1:0]
---- < 2 [0:0] L
---- > 12 [0:0] L
-- > 15 [1:-1]
---- > 17 [0:0] L
set([2, 3, 12, 14, 15, 17])
  14 [2:0]
-- < 3 [1:0]
---- < 2 [0:0] L
---- > 12 [0:0] L
-- > 17 [1:0]
---- < 15 [0:0] L
---- > 19 [0:0] L
set([2, 3, 12, 14, 15, 17, 19])
STOPPING TEST DUE TO TIMEOUT, TERMINATED AT LENGTH 67
STOPPING TESTING DUE TO TIMEOUT
8.7057265806 PERCENT COVERED
60.2819120884 TOTAL RUNTIME
6 EXECUTED
567 TOTAL TEST OPERATIONS
29.9241044521 TIME SPENT EXECUTING TEST OPERATIONS
0.0238664150238 TIME SPENT EVALUATING GUARDS AND CHOOSING ACTIONS
30.0982060432 TIME SPENT CHECKING PROPERTIES
60.0223104954 TOTAL TIME SPENT RUNNING SUT
0.0045018196106 TIME SPENT RESTARTING
0.0 TIME SPENT REDUCING TEST CASES
0 FAILED
0 REPEATS OF FAILURES
0 ACTUAL DISTINCT FAILURES

218 BRANCHES COVERED
163 STATEMENTS COVERED
