Random testing using config=Config(swarmSwitch=None, verbose=False, reducePool=False, failedLogging=None, exploitBestHint=1, greedyStutter=False, exploit=None, seed=None, generalize=False, useHints=False, localize=False, total=False, speed='FAST', probs='locsample.probs', normalize=False, verboseExploit=False, highLowSwarm=None, replayable=False, essentials=False, noCoverageExploit=False, quickTests=False, relax=False, internal=False, uniqueValuesAnalysis=False, swarm=True, html=None, fastQuickAnalysis=False, progress=False, swarmLength=None, profile=False, LOCBaseline=0.2, full=True, multiple=True, timedProgress=30, silentFail=False, stopWhenStatements=None, swarmP=0.5, stopWhenBranches=None, noAlphaConvert=False, coverFile='coverage.out', readQuick=False, verboseActions=False, running=False, computeFeatureStats=False, compareFails=False, swarmProbs=None, output='failure.39878.test', genDepth=None, Pcrossover=0.2, quickAnalysis=False, noReassign=False, exploitCeiling=0.1, logging=None, LOCProbs=False, noCheck=False, maxTests=-1, keep=False, noExceptionMatch=False, Pmutate=0.0, depth=100, showActions=False, throughput=False, noCover=False, timeout=60, stutter=None, uncaught=False, markov=None, startExploit=0)
  12 [3:0]
-- < 5 [2:1]
---- < 3 [1:1]
------ < 1 [0:0] L
---- > 6 [0:0] L
-- > 17 [2:-1]
---- < 16 [0:0] L
---- > 19 [1:-1]
------ > 20 [0:0] L
set([1, 3, 5, 6, 12, 16, 17, 19, 20])
  12 [2:0]
-- < 5 [1:0]
---- < 3 [0:0] L
---- > 6 [0:0] L
-- > 17 [1:0]
---- < 16 [0:0] L
---- > 19 [0:0] L
set([3, 5, 6, 12, 16, 17, 19])
  12 [3:-1]
-- < 5 [1:0]
---- < 3 [0:0] L
---- > 6 [0:0] L
-- > 17 [2:-1]
---- < 16 [0:0] L
---- > 19 [1:1]
------ < 18 [0:0] L
set([3, 5, 6, 12, 16, 17, 18, 19])
  12 [3:-1]
-- < 5 [1:0]
---- < 3 [0:0] L
---- > 6 [0:0] L
-- > 17 [2:-1]
---- < 16 [0:0] L
---- > 19 [1:1]
------ < 18 [0:0] L
set([3, 5, 6, 12, 16, 17, 18, 19])
  12 [3:1]
-- < 3 [2:0]
---- < 1 [1:-1]
------ > 2 [0:0] L
---- > 5 [1:0]
------ < 4 [0:0] L
------ > 6 [0:0] L
-- > 17 [1:0]
---- < 16 [0:0] L
---- > 19 [0:0] L
set([1, 2, 3, 4, 5, 6, 12, 16, 17, 19])
  12 [3:1]
-- < 3 [2:0]
---- < 2 [1:1]
------ < 1 [0:0] L
---- > 5 [1:0]
------ < 4 [0:0] L
------ > 6 [0:0] L
-- > 17 [1:0]
---- < 16 [0:0] L
---- > 19 [0:0] L
set([1, 2, 3, 4, 5, 6, 12, 16, 17, 19])
  8 [2:0]
-- < 2 [1:0]
---- < 1 [0:0] L
---- > 4 [0:0] L
-- > 20 [1:1]
---- < 18 [0:0] L
set([1, 2, 4, 8, 18, 20])
  8 [3:1]
-- < 2 [2:-1]
---- < 1 [0:0] L
---- > 4 [1:-1]
------ > 5 [0:0] L
-- > 20 [1:1]
---- < 18 [0:0] L
set([1, 2, 4, 5, 8, 18, 20])
  8 [3:1]
-- < 2 [2:-1]
---- < 1 [0:0] L
---- > 4 [1:-1]
------ > 5 [0:0] L
-- > 20 [1:1]
---- < 18 [0:0] L
set([1, 2, 4, 5, 8, 18, 20])
  8 [3:1]
-- < 2 [2:-1]
---- < 1 [0:0] L
---- > 4 [1:-1]
------ > 5 [0:0] L
-- > 20 [1:1]
---- < 18 [0:0] L
set([1, 2, 4, 5, 8, 18, 20])
  8 [3:1]
-- < 2 [2:-1]
---- < 1 [0:0] L
---- > 4 [1:-1]
------ > 5 [0:0] L
-- > 20 [1:1]
---- < 18 [0:0] L
set([1, 2, 4, 5, 8, 18, 20])
  8 [3:1]
-- < 2 [2:-1]
---- < 1 [0:0] L
---- > 4 [1:-1]
------ > 5 [0:0] L
-- > 20 [1:1]
---- < 18 [0:0] L
set([1, 2, 4, 5, 8, 18, 20])
  8 [3:1]
-- < 2 [2:-1]
---- < 1 [0:0] L
---- > 5 [1:0]
------ < 4 [0:0] L
------ > 7 [0:0] L
-- > 20 [1:1]
---- < 18 [0:0] L
set([1, 2, 4, 5, 7, 8, 18, 20])
  8 [3:0]
-- < 2 [2:-1]
---- < 1 [0:0] L
---- > 5 [1:0]
------ < 4 [0:0] L
------ > 7 [0:0] L
-- > 18 [2:1]
---- < 11 [1:-1]
------ > 17 [0:0] L
---- > 20 [0:0] L
set([1, 2, 4, 5, 7, 8, 11, 17, 18, 20])
  8 [3:0]
-- < 2 [2:-1]
---- < 1 [0:0] L
---- > 5 [1:0]
------ < 4 [0:0] L
------ > 7 [0:0] L
-- > 18 [2:1]
---- < 11 [1:-1]
------ > 17 [0:0] L
---- > 20 [0:0] L
set([1, 2, 4, 5, 7, 8, 11, 17, 18, 20])
  8 [2:0]
-- < 5 [1:0]
---- < 2 [0:0] L
---- > 7 [0:0] L
-- > 18 [1:1]
---- < 11 [0:0] L
set([2, 5, 7, 8, 11, 18])
  8 [2:0]
-- < 5 [1:0]
---- < 2 [0:0] L
---- > 7 [0:0] L
-- > 11 [1:0]
---- < 9 [0:0] L
---- > 18 [0:0] L
set([2, 5, 7, 8, 9, 11, 18])
  8 [3:-1]
-- < 5 [1:0]
---- < 2 [0:0] L
---- > 7 [0:0] L
-- > 11 [2:-1]
---- < 9 [0:0] L
---- > 18 [1:1]
------ < 13 [0:0] L
set([2, 5, 7, 8, 9, 11, 13, 18])
  8 [3:-1]
-- < 5 [1:0]
---- < 2 [0:0] L
---- > 7 [0:0] L
-- > 11 [2:-1]
---- < 9 [0:0] L
---- > 18 [1:1]
------ < 13 [0:0] L
set([2, 5, 7, 8, 9, 11, 13, 18])
  8 [3:0]
-- < 2 [2:-1]
---- < 1 [0:0] L
---- > 5 [1:0]
------ < 4 [0:0] L
------ > 7 [0:0] L
-- > 17 [2:0]
---- < 14 [1:0]
------ < 11 [0:0] L
------ > 15 [0:0] L
---- > 18 [1:-1]
------ > 20 [0:0] L
set([1, 2, 4, 5, 7, 8, 11, 14, 15, 17, 18, 20])
  8 [3:-1]
-- < 5 [1:0]
---- < 2 [0:0] L
---- > 7 [0:0] L
-- > 11 [2:-1]
---- < 9 [0:0] L
---- > 18 [1:1]
------ < 13 [0:0] L
set([2, 5, 7, 8, 9, 11, 13, 18])
  8 [3:-1]
-- < 5 [1:0]
---- < 2 [0:0] L
---- > 7 [0:0] L
-- > 11 [2:-1]
---- < 9 [0:0] L
---- > 18 [1:1]
------ < 13 [0:0] L
set([2, 5, 7, 8, 9, 11, 13, 18])
  8 [3:-1]
-- < 5 [1:0]
---- < 2 [0:0] L
---- > 7 [0:0] L
-- > 11 [2:-1]
---- < 9 [0:0] L
---- > 18 [1:1]
------ < 13 [0:0] L
set([2, 5, 7, 8, 9, 11, 13, 18])
TEST #4 STEP #18 (0:00:30.025341) Mon May  1 01:55:30 2017 [ 150 stmts 199 branches ]
  8 [2:0]
-- < 7 [1:1]
---- < 1 [0:0] L
-- > 15 [1:0]
---- < 10 [0:0] L
---- > 18 [0:0] L
set([1, 7, 8, 10, 15, 18])
  10 [2:0]
-- < 5 [1:1]
---- < 1 [0:0] L
-- > 15 [1:0]
---- < 12 [0:0] L
---- > 20 [0:0] L
set([1, 5, 10, 12, 15, 20])
  8 [3:-1]
-- < 7 [1:1]
---- < 1 [0:0] L
-- > 15 [2:-1]
---- < 10 [0:0] L
---- > 18 [1:1]
------ < 16 [0:0] L
set([1, 7, 8, 10, 15, 16, 18])
  8 [3:-1]
-- < 7 [1:1]
---- < 1 [0:0] L
-- > 15 [2:-1]
---- < 10 [0:0] L
---- > 18 [1:1]
------ < 16 [0:0] L
set([1, 7, 8, 10, 15, 16, 18])
  8 [3:-1]
-- < 7 [1:1]
---- < 1 [0:0] L
-- > 15 [2:-1]
---- < 10 [0:0] L
---- > 18 [1:1]
------ < 16 [0:0] L
set([1, 7, 8, 10, 15, 16, 18])
  10 [2:0]
-- < 1 [1:-1]
---- > 7 [0:0] L
-- > 15 [1:0]
---- < 11 [0:0] L
---- > 20 [0:0] L
set([1, 7, 10, 11, 15, 20])
  10 [2:0]
-- < 1 [1:-1]
---- > 7 [0:0] L
-- > 15 [1:0]
---- < 11 [0:0] L
---- > 20 [0:0] L
set([1, 7, 10, 11, 15, 20])
  10 [2:0]
-- < 1 [1:-1]
---- > 7 [0:0] L
-- > 15 [1:0]
---- < 11 [0:0] L
---- > 20 [0:0] L
set([1, 7, 10, 11, 15, 20])
  10 [2:0]
-- < 1 [1:-1]
---- > 7 [0:0] L
-- > 15 [1:0]
---- < 11 [0:0] L
---- > 20 [0:0] L
set([1, 7, 10, 11, 15, 20])
  10 [2:0]
-- < 7 [1:0]
---- < 1 [0:0] L
---- > 9 [0:0] L
-- > 15 [1:0]
---- < 11 [0:0] L
---- > 20 [0:0] L
set([1, 7, 9, 10, 11, 15, 20])
  10 [2:0]
-- < 7 [1:0]
---- < 1 [0:0] L
---- > 9 [0:0] L
-- > 15 [1:0]
---- < 11 [0:0] L
---- > 20 [0:0] L
set([1, 7, 9, 10, 11, 15, 20])
STOPPING TEST DUE TO TIMEOUT, TERMINATED AT LENGTH 33
STOPPING TESTING DUE TO TIMEOUT
8.23031880286 PERCENT COVERED
60.2146468163 TOTAL RUNTIME
7 EXECUTED
633 TOTAL TEST OPERATIONS
29.8828718662 TIME SPENT EXECUTING TEST OPERATIONS
0.0742988586426 TIME SPENT EVALUATING GUARDS AND CHOOSING ACTIONS
30.0573823452 TIME SPENT CHECKING PROPERTIES
59.9402542114 TOTAL TIME SPENT RUNNING SUT
0.00412964820862 TIME SPENT RESTARTING
0.0 TIME SPENT REDUCING TEST CASES
0 FAILED
0 REPEATS OF FAILURES
0 ACTUAL DISTINCT FAILURES

199 BRANCHES COVERED
150 STATEMENTS COVERED
