Random testing using config=Config(swarmSwitch=None, verbose=False, reducePool=False, failedLogging=None, exploitBestHint=1, greedyStutter=False, exploit=None, seed=None, generalize=False, useHints=False, localize=False, total=False, speed='FAST', probs='locsample.probs', normalize=False, verboseExploit=False, highLowSwarm=None, replayable=False, essentials=False, noCoverageExploit=False, quickTests=False, relax=False, internal=False, uniqueValuesAnalysis=False, swarm=True, html=None, fastQuickAnalysis=False, progress=False, swarmLength=None, profile=False, LOCBaseline=0.2, full=True, multiple=True, timedProgress=30, silentFail=False, stopWhenStatements=None, swarmP=0.5, stopWhenBranches=None, noAlphaConvert=False, coverFile='coverage.out', readQuick=False, verboseActions=False, running=False, computeFeatureStats=False, compareFails=False, swarmProbs=None, output='failure.41443.test', genDepth=None, Pcrossover=0.2, quickAnalysis=False, noReassign=False, exploitCeiling=0.1, logging=None, LOCProbs=False, noCheck=False, maxTests=-1, keep=False, noExceptionMatch=False, Pmutate=0.0, depth=100, showActions=False, throughput=False, noCover=False, timeout=60, stutter=None, uncaught=False, markov=None, startExploit=0)
  10 [2:0]
-- < 5 [1:0]
---- < 2 [0:0] L
---- > 9 [0:0] L
-- > 14 [1:-1]
---- > 16 [0:0] L
set([2, 5, 9, 10, 14, 16])
  9 [2:0]
-- < 7 [1:0]
---- < 4 [0:0] L
---- > 8 [0:0] L
-- > 17 [1:1]
---- < 16 [0:0] L
set([4, 7, 8, 9, 16, 17])
TEST #4 STEP #24 (0:00:30.065691) Mon May  1 02:43:31 2017 [ 134 stmts 179 branches ]
STOPPING TEST DUE TO TIMEOUT, TERMINATED AT LENGTH 63
STOPPING TESTING DUE TO TIMEOUT
7.37252354661 PERCENT COVERED
60.2323400974 TOTAL RUNTIME
7 EXECUTED
663 TOTAL TEST OPERATIONS
29.8397419453 TIME SPENT EXECUTING TEST OPERATIONS
0.0799570083618 TIME SPENT EVALUATING GUARDS AND CHOOSING ACTIONS
30.1294133663 TIME SPENT CHECKING PROPERTIES
59.9691553116 TOTAL TIME SPENT RUNNING SUT
0.00413489341736 TIME SPENT RESTARTING
0.0 TIME SPENT REDUCING TEST CASES
0 FAILED
0 REPEATS OF FAILURES
0 ACTUAL DISTINCT FAILURES

179 BRANCHES COVERED
134 STATEMENTS COVERED
