Random testing using config=Config(swarmSwitch=None, verbose=False, reducePool=False, failedLogging=None, exploitBestHint=1, greedyStutter=False, exploit=None, seed=None, generalize=False, useHints=False, localize=False, total=False, speed='FAST', probs=None, normalize=False, verboseExploit=False, highLowSwarm=None, replayable=False, essentials=False, noCoverageExploit=False, quickTests=False, relax=False, internal=False, uniqueValuesAnalysis=False, swarm=False, html=None, fastQuickAnalysis=False, progress=False, swarmLength=None, profile=False, LOCBaseline=0.2, full=True, multiple=True, timedProgress=30, silentFail=False, stopWhenStatements=None, swarmP=0.5, stopWhenBranches=None, noAlphaConvert=False, coverFile='coverage.out', readQuick=False, verboseActions=False, running=False, computeFeatureStats=False, compareFails=False, swarmProbs=None, output='failure.99364.test', genDepth=None, Pcrossover=0.2, quickAnalysis=False, noReassign=False, exploitCeiling=0.1, logging=None, LOCProbs=False, noCheck=False, maxTests=-1, keep=False, noExceptionMatch=False, Pmutate=0.0, depth=100, showActions=False, throughput=False, noCover=False, timeout=60, stutter=None, uncaught=False, markov=None, startExploit=0)
  7 [3:-1]
-- < 4 [1:-1]
---- > 5 [0:0] L
-- > 9 [2:-1]
---- < 8 [0:0] L
---- > 13 [1:0]
------ < 10 [0:0] L
------ > 14 [0:0] L
set([4, 5, 7, 8, 9, 10, 13, 14])
  13 [3:1]
-- < 5 [2:1]
---- < 1 [1:-1]
------ > 2 [0:0] L
---- > 11 [0:0] L
-- > 20 [1:1]
---- < 15 [0:0] L
set([1, 2, 5, 11, 13, 15, 20])
TEST #4 STEP #94 (0:00:30.018782) Fri Apr 28 03:45:33 2017 [ 161 stmts 214 branches ]
STOPPING TEST DUE TO TIMEOUT, TERMINATED AT LENGTH 87
STOPPING TESTING DUE TO TIMEOUT
8.6528673227 PERCENT COVERED
60.2236931324 TOTAL RUNTIME
8 EXECUTED
787 TOTAL TEST OPERATIONS
29.9023981094 TIME SPENT EXECUTING TEST OPERATIONS
0.0272970199585 TIME SPENT EVALUATING GUARDS AND CHOOSING ACTIONS
30.1145884991 TIME SPENT CHECKING PROPERTIES
60.0169866085 TOTAL TIME SPENT RUNNING SUT
0.00455236434937 TIME SPENT RESTARTING
0.0 TIME SPENT REDUCING TEST CASES
0 FAILED
0 REPEATS OF FAILURES
0 ACTUAL DISTINCT FAILURES

218 BRANCHES COVERED
163 STATEMENTS COVERED
