Random testing using config=Config(swarmSwitch=None, verbose=False, reducePool=False, failedLogging=None, exploitBestHint=1, greedyStutter=False, exploit=None, seed=None, generalize=False, useHints=False, localize=False, total=False, speed='FAST', probs=None, normalize=False, verboseExploit=False, highLowSwarm=None, replayable=False, essentials=False, noCoverageExploit=False, quickTests=False, relax=False, internal=False, uniqueValuesAnalysis=False, swarm=False, html=None, fastQuickAnalysis=False, progress=False, swarmLength=None, profile=False, LOCBaseline=0.2, full=True, multiple=True, timedProgress=30, silentFail=False, stopWhenStatements=None, swarmP=0.5, stopWhenBranches=None, noAlphaConvert=False, coverFile='coverage.out', readQuick=False, verboseActions=False, running=False, computeFeatureStats=False, compareFails=False, swarmProbs=None, output='failure.99753.test', genDepth=None, Pcrossover=0.2, quickAnalysis=False, noReassign=False, exploitCeiling=0.1, logging=None, LOCProbs=False, noCheck=False, maxTests=-1, keep=False, noExceptionMatch=False, Pmutate=0.0, depth=100, showActions=False, throughput=False, noCover=False, timeout=60, stutter=None, uncaught=False, markov=None, startExploit=0)
  13 [2:0]
-- < 10 [1:0]
---- < 3 [0:0] L
---- > 11 [0:0] L
-- > 18 [1:1]
---- < 15 [0:0] L
set([3, 10, 11, 13, 15, 18])
TEST #4 STEP #77 (0:00:30.016120) Fri Apr 28 04:49:49 2017 [ 162 stmts 216 branches ]
  8 [2:0]
-- < 3 [1:-1]
---- > 7 [0:0] L
-- > 19 [1:0]
---- < 15 [0:0] L
---- > 20 [0:0] L
set([3, 7, 8, 15, 19, 20])
STOPPING TEST DUE TO TIMEOUT, TERMINATED AT LENGTH 64
STOPPING TESTING DUE TO TIMEOUT
8.58500169664 PERCENT COVERED
60.1592600346 TOTAL RUNTIME
8 EXECUTED
764 TOTAL TEST OPERATIONS
29.887824297 TIME SPENT EXECUTING TEST OPERATIONS
0.0267219543457 TIME SPENT EVALUATING GUARDS AND CHOOSING ACTIONS
30.0701146126 TIME SPENT CHECKING PROPERTIES
59.9579389095 TOTAL TIME SPENT RUNNING SUT
0.0048348903656 TIME SPENT RESTARTING
0.0 TIME SPENT REDUCING TEST CASES
0 FAILED
0 REPEATS OF FAILURES
0 ACTUAL DISTINCT FAILURES

216 BRANCHES COVERED
162 STATEMENTS COVERED
