Random testing using config=Config(swarmSwitch=None, verbose=False, reducePool=False, failedLogging=None, exploitBestHint=1, greedyStutter=False, exploit=None, seed=None, generalize=False, useHints=False, localize=False, total=False, speed='FAST', probs=None, normalize=False, verboseExploit=False, highLowSwarm=None, replayable=False, essentials=False, noCoverageExploit=False, quickTests=False, relax=False, internal=False, uniqueValuesAnalysis=False, swarm=True, html=None, fastQuickAnalysis=False, progress=False, swarmLength=None, profile=False, LOCBaseline=0.2, full=True, multiple=True, timedProgress=30, silentFail=False, stopWhenStatements=None, swarmP=0.5, stopWhenBranches=None, noAlphaConvert=False, coverFile='coverage.out', readQuick=False, verboseActions=False, running=False, computeFeatureStats=False, compareFails=False, swarmProbs=None, output='failure.530.test', genDepth=None, Pcrossover=0.2, quickAnalysis=False, noReassign=False, exploitCeiling=0.1, logging=None, LOCProbs=False, noCheck=False, maxTests=-1, keep=False, noExceptionMatch=False, Pmutate=0.0, depth=100, showActions=False, throughput=False, noCover=False, timeout=60, stutter=None, uncaught=False, markov=None, startExploit=0)
  6 [3:-1]
-- < 4 [1:0]
---- < 1 [0:0] L
---- > 5 [0:0] L
-- > 13 [2:-1]
---- < 9 [0:0] L
---- > 17 [1:1]
------ < 15 [0:0] L
set([1, 4, 5, 6, 9, 13, 15, 17])
  6 [3:-1]
-- < 4 [1:0]
---- < 1 [0:0] L
---- > 5 [0:0] L
-- > 13 [2:0]
---- < 9 [1:0]
------ < 8 [0:0] L
------ > 12 [0:0] L
---- > 17 [1:1]
------ < 15 [0:0] L
set([1, 4, 5, 6, 8, 9, 12, 13, 15, 17])
  6 [3:-1]
-- < 4 [1:0]
---- < 1 [0:0] L
---- > 5 [0:0] L
-- > 13 [2:0]
---- < 9 [1:0]
------ < 8 [0:0] L
------ > 12 [0:0] L
---- > 17 [1:1]
------ < 15 [0:0] L
set([1, 4, 5, 6, 8, 9, 12, 13, 15, 17])
  5 [2:0]
-- < 2 [1:1]
---- < 1 [0:0] L
-- > 11 [1:0]
---- < 7 [0:0] L
---- > 18 [0:0] L
set([1, 2, 5, 7, 11, 18])
  9 [2:0]
-- < 7 [1:0]
---- < 6 [0:0] L
---- > 8 [0:0] L
-- > 10 [1:-1]
---- > 14 [0:0] L
set([6, 7, 8, 9, 10, 14])
  5 [3:-1]
-- < 2 [1:1]
---- < 1 [0:0] L
-- > 11 [2:-1]
---- < 7 [0:0] L
---- > 18 [1:1]
------ < 14 [0:0] L
set([1, 2, 5, 7, 11, 14, 18])
  12 [2:0]
-- < 3 [1:0]
---- < 1 [0:0] L
---- > 5 [0:0] L
-- > 16 [1:0]
---- < 13 [0:0] L
---- > 19 [0:0] L
set([1, 3, 5, 12, 13, 16, 19])
  12 [2:0]
-- < 3 [1:0]
---- < 1 [0:0] L
---- > 5 [0:0] L
-- > 16 [1:0]
---- < 13 [0:0] L
---- > 19 [0:0] L
set([1, 3, 5, 12, 13, 16, 19])
TEST #4 STEP #82 (0:00:30.049755) Fri Apr 28 06:34:45 2017 [ 125 stmts 168 branches ]
STOPPING TEST DUE TO TIMEOUT, TERMINATED AT LENGTH 40
STOPPING TESTING DUE TO TIMEOUT
7.15982354937 PERCENT COVERED
60.167896986 TOTAL RUNTIME
8 EXECUTED
740 TOTAL TEST OPERATIONS
29.9522953033 TIME SPENT EXECUTING TEST OPERATIONS
0.0277967453003 TIME SPENT EVALUATING GUARDS AND CHOOSING ACTIONS
30.0083227158 TIME SPENT CHECKING PROPERTIES
59.9606180191 TOTAL TIME SPENT RUNNING SUT
0.00447273254395 TIME SPENT RESTARTING
0.0 TIME SPENT REDUCING TEST CASES
0 FAILED
0 REPEATS OF FAILURES
0 ACTUAL DISTINCT FAILURES

183 BRANCHES COVERED
136 STATEMENTS COVERED
