Random testing using config=Config(swarmSwitch=None, verbose=False, reducePool=False, failedLogging=None, exploitBestHint=1, greedyStutter=False, exploit=None, seed=None, generalize=False, useHints=False, localize=False, total=False, speed='FAST', probs=None, normalize=False, verboseExploit=False, highLowSwarm=None, replayable=False, essentials=False, noCoverageExploit=False, quickTests=False, relax=False, internal=False, uniqueValuesAnalysis=False, swarm=True, html=None, fastQuickAnalysis=False, progress=False, swarmLength=None, profile=False, LOCBaseline=0.2, full=True, multiple=True, timedProgress=30, silentFail=False, stopWhenStatements=None, swarmP=0.5, stopWhenBranches=None, noAlphaConvert=False, coverFile='coverage.out', readQuick=False, verboseActions=False, running=False, computeFeatureStats=False, compareFails=False, swarmProbs=None, output='failure.361.test', genDepth=None, Pcrossover=0.2, quickAnalysis=False, noReassign=False, exploitCeiling=0.1, logging=None, LOCProbs=False, noCheck=False, maxTests=-1, keep=False, noExceptionMatch=False, Pmutate=0.0, depth=100, showActions=False, throughput=False, noCover=False, timeout=60, stutter=None, uncaught=False, markov=None, startExploit=0)
TEST #4 STEP #65 (0:00:30.041579) Fri Apr 28 06:10:19 2017 [ 139 stmts 188 branches ]
  6 [2:0]
-- < 3 [1:0]
---- < 1 [0:0] L
---- > 4 [0:0] L
-- > 20 [1:1]
---- < 9 [0:0] L
set([1, 3, 4, 6, 9, 20])
  6 [2:0]
-- < 3 [1:0]
---- < 1 [0:0] L
---- > 4 [0:0] L
-- > 20 [1:1]
---- < 9 [0:0] L
set([1, 3, 4, 6, 9, 20])
  8 [3:-1]
-- < 4 [1:0]
---- < 2 [0:0] L
---- > 7 [0:0] L
-- > 18 [2:1]
---- < 14 [1:0]
------ < 11 [0:0] L
------ > 16 [0:0] L
---- > 19 [0:0] L
set([2, 4, 7, 8, 11, 14, 16, 18, 19])
  11 [2:0]
-- < 4 [1:0]
---- < 1 [0:0] L
---- > 7 [0:0] L
-- > 14 [1:-1]
---- > 15 [0:0] L
set([1, 4, 7, 11, 14, 15])
  11 [3:1]
-- < 4 [2:1]
---- < 1 [1:-1]
------ > 3 [0:0] L
---- > 7 [0:0] L
-- > 15 [1:0]
---- < 14 [0:0] L
---- > 18 [0:0] L
set([1, 3, 4, 7, 11, 14, 15, 18])
STOPPING TEST DUE TO TIMEOUT, TERMINATED AT LENGTH 33
STOPPING TESTING DUE TO TIMEOUT
8.07600950119 PERCENT COVERED
60.1726930141 TOTAL RUNTIME
8 EXECUTED
733 TOTAL TEST OPERATIONS
29.8775360584 TIME SPENT EXECUTING TEST OPERATIONS
0.0279884338379 TIME SPENT EVALUATING GUARDS AND CHOOSING ACTIONS
30.0833110809 TIME SPENT CHECKING PROPERTIES
59.9608471394 TOTAL TIME SPENT RUNNING SUT
0.0045428276062 TIME SPENT RESTARTING
0.0 TIME SPENT REDUCING TEST CASES
0 FAILED
0 REPEATS OF FAILURES
0 ACTUAL DISTINCT FAILURES

204 BRANCHES COVERED
151 STATEMENTS COVERED
