Random testing using config=Config(swarmSwitch=None, verbose=False, reducePool=False, failedLogging=None, exploitBestHint=1, greedyStutter=False, exploit=None, seed=None, generalize=False, useHints=False, localize=False, total=False, speed='FAST', probs=None, normalize=False, verboseExploit=False, highLowSwarm=None, replayable=False, essentials=False, noCoverageExploit=False, quickTests=False, relax=False, internal=False, uniqueValuesAnalysis=False, swarm=True, html=None, fastQuickAnalysis=False, progress=False, swarmLength=None, profile=False, LOCBaseline=0.2, full=True, multiple=True, timedProgress=30, silentFail=False, stopWhenStatements=None, swarmP=0.5, stopWhenBranches=None, noAlphaConvert=False, coverFile='coverage.out', readQuick=False, verboseActions=False, running=False, computeFeatureStats=False, compareFails=False, swarmProbs=None, output='failure.568.test', genDepth=None, Pcrossover=0.2, quickAnalysis=False, noReassign=False, exploitCeiling=0.1, logging=None, LOCProbs=False, noCheck=False, maxTests=-1, keep=False, noExceptionMatch=False, Pmutate=0.0, depth=100, showActions=False, throughput=False, noCover=False, timeout=60, stutter=None, uncaught=False, markov=None, startExploit=0)
  8 [2:0]
-- < 6 [1:0]
---- < 2 [0:0] L
---- > 7 [0:0] L
-- > 11 [1:0]
---- < 10 [0:0] L
---- > 12 [0:0] L
set([2, 6, 7, 8, 10, 11, 12])
  14 [3:1]
-- < 6 [2:0]
---- < 3 [1:-1]
------ > 5 [0:0] L
---- > 7 [1:-1]
------ > 10 [0:0] L
-- > 18 [1:0]
---- < 15 [0:0] L
---- > 20 [0:0] L
set([3, 5, 6, 7, 10, 14, 15, 18, 20])
  14 [3:1]
-- < 6 [2:0]
---- < 3 [1:-1]
------ > 5 [0:0] L
---- > 7 [1:-1]
------ > 10 [0:0] L
-- > 18 [1:0]
---- < 15 [0:0] L
---- > 20 [0:0] L
set([3, 5, 6, 7, 10, 14, 15, 18, 20])
  13 [2:0]
-- < 3 [1:0]
---- < 2 [0:0] L
---- > 10 [0:0] L
-- > 19 [1:0]
---- < 18 [0:0] L
---- > 20 [0:0] L
set([2, 3, 10, 13, 18, 19, 20])
  13 [2:0]
-- < 3 [1:0]
---- < 2 [0:0] L
---- > 10 [0:0] L
-- > 19 [1:0]
---- < 18 [0:0] L
---- > 20 [0:0] L
set([2, 3, 10, 13, 18, 19, 20])
  13 [2:0]
-- < 3 [1:0]
---- < 2 [0:0] L
---- > 10 [0:0] L
-- > 19 [1:0]
---- < 18 [0:0] L
---- > 20 [0:0] L
set([2, 3, 10, 13, 18, 19, 20])
  13 [2:0]
-- < 3 [1:0]
---- < 2 [0:0] L
---- > 10 [0:0] L
-- > 19 [1:0]
---- < 18 [0:0] L
---- > 20 [0:0] L
set([2, 3, 10, 13, 18, 19, 20])
  13 [3:1]
-- < 3 [2:-1]
---- < 2 [0:0] L
---- > 10 [1:1]
------ < 8 [0:0] L
-- > 19 [1:0]
---- < 18 [0:0] L
---- > 20 [0:0] L
set([2, 3, 8, 10, 13, 18, 19, 20])
TEST #4 STEP #97 (0:00:30.061887) Fri Apr 28 06:40:52 2017 [ 136 stmts 182 branches ]
  13 [2:0]
-- < 7 [1:0]
---- < 3 [0:0] L
---- > 12 [0:0] L
-- > 15 [1:0]
---- < 14 [0:0] L
---- > 16 [0:0] L
set([3, 7, 12, 13, 14, 15, 16])
  13 [2:0]
-- < 7 [1:0]
---- < 3 [0:0] L
---- > 12 [0:0] L
-- > 15 [1:0]
---- < 14 [0:0] L
---- > 16 [0:0] L
set([3, 7, 12, 13, 14, 15, 16])
STOPPING TEST DUE TO TIMEOUT, TERMINATED AT LENGTH 61
STOPPING TESTING DUE TO TIMEOUT
7.60095011876 PERCENT COVERED
60.2620060444 TOTAL RUNTIME
8 EXECUTED
761 TOTAL TEST OPERATIONS
29.9222340584 TIME SPENT EXECUTING TEST OPERATIONS
0.0275580883026 TIME SPENT EVALUATING GUARDS AND CHOOSING ACTIONS
30.1040997505 TIME SPENT CHECKING PROPERTIES
60.0263338089 TOTAL TIME SPENT RUNNING SUT
0.00476956367493 TIME SPENT RESTARTING
0.0 TIME SPENT REDUCING TEST CASES
0 FAILED
0 REPEATS OF FAILURES
0 ACTUAL DISTINCT FAILURES

192 BRANCHES COVERED
144 STATEMENTS COVERED
