Random testing using config=Config(swarmSwitch=None, verbose=False, reducePool=False, failedLogging=None, exploitBestHint=1, greedyStutter=False, exploit=None, seed=None, generalize=False, useHints=False, localize=False, total=False, speed='FAST', probs=None, normalize=False, verboseExploit=False, highLowSwarm=None, replayable=False, essentials=False, noCoverageExploit=False, quickTests=False, relax=False, internal=False, uniqueValuesAnalysis=False, swarm=True, html=None, fastQuickAnalysis=False, progress=False, swarmLength=None, profile=False, LOCBaseline=0.2, full=True, multiple=True, timedProgress=30, silentFail=False, stopWhenStatements=None, swarmP=0.5, stopWhenBranches=None, noAlphaConvert=False, coverFile='coverage.out', readQuick=False, verboseActions=False, running=False, computeFeatureStats=False, compareFails=False, swarmProbs=None, output='failure.99725.test', genDepth=None, Pcrossover=0.2, quickAnalysis=False, noReassign=False, exploitCeiling=0.1, logging=None, LOCProbs=False, noCheck=False, maxTests=-1, keep=False, noExceptionMatch=False, Pmutate=0.0, depth=100, showActions=False, throughput=False, noCover=False, timeout=60, stutter=None, uncaught=False, markov=None, startExploit=0)
  14 [2:0]
-- < 7 [1:0]
---- < 4 [0:0] L
---- > 9 [0:0] L
-- > 18 [1:0]
---- < 16 [0:0] L
---- > 20 [0:0] L
set([4, 7, 9, 14, 16, 18, 20])
  16 [3:1]
-- < 9 [2:1]
---- < 2 [1:-1]
------ > 3 [0:0] L
---- > 11 [0:0] L
-- > 17 [1:-1]
---- > 20 [0:0] L
set([2, 3, 9, 11, 16, 17, 20])
  16 [3:1]
-- < 9 [2:1]
---- < 2 [1:-1]
------ > 3 [0:0] L
---- > 11 [0:0] L
-- > 17 [1:-1]
---- > 20 [0:0] L
set([2, 3, 9, 11, 16, 17, 20])
TEST #4 STEP #76 (0:00:30.033213) Fri Apr 28 04:44:45 2017 [ 146 stmts 196 branches ]
  14 [3:1]
-- < 7 [2:0]
---- < 3 [1:0]
------ < 2 [0:0] L
------ > 4 [0:0] L
---- > 12 [1:0]
------ < 9 [0:0] L
------ > 13 [0:0] L
-- > 18 [1:0]
---- < 16 [0:0] L
---- > 20 [0:0] L
set([2, 3, 4, 7, 9, 12, 13, 14, 16, 18, 20])
  12 [3:1]
-- < 5 [2:-1]
---- < 1 [0:0] L
---- > 8 [1:0]
------ < 7 [0:0] L
------ > 11 [0:0] L
-- > 17 [1:0]
---- < 13 [0:0] L
---- > 20 [0:0] L
set([1, 5, 7, 8, 11, 12, 13, 17, 20])
  16 [2:0]
-- < 7 [1:0]
---- < 2 [0:0] L
---- > 12 [0:0] L
-- > 17 [1:-1]
---- > 19 [0:0] L
set([2, 7, 12, 16, 17, 19])
STOPPING TEST DUE TO TIMEOUT, TERMINATED AT LENGTH 58
STOPPING TESTING DUE TO TIMEOUT
8.51713607058 PERCENT COVERED
60.2051751614 TOTAL RUNTIME
8 EXECUTED
758 TOTAL TEST OPERATIONS
29.8512949944 TIME SPENT EXECUTING TEST OPERATIONS
0.0285532474518 TIME SPENT EVALUATING GUARDS AND CHOOSING ACTIONS
30.1477077007 TIME SPENT CHECKING PROPERTIES
59.9990026951 TOTAL TIME SPENT RUNNING SUT
0.00475406646729 TIME SPENT RESTARTING
0.0 TIME SPENT REDUCING TEST CASES
0 FAILED
0 REPEATS OF FAILURES
0 ACTUAL DISTINCT FAILURES

214 BRANCHES COVERED
161 STATEMENTS COVERED
