Random testing using config=Config(swarmSwitch=None, verbose=False, reducePool=False, failedLogging=None, exploitBestHint=1, greedyStutter=False, exploit=None, seed=None, generalize=False, useHints=False, localize=False, total=False, speed='FAST', probs='locsample.probs', normalize=False, verboseExploit=False, highLowSwarm=None, replayable=False, essentials=False, noCoverageExploit=False, quickTests=False, relax=False, internal=False, uniqueValuesAnalysis=False, swarm=True, html=None, fastQuickAnalysis=False, progress=False, swarmLength=None, profile=False, LOCBaseline=0.2, full=True, multiple=True, timedProgress=30, silentFail=False, stopWhenStatements=None, swarmP=0.5, stopWhenBranches=None, noAlphaConvert=False, coverFile='coverage.out', readQuick=False, verboseActions=False, running=False, computeFeatureStats=False, compareFails=False, swarmProbs=None, output='failure.24725.test', genDepth=None, Pcrossover=0.2, quickAnalysis=False, noReassign=False, exploitCeiling=0.1, logging=None, LOCProbs=False, noCheck=False, maxTests=-1, keep=False, noExceptionMatch=False, Pmutate=0.0, depth=100, showActions=False, throughput=False, noCover=False, timeout=60, stutter=None, uncaught=False, markov=None, startExploit=0)
WARNING: DEADLOCK (NO ENABLED ACTIONS)
TERMINATING TEST DUE TO NO ENABLED ACTIONS
TEST #2 STEP #76 (0:00:30.004052) Sun Apr 30 16:10:47 2017 [ 5001 stmts 6661 branches ]
WARNING: DEADLOCK (NO ENABLED ACTIONS)
TERMINATING TEST DUE TO NO ENABLED ACTIONS
STOPPING TEST DUE TO TIMEOUT, TERMINATED AT LENGTH 65
STOPPING TESTING DUE TO TIMEOUT
3.74198246646 PERCENT COVERED
92.4861440659 TOTAL RUNTIME
4 EXECUTED
240 TOTAL TEST OPERATIONS
9.50020909309 TIME SPENT EXECUTING TEST OPERATIONS
2.30003881454 TIME SPENT EVALUATING GUARDS AND CHOOSING ACTIONS
48.4558784962 TIME SPENT CHECKING PROPERTIES
57.9560875893 TOTAL TIME SPENT RUNNING SUT
0.0227370262146 TIME SPENT RESTARTING
0.0 TIME SPENT REDUCING TEST CASES
0 FAILED
0 REPEATS OF FAILURES
0 ACTUAL DISTINCT FAILURES

8391 BRANCHES COVERED
6266 STATEMENTS COVERED
