Random testing using config=Config(swarmSwitch=None, verbose=False, reducePool=False, failedLogging=None, exploitBestHint=1, greedyStutter=False, exploit=None, seed=None, generalize=False, useHints=False, localize=False, total=False, speed='FAST', probs='locsample.probs', normalize=False, verboseExploit=False, highLowSwarm=None, replayable=False, essentials=False, noCoverageExploit=False, quickTests=False, relax=False, internal=False, uniqueValuesAnalysis=False, swarm=True, html=None, fastQuickAnalysis=False, progress=False, swarmLength=None, profile=False, LOCBaseline=0.2, full=True, multiple=True, timedProgress=30, silentFail=False, stopWhenStatements=None, swarmP=0.5, stopWhenBranches=None, noAlphaConvert=False, coverFile='coverage.out', readQuick=False, verboseActions=False, running=False, computeFeatureStats=False, compareFails=False, swarmProbs=None, output='failure.28796.test', genDepth=None, Pcrossover=0.2, quickAnalysis=False, noReassign=False, exploitCeiling=0.1, logging=None, LOCProbs=False, noCheck=False, maxTests=-1, keep=False, noExceptionMatch=False, Pmutate=0.0, depth=100, showActions=False, throughput=False, noCover=False, timeout=60, stutter=None, uncaught=False, markov=None, startExploit=0)
WARNING: DEADLOCK (NO ENABLED ACTIONS)
TERMINATING TEST DUE TO NO ENABLED ACTIONS
TEST #3 STEP #42 (0:00:30.338689) Sun Apr 30 16:37:22 2017 [ 5748 stmts 7651 branches ]
STOPPING TEST DUE TO TIMEOUT, TERMINATED AT LENGTH 27
STOPPING TESTING DUE TO TIMEOUT
4.37538262091 PERCENT COVERED
88.4217460155 TOTAL RUNTIME
4 EXECUTED
255 TOTAL TEST OPERATIONS
9.7035214901 TIME SPENT EXECUTING TEST OPERATIONS
1.68383717537 TIME SPENT EVALUATING GUARDS AND CHOOSING ACTIONS
48.6517672539 TIME SPENT CHECKING PROPERTIES
58.355288744 TOTAL TIME SPENT RUNNING SUT
0.018975019455 TIME SPENT RESTARTING
0.0 TIME SPENT REDUCING TEST CASES
0 FAILED
0 REPEATS OF FAILURES
0 ACTUAL DISTINCT FAILURES

9795 BRANCHES COVERED
7330 STATEMENTS COVERED
