Random testing using config=Config(swarmSwitch=None, verbose=False, reducePool=False, failedLogging=None, exploitBestHint=1, greedyStutter=False, exploit=None, seed=None, generalize=False, useHints=False, localize=False, total=False, speed='FAST', probs=None, normalize=False, verboseExploit=False, highLowSwarm=None, replayable=False, essentials=False, noCoverageExploit=False, quickTests=False, relax=False, internal=False, uniqueValuesAnalysis=False, swarm=True, html=None, fastQuickAnalysis=False, progress=False, swarmLength=None, profile=False, LOCBaseline=0.2, full=True, multiple=True, timedProgress=30, silentFail=False, stopWhenStatements=None, swarmP=0.5, stopWhenBranches=None, noAlphaConvert=False, coverFile='coverage.out', readQuick=False, verboseActions=False, running=False, computeFeatureStats=False, compareFails=False, swarmProbs=None, output='failure.1706.test', genDepth=None, Pcrossover=0.2, quickAnalysis=False, noReassign=False, exploitCeiling=0.1, logging=None, LOCProbs=False, noCheck=False, maxTests=-1, keep=False, noExceptionMatch=False, Pmutate=0.0, depth=100, showActions=False, throughput=False, noCover=False, timeout=60, stutter=None, uncaught=False, markov=None, startExploit=0)
WARNING: DEADLOCK (NO ENABLED ACTIONS)
TERMINATING TEST DUE TO NO ENABLED ACTIONS
TEST #2 STEP #27 (0:00:31.025854) Fri Apr 28 10:14:36 2017 [ 3754 stmts 5004 branches ]
STOPPING TEST DUE TO TIMEOUT, TERMINATED AT LENGTH 71
STOPPING TESTING DUE TO TIMEOUT
2.86050391924 PERCENT COVERED
99.0901930332 TOTAL RUNTIME
2 EXECUTED
110 TOTAL TEST OPERATIONS
5.25782036781 TIME SPENT EXECUTING TEST OPERATIONS
0.231133937836 TIME SPENT EVALUATING GUARDS AND CHOOSING ACTIONS
55.0835571289 TIME SPENT CHECKING PROPERTIES
60.3413774967 TOTAL TIME SPENT RUNNING SUT
0.00909495353699 TIME SPENT RESTARTING
0.0 TIME SPENT REDUCING TEST CASES
0 FAILED
0 REPEATS OF FAILURES
0 ACTUAL DISTINCT FAILURES

6316 BRANCHES COVERED
4732 STATEMENTS COVERED
