Random testing using config=Config(swarmSwitch=None, verbose=False, reducePool=False, failedLogging=None, exploitBestHint=1, greedyStutter=False, exploit=None, seed=None, generalize=False, useHints=False, localize=False, total=False, speed='FAST', probs=None, normalize=False, verboseExploit=False, highLowSwarm=None, replayable=False, essentials=False, noCoverageExploit=False, quickTests=False, relax=False, internal=False, uniqueValuesAnalysis=False, swarm=True, html=None, fastQuickAnalysis=False, progress=False, swarmLength=None, profile=False, LOCBaseline=0.2, full=True, multiple=True, timedProgress=30, silentFail=False, stopWhenStatements=None, swarmP=0.5, stopWhenBranches=None, noAlphaConvert=False, coverFile='coverage.out', readQuick=False, verboseActions=False, running=False, computeFeatureStats=False, compareFails=False, swarmProbs=None, output='failure.2024.test', genDepth=None, Pcrossover=0.2, quickAnalysis=False, noReassign=False, exploitCeiling=0.1, logging=None, LOCProbs=False, noCheck=False, maxTests=-1, keep=False, noExceptionMatch=False, Pmutate=0.0, depth=100, showActions=False, throughput=False, noCover=False, timeout=60, stutter=None, uncaught=False, markov=None, startExploit=0)
WARNING: DEADLOCK (NO ENABLED ACTIONS)
TERMINATING TEST DUE TO NO ENABLED ACTIONS
TEST #2 STEP #12 (0:00:30.187111) Fri Apr 28 11:10:18 2017 [ 4332 stmts 5729 branches ]
STOPPING TEST DUE TO TIMEOUT, TERMINATED AT LENGTH 45
STOPPING TESTING DUE TO TIMEOUT
3.09697864525 PERCENT COVERED
98.606359005 TOTAL RUNTIME
2 EXECUTED
97 TOTAL TEST OPERATIONS
4.99879550934 TIME SPENT EXECUTING TEST OPERATIONS
0.311587572098 TIME SPENT EVALUATING GUARDS AND CHOOSING ACTIONS
55.2962036133 TIME SPENT CHECKING PROPERTIES
60.2949991226 TOTAL TIME SPENT RUNNING SUT
0.0107109546661 TIME SPENT RESTARTING
0.0 TIME SPENT REDUCING TEST CASES
0 FAILED
0 REPEATS OF FAILURES
0 ACTUAL DISTINCT FAILURES

6893 BRANCHES COVERED
5186 STATEMENTS COVERED
