/Library/Frameworks/Python.framework/Versions/2.7/lib/python2.7/site-packages/Bio/Seq.py:2071: BiopythonWarning: Partial codon, len(sequence) not a multiple of three. Explicitly trim the sequence or add trailing N before translation. This may become an error in future.
  BiopythonWarning)
/Library/Frameworks/Python.framework/Versions/2.7/lib/python2.7/site-packages/Bio/Seq.py:2071: BiopythonWarning: Partial codon, len(sequence) not a multiple of three. Explicitly trim the sequence or add trailing N before translation. This may become an error in future.
  BiopythonWarning)
/Library/Frameworks/Python.framework/Versions/2.7/lib/python2.7/site-packages/Bio/Seq.py:2071: BiopythonWarning: Partial codon, len(sequence) not a multiple of three. Explicitly trim the sequence or add trailing N before translation. This may become an error in future.
  BiopythonWarning)
/Library/Frameworks/Python.framework/Versions/2.7/lib/python2.7/site-packages/Bio/Seq.py:150: BiopythonWarning: Biopython Seq objects now use string comparison. Older versions of Biopython used object comparison. During this transition, please use hash(id(my_seq)) or my_dict[id(my_seq)] if you want the old behaviour, or use hash(str(my_seq)) or my_dict[str(my_seq)] for the new string hashing behaviour.
  "the new string hashing behaviour.", BiopythonWarning)
/Library/Frameworks/Python.framework/Versions/2.7/lib/python2.7/site-packages/Bio/Seq.py:2071: BiopythonWarning: Partial codon, len(sequence) not a multiple of three. Explicitly trim the sequence or add trailing N before translation. This may become an error in future.
  BiopythonWarning)
/Library/Frameworks/Python.framework/Versions/2.7/lib/python2.7/site-packages/Bio/Seq.py:150: BiopythonWarning: Biopython Seq objects now use string comparison. Older versions of Biopython used object comparison. During this transition, please use hash(id(my_seq)) or my_dict[id(my_seq)] if you want the old behaviour, or use hash(str(my_seq)) or my_dict[str(my_seq)] for the new string hashing behaviour.
  "the new string hashing behaviour.", BiopythonWarning)
/Library/Frameworks/Python.framework/Versions/2.7/lib/python2.7/site-packages/Bio/Seq.py:2071: BiopythonWarning: Partial codon, len(sequence) not a multiple of three. Explicitly trim the sequence or add trailing N before translation. This may become an error in future.
  BiopythonWarning)
Random testing using config=Config(swarmSwitch=None, verbose=False, reducePool=False, failedLogging=None, exploitBestHint=1, greedyStutter=False, internal=False, exploit=None, seed=None, generalize=False, useHints=False, localize=False, total=False, speed='FAST', probs='locsample.probs', normalize=False, verboseExploit=False, highLowSwarm=None, replayable=False, essentials=False, noCoverageExploit=False, quickTests=False, relax=False, enumerateEnabled=False, uniqueValuesAnalysis=False, swarm=False, noReassign=False, html=None, fastQuickAnalysis=False, progress=False, postCover=False, swarmLength=None, noSwarmDependencies=False, profile=False, LOCBaseline=0.2, noEnumerateEnabled=False, full=True, multiple=True, timedProgress=30, silentFail=True, stopWhenStatements=None, swarmP=0.5, stopWhenBranches=None, noAlphaConvert=False, coverFile='coverage.out', readQuick=False, verboseActions=False, running=False, computeFeatureStats=False, compareFails=False, swarmProbs=None, output='failure.38620.test', genDepth=None, Pcrossover=0.2, quickAnalysis=False, keepLast=False, exploitCeiling=0.1, logging=None, LOCProbs=False, noCheck=False, maxTests=-1, noExceptionMatch=False, Pmutate=0.0, depth=100, showActions=False, throughput=False, noCover=False, timeout=60, stutter=None, uncaught=False, markov=None, startExploit=0)
TEST #18 STEP #99 (0:00:30.012676) Tue Jul 25 15:45:39 2017 [ 251 stmts 336 branches ] 1799 TOTAL ACTIONS (59.9413394515/s)
/Library/Frameworks/Python.framework/Versions/2.7/lib/python2.7/site-packages/Bio/Seq.py:2071: BiopythonWarning: Partial codon, len(sequence) not a multiple of three. Explicitly trim the sequence or add trailing N before translation. This may become an error in future.
  BiopythonWarning)
/Library/Frameworks/Python.framework/Versions/2.7/lib/python2.7/site-packages/Bio/Seq.py:150: BiopythonWarning: Biopython Seq objects now use string comparison. Older versions of Biopython used object comparison. During this transition, please use hash(id(my_seq)) or my_dict[id(my_seq)] if you want the old behaviour, or use hash(str(my_seq)) or my_dict[str(my_seq)] for the new string hashing behaviour.
  "the new string hashing behaviour.", BiopythonWarning)
/Library/Frameworks/Python.framework/Versions/2.7/lib/python2.7/site-packages/Bio/Seq.py:150: BiopythonWarning: Biopython Seq objects now use string comparison. Older versions of Biopython used object comparison. During this transition, please use hash(id(my_seq)) or my_dict[id(my_seq)] if you want the old behaviour, or use hash(str(my_seq)) or my_dict[str(my_seq)] for the new string hashing behaviour.
  "the new string hashing behaviour.", BiopythonWarning)
STOPPING TEST DUE TO TIMEOUT, TERMINATED AT LENGTH 96
STOPPING TESTING DUE TO TIMEOUT
1.00939378027 PERCENT COVERED
69.1190910339 TOTAL RUNTIME
36 EXECUTED
3596 TOTAL TEST OPERATIONS
58.3026659489 TIME SPENT EXECUTING TEST OPERATIONS
1.51038002968 TIME SPENT EVALUATING GUARDS AND CHOOSING ACTIONS
0.00593829154968 TIME SPENT CHECKING PROPERTIES
58.3086042404 TOTAL TIME SPENT RUNNING SUT
0.115688323975 TIME SPENT RESTARTING
0.0 TIME SPENT REDUCING TEST CASES
0 FAILED
0 REPEATS OF FAILURES
0 ACTUAL DISTINCT FAILURES

337 BRANCHES COVERED
251 STATEMENTS COVERED
