/Library/Frameworks/Python.framework/Versions/2.7/lib/python2.7/site-packages/Bio/Seq.py:2071: BiopythonWarning: Partial codon, len(sequence) not a multiple of three. Explicitly trim the sequence or add trailing N before translation. This may become an error in future.
  BiopythonWarning)
/Library/Frameworks/Python.framework/Versions/2.7/lib/python2.7/site-packages/Bio/Seq.py:2071: BiopythonWarning: Partial codon, len(sequence) not a multiple of three. Explicitly trim the sequence or add trailing N before translation. This may become an error in future.
  BiopythonWarning)
Random testing using config=Config(swarmSwitch=None, verbose=False, reducePool=False, failedLogging=None, exploitBestHint=1, greedyStutter=False, internal=False, exploit=0.8, seed=None, generalize=False, useHints=False, localize=False, total=False, speed='FAST', probs='locsample.probs', normalize=False, verboseExploit=False, highLowSwarm=None, replayable=False, essentials=False, noCoverageExploit=False, quickTests=False, relax=False, enumerateEnabled=False, uniqueValuesAnalysis=False, swarm=False, noReassign=False, html=None, fastQuickAnalysis=False, progress=False, postCover=False, swarmLength=None, noSwarmDependencies=False, profile=False, LOCBaseline=0.2, noEnumerateEnabled=False, full=True, multiple=True, timedProgress=30, silentFail=True, stopWhenStatements=None, swarmP=0.5, stopWhenBranches=None, noAlphaConvert=False, coverFile='coverage.out', readQuick=False, verboseActions=False, running=False, computeFeatureStats=False, compareFails=False, swarmProbs=None, output='failure.37407.test', genDepth=None, Pcrossover=0.2, quickAnalysis=False, keepLast=False, exploitCeiling=0.1, logging=None, LOCProbs=False, noCheck=False, maxTests=-1, noExceptionMatch=False, Pmutate=0.8, depth=100, showActions=False, throughput=False, noCover=False, timeout=60, stutter=None, uncaught=False, markov=None, startExploit=0)
TEST #20 STEP #0 (0:00:30.137044) Tue Jul 25 14:36:42 2017 [ 242 stmts 322 branches ] 1900 TOTAL ACTIONS (63.0453339407/s)
/Library/Frameworks/Python.framework/Versions/2.7/lib/python2.7/site-packages/Bio/Seq.py:150: BiopythonWarning: Biopython Seq objects now use string comparison. Older versions of Biopython used object comparison. During this transition, please use hash(id(my_seq)) or my_dict[id(my_seq)] if you want the old behaviour, or use hash(str(my_seq)) or my_dict[str(my_seq)] for the new string hashing behaviour.
  "the new string hashing behaviour.", BiopythonWarning)
/Library/Frameworks/Python.framework/Versions/2.7/lib/python2.7/site-packages/Bio/Seq.py:150: BiopythonWarning: Biopython Seq objects now use string comparison. Older versions of Biopython used object comparison. During this transition, please use hash(id(my_seq)) or my_dict[id(my_seq)] if you want the old behaviour, or use hash(str(my_seq)) or my_dict[str(my_seq)] for the new string hashing behaviour.
  "the new string hashing behaviour.", BiopythonWarning)
/Library/Frameworks/Python.framework/Versions/2.7/lib/python2.7/site-packages/Bio/Seq.py:2071: BiopythonWarning: Partial codon, len(sequence) not a multiple of three. Explicitly trim the sequence or add trailing N before translation. This may become an error in future.
  BiopythonWarning)
/Library/Frameworks/Python.framework/Versions/2.7/lib/python2.7/site-packages/Bio/Seq.py:2071: BiopythonWarning: Partial codon, len(sequence) not a multiple of three. Explicitly trim the sequence or add trailing N before translation. This may become an error in future.
  BiopythonWarning)
/Library/Frameworks/Python.framework/Versions/2.7/lib/python2.7/site-packages/Bio/Seq.py:150: BiopythonWarning: Biopython Seq objects now use string comparison. Older versions of Biopython used object comparison. During this transition, please use hash(id(my_seq)) or my_dict[id(my_seq)] if you want the old behaviour, or use hash(str(my_seq)) or my_dict[str(my_seq)] for the new string hashing behaviour.
  "the new string hashing behaviour.", BiopythonWarning)
/Library/Frameworks/Python.framework/Versions/2.7/lib/python2.7/site-packages/Bio/Seq.py:2071: BiopythonWarning: Partial codon, len(sequence) not a multiple of three. Explicitly trim the sequence or add trailing N before translation. This may become an error in future.
  BiopythonWarning)
/Library/Frameworks/Python.framework/Versions/2.7/lib/python2.7/site-packages/Bio/Seq.py:2071: BiopythonWarning: Partial codon, len(sequence) not a multiple of three. Explicitly trim the sequence or add trailing N before translation. This may become an error in future.
  BiopythonWarning)
/Library/Frameworks/Python.framework/Versions/2.7/lib/python2.7/site-packages/Bio/Seq.py:150: BiopythonWarning: Biopython Seq objects now use string comparison. Older versions of Biopython used object comparison. During this transition, please use hash(id(my_seq)) or my_dict[id(my_seq)] if you want the old behaviour, or use hash(str(my_seq)) or my_dict[str(my_seq)] for the new string hashing behaviour.
  "the new string hashing behaviour.", BiopythonWarning)
/Library/Frameworks/Python.framework/Versions/2.7/lib/python2.7/site-packages/Bio/Seq.py:2071: BiopythonWarning: Partial codon, len(sequence) not a multiple of three. Explicitly trim the sequence or add trailing N before translation. This may become an error in future.
  BiopythonWarning)
/Library/Frameworks/Python.framework/Versions/2.7/lib/python2.7/site-packages/Bio/Seq.py:150: BiopythonWarning: Biopython Seq objects now use string comparison. Older versions of Biopython used object comparison. During this transition, please use hash(id(my_seq)) or my_dict[id(my_seq)] if you want the old behaviour, or use hash(str(my_seq)) or my_dict[str(my_seq)] for the new string hashing behaviour.
  "the new string hashing behaviour.", BiopythonWarning)
/Library/Frameworks/Python.framework/Versions/2.7/lib/python2.7/site-packages/Bio/Seq.py:2071: BiopythonWarning: Partial codon, len(sequence) not a multiple of three. Explicitly trim the sequence or add trailing N before translation. This may become an error in future.
  BiopythonWarning)
/Library/Frameworks/Python.framework/Versions/2.7/lib/python2.7/site-packages/Bio/Seq.py:150: BiopythonWarning: Biopython Seq objects now use string comparison. Older versions of Biopython used object comparison. During this transition, please use hash(id(my_seq)) or my_dict[id(my_seq)] if you want the old behaviour, or use hash(str(my_seq)) or my_dict[str(my_seq)] for the new string hashing behaviour.
  "the new string hashing behaviour.", BiopythonWarning)
STOPPING TEST DUE TO TIMEOUT, TERMINATED AT LENGTH 1
STOPPING TESTING DUE TO TIMEOUT
1.0064764572 PERCENT COVERED
67.5182230473 TOTAL RUNTIME
39 EXECUTED
3801 TOTAL TEST OPERATIONS
53.2666459084 TIME SPENT EXECUTING TEST OPERATIONS
1.29090976715 TIME SPENT EVALUATING GUARDS AND CHOOSING ACTIONS
0.00555634498596 TIME SPENT CHECKING PROPERTIES
53.2722022533 TOTAL TIME SPENT RUNNING SUT
0.110255479813 TIME SPENT RESTARTING
0.0 TIME SPENT REDUCING TEST CASES
0 FAILED
0 REPEATS OF FAILURES
0 ACTUAL DISTINCT FAILURES

333 BRANCHES COVERED
248 STATEMENTS COVERED
