Random testing using config=Config(noExceptionMatch=False, generalize=False, localize=False, speed='FAST', probs=None, LOCBaseline=0.2, noAlphaConvert=False, replayable=False, essentials=False, noCoverageExploit=False, quickTests=False, html=None, keepLast=False, stopWhenNoCoverage=None, generateLOC=None, computeFeatureStats=False, Pmutate=0.8, timeout=60, output='failure.53817.test', markov=None, noSwarmDependencies=False, startExploit=0.0, maxMustHitBranch=None, useHints=False, silentFail=False, highLowSwarm=None, maxMustHitStatement=None, progress=False, postCover=False, swarmLength=None, noCover=False, noEnumerateEnabled=False, full=True, swarmP=0.5, coverFile='coverage.out', markovP=1.0, swarmProbs=None, genDepth=None, exploitCeiling=0.1, logging=None, noCheck=False, throughput=False, uncaught=False, swarmSwitch=None, verbose=False, reducePool=False, exploit=0.8, fastQuickAnalysis=False, total=False, verboseExploit=False, swarm=False, sequenceP=1.0, biasLOC=None, timedProgress=30, relax=False, ddmin=False, stutter=None, readQuick=False, verboseActions=False, quickAnalysis=False, noReassign=False, sequenceSize=3, LOCProbs=False, sequencesFromTests=None, maxTests=-1, trackMaxCoverage=None, useQuickSequences=False, exploitBestHint=1, failedLogging=None, stopWhenStatements=None, greedyStutter=False, seed=None, stopWhenHitStatement=None, uniqueValuesAnalysis=False, normalize=False, startExploitStall=0, enumerateEnabled=False, internal=False, profile=False, multiple=True, stopWhenBranches=None, running=False, compareFails=False, Pcrossover=0.2, stopWhenHitBranch=None, depth=100, showActions=False)
** STARTING EXPLOITATION OF TESTS AT TIME 0.131400108337 AFTER 0 TESTS WITH NO NEW COVERAGE **
Tensor("Sub_1:0", dtype=float32)
Tensor("Mul:0", dtype=float32)
Tensor("Mul_1:0", dtype=float32)
Tensor("x_1:0", dtype=float32)
Tensor("Mul_8:0", dtype=float32)
Tensor("Add_5:0", dtype=float32)
Tensor("truediv_15:0", dtype=float32)
Tensor("Add_9:0", dtype=float32)
Tensor("mul_1:0", dtype=float32)
Tensor("Add_16:0", dtype=float32)
Tensor("c:0", dtype=float32)
Tensor("Mul_20:0", dtype=float32)
Tensor("truediv_23:0", dtype=float32)
Tensor("Mul_24:0", dtype=float32)
Tensor("add_14:0", dtype=float32)
Tensor("Sub_29:0", dtype=float32)
Tensor("truediv_28:0", dtype=float32)
Tensor("truediv_32:0", dtype=float32)
Tensor("truediv_39:0", dtype=float32)
TEST #7 STEP #42 (0:00:30.026090) Thu Dec 28 18:32:10 2017 [ 1800 stmts 2323 branches ] 642 TOTAL ACTIONS (21.3814052012/s)
2017-12-28 18:32:22.322483: I tensorflow/core/platform/cpu_feature_guard.cc:137] Your CPU supports instructions that this TensorFlow binary was not compiled to use: SSE4.2 AVX AVX2 FMA
Tensor("truediv_44:0", dtype=float32)
Tensor("Add_66:0", dtype=float32)
Tensor("truediv_60:0", dtype=float32)
Tensor("e_1:0", dtype=float32)
Tensor("Mul_67:0", dtype=float32)
Tensor("add_19:0", dtype=float32)
Tensor("add_20:0", dtype=float32)
Tensor("Sub_75:0", dtype=float32)
Tensor("truediv_80:0", dtype=float32)
Tensor("Sub_85:0", dtype=float32)
Tensor("Add_82:0", dtype=float32)
Tensor("Add_83:0", dtype=float32)
Tensor("mul_14:0", dtype=float32)
Tensor("Sub_93:0", dtype=float32)
Tensor("Square_14:0", dtype=float32)
Tensor("Sub_97:0", dtype=float32)
Tensor("Add_101:0", dtype=float32)
STOPPING TEST DUE TO TIMEOUT, TERMINATED AT LENGTH 61
STOPPING TESTING DUE TO TIMEOUT
1.64043980431 PERCENT COVERED
78.5281631947 TOTAL RUNTIME
13 EXECUTED
1261 TOTAL TEST OPERATIONS
59.3332681656 TIME SPENT EXECUTING TEST OPERATIONS
0.394213676453 TIME SPENT EVALUATING GUARDS AND CHOOSING ACTIONS
0.00197839736938 TIME SPENT CHECKING PROPERTIES
59.335246563 TOTAL TIME SPENT RUNNING SUT
0.171667814255 TIME SPENT RESTARTING
0.0 TIME SPENT REDUCING TEST CASES
0 FAILED
0 REPEATS OF FAILURES
0 ACTUAL DISTINCT FAILURES

2646 BRANCHES COVERED
2052 STATEMENTS COVERED
