2017-12-28 15:25:27.501155: I tensorflow/core/platform/cpu_feature_guard.cc:137] Your CPU supports instructions that this TensorFlow binary was not compiled to use: SSE4.2 AVX AVX2 FMA
Random testing using config=Config(noExceptionMatch=False, generalize=False, localize=False, speed='FAST', probs=None, LOCBaseline=0.2, noAlphaConvert=False, replayable=False, essentials=False, noCoverageExploit=False, quickTests=False, html=None, keepLast=False, stopWhenNoCoverage=None, generateLOC=None, computeFeatureStats=False, Pmutate=0.8, timeout=60, output='failure.47882.test', markov=None, noSwarmDependencies=False, startExploit=0.0, maxMustHitBranch=None, useHints=False, silentFail=False, highLowSwarm=None, maxMustHitStatement=None, progress=False, postCover=False, swarmLength=None, noCover=False, noEnumerateEnabled=False, full=True, swarmP=0.5, coverFile='coverage.out', markovP=1.0, swarmProbs=None, genDepth=None, exploitCeiling=0.1, logging=None, noCheck=False, throughput=False, uncaught=False, swarmSwitch=None, verbose=False, reducePool=False, exploit=0.8, fastQuickAnalysis=False, total=False, verboseExploit=False, swarm=False, sequenceP=1.0, biasLOC=None, timedProgress=30, relax=False, ddmin=False, stutter=None, readQuick=False, verboseActions=False, quickAnalysis=False, noReassign=False, sequenceSize=3, LOCProbs=False, sequencesFromTests=None, maxTests=-1, trackMaxCoverage=None, useQuickSequences=False, exploitBestHint=1, failedLogging=None, stopWhenStatements=None, greedyStutter=False, seed=None, stopWhenHitStatement=None, uniqueValuesAnalysis=False, normalize=False, startExploitStall=0, enumerateEnabled=False, internal=False, profile=False, multiple=True, stopWhenBranches=None, running=False, compareFails=False, Pcrossover=0.2, stopWhenHitBranch=None, depth=100, showActions=False)
** STARTING EXPLOITATION OF TESTS AT TIME 0.112812995911 AFTER 0 TESTS WITH NO NEW COVERAGE **
Tensor("Sum:0", dtype=float32)
Tensor("Mul_16:0", dtype=float32)
Tensor("Add_22:0", dtype=float32)
Tensor("truediv_25:0", dtype=float32)
Tensor("truediv_26:0", dtype=float32)
Tensor("Mul_38:0", dtype=float32)
Tensor("add_3:0", dtype=float32)
Tensor("add_3:0", dtype=float32)
Tensor("s:0", dtype=float32)
Tensor("Add_39:0", dtype=float32)
Tensor("Mul_53:0", dtype=float32)
Tensor("Mul_57:0", dtype=float32)
Tensor("Mul_60:0", dtype=float32)
Tensor("Sub_46:0", dtype=float32)
Tensor("Add_54:0", dtype=float32)
Tensor("u_1:0", dtype=float32)
Tensor("Sub_48:0", dtype=float32)
Tensor("x_2:0", dtype=float32)
Tensor("Add_66:0", dtype=float32)
Tensor("Mul_79:0", dtype=float32)
TEST #7 STEP #34 (0:00:30.004871) Thu Dec 28 15:25:55 2017 [ 2008 stmts 2581 branches ] (no cov+ for 2 tests) 634 TOTAL ACTIONS (21.1299024499/s)
Tensor("Mul_84:0", dtype=float32)
Tensor("Add_83:0", dtype=float32)
Tensor("Mul_100:0", dtype=float32)
Tensor("sub_6:0", dtype=float32)
Tensor("Sub_83:0", dtype=float32)
Tensor("truediv_99:0", dtype=float32)
Tensor("g_1:0", dtype=float32)
Tensor("truediv_103:0", dtype=float32)
Tensor("Mul_119:0", dtype=float32)
Tensor("truediv_114:0", dtype=float32)
Tensor("Mul_152:0", dtype=float32)
Tensor("Sub_131:0", dtype=float32)
Tensor("mul_15:0", shape=(), dtype=float32)
Tensor("Sub_135:0", shape=(), dtype=float32)
Tensor("sub_12:0", shape=(), dtype=float32)
STOPPING TEST DUE TO TIMEOUT, TERMINATED AT LENGTH 56
STOPPING TESTING DUE TO TIMEOUT
1.71546376154 PERCENT COVERED
78.5699219704 TOTAL RUNTIME
13 EXECUTED
1256 TOTAL TEST OPERATIONS
59.4019126892 TIME SPENT EXECUTING TEST OPERATIONS
0.324146509171 TIME SPENT EVALUATING GUARDS AND CHOOSING ACTIONS
0.00197958946228 TIME SPENT CHECKING PROPERTIES
59.4038922787 TOTAL TIME SPENT RUNNING SUT
0.149912595749 TIME SPENT RESTARTING
0.0 TIME SPENT REDUCING TEST CASES
0 FAILED
0 REPEATS OF FAILURES
0 ACTUAL DISTINCT FAILURES

2781 BRANCHES COVERED
2148 STATEMENTS COVERED
