2017-12-28 18:15:38.876157: I tensorflow/core/platform/cpu_feature_guard.cc:137] Your CPU supports instructions that this TensorFlow binary was not compiled to use: SSE4.2 AVX AVX2 FMA
Random testing using config=Config(noExceptionMatch=False, generalize=False, localize=False, speed='FAST', probs=None, LOCBaseline=0.2, noAlphaConvert=False, replayable=False, essentials=False, noCoverageExploit=False, quickTests=False, html=None, keepLast=False, stopWhenNoCoverage=None, generateLOC=None, computeFeatureStats=False, Pmutate=0.8, timeout=60, output='failure.53382.test', markov=None, noSwarmDependencies=False, startExploit=0.0, maxMustHitBranch=None, useHints=False, silentFail=False, highLowSwarm=None, maxMustHitStatement=None, progress=False, postCover=False, swarmLength=None, noCover=False, noEnumerateEnabled=False, full=True, swarmP=0.5, coverFile='coverage.out', markovP=1.0, swarmProbs=None, genDepth=None, exploitCeiling=0.1, logging=None, noCheck=False, throughput=False, uncaught=False, swarmSwitch=None, verbose=False, reducePool=False, exploit=0.8, fastQuickAnalysis=False, total=False, verboseExploit=False, swarm=False, sequenceP=1.0, biasLOC=None, timedProgress=30, relax=False, ddmin=False, stutter=None, readQuick=False, verboseActions=False, quickAnalysis=False, noReassign=False, sequenceSize=3, LOCProbs=False, sequencesFromTests=None, maxTests=-1, trackMaxCoverage=None, useQuickSequences=False, exploitBestHint=1, failedLogging=None, stopWhenStatements=None, greedyStutter=False, seed=None, stopWhenHitStatement=None, uniqueValuesAnalysis=False, normalize=False, startExploitStall=0, enumerateEnabled=False, internal=False, profile=False, multiple=True, stopWhenBranches=None, running=False, compareFails=False, Pcrossover=0.2, stopWhenHitBranch=None, depth=100, showActions=False)
** STARTING EXPLOITATION OF TESTS AT TIME 0.114063024521 AFTER 0 TESTS WITH NO NEW COVERAGE **
Tensor("add_1:0", dtype=float32)
Tensor("Mul_5:0", dtype=float32)
Tensor("truediv_8:0", dtype=float32)
Tensor("add_6:0", dtype=float32)
name: "GradientDescent_1"
op: "NoOp"
input: "^GradientDescent_1/update_Variable_1/ApplyGradientDescent"

Tensor("truediv_35:0", dtype=float32)
Tensor("truediv_37:0", dtype=float32)
Tensor("Add_50:0", dtype=float32)
Tensor("e_3:0", dtype=float32)
Tensor("Square_10:0", dtype=float32)
Tensor("Sum_8:0", dtype=float32)
Tensor("Add_55:0", dtype=float32)
Tensor("Sub_48:0", dtype=float32)
Tensor("truediv_49:0", dtype=float32)
Tensor("truediv_68:0", dtype=float32)
TEST #7 STEP #1 (0:00:30.018385) Thu Dec 28 18:16:03 2017 [ 2285 stmts 2956 branches ] (no cov+ for 2 tests) 601 TOTAL ACTIONS (20.0210638025/s)
Tensor("truediv_83:0", dtype=float32)
Tensor("Mul_82:0", dtype=float32)
Tensor("n:0", dtype=float32)
Tensor("Add_93:0", dtype=float32)
Tensor("Sum_19:0", dtype=float32)
Tensor("Add_95:0", dtype=float32)
Tensor("Add_96:0", dtype=float32)
Tensor("Add_100:0", dtype=float32)
Tensor("Square_24:0", dtype=float32)
Tensor("Sub_93:0", dtype=float32)
Tensor("Mul_124:0", dtype=float32)
Tensor("truediv_110:0", dtype=float32)
Tensor("Sub_125:0", dtype=float32)
Tensor("Sub_139:0", dtype=float32)
STOPPING TEST DUE TO TIMEOUT, TERMINATED AT LENGTH 24
STOPPING TESTING DUE TO TIMEOUT
1.82074948303 PERCENT COVERED
78.720541954 TOTAL RUNTIME
13 EXECUTED
1224 TOTAL TEST OPERATIONS
59.2406916618 TIME SPENT EXECUTING TEST OPERATIONS
0.31108045578 TIME SPENT EVALUATING GUARDS AND CHOOSING ACTIONS
0.00179195404053 TIME SPENT CHECKING PROPERTIES
59.2424836159 TOTAL TIME SPENT RUNNING SUT
0.152290344238 TIME SPENT RESTARTING
0.0 TIME SPENT REDUCING TEST CASES
0 FAILED
0 REPEATS OF FAILURES
0 ACTUAL DISTINCT FAILURES

2956 BRANCHES COVERED
2285 STATEMENTS COVERED
