2017-12-28 14:53:18.187055: I tensorflow/core/platform/cpu_feature_guard.cc:137] Your CPU supports instructions that this TensorFlow binary was not compiled to use: SSE4.2 AVX AVX2 FMA
Random testing using config=Config(noExceptionMatch=False, generalize=False, localize=False, speed='FAST', probs=None, LOCBaseline=0.2, noAlphaConvert=False, replayable=False, essentials=False, noCoverageExploit=False, quickTests=False, html=None, keepLast=False, stopWhenNoCoverage=None, generateLOC=None, computeFeatureStats=False, Pmutate=0.8, timeout=60, output='failure.47009.test', markov=None, noSwarmDependencies=False, startExploit=0.0, maxMustHitBranch=None, useHints=False, silentFail=False, highLowSwarm=None, maxMustHitStatement=None, progress=False, postCover=False, swarmLength=None, noCover=False, noEnumerateEnabled=False, full=True, swarmP=0.5, coverFile='coverage.out', markovP=1.0, swarmProbs=None, genDepth=None, exploitCeiling=0.1, logging=None, noCheck=False, throughput=False, uncaught=False, swarmSwitch=None, verbose=False, reducePool=False, exploit=0.8, fastQuickAnalysis=False, total=False, verboseExploit=False, swarm=False, sequenceP=1.0, biasLOC=None, timedProgress=30, relax=False, ddmin=False, stutter=None, readQuick=False, verboseActions=False, quickAnalysis=False, noReassign=False, sequenceSize=3, LOCProbs=False, sequencesFromTests=None, maxTests=-1, trackMaxCoverage=None, useQuickSequences=False, exploitBestHint=1, failedLogging=None, stopWhenStatements=None, greedyStutter=False, seed=None, stopWhenHitStatement=None, uniqueValuesAnalysis=False, normalize=False, startExploitStall=0, enumerateEnabled=False, internal=False, profile=False, multiple=True, stopWhenBranches=None, running=False, compareFails=False, Pcrossover=0.2, stopWhenHitBranch=None, depth=100, showActions=False)
** STARTING EXPLOITATION OF TESTS AT TIME 0.107741117477 AFTER 0 TESTS WITH NO NEW COVERAGE **
Tensor("Sub_5:0", dtype=float32)
Tensor("truediv_12:0", dtype=float32)
Tensor("truediv_36:0", dtype=float32)
Tensor("truediv_37:0", dtype=float32)
Tensor("Sum_7:0", dtype=float32)
Tensor("Add_36:0", dtype=float32)
Tensor("Sum_9:0", dtype=float32)
Tensor("i:0", dtype=float32)
Tensor("truediv_53:0", dtype=float32)
TEST #7 STEP #26 (0:00:30.015461) Thu Dec 28 14:53:44 2017 [ 1516 stmts 1932 branches ] 626 TOTAL ACTIONS (20.8559182438/s)
Tensor("Sub_76:0", dtype=float32)
Tensor("Sub_82:0", dtype=float32)
Tensor("Mul_86:0", dtype=float32)
Tensor("Add_87:0", dtype=float32)
Tensor("Square_22:0", dtype=float32)
Tensor("Mul_101:0", dtype=float32)
Tensor("truediv_124:0", dtype=float32)
Tensor("Add_119:0", dtype=float32)
Tensor("Sub_112:0", dtype=float32)
Tensor("Add_125:0", dtype=float32)
Tensor("Mul_145:0", dtype=float32)
Tensor("Mul_148:0", dtype=float32)
Tensor("truediv_169:0", dtype=float32)
Tensor("Sub_141:0", dtype=float32)
Tensor("Mul_158:0", dtype=float32)
STOPPING TEST DUE TO TIMEOUT, TERMINATED AT LENGTH 50
STOPPING TESTING DUE TO TIMEOUT
1.60513441267 PERCENT COVERED
77.8886101246 TOTAL RUNTIME
13 EXECUTED
1250 TOTAL TEST OPERATIONS
59.434668541 TIME SPENT EXECUTING TEST OPERATIONS
0.342502593994 TIME SPENT EVALUATING GUARDS AND CHOOSING ACTIONS
0.00182032585144 TIME SPENT CHECKING PROPERTIES
59.4364888668 TOTAL TIME SPENT RUNNING SUT
0.145740747452 TIME SPENT RESTARTING
0.0 TIME SPENT REDUCING TEST CASES
0 FAILED
0 REPEATS OF FAILURES
0 ACTUAL DISTINCT FAILURES

2574 BRANCHES COVERED
2001 STATEMENTS COVERED
