2017-12-28 16:38:19.999940: I tensorflow/core/platform/cpu_feature_guard.cc:137] Your CPU supports instructions that this TensorFlow binary was not compiled to use: SSE4.2 AVX AVX2 FMA
Random testing using config=Config(noExceptionMatch=False, generalize=False, localize=False, speed='FAST', probs=None, LOCBaseline=0.2, noAlphaConvert=False, replayable=False, essentials=False, noCoverageExploit=False, quickTests=False, html=None, keepLast=False, stopWhenNoCoverage=None, generateLOC=None, computeFeatureStats=False, Pmutate=0.8, timeout=60, output='failure.50379.test', markov=None, noSwarmDependencies=False, startExploit=0.0, maxMustHitBranch=None, useHints=False, silentFail=False, highLowSwarm=None, maxMustHitStatement=None, progress=False, postCover=False, swarmLength=None, noCover=False, noEnumerateEnabled=False, full=True, swarmP=0.5, coverFile='coverage.out', markovP=1.0, swarmProbs=None, genDepth=None, exploitCeiling=0.1, logging=None, noCheck=False, throughput=False, uncaught=False, swarmSwitch=None, verbose=False, reducePool=False, exploit=0.8, fastQuickAnalysis=False, total=False, verboseExploit=False, swarm=False, sequenceP=1.0, biasLOC=None, timedProgress=30, relax=False, ddmin=False, stutter=None, readQuick=False, verboseActions=False, quickAnalysis=False, noReassign=False, sequenceSize=3, LOCProbs=False, sequencesFromTests=None, maxTests=-1, trackMaxCoverage=None, useQuickSequences=False, exploitBestHint=1, failedLogging=None, stopWhenStatements=None, greedyStutter=False, seed=None, stopWhenHitStatement=None, uniqueValuesAnalysis=False, normalize=False, startExploitStall=0, enumerateEnabled=False, internal=False, profile=False, multiple=True, stopWhenBranches=None, running=False, compareFails=False, Pcrossover=0.2, stopWhenHitBranch=None, depth=100, showActions=False)
** STARTING EXPLOITATION OF TESTS AT TIME 0.103772878647 AFTER 0 TESTS WITH NO NEW COVERAGE **
Tensor("Mul_1:0", dtype=float32)
Tensor("Mul_12:0", dtype=float32)
Tensor("Mul_16:0", dtype=float32)
Tensor("j:0", dtype=float32)
Tensor("Add_24:0", dtype=float32)
Tensor("truediv_27:0", dtype=float32)
Tensor("Add_32:0", dtype=float32)
Tensor("Add_40:0", dtype=float32)
Tensor("Add_46:0", dtype=float32)
Tensor("Add_47:0", dtype=float32)
Tensor("Add_52:0", dtype=float32)
Tensor("Add_58:0", dtype=float32)
Tensor("Add_61:0", dtype=float32)
Tensor("t_1:0", dtype=float32)
Tensor("Square_18:0", dtype=float32)
Tensor("Mul_55:0", dtype=float32)
Tensor("mul_5:0", dtype=float32)
Tensor("mul_8:0", dtype=float32)
Tensor("truediv_79:0", dtype=float32)
Tensor("truediv_84:0", dtype=float32)
TEST #7 STEP #29 (0:00:30.023379) Thu Dec 28 16:38:45 2017 [ 2122 stmts 2738 branches ] 629 TOTAL ACTIONS (20.950340172/s)
Tensor("Mul_82:0", dtype=float32)
Tensor("Mul_99:0", dtype=float32)
Tensor("z_1:0", dtype=float32)
Tensor("Add_125:0", dtype=float32)
Tensor("truediv_141:0", dtype=float32)
STOPPING TEST DUE TO TIMEOUT, TERMINATED AT LENGTH 14
STOPPING TESTING DUE TO TIMEOUT
1.70726786705 PERCENT COVERED
77.6271848679 TOTAL RUNTIME
13 EXECUTED
1214 TOTAL TEST OPERATIONS
59.3534736633 TIME SPENT EXECUTING TEST OPERATIONS
0.304498672485 TIME SPENT EVALUATING GUARDS AND CHOOSING ACTIONS
0.00187230110168 TIME SPENT CHECKING PROPERTIES
59.3553459644 TOTAL TIME SPENT RUNNING SUT
0.151536226273 TIME SPENT RESTARTING
0.0 TIME SPENT REDUCING TEST CASES
0 FAILED
0 REPEATS OF FAILURES
0 ACTUAL DISTINCT FAILURES

2758 BRANCHES COVERED
2138 STATEMENTS COVERED
