2017-12-28 23:46:51.468132: I tensorflow/core/platform/cpu_feature_guard.cc:137] Your CPU supports instructions that this TensorFlow binary was not compiled to use: SSE4.2 AVX AVX2 FMA
Random testing using config=Config(noExceptionMatch=False, generalize=False, localize=False, speed='FAST', probs='locsample.probs', LOCBaseline=0.2, noAlphaConvert=False, replayable=False, essentials=False, noCoverageExploit=False, quickTests=False, html=None, keepLast=False, stopWhenNoCoverage=None, generateLOC=None, computeFeatureStats=False, Pmutate=0.0, timeout=60, output='failure.63672.test', markov=None, noSwarmDependencies=False, startExploit=0.0, maxMustHitBranch=None, useHints=False, silentFail=False, highLowSwarm=None, maxMustHitStatement=None, progress=False, postCover=False, swarmLength=None, noCover=False, noEnumerateEnabled=False, full=True, swarmP=0.5, coverFile='coverage.out', markovP=1.0, swarmProbs=None, genDepth=None, exploitCeiling=0.1, logging=None, noCheck=False, throughput=False, uncaught=False, swarmSwitch=None, verbose=False, reducePool=False, exploit=None, fastQuickAnalysis=False, total=False, verboseExploit=False, swarm=False, sequenceP=1.0, biasLOC=None, timedProgress=30, relax=False, ddmin=False, stutter=None, readQuick=False, verboseActions=False, quickAnalysis=False, noReassign=False, sequenceSize=3, LOCProbs=False, sequencesFromTests=None, maxTests=-1, trackMaxCoverage=None, useQuickSequences=False, exploitBestHint=1, failedLogging=None, stopWhenStatements=None, greedyStutter=False, seed=None, stopWhenHitStatement=None, uniqueValuesAnalysis=False, normalize=False, startExploitStall=0, enumerateEnabled=False, internal=False, profile=False, multiple=True, stopWhenBranches=None, running=False, compareFails=False, Pcrossover=0.2, stopWhenHitBranch=None, depth=100, showActions=False)
[nan, nan]
[0.0, 0.0]
None
None
None
[0.0, array([ 0.], dtype=float32)]
None
None
None
None
Tensor("Add_3:0", dtype=float32)
None
None
None
None
None
Tensor("mul_9:0", shape=(1,), dtype=float32)
Tensor("sub_5:0", shape=(1,), dtype=float32)
Tensor("add_11:0", shape=(1,), dtype=float32)
None
None
None
None
None
[array([ 1.], dtype=float32), array([ 0.], dtype=float32)]
None
None
TEST #5 STEP #96 (0:00:30.001371) Thu Dec 28 23:47:19 2017 [ 2063 stmts 2666 branches ] (no cov+ for 1 tests) 496 TOTAL ACTIONS (16.5325778459/s)
None
None
Tensor("Sum_11:0", shape=(), dtype=float32)
Tensor("sub_16:0", shape=(1,), dtype=float32)
Tensor("Sum_12:0", shape=(), dtype=float32)
None
None
None
<tf.Variable 'Variable_38:0' shape=(1,) dtype=float32_ref>
None
None
None
None
None
Tensor("Sub_25:0", dtype=float32)
[0.0, 0.0]
Tensor("Mul_27:0", dtype=float32)
<tf.Variable 'Variable_45:0' shape=(1,) dtype=float32_ref>
<tf.Variable 'Variable_46:0' shape=(1,) dtype=float32_ref>
STOPPING TEST DUE TO TIMEOUT, TERMINATED AT LENGTH 86
STOPPING TESTING DUE TO TIMEOUT
1.67007111515 PERCENT COVERED
80.6516909599 TOTAL RUNTIME
10 EXECUTED
986 TOTAL TEST OPERATIONS
57.4040892124 TIME SPENT EXECUTING TEST OPERATIONS
2.40205764771 TIME SPENT EVALUATING GUARDS AND CHOOSING ACTIONS
0.00165438652039 TIME SPENT CHECKING PROPERTIES
57.4057435989 TOTAL TIME SPENT RUNNING SUT
0.17499756813 TIME SPENT RESTARTING
0.0 TIME SPENT REDUCING TEST CASES
0 FAILED
0 REPEATS OF FAILURES
0 ACTUAL DISTINCT FAILURES

2692 BRANCHES COVERED
2076 STATEMENTS COVERED
