2017-12-28 13:03:50.596521: I tensorflow/core/platform/cpu_feature_guard.cc:137] Your CPU supports instructions that this TensorFlow binary was not compiled to use: SSE4.2 AVX AVX2 FMA
Random testing using config=Config(noExceptionMatch=False, generalize=False, localize=False, speed='FAST', probs='locsample.probs', LOCBaseline=0.2, noAlphaConvert=False, replayable=False, essentials=False, noCoverageExploit=False, quickTests=False, html=None, keepLast=False, stopWhenNoCoverage=None, generateLOC=None, computeFeatureStats=False, Pmutate=0.0, timeout=60, output='failure.43905.test', markov=None, noSwarmDependencies=False, startExploit=0.0, maxMustHitBranch=None, useHints=False, silentFail=False, highLowSwarm=None, maxMustHitStatement=None, progress=False, postCover=False, swarmLength=None, noCover=False, noEnumerateEnabled=False, full=True, swarmP=0.5, coverFile='coverage.out', markovP=1.0, swarmProbs=None, genDepth=None, exploitCeiling=0.1, logging=None, noCheck=False, throughput=False, uncaught=False, swarmSwitch=None, verbose=False, reducePool=False, exploit=None, fastQuickAnalysis=False, total=False, verboseExploit=False, swarm=False, sequenceP=1.0, biasLOC=None, timedProgress=30, relax=False, ddmin=False, stutter=None, readQuick=False, verboseActions=False, quickAnalysis=False, noReassign=False, sequenceSize=3, LOCProbs=False, sequencesFromTests=None, maxTests=-1, trackMaxCoverage=None, useQuickSequences=False, exploitBestHint=1, failedLogging=None, stopWhenStatements=None, greedyStutter=False, seed=None, stopWhenHitStatement=None, uniqueValuesAnalysis=False, normalize=False, startExploitStall=0, enumerateEnabled=False, internal=False, profile=False, multiple=True, stopWhenBranches=None, running=False, compareFails=False, Pcrossover=0.2, stopWhenHitBranch=None, depth=100, showActions=False)
None
None
None
None
None
None
None
None
None
[array([ 0.], dtype=float32), array([ 0.], dtype=float32)]
None
None
None
Tensor("Add_9:0", dtype=float32)
None
None
None
Tensor("add_11:0", shape=(1,), dtype=float32)
Tensor("Square_7:0", shape=(1,), dtype=float32)
Tensor("Const_7:0", shape=(), dtype=float32)
None
None
None
None
None
None
None
None
None
None
None
Tensor("Sub_18:0", dtype=float32)
None
TEST #6 STEP #85 (0:00:30.028812) Thu Dec 28 13:04:20 2017 [ 1633 stmts 2103 branches ] (no cov+ for 1 tests) 585 TOTAL ACTIONS (19.4812900586/s)
None
Tensor("Mul_18:0", dtype=float32)
None
None
[1.0, 1.0]
Tensor("mul_26:0", dtype=float32)
None
None
None
[-1.0, array([ 0.], dtype=float32)]
None
None
[array([ 0.], dtype=float32), array([ 0.], dtype=float32)]
[array([ nan], dtype=float32), 0.0]
Tensor("Square_26:0", shape=(1,), dtype=float32)
Tensor("add_31:0", shape=(1,), dtype=float32)
Tensor("l_5:0", dtype=float32)
Tensor("Add_28:0", shape=(), dtype=float32)
Tensor("sub_25:0", shape=(), dtype=float32)
STOPPING TEST DUE TO TIMEOUT, TERMINATED AT LENGTH 64
STOPPING TESTING DUE TO TIMEOUT
1.80435769405 PERCENT COVERED
78.6382551193 TOTAL RUNTIME
12 EXECUTED
1164 TOTAL TEST OPERATIONS
57.2481648922 TIME SPENT EXECUTING TEST OPERATIONS
2.56657600403 TIME SPENT EVALUATING GUARDS AND CHOOSING ACTIONS
0.00171804428101 TIME SPENT CHECKING PROPERTIES
57.2498829365 TOTAL TIME SPENT RUNNING SUT
0.164699316025 TIME SPENT RESTARTING
0.0 TIME SPENT REDUCING TEST CASES
0 FAILED
0 REPEATS OF FAILURES
0 ACTUAL DISTINCT FAILURES

2906 BRANCHES COVERED
2259 STATEMENTS COVERED
