2017-12-28 13:52:38.182226: I tensorflow/core/platform/cpu_feature_guard.cc:137] Your CPU supports instructions that this TensorFlow binary was not compiled to use: SSE4.2 AVX AVX2 FMA
Random testing using config=Config(noExceptionMatch=False, generalize=False, localize=False, speed='FAST', probs='locsample.probs', LOCBaseline=0.2, noAlphaConvert=False, replayable=False, essentials=False, noCoverageExploit=False, quickTests=False, html=None, keepLast=False, stopWhenNoCoverage=None, generateLOC=None, computeFeatureStats=False, Pmutate=0.0, timeout=60, output='failure.45314.test', markov=None, noSwarmDependencies=False, startExploit=0.0, maxMustHitBranch=None, useHints=False, silentFail=False, highLowSwarm=None, maxMustHitStatement=None, progress=False, postCover=False, swarmLength=None, noCover=False, noEnumerateEnabled=False, full=True, swarmP=0.5, coverFile='coverage.out', markovP=1.0, swarmProbs=None, genDepth=None, exploitCeiling=0.1, logging=None, noCheck=False, throughput=False, uncaught=False, swarmSwitch=None, verbose=False, reducePool=False, exploit=None, fastQuickAnalysis=False, total=False, verboseExploit=False, swarm=False, sequenceP=1.0, biasLOC=None, timedProgress=30, relax=False, ddmin=False, stutter=None, readQuick=False, verboseActions=False, quickAnalysis=False, noReassign=False, sequenceSize=3, LOCProbs=False, sequencesFromTests=None, maxTests=-1, trackMaxCoverage=None, useQuickSequences=False, exploitBestHint=1, failedLogging=None, stopWhenStatements=None, greedyStutter=False, seed=None, stopWhenHitStatement=None, uniqueValuesAnalysis=False, normalize=False, startExploitStall=0, enumerateEnabled=False, internal=False, profile=False, multiple=True, stopWhenBranches=None, running=False, compareFails=False, Pcrossover=0.2, stopWhenHitBranch=None, depth=100, showActions=False)
None
Tensor("Sub:0", shape=(), dtype=float32)
None
None
None
None
None
None
None
None
None
None
None
None
None
None
Tensor("Square_10:0", shape=(1,), dtype=float32)
<tf.Variable 'Variable_10:0' shape=(1,) dtype=float32_ref>
Tensor("Square_9:0", shape=(1,), dtype=float32)
None
None
TEST #6 STEP #19 (0:00:30.046047) Thu Dec 28 13:53:06 2017 [ 2413 stmts 3114 branches ] 519 TOTAL ACTIONS (17.2734869409/s)
None
None
None
Tensor("Mul_25:0", dtype=float32)
Tensor("v_1:0", dtype=float32)
Tensor("truediv_32:0", dtype=float32)
Tensor("sub_14:0", dtype=float32)
None
None
None
None
None
None
Tensor("Sub_37:0", dtype=float32)
Tensor("Mul_34:0", dtype=float32)
Tensor("Sum_42:0", dtype=float32)
Tensor("sub_21:0", dtype=float32)
Tensor("Sum_43:0", dtype=float32)
STOPPING TEST DUE TO TIMEOUT, TERMINATED AT LENGTH 36
STOPPING TESTING DUE TO TIMEOUT
1.91910021688 PERCENT COVERED
78.9130001068 TOTAL RUNTIME
11 EXECUTED
1036 TOTAL TEST OPERATIONS
57.5816707611 TIME SPENT EXECUTING TEST OPERATIONS
2.24270391464 TIME SPENT EVALUATING GUARDS AND CHOOSING ACTIONS
0.00170040130615 TIME SPENT CHECKING PROPERTIES
57.5833711624 TOTAL TIME SPENT RUNNING SUT
0.160434007645 TIME SPENT RESTARTING
0.0 TIME SPENT REDUCING TEST CASES
0 FAILED
0 REPEATS OF FAILURES
0 ACTUAL DISTINCT FAILURES

3114 BRANCHES COVERED
2413 STATEMENTS COVERED
