2017-12-28 22:32:48.873400: I tensorflow/core/platform/cpu_feature_guard.cc:137] Your CPU supports instructions that this TensorFlow binary was not compiled to use: SSE4.2 AVX AVX2 FMA
Random testing using config=Config(noExceptionMatch=False, generalize=False, localize=False, speed='FAST', probs='locsample.probs', LOCBaseline=0.2, noAlphaConvert=False, replayable=False, essentials=False, noCoverageExploit=False, quickTests=False, html=None, keepLast=False, stopWhenNoCoverage=None, generateLOC=None, computeFeatureStats=False, Pmutate=0.0, timeout=60, output='failure.61658.test', markov=None, noSwarmDependencies=False, startExploit=0.0, maxMustHitBranch=None, useHints=False, silentFail=False, highLowSwarm=None, maxMustHitStatement=None, progress=False, postCover=False, swarmLength=None, noCover=False, noEnumerateEnabled=False, full=True, swarmP=0.5, coverFile='coverage.out', markovP=1.0, swarmProbs=None, genDepth=None, exploitCeiling=0.1, logging=None, noCheck=False, throughput=False, uncaught=False, swarmSwitch=None, verbose=False, reducePool=False, exploit=None, fastQuickAnalysis=False, total=False, verboseExploit=False, swarm=False, sequenceP=1.0, biasLOC=None, timedProgress=30, relax=False, ddmin=False, stutter=None, readQuick=False, verboseActions=False, quickAnalysis=False, noReassign=False, sequenceSize=3, LOCProbs=False, sequencesFromTests=None, maxTests=-1, trackMaxCoverage=None, useQuickSequences=False, exploitBestHint=1, failedLogging=None, stopWhenStatements=None, greedyStutter=False, seed=None, stopWhenHitStatement=None, uniqueValuesAnalysis=False, normalize=False, startExploitStall=0, enumerateEnabled=False, internal=False, profile=False, multiple=True, stopWhenBranches=None, running=False, compareFails=False, Pcrossover=0.2, stopWhenHitBranch=None, depth=100, showActions=False)
Tensor("Sum_6:0", dtype=float32)
Tensor("Sum_6:0", dtype=float32)
None
None
None
None
None
[1.0, 1.0]
None
None
None
None
None
None
None
None
None
None
None
None
<tf.Variable 'Variable_11:0' shape=(1,) dtype=float32_ref>
None
None
Tensor("sub_8:0", dtype=float32)
None
None
None
Tensor("Sum_22:0", dtype=float32)
None
None
None
TEST #5 STEP #96 (0:00:30.022956) Thu Dec 28 22:33:14 2017 [ 2079 stmts 2692 branches ] 496 TOTAL ACTIONS (16.5206916269/s)
Tensor("Add_15:0", shape=(1,), dtype=float32)
None
None
None
None
None
None
None
None
None
Tensor("Const_11:0", shape=(), dtype=float32)
None
None
None
None
None
Tensor("Square_36:0", shape=(1,), dtype=float32)
STOPPING TEST DUE TO TIMEOUT, TERMINATED AT LENGTH 79
STOPPING TESTING DUE TO TIMEOUT
1.75455187371 PERCENT COVERED
80.8444151878 TOTAL RUNTIME
10 EXECUTED
979 TOTAL TEST OPERATIONS
57.4965252876 TIME SPENT EXECUTING TEST OPERATIONS
2.48892426491 TIME SPENT EVALUATING GUARDS AND CHOOSING ACTIONS
0.00165390968323 TIME SPENT CHECKING PROPERTIES
57.4981791973 TOTAL TIME SPENT RUNNING SUT
0.169531583786 TIME SPENT RESTARTING
0.0 TIME SPENT REDUCING TEST CASES
0 FAILED
0 REPEATS OF FAILURES
0 ACTUAL DISTINCT FAILURES

2832 BRANCHES COVERED
2181 STATEMENTS COVERED
