2017-12-28 21:01:28.093590: I tensorflow/core/platform/cpu_feature_guard.cc:137] Your CPU supports instructions that this TensorFlow binary was not compiled to use: SSE4.2 AVX AVX2 FMA
Random testing using config=Config(noExceptionMatch=False, generalize=False, localize=False, speed='FAST', probs='locsample.probs', LOCBaseline=0.2, noAlphaConvert=False, replayable=False, essentials=False, noCoverageExploit=False, quickTests=False, html=None, keepLast=False, stopWhenNoCoverage=None, generateLOC=None, computeFeatureStats=False, Pmutate=0.0, timeout=60, output='failure.58916.test', markov=None, noSwarmDependencies=False, startExploit=0.0, maxMustHitBranch=None, useHints=False, silentFail=False, highLowSwarm=None, maxMustHitStatement=None, progress=False, postCover=False, swarmLength=None, noCover=False, noEnumerateEnabled=False, full=True, swarmP=0.5, coverFile='coverage.out', markovP=1.0, swarmProbs=None, genDepth=None, exploitCeiling=0.1, logging=None, noCheck=False, throughput=False, uncaught=False, swarmSwitch=None, verbose=False, reducePool=False, exploit=None, fastQuickAnalysis=False, total=False, verboseExploit=False, swarm=False, sequenceP=1.0, biasLOC=None, timedProgress=30, relax=False, ddmin=False, stutter=None, readQuick=False, verboseActions=False, quickAnalysis=False, noReassign=False, sequenceSize=3, LOCProbs=False, sequencesFromTests=None, maxTests=-1, trackMaxCoverage=None, useQuickSequences=False, exploitBestHint=1, failedLogging=None, stopWhenStatements=None, greedyStutter=False, seed=None, stopWhenHitStatement=None, uniqueValuesAnalysis=False, normalize=False, startExploitStall=0, enumerateEnabled=False, internal=False, profile=False, multiple=True, stopWhenBranches=None, running=False, compareFails=False, Pcrossover=0.2, stopWhenHitBranch=None, depth=100, showActions=False)
Tensor("Sum_1:0", dtype=float32)
Tensor("s:0", dtype=float32)
<tf.Variable 'Variable:0' shape=(1,) dtype=float32_ref>
Tensor("sub:0", dtype=float32)
None
None
Tensor("mul:0", dtype=float32)
None
None
None
None
None
Tensor("Const_7:0", shape=(), dtype=float32)
None
None
Tensor("Add_12:0", dtype=float32)
None
Tensor("Const_10:0", shape=(), dtype=float32)
TEST #6 STEP #33 (0:00:30.043244) Thu Dec 28 21:01:51 2017 [ 2406 stmts 3105 branches ] (no cov+ for 1 tests) 533 TOTAL ACTIONS (17.7410933989/s)
None
None
[array([ 2.], dtype=float32), 9.0]
[4.0, 8.0]
[8.0, 8.0]
None
None
[2.0, 8.0]
name: "GradientDescent_3"
op: "NoOp"
input: "^GradientDescent_3/update_Variable_16/ApplyGradientDescent"

None
None
None
None
None
None
None
None
[1.0, 1.0]
None
None
None
STOPPING TEST DUE TO TIMEOUT, TERMINATED AT LENGTH 20
STOPPING TESTING DUE TO TIMEOUT
1.9512533414 PERCENT COVERED
78.7758171558 TOTAL RUNTIME
11 EXECUTED
1020 TOTAL TEST OPERATIONS
57.5017545223 TIME SPENT EXECUTING TEST OPERATIONS
2.31219244003 TIME SPENT EVALUATING GUARDS AND CHOOSING ACTIONS
0.00166797637939 TIME SPENT CHECKING PROPERTIES
57.5034224987 TOTAL TIME SPENT RUNNING SUT
0.173308134079 TIME SPENT RESTARTING
0.0 TIME SPENT REDUCING TEST CASES
0 FAILED
0 REPEATS OF FAILURES
0 ACTUAL DISTINCT FAILURES

3168 BRANCHES COVERED
2453 STATEMENTS COVERED
