2017-12-28 16:58:29.870595: I tensorflow/core/platform/cpu_feature_guard.cc:137] Your CPU supports instructions that this TensorFlow binary was not compiled to use: SSE4.2 AVX AVX2 FMA
Random testing using config=Config(noExceptionMatch=False, generalize=False, localize=False, speed='FAST', probs='locsample.probs', LOCBaseline=0.2, noAlphaConvert=False, replayable=False, essentials=False, noCoverageExploit=False, quickTests=False, html=None, keepLast=False, stopWhenNoCoverage=None, generateLOC=None, computeFeatureStats=False, Pmutate=0.0, timeout=60, output='failure.51026.test', markov=None, noSwarmDependencies=False, startExploit=0.0, maxMustHitBranch=None, useHints=False, silentFail=False, highLowSwarm=None, maxMustHitStatement=None, progress=False, postCover=False, swarmLength=None, noCover=False, noEnumerateEnabled=False, full=True, swarmP=0.5, coverFile='coverage.out', markovP=1.0, swarmProbs=None, genDepth=None, exploitCeiling=0.1, logging=None, noCheck=False, throughput=False, uncaught=False, swarmSwitch=None, verbose=False, reducePool=False, exploit=None, fastQuickAnalysis=False, total=False, verboseExploit=False, swarm=False, sequenceP=1.0, biasLOC=None, timedProgress=30, relax=False, ddmin=False, stutter=None, readQuick=False, verboseActions=False, quickAnalysis=False, noReassign=False, sequenceSize=3, LOCProbs=False, sequencesFromTests=None, maxTests=-1, trackMaxCoverage=None, useQuickSequences=False, exploitBestHint=1, failedLogging=None, stopWhenStatements=None, greedyStutter=False, seed=None, stopWhenHitStatement=None, uniqueValuesAnalysis=False, normalize=False, startExploitStall=0, enumerateEnabled=False, internal=False, profile=False, multiple=True, stopWhenBranches=None, running=False, compareFails=False, Pcrossover=0.2, stopWhenHitBranch=None, depth=100, showActions=False)
name: "GradientDescent"
op: "NoOp"
input: "^GradientDescent/update_Variable/ApplyGradientDescent"

name: "GradientDescent"
op: "NoOp"
input: "^GradientDescent/update_Variable/ApplyGradientDescent"

None
None
None
None
[None, array([ 0.], dtype=float32)]
None
<tf.Variable 'Variable_10:0' shape=(1,) dtype=float32_ref>
Tensor("Sum_8:0", dtype=float32)
None
None
None
Tensor("Sum_9:0", shape=(), dtype=float32)
Tensor("add_9:0", dtype=float32)
Tensor("Mul_13:0", dtype=float32)
None
None
None
TEST #6 STEP #65 (0:00:30.018063) Thu Dec 28 16:58:55 2017 [ 2363 stmts 3066 branches ] (no cov+ for 1 tests) 565 TOTAL ACTIONS (18.8220005639/s)
Tensor("add_16:0", shape=(), dtype=float32)
None
<tf.Variable 'Variable_24:0' shape=(1,) dtype=float32_ref>
[2.0, array([ 6.], dtype=float32)]
None
None
Tensor("Mul_19:0", shape=(), dtype=float32)
None
[4.0, 0.0]
[array([ nan], dtype=float32), array([ nan], dtype=float32)]
Tensor("truediv_21:0", dtype=float32)
Tensor("Sum_30:0", dtype=float32)
None
None
None
None
None
None
None
None
[array([ 0.], dtype=float32), array([ 0.], dtype=float32)]
None
None
[array([ 0.], dtype=float32), 0.0]
None
Tensor("i_1:0", dtype=float32)
<tf.Variable 'Variable_36:0' shape=(1,) dtype=float32_ref>
None
None
STOPPING TEST DUE TO TIMEOUT, TERMINATED AT LENGTH 15
STOPPING TESTING DUE TO TIMEOUT
1.89072981288 PERCENT COVERED
78.7563180923 TOTAL RUNTIME
12 EXECUTED
1115 TOTAL TEST OPERATIONS
57.5541217327 TIME SPENT EXECUTING TEST OPERATIONS
2.29805803299 TIME SPENT EVALUATING GUARDS AND CHOOSING ACTIONS
0.00156426429749 TIME SPENT CHECKING PROPERTIES
57.555685997 TOTAL TIME SPENT RUNNING SUT
0.165947914124 TIME SPENT RESTARTING
0.0 TIME SPENT REDUCING TEST CASES
0 FAILED
0 REPEATS OF FAILURES
0 ACTUAL DISTINCT FAILURES

3068 BRANCHES COVERED
2364 STATEMENTS COVERED
