2017-12-28 15:18:46.049212: I tensorflow/core/platform/cpu_feature_guard.cc:137] Your CPU supports instructions that this TensorFlow binary was not compiled to use: SSE4.2 AVX AVX2 FMA
Random testing using config=Config(noExceptionMatch=False, generalize=False, localize=False, speed='FAST', probs='locsample.probs', LOCBaseline=0.2, noAlphaConvert=False, replayable=False, essentials=False, noCoverageExploit=False, quickTests=False, html=None, keepLast=False, stopWhenNoCoverage=None, generateLOC=None, computeFeatureStats=False, Pmutate=0.8, timeout=60, output='failure.47699.test', markov=None, noSwarmDependencies=False, startExploit=0.0, maxMustHitBranch=None, useHints=False, silentFail=False, highLowSwarm=None, maxMustHitStatement=None, progress=False, postCover=False, swarmLength=None, noCover=False, noEnumerateEnabled=False, full=True, swarmP=0.5, coverFile='coverage.out', markovP=1.0, swarmProbs=None, genDepth=None, exploitCeiling=0.1, logging=None, noCheck=False, throughput=False, uncaught=False, swarmSwitch=None, verbose=False, reducePool=False, exploit=0.8, fastQuickAnalysis=False, total=False, verboseExploit=False, swarm=False, sequenceP=1.0, biasLOC=None, timedProgress=30, relax=False, ddmin=False, stutter=None, readQuick=False, verboseActions=False, quickAnalysis=False, noReassign=False, sequenceSize=3, LOCProbs=False, sequencesFromTests=None, maxTests=-1, trackMaxCoverage=None, useQuickSequences=False, exploitBestHint=1, failedLogging=None, stopWhenStatements=None, greedyStutter=False, seed=None, stopWhenHitStatement=None, uniqueValuesAnalysis=False, normalize=False, startExploitStall=0, enumerateEnabled=False, internal=False, profile=False, multiple=True, stopWhenBranches=None, running=False, compareFails=False, Pcrossover=0.2, stopWhenHitBranch=None, depth=100, showActions=False)
** STARTING EXPLOITATION OF TESTS AT TIME 0.113937854767 AFTER 0 TESTS WITH NO NEW COVERAGE **
None
None
None
Tensor("Sum_4:0", dtype=float32)
Tensor("Sum_8:0", dtype=float32)
None
Tensor("Sum_15:0", dtype=float32)
Tensor("Square_11:0", dtype=float32)
Tensor("sub_3:0", shape=(), dtype=float32)
None
None
None
None
None
None
None
None
None
None
None
None
None
None
None
None
[array([ 0.], dtype=float32), array([ 0.], dtype=float32)]
None
[0.0, nan]
TEST #6 STEP #76 (0:00:30.043647) Thu Dec 28 15:19:14 2017 [ 2369 stmts 3056 branches ] (no cov+ for 1 tests) 576 TOTAL ACTIONS (19.1721066219/s)
[nan, nan]
None
None
None
None
None
None
None
None
None
None
None
None
None
None
None
None
None
None
None
None
None
Tensor("truediv_44:0", shape=(), dtype=float32)
None
None
Tensor("mul_14:0", shape=(), dtype=float32)
STOPPING TEST DUE TO TIMEOUT, TERMINATED AT LENGTH 16
STOPPING TESTING DUE TO TIMEOUT
1.90586069501 PERCENT COVERED
77.1799988747 TOTAL RUNTIME
12 EXECUTED
1116 TOTAL TEST OPERATIONS
57.194434166 TIME SPENT EXECUTING TEST OPERATIONS
2.27509450912 TIME SPENT EVALUATING GUARDS AND CHOOSING ACTIONS
0.00163984298706 TIME SPENT CHECKING PROPERTIES
57.1960740089 TOTAL TIME SPENT RUNNING SUT
0.173527956009 TIME SPENT RESTARTING
0.0 TIME SPENT REDUCING TEST CASES
0 FAILED
0 REPEATS OF FAILURES
0 ACTUAL DISTINCT FAILURES

3099 BRANCHES COVERED
2404 STATEMENTS COVERED
