2017-12-28 23:52:25.330625: I tensorflow/core/platform/cpu_feature_guard.cc:137] Your CPU supports instructions that this TensorFlow binary was not compiled to use: SSE4.2 AVX AVX2 FMA
Random testing using config=Config(noExceptionMatch=False, generalize=False, localize=False, speed='FAST', probs='locsample.probs', LOCBaseline=0.2, noAlphaConvert=False, replayable=False, essentials=False, noCoverageExploit=False, quickTests=False, html=None, keepLast=False, stopWhenNoCoverage=None, generateLOC=None, computeFeatureStats=False, Pmutate=0.8, timeout=60, output='failure.63819.test', markov=None, noSwarmDependencies=False, startExploit=0.0, maxMustHitBranch=None, useHints=False, silentFail=False, highLowSwarm=None, maxMustHitStatement=None, progress=False, postCover=False, swarmLength=None, noCover=False, noEnumerateEnabled=False, full=True, swarmP=0.5, coverFile='coverage.out', markovP=1.0, swarmProbs=None, genDepth=None, exploitCeiling=0.1, logging=None, noCheck=False, throughput=False, uncaught=False, swarmSwitch=None, verbose=False, reducePool=False, exploit=0.8, fastQuickAnalysis=False, total=False, verboseExploit=False, swarm=False, sequenceP=1.0, biasLOC=None, timedProgress=30, relax=False, ddmin=False, stutter=None, readQuick=False, verboseActions=False, quickAnalysis=False, noReassign=False, sequenceSize=3, LOCProbs=False, sequencesFromTests=None, maxTests=-1, trackMaxCoverage=None, useQuickSequences=False, exploitBestHint=1, failedLogging=None, stopWhenStatements=None, greedyStutter=False, seed=None, stopWhenHitStatement=None, uniqueValuesAnalysis=False, normalize=False, startExploitStall=0, enumerateEnabled=False, internal=False, profile=False, multiple=True, stopWhenBranches=None, running=False, compareFails=False, Pcrossover=0.2, stopWhenHitBranch=None, depth=100, showActions=False)
** STARTING EXPLOITATION OF TESTS AT TIME 0.125764846802 AFTER 0 TESTS WITH NO NEW COVERAGE **
Tensor("Square:0", dtype=float32)
Tensor("Sum_5:0", dtype=float32)
<tf.Variable 'Variable_1:0' shape=(1,) dtype=float32_ref>
None
[0.0, 0.0]
None
None
[2.0, 0.0]
None
[-2.0, 4.0]
None
None
None
None
None
None
None
None
None
None
TEST #5 STEP #76 (0:00:30.049131) Thu Dec 28 23:52:49 2017 [ 2339 stmts 3023 branches ] 476 TOTAL ACTIONS (15.8407243564/s)
None
None
None
None
None
Tensor("Sub_34:0", dtype=float32)
None
None
None
Tensor("Square_22:0", dtype=float32)
None
None
Tensor("r_2:0", dtype=float32)
None
None
None
[1.0, 1.0]
None
None
STOPPING TEST DUE TO TIMEOUT, TERMINATED AT LENGTH 16
STOPPING TESTING DUE TO TIMEOUT
1.88631663893 PERCENT COVERED
81.313325882 TOTAL RUNTIME
10 EXECUTED
916 TOTAL TEST OPERATIONS
57.4062957764 TIME SPENT EXECUTING TEST OPERATIONS
2.15337395668 TIME SPENT EVALUATING GUARDS AND CHOOSING ACTIONS
0.00162243843079 TIME SPENT CHECKING PROPERTIES
57.4079182148 TOTAL TIME SPENT RUNNING SUT
0.176521778107 TIME SPENT RESTARTING
0.0 TIME SPENT REDUCING TEST CASES
0 FAILED
0 REPEATS OF FAILURES
0 ACTUAL DISTINCT FAILURES

3053 BRANCHES COVERED
2361 STATEMENTS COVERED
