2017-12-28 20:01:53.263612: I tensorflow/core/platform/cpu_feature_guard.cc:137] Your CPU supports instructions that this TensorFlow binary was not compiled to use: SSE4.2 AVX AVX2 FMA
Random testing using config=Config(noExceptionMatch=False, generalize=False, localize=False, speed='FAST', probs='locsample.probs', LOCBaseline=0.2, noAlphaConvert=False, replayable=False, essentials=False, noCoverageExploit=False, quickTests=False, html=None, keepLast=False, stopWhenNoCoverage=None, generateLOC=None, computeFeatureStats=False, Pmutate=0.8, timeout=60, output='failure.56832.test', markov=None, noSwarmDependencies=False, startExploit=0.0, maxMustHitBranch=None, useHints=False, silentFail=False, highLowSwarm=None, maxMustHitStatement=None, progress=False, postCover=False, swarmLength=None, noCover=False, noEnumerateEnabled=False, full=True, swarmP=0.5, coverFile='coverage.out', markovP=1.0, swarmProbs=None, genDepth=None, exploitCeiling=0.1, logging=None, noCheck=False, throughput=False, uncaught=False, swarmSwitch=None, verbose=False, reducePool=False, exploit=0.8, fastQuickAnalysis=False, total=False, verboseExploit=False, swarm=False, sequenceP=1.0, biasLOC=None, timedProgress=30, relax=False, ddmin=False, stutter=None, readQuick=False, verboseActions=False, quickAnalysis=False, noReassign=False, sequenceSize=3, LOCProbs=False, sequencesFromTests=None, maxTests=-1, trackMaxCoverage=None, useQuickSequences=False, exploitBestHint=1, failedLogging=None, stopWhenStatements=None, greedyStutter=False, seed=None, stopWhenHitStatement=None, uniqueValuesAnalysis=False, normalize=False, startExploitStall=0, enumerateEnabled=False, internal=False, profile=False, multiple=True, stopWhenBranches=None, running=False, compareFails=False, Pcrossover=0.2, stopWhenHitBranch=None, depth=100, showActions=False)
** STARTING EXPLOITATION OF TESTS AT TIME 0.107717990875 AFTER 0 TESTS WITH NO NEW COVERAGE **
None
None
Tensor("Square_6:0", dtype=float32)
None
None
None
None
Tensor("Const:0", shape=(), dtype=float32)
None
None
None
Tensor("c:0", dtype=float32)
Tensor("truediv_7:0", dtype=float32)
None
None
None
None
None
[array([ 0.], dtype=float32), array([ 0.], dtype=float32)]
[array([ 0.], dtype=float32), array([ 0.], dtype=float32)]
None
None
None
None
None
None
None
None
None
Tensor("mul_9:0", dtype=float32)
None
None
None
None
None
None
TEST #6 STEP #47 (0:00:30.054871) Thu Dec 28 20:02:22 2017 [ 2438 stmts 3141 branches ] 547 TOTAL ACTIONS (18.2000447948/s)
None
None
None
None
None
None
None
None
None
None
None
None
None
None
None
None
None
None
None
None
None
None
None
Tensor("truediv_25:0", dtype=float32)
None
None
Tensor("truediv_36:0", dtype=float32)
None
None
STOPPING TEST DUE TO TIMEOUT, TERMINATED AT LENGTH 66
STOPPING TESTING DUE TO TIMEOUT
1.94494880718 PERCENT COVERED
79.142603159 TOTAL RUNTIME
11 EXECUTED
1066 TOTAL TEST OPERATIONS
57.402559042 TIME SPENT EXECUTING TEST OPERATIONS
2.27884173393 TIME SPENT EVALUATING GUARDS AND CHOOSING ACTIONS
0.00155687332153 TIME SPENT CHECKING PROPERTIES
57.4041159153 TOTAL TIME SPENT RUNNING SUT
0.153402090073 TIME SPENT RESTARTING
0.0 TIME SPENT REDUCING TEST CASES
0 FAILED
0 REPEATS OF FAILURES
0 ACTUAL DISTINCT FAILURES

3154 BRANCHES COVERED
2444 STATEMENTS COVERED
