2017-12-28 18:24:59.578650: I tensorflow/core/platform/cpu_feature_guard.cc:137] Your CPU supports instructions that this TensorFlow binary was not compiled to use: SSE4.2 AVX AVX2 FMA
Random testing using config=Config(noExceptionMatch=False, generalize=False, localize=False, speed='FAST', probs='locsample.probs', LOCBaseline=0.2, noAlphaConvert=False, replayable=False, essentials=False, noCoverageExploit=False, quickTests=False, html=None, keepLast=False, stopWhenNoCoverage=None, generateLOC=None, computeFeatureStats=False, Pmutate=0.8, timeout=60, output='failure.53637.test', markov=None, noSwarmDependencies=False, startExploit=0.0, maxMustHitBranch=None, useHints=False, silentFail=False, highLowSwarm=None, maxMustHitStatement=None, progress=False, postCover=False, swarmLength=None, noCover=False, noEnumerateEnabled=False, full=True, swarmP=0.5, coverFile='coverage.out', markovP=1.0, swarmProbs=None, genDepth=None, exploitCeiling=0.1, logging=None, noCheck=False, throughput=False, uncaught=False, swarmSwitch=None, verbose=False, reducePool=False, exploit=0.8, fastQuickAnalysis=False, total=False, verboseExploit=False, swarm=False, sequenceP=1.0, biasLOC=None, timedProgress=30, relax=False, ddmin=False, stutter=None, readQuick=False, verboseActions=False, quickAnalysis=False, noReassign=False, sequenceSize=3, LOCProbs=False, sequencesFromTests=None, maxTests=-1, trackMaxCoverage=None, useQuickSequences=False, exploitBestHint=1, failedLogging=None, stopWhenStatements=None, greedyStutter=False, seed=None, stopWhenHitStatement=None, uniqueValuesAnalysis=False, normalize=False, startExploitStall=0, enumerateEnabled=False, internal=False, profile=False, multiple=True, stopWhenBranches=None, running=False, compareFails=False, Pcrossover=0.2, stopWhenHitBranch=None, depth=100, showActions=False)
** STARTING EXPLOITATION OF TESTS AT TIME 0.122881889343 AFTER 0 TESTS WITH NO NEW COVERAGE **
None
None
Tensor("truediv_3:0", dtype=float32)
None
None
None
[-0.0, -1.0]
None
None
None
None
None
None
None
None
None
None
Tensor("truediv_9:0", dtype=float32)
None
None
Tensor("Add_15:0", dtype=float32)
None
TEST #6 STEP #71 (0:00:30.037502) Thu Dec 28 18:25:27 2017 [ 2347 stmts 3019 branches ] (no cov+ for 1 tests) 571 TOTAL ACTIONS (19.0095700715/s)
None
None
None
<tf.Variable 'Variable_30:0' shape=(1,) dtype=float32_ref>
None
None
Tensor("Sub_23:0", shape=(1,), dtype=float32)
None
None
None
None
None
None
None
None
None
Tensor("add_30:0", dtype=float32)
STOPPING TEST DUE TO TIMEOUT, TERMINATED AT LENGTH 96
STOPPING TESTING DUE TO TIMEOUT
1.88379482524 PERCENT COVERED
78.1080658436 TOTAL RUNTIME
11 EXECUTED
1096 TOTAL TEST OPERATIONS
57.3209626675 TIME SPENT EXECUTING TEST OPERATIONS
2.15170001984 TIME SPENT EVALUATING GUARDS AND CHOOSING ACTIONS
0.00160431861877 TIME SPENT CHECKING PROPERTIES
57.3225669861 TOTAL TIME SPENT RUNNING SUT
0.169558763504 TIME SPENT RESTARTING
0.0 TIME SPENT REDUCING TEST CASES
0 FAILED
0 REPEATS OF FAILURES
0 ACTUAL DISTINCT FAILURES

3058 BRANCHES COVERED
2372 STATEMENTS COVERED
