2017-12-28 13:57:56.949709: I tensorflow/core/platform/cpu_feature_guard.cc:137] Your CPU supports instructions that this TensorFlow binary was not compiled to use: SSE4.2 AVX AVX2 FMA
Random testing using config=Config(noExceptionMatch=False, generalize=False, localize=False, speed='FAST', probs='locsample.probs', LOCBaseline=0.2, noAlphaConvert=False, replayable=False, essentials=False, noCoverageExploit=False, quickTests=False, html=None, keepLast=False, stopWhenNoCoverage=None, generateLOC=None, computeFeatureStats=False, Pmutate=0.8, timeout=60, output='failure.45474.test', markov=None, noSwarmDependencies=False, startExploit=0.0, maxMustHitBranch=None, useHints=False, silentFail=False, highLowSwarm=None, maxMustHitStatement=None, progress=False, postCover=False, swarmLength=None, noCover=False, noEnumerateEnabled=False, full=True, swarmP=0.5, coverFile='coverage.out', markovP=1.0, swarmProbs=None, genDepth=None, exploitCeiling=0.1, logging=None, noCheck=False, throughput=False, uncaught=False, swarmSwitch=None, verbose=False, reducePool=False, exploit=0.8, fastQuickAnalysis=False, total=False, verboseExploit=False, swarm=False, sequenceP=1.0, biasLOC=None, timedProgress=30, relax=False, ddmin=False, stutter=None, readQuick=False, verboseActions=False, quickAnalysis=False, noReassign=False, sequenceSize=3, LOCProbs=False, sequencesFromTests=None, maxTests=-1, trackMaxCoverage=None, useQuickSequences=False, exploitBestHint=1, failedLogging=None, stopWhenStatements=None, greedyStutter=False, seed=None, stopWhenHitStatement=None, uniqueValuesAnalysis=False, normalize=False, startExploitStall=0, enumerateEnabled=False, internal=False, profile=False, multiple=True, stopWhenBranches=None, running=False, compareFails=False, Pcrossover=0.2, stopWhenHitBranch=None, depth=100, showActions=False)
** STARTING EXPLOITATION OF TESTS AT TIME 0.106507062912 AFTER 0 TESTS WITH NO NEW COVERAGE **
None
None
Tensor("mul_6:0", dtype=float32)
None
None
None
None
None
None
None
[nan, nan]
None
[0.0, 0.0]
[nan, 0.0]
None
None
None
None
None
None
None
[nan, 0.0]
[nan, array([ nan], dtype=float32)]
None
None
None
None
None
None
<tf.Variable 'Variable_19:0' shape=(1,) dtype=float32_ref>
None
None
None
<tf.Variable 'Variable_23:0' shape=(1,) dtype=float32_ref>
Tensor("truediv_10:0", shape=(1,), dtype=float32)
None
TEST #6 STEP #75 (0:00:30.049880) Thu Dec 28 13:58:26 2017 [ 2309 stmts 2987 branches ] 575 TOTAL ACTIONS (19.1348517687/s)
Tensor("Square_18:0", dtype=float32)
None
[array([ nan], dtype=float32), array([ nan], dtype=float32)]
None
None
None
None
None
None
Tensor("x:0", dtype=float32)
None
None
Tensor("Sum_37:0", dtype=float32)
Tensor("mul_27:0", dtype=float32)
None
None
None
Tensor("Sum_49:0", dtype=float32)
None
STOPPING TEST DUE TO TIMEOUT, TERMINATED AT LENGTH 40
STOPPING TESTING DUE TO TIMEOUT
1.85542442124 PERCENT COVERED
77.526432991 TOTAL RUNTIME
12 EXECUTED
1140 TOTAL TEST OPERATIONS
57.2322821617 TIME SPENT EXECUTING TEST OPERATIONS
2.36479473114 TIME SPENT EVALUATING GUARDS AND CHOOSING ACTIONS
0.00175523757935 TIME SPENT CHECKING PROPERTIES
57.2340373993 TOTAL TIME SPENT RUNNING SUT
0.154994726181 TIME SPENT RESTARTING
0.0 TIME SPENT REDUCING TEST CASES
0 FAILED
0 REPEATS OF FAILURES
0 ACTUAL DISTINCT FAILURES

2993 BRANCHES COVERED
2313 STATEMENTS COVERED
