2017-12-28 18:57:14.455987: I tensorflow/core/platform/cpu_feature_guard.cc:137] Your CPU supports instructions that this TensorFlow binary was not compiled to use: SSE4.2 AVX AVX2 FMA
Random testing using config=Config(noExceptionMatch=False, generalize=False, localize=False, speed='FAST', probs='locsample.probs', LOCBaseline=0.2, noAlphaConvert=False, replayable=False, essentials=False, noCoverageExploit=False, quickTests=False, html=None, keepLast=False, stopWhenNoCoverage=None, generateLOC=None, computeFeatureStats=False, Pmutate=0.8, timeout=60, output='failure.54519.test', markov=None, noSwarmDependencies=False, startExploit=0.0, maxMustHitBranch=None, useHints=False, silentFail=False, highLowSwarm=None, maxMustHitStatement=None, progress=False, postCover=False, swarmLength=None, noCover=False, noEnumerateEnabled=False, full=True, swarmP=0.5, coverFile='coverage.out', markovP=1.0, swarmProbs=None, genDepth=None, exploitCeiling=0.1, logging=None, noCheck=False, throughput=False, uncaught=False, swarmSwitch=None, verbose=False, reducePool=False, exploit=0.8, fastQuickAnalysis=False, total=False, verboseExploit=False, swarm=False, sequenceP=1.0, biasLOC=None, timedProgress=30, relax=False, ddmin=False, stutter=None, readQuick=False, verboseActions=False, quickAnalysis=False, noReassign=False, sequenceSize=3, LOCProbs=False, sequencesFromTests=None, maxTests=-1, trackMaxCoverage=None, useQuickSequences=False, exploitBestHint=1, failedLogging=None, stopWhenStatements=None, greedyStutter=False, seed=None, stopWhenHitStatement=None, uniqueValuesAnalysis=False, normalize=False, startExploitStall=0, enumerateEnabled=False, internal=False, profile=False, multiple=True, stopWhenBranches=None, running=False, compareFails=False, Pcrossover=0.2, stopWhenHitBranch=None, depth=100, showActions=False)
** STARTING EXPLOITATION OF TESTS AT TIME 0.114666223526 AFTER 0 TESTS WITH NO NEW COVERAGE **
None
None
None
None
None
None
None
None
None
None
None
Tensor("truediv_5:0", dtype=float32)
None
None
None
None
None
Tensor("Sub_7:0", shape=(1,), dtype=float32)
None
None
[0.0, 0.0]
None
None
None
None
[0.0, 0.0]
Tensor("a:0", dtype=float32)
Tensor("Const_14:0", shape=(), dtype=float32)
Tensor("truediv_12:0", dtype=float32)
Tensor("add_12:0", dtype=float32)
[0.0, 0.0]
None
None
Tensor("Square_12:0", shape=(1,), dtype=float32)
Tensor("Const_20:0", shape=(), dtype=float32)
TEST #6 STEP #79 (0:00:30.062832) Thu Dec 28 18:57:44 2017 [ 2382 stmts 3071 branches ] (no cov+ for 1 tests) 579 TOTAL ACTIONS (19.2596624877/s)
None
None
[0.0, -1.0]
None
[array([ 2.], dtype=float32), array([-2.], dtype=float32)]
None
None
None
None
[-3.0, -3.0]
None
[array([ 2.], dtype=float32), array([ 2.], dtype=float32)]
None
None
None
None
None
None
None
[array([-1.], dtype=float32), array([-1.], dtype=float32)]
[0.0, array([-1.], dtype=float32)]
[4.0, 4.0]
None
None
[array([ 1.], dtype=float32), array([ 1.], dtype=float32)]
None
None
None
Tensor("Square_23:0", dtype=float32)
None
None
None
None
None
None
None
STOPPING TEST DUE TO TIMEOUT, TERMINATED AT LENGTH 100
STOPPING TESTING DUE TO TIMEOUT
1.95188379483 PERCENT COVERED
78.9675610065 TOTAL RUNTIME
11 EXECUTED
1100 TOTAL TEST OPERATIONS
57.4731481075 TIME SPENT EXECUTING TEST OPERATIONS
2.09542965889 TIME SPENT EVALUATING GUARDS AND CHOOSING ACTIONS
0.00165605545044 TIME SPENT CHECKING PROPERTIES
57.474804163 TOTAL TIME SPENT RUNNING SUT
0.166366100311 TIME SPENT RESTARTING
0.0 TIME SPENT REDUCING TEST CASES
0 FAILED
0 REPEATS OF FAILURES
0 ACTUAL DISTINCT FAILURES

3167 BRANCHES COVERED
2453 STATEMENTS COVERED
