2017-12-29 01:31:40.745669: I tensorflow/core/platform/cpu_feature_guard.cc:137] Your CPU supports instructions that this TensorFlow binary was not compiled to use: SSE4.2 AVX AVX2 FMA
Random testing using config=Config(noExceptionMatch=False, generalize=False, localize=False, speed='FAST', probs='locsample.probs', LOCBaseline=0.2, noAlphaConvert=False, replayable=False, essentials=False, noCoverageExploit=False, quickTests=False, html=None, keepLast=False, stopWhenNoCoverage=None, generateLOC=None, computeFeatureStats=False, Pmutate=0.8, timeout=60, output='failure.66832.test', markov=None, noSwarmDependencies=False, startExploit=0.0, maxMustHitBranch=None, useHints=False, silentFail=False, highLowSwarm=None, maxMustHitStatement=None, progress=False, postCover=False, swarmLength=None, noCover=False, noEnumerateEnabled=False, full=True, swarmP=0.5, coverFile='coverage.out', markovP=1.0, swarmProbs=None, genDepth=None, exploitCeiling=0.1, logging=None, noCheck=False, throughput=False, uncaught=False, swarmSwitch=None, verbose=False, reducePool=False, exploit=0.8, fastQuickAnalysis=False, total=False, verboseExploit=False, swarm=False, sequenceP=1.0, biasLOC=None, timedProgress=30, relax=False, ddmin=False, stutter=None, readQuick=False, verboseActions=False, quickAnalysis=False, noReassign=False, sequenceSize=3, LOCProbs=False, sequencesFromTests=None, maxTests=-1, trackMaxCoverage=None, useQuickSequences=False, exploitBestHint=1, failedLogging=None, stopWhenStatements=None, greedyStutter=False, seed=None, stopWhenHitStatement=None, uniqueValuesAnalysis=False, normalize=False, startExploitStall=0, enumerateEnabled=False, internal=False, profile=False, multiple=True, stopWhenBranches=None, running=False, compareFails=False, Pcrossover=0.2, stopWhenHitBranch=None, depth=100, showActions=False)
** STARTING EXPLOITATION OF TESTS AT TIME 0.123040914536 AFTER 0 TESTS WITH NO NEW COVERAGE **
Tensor("u_7:0", dtype=float32)
None
None
None
None
None
[-1.0, 0.0]
None
None
None
None
None
None
None
Tensor("Mul_19:0", dtype=float32)
<tf.Variable 'Variable_11:0' shape=(1,) dtype=float32_ref>
None
None
TEST #5 STEP #87 (0:00:30.024166) Fri Dec 29 01:32:07 2017 [ 2098 stmts 2710 branches ] 487 TOTAL ACTIONS (16.2202674382/s)
None
<tf.Variable 'Variable_12:0' shape=(1,) dtype=float32_ref>
None
None
None
None
Tensor("z_1:0", dtype=float32)
None
None
None
None
None
None
None
[-15.0, 0.0]
[-15.0, -15.0]
None
None
None
Tensor("Sub_38:0", dtype=float32)
None
STOPPING TEST DUE TO TIMEOUT, TERMINATED AT LENGTH 36
STOPPING TESTING DUE TO TIMEOUT
1.78796590508 PERCENT COVERED
81.2312939167 TOTAL RUNTIME
10 EXECUTED
936 TOTAL TEST OPERATIONS
57.3987379074 TIME SPENT EXECUTING TEST OPERATIONS
2.13738036156 TIME SPENT EVALUATING GUARDS AND CHOOSING ACTIONS
0.00161814689636 TIME SPENT CHECKING PROPERTIES
57.4003560543 TOTAL TIME SPENT RUNNING SUT
0.16986656189 TIME SPENT RESTARTING
0.0 TIME SPENT REDUCING TEST CASES
0 FAILED
0 REPEATS OF FAILURES
0 ACTUAL DISTINCT FAILURES

2896 BRANCHES COVERED
2234 STATEMENTS COVERED
