2017-12-28 21:49:36.177931: I tensorflow/core/platform/cpu_feature_guard.cc:137] Your CPU supports instructions that this TensorFlow binary was not compiled to use: SSE4.2 AVX AVX2 FMA
Random testing using config=Config(noExceptionMatch=False, generalize=False, localize=False, speed='FAST', probs='locsample.probs', LOCBaseline=0.2, noAlphaConvert=False, replayable=False, essentials=False, noCoverageExploit=False, quickTests=False, html=None, keepLast=False, stopWhenNoCoverage=None, generateLOC=None, computeFeatureStats=False, Pmutate=0.0, timeout=60, output='failure.60319.test', markov=None, noSwarmDependencies=False, startExploit=0.0, maxMustHitBranch=None, useHints=False, silentFail=False, highLowSwarm=None, maxMustHitStatement=None, progress=False, postCover=False, swarmLength=None, noCover=False, noEnumerateEnabled=False, full=True, swarmP=0.5, coverFile='coverage.out', markovP=1.0, swarmProbs=None, genDepth=None, exploitCeiling=0.1, logging=None, noCheck=False, throughput=False, uncaught=False, swarmSwitch=None, verbose=False, reducePool=False, exploit=None, fastQuickAnalysis=False, total=False, verboseExploit=False, swarm=True, sequenceP=1.0, biasLOC=None, timedProgress=30, relax=False, ddmin=False, stutter=None, readQuick=False, verboseActions=False, quickAnalysis=False, noReassign=False, sequenceSize=3, LOCProbs=False, sequencesFromTests=None, maxTests=-1, trackMaxCoverage=None, useQuickSequences=False, exploitBestHint=1, failedLogging=None, stopWhenStatements=None, greedyStutter=False, seed=None, stopWhenHitStatement=None, uniqueValuesAnalysis=False, normalize=False, startExploitStall=0, enumerateEnabled=False, internal=False, profile=False, multiple=True, stopWhenBranches=None, running=False, compareFails=False, Pcrossover=0.2, stopWhenHitBranch=None, depth=100, showActions=False)
None
None
None
None
None
None
None
None
None
None
None
None
[0.0, 0.0]
[0.0, 0.0]
[0.0, 0.0]
None
[0.0, 0.0]
[0.0, 0.0]
None
None
None
Tensor("Mul_14:0", dtype=float32)
Tensor("Square_3:0", dtype=float32)
Tensor("Mul_29:0", shape=(1,), dtype=float32)
<tf.Variable 'Variable_5:0' shape=(1,) dtype=float32_ref>
TEST #6 STEP #51 (0:00:30.027876) Thu Dec 28 21:50:02 2017 [ 1590 stmts 2041 branches ] 551 TOTAL ACTIONS (18.3496162642/s)
None
None
None
[0.0, array([ 0.], dtype=float32)]
None
[nan, array([ nan], dtype=float32)]
None
None
None
None
[nan, array([ 0.], dtype=float32)]
None
None
None
None
None
None
None
None
None
None
None
None
None
None
None
Tensor("Sum_42:0", shape=(), dtype=float32)
None
None
None
None
None
None
None
None
None
None
Tensor("add_20:0", shape=(1,), dtype=float32)
Tensor("add_21:0", shape=(), dtype=float32)
STOPPING TEST DUE TO TIMEOUT, TERMINATED AT LENGTH 94
STOPPING TESTING DUE TO TIMEOUT
1.76653048873 PERCENT COVERED
81.2531688213 TOTAL RUNTIME
10 EXECUTED
994 TOTAL TEST OPERATIONS
57.6423914433 TIME SPENT EXECUTING TEST OPERATIONS
2.19511294365 TIME SPENT EVALUATING GUARDS AND CHOOSING ACTIONS
0.00156593322754 TIME SPENT CHECKING PROPERTIES
57.6439573765 TOTAL TIME SPENT RUNNING SUT
0.169548749924 TIME SPENT RESTARTING
0.0 TIME SPENT REDUCING TEST CASES
0 FAILED
0 REPEATS OF FAILURES
0 ACTUAL DISTINCT FAILURES

2858 BRANCHES COVERED
2203 STATEMENTS COVERED
