2017-12-28 23:12:31.147551: I tensorflow/core/platform/cpu_feature_guard.cc:137] Your CPU supports instructions that this TensorFlow binary was not compiled to use: SSE4.2 AVX AVX2 FMA
Random testing using config=Config(noExceptionMatch=False, generalize=False, localize=False, speed='FAST', probs='locsample.probs', LOCBaseline=0.2, noAlphaConvert=False, replayable=False, essentials=False, noCoverageExploit=False, quickTests=False, html=None, keepLast=False, stopWhenNoCoverage=None, generateLOC=None, computeFeatureStats=False, Pmutate=0.0, timeout=60, output='failure.62762.test', markov=None, noSwarmDependencies=False, startExploit=0.0, maxMustHitBranch=None, useHints=False, silentFail=False, highLowSwarm=None, maxMustHitStatement=None, progress=False, postCover=False, swarmLength=None, noCover=False, noEnumerateEnabled=False, full=True, swarmP=0.5, coverFile='coverage.out', markovP=1.0, swarmProbs=None, genDepth=None, exploitCeiling=0.1, logging=None, noCheck=False, throughput=False, uncaught=False, swarmSwitch=None, verbose=False, reducePool=False, exploit=None, fastQuickAnalysis=False, total=False, verboseExploit=False, swarm=True, sequenceP=1.0, biasLOC=None, timedProgress=30, relax=False, ddmin=False, stutter=None, readQuick=False, verboseActions=False, quickAnalysis=False, noReassign=False, sequenceSize=3, LOCProbs=False, sequencesFromTests=None, maxTests=-1, trackMaxCoverage=None, useQuickSequences=False, exploitBestHint=1, failedLogging=None, stopWhenStatements=None, greedyStutter=False, seed=None, stopWhenHitStatement=None, uniqueValuesAnalysis=False, normalize=False, startExploitStall=0, enumerateEnabled=False, internal=False, profile=False, multiple=True, stopWhenBranches=None, running=False, compareFails=False, Pcrossover=0.2, stopWhenHitBranch=None, depth=100, showActions=False)
None
None
None
None
None
None
None
None
None
None
None
None
None
None
Tensor("mul_5:0", shape=(), dtype=float32)
None
None
None
Tensor("add_2:0", shape=(), dtype=float32)
None
None
None
Tensor("sub_16:0", shape=(), dtype=float32)
None
Tensor("add_7:0", shape=(), dtype=float32)
Tensor("mul_26:0", shape=(), dtype=float32)
None
Tensor("Sub_14:0", shape=(), dtype=float32)
None
None
TEST #6 STEP #4 (0:00:30.057733) Thu Dec 28 23:12:56 2017 [ 2292 stmts 2969 branches ] 504 TOTAL ACTIONS (16.7677315855/s)
None
None
None
None
None
None
None
None
None
[0.0, 0.0]
[0.0, 0.0]
[0.0, 0.0]
[0.0, -1.0]
[0.0, 0.0]
None
None
None
None
None
None
None
None
None
None
None
None
None
None
None
None
None
None
None
None
None
None
None
STOPPING TEST DUE TO TIMEOUT, TERMINATED AT LENGTH 46
STOPPING TESTING DUE TO TIMEOUT
1.87749029102 PERCENT COVERED
81.9141740799 TOTAL RUNTIME
10 EXECUTED
946 TOTAL TEST OPERATIONS
58.0068249702 TIME SPENT EXECUTING TEST OPERATIONS
1.78868365288 TIME SPENT EVALUATING GUARDS AND CHOOSING ACTIONS
0.00160503387451 TIME SPENT CHECKING PROPERTIES
58.0084300041 TOTAL TIME SPENT RUNNING SUT
0.171465873718 TIME SPENT RESTARTING
0.0 TIME SPENT REDUCING TEST CASES
0 FAILED
0 REPEATS OF FAILURES
0 ACTUAL DISTINCT FAILURES

3036 BRANCHES COVERED
2344 STATEMENTS COVERED
