2017-12-28 21:08:07.506800: I tensorflow/core/platform/cpu_feature_guard.cc:137] Your CPU supports instructions that this TensorFlow binary was not compiled to use: SSE4.2 AVX AVX2 FMA
Random testing using config=Config(noExceptionMatch=False, generalize=False, localize=False, speed='FAST', probs='locsample.probs', LOCBaseline=0.2, noAlphaConvert=False, replayable=False, essentials=False, noCoverageExploit=False, quickTests=False, html=None, keepLast=False, stopWhenNoCoverage=None, generateLOC=None, computeFeatureStats=False, Pmutate=0.0, timeout=60, output='failure.59096.test', markov=None, noSwarmDependencies=False, startExploit=0.0, maxMustHitBranch=None, useHints=False, silentFail=False, highLowSwarm=None, maxMustHitStatement=None, progress=False, postCover=False, swarmLength=None, noCover=False, noEnumerateEnabled=False, full=True, swarmP=0.5, coverFile='coverage.out', markovP=1.0, swarmProbs=None, genDepth=None, exploitCeiling=0.1, logging=None, noCheck=False, throughput=False, uncaught=False, swarmSwitch=None, verbose=False, reducePool=False, exploit=None, fastQuickAnalysis=False, total=False, verboseExploit=False, swarm=True, sequenceP=1.0, biasLOC=None, timedProgress=30, relax=False, ddmin=False, stutter=None, readQuick=False, verboseActions=False, quickAnalysis=False, noReassign=False, sequenceSize=3, LOCProbs=False, sequencesFromTests=None, maxTests=-1, trackMaxCoverage=None, useQuickSequences=False, exploitBestHint=1, failedLogging=None, stopWhenStatements=None, greedyStutter=False, seed=None, stopWhenHitStatement=None, uniqueValuesAnalysis=False, normalize=False, startExploitStall=0, enumerateEnabled=False, internal=False, profile=False, multiple=True, stopWhenBranches=None, running=False, compareFails=False, Pcrossover=0.2, stopWhenHitBranch=None, depth=100, showActions=False)
Tensor("Sub_14:0", dtype=float32)
[-1.0, -1.0]
Tensor("Sum_8:0", dtype=float32)
None
None
None
None
None
None
None
[array([ 0.], dtype=float32), array([ 0.], dtype=float32)]
Tensor("sub_9:0", shape=(1,), dtype=float32)
[array([ 256.], dtype=float32), -16.0]
name: "GradientDescent_2"
op: "NoOp"
input: "^GradientDescent_2/update_Variable_8/ApplyGradientDescent"

None
Tensor("Sum_20:0", shape=(), dtype=float32)
Tensor("Mul_3:0", shape=(1,), dtype=float32)
None
None
None
[array([ 0.], dtype=float32), array([ 0.], dtype=float32)]
None
[0.0, 0.0]
[0.0, nan]
[nan, nan]
[0.0, 0.0]
[nan, nan]
[nan, nan]
[nan, nan]
[nan, nan]
[nan, nan]
None
None
None
None
TEST #6 STEP #73 (0:00:30.042836) Thu Dec 28 21:08:35 2017 [ 2353 stmts 3029 branches ] 573 TOTAL ACTIONS (19.0727666635/s)
None
None
None
None
None
None
None
None
None
None
None
Tensor("Sum_36:0", shape=(), dtype=float32)
None
None
[array([ 0.], dtype=float32), array([ 0.], dtype=float32)]
None
[0.0, 0.0]
None
[-0.0, -0.0]
[-0.0, -0.0]
[-0.0, 0.0]
[0.0, 0.0]
None
None
[0.0, 0.0]
[0.0, -0.0]
Tensor("Add_22:0", shape=(), dtype=float32)
Tensor("Add_23:0", shape=(), dtype=float32)
None
None
None
None
None
None
None
None
None
None
Tensor("Square_30:0", shape=(1,), dtype=float32)
None
Tensor("truediv_33:0", shape=(1,), dtype=float32)
None
None
STOPPING TEST DUE TO TIMEOUT, TERMINATED AT LENGTH 27
STOPPING TESTING DUE TO TIMEOUT
1.87622938417 PERCENT COVERED
78.8490641117 TOTAL RUNTIME
12 EXECUTED
1127 TOTAL TEST OPERATIONS
58.5592155457 TIME SPENT EXECUTING TEST OPERATIONS
1.59056568146 TIME SPENT EVALUATING GUARDS AND CHOOSING ACTIONS
0.00161337852478 TIME SPENT CHECKING PROPERTIES
58.5608289242 TOTAL TIME SPENT RUNNING SUT
0.169183015823 TIME SPENT RESTARTING
0.0 TIME SPENT REDUCING TEST CASES
0 FAILED
0 REPEATS OF FAILURES
0 ACTUAL DISTINCT FAILURES

3032 BRANCHES COVERED
2354 STATEMENTS COVERED
