2017-12-29 01:11:06.540467: I tensorflow/core/platform/cpu_feature_guard.cc:137] Your CPU supports instructions that this TensorFlow binary was not compiled to use: SSE4.2 AVX AVX2 FMA
Random testing using config=Config(noExceptionMatch=False, generalize=False, localize=False, speed='FAST', probs=None, LOCBaseline=0.2, noAlphaConvert=False, replayable=False, essentials=False, noCoverageExploit=False, quickTests=False, html=None, keepLast=False, stopWhenNoCoverage=None, generateLOC=None, computeFeatureStats=False, Pmutate=0.0, timeout=60, output='failure.66287.test', markov=None, noSwarmDependencies=False, startExploit=0.0, maxMustHitBranch=None, useHints=False, silentFail=False, highLowSwarm=None, maxMustHitStatement=None, progress=False, postCover=False, swarmLength=None, noCover=False, noEnumerateEnabled=False, full=True, swarmP=0.5, coverFile='coverage.out', markovP=1.0, swarmProbs=None, genDepth=None, exploitCeiling=0.1, logging=None, noCheck=False, throughput=False, uncaught=False, swarmSwitch=None, verbose=False, reducePool=False, exploit=None, fastQuickAnalysis=False, total=False, verboseExploit=False, swarm=False, sequenceP=1.0, biasLOC=None, timedProgress=30, relax=False, ddmin=False, stutter=None, readQuick=False, verboseActions=False, quickAnalysis=False, noReassign=False, sequenceSize=3, LOCProbs=False, sequencesFromTests=None, maxTests=-1, trackMaxCoverage=None, useQuickSequences=False, exploitBestHint=1, failedLogging=None, stopWhenStatements=None, greedyStutter=False, seed=None, stopWhenHitStatement=None, uniqueValuesAnalysis=False, normalize=False, startExploitStall=0, enumerateEnabled=False, internal=False, profile=False, multiple=True, stopWhenBranches=None, running=False, compareFails=False, Pcrossover=0.2, stopWhenHitBranch=None, depth=100, showActions=False)
Tensor("Add_7:0", dtype=float32)
Tensor("t:0", dtype=float32)
Tensor("Sub_8:0", dtype=float32)
Tensor("truediv_8:0", dtype=float32)
Tensor("Mul_21:0", dtype=float32)
Tensor("Mul_23:0", dtype=float32)
Tensor("Add_37:0", dtype=float32)
Tensor("Add_47:0", dtype=float32)
Tensor("Add_50:0", dtype=float32)
Tensor("Mul_43:0", dtype=float32)
Tensor("Sum_9:0", dtype=float32)
Tensor("Mul_48:0", dtype=float32)
TEST #6 STEP #27 (0:00:30.018523) Fri Dec 29 01:11:25 2017 [ 2357 stmts 3029 branches ] (no cov+ for 2 tests) 527 TOTAL ACTIONS (17.5558271268/s)
Tensor("Sub_54:0", dtype=float32)
Tensor("add_5:0", dtype=float32)
Tensor("truediv_65:0", dtype=float32)
Tensor("truediv_66:0", dtype=float32)
Tensor("truediv_69:0", dtype=float32)
Tensor("Sub_75:0", dtype=float32)
Tensor("Mul_78:0", dtype=float32)
Tensor("truediv_75:0", dtype=float32)
Tensor("z:0", dtype=float32)
Tensor("v_3:0", dtype=float32)
Tensor("mul_11:0", dtype=float32)
Tensor("Mul_81:0", dtype=float32)
Tensor("add_13:0", dtype=float32)
Tensor("add_12:0", dtype=float32)
Tensor("mul_15:0", dtype=float32)
Tensor("mul_17:0", dtype=float32)
Tensor("Sub_103:0", dtype=float32)
STOPPING TEST DUE TO TIMEOUT, TERMINATED AT LENGTH 40
STOPPING TESTING DUE TO TIMEOUT
1.89514298684 PERCENT COVERED
81.3554449081 TOTAL RUNTIME
11 EXECUTED
1040 TOTAL TEST OPERATIONS
59.5722103119 TIME SPENT EXECUTING TEST OPERATIONS
0.304431438446 TIME SPENT EVALUATING GUARDS AND CHOOSING ACTIONS
0.00187063217163 TIME SPENT CHECKING PROPERTIES
59.5740809441 TOTAL TIME SPENT RUNNING SUT
0.168215990067 TIME SPENT RESTARTING
0.0 TIME SPENT REDUCING TEST CASES
0 FAILED
0 REPEATS OF FAILURES
0 ACTUAL DISTINCT FAILURES

3072 BRANCHES COVERED
2387 STATEMENTS COVERED
