2017-12-28 13:13:21.055984: I tensorflow/core/platform/cpu_feature_guard.cc:137] Your CPU supports instructions that this TensorFlow binary was not compiled to use: SSE4.2 AVX AVX2 FMA
Random testing using config=Config(noExceptionMatch=False, generalize=False, localize=False, speed='FAST', probs=None, LOCBaseline=0.2, noAlphaConvert=False, replayable=False, essentials=False, noCoverageExploit=False, quickTests=False, html=None, keepLast=False, stopWhenNoCoverage=None, generateLOC=None, computeFeatureStats=False, Pmutate=0.0, timeout=60, output='failure.44156.test', markov=None, noSwarmDependencies=False, startExploit=0.0, maxMustHitBranch=None, useHints=False, silentFail=False, highLowSwarm=None, maxMustHitStatement=None, progress=False, postCover=False, swarmLength=None, noCover=False, noEnumerateEnabled=False, full=True, swarmP=0.5, coverFile='coverage.out', markovP=1.0, swarmProbs=None, genDepth=None, exploitCeiling=0.1, logging=None, noCheck=False, throughput=False, uncaught=False, swarmSwitch=None, verbose=False, reducePool=False, exploit=None, fastQuickAnalysis=False, total=False, verboseExploit=False, swarm=False, sequenceP=1.0, biasLOC=None, timedProgress=30, relax=False, ddmin=False, stutter=None, readQuick=False, verboseActions=False, quickAnalysis=False, noReassign=False, sequenceSize=3, LOCProbs=False, sequencesFromTests=None, maxTests=-1, trackMaxCoverage=None, useQuickSequences=False, exploitBestHint=1, failedLogging=None, stopWhenStatements=None, greedyStutter=False, seed=None, stopWhenHitStatement=None, uniqueValuesAnalysis=False, normalize=False, startExploitStall=0, enumerateEnabled=False, internal=False, profile=False, multiple=True, stopWhenBranches=None, running=False, compareFails=False, Pcrossover=0.2, stopWhenHitBranch=None, depth=100, showActions=False)
Tensor("w:0", dtype=float32)
Tensor("Mul_4:0", dtype=float32)
Tensor("truediv_17:0", dtype=float32)
Tensor("Mul_9:0", dtype=float32)
Tensor("Add_35:0", dtype=float32)
Tensor("truediv_61:0", dtype=float32)
Tensor("Add_57:0", dtype=float32)
Tensor("Add_59:0", dtype=float32)
Tensor("Add_62:0", dtype=float32)
Tensor("Add_64:0", dtype=float32)
TEST #7 STEP #21 (0:00:30.020110) Thu Dec 28 13:13:46 2017 [ 2041 stmts 2623 branches ] (no cov+ for 1 tests) 621 TOTAL ACTIONS (20.6861334697/s)
Tensor("Mul_75:0", dtype=float32)
Tensor("Sub_87:0", dtype=float32)
Tensor("x:0", dtype=float32)
Tensor("Sub_96:0", dtype=float32)
Tensor("Mul_102:0", dtype=float32)
Tensor("truediv_96:0", dtype=float32)
Tensor("add_7:0", dtype=float32)
Tensor("Sub_112:0", dtype=float32)
Tensor("add_9:0", dtype=float32)
Tensor("truediv_110:0", dtype=float32)
Tensor("r_2:0", dtype=float32)
Tensor("Mul_124:0", dtype=float32)
Tensor("sub_7:0", dtype=float32)
Tensor("add_12:0", shape=(), dtype=float32)
Tensor("Sub_134:0", shape=(), dtype=float32)
Tensor("truediv_137:0", dtype=float32)
Tensor("Add_147:0", dtype=float32)
STOPPING TEST DUE TO TIMEOUT, TERMINATED AT LENGTH 39
STOPPING TESTING DUE TO TIMEOUT
1.64422252484 PERCENT COVERED
78.5321378708 TOTAL RUNTIME
13 EXECUTED
1239 TOTAL TEST OPERATIONS
59.5033252239 TIME SPENT EXECUTING TEST OPERATIONS
0.350666999817 TIME SPENT EVALUATING GUARDS AND CHOOSING ACTIONS
0.00180411338806 TIME SPENT CHECKING PROPERTIES
59.5051293373 TOTAL TIME SPENT RUNNING SUT
0.152592897415 TIME SPENT RESTARTING
0.0 TIME SPENT REDUCING TEST CASES
0 FAILED
0 REPEATS OF FAILURES
0 ACTUAL DISTINCT FAILURES

2646 BRANCHES COVERED
2057 STATEMENTS COVERED
