2017-12-29 00:21:21.395522: I tensorflow/core/platform/cpu_feature_guard.cc:137] Your CPU supports instructions that this TensorFlow binary was not compiled to use: SSE4.2 AVX AVX2 FMA
Random testing using config=Config(noExceptionMatch=False, generalize=False, localize=False, speed='FAST', probs=None, LOCBaseline=0.2, noAlphaConvert=False, replayable=False, essentials=False, noCoverageExploit=False, quickTests=False, html=None, keepLast=False, stopWhenNoCoverage=None, generateLOC=None, computeFeatureStats=False, Pmutate=0.0, timeout=60, output='failure.64779.test', markov=None, noSwarmDependencies=False, startExploit=0.0, maxMustHitBranch=None, useHints=False, silentFail=False, highLowSwarm=None, maxMustHitStatement=None, progress=False, postCover=False, swarmLength=None, noCover=False, noEnumerateEnabled=False, full=True, swarmP=0.5, coverFile='coverage.out', markovP=1.0, swarmProbs=None, genDepth=None, exploitCeiling=0.1, logging=None, noCheck=False, throughput=False, uncaught=False, swarmSwitch=None, verbose=False, reducePool=False, exploit=None, fastQuickAnalysis=False, total=False, verboseExploit=False, swarm=False, sequenceP=1.0, biasLOC=None, timedProgress=30, relax=False, ddmin=False, stutter=None, readQuick=False, verboseActions=False, quickAnalysis=False, noReassign=False, sequenceSize=3, LOCProbs=False, sequencesFromTests=None, maxTests=-1, trackMaxCoverage=None, useQuickSequences=False, exploitBestHint=1, failedLogging=None, stopWhenStatements=None, greedyStutter=False, seed=None, stopWhenHitStatement=None, uniqueValuesAnalysis=False, normalize=False, startExploitStall=0, enumerateEnabled=False, internal=False, profile=False, multiple=True, stopWhenBranches=None, running=False, compareFails=False, Pcrossover=0.2, stopWhenHitBranch=None, depth=100, showActions=False)
Tensor("s:0", dtype=float32)
Tensor("Sub_15:0", dtype=float32)
Tensor("Mul_18:0", dtype=float32)
Tensor("Sub_27:0", dtype=float32)
Tensor("Add_33:0", dtype=float32)
Tensor("Sub_35:0", dtype=float32)
Tensor("truediv_39:0", dtype=float32)
Tensor("Square_6:0", dtype=float32)
None
Tensor("Sub_55:0", dtype=float32)
Tensor("g_1:0", dtype=float32)
Tensor("Sub_68:0", dtype=float32)
TEST #6 STEP #25 (0:00:30.011934) Fri Dec 29 00:21:48 2017 [ 2077 stmts 2672 branches ] 525 TOTAL ACTIONS (17.4930412437/s)
Tensor("Sub_70:0", dtype=float32)
Tensor("Add_61:0", dtype=float32)
Tensor("truediv_75:0", dtype=float32)
Tensor("Add_74:0", dtype=float32)
Tensor("Sub_93:0", dtype=float32)
None
Tensor("truediv_93:0", dtype=float32)
Tensor("Square_28:0", dtype=float32)
Tensor("h:0", dtype=float32)
Tensor("Sub_125:0", dtype=float32)
Tensor("Sub_127:0", dtype=float32)
STOPPING TEST DUE TO TIMEOUT, TERMINATED AT LENGTH 38
STOPPING TESTING DUE TO TIMEOUT
1.66502748777 PERCENT COVERED
80.7980120182 TOTAL RUNTIME
11 EXECUTED
1038 TOTAL TEST OPERATIONS
59.5528695583 TIME SPENT EXECUTING TEST OPERATIONS
0.294300794601 TIME SPENT EVALUATING GUARDS AND CHOOSING ACTIONS
0.00180172920227 TIME SPENT CHECKING PROPERTIES
59.5546712875 TOTAL TIME SPENT RUNNING SUT
0.17326426506 TIME SPENT RESTARTING
0.0 TIME SPENT REDUCING TEST CASES
0 FAILED
0 REPEATS OF FAILURES
0 ACTUAL DISTINCT FAILURES

2686 BRANCHES COVERED
2085 STATEMENTS COVERED
