2017-12-28 18:53:13.989818: I tensorflow/core/platform/cpu_feature_guard.cc:137] Your CPU supports instructions that this TensorFlow binary was not compiled to use: SSE4.2 AVX AVX2 FMA
Random testing using config=Config(noExceptionMatch=False, generalize=False, localize=False, speed='FAST', probs=None, LOCBaseline=0.2, noAlphaConvert=False, replayable=False, essentials=False, noCoverageExploit=False, quickTests=False, html=None, keepLast=False, stopWhenNoCoverage=None, generateLOC=None, computeFeatureStats=False, Pmutate=0.0, timeout=60, output='failure.54395.test', markov=None, noSwarmDependencies=False, startExploit=0.0, maxMustHitBranch=None, useHints=False, silentFail=False, highLowSwarm=None, maxMustHitStatement=None, progress=False, postCover=False, swarmLength=None, noCover=False, noEnumerateEnabled=False, full=True, swarmP=0.5, coverFile='coverage.out', markovP=1.0, swarmProbs=None, genDepth=None, exploitCeiling=0.1, logging=None, noCheck=False, throughput=False, uncaught=False, swarmSwitch=None, verbose=False, reducePool=False, exploit=None, fastQuickAnalysis=False, total=False, verboseExploit=False, swarm=False, sequenceP=1.0, biasLOC=None, timedProgress=30, relax=False, ddmin=False, stutter=None, readQuick=False, verboseActions=False, quickAnalysis=False, noReassign=False, sequenceSize=3, LOCProbs=False, sequencesFromTests=None, maxTests=-1, trackMaxCoverage=None, useQuickSequences=False, exploitBestHint=1, failedLogging=None, stopWhenStatements=None, greedyStutter=False, seed=None, stopWhenHitStatement=None, uniqueValuesAnalysis=False, normalize=False, startExploitStall=0, enumerateEnabled=False, internal=False, profile=False, multiple=True, stopWhenBranches=None, running=False, compareFails=False, Pcrossover=0.2, stopWhenHitBranch=None, depth=100, showActions=False)
Tensor("Mul_6:0", dtype=float32)
Tensor("Square_3:0", dtype=float32)
Tensor("Sum_1:0", dtype=float32)
Tensor("Sub_9:0", dtype=float32)
Tensor("truediv_13:0", dtype=float32)
Tensor("h:0", dtype=float32)
Tensor("Sub_39:0", dtype=float32)
Tensor("Mul_40:0", dtype=float32)
Tensor("Mul_46:0", dtype=float32)
Tensor("Mul_55:0", dtype=float32)
Tensor("Add_44:0", dtype=float32)
TEST #6 STEP #69 (0:00:30.029210) Thu Dec 28 18:53:41 2017 [ 1542 stmts 1969 branches ] (no cov+ for 1 tests) 569 TOTAL ACTIONS (18.9482175122/s)
Tensor("Sub_82:0", dtype=float32)
Tensor("Mul_95:0", dtype=float32)
Tensor("Mul_111:0", dtype=float32)
Tensor("Mul_112:0", dtype=float32)
Tensor("Add_118:0", dtype=float32)
Tensor("Sub_123:0", dtype=float32)
Tensor("truediv_102:0", dtype=float32)
Tensor("truediv_109:0", dtype=float32)
Tensor("Add_141:0", dtype=float32)
Tensor("Add_144:0", dtype=float32)
Tensor("Add_151:0", dtype=float32)
Tensor("Mul_135:0", dtype=float32)
STOPPING TEST DUE TO TIMEOUT, TERMINATED AT LENGTH 45
STOPPING TESTING DUE TO TIMEOUT
1.65241841933 PERCENT COVERED
79.2617208958 TOTAL RUNTIME
12 EXECUTED
1145 TOTAL TEST OPERATIONS
59.5408127308 TIME SPENT EXECUTING TEST OPERATIONS
0.296067714691 TIME SPENT EVALUATING GUARDS AND CHOOSING ACTIONS
0.00190258026123 TIME SPENT CHECKING PROPERTIES
59.5427153111 TOTAL TIME SPENT RUNNING SUT
0.150537967682 TIME SPENT RESTARTING
0.0 TIME SPENT REDUCING TEST CASES
0 FAILED
0 REPEATS OF FAILURES
0 ACTUAL DISTINCT FAILURES

2660 BRANCHES COVERED
2066 STATEMENTS COVERED
