Random testing using config=Config(noExceptionMatch=False, generalize=False, localize=False, speed='FAST', probs=None, LOCBaseline=0.2, noAlphaConvert=False, replayable=False, essentials=False, noCoverageExploit=False, quickTests=False, html=None, keepLast=False, stopWhenNoCoverage=None, generateLOC=None, computeFeatureStats=False, Pmutate=0.0, timeout=60, output='failure.67546.test', markov=None, noSwarmDependencies=False, startExploit=0.0, maxMustHitBranch=None, useHints=False, silentFail=False, highLowSwarm=None, maxMustHitStatement=None, progress=False, postCover=False, swarmLength=None, noCover=False, noEnumerateEnabled=False, full=True, swarmP=0.5, coverFile='coverage.out', markovP=1.0, swarmProbs=None, genDepth=None, exploitCeiling=0.1, logging=None, noCheck=False, throughput=False, uncaught=False, swarmSwitch=None, verbose=False, reducePool=False, exploit=None, fastQuickAnalysis=False, total=False, verboseExploit=False, swarm=False, sequenceP=1.0, biasLOC=None, timedProgress=30, relax=False, ddmin=False, stutter=None, readQuick=False, verboseActions=False, quickAnalysis=False, noReassign=False, sequenceSize=3, LOCProbs=False, sequencesFromTests=None, maxTests=-1, trackMaxCoverage=None, useQuickSequences=False, exploitBestHint=1, failedLogging=None, stopWhenStatements=None, greedyStutter=False, seed=None, stopWhenHitStatement=None, uniqueValuesAnalysis=False, normalize=False, startExploitStall=0, enumerateEnabled=False, internal=False, profile=False, multiple=True, stopWhenBranches=None, running=False, compareFails=False, Pcrossover=0.2, stopWhenHitBranch=None, depth=100, showActions=False)
Tensor("Mul_5:0", dtype=float32)
Tensor("Square_2:0", dtype=float32)
Tensor("Mul_22:0", dtype=float32)
Tensor("i:0", dtype=float32)
Tensor("Sub_32:0", dtype=float32)
Tensor("c:0", dtype=float32)
Tensor("mul_5:0", dtype=float32)
Tensor("sub_3:0", dtype=float32)
Tensor("Add_37:0", dtype=float32)
Tensor("truediv_39:0", dtype=float32)
Tensor("add_5:0", dtype=float32)
Tensor("Add_40:0", dtype=float32)
Tensor("sub_7:0", dtype=float32)
Tensor("Mul_41:0", dtype=float32)
Tensor("truediv_44:0", dtype=float32)
TEST #6 STEP #0 (0:00:30.047842) Fri Dec 29 01:53:07 2017 [ 1894 stmts 2426 branches ] 500 TOTAL ACTIONS (16.6401300823/s)
2017-12-29 01:53:32.369123: I tensorflow/core/platform/cpu_feature_guard.cc:137] Your CPU supports instructions that this TensorFlow binary was not compiled to use: SSE4.2 AVX AVX2 FMA
Tensor("Add_47:0", dtype=float32)
Tensor("Sub_73:0", dtype=float32)
Tensor("q:0", dtype=float32)
Tensor("truediv_82:0", dtype=float32)
Tensor("Sum_22:0", dtype=float32)
Tensor("truediv_80:0", dtype=float32)
Tensor("Add_85:0", dtype=float32)
Tensor("truediv_95:0", dtype=float32)
Tensor("Sum_25:0", dtype=float32)
Tensor("Add_87:0", dtype=float32)
Tensor("Mul_83:0", dtype=float32)
STOPPING TEST DUE TO TIMEOUT, TERMINATED AT LENGTH 90
STOPPING TESTING DUE TO TIMEOUT
1.82705401725 PERCENT COVERED
82.5366430283 TOTAL RUNTIME
10 EXECUTED
990 TOTAL TEST OPERATIONS
59.5055468082 TIME SPENT EXECUTING TEST OPERATIONS
0.352063894272 TIME SPENT EVALUATING GUARDS AND CHOOSING ACTIONS
0.00172162055969 TIME SPENT CHECKING PROPERTIES
59.5072684288 TOTAL TIME SPENT RUNNING SUT
0.170290470123 TIME SPENT RESTARTING
0.0 TIME SPENT REDUCING TEST CASES
0 FAILED
0 REPEATS OF FAILURES
0 ACTUAL DISTINCT FAILURES

2958 BRANCHES COVERED
2306 STATEMENTS COVERED
