2017-12-28 15:47:18.209521: I tensorflow/core/platform/cpu_feature_guard.cc:137] Your CPU supports instructions that this TensorFlow binary was not compiled to use: SSE4.2 AVX AVX2 FMA
Random testing using config=Config(noExceptionMatch=False, generalize=False, localize=False, speed='FAST', probs=None, LOCBaseline=0.2, noAlphaConvert=False, replayable=False, essentials=False, noCoverageExploit=False, quickTests=False, html=None, keepLast=False, stopWhenNoCoverage=None, generateLOC=None, computeFeatureStats=False, Pmutate=0.0, timeout=60, output='failure.48685.test', markov=None, noSwarmDependencies=False, startExploit=0.0, maxMustHitBranch=None, useHints=False, silentFail=False, highLowSwarm=None, maxMustHitStatement=None, progress=False, postCover=False, swarmLength=None, noCover=False, noEnumerateEnabled=False, full=True, swarmP=0.5, coverFile='coverage.out', markovP=1.0, swarmProbs=None, genDepth=None, exploitCeiling=0.1, logging=None, noCheck=False, throughput=False, uncaught=False, swarmSwitch=None, verbose=False, reducePool=False, exploit=None, fastQuickAnalysis=False, total=False, verboseExploit=False, swarm=False, sequenceP=1.0, biasLOC=None, timedProgress=30, relax=False, ddmin=False, stutter=None, readQuick=False, verboseActions=False, quickAnalysis=False, noReassign=False, sequenceSize=3, LOCProbs=False, sequencesFromTests=None, maxTests=-1, trackMaxCoverage=None, useQuickSequences=False, exploitBestHint=1, failedLogging=None, stopWhenStatements=None, greedyStutter=False, seed=None, stopWhenHitStatement=None, uniqueValuesAnalysis=False, normalize=False, startExploitStall=0, enumerateEnabled=False, internal=False, profile=False, multiple=True, stopWhenBranches=None, running=False, compareFails=False, Pcrossover=0.2, stopWhenHitBranch=None, depth=100, showActions=False)
Tensor("sub:0", dtype=float32)
Tensor("Add_7:0", dtype=float32)
Tensor("truediv_5:0", dtype=float32)
Tensor("Const_1:0", shape=(), dtype=float32)
Tensor("Mul_8:0", dtype=float32)
Tensor("truediv_6:0", dtype=float32)
Tensor("Const_3:0", shape=(), dtype=float32)
Tensor("add_9:0", shape=(), dtype=float32)
Tensor("Square_2:0", shape=(), dtype=float32)
Tensor("truediv_18:0", dtype=float32)
Tensor("Sub_20:0", dtype=float32)
Tensor("mul_6:0", dtype=float32)
Tensor("Add_21:0", dtype=float32)
<tf.Variable 'Variable_2:0' shape=(1,) dtype=float32_ref>
Tensor("Square_6:0", dtype=float32)
Tensor("Mul_47:0", dtype=float32)
Tensor("Add_39:0", dtype=float32)
Tensor("Add_41:0", dtype=float32)
Tensor("Add_53:0", dtype=float32)
Tensor("Mul_69:0", dtype=float32)
Tensor("truediv_52:0", dtype=float32)
TEST #6 STEP #51 (0:00:30.022918) Thu Dec 28 15:47:37 2017 [ 2390 stmts 3078 branches ] 551 TOTAL ACTIONS (18.3526464769/s)
Tensor("add_16:0", dtype=float32)
Tensor("truediv_75:0", dtype=float32)
Tensor("truediv_76:0", dtype=float32)
Tensor("Sub_80:0", dtype=float32)
Tensor("Mul_99:0", dtype=float32)
Tensor("Mul_101:0", dtype=float32)
Tensor("truediv_87:0", dtype=float32)
Tensor("Mul_102:0", dtype=float32)
Tensor("n_1:0", dtype=float32)
Tensor("Add_96:0", dtype=float32)
Tensor("Mul_131:0", dtype=float32)
Tensor("Sub_101:0", dtype=float32)
Tensor("Mul_147:0", dtype=float32)
Tensor("f_1:0", dtype=float32)
STOPPING TEST DUE TO TIMEOUT, TERMINATED AT LENGTH 15
STOPPING TESTING DUE TO TIMEOUT
1.89451253341 PERCENT COVERED
79.8497011662 TOTAL RUNTIME
12 EXECUTED
1115 TOTAL TEST OPERATIONS
59.4682588577 TIME SPENT EXECUTING TEST OPERATIONS
0.375807523727 TIME SPENT EVALUATING GUARDS AND CHOOSING ACTIONS
0.00194501876831 TIME SPENT CHECKING PROPERTIES
59.4702038765 TOTAL TIME SPENT RUNNING SUT
0.163515329361 TIME SPENT RESTARTING
0.0 TIME SPENT REDUCING TEST CASES
0 FAILED
0 REPEATS OF FAILURES
0 ACTUAL DISTINCT FAILURES

3081 BRANCHES COVERED
2390 STATEMENTS COVERED
