2017-12-28 19:33:30.396297: I tensorflow/core/platform/cpu_feature_guard.cc:137] Your CPU supports instructions that this TensorFlow binary was not compiled to use: SSE4.2 AVX AVX2 FMA
Random testing using config=Config(noExceptionMatch=False, generalize=False, localize=False, speed='FAST', probs=None, LOCBaseline=0.2, noAlphaConvert=False, replayable=False, essentials=False, noCoverageExploit=False, quickTests=False, html=None, keepLast=False, stopWhenNoCoverage=None, generateLOC=None, computeFeatureStats=False, Pmutate=0.0, timeout=60, output='failure.55498.test', markov=None, noSwarmDependencies=False, startExploit=0.0, maxMustHitBranch=None, useHints=False, silentFail=False, highLowSwarm=None, maxMustHitStatement=None, progress=False, postCover=False, swarmLength=None, noCover=False, noEnumerateEnabled=False, full=True, swarmP=0.5, coverFile='coverage.out', markovP=1.0, swarmProbs=None, genDepth=None, exploitCeiling=0.1, logging=None, noCheck=False, throughput=False, uncaught=False, swarmSwitch=None, verbose=False, reducePool=False, exploit=None, fastQuickAnalysis=False, total=False, verboseExploit=False, swarm=False, sequenceP=1.0, biasLOC=None, timedProgress=30, relax=False, ddmin=False, stutter=None, readQuick=False, verboseActions=False, quickAnalysis=False, noReassign=False, sequenceSize=3, LOCProbs=False, sequencesFromTests=None, maxTests=-1, trackMaxCoverage=None, useQuickSequences=False, exploitBestHint=1, failedLogging=None, stopWhenStatements=None, greedyStutter=False, seed=None, stopWhenHitStatement=None, uniqueValuesAnalysis=False, normalize=False, startExploitStall=0, enumerateEnabled=False, internal=False, profile=False, multiple=True, stopWhenBranches=None, running=False, compareFails=False, Pcrossover=0.2, stopWhenHitBranch=None, depth=100, showActions=False)
Tensor("Add_3:0", dtype=float32)
Tensor("Mul_11:0", dtype=float32)
Tensor("Mul_14:0", dtype=float32)
Tensor("truediv_11:0", dtype=float32)
Tensor("Square_4:0", dtype=float32)
Tensor("Sub_24:0", dtype=float32)
Tensor("sub_2:0", dtype=float32)
Tensor("Sub_26:0", dtype=float32)
Tensor("Square_9:0", dtype=float32)
Tensor("Add_21:0", dtype=float32)
Tensor("Mul_41:0", dtype=float32)
TEST #7 STEP #5 (0:00:30.011650) Thu Dec 28 19:33:59 2017 [ 2143 stmts 2739 branches ] 605 TOTAL ACTIONS (20.1588384205/s)
Tensor("Add_55:0", dtype=float32)
None
Tensor("truediv_70:0", dtype=float32)
Tensor("Sum_22:0", dtype=float32)
Tensor("Mul_72:0", dtype=float32)
Tensor("Add_75:0", dtype=float32)
Tensor("Sub_76:0", dtype=float32)
Tensor("add_13:0", dtype=float32)
Tensor("add_11:0", dtype=float32)
Tensor("Sum_25:0", dtype=float32)
Tensor("sub_7:0", dtype=float32)
Tensor("b:0", dtype=float32)
Tensor("Mul_95:0", dtype=float32)
Tensor("Sub_87:0", dtype=float32)
Tensor("truediv_89:0", dtype=float32)
Tensor("truediv_90:0", dtype=float32)
Tensor("Mul_117:0", dtype=float32)
STOPPING TEST DUE TO TIMEOUT, TERMINATED AT LENGTH 81
STOPPING TESTING DUE TO TIMEOUT
1.90586069501 PERCENT COVERED
78.8978078365 TOTAL RUNTIME
12 EXECUTED
1181 TOTAL TEST OPERATIONS
59.4974980354 TIME SPENT EXECUTING TEST OPERATIONS
0.321984291077 TIME SPENT EVALUATING GUARDS AND CHOOSING ACTIONS
0.00183892250061 TIME SPENT CHECKING PROPERTIES
59.4993369579 TOTAL TIME SPENT RUNNING SUT
0.157543420792 TIME SPENT RESTARTING
0.0 TIME SPENT REDUCING TEST CASES
0 FAILED
0 REPEATS OF FAILURES
0 ACTUAL DISTINCT FAILURES

3090 BRANCHES COVERED
2403 STATEMENTS COVERED
