2017-12-28 20:15:28.594482: I tensorflow/core/platform/cpu_feature_guard.cc:137] Your CPU supports instructions that this TensorFlow binary was not compiled to use: SSE4.2 AVX AVX2 FMA
Random testing using config=Config(noExceptionMatch=False, generalize=False, localize=False, speed='FAST', probs=None, LOCBaseline=0.2, noAlphaConvert=False, replayable=False, essentials=False, noCoverageExploit=False, quickTests=False, html=None, keepLast=False, stopWhenNoCoverage=None, generateLOC=None, computeFeatureStats=False, Pmutate=0.0, timeout=60, output='failure.57550.test', markov=None, noSwarmDependencies=False, startExploit=0.0, maxMustHitBranch=None, useHints=False, silentFail=False, highLowSwarm=None, maxMustHitStatement=None, progress=False, postCover=False, swarmLength=None, noCover=False, noEnumerateEnabled=False, full=True, swarmP=0.5, coverFile='coverage.out', markovP=1.0, swarmProbs=None, genDepth=None, exploitCeiling=0.1, logging=None, noCheck=False, throughput=False, uncaught=False, swarmSwitch=None, verbose=False, reducePool=False, exploit=None, fastQuickAnalysis=False, total=False, verboseExploit=False, swarm=True, sequenceP=1.0, biasLOC=None, timedProgress=30, relax=False, ddmin=False, stutter=None, readQuick=False, verboseActions=False, quickAnalysis=False, noReassign=False, sequenceSize=3, LOCProbs=False, sequencesFromTests=None, maxTests=-1, trackMaxCoverage=None, useQuickSequences=False, exploitBestHint=1, failedLogging=None, stopWhenStatements=None, greedyStutter=False, seed=None, stopWhenHitStatement=None, uniqueValuesAnalysis=False, normalize=False, startExploitStall=0, enumerateEnabled=False, internal=False, profile=False, multiple=True, stopWhenBranches=None, running=False, compareFails=False, Pcrossover=0.2, stopWhenHitBranch=None, depth=100, showActions=False)
None
None
Tensor("b:0", dtype=float32)
Tensor("add_34:0", dtype=float32)
Tensor("Mul_22:0", dtype=float32)
Tensor("Mul_24:0", dtype=float32)
Tensor("Const_2:0", shape=(), dtype=float32)
Tensor("Mul_25:0", dtype=float32)
TEST #7 STEP #18 (0:00:30.024338) Thu Dec 28 20:15:58 2017 [ 1636 stmts 2105 branches ] 618 TOTAL ACTIONS (20.5833014489/s)
Tensor("d_2:0", dtype=float32)
Tensor("add_37:0", shape=(), dtype=float32)
STOPPING TEST DUE TO TIMEOUT, TERMINATED AT LENGTH 9
STOPPING TESTING DUE TO TIMEOUT
1.73626872447 PERCENT COVERED
80.0347371101 TOTAL RUNTIME
13 EXECUTED
1209 TOTAL TEST OPERATIONS
59.6278707981 TIME SPENT EXECUTING TEST OPERATIONS
0.209225177765 TIME SPENT EVALUATING GUARDS AND CHOOSING ACTIONS
0.00179505348206 TIME SPENT CHECKING PROPERTIES
59.6296658516 TOTAL TIME SPENT RUNNING SUT
0.151587963104 TIME SPENT RESTARTING
0.0 TIME SPENT REDUCING TEST CASES
0 FAILED
0 REPEATS OF FAILURES
0 ACTUAL DISTINCT FAILURES

2799 BRANCHES COVERED
2160 STATEMENTS COVERED
