2017-12-28 23:24:52.426998: I tensorflow/core/platform/cpu_feature_guard.cc:137] Your CPU supports instructions that this TensorFlow binary was not compiled to use: SSE4.2 AVX AVX2 FMA
Random testing using config=Config(noExceptionMatch=False, generalize=False, localize=False, speed='FAST', probs=None, LOCBaseline=0.2, noAlphaConvert=False, replayable=False, essentials=False, noCoverageExploit=False, quickTests=False, html=None, keepLast=False, stopWhenNoCoverage=None, generateLOC=None, computeFeatureStats=False, Pmutate=0.0, timeout=60, output='failure.63097.test', markov=None, noSwarmDependencies=False, startExploit=0.0, maxMustHitBranch=None, useHints=False, silentFail=False, highLowSwarm=None, maxMustHitStatement=None, progress=False, postCover=False, swarmLength=None, noCover=False, noEnumerateEnabled=False, full=True, swarmP=0.5, coverFile='coverage.out', markovP=1.0, swarmProbs=None, genDepth=None, exploitCeiling=0.1, logging=None, noCheck=False, throughput=False, uncaught=False, swarmSwitch=None, verbose=False, reducePool=False, exploit=None, fastQuickAnalysis=False, total=False, verboseExploit=False, swarm=True, sequenceP=1.0, biasLOC=None, timedProgress=30, relax=False, ddmin=False, stutter=None, readQuick=False, verboseActions=False, quickAnalysis=False, noReassign=False, sequenceSize=3, LOCProbs=False, sequencesFromTests=None, maxTests=-1, trackMaxCoverage=None, useQuickSequences=False, exploitBestHint=1, failedLogging=None, stopWhenStatements=None, greedyStutter=False, seed=None, stopWhenHitStatement=None, uniqueValuesAnalysis=False, normalize=False, startExploitStall=0, enumerateEnabled=False, internal=False, profile=False, multiple=True, stopWhenBranches=None, running=False, compareFails=False, Pcrossover=0.2, stopWhenHitBranch=None, depth=100, showActions=False)
Tensor("truediv_1:0", dtype=float32)
Tensor("truediv_10:0", dtype=float32)
Tensor("mul_4:0", dtype=float32)
None
Tensor("truediv_45:0", shape=(1,), dtype=float32)
Tensor("mul_19:0", shape=(1,), dtype=float32)
Tensor("Mul_29:0", dtype=float32)
Tensor("Mul_38:0", dtype=float32)
TEST #6 STEP #50 (0:00:30.048029) Thu Dec 28 23:25:19 2017 [ 2008 stmts 2597 branches ] 550 TOTAL ACTIONS (18.3040292257/s)
[-0.0, -0.0]
[0.0, 0.0]
None
[0.0, 0.0]
[0.0, -0.0]
Tensor("Add_17:0", dtype=float32)
Tensor("truediv_87:0", dtype=float32)
Tensor("Add_28:0", dtype=float32)
Tensor("sub_16:0", dtype=float32)
Tensor("n:0", dtype=float32)
[0.0, 0.0]
[0.0, 0.0]
[0.0, 0.0]
[0.0, 0.0]
Tensor("add_23:0", shape=(1,), dtype=float32)
Tensor("truediv_99:0", shape=(1,), dtype=float32)
name: "GradientDescent"
op: "NoOp"
input: "^GradientDescent/update_Variable_4/ApplyGradientDescent"
input: "^GradientDescent/update_Variable_5/ApplyGradientDescent"

Tensor("mul_45:0", shape=(1,), dtype=float32)
STOPPING TEST DUE TO TIMEOUT, TERMINATED AT LENGTH 25
STOPPING TESTING DUE TO TIMEOUT
1.83777172542 PERCENT COVERED
80.4146559238 TOTAL RUNTIME
11 EXECUTED
1025 TOTAL TEST OPERATIONS
59.6576118469 TIME SPENT EXECUTING TEST OPERATIONS
0.156141281128 TIME SPENT EVALUATING GUARDS AND CHOOSING ACTIONS
0.00172114372253 TIME SPENT CHECKING PROPERTIES
59.6593329906 TOTAL TIME SPENT RUNNING SUT
0.191450119019 TIME SPENT RESTARTING
0.0 TIME SPENT REDUCING TEST CASES
0 FAILED
0 REPEATS OF FAILURES
0 ACTUAL DISTINCT FAILURES

2978 BRANCHES COVERED
2299 STATEMENTS COVERED
