2017-12-28 17:33:29.629987: I tensorflow/core/platform/cpu_feature_guard.cc:137] Your CPU supports instructions that this TensorFlow binary was not compiled to use: SSE4.2 AVX AVX2 FMA
Random testing using config=Config(noExceptionMatch=False, generalize=False, localize=False, speed='FAST', probs=None, LOCBaseline=0.2, noAlphaConvert=False, replayable=False, essentials=False, noCoverageExploit=False, quickTests=False, html=None, keepLast=False, stopWhenNoCoverage=None, generateLOC=None, computeFeatureStats=False, Pmutate=0.0, timeout=60, output='failure.51965.test', markov=None, noSwarmDependencies=False, startExploit=0.0, maxMustHitBranch=None, useHints=False, silentFail=False, highLowSwarm=None, maxMustHitStatement=None, progress=False, postCover=False, swarmLength=None, noCover=False, noEnumerateEnabled=False, full=True, swarmP=0.5, coverFile='coverage.out', markovP=1.0, swarmProbs=None, genDepth=None, exploitCeiling=0.1, logging=None, noCheck=False, throughput=False, uncaught=False, swarmSwitch=None, verbose=False, reducePool=False, exploit=None, fastQuickAnalysis=False, total=False, verboseExploit=False, swarm=True, sequenceP=1.0, biasLOC=None, timedProgress=30, relax=False, ddmin=False, stutter=None, readQuick=False, verboseActions=False, quickAnalysis=False, noReassign=False, sequenceSize=3, LOCProbs=False, sequencesFromTests=None, maxTests=-1, trackMaxCoverage=None, useQuickSequences=False, exploitBestHint=1, failedLogging=None, stopWhenStatements=None, greedyStutter=False, seed=None, stopWhenHitStatement=None, uniqueValuesAnalysis=False, normalize=False, startExploitStall=0, enumerateEnabled=False, internal=False, profile=False, multiple=True, stopWhenBranches=None, running=False, compareFails=False, Pcrossover=0.2, stopWhenHitBranch=None, depth=100, showActions=False)
Tensor("k:0", dtype=float32)
Tensor("Mul:0", dtype=float32)
Tensor("Add_17:0", dtype=float32)
Tensor("Mul_6:0", dtype=float32)
Tensor("t:0", dtype=float32)
Tensor("Add_28:0", dtype=float32)
Tensor("Mul_14:0", dtype=float32)
None
None
TEST #6 STEP #96 (0:00:30.039170) Thu Dec 28 17:33:59 2017 [ 2023 stmts 2612 branches ] 596 TOTAL ACTIONS (19.8407612284/s)
name: "GradientDescent_2"
op: "NoOp"
input: "^GradientDescent_2/update_Variable_6/ApplyGradientDescent"
input: "^GradientDescent_2/update_Variable_7/ApplyGradientDescent"
input: "^GradientDescent_2/update_Variable_8/ApplyGradientDescent"
input: "^GradientDescent_2/update_Variable_9/ApplyGradientDescent"

Tensor("Sub_57:0", shape=(), dtype=float32)
Tensor("Square_7:0", shape=(), dtype=float32)
Tensor("sub_16:0", shape=(), dtype=float32)
Tensor("sub_23:0", dtype=float32)
Tensor("mul_39:0", dtype=float32)
Tensor("sub_28:0", dtype=float32)
Tensor("k_2:0", dtype=float32)
STOPPING TEST DUE TO TIMEOUT, TERMINATED AT LENGTH 40
STOPPING TESTING DUE TO TIMEOUT
1.85038079387 PERCENT COVERED
78.9179439545 TOTAL RUNTIME
12 EXECUTED
1140 TOTAL TEST OPERATIONS
59.6661131382 TIME SPENT EXECUTING TEST OPERATIONS
0.164835691452 TIME SPENT EVALUATING GUARDS AND CHOOSING ACTIONS
0.0017364025116 TIME SPENT CHECKING PROPERTIES
59.6678495407 TOTAL TIME SPENT RUNNING SUT
0.146974802017 TIME SPENT RESTARTING
0.0 TIME SPENT REDUCING TEST CASES
0 FAILED
0 REPEATS OF FAILURES
0 ACTUAL DISTINCT FAILURES

2999 BRANCHES COVERED
2313 STATEMENTS COVERED
