2017-12-28 15:16:11.779590: I tensorflow/core/platform/cpu_feature_guard.cc:137] Your CPU supports instructions that this TensorFlow binary was not compiled to use: SSE4.2 AVX AVX2 FMA
Random testing using config=Config(noExceptionMatch=False, generalize=False, localize=False, speed='FAST', probs=None, LOCBaseline=0.2, noAlphaConvert=False, replayable=False, essentials=False, noCoverageExploit=False, quickTests=False, html=None, keepLast=False, stopWhenNoCoverage=None, generateLOC=None, computeFeatureStats=False, Pmutate=0.0, timeout=60, output='failure.47626.test', markov=None, noSwarmDependencies=False, startExploit=0.0, maxMustHitBranch=None, useHints=False, silentFail=False, highLowSwarm=None, maxMustHitStatement=None, progress=False, postCover=False, swarmLength=None, noCover=False, noEnumerateEnabled=False, full=True, swarmP=0.5, coverFile='coverage.out', markovP=1.0, swarmProbs=None, genDepth=None, exploitCeiling=0.1, logging=None, noCheck=False, throughput=False, uncaught=False, swarmSwitch=None, verbose=False, reducePool=False, exploit=None, fastQuickAnalysis=False, total=False, verboseExploit=False, swarm=True, sequenceP=1.0, biasLOC=None, timedProgress=30, relax=False, ddmin=False, stutter=None, readQuick=False, verboseActions=False, quickAnalysis=False, noReassign=False, sequenceSize=3, LOCProbs=False, sequencesFromTests=None, maxTests=-1, trackMaxCoverage=None, useQuickSequences=False, exploitBestHint=1, failedLogging=None, stopWhenStatements=None, greedyStutter=False, seed=None, stopWhenHitStatement=None, uniqueValuesAnalysis=False, normalize=False, startExploitStall=0, enumerateEnabled=False, internal=False, profile=False, multiple=True, stopWhenBranches=None, running=False, compareFails=False, Pcrossover=0.2, stopWhenHitBranch=None, depth=100, showActions=False)
[0.0, 0.0]
[0.0, 0.0]
[0.0, 0.0]
[4.0, 4.0]
[0.0, 0.0]
Tensor("Const_2:0", shape=(), dtype=float32)
[0.0, 0.0]
Tensor("Mul:0", dtype=float32)
Tensor("Mul_18:0", dtype=float32)
Tensor("v_2:0", dtype=float32)
Tensor("p_1:0", dtype=float32)
Tensor("Add_12:0", dtype=float32)
Tensor("Sum_2:0", dtype=float32)
Tensor("r_1:0", dtype=float32)
Tensor("Sum_3:0", dtype=float32)
Tensor("Square_8:0", shape=(), dtype=float32)
TEST #7 STEP #34 (0:00:30.001896) Thu Dec 28 15:16:36 2017 [ 2410 stmts 3105 branches ] 634 TOTAL ACTIONS (21.1319976904/s)
Tensor("Square_11:0", shape=(1,), dtype=float32)
Tensor("Mul_76:0", dtype=float32)
Tensor("Sub_61:0", dtype=float32)
Tensor("Mul_78:0", dtype=float32)
Tensor("Sub_67:0", dtype=float32)
Tensor("add_17:0", dtype=float32)
[0.0, 0.0]
Tensor("Const_24:0", shape=(), dtype=float32)
None
None
None
None
None
None
None
None
None
None
None
None
None
None
None
None
None
None
None
None
None
None
None
None
None
None
STOPPING TEST DUE TO TIMEOUT, TERMINATED AT LENGTH 52
STOPPING TESTING DUE TO TIMEOUT
1.93170928532 PERCENT COVERED
77.2571351528 TOTAL RUNTIME
12 EXECUTED
1152 TOTAL TEST OPERATIONS
59.572807312 TIME SPENT EXECUTING TEST OPERATIONS
0.258360147476 TIME SPENT EVALUATING GUARDS AND CHOOSING ACTIONS
0.00166249275208 TIME SPENT CHECKING PROPERTIES
59.5744698048 TOTAL TIME SPENT RUNNING SUT
0.139950752258 TIME SPENT RESTARTING
0.0 TIME SPENT REDUCING TEST CASES
0 FAILED
0 REPEATS OF FAILURES
0 ACTUAL DISTINCT FAILURES

3132 BRANCHES COVERED
2428 STATEMENTS COVERED
